do run
loading script "jan_unknown120_60.py"
loading script "jan_pump_ms.py"
loading script "jan_co2.py"
loading script "jan_pump_extraction_line.py"
testing...
no interpolation path defined
executed snippet estimated_duration=213.652928, duration=0.000186920166016
script duration name:unknown120_60 seconds:214.0
loading script "jan_unknown120_60.py"
loading script "jan_pump_ms.py"
loading script "jan_co2.py"
loading script "jan_pump_extraction_line.py"
testing...
no interpolation path defined
executed snippet estimated_duration=0, duration=2.121925354e-05
loading script "jan_unknown120_60.py"
loading script "jan_pump_ms.py"
loading script "jan_co2.py"
loading script "jan_pump_extraction_line.py"
testing...
no interpolation path defined
calculate duration
testing...
no interpolation path defined
executed snippet estimated_duration=0, duration=4.38690185547e-05
calculate duration
testing...
no interpolation path defined
executed snippet estimated_duration=0, duration=7.08103179932e-05
executed snippet estimated_duration=0.0, duration=0.00151610374451
script duration name:co2 seconds:0.0
loading script "jan_unknown120_60.py"
loading script "jan_pump_ms.py"
loading script "jan_co2.py"
loading script "jan_pump_extraction_line.py"
testing...
no interpolation path defined
calculate duration
testing...
no interpolation path defined
executed snippet estimated_duration=4.0, duration=0.000295877456665
executed snippet estimated_duration=4.0, duration=0.00117492675781
Script duration 214.0
Run total estimated duration= 215.000
run duration: 0:03:35
doing event level: 2
15:27:52 -- Setting default integration. t=1.048576
setting integration time = 1.048576
SetIntegrationTime 1.048576 ===>> OK
----------------- start -----------------
**************** Experiment Type: Ar/Ar, Ar/Ar
create new session 4419362736
close session 4419362736
$$$$$ Clearing conditionals
adding conditionals 
Add queue conditionals
add default conditionals
adding default conditionals from /Users/jan/PychronDev/setupfiles/spectrometer/default_conditionals.yaml
Start automated run 25320-03
loading script "jan_unknown120_60.py"
loading script "jan_pump_ms.py"
loading script "jan_co2.py"
loading script "jan_pump_extraction_line.py"
%%%%%%%%%%%%%%%%%% setting automated run 25320-03
No value "sensitivity_multiplier" in metadata
$$$$$$$$$$$$$$$ auto_save_detector_ic=False
============================= Pre Extraction Check =============================
loading queue conditionals pre_run_terminations
loading system conditionals pre_run_terminations
loading conditionals from /Users/jan/PychronDev/setupfiles/spectrometer/default_conditionals.yaml
15:27:52 -- ******* Pre Extraction Check *******
Get a measurement from the spectrometer
GetData ===>> H2,-0.122569070716611,H1,0.0322217028368101,AX,-0.00933777546558917,L1,-0.0113339274930392,L2,0.0...
Pre Extraction Termination data. keys=H2,H1,AX,L1,L2,CDD, signals=-0.12257,0.03222,-0.00934,-0.01133,0.03123,0.00342
15:27:52 -- testing system defined conditionals
Checking default pre extraction terminations n=2
testing CDD
evaluate ot="CDD.inactive" t="CDD", ctx="{'CDD': False}"
GetDeflection CDD ===>> 50
testing CDD==2000
evaluate ot="CDD.deflection==2000" t="CDD==2000", ctx="{'CDD': 50.0}"
15:27:52 -- ******* Pre Extraction Check Passed *******
=================================================================================
15:27:52 -- stopping status monitor
stop 4976433200
Alive clients [4982646160]
15:27:52 -- starting status monitor
start 4976433200
Monitor already running
start extraction
do extraction
Analysis started at 15:27:52.191200
Extraction Started jan_co2.py
15:27:52 -- ******* Extraction Started jan_co2.py *******
state changed from not run to extraction
DO EXTRACTION <pychron.extraction_line.pyscript_runner.RemotePyScriptRunner object at 0x12b9a8890>
testing...
no interpolation path defined
calculate duration
testing...
no interpolation path defined
executed snippet estimated_duration=0, duration=4.41074371338e-05
calculate duration
testing...
no interpolation path defined
executed snippet estimated_duration=0, duration=8.51154327393e-05
executed snippet estimated_duration=100.0, duration=0.00234007835388
Jan CO2 laser analysis
doing GOSUB
testing...
no interpolation path defined
executed snippet estimated_duration=0, duration=4.91142272949e-05
Waiting for CO2 access
wait ('FelixCO2Flag', 0) {}
waiting for FelixCO2Flag = 0
Read FelixCO2Flag ===>> 0
finished waiting
CO2 free
wait ('CO2PumpTimeFlag', 0) {}
waiting for CO2PumpTimeFlag = 0
Read CO2PumpTimeFlag ===>> 0
finished waiting
acquire ('JanCO2Flag',) {'clear': True}
acquire JanCO2Flag
Set JanCO2Flag 1 ===>> OK
JanCO2Flag acquired
set extraction state False (0.75, 'red', 1.5)
CO2 acquired
executed snippet estimated_duration=0, duration=0.0139029026031
WaitForCO2Access.py completed successfully
gosub finished
doing GOSUB
testing...
no interpolation path defined
executed snippet estimated_duration=0, duration=0.000138998031616
Prepare for CO2 analysis
close () {'description': 'Jan Inlet'}
closing name=--- desc=Jan Inlet
checking ownership. requestor=129.138.12.150
check software interlocks R
interlocks []
actuate state mode=None-script, software_lock=False
doing actuation None-script close_channel False
Close R ===>> OK
GetIndicatorState R ===>> False
change switch state (True, True)
update switch state R False args=() kw={} ncanvase=2
15:27:52 -- CLOSE  VALVE-R (Jan Inlet)
---------------------------------------- close None (Jan Inlet) result=[(True, True)]
action=close, ok=True, locked=[False]
open () {'description': 'Jan Ion Pump'}
opening name=--- desc=Jan Ion Pump
checking ownership. requestor=129.138.12.150
check software interlocks O
interlocks []
actuate state mode=None-script, software_lock=False
doing actuation None-script open_channel False
Open O ===>> OK
GetIndicatorState O ===>> OK
change switch state (True, True)
update switch state O True args=() kw={} ncanvase=2
15:27:52 -- OPEN   VALVE-O (Jan Ion Pump)
---------------------------------------- open None (Jan Ion Pump) result=[(True, True)], time=0.09 sec
action=open, ok=True, locked=[False]
close () {'description': 'Microbone to Minibone'}
closing name=--- desc=Microbone to Minibone
checking ownership. requestor=129.138.12.150
check software interlocks L
interlocks []
actuate state mode=None-script, software_lock=False
doing actuation None-script close_channel False
Close L ===>> OK
GetIndicatorState L ===>> False
change switch state (True, True)
update switch state L False args=() kw={} ncanvase=2
15:27:53 -- CLOSE  VALVE-L (Microbone to Minibone)
---------------------------------------- close None (Microbone to Minibone) result=[(True, True)]
action=close, ok=True, locked=[False]
open () {'description': 'Microbone to Turbo'}
opening name=--- desc=Microbone to Turbo
checking ownership. requestor=129.138.12.150
check software interlocks U
interlocks []
actuate state mode=None-script, software_lock=False
doing actuation None-script open_channel False
Open U ===>> OK
GetIndicatorState U ===>> OK
change switch state (True, True)
update switch state U True args=() kw={} ncanvase=2
15:27:54 -- OPEN   VALVE-U (Microbone to Turbo)
---------------------------------------- open None (Microbone to Turbo) result=[(True, True)], time=0.12 sec
action=open, ok=True, locked=[False]
open () {'description': 'Microbone to Inlet Pipette'}
opening name=--- desc=Microbone to Inlet Pipette
checking ownership. requestor=129.138.12.150
check software interlocks S
interlocks []
actuate state mode=None-script, software_lock=False
doing actuation None-script open_channel False
Open S ===>> OK
GetIndicatorState S ===>> OK
change switch state (True, True)
update switch state S True args=() kw={} ncanvase=2
15:27:54 -- OPEN   VALVE-S (Microbone to Inlet Pipette)
---------------------------------------- open None (Microbone to Inlet Pipette) result=[(True, True)], time=0.39 sec
action=open, ok=True, locked=[False]
open () {'description': 'Microbone to Getter D-50'}
opening name=--- desc=Microbone to Getter D-50
checking ownership. requestor=129.138.12.150
check software interlocks K
interlocks []
actuate state mode=None-script, software_lock=False
doing actuation None-script open_channel False
Open K ===>> OK
GetIndicatorState K ===>> OK
change switch state (True, True)
update switch state K True args=() kw={} ncanvase=2
15:27:55 -- OPEN   VALVE-K (Microbone to Getter D-50)
---------------------------------------- open None (Microbone to Getter D-50) result=[(True, True)], time=0.42 sec
action=open, ok=True, locked=[False]
open () {'description': 'Microbone to Getter NP-10'}
opening name=--- desc=Microbone to Getter NP-10
checking ownership. requestor=129.138.12.150
check software interlocks M
interlocks []
actuate state mode=None-script, software_lock=False
doing actuation None-script open_channel False
Open M ===>> OK
GetIndicatorState M ===>> OK
change switch state (True, True)
update switch state M True args=() kw={} ncanvase=2
15:27:55 -- OPEN   VALVE-M (Microbone to Getter NP-10)
---------------------------------------- open None (Microbone to Getter NP-10) result=[(True, True)], time=0.15 sec
action=open, ok=True, locked=[False]
close () {'description': 'CO2 Laser to Felix'}
closing name=--- desc=CO2 Laser to Felix
checking ownership. requestor=129.138.12.150
check software interlocks F
interlocks []
actuate state mode=None-script, software_lock=True
VALVE-F(CO2 Laser to Felix) software locked
change switch state (True, False)
---------------------------------------- close None (CO2 Laser to Felix) result=[(True, False)]
action=close, ok=True, locked=[True]
open () {'description': 'CO2 Laser to Jan'}
opening name=--- desc=CO2 Laser to Jan
checking ownership. requestor=129.138.12.150
check software interlocks A
interlocks []
actuate state mode=None-script, software_lock=False
doing actuation None-script open_channel False
Open A ===>> OK
GetIndicatorState A ===>> OK
change switch state (True, True)
update switch state A True args=() kw={} ncanvase=2
15:27:56 -- OPEN   VALVE-A (CO2 Laser to Jan)
---------------------------------------- open None (CO2 Laser to Jan) result=[(True, True)], time=0.16 sec
action=open, ok=True, locked=[False]
open () {'description': 'Microbone to CO2 Laser'}
opening name=--- desc=Microbone to CO2 Laser
checking ownership. requestor=129.138.12.150
check software interlocks T
interlocks []
actuate state mode=None-script, software_lock=False
doing actuation None-script open_channel False
Open T ===>> OK
GetIndicatorState T ===>> OK
change switch state (True, True)
update switch state T True args=() kw={} ncanvase=2
15:27:56 -- OPEN   VALVE-T (Microbone to CO2 Laser)
---------------------------------------- open None (Microbone to CO2 Laser) result=[(True, True)], time=0.40 sec
action=open, ok=True, locked=[False]
executed snippet estimated_duration=0, duration=4.85173106194
PrepareForCO2Analysis.py completed successfully
gosub finished
set_motor ('beam', '1.25') {}
setting motor "beam" to 1.25
set motor beam to 1.25
SetMotor beam,1.25 ===>> OK
GetMotorMoving beam ===>> False
GetMotorMoving beam ===>> False
Block completed
move_to_position ('147',) {'autocenter': True}
FusionsCO2 move to position 147
sending GoToHole 147,True
GoToHole 147,True ===>> OK
GetDriveMoving ===>> OK
GetDriveMoving ===>> OK
GetDriveMoving ===>> OK
GetDriveMoving ===>> OK
GetDriveMoving ===>> OK
GetDriveMoving ===>> OK
GetDriveMoving ===>> False
GetDriveMoving ===>> False
Block completed
GetAutoCorrecting ===>> OK
GetAutoCorrecting ===>> OK
GetAutoCorrecting ===>> OK
GetAutoCorrecting ===>> False
GetAutoCorrecting ===>> False
Block completed
update position
GetPosition ===>> 3.98780,-3.98780,1.00000
got position (3.9878, -3.9878, 1.0)
move to position succeeded
sleep (5,) {}
SLEEP 5.0
block started
WaitControl setup for 5.0  
Join finished
block finished. duration 5.01107406616
close () {'description': 'Microbone to Turbo'}
closing name=--- desc=Microbone to Turbo
checking ownership. requestor=129.138.12.150
check software interlocks U
interlocks []
actuate state mode=None-script, software_lock=False
doing actuation None-script close_channel True
Close U ===>> OK
GetIndicatorState U ===>> False
change switch state (True, True)
update switch state U False args=() kw={} ncanvase=2
15:28:08 -- CLOSE  VALVE-U (Microbone to Turbo)
---------------------------------------- close None (Microbone to Turbo) result=[(True, True)]
action=close, ok=True, locked=[False]
enable laser
enable () {}
set extraction state FusionsCO2 Enabled (False, 'red', 1.5)
enabling laser
Enable ===>> OK
begin interval
BEGIN INTERVAL Interval 1 waiting for 30.0
block started
set extract to 5.0
WaitControl setup for 30.0  
extract (5.0,) {}
GetPosition ===>> 3.98780,-3.98780,1.00000
set extraction state FusionsCO2 ON! 5.0(watts) (0.75, 'red', 1.5)
extract sample to 5.0 (watts)
set laser output
SetLaserOutput 5.0,watts ===>> OK
executing pattern triangle.lp
execute_pattern ('triangle.lp',) {}
executing pattern triangle.lp
IsPatterning ===>> OK
IsPatterning ===>> OK
IsPatterning ===>> OK
IsPatterning ===>> OK
IsPatterning ===>> OK
IsPatterning ===>> OK
IsPatterning ===>> OK
IsPatterning ===>> OK
IsPatterning ===>> OK
IsPatterning ===>> OK
IsPatterning ===>> OK
IsPatterning ===>> OK
IsPatterning ===>> OK
IsPatterning ===>> OK
IsPatterning ===>> OK
IsPatterning ===>> OK
IsPatterning ===>> OK
IsPatterning ===>> OK
IsPatterning ===>> OK
IsPatterning ===>> OK
IsPatterning ===>> OK
IsPatterning ===>> OK
IsPatterning ===>> OK
IsPatterning ===>> OK
IsPatterning ===>> OK
IsPatterning ===>> OK
IsPatterning ===>> False
IsPatterning ===>> False
Block completed
COMPLETE INTERVAL waiting for Interval 1 to complete
Join finished
block finished. duration 30.1004450321
Interval 1 finished
end_extract () {}
ending extraction. set laser power to 0
set laser power 0
SetLaserPower 0 ===>> OK
disable () {}
%%%%%%%%%%%%%%%%%%%%%%%%%%%%%%%%%%% disable
set extraction state False (0.75, 'red', 1.5)
disabling laser
Disable ===>> OK
sleep (30.0,) {}
SLEEP 30.0
block started
WaitControl setup for 30.0  
Join finished
block finished. duration 30.056994915
executed snippet estimated_duration=166.5, duration=77.2023730278
jan_co2.py completed successfully
GetAchievedOutput ===>> No Response
Requested Output= 0.000
Achieved Output=  0.000
GetResponseBlob ===>> No Response
GetOutputBlob ===>> No Response
persistence save...
persistence save - db
AutomatedRunPersister post_extraction_save deprecated
persistence save - dvc
no extraction position for 147
create new session 4982376208
close session 4982376208
Extraction Finished
15:29:09 -- ******* Extraction Finished *******
no overlap. not waiting for min ms pumptime
15:29:09 -- Sending spectrometer configuration
======== Sending configuration ========
SetDeflection CDD,50.0 ===>> OK
SetDeflection H2,0.0 ===>> OK
SetDeflection H1,0.0 ===>> OK
SetDeflection L2,825.0 ===>> OK
SetDeflection L1,400.0 ===>> OK
SetDeflection AX,190.0 ===>> OK
SetZFocus 74.64 ===>> OK
SetZSymmetry -50.72 ===>> OK
SetExtractionLens 26.13 ===>> OK
SetIonRepeller -3.81 ===>> OK
SetElectronEnergy 75.08 ===>> OK
SetYSymmetry -2.81 ===>> OK
SetIonCounterVoltage 1590.0 ===>> OK
send trap current 200.0
GetParameter Trap Current Readback ===>> 198.147042666178
SetParameter Trap Current Set,200.0 ===>> OK
updating mftable name mftable
Using mftable located at /Users/jan/PychronDev/setupfiles/spectrometer/mftables/mftable.csv
============ MFtable ===========
Isotope  H2     H1     AX     L1     L2     CDD    
Ar40     5.8007 5.8796 5.9930 6.1407 6.2314 6.3689
Ar39     5.7000 5.7719 5.8854 6.0267 6.1165 6.2554
Ar36     5.3775 5.4409 5.5488 5.6856 5.7715 5.9065
================================
get initial guess parabolic
get initial guess parabolic
get initial guess parabolic
get initial guess parabolic
get initial guess parabolic
get initial guess parabolic
======== Configuration Finished ========
GetYSymmetry ===>> -2.81
GetZSymmetry ===>> -50.72
GetParameter Trap Current Readback ===>> 197.923274125618
GetHighVoltage ===>> 4500
start measurement
do measurement
L#=25320 analysis type=unknown
Measurement Started jan_unknown120_60.py
15:29:09 -- ******* Measurement Started jan_unknown120_60.py *******
state changed from extraction to measurement
setting spec, defl, and gains
GetExtractionLens ===>> 26.13
GetYSymmetry ===>> -2.81
GetZSymmetry ===>> -50.72
GetZFocus ===>> 74.64
GetDeflection H2 ===>> 0
GetDeflection H1 ===>> 0
GetDeflection AX ===>> 190
GetDeflection L1 ===>> 400
GetDeflection L2 ===>> 825
GetDeflection CDD ===>> 50
GetGain H2 ===>> 0.0113
GetGain H1 ===>> 0.1
GetGain AX ===>> 0.097049
GetGain L1 ===>> 0.010355
GetGain L2 ===>> 0.095649
GetGain CDD ===>> 0
pre measurement save
New frame /Users/jan/PychronDev/data/isotopes/dd/0ad256-df99-49c0-8cfd-a26dffb1b3ca.h5
flush and close file /Users/jan/PychronDev/data/isotopes/dd/0ad256-df99-49c0-8cfd-a26dffb1b3ca.h5
testing...
no interpolation path defined
executed snippet estimated_duration=226.132928, duration=0.000209093093872
unknown measurement script
activate_detectors ('H2', 'H1', 'AX', 'L1', 'L2', 'CDD') {}
activate detectors
*************** Set Analysis View Ar/Ar
create graphs
clearing graphs
clear isotope group
setting isotope det=H2, iso=PM41
setting isotope det=H1, iso=Ar40
setting isotope det=AX, iso=Ar39
setting isotope det=L1, iso=Ar38
setting isotope det=L2, iso=Ar37
setting isotope det=CDD, iso=Ar36
setting previous blanks
 - setting Ar40 blank 0.093+/-0.007
 - setting Ar36 blank 0.00449+/-0.00017
 - setting Ar37 blank 0.056+/-0.005
 - setting Ar38 blank 0.0084+/-0.0021
 - setting PM41 blank 0.02+/-0.07
 - setting Ar39 blank 0.033+/-0.008
load analysis view
position_magnet ('Ar40',) {'detector': 'H1'}
detector Detector(H1)
POSITION Ar40 H1
setting detector H2 to PM41 (40.9624)
setting detector H1 to Ar40 (39.9624)
setting detector AX to Ar39 (38.9624)
setting detector L1 to Ar38 (37.9624)
setting detector L2 to Ar37 (36.9624)
setting detector CDD to Ar36 (35.9624)
Mapping mass to dac mass func: "parabolic"
H1 map mass coeffs = [-0.00063987  0.15840543  0.57121999]
H1 map mass to dac 39.9624 >> 5.87961
GetDeflection H1 ===>> 0
GetHighVoltage ===>> 4500
positioning Ar40 (5.87961) on H1
setting magnet DAC
current  : 5.879610
requested: 5.879610
Delta Dac: 0.000000
Checking detector protection. dv=0.00000
Checking detector "CDD". Protection Threshold: 0.1 (V)
SetMagnetDAC 5.87961 ===>> OK
Magnet settling time: 0.500
equilibrate () {'delay': 3, 'inlet': 'R', 'outlet': 'O', 'eqtime': 12.0}
Equilibration Started
15:29:11 -- ******* Equilibration Started *******
checking ownership. requestor=129.138.12.150
check software interlocks O
interlocks []
actuate state mode=None-script, software_lock=False
doing actuation None-script close_channel True
Close O ===>> OK
GetIndicatorState O ===>> False
change switch state (True, True)
update switch state O False args=() kw={} ncanvase=2
15:29:11 -- CLOSE  VALVE-O (Jan Ion Pump)
waiting 3s before opening inlet value ('R',)
update labels <pychron.experiment.plot_panel.PlotPanel object at 0x1961f6830>
update labels "<pychron.graph.stacked_regression_graph.StackedRegressionGraph object at 0x18f5ae590>"
setting label 0 H2 PM41
setting label 1 H1 Ar40
setting label 2 AX Ar39
setting label 3 L1 Ar38
setting label 4 L2 Ar37
setting label 5 CDD Ar36
update labels "<pychron.graph.stacked_graph.StackedGraph object at 0x18f5ae050>"
setting label 0 H2 PM41
setting label 1 H1 Ar40
setting label 2 AX Ar39
setting label 3 L1 Ar38
setting label 4 L2 Ar37
setting label 5 CDD Ar36
checking ownership. requestor=129.138.12.150
check software interlocks R
interlocks []
actuate state mode=None-script, software_lock=False
doing actuation None-script open_channel True
Open R ===>> OK
GetIndicatorState R ===>> OK
change switch state (True, True)
update switch state R True args=() kw={} ncanvase=2
15:29:14 -- OPEN   VALVE-R (Jan Inlet)
equilibrating for 12.0sec
set_time_zero () {}
sniff (12.0,) {}
py_sniff
build tables- sniff [Detector(H2), Detector(H1), Detector(AX), Detector(L1), Detector(L2), Detector(CDD)]
add group /sniff/PM41 (Group) '' table H2
add group /sniff/Ar40 (Group) '' table H1
add group /sniff/Ar39 (Group) '' table AX
add group /sniff/Ar38 (Group) '' table L1
add group /sniff/Ar37 (Group) '' table L2
add group /sniff/Ar36 (Group) '' table CDD
flush and close file /Users/jan/PychronDev/data/isotopes/dd/0ad256-df99-49c0-8cfd-a26dffb1b3ca.h5
measuring sniff. ncounts=12.0
"sniff" increment series count="1" fit count="0" regressing="False"
starting measurement
GetData ===>> H2,0.0997219346676411,H1,38.3561773517869,AX,5.41566807311621,L1,0.000549691388187382,L2,0.162467...
GetData ===>> H2,1.08470657860757,H1,334.340100996232,AX,44.0277098908941,L1,0.359626084464654,L2,0.46154672745...
GetData ===>> H2,0.457922134205452,H1,493.483099401646,AX,62.2791350131933,L1,0.618815982855322,L2,0.1687414627...
GetData ===>> H2,0.151234726933208,H1,544.303056367167,AX,67.2561453099888,L1,0.742912134427125,L2,0.1489183529...
GetData ===>> H2,0.0321478790692417,H1,562.63751239164,AX,68.7953039087003,L1,0.787918212710612,L2,0.1299659154...
GetData ===>> H2,-0.0121022045873048,H1,569.896998155751,AX,69.5278639070442,L1,0.843009834593679,L2,0.09969769...
GetData ===>> H2,-0.0317778226359498,H1,573.490978678802,AX,70.0311795424204,L1,0.861557371887243,L2,0.17558583...
GetData ===>> H2,0.0504452543995659,H1,574.919872746068,AX,69.9946745081192,L1,0.913398347898939,L2,0.241430892...
GetData ===>> H2,0.00483372904015031,H1,575.718680137345,AX,70.0697526462924,L1,0.879200076877922,L2,0.19253917...
GetData ===>> H2,-0.0973596658623882,H1,576.005487529637,AX,70.070478168041,L1,0.879608234903627,L2,0.093440035...
GetData ===>> H2,-0.0847948286141525,H1,576.087145658803,AX,70.1781044547858,L1,0.874777712090507,L2,0.06721269...
Equilibration Finished
15:29:26 -- ******* Equilibration Finished *******
GetData ===>> H2,-0.0395951474491236,H1,576.149099646724,AX,70.2904379747087,L1,0.865073461697217,L2,0.24015235...
checking ownership. requestor=129.138.12.150
check software interlocks R
interlocks []
actuate state mode=None-script, software_lock=False
doing actuation None-script close_channel True
Close R ===>> OK
GetIndicatorState R ===>> False
change switch state (True, True)
update switch state R False args=() kw={} ncanvase=2
15:29:27 -- CLOSE  VALVE-R (Jan Inlet)
Post Equilibration Started jan_pump_extraction_line.py
15:29:27 -- ******* Post Equilibration Started jan_pump_extraction_line.py *******
testing...
no interpolation path defined
calculate duration
testing...
no interpolation path defined
executed snippet estimated_duration=4.0, duration=0.000131845474243
executed snippet estimated_duration=4.0, duration=0.00667595863342
Pump after analysis
doing GOSUB
testing...
no interpolation path defined
executed snippet estimated_duration=4.0, duration=0.000121831893921
Pump Microbone
close () {'description': 'Jan Inlet'}
closing name=--- desc=Jan Inlet
checking ownership. requestor=129.138.12.150
check software interlocks R
interlocks []
actuate state mode=None-script, software_lock=False
doing actuation None-script close_channel False
measurement finished
estimated time: 12.583 actual time: :12.672
flush and close file /Users/jan/PychronDev/data/isotopes/dd/0ad256-df99-49c0-8cfd-a26dffb1b3ca.h5
set_fits () {}
Close R ===>> OK
using default fits file=/Users/jan/PychronDev/scripts/measurement/fits/nominal_linear.yaml
set "Ar40" to "('Linear', 'SEM')"
No fit for "PM41". defaulting to linear. check the measurement script "jan_unknown120_60.py"
set "PM41" to "linear"
set "Ar36" to "('Linear', 'SEM')"
set "Ar37" to "('linear', 'SEM')"
set "Ar38" to "('linear', 'SEM')"
set "Ar39" to "('Linear', 'SEM')"
set_baseline_fits () {}
using default fits file=/Users/jan/PychronDev/scripts/measurement/fits/nominal_linear.yaml
set "H1" to "('average', 'SEM')"
set "H2" to "('average', 'SEM')"
set "CDD" to "('average', 'SEM')"
set "L2" to "('average', 'SEM')"
set "L1" to "('average', 'SEM')"
set "AX" to "('average', 'SEM')"
multicollect () {'integration_time': 1, 'ncounts': 120}
build tables- signal [Detector(H2), Detector(H1), Detector(AX), Detector(L1), Detector(L2), Detector(CDD)]
add group /signal/PM41 (Group) '' table H2
add group /signal/Ar40 (Group) '' table H1
add group /signal/Ar39 (Group) '' table AX
add group /signal/Ar38 (Group) '' table L1
add group /signal/Ar37 (Group) '' table L2
add group /signal/Ar36 (Group) '' table CDD
flush and close file /Users/jan/PychronDev/data/isotopes/dd/0ad256-df99-49c0-8cfd-a26dffb1b3ca.h5
measuring signal. ncounts=120
GetIndicatorState R ===>> False
change switch state (True, True)
update switch state R False args=() kw={} ncanvase=2
15:29:28 -- CLOSE  VALVE-R (Jan Inlet)
---------------------------------------- close None (Jan Inlet) result=[(True, True)]
action=close, ok=True, locked=[False]
is_closed ('F',) {}
is F () closed?
is closed True
open () {'description': 'CO2 Laser to Jan'}
opening name=--- desc=CO2 Laser to Jan
checking ownership. requestor=129.138.12.150
check software interlocks A
interlocks []
actuate state mode=None-script, software_lock=False
doing actuation None-script open_channel False
Open A ===>> OK
GetIndicatorState A ===>> OK
change switch state (True, True)
update switch state A True args=() kw={} ncanvase=2
15:29:28 -- OPEN   VALVE-A (CO2 Laser to Jan)
---------------------------------------- open None (CO2 Laser to Jan) result=[(True, True)], time=0.11 sec
"signal" increment series count="2" fit count="1" regressing="True"
starting measurement
GetData ===>> H2,-0.0575793863071811,H1,576.204808045545,AX,70.1661872547095,L1,0.911255208690176,L2,0.16835362...
action=open, ok=True, locked=[False]
sleep (1,) {}
SLEEP 1.0
GetData ===>> H2,-0.0792649804697164,H1,575.922921566474,AX,70.1483371375438,L1,0.952176155838075,L2,0.18136971...
close () {'description': 'CO2 Laser to Roughing'}
closing name=--- desc=CO2 Laser to Roughing
checking ownership. requestor=129.138.12.150
check software interlocks G
interlocks []
actuate state mode=None-script, software_lock=True
VALVE-G(CO2 Laser to Roughing) software locked
change switch state (True, False)
---------------------------------------- close None (CO2 Laser to Roughing) result=[(True, False)]
action=close, ok=True, locked=[True]
open () {'description': 'Microbone to Turbo'}
opening name=--- desc=Microbone to Turbo
checking ownership. requestor=129.138.12.150
check software interlocks U
interlocks []
actuate state mode=None-script, software_lock=False
doing actuation None-script open_channel True
Open U ===>> OK
GetIndicatorState U ===>> OK
change switch state (True, True)
update switch state U True args=() kw={} ncanvase=2
15:29:29 -- OPEN   VALVE-U (Microbone to Turbo)
---------------------------------------- open None (Microbone to Turbo) result=[(True, True)], time=0.17 sec
action=open, ok=True, locked=[False]
open () {'description': 'Microbone to Getter NP-10'}
opening name=--- desc=Microbone to Getter NP-10
checking ownership. requestor=129.138.12.150
check software interlocks M
interlocks []
actuate state mode=None-script, software_lock=False
doing actuation None-script open_channel False
Open M ===>> OK
GetIndicatorState M ===>> OK
change switch state (True, True)
update switch state M True args=() kw={} ncanvase=2
15:29:30 -- OPEN   VALVE-M (Microbone to Getter NP-10)
---------------------------------------- open None (Microbone to Getter NP-10) result=[(True, True)], time=0.13 sec
action=open, ok=True, locked=[False]
open () {'description': 'Microbone to Getter D-50'}
opening name=--- desc=Microbone to Getter D-50
checking ownership. requestor=129.138.12.150
check software interlocks K
interlocks []
actuate state mode=None-script, software_lock=False
doing actuation None-script open_channel False
GetData ===>> H2,-0.0499475248454015,H1,575.591278677164,AX,70.0341911831544,L1,0.896211569832609,L2,0.20633452...
Open K ===>> OK
GetIndicatorState K ===>> OK
change switch state (True, True)
update switch state K True args=() kw={} ncanvase=2
15:29:31 -- OPEN   VALVE-K (Microbone to Getter D-50)
---------------------------------------- open None (Microbone to Getter D-50) result=[(True, True)], time=0.41 sec
action=open, ok=True, locked=[False]
open () {'description': 'Microbone to CO2 Laser'}
opening name=--- desc=Microbone to CO2 Laser
checking ownership. requestor=129.138.12.150
check software interlocks T
interlocks []
actuate state mode=None-script, software_lock=False
doing actuation None-script open_channel False
Open T ===>> OK
GetIndicatorState T ===>> OK
change switch state (True, True)
update switch state T True args=() kw={} ncanvase=2
15:29:31 -- OPEN   VALVE-T (Microbone to CO2 Laser)
---------------------------------------- open None (Microbone to CO2 Laser) result=[(True, True)], time=0.41 sec
GetData ===>> H2,-0.112770564597112,H1,575.530671002025,AX,70.0951482736977,L1,0.921687013716458,L2,0.151039617...
action=open, ok=True, locked=[False]
open () {'description': 'Microbone to Inlet Pipette'}
opening name=--- desc=Microbone to Inlet Pipette
checking ownership. requestor=129.138.12.150
check software interlocks S
interlocks []
actuate state mode=None-script, software_lock=False
doing actuation None-script open_channel False
Open S ===>> OK
GetIndicatorState S ===>> OK
change switch state (True, True)
update switch state S True args=() kw={} ncanvase=2
15:29:32 -- OPEN   VALVE-S (Microbone to Inlet Pipette)
---------------------------------------- open None (Microbone to Inlet Pipette) result=[(True, True)], time=0.41 sec
action=open, ok=True, locked=[False]
sleep (1,) {}
SLEEP 1.0
GetData ===>> H2,-0.203753444324622,H1,575.200070429154,AX,70.0719765407602,L1,0.95111013692866,L2,0.1653993044...
set_resource () {'name': 'CO2PumpTimeFlag', 'value': 30}
Set CO2PumpTimeFlag 30 ===>> OK
release ('JanCO2Flag',) {}
release JanCO2Flag
Set JanCO2Flag 0 ===>> OK
executed snippet estimated_duration=6.0, duration=5.87648391724
PumpMicrobone.py completed successfully
gosub finished
get_resource_value () {'name': 'JanMiniboneFlag'}
Read JanMiniboneFlag ===>> 0
Get Resource Value JanMiniboneFlag=0.0
get resource value 0.0
get_resource_value () {'name': 'JanMiniboneFlag'}
Read JanMiniboneFlag ===>> 0
Get Resource Value JanMiniboneFlag=0.0
executed snippet estimated_duration=4.0, duration=5.9036450386
jan_pump_extraction_line.py completed successfully
Post Equilibration Finished
15:29:33 -- ******* Post Equilibration Finished *******
GetData ===>> H2,-0.149315442427401,H1,574.823698032536,AX,69.9960311003853,L1,0.912211285974147,L2,0.101510097...
GetData ===>> H2,-0.117402975317263,H1,574.67330741562,AX,70.1366908781917,L1,0.930786294791409,L2,0.1245043872...
GetData ===>> H2,-0.155383291705326,H1,574.825915048225,AX,70.1236728983408,L1,0.904043513743498,L2,0.289454738...
GetData ===>> H2,-0.0738707208181216,H1,574.545665881991,AX,69.9711571943951,L1,0.926133369618544,L2,0.19592792...
GetData ===>> H2,-0.0490544323846973,H1,574.201418369306,AX,70.1098042407517,L1,0.941196798396556,L2,0.13371733...
GetData ===>> H2,-0.0311585069115661,H1,574.035040643168,AX,69.7847151004407,L1,0.928153234994906,L2,0.10087176...
GetData ===>> H2,-0.145667090075988,H1,573.747594636126,AX,69.7781117195894,L1,0.866719296043351,L2,0.146991008...
GetData ===>> H2,-0.0901478960361342,H1,573.580254847302,AX,69.7924063272583,L1,0.875216986333132,L2,0.20287694...
GetData ===>> H2,-0.0683504775863304,H1,573.46580430994,AX,69.8093979590868,L1,0.911275282911212,L2,0.338006896...
GetData ===>> H2,-0.062989820075051,H1,573.575089548803,AX,69.9276509315261,L1,0.937237837904238,L2,0.034267444...
GetData ===>> H2,0.0163552340945704,H1,573.636396912473,AX,69.9247815033557,L1,0.873967789834495,L2,0.194410389...
GetData ===>> H2,-0.137636851572271,H1,573.24325565073,AX,69.6965343799998,L1,0.826430049327631,L2,0.2055585518...
GetData ===>> H2,-0.176861767951958,H1,572.776665218607,AX,69.8446360932874,L1,0.849176815042575,L2,0.299827356...
GetData ===>> H2,-0.350009874806876,H1,572.380956897346,AX,69.6500364874852,L1,0.883058178937648,L2,0.186252629...
GetData ===>> H2,-0.221042370767801,H1,571.985723396385,AX,69.5777712542517,L1,0.869470855895366,L2,0.160106841...
GetData ===>> H2,-0.182429709569009,H1,571.960873443817,AX,69.5808576271386,L1,0.842557331982525,L2,0.080618242...
GetData ===>> H2,-0.264416106672236,H1,571.956777957012,AX,69.6080554680444,L1,0.862005263805332,L2,0.197833433...
GetData ===>> H2,-0.247186489252032,H1,571.391198263157,AX,69.6071419581002,L1,0.877064391835775,L2,0.267777424...
GetData ===>> H2,-0.145280709319289,H1,571.036952434011,AX,69.4998170119131,L1,0.883854769745907,L2,0.070155401...
15:29:53 -- collecting point 25
GetData ===>> H2,-0.123134371282594,H1,571.183208565596,AX,69.590258911245,L1,0.913310505749549,L2,0.0169839922...
GetData ===>> H2,-0.158368795205273,H1,570.800061739122,AX,69.4852607859478,L1,0.887035472093288,L2,0.240015374...
GetData ===>> H2,-0.0777960436253659,H1,570.525633725922,AX,69.4085160637803,L1,0.885022209983116,L2,0.14547424...
GetData ===>> H2,-0.0841352354132367,H1,570.318374461321,AX,69.422995332264,L1,0.89836668420203,L2,0.1386320276...
GetData ===>> H2,-0.1292210638198,H1,570.007518867248,AX,69.4452681759108,L1,0.902294638556545,L2,0.08926849023...
GetData ===>> H2,-0.176524310746112,H1,569.814302496033,AX,69.4606331182137,L1,0.856683091162035,L2,0.139532892...
GetData ===>> H2,-0.223790143805169,H1,570.005912448311,AX,69.5209696737785,L1,0.847612219609209,L2,0.188945183...
GetData ===>> H2,-0.155627835359416,H1,569.753366158945,AX,69.5780232003564,L1,0.846272931134934,L2,0.121517211...
GetData ===>> H2,-0.15317540465049,H1,569.589757371271,AX,69.3797353635359,L1,0.84210109910874,L2,0.14768667257...
GetData ===>> H2,-0.0973704990386912,H1,569.274003256439,AX,69.4316364347909,L1,0.868390425935279,L2,0.24127107...
GetData ===>> H2,-0.0612178133310411,H1,569.019444558188,AX,69.3675420436846,L1,0.88243197068307,L2,0.088687223...
GetData ===>> H2,-0.173527334289683,H1,568.549869632199,AX,69.3941800046391,L1,0.8723220719035,L2,0.12795913816...
GetData ===>> H2,-0.190831764957366,H1,568.660712107894,AX,69.4445597944255,L1,0.835562275204113,L2,0.234113806...
GetData ===>> H2,-0.191477507559099,H1,568.386734917677,AX,69.2500464214742,L1,0.875369672849288,L2,0.270583789...
GetData ===>> H2,-0.173210333015239,H1,568.227206619174,AX,69.2358433443298,L1,0.868689630059038,L2,0.107836681...
GetData ===>> H2,-0.217947632444399,H1,567.960344890264,AX,69.2406404474826,L1,0.833879383443208,L2,0.199910139...
GetData ===>> H2,-0.0781063791153506,H1,567.970874156714,AX,69.1922999159877,L1,0.863621837104498,L2,0.05572789...
GetData ===>> H2,-0.0601547480555366,H1,567.96982121708,AX,69.2657927045384,L1,0.863693162246458,L2,0.254228573...
GetData ===>> H2,-0.0796904488810308,H1,567.442257728855,AX,69.0066118428653,L1,0.844620002151023,L2,0.15606925...
GetData ===>> H2,-0.107136467245541,H1,567.068320113526,AX,68.9905869550182,L1,0.838765577198254,L2,0.107859480...
GetData ===>> H2,-0.142633782276742,H1,567.214263053933,AX,69.2250072515739,L1,0.866735567936496,L2,0.245905890...
GetData ===>> H2,-0.208901204059095,H1,567.025245534308,AX,69.042910702477,L1,0.880914196672521,L2,0.1940110428...
GetData ===>> H2,-0.167014212199139,H1,566.33860625844,AX,68.9061589975127,L1,0.866166066674674,L2,0.2390679033...
GetData ===>> H2,-0.160622937156718,H1,566.07032686457,AX,68.8576219181096,L1,0.880966789135935,L2,0.1323490180...
GetData ===>> H2,-0.167818603961608,H1,565.98256461522,AX,68.945633403057,L1,0.840687528151491,L2,0.17612200043...
15:30:20 -- collecting point 50
GetData ===>> H2,-0.175097430536387,H1,565.730857622994,AX,68.9258002844014,L1,0.846589292917806,L2,0.188545859...
GetData ===>> H2,-0.181195174467462,H1,565.698447892301,AX,69.1127040195302,L1,0.823610905587357,L2,0.138746060...
GetData ===>> H2,-0.206626776111992,H1,565.129459802533,AX,68.8392484658888,L1,0.851791247944568,L2,0.145097914...
GetData ===>> H2,-0.185182979972697,H1,565.200210327705,AX,68.8597106863964,L1,0.886293765031319,L2,0.177125888...
GetData ===>> H2,-0.175480829447504,H1,565.139129637719,AX,68.7981294842746,L1,0.876031757263369,L2,0.255884063...
GetData ===>> H2,-0.186012472076185,H1,565.032729287958,AX,68.791018568071,L1,0.861484810190297,L2,0.1523967950...
GetData ===>> H2,-0.204033801512148,H1,564.586310706478,AX,68.710757581688,L1,0.855837795697676,L2,0.2110361181...
GetData ===>> H2,-0.199408367548146,H1,564.651534708642,AX,68.5950011942027,L1,0.8633603157283,L2,0.16748671385...
GetData ===>> H2,-0.245325814362956,H1,564.100647566262,AX,68.6340460275194,L1,0.875511097585252,L2,0.161019314...
GetData ===>> H2,-0.268986514953234,H1,563.809361307913,AX,68.6760215482147,L1,0.85980352093708,L2,0.2624158979...
GetData ===>> H2,-0.222796173623509,H1,563.84975216005,AX,68.8048012226411,L1,0.852829696248654,L2,0.0904424312...
GetData ===>> H2,-0.0926598017566533,H1,564.094772170365,AX,68.8037494202762,L1,0.85347658887016,L2,0.129806283...
GetData ===>> H2,-0.0237458375179159,H1,563.81127374349,AX,68.6222011521781,L1,0.851632361905056,L2,0.125496332...
GetData ===>> H2,-0.0915394032180282,H1,563.286674178593,AX,68.6141221465738,L1,0.897010915392718,L2,0.18267027...
GetData ===>> H2,-0.0572484392365009,H1,562.937157314089,AX,68.5921152539479,L1,0.838491934017172,L2,0.12533670...
GetData ===>> H2,-0.0375184724317787,H1,562.9619877824,AX,68.6242719674205,L1,0.823853194762954,L2,0.2467506841...
GetData ===>> H2,-0.140232232342325,H1,563.027800887321,AX,68.6813734081223,L1,0.849264369240585,L2,0.172517215...
GetData ===>> H2,-0.15666134557483,H1,562.734541885226,AX,68.7347569719662,L1,0.852010189341143,L2,0.1815978829...
GetData ===>> H2,-0.167680943650294,H1,562.361955030369,AX,68.6551654953737,L1,0.855410172142755,L2,0.230689466...
GetData ===>> H2,-0.228929648777658,H1,562.319805631832,AX,68.5232618234142,L1,0.877511272435193,L2,0.170315625...
GetData ===>> H2,-0.0867584832764103,H1,562.132215420122,AX,68.5144302783928,L1,0.924436429763528,L2,0.08636219...
GetData ===>> H2,-0.155446792498298,H1,561.902698273379,AX,68.4432034997081,L1,0.890608176016663,L2,0.181255631...
GetData ===>> H2,-0.0963142157654257,H1,561.496887691546,AX,68.3905217515649,L1,0.862928632010274,L2,0.16855895...
GetData ===>> H2,-0.138957596095176,H1,560.870055726309,AX,68.3919321750842,L1,0.852305454685457,L2,0.099253146...
GetData ===>> H2,-0.139384743604441,H1,560.95769014102,AX,68.3424945703115,L1,0.832981833830038,L2,0.1335919037...
15:30:46 -- collecting point 75
GetData ===>> H2,-0.198677508091018,H1,560.629306805395,AX,68.5069168727749,L1,0.872813004915878,L2,0.197947537...
GetData ===>> H2,-0.236398430750955,H1,560.698312924914,AX,68.5153871311963,L1,0.874981703258385,L2,0.220542721...
GetData ===>> H2,-0.26391190411956,H1,560.834272940599,AX,68.3847078320536,L1,0.814270652345595,L2,0.1105042311...
GetData ===>> H2,-0.188667786813979,H1,560.090414920342,AX,68.2244088178207,L1,0.830562082822125,L2,0.255176195...
GetData ===>> H2,-0.204067497821697,H1,559.847624565083,AX,68.1719811639412,L1,0.860709181997101,L2,0.243166070...
GetData ===>> H2,-0.18310291297583,H1,559.68266784095,AX,67.9939195778404,L1,0.850495208415887,L2,0.12435616638...
GetData ===>> H2,-0.202479618632084,H1,559.54034100356,AX,68.2271341242378,L1,0.843663622834076,L2,0.0733605418...
GetData ===>> H2,-0.226469925881545,H1,559.568639102447,AX,68.227525695894,L1,0.89450533317626,L2,0.16085963117...
GetData ===>> H2,-0.302046605315882,H1,559.312211719988,AX,68.1244883855802,L1,0.897346708762092,L2,0.159445304...
GetData ===>> H2,-0.236667483884814,H1,558.473194441117,AX,68.068666510914,L1,0.847564697578802,L2,0.2297649151...
GetData ===>> H2,-0.19157591603548,H1,558.354429897446,AX,68.095674133955,L1,0.843929900083068,L2,0.22991329925...
GetData ===>> H2,-0.0560249366218508,H1,558.420928035303,AX,68.0203954103168,L1,0.864300071209033,L2,0.11838191...
GetData ===>> H2,-0.0873217864277014,H1,557.887804566394,AX,68.1680662832123,L1,0.865980828963582,L2,0.22769897...
GetData ===>> H2,-0.11308324073887,H1,557.836934634511,AX,68.189376433343,L1,0.872042801370236,L2,0.20444025392...
GetData ===>> H2,-0.0896099454661099,H1,557.874657242384,AX,68.1591208271988,L1,0.84341360339976,L2,0.175095307...
GetData ===>> H2,-0.125119462211639,H1,557.569964341254,AX,68.0054981859983,L1,0.827384508128302,L2,0.144744389...
GetData ===>> H2,-0.126447169869751,H1,557.725774196671,AX,68.0358264597403,L1,0.83467416929673,L2,0.1854654136...
GetData ===>> H2,-0.053504269568874,H1,557.688553765938,AX,67.9638474659149,L1,0.852815933008981,L2,0.264651731...
GetData ===>> H2,0.00113809973079906,H1,557.145937329433,AX,67.9599341443603,L1,0.853624241130058,L2,0.14520055...
GetData ===>> H2,-0.00399593841770735,H1,556.891099143833,AX,67.8936289022646,L1,0.85863903567027,L2,0.08494896...
GetData ===>> H2,-0.0459755768580058,H1,556.963025054622,AX,67.8817704137264,L1,0.8558502995725,L2,0.0837864904...
GetData ===>> H2,-0.163814975062575,H1,556.521327966788,AX,67.8629992708849,L1,0.84692567223188,L2,-0.067598306...
GetData ===>> H2,-0.0350721252496374,H1,556.55456611888,AX,68.0029633223467,L1,0.833261841063823,L2,0.101760872...
GetData ===>> H2,-0.0897535821144318,H1,556.450531867951,AX,67.8415721637997,L1,0.802584388445417,L2,0.17744531...
GetData ===>> H2,-0.119635276681214,H1,556.266109550766,AX,67.6304869086493,L1,0.843486108422358,L2,0.188431767...
15:31:12 -- collecting point 100
GetData ===>> H2,-0.162560681622819,H1,556.001847485507,AX,67.8555072058486,L1,0.811733068328998,L2,0.196372920...
GetData ===>> H2,-0.203819490633913,H1,555.580229436179,AX,67.8014018548534,L1,0.826737365581952,L2,0.093873156...
GetData ===>> H2,-0.198953945725243,H1,555.601219559074,AX,67.7197193473361,L1,0.846643062864771,L2,0.120969952...
GetData ===>> H2,-0.176394724506949,H1,555.132098640585,AX,67.6813868204219,L1,0.887417622000617,L2,0.122748555...
GetData ===>> H2,-0.135082795774664,H1,555.232442042409,AX,67.7485073718753,L1,0.845293895615728,L2,0.243097576...
GetData ===>> H2,-0.25522032950186,H1,554.984923762795,AX,67.6945017875089,L1,0.873341534973336,L2,0.2822208152...
GetData ===>> H2,-0.252447996342069,H1,554.456978056041,AX,67.6448312772505,L1,0.86482567019489,L2,0.1303763977...
GetData ===>> H2,-0.219482308203605,H1,554.515856548914,AX,67.6344087969601,L1,0.883311177652813,L2,0.176418602...
GetData ===>> H2,-0.255587323535387,H1,554.086742796624,AX,67.565078630223,L1,0.905353793499368,L2,0.1580309989...
GetData ===>> H2,-0.0418464870155925,H1,553.915531515024,AX,67.5084860507756,L1,0.872190575884599,L2,0.13478919...
GetData ===>> H2,-0.0482725796677132,H1,553.552146644559,AX,67.7284442194669,L1,0.843639870731708,L2,0.15105102...
GetData ===>> H2,-0.106428835121713,H1,553.642902752859,AX,67.5708767647256,L1,0.834731625350134,L2,0.121026958...
GetData ===>> H2,-0.0307985820924839,H1,553.565444744202,AX,67.4987699591252,L1,0.834902746330469,L2,0.18061676...
GetData ===>> H2,-0.0653511630576978,H1,553.378352789489,AX,67.4711720642757,L1,0.83684272902862,L2,0.107460494...
GetData ===>> H2,-0.117301496644458,H1,552.778244235636,AX,67.4941933358694,L1,0.83450946415861,L2,0.0729042875...
GetData ===>> H2,-0.08836185630791,H1,552.992042275264,AX,67.2960931900327,L1,0.853201310541433,L2,0.1878841258...
GetData ===>> H2,-0.132526812361741,H1,552.830463743485,AX,67.4062626370029,L1,0.844916309901506,L2,0.157768670...
GetData ===>> H2,-0.131178265291349,H1,552.366968429699,AX,67.6713209174486,L1,0.831468174181144,L2,0.095890617...
GetData ===>> H2,-0.137470564751114,H1,552.198628231398,AX,67.5705954476998,L1,0.844776281567335,L2,0.160414800...
GetData ===>> H2,-0.0778881965324533,H1,552.137108050484,AX,67.3576149020093,L1,0.853396507157221,L2,0.13611193...
GetData ===>> H2,-0.0493123234180569,H1,551.901265744334,AX,67.3282632091994,L1,0.873637122616587,L2,0.18219112...
measurement finished
estimated time: 125.829 actual time: :126.171
flush and close file /Users/jan/PychronDev/data/isotopes/dd/0ad256-df99-49c0-8cfd-a26dffb1b3ca.h5
baselines () {'settling_time': 15.0, 'detector': 'H1', 'mass': 34.2, 'ncounts': 60}
%%%%%%%%%%%%%%%%%%%%%%%%%%%%%%%% Baseline
build tables- baseline [Detector(H2), Detector(H1), Detector(AX), Detector(L1), Detector(L2), Detector(CDD)]
add group baseline table H2
add group baseline table H1
add group baseline table AX
add group baseline table L1
add group baseline table L2
add group baseline table CDD
flush and close file /Users/jan/PychronDev/data/isotopes/dd/0ad256-df99-49c0-8cfd-a26dffb1b3ca.h5
detector Detector(H1)
POSITION 34.2 H1
Mapping mass to dac mass func: "parabolic"
H1 map mass coeffs = [-0.00063987  0.15840543  0.57121999]
H1 map mass to dac 34.2 >> 5.24026599104
GetDeflection H1 ===>> 0
GetHighVoltage ===>> 4500
positioning 34.2 (5.24026599104) on H1
setting magnet DAC
current  : 5.879610
requested: 5.240266
Delta Dac: 0.639344
Checking detector protection. dv=0.63934
Checking detector "CDD". Protection Threshold: 0.1 (V)
ProtectDetector CDD,On ===>> OK
GetDeflection CDD ===>> 2000
Protected = 2000
SetMagnetDAC 5.24026599104 ===>> OK
Magnet settling time: 0.500
GetMagnetMoving ===>> True
GetMagnetMoving ===>> True
GetMagnetMoving ===>> True
GetMagnetMoving ===>> True
GetMagnetMoving ===>> True
GetMagnetMoving ===>> True
GetMagnetMoving ===>> True
GetMagnetMoving ===>> True
GetMagnetMoving ===>> False
ProtectDetector CDD,Off ===>> OK
GetDeflection CDD ===>> 50
Delaying 15.0s for detectors to settle
Join finished
measuring baseline. ncounts=60
"baseline" increment series count="2" fit count="1" regressing="True"
starting measurement
GetData ===>> H2,-0.0364487692469573,H1,-0.00631260744772249,AX,-0.0680375871714648,L1,-0.0280283240149929,L2,0...
GetData ===>> H2,-0.161268438667536,H1,-0.0425308768213782,AX,-0.0460206102068234,L1,0.000283244839258503,L2,0....
GetData ===>> H2,-0.139717258695553,H1,-0.000503585149913399,AX,-0.0503223700804357,L1,-0.0347850377569742,L2,-...
GetData ===>> H2,-0.102444706638905,H1,-0.0389418342687574,AX,-0.05978325376531,L1,-0.00962427972304416,L2,0.01...
GetData ===>> H2,-0.165614488371042,H1,0.00838355922125906,AX,-0.0700778762646331,L1,-0.00972020033063363,L2,-0...
GetData ===>> H2,-0.322305583152098,H1,0.00427986699287359,AX,-0.0963195991049808,L1,-0.0260730036659843,L2,0.0...
GetData ===>> H2,-0.210221455933629,H1,-0.0558843233726013,AX,-0.0782965621251781,L1,-0.0497343367963743,L2,0.0...
GetData ===>> H2,-0.160293420118505,H1,-0.0661604948309023,AX,-0.11443199520891,L1,-0.0104431724997017,L2,-0.00...
GetData ===>> H2,-0.134306595025486,H1,-0.0354838309963188,AX,-0.0618005291061444,L1,-0.00667667347985061,L2,-0...
GetData ===>> H2,-0.219437847306486,H1,-0.0344464067155269,AX,0.0718735371118113,L1,-0.00892283249723466,L2,-0....
GetData ===>> H2,-0.17073606928879,H1,-0.042507029787253,AX,-0.0724311111254236,L1,-0.0436813766496123,L2,-0.06...
GetData ===>> H2,-0.251868436187894,H1,-0.0370936060044567,AX,-0.0845093815162542,L1,-0.0417475390453346,L2,0.0...
GetData ===>> H2,-0.20279640350171,H1,-0.0782235166077559,AX,0.0675938501066495,L1,-0.0447098111197715,L2,0.012...
GetData ===>> H2,-0.189610280489562,H1,-0.0291756482898585,AX,-0.0225489001557589,L1,-0.042111583969462,L2,-0.0...
GetData ===>> H2,-0.17576297035593,H1,-0.0735272165748977,AX,-0.0337752068729342,L1,-0.00433404215184032,L2,-0....
GetData ===>> H2,-0.119792197719891,H1,-0.0146736678307001,AX,-0.0609542060378913,L1,-0.0384130404420753,L2,-0....
GetData ===>> H2,-0.204636276378631,H1,-0.0778063415149298,AX,-0.172446440379366,L1,-0.0173137283907707,L2,0.01...
GetData ===>> H2,-0.222040536175905,H1,0.0561848765098684,AX,-0.150432153994088,L1,-0.00177727709371139,L2,0.06...
GetData ===>> H2,-0.115386762363627,H1,0.0636924488488734,AX,-0.0146618772447041,L1,-0.020728679007617,L2,-0.06...
GetData ===>> H2,-0.164349594003032,H1,-0.0487547584320456,AX,-0.0849034648887463,L1,-0.00831846953332307,L2,-0...
GetData ===>> H2,-0.20501634468545,H1,-0.0313817687375149,AX,-0.0489077961733278,L1,0.00515148925356044,L2,-0.0...
GetData ===>> H2,-0.221820974289989,H1,-0.00973583643457661,AX,-0.0705299799894672,L1,0.00676267821034904,L2,0....
GetData ===>> H2,-0.150432270816091,H1,-0.0631087489663116,AX,-0.130930692816723,L1,-0.0470416567209477,L2,-0.0...
GetData ===>> H2,-0.0732918379750409,H1,-0.0114414434167152,AX,-0.195545070158552,L1,-0.0631010597361109,L2,0.0...
15:32:18 -- collecting point 25
GetData ===>> H2,-0.12939407177848,H1,0.0637282573789257,AX,-0.083918253464719,L1,-0.0571232168211935,L2,0.0216...
GetData ===>> H2,-0.0801470644684358,H1,-0.0748026295021685,AX,-0.0221197697621184,L1,-0.0422109755220533,L2,0....
GetData ===>> H2,-0.11383714737355,H1,0.00890846222276767,AX,-0.00323615910991342,L1,-0.00640561346305127,L2,0....
GetData ===>> H2,-0.16305080419728,H1,0.0142411555507983,AX,-0.0319197083136414,L1,-0.0273346601238874,L2,-0.01...
GetData ===>> H2,-0.150875190423448,H1,0.0136923641536725,AX,-0.071410996597445,L1,-0.0134160444802776,L2,-0.06...
GetData ===>> H2,-0.247182453412771,H1,-0.00126700773142014,AX,-0.00765580914255297,L1,-0.0218171906727174,L2,-...
GetData ===>> H2,-0.165136625985473,H1,-0.00924681088976238,AX,-0.237532738715123,L1,-0.0521858430061387,L2,0.0...
GetData ===>> H2,-0.0816969818334856,H1,-0.136991595422642,AX,-0.183793617973194,L1,-0.0167320640476396,L2,-0.0...
GetData ===>> H2,-0.212157097594739,H1,-0.0161645110759999,AX,-0.120445538430925,L1,-0.0059234444218877,L2,-0.0...
GetData ===>> H2,-0.216568637202942,H1,-0.0119185310770707,AX,-0.132355659713004,L1,0.0177695616838244,L2,-0.02...
GetData ===>> H2,-0.00378239465504022,H1,0.00857443272150889,AX,-0.0846368792526258,L1,0.00423625873333206,L2,-...
GetData ===>> H2,-0.0988938116283618,H1,0.0248835313901409,AX,-0.10940304359936,L1,-0.048274395395519,L2,-0.031...
GetData ===>> H2,-0.163080507914408,H1,0.047961806515562,AX,-0.0419157887243687,L1,-0.0547674766403493,L2,0.010...
GetData ===>> H2,-0.202526799919606,H1,-0.00552536749986992,AX,-0.0335084811321456,L1,-0.0440393652009783,L2,0....
GetData ===>> H2,-0.150498439783655,H1,0.00108292102438696,AX,-0.030609241141493,L1,-0.00826690514011115,L2,-0....
GetData ===>> H2,-0.147128733135125,H1,-0.0428170407868354,AX,-0.0951722512400463,L1,0.0127370033165531,L2,-0.0...
GetData ===>> H2,-0.271533041908768,H1,-0.00460691306864978,AX,-0.23108051515371,L1,-0.0364817832494448,L2,0.09...
GetData ===>> H2,-0.125821192636356,H1,0.0215666157710405,AX,-0.100665491054633,L1,-0.0479464777384315,L2,-0.10...
GetData ===>> H2,-0.117643814403536,H1,-0.0228312903843396,AX,-0.0542297337824488,L1,-0.0110450102181573,L2,-0....
GetData ===>> H2,-0.191276643766603,H1,-0.0426739589063583,AX,-0.0571050822342115,L1,-0.00176647755375302,L2,-0...
GetData ===>> H2,-0.240083870410957,H1,-0.0290802473897898,AX,-0.0127132201862297,L1,-0.0166816915327629,L2,-0....
GetData ===>> H2,-0.212659475122491,H1,0.0155534950038174,AX,-0.192404535100387,L1,0.000693719485051528,L2,-0.0...
GetData ===>> H2,-0.302106964100149,H1,0.037830098916314,AX,-0.0665073422765278,L1,-0.0160172304725213,L2,-0.01...
GetData ===>> H2,-0.306617235332649,H1,-0.0237495776042927,AX,-0.0243233922360282,L1,-0.0414804845478354,L2,-0....
GetData ===>> H2,-0.229381953320615,H1,-0.101475297837106,AX,0.0046292262471844,L1,0.00105019788308466,L2,-0.04...
15:32:44 -- collecting point 50
GetData ===>> H2,-0.104227181396029,H1,0.019586063882593,AX,-0.0153114209280531,L1,-0.0203450344911372,L2,-0.05...
GetData ===>> H2,-0.157344896633828,H1,0.0644683032008821,AX,-0.0978493752111019,L1,0.00913734224993603,L2,0.07...
GetData ===>> H2,-0.141687818804219,H1,-0.0547040458656277,AX,-0.0787254448676617,L1,0.0100998465531248,L2,-0.0...
GetData ===>> H2,-0.25211989633655,H1,-0.0299746272577782,AX,0.0188999106649915,L1,-0.0064104110489208,L2,-0.04...
GetData ===>> H2,-0.248344715496559,H1,0.0181185717917256,AX,-0.0678521042234741,L1,-0.0539693594837693,L2,-0.0...
GetData ===>> H2,-0.209149099838249,H1,-0.00527488076349485,AX,-0.158582310092148,L1,-0.0523616967325314,L2,0.0...
GetData ===>> H2,-0.207022947526508,H1,-0.0610583049410749,AX,-0.226330848972528,L1,-0.0174600386645428,L2,-0.1...
GetData ===>> H2,-0.207747878332532,H1,0.00493596927764202,AX,-0.10513865975647,L1,-0.0336824754648037,L2,-0.05...
GetData ===>> H2,-0.182514705393431,H1,0.0107695041339674,AX,-0.209844231610326,L1,-0.0500538202650612,L2,0.088...
GetData ===>> H2,-0.144984835434262,H1,-0.0410642736553555,AX,-0.0352247905083915,L1,-0.0198330860520505,L2,-0....
GetData ===>> H2,-0.213340948906216,H1,-0.0233083237578978,AX,-0.149122036740977,L1,-0.00283197635780792,L2,-0....
measurement finished
estimated time: 62.915 actual time: :63.125
flush and close file /Users/jan/PychronDev/data/isotopes/dd/0ad256-df99-49c0-8cfd-a26dffb1b3ca.h5
activate_detectors ('H1', 'AX', 'CDD') {'peak_center': True}
peak_center () {'detector': 'H1', 'integration_time': 0.262144, 'isotope': 'Ar40'}
peak center: mean=552.7791421 threshold=3
peak center started
setup peak center. detector=['H1', 'AX', 'CDD'], isotope=Ar40
VersionedUnpickler [<apptools.sweet_pickle.versioned_unpickler.VersionedUnpickler object at 0x19eb120b0>] using Updater [<apptools.sweet_pickle.updater.Updater object at 0x134a15590>]
VersionedUnpickler [<apptools.sweet_pickle.versioned_unpickler.VersionedUnpickler object at 0x19eb120b0>] using Updater [<apptools.sweet_pickle.updater.Updater object at 0x134a15590>]
VersionedUnpickler [<apptools.sweet_pickle.versioned_unpickler.VersionedUnpickler object at 0x18c7a1b90>] using Updater [<apptools.sweet_pickle.updater.Updater object at 0x134a15590>]
setting integration time = 0.524288
SetIntegrationTime 0.524288 ===>> OK
Mapping mass to dac mass func: "parabolic"
H1 map mass coeffs = [-0.00063987  0.15840543  0.57121999]
H1 map mass to dac 39.9624 >> 5.87961
GetDeflection H1 ===>> 0
GetHighVoltage ===>> 4500
do peak center. <pychron.spectrometer.jobs.peak_center.PeakCenter object at 0x134a156b0>
doing pc
starting peak center. center dac= 5.87961 step_width=0.001
width = 0.001
get scan parameters. half-width=0.015,window=0.015, i=0, scalar=1
Scan parameters center=5.87961 width=0.03000 (5.86461 - 5.89461)
GetData ===>> H2,-0.150903547491864,H1,0.00618854012628418,AX,-0.102067724099763,L1,-0.0179984901192707,L2,-0.1...
Moving to starting dac 5.86461
setting magnet DAC
current  : 5.240266
requested: 5.864610
Delta Dac: 0.624344
Checking detector protection. dv=0.62434
Checking detector "CDD". Protection Threshold: 0.1 (V)
ProtectDetector CDD,On ===>> OK
GetDeflection CDD ===>> 2000
Protected = 2000
SetMagnetDAC 5.86461 ===>> OK
Magnet settling time: 0.500
GetMagnetMoving ===>> True
GetMagnetMoving ===>> True
GetMagnetMoving ===>> True
GetMagnetMoving ===>> True
GetMagnetMoving ===>> True
GetMagnetMoving ===>> True
GetMagnetMoving ===>> True
GetMagnetMoving ===>> True
GetMagnetMoving ===>> False
ProtectDetector CDD,Off ===>> OK
GetDeflection CDD ===>> 50
Wait until signal near baseline. tol= 0.00464140509471. timeout= 10
GetData ===>> H2,2.46071629915254,H1,0.683319596856324,AX,-0.00351456818397176,L1,0.0284304663255741,L2,-0.0089...
GetData ===>> H2,35.1442820537332,H1,13.910378757736,AX,0.826212111729813,L1,0.0172823306634921,L2,-0.187053486...
GetData ===>> H2,35.3215290378007,H1,15.8369577509867,AX,1.4868296288899,L1,-0.0214683546428272,L2,-0.085476550...
GetData ===>> H2,18.4220283439305,H1,7.68553707896025,AX,0.608114604342952,L1,0.0160849335943415,L2,-0.07758085...
GetData ===>> H2,7.47852808931516,H1,3.93516528140714,AX,0.261931606052036,L1,0.0410412892556391,L2,0.030885948...
GetData ===>> H2,2.52116887405593,H1,2.13979200393439,AX,-0.0487918465806301,L1,0.0151587881470692,L2,-0.110439...
GetData ===>> H2,0.829511396073696,H1,1.32819995959441,AX,0.00265701977627693,L1,0.0349911269542051,L2,-0.06759...
GetData ===>> H2,0.256044931110881,H1,0.948340829767891,AX,0.0337993450195693,L1,0.0315252206322346,L2,-0.01099...
GetData ===>> H2,0.117526032899014,H1,0.672264940797862,AX,-0.0923559763877626,L1,0.000882159355632385,L2,0.083...
GetData ===>> H2,-0.00341520603775012,H1,0.577393303673923,AX,0.0234716129764782,L1,-0.00345466500976637,L2,-0....
GetData ===>> H2,-0.105739682724037,H1,0.536000259014213,AX,0.0426890344256343,L1,-0.00564996514994559,L2,-0.11...
GetData ===>> H2,0.00300616014372468,H1,0.493525610678858,AX,0.0383717470687988,L1,-0.0112572033823612,L2,0.062...
GetData ===>> H2,0.0349310505929991,H1,0.439395030265177,AX,-0.0716312495030441,L1,-2.52002441718448E-05,L2,-0....
GetData ===>> H2,0.0514864618519125,H1,0.489131060332171,AX,-0.0618469027601612,L1,0.00991303712266011,L2,0.047...
GetData ===>> H2,0.0249734027968216,H1,0.520995911309519,AX,-0.0515050308436063,L1,0.0157778085734631,L2,-0.079...
GetData ===>> H2,-0.0276973249956875,H1,0.523217751245331,AX,-0.0341347056278487,L1,0.00130226093159081,L2,0.01...
GetData ===>> H2,-0.0556555481632944,H1,0.541997847118236,AX,-0.0198001132566679,L1,-0.0163269297228612,L2,-0.1...
GetData ===>> H2,-0.123099209867495,H1,0.449488279433052,AX,-0.0158333725324735,L1,0.00715094098627366,L2,0.030...
GetData ===>> H2,-0.113582692560962,H1,0.404267917773704,AX,-0.054496402737371,L1,-0.00266759932575149,L2,-0.04...
GetData ===>> H2,-0.110501712752711,H1,0.448316262372006,AX,-0.121951762717308,L1,-0.0191399452946847,L2,0.0036...
GetData ===>> H2,-0.092670421326401,H1,0.548402042005525,AX,-0.124315329200648,L1,0.00438754365580888,L2,0.0897...
Peak center failed to move to a baseline position
_do_sweep sm= 5.86461, em= 5.89461, stm= 0.001
calculated step values: start=5.86461, end=5.89461, width=0.001, nsteps=31.0
setting magnet DAC
current  : 5.864610
requested: 5.864610
Delta Dac: 0.000000
Checking detector protection. dv=0.00000
Checking detector "CDD". Protection Threshold: 0.1 (V)
SetMagnetDAC 5.86461 ===>> OK
GetData ===>> H2,-0.092670421326401,H1,0.548402042005525,AX,-0.124315329200648,L1,0.00438754365580888,L2,0.0897...
setting magnet DAC
current  : 5.864610
requested: 5.865644
Delta Dac: 0.001034
Checking detector protection. dv=0.00103
Checking detector "CDD". Protection Threshold: 0.1 (V)
SetMagnetDAC 5.86564448276 ===>> OK
Magnet settling time: 1.049
GetData ===>> H2,-0.174719719202702,H1,1.08368383451134,AX,0.0880537490542319,L1,0.00664032386443556,L2,-0.0122...
setting magnet DAC
current  : 5.865644
requested: 5.866679
Delta Dac: 0.001034
Checking detector protection. dv=0.00103
Checking detector "CDD". Protection Threshold: 0.1 (V)
SetMagnetDAC 5.86667896552 ===>> OK
Magnet settling time: 1.049
GetData ===>> H2,-0.19559443366409,H1,3.58405080317346,AX,0.355645676694782,L1,-0.0556353633942973,L2,-0.077444...
setting magnet DAC
current  : 5.866679
requested: 5.867713
Delta Dac: 0.001034
Checking detector protection. dv=0.00103
Checking detector "CDD". Protection Threshold: 0.1 (V)
SetMagnetDAC 5.86771344828 ===>> OK
Magnet settling time: 1.049
GetData ===>> H2,-0.15761236191409,H1,13.8140656174932,AX,1.09414024446724,L1,-0.0265233633883622,L2,0.06228321...
setting magnet DAC
current  : 5.867713
requested: 5.868748
Delta Dac: 0.001034
Checking detector protection. dv=0.00103
Checking detector "CDD". Protection Threshold: 0.1 (V)
SetMagnetDAC 5.86874793103 ===>> OK
Magnet settling time: 1.049
GetData ===>> H2,-0.0861287964786232,H1,47.4530999202867,AX,3.64230575406625,L1,0.0241599196897764,L2,-0.011591...
setting magnet DAC
current  : 5.868748
requested: 5.869782
Delta Dac: 0.001034
Checking detector protection. dv=0.00103
Checking detector "CDD". Protection Threshold: 0.1 (V)
SetMagnetDAC 5.86978241379 ===>> OK
Magnet settling time: 1.049
GetData ===>> H2,-0.0949683023660789,H1,129.88839322161,AX,11.0443145807875,L1,0.0737845952794866,L2,-0.1021077...
setting magnet DAC
current  : 5.869782
requested: 5.870817
Delta Dac: 0.001034
Checking detector protection. dv=0.00103
Checking detector "CDD". Protection Threshold: 0.1 (V)
SetMagnetDAC 5.87081689655 ===>> OK
Magnet settling time: 1.049
GetData ===>> H2,-0.0746610449122693,H1,260.730240814844,AX,24.9269706892052,L1,0.112189341730582,L2,-0.0372730...
setting magnet DAC
current  : 5.870817
requested: 5.871851
Delta Dac: 0.001034
Checking detector protection. dv=0.00103
Checking detector "CDD". Protection Threshold: 0.1 (V)
SetMagnetDAC 5.87185137931 ===>> OK
Magnet settling time: 1.049
GetData ===>> H2,-0.132956368068888,H1,391.22293746732,AX,41.1400433359775,L1,0.30765667280984,L2,-0.0214047618...
setting magnet DAC
current  : 5.871851
requested: 5.872886
Delta Dac: 0.001034
Checking detector protection. dv=0.00103
Checking detector "CDD". Protection Threshold: 0.1 (V)
SetMagnetDAC 5.87288586207 ===>> OK
Magnet settling time: 1.049
GetData ===>> H2,-0.217500280700764,H1,474.857690973749,AX,53.6581421122969,L1,0.455843285840642,L2,0.048064309...
setting magnet DAC
current  : 5.872886
requested: 5.873920
Delta Dac: 0.001034
Checking detector protection. dv=0.00103
Checking detector "CDD". Protection Threshold: 0.1 (V)
SetMagnetDAC 5.87392034483 ===>> OK
Magnet settling time: 1.049
GetData ===>> H2,-0.284471131169553,H1,512.338391796463,AX,60.7480383459539,L1,0.585982794462988,L2,0.065564802...
setting magnet DAC
current  : 5.873920
requested: 5.874955
Delta Dac: 0.001034
Checking detector protection. dv=0.00103
Checking detector "CDD". Protection Threshold: 0.1 (V)
SetMagnetDAC 5.87495482759 ===>> OK
Magnet settling time: 1.049
GetData ===>> H2,-0.248940597453517,H1,524.528980564986,AX,63.4027200264834,L1,0.68164353099627,L2,0.1508115221...
setting magnet DAC
current  : 5.874955
requested: 5.875989
Delta Dac: 0.001034
Checking detector protection. dv=0.00103
Checking detector "CDD". Protection Threshold: 0.1 (V)
SetMagnetDAC 5.87598931034 ===>> OK
Magnet settling time: 1.049
GetData ===>> H2,-0.152888915326057,H1,527.929360247865,AX,63.9760241517754,L1,0.75283018149426,L2,0.1705665813...
setting magnet DAC
current  : 5.875989
requested: 5.877024
Delta Dac: 0.001034
Checking detector protection. dv=0.00103
Checking detector "CDD". Protection Threshold: 0.1 (V)
SetMagnetDAC 5.8770237931 ===>> OK
Magnet settling time: 1.049
GetData ===>> H2,-0.216832520900737,H1,528.801471490614,AX,64.3422038904281,L1,0.790360120069887,L2,0.029655786...
setting magnet DAC
current  : 5.877024
requested: 5.878058
Delta Dac: 0.001034
Checking detector protection. dv=0.00103
Checking detector "CDD". Protection Threshold: 0.1 (V)
SetMagnetDAC 5.87805827586 ===>> OK
Magnet settling time: 1.049
GetData ===>> H2,-0.128174850121947,H1,528.46594862948,AX,64.2012682987813,L1,0.741746582891511,L2,0.1463409658...
setting magnet DAC
current  : 5.878058
requested: 5.879093
Delta Dac: 0.001034
Checking detector protection. dv=0.00103
Checking detector "CDD". Protection Threshold: 0.1 (V)
SetMagnetDAC 5.87909275862 ===>> OK
Magnet settling time: 1.049
GetData ===>> H2,-0.252983155393206,H1,528.767270142024,AX,64.353932300767,L1,0.79487877689967,L2,0.24905678025...
setting magnet DAC
current  : 5.879093
requested: 5.880127
Delta Dac: 0.001034
Checking detector protection. dv=0.00103
Checking detector "CDD". Protection Threshold: 0.1 (V)
SetMagnetDAC 5.88012724138 ===>> OK
Magnet settling time: 1.049
GetData ===>> H2,-0.148916203061211,H1,528.602897859141,AX,64.3360314694624,L1,0.820139541710934,L2,0.139612716...
setting magnet DAC
current  : 5.880127
requested: 5.881162
Delta Dac: 0.001034
Checking detector protection. dv=0.00103
Checking detector "CDD". Protection Threshold: 0.1 (V)
SetMagnetDAC 5.88116172414 ===>> OK
Magnet settling time: 1.049
GetData ===>> H2,-0.0415303221152643,H1,528.400837247238,AX,64.4380684759866,L1,0.796736626024939,L2,0.14255484...
setting magnet DAC
current  : 5.881162
requested: 5.882196
Delta Dac: 0.001034
Checking detector protection. dv=0.00103
Checking detector "CDD". Protection Threshold: 0.1 (V)
SetMagnetDAC 5.8821962069 ===>> OK
Magnet settling time: 1.049
GetData ===>> H2,-0.222972808858331,H1,527.809525331545,AX,64.3987260821918,L1,0.828587699766753,L2,0.162581944...
setting magnet DAC
current  : 5.882196
requested: 5.883231
Delta Dac: 0.001034
Checking detector protection. dv=0.00103
Checking detector "CDD". Protection Threshold: 0.1 (V)
SetMagnetDAC 5.88323068966 ===>> OK
Magnet settling time: 1.049
GetData ===>> H2,-0.348643154788449,H1,526.476006805674,AX,64.0572286446819,L1,0.771535514780574,L2,0.142874147...
setting magnet DAC
current  : 5.883231
requested: 5.884265
Delta Dac: 0.001034
Checking detector protection. dv=0.00103
Checking detector "CDD". Protection Threshold: 0.1 (V)
SetMagnetDAC 5.88426517241 ===>> OK
Magnet settling time: 1.049
GetData ===>> H2,-0.12783690519269,H1,523.740651551354,AX,63.1906893136488,L1,0.822147298332997,L2,0.1491920618...
setting magnet DAC
current  : 5.884265
requested: 5.885300
Delta Dac: 0.001034
Checking detector protection. dv=0.00103
Checking detector "CDD". Protection Threshold: 0.1 (V)
SetMagnetDAC 5.88529965517 ===>> OK
Magnet settling time: 1.049
GetData ===>> H2,-0.292142043395092,H1,510.545570292055,AX,60.12709098971,L1,0.830672059391419,L2,0.15110804599...
setting magnet DAC
current  : 5.885300
requested: 5.886334
Delta Dac: 0.001034
Checking detector protection. dv=0.00103
Checking detector "CDD". Protection Threshold: 0.1 (V)
SetMagnetDAC 5.88633413793 ===>> OK
Magnet settling time: 1.049
GetData ===>> H2,-0.247498589785035,H1,471.274339687706,AX,52.4645131543969,L1,0.725330740620624,L2,0.126910157...
setting magnet DAC
current  : 5.886334
requested: 5.887369
Delta Dac: 0.001034
Checking detector protection. dv=0.00103
Checking detector "CDD". Protection Threshold: 0.1 (V)
SetMagnetDAC 5.88736862069 ===>> OK
Magnet settling time: 1.049
GetData ===>> H2,-0.180803783168477,H1,386.082417094214,AX,38.908150913091,L1,0.517792924908409,L2,0.0832280507...
setting magnet DAC
current  : 5.887369
requested: 5.888403
Delta Dac: 0.001034
Checking detector protection. dv=0.00103
Checking detector "CDD". Protection Threshold: 0.1 (V)
SetMagnetDAC 5.88840310345 ===>> OK
Magnet settling time: 1.049
GetData ===>> H2,-0.11786705955589,H1,264.424271687042,AX,23.2477074639893,L1,0.341322163372783,L2,0,CDD,0.0139...
setting magnet DAC
current  : 5.888403
requested: 5.889438
Delta Dac: 0.001034
Checking detector protection. dv=0.00103
Checking detector "CDD". Protection Threshold: 0.1 (V)
SetMagnetDAC 5.88943758621 ===>> OK
Magnet settling time: 1.049
GetData ===>> H2,-0.294257608702126,H1,88.8174099150035,AX,5.83861178260756,L1,0.179678901734277,L2,-0.14113323...
setting magnet DAC
current  : 5.889438
requested: 5.890472
Delta Dac: 0.001034
Checking detector protection. dv=0.00103
Checking detector "CDD". Protection Threshold: 0.1 (V)
SetMagnetDAC 5.89047206897 ===>> OK
Magnet settling time: 1.049
GetData ===>> H2,-0.167860441567922,H1,31.3604958936574,AX,1.61680652113964,L1,0.147723389013628,L2,0.028516761...
setting magnet DAC
current  : 5.890472
requested: 5.891507
Delta Dac: 0.001034
Checking detector protection. dv=0.00103
Checking detector "CDD". Protection Threshold: 0.1 (V)
SetMagnetDAC 5.89150655172 ===>> OK
Magnet settling time: 1.049
GetData ===>> H2,-0.155458952184035,H1,9.10379681233466,AX,0.375101356692067,L1,0.100421027007601,L2,0.01865337...
setting magnet DAC
current  : 5.891507
requested: 5.892541
Delta Dac: 0.001034
Checking detector protection. dv=0.00103
Checking detector "CDD". Protection Threshold: 0.1 (V)
SetMagnetDAC 5.89254103448 ===>> OK
Magnet settling time: 1.049
GetData ===>> H2,-0.196522411455493,H1,2.2619043477121,AX,-0.0678752896112755,L1,0.0428575267547673,L2,0.044601...
setting magnet DAC
current  : 5.892541
requested: 5.893576
Delta Dac: 0.001034
Checking detector protection. dv=0.00103
Checking detector "CDD". Protection Threshold: 0.1 (V)
SetMagnetDAC 5.89357551724 ===>> OK
Magnet settling time: 1.049
GetData ===>> H2,-0.146751734952398,H1,0.29284648384722,AX,-0.243508231641215,L1,0.0271092378723807,L2,-0.12039...
setting magnet DAC
current  : 5.893576
requested: 5.894610
Delta Dac: 0.001034
Checking detector protection. dv=0.00103
Checking detector "CDD". Protection Threshold: 0.1 (V)
SetMagnetDAC 5.89461 ===>> OK
Magnet settling time: 1.049
GetData ===>> H2,-0.138748792438469,H1,-0.0521765360988134,AX,-0.101302872216938,L1,0.00585167503970698,L2,0.05...
result of _do_sweep=True
result of _calculate_peak_center=([5.8718368675281605, 5.8795571356506118, 5.8872774037730631], [389.06371566858161, 528.79878192860087, 393.59433010849511], 5.8770320855504119, 528.79878192860087)
Failed to find a valid peak. No peak greater than 1.0. max = 0.0231639694701
new center pos Detector(H1) (Ar40) @ 5.87955713565
GetHighVoltage ===>> 4500
GetDeflection H1 ===>> 0
dac uncorrected for HV and deflection 5.87955713565
update mftable H1 Ar40 5.87955713565 message=automated run peakcenter
get initial guess parabolic
get initial guess parabolic
get initial guess parabolic
get initial guess parabolic
get initial guess parabolic
get initial guess parabolic
dump mftable to /Users/jan/PychronDev/setupfiles/spectrometer/mftables/mftable.csv
add to repo msg=modified - automated run peakcenter
locally archiving mftable
setting magnet DAC
current  : 5.894610
requested: 5.879557
Delta Dac: 0.015053
Checking detector protection. dv=0.01505
Checking detector "CDD". Protection Threshold: 0.1 (V)
SetMagnetDAC 5.87955713565 ===>> OK
Magnet settling time: 0.500
sweep finished
setting integration time = 1.048576
SetIntegrationTime 1.048576 ===>> OK
Failed to find a valid peak. No peak greater than 1.0. max = 0.0232122986564
flush and close file /Users/jan/PychronDev/data/isotopes/dd/0ad256-df99-49c0-8cfd-a26dffb1b3ca.h5
finished measure script
executed snippet estimated_duration=226.132928, duration=272.683710814
jan_unknown120_60.py completed successfully
Measurement Finished
15:33:42 -- ******* Measurement Finished *******
Post Measurement Started jan_pump_ms.py
15:33:42 -- ******* Post Measurement Started jan_pump_ms.py *******
testing...
no interpolation path defined
executed snippet estimated_duration=0, duration=3.88622283936e-05
Pumping spectrometer
open () {'name': 'O'}
opening name=O desc=---
checking ownership. requestor=129.138.12.150
check software interlocks O
interlocks []
actuate state mode=None-script, software_lock=False
doing actuation None-script open_channel True
Open O ===>> OK
GetIndicatorState O ===>> OK
change switch state (True, True)
update switch state O True args=() kw={} ncanvase=2
15:33:42 -- OPEN   VALVE-O (Jan Ion Pump)
---------------------------------------- open O () result=[(True, True)], time=0.10 sec
action=open, ok=True, locked=[False]
executed snippet estimated_duration=0, duration=0.347144842148
jan_pump_ms.py completed successfully
setting _ms_pumptime
Post Measurement Finished
15:33:42 -- ******* Post Measurement Finished *******
$$$$$$$$$$$$$$$$$$$$ state at run end measurement
state changed from measurement to success
post measurement save measured=True aborted=False
Set filtering
setting fod for Ar40= {'filter_outliers': True, 'std_devs': 2, 'iterations': 1}
setting fod for H1= {'filter_outliers': True, 'std_devs': 2, 'iterations': 1}
setting fod for PM41= {'filter_outliers': False, 'std_devs': 2, 'iterations': 1}
setting fod for H2= {'filter_outliers': True, 'std_devs': 2, 'iterations': 1}
setting fod for Ar36= {'filter_outliers': True, 'std_devs': 2, 'iterations': 1}
setting fod for CDD= {'filter_outliers': True, 'std_devs': 10, 'iterations': 1}
setting fod for Ar37= {'filter_outliers': True, 'std_devs': 2, 'iterations': 1}
setting fod for L2= {'filter_outliers': True, 'std_devs': 2, 'iterations': 1}
setting fod for Ar38= {'filter_outliers': True, 'std_devs': 2, 'iterations': 1}
setting fod for L1= {'filter_outliers': True, 'std_devs': 2, 'iterations': 1}
setting fod for Ar39= {'filter_outliers': True, 'std_devs': 2, 'iterations': 1}
setting fod for AX= {'filter_outliers': True, 'std_devs': 2, 'iterations': 1}
persistence save...
persistence save - db
post measurement save
6845603184 connecting to database sqlite:////Users/jan/PychronDev/.appdata/local_lab.db
connected to db sqlite:////Users/jan/PychronDev/.appdata/local_lab.db
create new session 6845603184
close session 6845603184
No database instance. Not saving post measurement to isotopedb database
$$$$$$$$$$$$$$$ auto_save_detector_ic=False
massspec enabled True
create new session 4979675504
MassSpec Database Version: 16.0
close session 4979675504
saving post measurement to secondary database
saving to massspec database 129.138.12.160/massspecdata
setting labnumber to 25320
setting aliquot to 3
setting step to 
setting uuid to dd0ad256-df99-49c0-8cfd-a26dffb1b3ca
setting irradpos to 25320
setting extract_device to Fusions CO2
setting tray to 
setting position to 147
setting power_requested to 5.0
setting extract_value to 5.0
setting duration to 30.0
setting duration_at_request to 30.0
setting first_stage_delay to 30.0
setting cleanup to 30.0
setting comment to K:9
setting irradiation to NM-288
setting level to K
setting irradiation_level to K
setting sample to FC-2
setting material to Sanidine
setting project to Irradiation-NM-288
setting mass_spectrometer to Jan
no attribute chron_dosages
no attribute production_ratios
no attribute interference_corrections
no attribute production_name
no attribute j
Reference Isotope=Ar40
Reference Detector=H1
%%%%%%%%%%%%%%%%%%%% Comment: K:9 %%%%%%%%%%%%%%%%%%%
adding isotope PM41 H2
add baseline dbdet= PM41. original det= H2
get baseline data PM41 H2
Get data baseline <pychron.processing.isotope.Baseline object at 0x19d96cb10> len t=60
baseline PM41. v=-0.173452808133, e=0.00663091741707
get signal data PM41 H2
Get data signal PM41 0.03+/-0.07 len t=120
adding isotope Ar40 H1
add baseline dbdet= Ar40. original det= H1
get baseline data Ar40 H1
Get data baseline <pychron.processing.isotope.Baseline object at 0x19d96c090> len t=60
baseline Ar40. v=-0.0149787347904, e=0.00466074540086
get signal data Ar40 H1
Get data signal Ar40 578.68+/-0.04 len t=120
adding isotope Ar39 AX
add baseline dbdet= Ar39. original det= AX
get baseline data Ar39 AX
Get data baseline <pychron.processing.isotope.Baseline object at 0x19d96c990> len t=60
baseline Ar39. v=-0.0771243253797, e=0.00729363122645
get signal data Ar39 AX
Get data signal Ar39 70.532+/-0.018 len t=120
adding isotope Ar38 L1
add baseline dbdet= Ar38. original det= L1
get baseline data Ar38 L1
Get data baseline <pychron.processing.isotope.Baseline object at 0x18fd8fd90> len t=60
baseline Ar38. v=-0.0219371505204, e=0.00274610429716
get signal data Ar38 L1
Get data signal Ar38 0.917+/-0.005 len t=120
adding isotope Ar37 L2
add baseline dbdet= Ar37. original det= L2
get baseline data Ar37 L2
Get data baseline <pychron.processing.isotope.Baseline object at 0x18fd8fa10> len t=60
baseline Ar37. v=-0.0239269568935, e=0.00680801311192
get signal data Ar37 L2
Get data signal Ar37 0.201+/-0.012 len t=120
adding isotope Ar36 CDD
add baseline dbdet= Ar36. original det= CDD
get baseline data Ar36 CDD
Get data baseline <pychron.processing.isotope.Baseline object at 0x18fd8f650> len t=60
baseline Ar36. v=0.000148865412858, e=2.09334688178e-05
get signal data Ar36 CDD
Get data signal Ar36 0.01317+/-0.00030 len t=120
25320-03 added analysis time 0.51790189743s
analysis added to mass spec database
mass spec save time= 0.531
persistence save - dvc
================= post measurement started
create new session 4982376208
close session 4982376208
---------------- Experiment Queue saving disabled
DVC saving peakcenter
Failed to find a valid peak. No peak greater than 1.0. max = 0.0232122986564
Smart pull ahead: 0 behind: 0
Up-to-date with origin
add to repo msg=modified - ad8224ebc6dbfeb9f5997218dfa5fe690569839d.json
add to repo msg=modified - 20-03.json
add to repo msg=modified - 20-03.dat.json
add to repo msg=modified - 20-03.blan.json
add to repo msg=modified - 20-03.inte.json
add to repo msg=modified - 20-03.icfa.json
add to repo msg=modified - 20-03.base.json
not at valid file /Users/jan/PychronDev/data/.dvc/repositories/Load1788/253/tags/20-03.tags.json
add to repo msg=modified - 20-03.peak.json
add to repo msg=modified - 20-03.extr.json
not at valid file /Users/jan/PychronDev/data/.dvc/repositories/Load1788/253/monitor/20-03.moni.json
commit message=<COLLECTION>
add to repo msg=modified - 20-03.inte.json
add to repo msg=modified - 20-03.base.json
commit message=<ISOEVO> default collection fits
add to repo msg=modified - 20-03.blan.json
commit message=<BLANKS> preceding ba-01-J-2291
add to repo msg=modified - 20-03.icfa.json
commit message=<ICFactor> default
push repository <pychron.git_archive.repo_manager.GitRepoManager object at 0x18d4d08f0>
pushing to remote=origin, url=https://github.com
no changes to meta repo
create new session 4982376208
add association Load1788
get identifier "25320"
setting analysis irradiation position=<pychron.dvc.dvc_orm.IrradiationPositionTbl object at 0x18c6d25d0>
close session 4982376208
================= post measurement finished
15:33:56 -- ******* Post Run Check *******
loading queue conditionals post_run_actions
loading system conditionals post_run_actions
loading conditionals from /Users/jan/PychronDev/setupfiles/spectrometer/default_conditionals.yaml
loading queue conditionals post_run_terminations
loading system conditionals post_run_terminations
loading conditionals from /Users/jan/PychronDev/setupfiles/spectrometer/default_conditionals.yaml
Checking default post run terminations n=1
GetDeflection CDD ===>> 50
testing CDD==2000
evaluate ot="CDD.deflection==2000" t="CDD==2000", ctx="{'CDD': 50.0}"
15:33:56 -- ******* Post Run Check Passed *******
15:33:56 -- Automated run 25320-03 success duration: 364.193 s
----------------- finish -----------------
----------------- stop -----------------
retroactive repository identifiers disabled
finish run. runs completed=32
update duration runid=25320-03, duration=364.192863226, md5=301e91d8
loading script "jan_unknown120_60.py"
loading script "jan_pump_ms.py"
loading script "jan_co2.py"
loading script "jan_pump_extraction_line.py"
testing...
no interpolation path defined
executed snippet estimated_duration=213.652928, duration=0.000288963317871
script duration name:unknown120_60 seconds:214.0
loading script "jan_unknown120_60.py"
loading script "jan_pump_ms.py"
loading script "jan_co2.py"
loading script "jan_pump_extraction_line.py"
testing...
no interpolation path defined
executed snippet estimated_duration=0, duration=2.40802764893e-05
loading script "jan_unknown120_60.py"
loading script "jan_pump_ms.py"
loading script "jan_co2.py"
loading script "jan_pump_extraction_line.py"
testing...
no interpolation path defined
calculate duration
testing...
no interpolation path defined
executed snippet estimated_duration=0, duration=5.50746917725e-05
calculate duration
testing...
no interpolation path defined
executed snippet estimated_duration=0, duration=9.3936920166e-05
executed snippet estimated_duration=0.0, duration=0.00277495384216
script duration name:co2 seconds:0.0
loading script "jan_unknown120_60.py"
loading script "jan_pump_ms.py"
loading script "jan_co2.py"
loading script "jan_pump_extraction_line.py"
testing...
no interpolation path defined
calculate duration
testing...
no interpolation path defined
executed snippet estimated_duration=4.0, duration=0.000146865844727
executed snippet estimated_duration=4.0, duration=0.00125694274902
Script duration 214.0
Run total estimated duration= 215.000
unknown120_60 in script context. using previous estimated duration
script duration name:unknown120_60 seconds:214.0
pump_ms in script context. using previous estimated duration
co2 in script context. using previous estimated duration
script duration name:co2 seconds:0.0
pump_extraction_line in script context. using previous estimated duration
Script duration 214.0
Run total estimated duration= 215.000
script duration name:unknown120_60 seconds:214.0
script duration name:co2 seconds:0.0
Script duration 214.0
Run total estimated duration= 215.000
loading script "jan_unknown400_120.py"
loading script "jan_pump_ms.py"
loading script "jan_co2.py"
loading script "jan_pump_extraction_line.py"
testing...
no interpolation path defined
executed snippet estimated_duration=556.052928, duration=0.000282049179077
script duration name:unknown400_120 seconds:556.0
script duration name:co2 seconds:0.0
Script duration 556.0
Run total estimated duration= 557.000
unknown400_120 in script context. using previous estimated duration
script duration name:unknown400_120 seconds:556.0
loading script "jan_unknown400_120.py"
loading script "jan_pump_ms.py"
loading script "jan_cocktail_x1.py"
loading script "jan_pump_extraction_line.py"
testing...
no interpolation path defined
calculate duration
testing...
no interpolation path defined
executed snippet estimated_duration=0, duration=4.60147857666e-05
calculate duration
testing...
no interpolation path defined
executed snippet estimated_duration=0, duration=0.000177145004272
calculate duration
testing...
no interpolation path defined
executed snippet estimated_duration=32.0, duration=9.58442687988e-05
calculate duration
testing...
no interpolation path defined
executed snippet estimated_duration=34.0, duration=0.000127077102661
calculate duration
testing...
no interpolation path defined
executed snippet estimated_duration=4.0, duration=6.50882720947e-05
calculate duration
testing...
no interpolation path defined
executed snippet estimated_duration=38.0, duration=0.000102996826172
executed snippet estimated_duration=108.0, duration=0.00756192207336
script duration name:cocktail_x1 seconds:108.0
Script duration 664.0
Run total estimated duration= 665.000
script duration name:unknown120_60 seconds:214.0
cocktail_x1 in script context. using previous estimated duration
script duration name:cocktail_x1 seconds:108.0
Script duration 322.0
Run total estimated duration= 323.000
script duration name:unknown120_60 seconds:214.0
script duration name:co2 seconds:0.0
Script duration 214.0
Run total estimated duration= 215.000
script duration name:unknown120_60 seconds:214.0
script duration name:co2 seconds:0.0
Script duration 214.0
Run total estimated duration= 215.000
script duration name:unknown120_60 seconds:214.0
script duration name:co2 seconds:0.0
Script duration 214.0
Run total estimated duration= 215.000
script duration name:unknown120_60 seconds:214.0
script duration name:co2 seconds:0.0
Script duration 214.0
Run total estimated duration= 215.000
script duration name:unknown120_60 seconds:214.0
script duration name:co2 seconds:0.0
Script duration 214.0
Run total estimated duration= 215.000
script duration name:unknown120_60 seconds:214.0
script duration name:co2 seconds:0.0
Script duration 214.0
Run total estimated duration= 215.000
script duration name:unknown120_60 seconds:214.0
script duration name:co2 seconds:0.0
Script duration 214.0
Run total estimated duration= 215.000
script duration name:unknown120_60 seconds:214.0
script duration name:co2 seconds:0.0
Script duration 214.0
Run total estimated duration= 215.000
script duration name:unknown120_60 seconds:214.0
script duration name:co2 seconds:0.0
Script duration 214.0
Run total estimated duration= 215.000
script duration name:unknown120_60 seconds:214.0
script duration name:co2 seconds:0.0
Script duration 214.0
Run total estimated duration= 215.000
script duration name:unknown400_120 seconds:556.0
script duration name:co2 seconds:0.0
Script duration 556.0
Run total estimated duration= 557.000
script duration name:unknown400_120 seconds:556.0
loading script "jan_unknown400_120.py"
loading script "jan_pump_ms.py"
loading script "jan_sniffair_x2.py"
loading script "jan_pump_extraction_line.py"
testing...
no interpolation path defined
calculate duration
testing...
no interpolation path defined
executed snippet estimated_duration=0, duration=4.79221343994e-05
calculate duration
testing...
no interpolation path defined
executed snippet estimated_duration=0, duration=0.000138998031616
calculate duration
testing...
no interpolation path defined
executed snippet estimated_duration=32.0, duration=8.89301300049e-05
calculate duration
testing...
no interpolation path defined
executed snippet estimated_duration=34.0, duration=9.20295715332e-05
calculate duration
testing...
no interpolation path defined
executed snippet estimated_duration=4.0, duration=6.19888305664e-05
calculate duration
testing...
no interpolation path defined
executed snippet estimated_duration=36.0, duration=8.29696655273e-05
calculate duration
testing...
no interpolation path defined
executed snippet estimated_duration=34.0, duration=0.000123023986816
calculate duration
testing...
no interpolation path defined
executed snippet estimated_duration=4.0, duration=6.60419464111e-05
calculate duration
testing...
no interpolation path defined
executed snippet estimated_duration=36.0, duration=8.39233398438e-05
calculate duration
testing...
no interpolation path defined
executed snippet estimated_duration=70.0, duration=9.29832458496e-05
executed snippet estimated_duration=250.0, duration=0.0118939876556
script duration name:sniffair_x2 seconds:250.0
Script duration 806.0
Run total estimated duration= 807.000
script duration name:unknown400_120 seconds:556.0
sniffair_x2 in script context. using previous estimated duration
script duration name:sniffair_x2 seconds:250.0
Script duration 806.0
Run total estimated duration= 807.000
loading script "jan_ic_peak_hop3.py"
loading script "jan_pump_ms.py"
loading script "jan_sniffair_x1.py"
loading script "jan_pump_extraction_line.py"
testing...
no interpolation path defined
executed snippet estimated_duration=133.8, duration=0.0081479549408
script duration name:ic_peak_hop3 seconds:134.0
loading script "jan_ic_peak_hop3.py"
loading script "jan_pump_ms.py"
loading script "jan_sniffair_x1.py"
loading script "jan_pump_extraction_line.py"
testing...
no interpolation path defined
calculate duration
testing...
no interpolation path defined
executed snippet estimated_duration=0, duration=4.19616699219e-05
calculate duration
testing...
no interpolation path defined
executed snippet estimated_duration=0, duration=9.29832458496e-05
calculate duration
testing...
no interpolation path defined
executed snippet estimated_duration=32.0, duration=8.51154327393e-05
calculate duration
testing...
no interpolation path defined
executed snippet estimated_duration=34.0, duration=9.01222229004e-05
calculate duration
testing...
no interpolation path defined
executed snippet estimated_duration=4.0, duration=7.20024108887e-05
calculate duration
testing...
no interpolation path defined
executed snippet estimated_duration=70.0, duration=9.58442687988e-05
executed snippet estimated_duration=140.0, duration=0.00610089302063
script duration name:sniffair_x1 seconds:140.0
Script duration 274.0
Run total estimated duration= 275.000
script duration name:unknown120_60 seconds:214.0
script duration name:co2 seconds:0.0
Script duration 214.0
Run total estimated duration= 215.000
script duration name:unknown120_60 seconds:214.0
script duration name:co2 seconds:0.0
Script duration 214.0
Run total estimated duration= 215.000
script duration name:unknown120_60 seconds:214.0
script duration name:co2 seconds:0.0
Script duration 214.0
Run total estimated duration= 215.000
script duration name:unknown120_60 seconds:214.0
script duration name:co2 seconds:0.0
Script duration 214.0
Run total estimated duration= 215.000
script duration name:unknown120_60 seconds:214.0
script duration name:co2 seconds:0.0
Script duration 214.0
Run total estimated duration= 215.000
script duration name:unknown120_60 seconds:214.0
script duration name:cocktail_x1 seconds:108.0
Script duration 322.0
Run total estimated duration= 323.000
script duration name:unknown120_60 seconds:214.0
script duration name:co2 seconds:0.0
Script duration 214.0
Run total estimated duration= 215.000
script duration name:unknown120_60 seconds:214.0
script duration name:co2 seconds:0.0
Script duration 214.0
Run total estimated duration= 215.000
script duration name:unknown120_60 seconds:214.0
script duration name:co2 seconds:0.0
Script duration 214.0
Run total estimated duration= 215.000
script duration name:unknown120_60 seconds:214.0
script duration name:co2 seconds:0.0
Script duration 214.0
Run total estimated duration= 215.000
script duration name:unknown120_60 seconds:214.0
script duration name:co2 seconds:0.0
Script duration 214.0
Run total estimated duration= 215.000
script duration name:unknown400_120 seconds:556.0
script duration name:co2 seconds:0.0
Script duration 556.0
Run total estimated duration= 557.000
script duration name:unknown120_60 seconds:214.0
script duration name:co2 seconds:0.0
Script duration 214.0
Run total estimated duration= 215.000
script duration name:unknown400_120 seconds:556.0
script duration name:cocktail_x1 seconds:108.0
Script duration 664.0
Run total estimated duration= 665.000
script duration name:unknown120_60 seconds:214.0
script duration name:co2 seconds:0.0
Script duration 214.0
Run total estimated duration= 215.000
script duration name:unknown120_60 seconds:214.0
script duration name:co2 seconds:0.0
Script duration 214.0
Run total estimated duration= 215.000
script duration name:unknown120_60 seconds:214.0
script duration name:co2 seconds:0.0
Script duration 214.0
Run total estimated duration= 215.000
script duration name:unknown120_60 seconds:214.0
script duration name:co2 seconds:0.0
Script duration 214.0
Run total estimated duration= 215.000
script duration name:unknown120_60 seconds:214.0
script duration name:co2 seconds:0.0
Script duration 214.0
Run total estimated duration= 215.000
script duration name:unknown120_60 seconds:214.0
script duration name:co2 seconds:0.0
Script duration 214.0
Run total estimated duration= 215.000
script duration name:unknown120_60 seconds:214.0
script duration name:co2 seconds:0.0
Script duration 214.0
Run total estimated duration= 215.000
script duration name:unknown120_60 seconds:214.0
script duration name:co2 seconds:0.0
Script duration 214.0
Run total estimated duration= 215.000
script duration name:unknown120_60 seconds:214.0
script duration name:co2 seconds:0.0
Script duration 214.0
Run total estimated duration= 215.000
script duration name:unknown400_120 seconds:556.0
script duration name:co2 seconds:0.0
Script duration 556.0
Run total estimated duration= 557.000
script duration name:unknown400_120 seconds:556.0
script duration name:sniffair_x2 seconds:250.0
Script duration 806.0
Run total estimated duration= 807.000
script duration name:unknown400_120 seconds:556.0
script duration name:sniffair_x2 seconds:250.0
Script duration 806.0
Run total estimated duration= 807.000
script duration name:unknown120_60 seconds:214.0
script duration name:cocktail_x1 seconds:108.0
Script duration 322.0
Run total estimated duration= 323.000
ic_peak_hop3 in script context. using previous estimated duration
script duration name:ic_peak_hop3 seconds:134.0
sniffair_x1 in script context. using previous estimated duration
script duration name:sniffair_x1 seconds:140.0
Script duration 274.0
Run total estimated duration= 275.000
script duration name:unknown120_60 seconds:214.0
script duration name:co2 seconds:0.0
Script duration 214.0
Run total estimated duration= 215.000
script duration name:unknown120_60 seconds:214.0
script duration name:co2 seconds:0.0
Script duration 214.0
Run total estimated duration= 215.000
script duration name:unknown120_60 seconds:214.0
script duration name:co2 seconds:0.0
Script duration 214.0
Run total estimated duration= 215.000
script duration name:unknown120_60 seconds:214.0
script duration name:co2 seconds:0.0
Script duration 214.0
Run total estimated duration= 215.000
script duration name:unknown120_60 seconds:214.0
script duration name:co2 seconds:0.0
Script duration 214.0
Run total estimated duration= 215.000
script duration name:unknown400_120 seconds:556.0
script duration name:cocktail_x1 seconds:108.0
Script duration 664.0
Run total estimated duration= 665.000
script duration name:unknown120_60 seconds:214.0
script duration name:co2 seconds:0.0
Script duration 214.0
Run total estimated duration= 215.000
script duration name:unknown120_60 seconds:214.0
script duration name:co2 seconds:0.0
Script duration 214.0
Run total estimated duration= 215.000
script duration name:unknown120_60 seconds:214.0
script duration name:co2 seconds:0.0
Script duration 214.0
Run total estimated duration= 215.000
script duration name:unknown120_60 seconds:214.0
script duration name:co2 seconds:0.0
Script duration 214.0
Run total estimated duration= 215.000
script duration name:unknown120_60 seconds:214.0
script duration name:co2 seconds:0.0
Script duration 214.0
Run total estimated duration= 215.000
script duration name:unknown400_120 seconds:556.0
script duration name:co2 seconds:0.0
Script duration 556.0
Run total estimated duration= 557.000
script duration name:unknown120_60 seconds:214.0
script duration name:co2 seconds:0.0
Script duration 214.0
Run total estimated duration= 215.000
script duration name:unknown120_60 seconds:214.0
script duration name:co2 seconds:0.0
Script duration 214.0
Run total estimated duration= 215.000
script duration name:unknown120_60 seconds:214.0
script duration name:co2 seconds:0.0
Script duration 214.0
Run total estimated duration= 215.000
script duration name:unknown120_60 seconds:214.0
script duration name:co2 seconds:0.0
Script duration 214.0
Run total estimated duration= 215.000
script duration name:unknown120_60 seconds:214.0
script duration name:co2 seconds:0.0
Script duration 214.0
Run total estimated duration= 215.000
script duration name:unknown120_60 seconds:214.0
script duration name:cocktail_x1 seconds:108.0
Script duration 322.0
Run total estimated duration= 323.000
script duration name:unknown120_60 seconds:214.0
script duration name:co2 seconds:0.0
Script duration 214.0
Run total estimated duration= 215.000
script duration name:unknown120_60 seconds:214.0
script duration name:co2 seconds:0.0
Script duration 214.0
Run total estimated duration= 215.000
script duration name:unknown120_60 seconds:214.0
script duration name:co2 seconds:0.0
Script duration 214.0
Run total estimated duration= 215.000
script duration name:unknown120_60 seconds:214.0
script duration name:co2 seconds:0.0
Script duration 214.0
Run total estimated duration= 215.000
script duration name:unknown120_60 seconds:214.0
script duration name:co2 seconds:0.0
Script duration 214.0
Run total estimated duration= 215.000
script duration name:unknown400_120 seconds:556.0
script duration name:co2 seconds:0.0
Script duration 556.0
Run total estimated duration= 557.000
script duration name:unknown400_120 seconds:556.0
script duration name:sniffair_x2 seconds:250.0
Script duration 806.0
Run total estimated duration= 807.000
script duration name:unknown400_120 seconds:556.0
script duration name:cocktail_x1 seconds:108.0
Script duration 664.0
Run total estimated duration= 665.000
script duration name:unknown400_120 seconds:556.0
script duration name:sniffair_x2 seconds:250.0
Script duration 806.0
Run total estimated duration= 807.000
script duration name:ic_peak_hop3 seconds:134.0
script duration name:sniffair_x1 seconds:140.0
Script duration 274.0
Run total estimated duration= 275.000
script duration name:unknown120_60 seconds:214.0
script duration name:co2 seconds:0.0
Script duration 214.0
Run total estimated duration= 215.000
script duration name:unknown120_60 seconds:214.0
script duration name:co2 seconds:0.0
Script duration 214.0
Run total estimated duration= 215.000
script duration name:unknown120_60 seconds:214.0
script duration name:co2 seconds:0.0
Script duration 214.0
Run total estimated duration= 215.000
script duration name:unknown120_60 seconds:214.0
script duration name:co2 seconds:0.0
Script duration 214.0
Run total estimated duration= 215.000
script duration name:unknown120_60 seconds:214.0
script duration name:co2 seconds:0.0
Script duration 214.0
Run total estimated duration= 215.000
script duration name:unknown120_60 seconds:214.0
script duration name:co2 seconds:0.0
Script duration 214.0
Run total estimated duration= 215.000
script duration name:unknown120_60 seconds:214.0
script duration name:co2 seconds:0.0
Script duration 214.0
Run total estimated duration= 215.000
script duration name:unknown120_60 seconds:214.0
script duration name:co2 seconds:0.0
Script duration 214.0
Run total estimated duration= 215.000
script duration name:unknown120_60 seconds:214.0
script duration name:co2 seconds:0.0
Script duration 214.0
Run total estimated duration= 215.000
script duration name:unknown120_60 seconds:214.0
script duration name:co2 seconds:0.0
Script duration 214.0
Run total estimated duration= 215.000
script duration name:unknown400_120 seconds:556.0
script duration name:co2 seconds:0.0
Script duration 556.0
Run total estimated duration= 557.000
script duration name:unknown120_60 seconds:214.0
script duration name:cocktail_x1 seconds:108.0
Script duration 322.0
Run total estimated duration= 323.000
script duration name:unknown120_60 seconds:214.0
script duration name:co2 seconds:0.0
Script duration 214.0
Run total estimated duration= 215.000
script duration name:unknown120_60 seconds:214.0
script duration name:co2 seconds:0.0
Script duration 214.0
Run total estimated duration= 215.000
script duration name:unknown120_60 seconds:214.0
script duration name:co2 seconds:0.0
Script duration 214.0
Run total estimated duration= 215.000
script duration name:unknown120_60 seconds:214.0
script duration name:co2 seconds:0.0
Script duration 214.0
Run total estimated duration= 215.000
script duration name:unknown400_120 seconds:556.0
script duration name:cocktail_x1 seconds:108.0
Script duration 664.0
Run total estimated duration= 665.000
script duration name:unknown120_60 seconds:214.0
script duration name:co2 seconds:0.0
Script duration 214.0
Run total estimated duration= 215.000
script duration name:unknown120_60 seconds:214.0
script duration name:co2 seconds:0.0
Script duration 214.0
Run total estimated duration= 215.000
script duration name:unknown120_60 seconds:214.0
script duration name:co2 seconds:0.0
Script duration 214.0
Run total estimated duration= 215.000
script duration name:unknown120_60 seconds:214.0
script duration name:co2 seconds:0.0
Script duration 214.0
Run total estimated duration= 215.000
script duration name:unknown120_60 seconds:214.0
script duration name:co2 seconds:0.0
Script duration 214.0
Run total estimated duration= 215.000
script duration name:unknown120_60 seconds:214.0
script duration name:co2 seconds:0.0
Script duration 214.0
Run total estimated duration= 215.000
script duration name:unknown400_120 seconds:556.0
script duration name:co2 seconds:0.0
Script duration 556.0
Run total estimated duration= 557.000
script duration name:unknown400_120 seconds:556.0
script duration name:sniffair_x2 seconds:250.0
Script duration 806.0
Run total estimated duration= 807.000
script duration name:unknown400_120 seconds:556.0
script duration name:sniffair_x2 seconds:250.0
Script duration 806.0
Run total estimated duration= 807.000
script duration name:ic_peak_hop3 seconds:134.0
script duration name:sniffair_x1 seconds:140.0
Script duration 274.0
Run total estimated duration= 275.000
script duration name:unknown120_60 seconds:214.0
script duration name:co2 seconds:0.0
Script duration 214.0
Run total estimated duration= 215.000
script duration name:unknown120_60 seconds:214.0
script duration name:co2 seconds:0.0
Script duration 214.0
Run total estimated duration= 215.000
nruns=105 before=5.0, run_dur=33077.0, btw=4680.0
write rem/ex queues
/Users/jan/PychronDev/experiments/rem/CurrentExperiment.rem.txt
/Users/jan/PychronDev/experiments/rem/CurrentExperiment.ex.txt
doing event level: 3
