do run
loading script "jan_unknown120_60.py"
loading script "jan_pump_ms.py"
loading script "jan_co2.py"
loading script "jan_pump_extraction_line.py"
testing...
no interpolation path defined
executed snippet estimated_duration=213.652928, duration=0.000271081924438
script duration name:unknown120_60 seconds:214.0
loading script "jan_unknown120_60.py"
loading script "jan_pump_ms.py"
loading script "jan_co2.py"
loading script "jan_pump_extraction_line.py"
testing...
no interpolation path defined
executed snippet estimated_duration=0, duration=2.38418579102e-05
loading script "jan_unknown120_60.py"
loading script "jan_pump_ms.py"
loading script "jan_co2.py"
loading script "jan_pump_extraction_line.py"
testing...
no interpolation path defined
calculate duration
testing...
no interpolation path defined
executed snippet estimated_duration=0, duration=5.41210174561e-05
calculate duration
testing...
no interpolation path defined
executed snippet estimated_duration=0, duration=0.000102043151855
executed snippet estimated_duration=0.0, duration=0.00283813476562
script duration name:co2 seconds:0.0
loading script "jan_unknown120_60.py"
loading script "jan_pump_ms.py"
loading script "jan_co2.py"
loading script "jan_pump_extraction_line.py"
testing...
no interpolation path defined
calculate duration
testing...
no interpolation path defined
executed snippet estimated_duration=4.0, duration=0.000149011611938
executed snippet estimated_duration=4.0, duration=0.00141906738281
Script duration 214.0
Run total estimated duration= 215.000
run duration: 0:03:35
doing event level: 2
15:41:44 -- Setting default integration. t=1.048576
setting integration time = 1.048576
SetIntegrationTime 1.048576 ===>> OK
----------------- start -----------------
**************** Experiment Type: Ar/Ar, Ar/Ar
create new session 4419362736
close session 4419362736
$$$$$ Clearing conditionals
adding conditionals 
Add queue conditionals
add default conditionals
adding default conditionals from /Users/jan/PychronDev/setupfiles/spectrometer/default_conditionals.yaml
Start automated run 25320-05
loading script "jan_unknown120_60.py"
loading script "jan_pump_ms.py"
loading script "jan_co2.py"
loading script "jan_pump_extraction_line.py"
%%%%%%%%%%%%%%%%%% setting automated run 25320-05
No value "sensitivity_multiplier" in metadata
$$$$$$$$$$$$$$$ auto_save_detector_ic=False
============================= Pre Extraction Check =============================
loading queue conditionals pre_run_terminations
loading system conditionals pre_run_terminations
loading conditionals from /Users/jan/PychronDev/setupfiles/spectrometer/default_conditionals.yaml
15:41:44 -- ******* Pre Extraction Check *******
Get a measurement from the spectrometer
GetData ===>> H2,-0.0915868225646892,H1,0.0043037251824309,AX,-0.0636554580299965,L1,0.0444310616363087,L2,0.05...
Pre Extraction Termination data. keys=H2,H1,AX,L1,L2,CDD, signals=-0.09159,0.00430,-0.06366,0.04443,0.05518,0.00298
15:41:44 -- testing system defined conditionals
Checking default pre extraction terminations n=2
testing CDD
evaluate ot="CDD.inactive" t="CDD", ctx="{'CDD': False}"
GetDeflection CDD ===>> 50
testing CDD==2000
evaluate ot="CDD.deflection==2000" t="CDD==2000", ctx="{'CDD': 50.0}"
15:41:44 -- ******* Pre Extraction Check Passed *******
=================================================================================
15:41:44 -- stopping status monitor
stop 4976433200
Alive clients [4982646160]
15:41:44 -- starting status monitor
start 4976433200
Monitor already running
start extraction
do extraction
Analysis started at 15:41:44.844017
Extraction Started jan_co2.py
15:41:44 -- ******* Extraction Started jan_co2.py *******
state changed from not run to extraction
DO EXTRACTION <pychron.extraction_line.pyscript_runner.RemotePyScriptRunner object at 0x12b9a8890>
testing...
no interpolation path defined
calculate duration
testing...
no interpolation path defined
executed snippet estimated_duration=0, duration=4.10079956055e-05
calculate duration
testing...
no interpolation path defined
executed snippet estimated_duration=0, duration=7.29560852051e-05
executed snippet estimated_duration=100.0, duration=0.00176596641541
Jan CO2 laser analysis
doing GOSUB
testing...
no interpolation path defined
executed snippet estimated_duration=0, duration=3.81469726562e-05
Waiting for CO2 access
wait ('FelixCO2Flag', 0) {}
waiting for FelixCO2Flag = 0
Read FelixCO2Flag ===>> 0
finished waiting
CO2 free
wait ('CO2PumpTimeFlag', 0) {}
waiting for CO2PumpTimeFlag = 0
Read CO2PumpTimeFlag ===>> 0
finished waiting
acquire ('JanCO2Flag',) {'clear': True}
acquire JanCO2Flag
Set JanCO2Flag 1 ===>> OK
JanCO2Flag acquired
set extraction state False (0.75, 'red', 1.5)
CO2 acquired
executed snippet estimated_duration=0, duration=0.016909122467
WaitForCO2Access.py completed successfully
gosub finished
doing GOSUB
testing...
no interpolation path defined
executed snippet estimated_duration=0, duration=9.58442687988e-05
Prepare for CO2 analysis
close () {'description': 'Jan Inlet'}
closing name=--- desc=Jan Inlet
checking ownership. requestor=129.138.12.150
check software interlocks R
interlocks []
actuate state mode=None-script, software_lock=False
doing actuation None-script close_channel False
Close R ===>> OK
GetIndicatorState R ===>> False
change switch state (True, True)
update switch state R False args=() kw={} ncanvase=2
15:41:45 -- CLOSE  VALVE-R (Jan Inlet)
---------------------------------------- close None (Jan Inlet) result=[(True, True)]
action=close, ok=True, locked=[False]
open () {'description': 'Jan Ion Pump'}
opening name=--- desc=Jan Ion Pump
checking ownership. requestor=129.138.12.150
check software interlocks O
interlocks []
actuate state mode=None-script, software_lock=False
doing actuation None-script open_channel False
Open O ===>> OK
GetIndicatorState O ===>> OK
change switch state (True, True)
update switch state O True args=() kw={} ncanvase=2
15:41:45 -- OPEN   VALVE-O (Jan Ion Pump)
---------------------------------------- open None (Jan Ion Pump) result=[(True, True)], time=0.09 sec
action=open, ok=True, locked=[False]
close () {'description': 'Microbone to Minibone'}
closing name=--- desc=Microbone to Minibone
checking ownership. requestor=129.138.12.150
check software interlocks L
interlocks []
actuate state mode=None-script, software_lock=False
doing actuation None-script close_channel False
Close L ===>> OK
GetIndicatorState L ===>> False
change switch state (True, True)
update switch state L False args=() kw={} ncanvase=2
15:41:46 -- CLOSE  VALVE-L (Microbone to Minibone)
---------------------------------------- close None (Microbone to Minibone) result=[(True, True)]
action=close, ok=True, locked=[False]
open () {'description': 'Microbone to Turbo'}
opening name=--- desc=Microbone to Turbo
checking ownership. requestor=129.138.12.150
check software interlocks U
interlocks []
actuate state mode=None-script, software_lock=False
doing actuation None-script open_channel False
Open U ===>> OK
GetIndicatorState U ===>> OK
change switch state (True, True)
update switch state U True args=() kw={} ncanvase=2
15:41:46 -- OPEN   VALVE-U (Microbone to Turbo)
---------------------------------------- open None (Microbone to Turbo) result=[(True, True)], time=0.12 sec
action=open, ok=True, locked=[False]
open () {'description': 'Microbone to Inlet Pipette'}
opening name=--- desc=Microbone to Inlet Pipette
checking ownership. requestor=129.138.12.150
check software interlocks S
interlocks []
actuate state mode=None-script, software_lock=False
doing actuation None-script open_channel False
Open S ===>> OK
GetIndicatorState S ===>> OK
change switch state (True, True)
update switch state S True args=() kw={} ncanvase=2
15:41:47 -- OPEN   VALVE-S (Microbone to Inlet Pipette)
---------------------------------------- open None (Microbone to Inlet Pipette) result=[(True, True)], time=0.40 sec
action=open, ok=True, locked=[False]
open () {'description': 'Microbone to Getter D-50'}
opening name=--- desc=Microbone to Getter D-50
checking ownership. requestor=129.138.12.150
check software interlocks K
interlocks []
actuate state mode=None-script, software_lock=False
doing actuation None-script open_channel False
Open K ===>> OK
GetIndicatorState K ===>> OK
change switch state (True, True)
update switch state K True args=() kw={} ncanvase=2
15:41:47 -- OPEN   VALVE-K (Microbone to Getter D-50)
---------------------------------------- open None (Microbone to Getter D-50) result=[(True, True)], time=0.40 sec
action=open, ok=True, locked=[False]
open () {'description': 'Microbone to Getter NP-10'}
opening name=--- desc=Microbone to Getter NP-10
checking ownership. requestor=129.138.12.150
check software interlocks M
interlocks []
actuate state mode=None-script, software_lock=False
doing actuation None-script open_channel False
Open M ===>> OK
GetIndicatorState M ===>> OK
change switch state (True, True)
update switch state M True args=() kw={} ncanvase=2
15:41:48 -- OPEN   VALVE-M (Microbone to Getter NP-10)
---------------------------------------- open None (Microbone to Getter NP-10) result=[(True, True)], time=0.14 sec
action=open, ok=True, locked=[False]
close () {'description': 'CO2 Laser to Felix'}
closing name=--- desc=CO2 Laser to Felix
checking ownership. requestor=129.138.12.150
check software interlocks F
interlocks []
actuate state mode=None-script, software_lock=True
VALVE-F(CO2 Laser to Felix) software locked
change switch state (True, False)
---------------------------------------- close None (CO2 Laser to Felix) result=[(True, False)]
action=close, ok=True, locked=[True]
open () {'description': 'CO2 Laser to Jan'}
opening name=--- desc=CO2 Laser to Jan
checking ownership. requestor=129.138.12.150
check software interlocks A
interlocks []
actuate state mode=None-script, software_lock=False
doing actuation None-script open_channel False
Open A ===>> OK
GetIndicatorState A ===>> OK
change switch state (True, True)
update switch state A True args=() kw={} ncanvase=2
15:41:48 -- OPEN   VALVE-A (CO2 Laser to Jan)
---------------------------------------- open None (CO2 Laser to Jan) result=[(True, True)], time=0.12 sec
action=open, ok=True, locked=[False]
open () {'description': 'Microbone to CO2 Laser'}
opening name=--- desc=Microbone to CO2 Laser
checking ownership. requestor=129.138.12.150
check software interlocks T
interlocks []
actuate state mode=None-script, software_lock=False
doing actuation None-script open_channel False
Open T ===>> OK
GetIndicatorState T ===>> OK
change switch state (True, True)
update switch state T True args=() kw={} ncanvase=2
15:41:49 -- OPEN   VALVE-T (Microbone to CO2 Laser)
---------------------------------------- open None (Microbone to CO2 Laser) result=[(True, True)], time=0.41 sec
action=open, ok=True, locked=[False]
executed snippet estimated_duration=0, duration=4.80561995506
PrepareForCO2Analysis.py completed successfully
gosub finished
set_motor ('beam', '1.25') {}
setting motor "beam" to 1.25
set motor beam to 1.25
SetMotor beam,1.25 ===>> OK
GetMotorMoving beam ===>> False
GetMotorMoving beam ===>> False
Block completed
move_to_position ('149',) {'autocenter': True}
FusionsCO2 move to position 149
sending GoToHole 149,True
GoToHole 149,True ===>> OK
GetDriveMoving ===>> OK
GetDriveMoving ===>> OK
GetDriveMoving ===>> OK
GetDriveMoving ===>> OK
GetDriveMoving ===>> OK
GetDriveMoving ===>> OK
GetDriveMoving ===>> False
GetDriveMoving ===>> False
Block completed
GetAutoCorrecting ===>> OK
GetAutoCorrecting ===>> OK
GetAutoCorrecting ===>> OK
GetAutoCorrecting ===>> False
GetAutoCorrecting ===>> False
Block completed
update position
GetPosition ===>> 7.97560,-3.98780,1.00000
got position (7.9756, -3.9878, 1.0)
move to position succeeded
sleep (5,) {}
SLEEP 5.0
block started
WaitControl setup for 5.0  
Join finished
block finished. duration 5.02633404732
close () {'description': 'Microbone to Turbo'}
closing name=--- desc=Microbone to Turbo
checking ownership. requestor=129.138.12.150
check software interlocks U
interlocks []
actuate state mode=None-script, software_lock=False
doing actuation None-script close_channel True
Close U ===>> OK
GetIndicatorState U ===>> False
change switch state (True, True)
update switch state U False args=() kw={} ncanvase=2
15:42:01 -- CLOSE  VALVE-U (Microbone to Turbo)
---------------------------------------- close None (Microbone to Turbo) result=[(True, True)]
action=close, ok=True, locked=[False]
enable laser
enable () {}
set extraction state FusionsCO2 Enabled (False, 'red', 1.5)
enabling laser
Enable ===>> OK
begin interval
BEGIN INTERVAL Interval 1 waiting for 30.0
block started
WaitControl setup for 30.0  
set extract to 5.0
extract (5.0,) {}
GetPosition ===>> 7.97560,-3.98780,1.00000
set extraction state FusionsCO2 ON! 5.0(watts) (0.75, 'red', 1.5)
extract sample to 5.0 (watts)
set laser output
SetLaserOutput 5.0,watts ===>> OK
executing pattern triangle.lp
execute_pattern ('triangle.lp',) {}
executing pattern triangle.lp
IsPatterning ===>> OK
IsPatterning ===>> OK
IsPatterning ===>> OK
IsPatterning ===>> OK
IsPatterning ===>> OK
IsPatterning ===>> OK
IsPatterning ===>> OK
IsPatterning ===>> OK
IsPatterning ===>> OK
IsPatterning ===>> OK
IsPatterning ===>> OK
IsPatterning ===>> OK
IsPatterning ===>> OK
IsPatterning ===>> OK
IsPatterning ===>> OK
IsPatterning ===>> OK
IsPatterning ===>> OK
IsPatterning ===>> OK
IsPatterning ===>> OK
IsPatterning ===>> OK
IsPatterning ===>> OK
IsPatterning ===>> OK
IsPatterning ===>> OK
IsPatterning ===>> OK
IsPatterning ===>> OK
IsPatterning ===>> OK
IsPatterning ===>> False
IsPatterning ===>> False
Block completed
COMPLETE INTERVAL waiting for Interval 1 to complete
Join finished
block finished. duration 30.0826599598
Interval 1 finished
end_extract () {}
ending extraction. set laser power to 0
set laser power 0
SetLaserPower 0 ===>> OK
disable () {}
%%%%%%%%%%%%%%%%%%%%%%%%%%%%%%%%%%% disable
set extraction state False (0.75, 'red', 1.5)
disabling laser
Disable ===>> OK
sleep (30.0,) {}
SLEEP 30.0
block started
WaitControl setup for 30.0  
Join finished
block finished. duration 30.0754599571
executed snippet estimated_duration=166.5, duration=77.1880099773
jan_co2.py completed successfully
GetAchievedOutput ===>> No Response
Requested Output= 0.000
Achieved Output=  0.000
GetResponseBlob ===>> No Response
GetOutputBlob ===>> No Response
persistence save...
persistence save - db
AutomatedRunPersister post_extraction_save deprecated
persistence save - dvc
no extraction position for 149
create new session 4982376208
close session 4982376208
Extraction Finished
15:43:02 -- ******* Extraction Finished *******
no overlap. not waiting for min ms pumptime
15:43:02 -- Sending spectrometer configuration
======== Sending configuration ========
SetDeflection CDD,50.0 ===>> OK
SetDeflection H2,0.0 ===>> OK
SetDeflection H1,0.0 ===>> OK
SetDeflection L2,825.0 ===>> OK
SetDeflection L1,400.0 ===>> OK
SetDeflection AX,190.0 ===>> OK
SetZFocus 74.64 ===>> OK
SetZSymmetry -50.72 ===>> OK
SetExtractionLens 26.13 ===>> OK
SetIonRepeller -3.81 ===>> OK
SetElectronEnergy 75.08 ===>> OK
SetYSymmetry -2.81 ===>> OK
SetIonCounterVoltage 1590.0 ===>> OK
send trap current 200.0
GetParameter Trap Current Readback ===>> 198.482695477019
SetParameter Trap Current Set,200.0 ===>> OK
updating mftable name mftable
Using mftable located at /Users/jan/PychronDev/setupfiles/spectrometer/mftables/mftable.csv
============ MFtable ===========
Isotope  H2     H1     AX     L1     L2     CDD    
Ar40     5.8007 5.8795 5.9929 6.1406 6.2313 6.3688
Ar39     5.6999 5.7718 5.8853 6.0267 6.1164 6.2553
Ar36     5.3774 5.4408 5.5487 5.6855 5.7714 5.9064
================================
get initial guess parabolic
get initial guess parabolic
get initial guess parabolic
get initial guess parabolic
get initial guess parabolic
get initial guess parabolic
======== Configuration Finished ========
GetYSymmetry ===>> -2.81
GetZSymmetry ===>> -50.72
GetParameter Trap Current Readback ===>> 197.923274125618
GetHighVoltage ===>> 4500
start measurement
do measurement
L#=25320 analysis type=unknown
Measurement Started jan_unknown120_60.py
15:43:02 -- ******* Measurement Started jan_unknown120_60.py *******
state changed from extraction to measurement
setting spec, defl, and gains
GetExtractionLens ===>> 26.13
GetYSymmetry ===>> -2.81
GetZSymmetry ===>> -50.72
GetZFocus ===>> 74.64
GetDeflection H2 ===>> 0
GetDeflection H1 ===>> 0
GetDeflection AX ===>> 190
GetDeflection L1 ===>> 400
GetDeflection L2 ===>> 825
GetDeflection CDD ===>> 50
GetGain H2 ===>> 0.0113
GetGain H1 ===>> 0.1
GetGain AX ===>> 0.097049
GetGain L1 ===>> 0.010355
GetGain L2 ===>> 0.095649
GetGain CDD ===>> 0
pre measurement save
New frame /Users/jan/PychronDev/data/isotopes/b1/09515e-879c-4cbc-8898-351bf1bba01e.h5
flush and close file /Users/jan/PychronDev/data/isotopes/b1/09515e-879c-4cbc-8898-351bf1bba01e.h5
testing...
no interpolation path defined
executed snippet estimated_duration=226.132928, duration=0.0001220703125
unknown measurement script
activate_detectors ('H2', 'H1', 'AX', 'L1', 'L2', 'CDD') {}
activate detectors
*************** Set Analysis View Ar/Ar
create graphs
clearing graphs
clear isotope group
setting isotope det=H2, iso=PM41
setting isotope det=H1, iso=Ar40
setting isotope det=AX, iso=Ar39
setting isotope det=L1, iso=Ar38
setting isotope det=L2, iso=Ar37
setting isotope det=CDD, iso=Ar36
setting previous blanks
 - setting Ar40 blank 0.093+/-0.007
 - setting Ar36 blank 0.00449+/-0.00017
 - setting Ar37 blank 0.056+/-0.005
 - setting Ar38 blank 0.0084+/-0.0021
 - setting PM41 blank 0.02+/-0.07
 - setting Ar39 blank 0.033+/-0.008
load analysis view
position_magnet ('Ar40',) {'detector': 'H1'}
detector Detector(H1)
POSITION Ar40 H1
setting detector H2 to PM41 (40.9624)
setting detector H1 to Ar40 (39.9624)
setting detector AX to Ar39 (38.9624)
setting detector L1 to Ar38 (37.9624)
setting detector L2 to Ar37 (36.9624)
setting detector CDD to Ar36 (35.9624)
Mapping mass to dac mass func: "parabolic"
H1 map mass coeffs = [-0.00063987  0.15840543  0.57114999]
H1 map mass to dac 39.9624 >> 5.87954
GetDeflection H1 ===>> 0
GetHighVoltage ===>> 4500
positioning Ar40 (5.87954) on H1
setting magnet DAC
current  : 5.879536
requested: 5.879540
Delta Dac: 0.000004
Checking detector protection. dv=0.00000
Checking detector "CDD". Protection Threshold: 0.1 (V)
SetMagnetDAC 5.87954 ===>> OK
Magnet settling time: 0.500
equilibrate () {'delay': 3, 'inlet': 'R', 'outlet': 'O', 'eqtime': 12.0}
Equilibration Started
15:43:04 -- ******* Equilibration Started *******
checking ownership. requestor=129.138.12.150
check software interlocks O
interlocks []
actuate state mode=None-script, software_lock=False
doing actuation None-script close_channel True
Close O ===>> OK
GetIndicatorState O ===>> False
change switch state (True, True)
update switch state O False args=() kw={} ncanvase=2
15:43:04 -- CLOSE  VALVE-O (Jan Ion Pump)
waiting 3s before opening inlet value ('R',)
update labels <pychron.experiment.plot_panel.PlotPanel object at 0x19f257c50>
update labels "<pychron.graph.stacked_regression_graph.StackedRegressionGraph object at 0x19ddfab30>"
setting label 0 H2 PM41
setting label 1 H1 Ar40
setting label 2 AX Ar39
setting label 3 L1 Ar38
setting label 4 L2 Ar37
setting label 5 CDD Ar36
update labels "<pychron.graph.stacked_graph.StackedGraph object at 0x19cebec50>"
setting label 0 H2 PM41
setting label 1 H1 Ar40
setting label 2 AX Ar39
setting label 3 L1 Ar38
setting label 4 L2 Ar37
setting label 5 CDD Ar36
checking ownership. requestor=129.138.12.150
check software interlocks R
interlocks []
actuate state mode=None-script, software_lock=False
doing actuation None-script open_channel True
Open R ===>> OK
GetIndicatorState R ===>> OK
change switch state (True, True)
update switch state R True args=() kw={} ncanvase=2
15:43:07 -- OPEN   VALVE-R (Jan Inlet)
set_time_zero () {}
sniff (12.0,) {}
equilibrating for 12.0sec
py_sniff
build tables- sniff [Detector(H2), Detector(H1), Detector(AX), Detector(L1), Detector(L2), Detector(CDD)]
add group /sniff/PM41 (Group) '' table H2
add group /sniff/Ar40 (Group) '' table H1
add group /sniff/Ar39 (Group) '' table AX
add group /sniff/Ar38 (Group) '' table L1
add group /sniff/Ar37 (Group) '' table L2
add group /sniff/Ar36 (Group) '' table CDD
flush and close file /Users/jan/PychronDev/data/isotopes/b1/09515e-879c-4cbc-8898-351bf1bba01e.h5
measuring sniff. ncounts=12.0
starting measurement
GetData ===>> H2,-0.097484246766403,H1,7.11404227218193,AX,0.965449854678219,L1,0.00864292441762017,L2,0.132884...
"sniff" increment series count="1" fit count="0" regressing="False"
GetData ===>> H2,0.852852923581468,H1,223.660909556319,AX,30.0900738993519,L1,0.250678812243695,L2,0.3952419174...
GetData ===>> H2,0.576396749031452,H1,398.593902266204,AX,50.8237156536222,L1,0.483606949514864,L2,0.1944332098...
GetData ===>> H2,0.095250262579356,H1,455.209385945812,AX,56.5069781704613,L1,0.6130239190593,L2,0.294578146287...
GetData ===>> H2,-0.0110909353707286,H1,475.036595306345,AX,58.2372009528938,L1,0.70693579251415,L2,0.242241399...
GetData ===>> H2,0.065206074262209,H1,482.533958552995,AX,58.832077412412,L1,0.750210672893412,L2,0.15229415065...
GetData ===>> H2,-0.0210610690464242,H1,485.441035329884,AX,59.152695703619,L1,0.767914072018151,L2,0.121106767...
GetData ===>> H2,-0.0325668581725239,H1,487.341522328739,AX,59.2882610223378,L1,0.756752764977185,L2,0.15846441...
GetData ===>> H2,-0.161922005246416,H1,488.034010051883,AX,59.449373286682,L1,0.721605272373438,L2,0.1159991622...
GetData ===>> H2,-0.0447644408803992,H1,487.958548258209,AX,59.2666133005188,L1,0.745275978832809,L2,0.22954804...
GetData ===>> H2,-0.025574997514777,H1,488.074001326868,AX,59.3846707271757,L1,0.732475205161249,L2,0.130764077...
GetData ===>> H2,-0.11003326564909,H1,488.358905418254,AX,59.4982295446233,L1,0.730684113428596,L2,0.2615945843...
Equilibration Finished
15:43:19 -- ******* Equilibration Finished *******
checking ownership. requestor=129.138.12.150
check software interlocks R
interlocks []
actuate state mode=None-script, software_lock=False
doing actuation None-script close_channel True
Close R ===>> OK
GetIndicatorState R ===>> False
change switch state (True, True)
update switch state R False args=() kw={} ncanvase=2
15:43:20 -- CLOSE  VALVE-R (Jan Inlet)
Post Equilibration Started jan_pump_extraction_line.py
15:43:20 -- ******* Post Equilibration Started jan_pump_extraction_line.py *******
testing...
no interpolation path defined
calculate duration
testing...
no interpolation path defined
executed snippet estimated_duration=4.0, duration=0.000144004821777
executed snippet estimated_duration=4.0, duration=0.00151705741882
Pump after analysis
doing GOSUB
testing...
no interpolation path defined
executed snippet estimated_duration=4.0, duration=0.000152826309204
Pump Microbone
close () {'description': 'Jan Inlet'}
closing name=--- desc=Jan Inlet
checking ownership. requestor=129.138.12.150
check software interlocks R
interlocks []
actuate state mode=None-script, software_lock=False
doing actuation None-script close_channel False
measurement finished
Close R ===>> OK
estimated time: 12.583 actual time: :12.660
flush and close file /Users/jan/PychronDev/data/isotopes/b1/09515e-879c-4cbc-8898-351bf1bba01e.h5
set_fits () {}
using default fits file=/Users/jan/PychronDev/scripts/measurement/fits/nominal_linear.yaml
set "Ar40" to "('Linear', 'SEM')"
No fit for "PM41". defaulting to linear. check the measurement script "jan_unknown120_60.py"
set "PM41" to "linear"
set "Ar36" to "('Linear', 'SEM')"
set "Ar37" to "('linear', 'SEM')"
set "Ar38" to "('linear', 'SEM')"
set "Ar39" to "('Linear', 'SEM')"
set_baseline_fits () {}
using default fits file=/Users/jan/PychronDev/scripts/measurement/fits/nominal_linear.yaml
set "H1" to "('average', 'SEM')"
set "H2" to "('average', 'SEM')"
set "CDD" to "('average', 'SEM')"
set "L2" to "('average', 'SEM')"
set "L1" to "('average', 'SEM')"
set "AX" to "('average', 'SEM')"
multicollect () {'integration_time': 1, 'ncounts': 120}
build tables- signal [Detector(H2), Detector(H1), Detector(AX), Detector(L1), Detector(L2), Detector(CDD)]
add group /signal/PM41 (Group) '' table H2
GetIndicatorState R ===>> False
add group /signal/Ar40 (Group) '' table H1
change switch state (True, True)
add group /signal/Ar39 (Group) '' table AX
update switch state R False args=() kw={} ncanvase=2
add group /signal/Ar38 (Group) '' table L1
add group /signal/Ar37 (Group) '' table L2
add group /signal/Ar36 (Group) '' table CDD
flush and close file /Users/jan/PychronDev/data/isotopes/b1/09515e-879c-4cbc-8898-351bf1bba01e.h5
measuring signal. ncounts=120
15:43:20 -- CLOSE  VALVE-R (Jan Inlet)
---------------------------------------- close None (Jan Inlet) result=[(True, True)]
action=close, ok=True, locked=[False]
is_closed ('F',) {}
is F () closed?
is closed True
open () {'description': 'CO2 Laser to Jan'}
opening name=--- desc=CO2 Laser to Jan
checking ownership. requestor=129.138.12.150
check software interlocks A
interlocks []
actuate state mode=None-script, software_lock=False
doing actuation None-script open_channel False
Open A ===>> OK
GetIndicatorState A ===>> OK
change switch state (True, True)
update switch state A True args=() kw={} ncanvase=2
15:43:21 -- OPEN   VALVE-A (CO2 Laser to Jan)
---------------------------------------- open None (CO2 Laser to Jan) result=[(True, True)], time=0.12 sec
"signal" increment series count="2" fit count="1" regressing="True"
starting measurement
GetData ===>> H2,-0.0107008115892453,H1,488.085527880159,AX,59.495595066015,L1,0.757803142903009,L2,0.152134481...
action=open, ok=True, locked=[False]
sleep (1,) {}
SLEEP 1.0
GetData ===>> H2,-0.0618618415731444,H1,487.840727510581,AX,59.5026204636649,L1,0.783240521211049,L2,0.15505418...
close () {'description': 'CO2 Laser to Roughing'}
closing name=--- desc=CO2 Laser to Roughing
checking ownership. requestor=129.138.12.150
check software interlocks G
interlocks []
actuate state mode=None-script, software_lock=True
VALVE-G(CO2 Laser to Roughing) software locked
change switch state (True, False)
---------------------------------------- close None (CO2 Laser to Roughing) result=[(True, False)]
action=close, ok=True, locked=[True]
open () {'description': 'Microbone to Turbo'}
opening name=--- desc=Microbone to Turbo
checking ownership. requestor=129.138.12.150
check software interlocks U
interlocks []
actuate state mode=None-script, software_lock=False
doing actuation None-script open_channel True
Open U ===>> OK
GetIndicatorState U ===>> OK
change switch state (True, True)
update switch state U True args=() kw={} ncanvase=2
15:43:22 -- OPEN   VALVE-U (Microbone to Turbo)
---------------------------------------- open None (Microbone to Turbo) result=[(True, True)], time=0.16 sec
action=open, ok=True, locked=[False]
open () {'description': 'Microbone to Getter NP-10'}
opening name=--- desc=Microbone to Getter NP-10
checking ownership. requestor=129.138.12.150
check software interlocks M
interlocks []
actuate state mode=None-script, software_lock=False
doing actuation None-script open_channel False
Open M ===>> OK
GetIndicatorState M ===>> OK
change switch state (True, True)
update switch state M True args=() kw={} ncanvase=2
15:43:23 -- OPEN   VALVE-M (Microbone to Getter NP-10)
---------------------------------------- open None (Microbone to Getter NP-10) result=[(True, True)], time=0.14 sec
action=open, ok=True, locked=[False]
open () {'description': 'Microbone to Getter D-50'}
opening name=--- desc=Microbone to Getter D-50
checking ownership. requestor=129.138.12.150
check software interlocks K
interlocks []
actuate state mode=None-script, software_lock=False
doing actuation None-script open_channel False
GetData ===>> H2,-0.0514186673041606,H1,487.800178292729,AX,59.47323447829,L1,0.781319932200151,L2,0.1086574578...
Open K ===>> OK
GetIndicatorState K ===>> OK
change switch state (True, True)
update switch state K True args=() kw={} ncanvase=2
15:43:23 -- OPEN   VALVE-K (Microbone to Getter D-50)
---------------------------------------- open None (Microbone to Getter D-50) result=[(True, True)], time=0.40 sec
action=open, ok=True, locked=[False]
open () {'description': 'Microbone to CO2 Laser'}
opening name=--- desc=Microbone to CO2 Laser
checking ownership. requestor=129.138.12.150
check software interlocks T
interlocks []
actuate state mode=None-script, software_lock=False
doing actuation None-script open_channel False
Open T ===>> OK
GetIndicatorState T ===>> OK
change switch state (True, True)
update switch state T True args=() kw={} ncanvase=2
15:43:24 -- OPEN   VALVE-T (Microbone to CO2 Laser)
---------------------------------------- open None (Microbone to CO2 Laser) result=[(True, True)], time=0.42 sec
GetData ===>> H2,-0.0875533284273601,H1,487.531626369196,AX,59.3280962486682,L1,0.792423339786287,L2,0.19096464...
action=open, ok=True, locked=[False]
open () {'description': 'Microbone to Inlet Pipette'}
opening name=--- desc=Microbone to Inlet Pipette
checking ownership. requestor=129.138.12.150
check software interlocks S
interlocks []
actuate state mode=None-script, software_lock=False
doing actuation None-script open_channel False
Open S ===>> OK
GetIndicatorState S ===>> OK
change switch state (True, True)
update switch state S True args=() kw={} ncanvase=2
15:43:25 -- OPEN   VALVE-S (Microbone to Inlet Pipette)
---------------------------------------- open None (Microbone to Inlet Pipette) result=[(True, True)], time=0.40 sec
action=open, ok=True, locked=[False]
sleep (1,) {}
SLEEP 1.0
GetData ===>> H2,-0.193782467692171,H1,487.299932954454,AX,59.3336647955913,L1,0.735169884676819,L2,0.188865318...
set_resource () {'name': 'CO2PumpTimeFlag', 'value': 30}
Set CO2PumpTimeFlag 30 ===>> OK
release ('JanCO2Flag',) {}
release JanCO2Flag
Set JanCO2Flag 0 ===>> OK
executed snippet estimated_duration=6.0, duration=5.87676405907
PumpMicrobone.py completed successfully
gosub finished
get_resource_value () {'name': 'JanMiniboneFlag'}
Read JanMiniboneFlag ===>> 0
Get Resource Value JanMiniboneFlag=0.0
get resource value 0.0
get_resource_value () {'name': 'JanMiniboneFlag'}
Read JanMiniboneFlag ===>> 0
Get Resource Value JanMiniboneFlag=0.0
executed snippet estimated_duration=4.0, duration=5.88832378387
jan_pump_extraction_line.py completed successfully
Post Equilibration Finished
15:43:26 -- ******* Post Equilibration Finished *******
GetData ===>> H2,-0.183508974232866,H1,487.008414297697,AX,59.2771176251796,L1,0.704669291598365,L2,0.208799407...
GetData ===>> H2,-0.12295450597431,H1,486.93706893392,AX,59.3239351297889,L1,0.733981701540719,L2,0.04823557690...
GetData ===>> H2,-0.106861808385938,H1,486.875114515499,AX,59.3106053359815,L1,0.745553454608878,L2,0.100051052...
GetData ===>> H2,-0.214371162312047,H1,486.306710603096,AX,59.3464673266183,L1,0.732798629487801,L2,0.160734165...
GetData ===>> H2,-0.209616584156498,H1,486.1949591261,AX,59.4334557936491,L1,0.75227983098078,L2,0.080321937379...
GetData ===>> H2,-0.148773869346731,H1,485.771208208388,AX,59.1999144720536,L1,0.740010314107041,L2,0.183902410...
GetData ===>> H2,-0.165320213918828,H1,485.918121775478,AX,59.3919978904128,L1,0.756353300613989,L2,0.127708293...
GetData ===>> H2,-0.0537769843679955,H1,485.92593130648,AX,59.3498422039746,L1,0.7683949583104,L2,0.16610650906...
GetData ===>> H2,-0.11866935286922,H1,485.765975482128,AX,59.2397358732301,L1,0.773848211330717,L2,0.1416539487...
GetData ===>> H2,-0.212515363744876,H1,485.835438250553,AX,59.2107309802201,L1,0.761205150606837,L2,0.128552045...
GetData ===>> H2,-0.254885588272978,H1,485.364218935029,AX,59.1046782300166,L1,0.760302570814435,L2,0.162433664...
GetData ===>> H2,-0.139583442818718,H1,485.47912303166,AX,59.1106643039859,L1,0.747279444828606,L2,0.1745249270...
GetData ===>> H2,-0.134629793078833,H1,485.272049079722,AX,59.0344930804737,L1,0.766324563859589,L2,0.139213597...
GetData ===>> H2,-0.175491629228877,H1,485.131248800009,AX,59.0191485770993,L1,0.765578475278257,L2,0.119168581...
GetData ===>> H2,-0.209616584156498,H1,484.898476349667,AX,59.106084025047,L1,0.761902369050639,L2,0.1220758745...
GetData ===>> H2,-0.148414607096845,H1,484.646315139799,AX,59.1058270505986,L1,0.738591414856069,L2,0.187576078...
GetData ===>> H2,-0.176319131849328,H1,484.387549409576,AX,59.0291109546503,L1,0.750192000047613,L2,0.139715346...
GetData ===>> H2,-0.240268288169338,H1,484.095957286334,AX,59.0108799444181,L1,0.77463602774715,L2,0.1483139152...
GetData ===>> H2,-0.0514553077256083,H1,484.301320928773,AX,58.9065696842245,L1,0.771214692691158,L2,0.10743769...
15:43:46 -- collecting point 25
GetData ===>> H2,-0.0118290076292173,H1,484.065656414919,AX,59.0492346223377,L1,0.705428048806355,L2,0.17370358...
GetData ===>> H2,-0.0483485954818962,H1,483.958410471324,AX,58.8639088144734,L1,0.740817469053053,L2,0.19220829...
GetData ===>> H2,-0.191047465957927,H1,483.823378506027,AX,58.8257181330061,L1,0.741265224436837,L2,0.168114086...
GetData ===>> H2,-0.295029368971435,H1,483.227427161628,AX,59.010003228865,L1,0.718494202891108,L2,0.2417619435...
GetData ===>> H2,-0.318929164779273,H1,483.148476671561,AX,59.0294737874153,L1,0.732595866141732,L2,0.132782315...
GetData ===>> H2,-0.187307167536996,H1,483.220259542144,AX,58.9947674848975,L1,0.736955132472478,L2,0.126761933...
GetData ===>> H2,-0.158056772589941,H1,483.106367039145,AX,58.7589725047016,L1,0.716891817549424,L2,0.034050812...
GetData ===>> H2,-0.100611863180634,H1,483.123837426903,AX,58.7201708978298,L1,0.743394812858889,L2,0.139110967...
GetData ===>> H2,-0.184693348789696,H1,482.923964316928,AX,58.6436960386971,L1,0.737444995588335,L2,0.209369991...
GetData ===>> H2,-0.323019876088063,H1,482.1286730544,AX,58.7818915878278,L1,0.725478011268772,L2,0.12954403262...
GetData ===>> H2,-0.278649517003543,H1,482.258937785032,AX,58.6898925060458,L1,0.749183715942698,L2,0.181666333...
GetData ===>> H2,-0.155957488068378,H1,482.13338996799,AX,58.912358644678,L1,0.784316254949765,L2,0.05386901698...
GetData ===>> H2,-0.247848347370918,H1,481.534996496573,AX,58.8857739282706,L1,0.764736542771506,L2,0.071124916...
GetData ===>> H2,-0.139340137179985,H1,481.628571251473,AX,58.8684719200676,L1,0.72334384989834,L2,0.1562289300...
GetData ===>> H2,-0.123191170261532,H1,481.224507156817,AX,58.7660531228139,L1,0.771156122201941,L2,0.131721880...
GetData ===>> H2,-0.126142973582495,H1,481.285958388802,AX,58.7875691554258,L1,0.756832410788399,L2,0.116044764...
GetData ===>> H2,-0.10879375045778,H1,481.268776921611,AX,58.7514695948688,L1,0.709315838408894,L2,0.1462497322...
GetData ===>> H2,-0.108598947665916,H1,481.375007517897,AX,58.6467601845904,L1,0.71861967136137,L2,0.1510852364...
GetData ===>> H2,-0.104053953900813,H1,481.058843613416,AX,58.5698468906769,L1,0.691635972760655,L2,0.137297851...
GetData ===>> H2,-0.170120792222497,H1,480.651185562522,AX,58.4747627317351,L1,0.736395672262037,L2,0.143889091...
GetData ===>> H2,-0.172070404057185,H1,480.630532198028,AX,58.3715478257208,L1,0.733433067856864,L2,0.220497069...
GetData ===>> H2,-0.176926558584802,H1,480.678779438963,AX,58.3971891341428,L1,0.729548670736919,L2,0.102661390...
GetData ===>> H2,-0.205192896894983,H1,480.288979870278,AX,58.5052079759105,L1,0.741710511333739,L2,0.119191383...
GetData ===>> H2,-0.126061853195596,H1,479.978589784271,AX,58.3841944765995,L1,0.716884365169544,L2,0.194558719...
GetData ===>> H2,-0.238430968490468,H1,479.775504387764,AX,58.4391670752934,L1,0.749034348797348,L2,0.174091440...
15:44:13 -- collecting point 50
GetData ===>> H2,-0.143232401254268,H1,479.459667191552,AX,58.4641734861951,L1,0.76061130657848,L2,0.1235694595...
GetData ===>> H2,-0.19890944646465,H1,479.555147961539,AX,58.4198500646634,L1,0.7413286580024,L2,0.141152189176...
GetData ===>> H2,-0.182440502724942,H1,479.073082928061,AX,58.4358191854176,L1,0.727699643519607,L2,0.173931735...
GetData ===>> H2,-0.210746819417306,H1,478.853813072012,AX,58.252088758653,L1,0.726097086757179,L2,0.0281221129...
GetData ===>> H2,-0.150637528395211,H1,478.502843730828,AX,58.2314753404182,L1,0.702690076974682,L2,0.074284463...
GetData ===>> H2,-0.208758392067092,H1,478.347242844594,AX,58.307737653781,L1,0.739354935272799,L2,0.1833547949...
GetData ===>> H2,-0.199777824657505,H1,478.434562655144,AX,58.3701008520974,L1,0.711358440457984,L2,0.191923055...
GetData ===>> H2,-0.125124870704505,H1,478.283637696316,AX,58.2425501145627,L1,0.731129370023486,L2,0.210864939...
GetData ===>> H2,-0.111706589084637,H1,478.222881370883,AX,58.0915940774205,L1,0.745844625458206,L2,0.141403068...
GetData ===>> H2,-0.110446204133896,H1,477.713539922558,AX,58.181583081453,L1,0.759005482307102,L2,0.1937143860...
GetData ===>> H2,-0.109872147873593,H1,478.100423133272,AX,58.1679333201469,L1,0.729976468155042,L2,0.143706628...
GetData ===>> H2,-0.275525698425811,H1,477.696330844396,AX,58.3364760562169,L1,0.727904798502673,L2,0.117868878...
GetData ===>> H2,-0.16535261148063,H1,477.825581876596,AX,58.288939094076,L1,0.752884969105053,L2,0.14084429258...
GetData ===>> H2,-0.0029961927330562,H1,477.260514847104,AX,58.199853535359,L1,0.725178431701961,L2,0.251933770...
GetData ===>> H2,-0.0936297311334425,H1,477.0796379577,AX,58.1467308840759,L1,0.724686195160131,L2,0.1801262087...
GetData ===>> H2,-0.17507853025438,H1,477.056709807372,AX,58.0160083783274,L1,0.735013111407294,L2,0.1378794131...
GetData ===>> H2,-0.233046836857067,H1,476.52201093534,AX,57.9699719857409,L1,0.738795346439889,L2,0.1334208635...
GetData ===>> H2,-0.227922667685329,H1,476.419372758776,AX,57.9823652857618,L1,0.716227334609497,L2,0.201404939...
GetData ===>> H2,-0.209883324473844,H1,476.288335129689,AX,58.0793647993629,L1,0.72150337760502,L2,0.1655247758...
GetData ===>> H2,-0.114772355169936,H1,476.217824596558,AX,57.9598835626861,L1,0.712502919808007,L2,0.172311883...
GetData ===>> H2,-0.136175336812364,H1,476.17634756534,AX,57.9118767218102,L1,0.717596091479475,L2,0.0549296005...
GetData ===>> H2,-0.205128206328946,H1,475.971273125177,AX,58.1262551477192,L1,0.707679809019408,L2,0.153947878...
GetData ===>> H2,-0.135772406942993,H1,475.951060157656,AX,57.8969770860387,L1,0.719417238909729,L2,0.151108045...
GetData ===>> H2,-0.0807852116218509,H1,475.477890399368,AX,58.0095510595606,L1,0.744091501484382,L2,0.15296704...
GetData ===>> H2,-0.179925419265537,H1,475.48264203737,AX,57.9325133628901,L1,0.748290034366949,L2,0.2541829055...
15:44:40 -- collecting point 75
GetData ===>> H2,-0.239628870651641,H1,475.306626990347,AX,57.846873026773,L1,0.744971137264372,L2,0.1963500996...
GetData ===>> H2,-0.18861250220169,H1,474.932724549722,AX,57.8620826981644,L1,0.671359091182528,L2,0.0493987296...
GetData ===>> H2,-0.217582459413063,H1,474.864328660503,AX,57.9035537792602,L1,0.679507048535896,L2,0.072265535...
GetData ===>> H2,-0.12688790202667,H1,474.596215905703,AX,57.8766020461333,L1,0.740890849869779,L2,0.1155089377...
GetData ===>> H2,-0.228664449895949,H1,474.606632936269,AX,57.9362466821892,L1,0.757584098034173,L2,0.220668265...
GetData ===>> H2,-0.26613694832808,H1,474.540637032019,AX,57.7274591940107,L1,0.735839308146001,L2,0.1119748352...
GetData ===>> H2,-0.175394430825767,H1,473.790882099155,AX,57.7551058775961,L1,0.743547831555624,L2,0.163038191...
GetData ===>> H2,-0.159298058426206,H1,473.892971913349,AX,57.8972178742584,L1,0.686714958665524,L2,0.046832970...
GetData ===>> H2,-0.178895747005665,H1,474.062287267007,AX,57.8614056708636,L1,0.710247632768698,L2,0.172049515...
GetData ===>> H2,-0.068460339052828,H1,473.798634814239,AX,57.9452492527424,L1,0.75513026312496,L2,0.2107850562...
GetData ===>> H2,-0.128097799563713,H1,473.534675137375,AX,57.8207756345016,L1,0.665851729089999,L2,0.074740724...
GetData ===>> H2,-0.0869995154447016,H1,473.503520276089,AX,57.7848501219563,L1,0.717686768651248,L2,0.01954895...
GetData ===>> H2,-0.0993907058767315,H1,473.507775795992,AX,57.6907968199842,L1,0.687629483223983,L2,0.08372950...
GetData ===>> H2,-0.180266823342093,H1,473.183657525959,AX,57.5752973650406,L1,0.667155775639473,L2,0.073702733...
GetData ===>> H2,-0.221470744048627,H1,472.843438562526,AX,57.7195032457285,L1,0.69673235243737,L2,0.1360435146...
GetData ===>> H2,-0.165686031004933,H1,472.665794039867,AX,57.6546411300048,L1,0.700353746507952,L2,0.132736705...
GetData ===>> H2,-0.200147269701737,H1,472.541457191748,AX,57.7237293108156,L1,0.715820258573932,L2,0.156856228...
GetData ===>> H2,-0.181215413833128,H1,472.54678898022,AX,57.6488692055255,L1,0.72018877583368,L2,0.12498325615...
GetData ===>> H2,-0.0887142080619452,H1,472.206724067241,AX,57.6500566371647,L1,0.731654249959122,L2,0.19906575...
GetData ===>> H2,-0.164759991428832,H1,471.965673106884,AX,57.5311532674502,L1,0.717155138390245,L2,0.233383270...
GetData ===>> H2,-0.104694070475785,H1,471.608041769184,AX,57.5380211160962,L1,0.708279780871177,L2,0.167577967...
GetData ===>> H2,-0.0687899170882191,H1,471.726242601039,AX,57.7162097201717,L1,0.708240030115147,L2,0.11575974...
GetData ===>> H2,-0.0499882416772709,H1,471.560140431629,AX,57.516126456817,L1,0.710882543030978,L2,0.165924004...
GetData ===>> H2,-0.167774066985112,H1,471.120335838964,AX,57.5079375988628,L1,0.726407881474494,L2,0.206802388...
GetData ===>> H2,-0.149399174609767,H1,470.86862768468,AX,57.5822728546081,L1,0.721080897721248,L2,0.1648403882...
15:45:06 -- collecting point 100
GetData ===>> H2,-0.147459670516103,H1,471.050525904287,AX,57.496609303324,L1,0.72277713375545,L2,0.28733242648...
GetData ===>> H2,-0.136693175327744,H1,470.918340450596,AX,57.2974071559577,L1,0.705610605837969,L2,0.141243417...
GetData ===>> H2,-0.114466492499364,H1,470.748340923242,AX,57.3979300532235,L1,0.730998776036569,L2,0.142406592...
GetData ===>> H2,-0.0890069227530653,H1,470.461651482864,AX,57.3735202758189,L1,0.737297039584638,L2,0.14440226...
GetData ===>> H2,0.000527715404007561,H1,470.209588192209,AX,57.2899920009048,L1,0.730595810607148,L2,0.0953890...
GetData ===>> H2,0.0206553224685107,H1,470.213024608771,AX,57.3631118824458,L1,0.740981643797535,L2,0.246031467...
GetData ===>> H2,-0.110113146723914,H1,469.861187298036,AX,57.3181538961194,L1,0.74849415545386,L2,0.1642130373...
GetData ===>> H2,-0.155369780852419,H1,469.72539380524,AX,57.4725137679157,L1,0.77065890934904,L2,0.08575815067...
GetData ===>> H2,-0.145787324758608,H1,469.816510814637,AX,57.4011900551795,L1,0.749162555467241,L2,0.099458322...
GetData ===>> H2,-0.0377505901926951,H1,469.506199060967,AX,57.2356255929463,L1,0.721845101793359,L2,0.12549633...
GetData ===>> H2,-0.00334713384792684,H1,469.445757441995,AX,56.9964233743696,L1,0.713903555704012,L2,0.0081952...
GetData ===>> H2,-0.105963370456394,H1,469.393675620031,AX,57.259390340951,L1,0.723076644372247,L2,0.1845298904...
GetData ===>> H2,-0.132690466647494,H1,469.14320519213,AX,57.4600622068687,L1,0.716047750590222,L2,0.1471734771...
GetData ===>> H2,-0.157278704756869,H1,468.577493644546,AX,57.2509420503809,L1,0.698151967630274,L2,0.237812232...
GetData ===>> H2,-0.117860294615764,H1,468.756471168802,AX,57.1672829339146,L1,0.730486365893576,L2,0.106787921...
GetData ===>> H2,-0.0467195741174139,H1,468.755594151287,AX,57.0384221498968,L1,0.72259196344354,L2,0.076520162...
GetData ===>> H2,-0.0560642752262432,H1,468.54043099744,AX,57.1154915098866,L1,0.680419700119325,L2,0.069516667...
GetData ===>> H2,-0.0892671072625861,H1,468.578649427548,AX,57.1021570169284,L1,0.68721626204615,L2,0.201621744...
GetData ===>> H2,-0.137119056131569,H1,468.366914614223,AX,57.0746825153743,L1,0.738281794640232,L2,0.146318157...
GetData ===>> H2,-0.1637164188174,H1,468.115999602329,AX,56.899594631274,L1,0.723045574406423,L2,0.190165985792...
GetData ===>> H2,-0.191846871939138,H1,467.825331280279,AX,57.0000077227663,L1,0.712203429362271,L2,0.258487236...
measurement finished
estimated time: 125.829 actual time: :127.270
flush and close file /Users/jan/PychronDev/data/isotopes/b1/09515e-879c-4cbc-8898-351bf1bba01e.h5
baselines () {'settling_time': 15.0, 'detector': 'H1', 'mass': 34.2, 'ncounts': 60}
%%%%%%%%%%%%%%%%%%%%%%%%%%%%%%%% Baseline
build tables- baseline [Detector(H2), Detector(H1), Detector(AX), Detector(L1), Detector(L2), Detector(CDD)]
add group baseline table H2
add group baseline table H1
add group baseline table AX
add group baseline table L1
add group baseline table L2
add group baseline table CDD
flush and close file /Users/jan/PychronDev/data/isotopes/b1/09515e-879c-4cbc-8898-351bf1bba01e.h5
detector Detector(H1)
POSITION 34.2 H1
Mapping mass to dac mass func: "parabolic"
H1 map mass coeffs = [-0.00063987  0.15840543  0.57114999]
H1 map mass to dac 34.2 >> 5.24019599104
GetDeflection H1 ===>> 0
GetHighVoltage ===>> 4500
positioning 34.2 (5.24019599104) on H1
setting magnet DAC
current  : 5.879540
requested: 5.240196
Delta Dac: 0.639344
Checking detector protection. dv=0.63934
Checking detector "CDD". Protection Threshold: 0.1 (V)
ProtectDetector CDD,On ===>> OK
GetDeflection CDD ===>> 2000
Protected = 2000
SetMagnetDAC 5.24019599104 ===>> OK
Magnet settling time: 0.500
GetMagnetMoving ===>> True
GetMagnetMoving ===>> True
GetMagnetMoving ===>> True
GetMagnetMoving ===>> True
GetMagnetMoving ===>> True
GetMagnetMoving ===>> True
GetMagnetMoving ===>> True
GetMagnetMoving ===>> True
GetMagnetMoving ===>> False
ProtectDetector CDD,Off ===>> OK
GetDeflection CDD ===>> 50
Delaying 15.0s for detectors to settle
Join finished
measuring baseline. ncounts=60
"baseline" increment series count="2" fit count="1" regressing="True"
starting measurement
GetData ===>> H2,-0.260050982525291,H1,-0.0849576738817913,AX,-0.0377528127073585,L1,-0.00825731173548665,L2,-0...
GetData ===>> H2,-0.222548340884038,H1,-0.112592768948283,AX,-0.187537084783957,L1,-0.0152387717205253,L2,-0.07...
GetData ===>> H2,-0.110852358489692,H1,0.00639133878548321,AX,-0.0375092904913475,L1,-0.0185632935287093,L2,-0....
GetData ===>> H2,-0.198722008263891,H1,-0.00517945707996221,AX,-0.0899336830120725,L1,-0.00627727719251453,L2,-...
GetData ===>> H2,-0.218116066213986,H1,0.026410781286468,AX,-0.0471801329357128,L1,-0.0271765124355075,L2,0.111...
GetData ===>> H2,-0.269431358734717,H1,0.0334268848535714,AX,-0.170220893767261,L1,-0.0510181918776105,L2,-0.00...
GetData ===>> H2,-0.228528482573269,H1,0.0608397437662724,AX,0.00799367068597156,L1,-0.0396288712087514,L2,-0.0...
GetData ===>> H2,-0.166921082618332,H1,-0.0293068243789161,AX,-0.117178110196371,L1,-0.0282775041977853,L2,0.02...
GetData ===>> H2,-0.0927261822433994,H1,-0.0466563281904751,AX,-0.166998397477508,L1,-0.0460888734965227,L2,0.0...
GetData ===>> H2,-0.181118264547997,H1,-0.0196351081328093,AX,-0.0754218398066098,L1,-0.040272064057908,L2,-0.0...
GetData ===>> H2,-0.132384796399247,H1,-0.0590793481910488,AX,-0.232192598588841,L1,0.0329900336551163,L2,0.001...
GetData ===>> H2,-0.0788611772563635,H1,-0.0373559372558894,AX,-0.0801279941501612,L1,0.0280761198893654,L2,0.0...
GetData ===>> H2,-0.192089513511142,H1,-0.0291637231822904,AX,0.0718967337598924,L1,-0.0169383488585494,L2,0.02...
GetData ===>> H2,-0.17191525692726,H1,-0.0403369259014184,AX,-0.00352616854482184,L1,-0.0476281240799018,L2,-0....
GetData ===>> H2,-0.136052295987459,H1,-0.0489693681356983,AX,-0.197526684001182,L1,-0.08721315738851,L2,0.0184...
GetData ===>> H2,-0.109310248671809,H1,-0.0227716610527338,AX,-0.0697532876795687,L1,-0.0464300185777478,L2,-0....
GetData ===>> H2,-0.175036679517689,H1,0.00930214128020985,AX,0.0202574749812111,L1,-0.00580949562807931,L2,-0....
GetData ===>> H2,-0.207935167028042,H1,0.0573903470097338,AX,-0.0290320183146363,L1,-0.0248711077262651,L2,-0.0...
GetData ===>> H2,-0.300966799073351,H1,-0.00977161869768466,AX,-0.0730686772745685,L1,-0.0433257700438723,L2,0....
GetData ===>> H2,-0.268999954599438,H1,0.00423215063085642,AX,-0.10915970063728,L1,-0.0254067660313369,L2,-0.03...
GetData ===>> H2,-0.19125642238193,H1,-0.108767926328279,AX,-0.0538703092521828,L1,-0.0520279309138594,L2,-0.05...
GetData ===>> H2,-0.222204868048028,H1,-0.0487189901033468,AX,-0.0700315065330459,L1,-0.0762694009561346,L2,-0....
GetData ===>> H2,-0.248861238015252,H1,0.00665378471909079,AX,0.059870013062318,L1,-0.059734473908417,L2,-0.085...
GetData ===>> H2,-0.290559136722623,H1,-0.0132662914317237,AX,-0.120781544331153,L1,-0.015963256076869,L2,-0.05...
15:46:12 -- collecting point 25
GetData ===>> H2,-0.309310404810237,H1,0.0642653868667466,AX,-0.0705067952341349,L1,-0.00392135630454463,L2,-0....
GetData ===>> H2,-0.322786697263144,H1,0.0493461948243958,AX,0.0171478684618477,L1,0.00275834858833836,L2,-0.08...
GetData ===>> H2,-0.359827735645667,H1,-0.0942298071837875,AX,-0.0382398553113613,L1,-0.020173588617893,L2,-0.0...
GetData ===>> H2,-0.27491587534846,H1,-0.0537145095513168,AX,0.000255622316264456,L1,-0.0274149311051003,L2,0.0...
GetData ===>> H2,-0.230049607887243,H1,-0.0519857780539422,AX,0.0199441892279164,L1,-0.0490654227692948,L2,-0.0...
GetData ===>> H2,-0.25339324754328,H1,-0.012646085380985,AX,-0.0464612304712898,L1,-0.024954993461155,L2,-0.059...
GetData ===>> H2,-0.178416640838337,H1,0.0524492036716897,AX,-0.122774383057762,L1,0.00186042299105848,L2,-0.04...
GetData ===>> H2,-0.170839961460346,H1,-0.0678412994867149,AX,-0.115694985990987,L1,-0.0233694347152346,L2,0.03...
GetData ===>> H2,-0.174149677532563,H1,0.0539888091396047,AX,-0.118591691908779,L1,-0.0369238965840615,L2,-0.12...
GetData ===>> H2,-0.173160421367856,H1,0.0185003562817034,AX,0.0174147337815901,L1,0.00893093185503079,L2,0.031...
GetData ===>> H2,-0.166363638832975,H1,0.0509215565289491,AX,-0.160182118299525,L1,0.0212809920127358,L2,-0.002...
GetData ===>> H2,-0.180505665133514,H1,0.00858636232738981,AX,-0.0567108862622003,L1,-0.00767569450066101,L2,0....
GetData ===>> H2,-0.251595454390574,H1,-0.043830531583766,AX,-0.10375964781109,L1,0.00546338956141557,L2,-0.077...
GetData ===>> H2,-0.251939706210685,H1,0.0729218766487129,AX,-0.110341646465647,L1,-0.0113543072366261,L2,-0.03...
GetData ===>> H2,-0.162024627979395,H1,-0.0606529796370435,AX,-0.109078586181344,L1,-0.0325090304391173,L2,-0.0...
GetData ===>> H2,-0.102025100923829,H1,-0.0533687656409263,AX,-0.107282463042006,L1,0.0070854268594954,L2,-0.06...
GetData ===>> H2,-0.188402148525581,H1,-0.0414816019472351,AX,-0.0616034408299096,L1,0.00042726912541994,L2,-0....
GetData ===>> H2,-0.279551852039108,H1,0.0851228327481525,AX,-0.00415258597535788,L1,-0.0173401123678663,L2,0.0...
GetData ===>> H2,-0.175713022477472,H1,-0.0021139228453702,AX,-0.0465192066733579,L1,-0.022170811735253,L2,-0.0...
GetData ===>> H2,-0.237015898169295,H1,-0.002579126689972,AX,0.0194684609378334,L1,-0.0444799489871038,L2,0.005...
GetData ===>> H2,-0.208126494722856,H1,-0.0343867843036748,AX,0.00189135038481181,L1,-0.0360516326432094,L2,-0....
GetData ===>> H2,-0.307654591136001,H1,-0.0384052553856538,AX,-0.118232505059584,L1,-0.0176854962325751,L2,0.05...
GetData ===>> H2,-0.185160050059376,H1,0.00654642039041877,AX,-0.0879981229491874,L1,-0.0266984599838972,L2,0.0...
GetData ===>> H2,-0.179161608443147,H1,0.011688108087138,AX,-0.06603203403979,L1,-0.00927296269284656,L2,-0.033...
GetData ===>> H2,-0.12846817816239,H1,0.0464103596050204,AX,-0.0826548500985103,L1,0.00835852515264844,L2,-0.07...
15:46:38 -- collecting point 50
GetData ===>> H2,-0.306469609015534,H1,-0.0706068173362827,AX,-0.201872187017345,L1,0.0188049640859202,L2,-0.09...
GetData ===>> H2,-0.266661215094999,H1,-0.11007863653012,AX,-0.0591340068291499,L1,0.0102654737731342,L2,0.0207...
GetData ===>> H2,-0.0515095896147555,H1,0.0051387653992709,AX,-0.139370963643555,L1,0.0178440302324851,L2,0.021...
GetData ===>> H2,-0.121157048724991,H1,0.035419643380741,AX,-0.0857263985492806,L1,-0.0217272850307412,L2,-0.12...
GetData ===>> H2,-0.189793646390756,H1,-0.0392876280246977,AX,-0.0782965621251781,L1,-0.0166996817455961,L2,-0....
GetData ===>> H2,-0.171895020188421,H1,-0.028805969295642,AX,0.0120543619433343,L1,-0.053372496874905,L2,-0.081...
GetData ===>> H2,-0.193209641323232,H1,-0.0246678563992074,AX,-0.0912549414202786,L1,-0.0318947132738104,L2,0.0...
GetData ===>> H2,-0.193592427334548,H1,-0.0898560415962145,AX,-0.0752595545624387,L1,-0.0445182597077156,L2,-0....
GetData ===>> H2,-0.171942239189463,H1,-0.0309405485382495,AX,-0.068234662416334,L1,-0.0526105185136471,L2,-0.0...
GetData ===>> H2,-0.247181108132695,H1,0.0345366197383125,AX,-0.136959132469643,L1,-0.0205308641308437,L2,0.014...
GetData ===>> H2,-0.209650263836564,H1,-0.048540148268139,AX,-0.0534413169459893,L1,-0.0268362468560481,L2,-0.0...
measurement finished
estimated time: 62.915 actual time: :63.096
flush and close file /Users/jan/PychronDev/data/isotopes/b1/09515e-879c-4cbc-8898-351bf1bba01e.h5
activate_detectors ('H1', 'AX', 'CDD') {'peak_center': True}
peak_center () {'detector': 'H1', 'integration_time': 0.262144, 'isotope': 'Ar40'}
peak center: mean=468.60537657 threshold=3
peak center started
setup peak center. detector=['H1', 'AX', 'CDD'], isotope=Ar40
VersionedUnpickler [<apptools.sweet_pickle.versioned_unpickler.VersionedUnpickler object at 0x19c6061d0>] using Updater [<apptools.sweet_pickle.updater.Updater object at 0x134a15590>]
VersionedUnpickler [<apptools.sweet_pickle.versioned_unpickler.VersionedUnpickler object at 0x19c6061d0>] using Updater [<apptools.sweet_pickle.updater.Updater object at 0x134a15590>]
VersionedUnpickler [<apptools.sweet_pickle.versioned_unpickler.VersionedUnpickler object at 0x19c581d10>] using Updater [<apptools.sweet_pickle.updater.Updater object at 0x134a15590>]
setting integration time = 0.524288
SetIntegrationTime 0.524288 ===>> OK
Mapping mass to dac mass func: "parabolic"
H1 map mass coeffs = [-0.00063987  0.15840543  0.57114999]
H1 map mass to dac 39.9624 >> 5.87954
GetDeflection H1 ===>> 0
GetHighVoltage ===>> 4500
do peak center. <pychron.spectrometer.jobs.peak_center.PeakCenter object at 0x134a156b0>
doing pc
starting peak center. center dac= 5.87954 step_width=0.001
width = 0.001
get scan parameters. half-width=0.015,window=0.015, i=0, scalar=1
Scan parameters center=5.87954 width=0.03000 (5.86454 - 5.89454)
GetData ===>> H2,-0.229605406620653,H1,-0.060545687370017,AX,-0.024856893333189,L1,-0.0576701770248967,L2,-0.07...
Moving to starting dac 5.86454
setting magnet DAC
current  : 5.240196
requested: 5.864540
Delta Dac: 0.624344
Checking detector protection. dv=0.62434
Checking detector "CDD". Protection Threshold: 0.1 (V)
ProtectDetector CDD,On ===>> OK
GetDeflection CDD ===>> 2000
Protected = 2000
SetMagnetDAC 5.86454 ===>> OK
Magnet settling time: 0.500
GetMagnetMoving ===>> True
GetMagnetMoving ===>> True
GetMagnetMoving ===>> True
GetMagnetMoving ===>> True
GetMagnetMoving ===>> True
GetMagnetMoving ===>> True
GetMagnetMoving ===>> True
GetMagnetMoving ===>> True
GetMagnetMoving ===>> False
ProtectDetector CDD,Off ===>> OK
GetDeflection CDD ===>> 50
Wait until signal near baseline. tol= -0.0454092655275. timeout= 10
GetData ===>> H2,2.55500876515598,H1,0.821509682981092,AX,-0.0993791272639122,L1,0.0350488220178199,L2,0.053578...
GetData ===>> H2,26.2977076730411,H1,12.0967003609068,AX,0.814509906693925,L1,0.0166128265922217,L2,-0.09225677...
GetData ===>> H2,23.243733211768,H1,12.0424755969974,AX,1.02874470066518,L1,-0.0345944954833298,L2,-0.146601084...
GetData ===>> H2,11.7098833395497,H1,5.88807408123431,AX,0.419768798824921,L1,-0.032903748681058,L2,-0.10754463...
GetData ===>> H2,4.595326804446,H1,3.00335990846319,AX,0.173967927876137,L1,-0.05588410408386,L2,-0.08072100848...
GetData ===>> H2,1.5857053481332,H1,1.56426929761173,AX,0.0995045952964798,L1,-0.0385795520665624,L2,0.00264177...
GetData ===>> H2,0.538031808119382,H1,1.04491706508301,AX,0.0591081199805846,L1,-0.0193843098573606,L2,0.004463...
GetData ===>> H2,0.159017880862733,H1,0.73449313904741,AX,0.0916233016217666,L1,-0.00811820634100169,L2,-0.0916...
GetData ===>> H2,0.00257378709205616,H1,0.479029100958184,AX,-0.0581137528919821,L1,-0.0135562752184051,L2,-0.1...
GetData ===>> H2,-0.0245204804743224,H1,0.471077210053284,AX,0.00616061412481068,L1,0.00721806628863356,L2,-0.0...
GetData ===>> H2,-0.0883819664210501,H1,0.431335510733244,AX,-0.0994486608766322,L1,0.025696915986273,L2,0.0770...
GetData ===>> H2,-0.10650751775912,H1,0.382107580268643,AX,-0.0876735941394679,L1,0.0114622523331426,L2,-0.0766...
GetData ===>> H2,-0.0704715658394355,H1,0.357920870177364,AX,0.0337761354046841,L1,-0.0186727612277946,L2,-0.08...
GetData ===>> H2,0.00583466457880391,H1,0.482253020051338,AX,0.148637977487656,L1,-0.015322775443382,L2,-0.0469...
GetData ===>> H2,-0.090520981383024,H1,0.431574656293843,AX,0.0206171746819623,L1,-0.0273109592718001,L2,-0.013...
GetData ===>> H2,-0.0906725924849766,H1,0.448794635028915,AX,-0.00815460218711564,L1,-0.0313509068933711,L2,0.0...
GetData ===>> H2,-0.129829283261581,H1,0.451569241420935,AX,-0.0807886921790476,L1,-0.0194489936010356,L2,-0.03...
GetData ===>> H2,-0.0770818332793549,H1,0.356248092082434,AX,-0.0281738128036141,L1,-0.0118805698525594,L2,-0.0...
GetData ===>> H2,0.0152635396831348,H1,0.441284447523072,AX,-0.0364076347577146,L1,0.0312512677335806,L2,-0.042...
GetData ===>> H2,0.0152635396831348,H1,0.441284447523072,AX,-0.0364076347577146,L1,0.0312512677335806,L2,-0.042...
GetData ===>> H2,0.00139640136901774,H1,0.431885546375033,AX,-0.00544020914491206,L1,0.0635031478864208,L2,-0.0...
Peak center failed to move to a baseline position
_do_sweep sm= 5.86454, em= 5.89454, stm= 0.001
calculated step values: start=5.86454, end=5.89454, width=0.001, nsteps=31.0
setting magnet DAC
current  : 5.864540
requested: 5.864540
Delta Dac: 0.000000
Checking detector protection. dv=0.00000
Checking detector "CDD". Protection Threshold: 0.1 (V)
SetMagnetDAC 5.86454 ===>> OK
GetData ===>> H2,-0.171862641331087,H1,0.448866391124159,AX,-0.00715701354190975,L1,0.0131700224859159,L2,0.102...
setting magnet DAC
current  : 5.864540
requested: 5.865574
Delta Dac: 0.001034
Checking detector protection. dv=0.00103
Checking detector "CDD". Protection Threshold: 0.1 (V)
SetMagnetDAC 5.86557448276 ===>> OK
Magnet settling time: 1.049
GetData ===>> H2,-0.188474320252118,H1,0.931339979222634,AX,0.0931067905258841,L1,0.0124000509549782,L2,-0.1656...
setting magnet DAC
current  : 5.865574
requested: 5.866609
Delta Dac: 0.001034
Checking detector protection. dv=0.00103
Checking detector "CDD". Protection Threshold: 0.1 (V)
SetMagnetDAC 5.86660896552 ===>> OK
Magnet settling time: 1.049
GetData ===>> H2,-0.139345697923743,H1,3.13152903572569,AX,0.2359984378567,L1,-0.0308101075330685,L2,-0.0490189...
setting magnet DAC
current  : 5.866609
requested: 5.867643
Delta Dac: 0.001034
Checking detector protection. dv=0.00103
Checking detector "CDD". Protection Threshold: 0.1 (V)
SetMagnetDAC 5.86764344828 ===>> OK
Magnet settling time: 1.049
GetData ===>> H2,-0.290211377643742,H1,11.7404474978651,AX,0.950695768001291,L1,-0.0201844424765884,L2,-0.14398...
setting magnet DAC
current  : 5.867643
requested: 5.868678
Delta Dac: 0.001034
Checking detector protection. dv=0.00103
Checking detector "CDD". Protection Threshold: 0.1 (V)
SetMagnetDAC 5.86867793103 ===>> OK
Magnet settling time: 1.049
GetData ===>> H2,-0.148263127780524,H1,39.5571934305005,AX,3.11123167715442,L1,0.0362821329157973,L2,-0.0358844...
setting magnet DAC
current  : 5.868678
requested: 5.869712
Delta Dac: 0.001034
Checking detector protection. dv=0.00103
Checking detector "CDD". Protection Threshold: 0.1 (V)
SetMagnetDAC 5.86971241379 ===>> OK
Magnet settling time: 1.049
GetData ===>> H2,-0.170402798359614,H1,108.540978825634,AX,9.11220486174425,L1,0.0374482672692184,L2,-0.0510674...
setting magnet DAC
current  : 5.869712
requested: 5.870747
Delta Dac: 0.001034
Checking detector protection. dv=0.00103
Checking detector "CDD". Protection Threshold: 0.1 (V)
SetMagnetDAC 5.87074689655 ===>> OK
Magnet settling time: 1.049
GetData ===>> H2,-0.152542956303058,H1,217.00821822011,AX,20.533067265751,L1,0.123833417088268,L2,0.05016055351...
setting magnet DAC
current  : 5.870747
requested: 5.871781
Delta Dac: 0.001034
Checking detector protection. dv=0.00103
Checking detector "CDD". Protection Threshold: 0.1 (V)
SetMagnetDAC 5.87178137931 ===>> OK
Magnet settling time: 1.049
GetData ===>> H2,-0.279877809885371,H1,325.757281465453,AX,34.0904748891278,L1,0.240712944731291,L2,0.098728812...
setting magnet DAC
current  : 5.871781
requested: 5.872816
Delta Dac: 0.001034
Checking detector protection. dv=0.00103
Checking detector "CDD". Protection Threshold: 0.1 (V)
SetMagnetDAC 5.87281586207 ===>> OK
Magnet settling time: 1.049
GetData ===>> H2,-0.28382896577339,H1,399.215241262132,AX,44.9301184618824,L1,0.378474345082275,L2,0.0938047690...
setting magnet DAC
current  : 5.872816
requested: 5.873850
Delta Dac: 0.001034
Checking detector protection. dv=0.00103
Checking detector "CDD". Protection Threshold: 0.1 (V)
SetMagnetDAC 5.87385034483 ===>> OK
Magnet settling time: 1.049
GetData ===>> H2,-0.136355453222085,H1,433.305897104159,AX,51.0110935523976,L1,0.488667537513399,L2,0.126568101...
setting magnet DAC
current  : 5.873850
requested: 5.874885
Delta Dac: 0.001034
Checking detector protection. dv=0.00103
Checking detector "CDD". Protection Threshold: 0.1 (V)
SetMagnetDAC 5.87488482759 ===>> OK
Magnet settling time: 1.049
GetData ===>> H2,-0.274204999785168,H1,444.900334047689,AX,53.8614559280972,L1,0.565539092287235,L2,0.086008884...
setting magnet DAC
current  : 5.874885
requested: 5.875919
Delta Dac: 0.001034
Checking detector protection. dv=0.00103
Checking detector "CDD". Protection Threshold: 0.1 (V)
SetMagnetDAC 5.87591931034 ===>> OK
Magnet settling time: 1.049
GetData ===>> H2,-0.329529018039108,H1,448.25741041394,AX,54.5053975713528,L1,0.642967058774107,L2,0.0930525069...
setting magnet DAC
current  : 5.875919
requested: 5.876954
Delta Dac: 0.001034
Checking detector protection. dv=0.00103
Checking detector "CDD". Protection Threshold: 0.1 (V)
SetMagnetDAC 5.8769537931 ===>> OK
Magnet settling time: 1.049
GetData ===>> H2,-0.172229596294622,H1,448.521625579692,AX,54.5242659795031,L1,0.625879892989662,L2,0.090225877...
setting magnet DAC
current  : 5.876954
requested: 5.877988
Delta Dac: 0.001034
Checking detector protection. dv=0.00103
Checking detector "CDD". Protection Threshold: 0.1 (V)
SetMagnetDAC 5.87798827586 ===>> OK
Magnet settling time: 1.049
GetData ===>> H2,0.00471405783873047,H1,448.695588382119,AX,54.5344133804315,L1,0.646534559370923,L2,0.16096228...
setting magnet DAC
current  : 5.877988
requested: 5.879023
Delta Dac: 0.001034
Checking detector protection. dv=0.00103
Checking detector "CDD". Protection Threshold: 0.1 (V)
SetMagnetDAC 5.87902275862 ===>> OK
Magnet settling time: 1.049
GetData ===>> H2,0.0125606158288786,H1,448.691568245965,AX,54.5570848286341,L1,0.69702147166434,L2,0.1672813928...
setting magnet DAC
current  : 5.879023
requested: 5.880057
Delta Dac: 0.001034
Checking detector protection. dv=0.00103
Checking detector "CDD". Protection Threshold: 0.1 (V)
SetMagnetDAC 5.88005724138 ===>> OK
Magnet settling time: 1.049
GetData ===>> H2,-0.0691045670458126,H1,448.809873853949,AX,54.5106187316902,L1,0.703560438108409,L2,0.09706463...
setting magnet DAC
current  : 5.880057
requested: 5.881092
Delta Dac: 0.001034
Checking detector protection. dv=0.00103
Checking detector "CDD". Protection Threshold: 0.1 (V)
SetMagnetDAC 5.88109172414 ===>> OK
Magnet settling time: 1.049
GetData ===>> H2,-0.0402031479750245,H1,448.605136278639,AX,54.531624246362,L1,0.721950852399859,L2,0.167760475...
setting magnet DAC
current  : 5.881092
requested: 5.882126
Delta Dac: 0.001034
Checking detector protection. dv=0.00103
Checking detector "CDD". Protection Threshold: 0.1 (V)
SetMagnetDAC 5.8821262069 ===>> OK
Magnet settling time: 1.049
GetData ===>> H2,-0.0634456718084573,H1,448.175099297335,AX,54.6433274202547,L1,0.692994378714975,L2,0.00264177...
setting magnet DAC
current  : 5.882126
requested: 5.883161
Delta Dac: 0.001034
Checking detector protection. dv=0.00103
Checking detector "CDD". Protection Threshold: 0.1 (V)
SetMagnetDAC 5.88316068966 ===>> OK
Magnet settling time: 1.049
GetData ===>> H2,-0.190912386763033,H1,447.59195736164,AX,54.3741266159966,L1,0.67681982139122,L2,0.18870558915...
setting magnet DAC
current  : 5.883161
requested: 5.884195
Delta Dac: 0.001034
Checking detector protection. dv=0.00103
Checking detector "CDD". Protection Threshold: 0.1 (V)
SetMagnetDAC 5.88419517241 ===>> OK
Magnet settling time: 1.049
GetData ===>> H2,-0.211418979665936,H1,444.718312571807,AX,53.7625432655143,L1,0.679163265525177,L2,0.182544786...
setting magnet DAC
current  : 5.884195
requested: 5.885230
Delta Dac: 0.001034
Checking detector protection. dv=0.00103
Checking detector "CDD". Protection Threshold: 0.1 (V)
SetMagnetDAC 5.88522965517 ===>> OK
Magnet settling time: 1.049
GetData ===>> H2,-0.090385612619017,H1,436.931952991978,AX,51.5801576205464,L1,0.646435583061001,L2,0.004896443...
setting magnet DAC
current  : 5.885230
requested: 5.886264
Delta Dac: 0.001034
Checking detector protection. dv=0.00103
Checking detector "CDD". Protection Threshold: 0.1 (V)
SetMagnetDAC 5.88626413793 ===>> OK
Magnet settling time: 1.049
GetData ===>> H2,-0.215949294126695,H1,396.136998082828,AX,43.7022063116873,L1,0.56384117225081,L2,0.1040406806...
setting magnet DAC
current  : 5.886264
requested: 5.887299
Delta Dac: 0.001034
Checking detector protection. dv=0.00103
Checking detector "CDD". Protection Threshold: 0.1 (V)
SetMagnetDAC 5.88729862069 ===>> OK
Magnet settling time: 1.049
GetData ===>> H2,-0.147296939164349,H1,314.889898866902,AX,30.7715729335276,L1,0.433538079098827,L2,-0.06668053...
setting magnet DAC
current  : 5.887299
requested: 5.888333
Delta Dac: 0.001034
Checking detector protection. dv=0.00103
Checking detector "CDD". Protection Threshold: 0.1 (V)
SetMagnetDAC 5.88833310345 ===>> OK
Magnet settling time: 1.049
GetData ===>> H2,-0.270698989300189,H1,201.857208596355,AX,17.0130750099199,L1,0.304122646550436,L2,0.041388532...
setting magnet DAC
current  : 5.888333
requested: 5.889368
Delta Dac: 0.001034
Checking detector protection. dv=0.00103
Checking detector "CDD". Protection Threshold: 0.1 (V)
SetMagnetDAC 5.88936758621 ===>> OK
Magnet settling time: 1.049
GetData ===>> H2,-0.254268509142887,H1,100.560048087301,AX,7.26865638099755,L1,0.19192470127587,L2,-0.088775711...
setting magnet DAC
current  : 5.889368
requested: 5.890402
Delta Dac: 0.001034
Checking detector protection. dv=0.00103
Checking detector "CDD". Protection Threshold: 0.1 (V)
SetMagnetDAC 5.89040206897 ===>> OK
Magnet settling time: 1.049
GetData ===>> H2,-0.236259507140507,H1,38.8565843503723,AX,2.18360680177229,L1,0.135041200028763,L2,-0.12183376...
setting magnet DAC
current  : 5.890402
requested: 5.891437
Delta Dac: 0.001034
Checking detector protection. dv=0.00103
Checking detector "CDD". Protection Threshold: 0.1 (V)
SetMagnetDAC 5.89143655172 ===>> OK
Magnet settling time: 1.049
GetData ===>> H2,-0.233186666336612,H1,12.1631982583931,AX,0.506946919258737,L1,0.0474771742441575,L2,0.0173094...
setting magnet DAC
current  : 5.891437
requested: 5.892471
Delta Dac: 0.001034
Checking detector protection. dv=0.00103
Checking detector "CDD". Protection Threshold: 0.1 (V)
SetMagnetDAC 5.89247103448 ===>> OK
Magnet settling time: 1.049
GetData ===>> H2,-0.251525526956638,H1,3.16562492561829,AX,-0.0626352514975929,L1,0.0282454839207644,L2,-0.1856...
setting magnet DAC
current  : 5.892471
requested: 5.893506
Delta Dac: 0.001034
Checking detector protection. dv=0.00103
Checking detector "CDD". Protection Threshold: 0.1 (V)
SetMagnetDAC 5.89350551724 ===>> OK
Magnet settling time: 1.049
GetData ===>> H2,-0.0902177531128981,H1,0.26106521380036,AX,-0.0224445172612055,L1,0.0191903012580403,L2,-0.054...
setting magnet DAC
current  : 5.893506
requested: 5.894540
Delta Dac: 0.001034
Checking detector protection. dv=0.00103
Checking detector "CDD". Protection Threshold: 0.1 (V)
SetMagnetDAC 5.89454 ===>> OK
Magnet settling time: 1.049
GetData ===>> H2,-0.232084218749665,H1,0.056566806186731,AX,-0.238462805628022,L1,0.00550171692067404,L2,0.0849...
result of _do_sweep=True
result of _calculate_peak_center=([5.8718829617856407, 5.8794871356506118, 5.8870913095155828], [332.97058813891084, 448.80774008546831, 331.17188267771922], 5.8800385833736444, 448.80774008546831)
Failed to find a valid peak. No peak greater than 1.0. max = 0.0216341418027
new center pos Detector(H1) (Ar40) @ 5.87948713565
GetHighVoltage ===>> 4500
GetDeflection H1 ===>> 0
dac uncorrected for HV and deflection 5.87948713565
update mftable H1 Ar40 5.87948713565 message=automated run peakcenter
get initial guess parabolic
get initial guess parabolic
get initial guess parabolic
get initial guess parabolic
get initial guess parabolic
get initial guess parabolic
dump mftable to /Users/jan/PychronDev/setupfiles/spectrometer/mftables/mftable.csv
add to repo msg=modified - automated run peakcenter
locally archiving mftable
setting magnet DAC
current  : 5.894540
requested: 5.879487
Delta Dac: 0.015053
Checking detector protection. dv=0.01505
Checking detector "CDD". Protection Threshold: 0.1 (V)
SetMagnetDAC 5.87948713565 ===>> OK
Magnet settling time: 0.500
sweep finished
setting integration time = 1.048576
SetIntegrationTime 1.048576 ===>> OK
Failed to find a valid peak. No peak greater than 1.0. max = 0.0217129004573
flush and close file /Users/jan/PychronDev/data/isotopes/b1/09515e-879c-4cbc-8898-351bf1bba01e.h5
finished measure script
executed snippet estimated_duration=226.132928, duration=274.21893096
jan_unknown120_60.py completed successfully
Measurement Finished
15:47:36 -- ******* Measurement Finished *******
Post Measurement Started jan_pump_ms.py
15:47:36 -- ******* Post Measurement Started jan_pump_ms.py *******
testing...
no interpolation path defined
executed snippet estimated_duration=0, duration=2.69412994385e-05
Pumping spectrometer
open () {'name': 'O'}
opening name=O desc=---
checking ownership. requestor=129.138.12.150
check software interlocks O
interlocks []
actuate state mode=None-script, software_lock=False
doing actuation None-script open_channel True
Open O ===>> OK
GetIndicatorState O ===>> OK
change switch state (True, True)
update switch state O True args=() kw={} ncanvase=2
15:47:36 -- OPEN   VALVE-O (Jan Ion Pump)
---------------------------------------- open O () result=[(True, True)], time=0.09 sec
action=open, ok=True, locked=[False]
executed snippet estimated_duration=0, duration=0.348865032196
jan_pump_ms.py completed successfully
setting _ms_pumptime
Post Measurement Finished
15:47:37 -- ******* Post Measurement Finished *******
$$$$$$$$$$$$$$$$$$$$ state at run end measurement
state changed from measurement to success
post measurement save measured=True aborted=False
Set filtering
setting fod for Ar40= {'filter_outliers': True, 'std_devs': 2, 'iterations': 1}
setting fod for H1= {'filter_outliers': True, 'std_devs': 2, 'iterations': 1}
setting fod for PM41= {'filter_outliers': False, 'std_devs': 2, 'iterations': 1}
setting fod for H2= {'filter_outliers': True, 'std_devs': 2, 'iterations': 1}
setting fod for Ar36= {'filter_outliers': True, 'std_devs': 2, 'iterations': 1}
setting fod for CDD= {'filter_outliers': True, 'std_devs': 10, 'iterations': 1}
setting fod for Ar37= {'filter_outliers': True, 'std_devs': 2, 'iterations': 1}
setting fod for L2= {'filter_outliers': True, 'std_devs': 2, 'iterations': 1}
setting fod for Ar38= {'filter_outliers': True, 'std_devs': 2, 'iterations': 1}
setting fod for L1= {'filter_outliers': True, 'std_devs': 2, 'iterations': 1}
setting fod for Ar39= {'filter_outliers': True, 'std_devs': 2, 'iterations': 1}
setting fod for AX= {'filter_outliers': True, 'std_devs': 2, 'iterations': 1}
persistence save...
persistence save - db
post measurement save
6502732336 connecting to database sqlite:////Users/jan/PychronDev/.appdata/local_lab.db
connected to db sqlite:////Users/jan/PychronDev/.appdata/local_lab.db
create new session 6502732336
close session 6502732336
No database instance. Not saving post measurement to isotopedb database
$$$$$$$$$$$$$$$ auto_save_detector_ic=False
massspec enabled True
create new session 4979675504
MassSpec Database Version: 16.0
close session 4979675504
saving post measurement to secondary database
saving to massspec database 129.138.12.160/massspecdata
setting labnumber to 25320
setting aliquot to 5
setting step to 
setting uuid to b109515e-879c-4cbc-8898-351bf1bba01e
setting irradpos to 25320
setting extract_device to Fusions CO2
setting tray to 
setting position to 149
setting power_requested to 5.0
setting extract_value to 5.0
setting duration to 30.0
setting duration_at_request to 30.0
setting first_stage_delay to 30.0
setting cleanup to 30.0
setting comment to K:9
setting irradiation to NM-288
setting level to K
setting irradiation_level to K
setting sample to FC-2
setting material to Sanidine
setting project to Irradiation-NM-288
setting mass_spectrometer to Jan
no attribute chron_dosages
no attribute production_ratios
no attribute interference_corrections
no attribute production_name
no attribute j
Reference Isotope=Ar40
Reference Detector=H1
%%%%%%%%%%%%%%%%%%%% Comment: K:9 %%%%%%%%%%%%%%%%%%%
adding isotope PM41 H2
add baseline dbdet= PM41. original det= H2
get baseline data PM41 H2
Get data baseline <pychron.processing.isotope.Baseline object at 0x19fbf4d10> len t=60
baseline PM41. v=-0.204098818478, e=0.00774212380811
get signal data PM41 H2
Get data signal PM41 0.03+/-0.07 len t=120
adding isotope Ar40 H1
add baseline dbdet= Ar40. original det= H1
get baseline data Ar40 H1
Get data baseline <pychron.processing.isotope.Baseline object at 0x19fbf4f10> len t=60
baseline Ar40. v=-0.0153205248345, e=0.00601748127357
get signal data Ar40 H1
Get data signal Ar40 490.23+/-0.04 len t=120
adding isotope Ar39 AX
add baseline dbdet= Ar39. original det= AX
get baseline data Ar39 AX
Get data baseline <pychron.processing.isotope.Baseline object at 0x19fc01110> len t=60
baseline Ar39. v=-0.0743254239442, e=0.00761635320651
get signal data Ar39 AX
Get data signal Ar39 59.792+/-0.019 len t=120
adding isotope Ar38 L1
add baseline dbdet= Ar38. original det= L1
get baseline data Ar38 L1
Get data baseline <pychron.processing.isotope.Baseline object at 0x19fc012d0> len t=60
baseline Ar38. v=-0.0213411845637, e=0.00276649027131
get signal data Ar38 L1
Get data signal Ar38 0.782+/-0.004 len t=120
adding isotope Ar37 L2
add baseline dbdet= Ar37. original det= L2
get baseline data Ar37 L2
Get data baseline <pychron.processing.isotope.Baseline object at 0x19fc01490> len t=60
baseline Ar37. v=-0.0271377929174, e=0.00588573620689
get signal data Ar37 L2
Get data signal Ar37 0.175+/-0.010 len t=120
adding isotope Ar36 CDD
add baseline dbdet= Ar36. original det= CDD
get baseline data Ar36 CDD
Get data baseline <pychron.processing.isotope.Baseline object at 0x19fc01650> len t=60
baseline Ar36. v=0.000104205788598, e=1.67093518952e-05
get signal data Ar36 CDD
Get data signal Ar36 0.01082+/-0.00027 len t=120
25320-05 added analysis time 0.506604909897s
analysis added to mass spec database
mass spec save time= 0.522
persistence save - dvc
================= post measurement started
create new session 4982376208
close session 4982376208
---------------- Experiment Queue saving disabled
DVC saving peakcenter
Failed to find a valid peak. No peak greater than 1.0. max = 0.0217129004573
Smart pull ahead: 0 behind: 0
Up-to-date with origin
add to repo msg=modified - ad8224ebc6dbfeb9f5997218dfa5fe690569839d.json
add to repo msg=modified - 20-05.json
add to repo msg=modified - 20-05.dat.json
add to repo msg=modified - 20-05.blan.json
add to repo msg=modified - 20-05.inte.json
add to repo msg=modified - 20-05.icfa.json
add to repo msg=modified - 20-05.base.json
not at valid file /Users/jan/PychronDev/data/.dvc/repositories/Load1788/253/tags/20-05.tags.json
add to repo msg=modified - 20-05.peak.json
add to repo msg=modified - 20-05.extr.json
not at valid file /Users/jan/PychronDev/data/.dvc/repositories/Load1788/253/monitor/20-05.moni.json
commit message=<COLLECTION>
add to repo msg=modified - 20-05.inte.json
add to repo msg=modified - 20-05.base.json
commit message=<ISOEVO> default collection fits
add to repo msg=modified - 20-05.blan.json
commit message=<BLANKS> preceding ba-01-J-2291
add to repo msg=modified - 20-05.icfa.json
commit message=<ICFactor> default
push repository <pychron.git_archive.repo_manager.GitRepoManager object at 0x19cc0b950>
pushing to remote=origin, url=https://github.com
no changes to meta repo
create new session 4982376208
add association Load1788
get identifier "25320"
setting analysis irradiation position=<pychron.dvc.dvc_orm.IrradiationPositionTbl object at 0x198851ed0>
close session 4982376208
================= post measurement finished
15:47:51 -- ******* Post Run Check *******
loading queue conditionals post_run_actions
loading system conditionals post_run_actions
loading conditionals from /Users/jan/PychronDev/setupfiles/spectrometer/default_conditionals.yaml
loading queue conditionals post_run_terminations
loading system conditionals post_run_terminations
loading conditionals from /Users/jan/PychronDev/setupfiles/spectrometer/default_conditionals.yaml
Checking default post run terminations n=1
GetDeflection CDD ===>> 50
testing CDD==2000
evaluate ot="CDD.deflection==2000" t="CDD==2000", ctx="{'CDD': 50.0}"
15:47:51 -- ******* Post Run Check Passed *******
15:47:51 -- Automated run 25320-05 success duration: 366.527 s
----------------- finish -----------------
----------------- stop -----------------
retroactive repository identifiers disabled
finish run. runs completed=34
update duration runid=25320-05, duration=366.526612043, md5=301e91d8
loading script "jan_unknown120_60.py"
loading script "jan_pump_ms.py"
loading script "jan_co2.py"
loading script "jan_pump_extraction_line.py"
testing...
no interpolation path defined
executed snippet estimated_duration=213.652928, duration=0.000201940536499
script duration name:unknown120_60 seconds:214.0
loading script "jan_unknown120_60.py"
loading script "jan_pump_ms.py"
loading script "jan_co2.py"
loading script "jan_pump_extraction_line.py"
testing...
no interpolation path defined
executed snippet estimated_duration=0, duration=5.41210174561e-05
loading script "jan_unknown120_60.py"
loading script "jan_pump_ms.py"
loading script "jan_co2.py"
loading script "jan_pump_extraction_line.py"
testing...
no interpolation path defined
calculate duration
testing...
no interpolation path defined
executed snippet estimated_duration=0, duration=6.89029693604e-05
calculate duration
testing...
no interpolation path defined
executed snippet estimated_duration=0, duration=9.10758972168e-05
executed snippet estimated_duration=0.0, duration=0.00286293029785
script duration name:co2 seconds:0.0
loading script "jan_unknown120_60.py"
loading script "jan_pump_ms.py"
loading script "jan_co2.py"
loading script "jan_pump_extraction_line.py"
testing...
no interpolation path defined
calculate duration
testing...
no interpolation path defined
executed snippet estimated_duration=4.0, duration=0.000144004821777
executed snippet estimated_duration=4.0, duration=0.00114107131958
Script duration 214.0
Run total estimated duration= 215.000
loading script "jan_unknown400_120.py"
loading script "jan_pump_ms.py"
loading script "jan_co2.py"
loading script "jan_pump_extraction_line.py"
testing...
no interpolation path defined
executed snippet estimated_duration=556.052928, duration=0.000144958496094
script duration name:unknown400_120 seconds:556.0
pump_ms in script context. using previous estimated duration
co2 in script context. using previous estimated duration
script duration name:co2 seconds:0.0
pump_extraction_line in script context. using previous estimated duration
Script duration 556.0
Run total estimated duration= 557.000
unknown400_120 in script context. using previous estimated duration
script duration name:unknown400_120 seconds:556.0
loading script "jan_unknown400_120.py"
loading script "jan_pump_ms.py"
loading script "jan_cocktail_x1.py"
loading script "jan_pump_extraction_line.py"
testing...
no interpolation path defined
calculate duration
testing...
no interpolation path defined
executed snippet estimated_duration=0, duration=4.60147857666e-05
calculate duration
testing...
no interpolation path defined
executed snippet estimated_duration=0, duration=0.000104904174805
calculate duration
testing...
no interpolation path defined
executed snippet estimated_duration=32.0, duration=8.60691070557e-05
calculate duration
testing...
no interpolation path defined
executed snippet estimated_duration=34.0, duration=9.51290130615e-05
calculate duration
testing...
no interpolation path defined
executed snippet estimated_duration=4.0, duration=7.60555267334e-05
calculate duration
testing...
no interpolation path defined
executed snippet estimated_duration=38.0, duration=9.89437103271e-05
executed snippet estimated_duration=108.0, duration=0.00772500038147
script duration name:cocktail_x1 seconds:108.0
Script duration 664.0
Run total estimated duration= 665.000
unknown120_60 in script context. using previous estimated duration
script duration name:unknown120_60 seconds:214.0
cocktail_x1 in script context. using previous estimated duration
script duration name:cocktail_x1 seconds:108.0
Script duration 322.0
Run total estimated duration= 323.000
script duration name:unknown120_60 seconds:214.0
script duration name:co2 seconds:0.0
Script duration 214.0
Run total estimated duration= 215.000
script duration name:unknown120_60 seconds:214.0
script duration name:co2 seconds:0.0
Script duration 214.0
Run total estimated duration= 215.000
script duration name:unknown120_60 seconds:214.0
script duration name:co2 seconds:0.0
Script duration 214.0
Run total estimated duration= 215.000
script duration name:unknown120_60 seconds:214.0
script duration name:co2 seconds:0.0
Script duration 214.0
Run total estimated duration= 215.000
script duration name:unknown120_60 seconds:214.0
script duration name:co2 seconds:0.0
Script duration 214.0
Run total estimated duration= 215.000
script duration name:unknown120_60 seconds:214.0
script duration name:co2 seconds:0.0
Script duration 214.0
Run total estimated duration= 215.000
script duration name:unknown120_60 seconds:214.0
script duration name:co2 seconds:0.0
Script duration 214.0
Run total estimated duration= 215.000
script duration name:unknown120_60 seconds:214.0
script duration name:co2 seconds:0.0
Script duration 214.0
Run total estimated duration= 215.000
script duration name:unknown120_60 seconds:214.0
script duration name:co2 seconds:0.0
Script duration 214.0
Run total estimated duration= 215.000
script duration name:unknown120_60 seconds:214.0
script duration name:co2 seconds:0.0
Script duration 214.0
Run total estimated duration= 215.000
script duration name:unknown400_120 seconds:556.0
script duration name:co2 seconds:0.0
Script duration 556.0
Run total estimated duration= 557.000
script duration name:unknown400_120 seconds:556.0
loading script "jan_unknown400_120.py"
loading script "jan_pump_ms.py"
loading script "jan_sniffair_x2.py"
loading script "jan_pump_extraction_line.py"
testing...
no interpolation path defined
calculate duration
testing...
no interpolation path defined
executed snippet estimated_duration=0, duration=4.60147857666e-05
calculate duration
testing...
no interpolation path defined
executed snippet estimated_duration=0, duration=0.000305891036987
calculate duration
testing...
no interpolation path defined
executed snippet estimated_duration=32.0, duration=9.29832458496e-05
calculate duration
testing...
no interpolation path defined
executed snippet estimated_duration=34.0, duration=9.79900360107e-05
calculate duration
testing...
no interpolation path defined
executed snippet estimated_duration=4.0, duration=5.91278076172e-05
calculate duration
testing...
no interpolation path defined
executed snippet estimated_duration=36.0, duration=8.51154327393e-05
calculate duration
testing...
no interpolation path defined
executed snippet estimated_duration=34.0, duration=9.70363616943e-05
calculate duration
testing...
no interpolation path defined
executed snippet estimated_duration=4.0, duration=7.82012939453e-05
calculate duration
testing...
no interpolation path defined
executed snippet estimated_duration=36.0, duration=0.000169992446899
calculate duration
testing...
no interpolation path defined
executed snippet estimated_duration=70.0, duration=9.41753387451e-05
executed snippet estimated_duration=250.0, duration=0.0135209560394
script duration name:sniffair_x2 seconds:250.0
Script duration 806.0
Run total estimated duration= 807.000
script duration name:unknown400_120 seconds:556.0
sniffair_x2 in script context. using previous estimated duration
script duration name:sniffair_x2 seconds:250.0
Script duration 806.0
Run total estimated duration= 807.000
loading script "jan_ic_peak_hop3.py"
loading script "jan_pump_ms.py"
loading script "jan_sniffair_x1.py"
loading script "jan_pump_extraction_line.py"
testing...
no interpolation path defined
executed snippet estimated_duration=133.8, duration=0.00739693641663
script duration name:ic_peak_hop3 seconds:134.0
loading script "jan_ic_peak_hop3.py"
loading script "jan_pump_ms.py"
loading script "jan_sniffair_x1.py"
loading script "jan_pump_extraction_line.py"
testing...
no interpolation path defined
calculate duration
testing...
no interpolation path defined
executed snippet estimated_duration=0, duration=4.50611114502e-05
calculate duration
testing...
no interpolation path defined
executed snippet estimated_duration=0, duration=0.000101089477539
calculate duration
testing...
no interpolation path defined
executed snippet estimated_duration=32.0, duration=9.10758972168e-05
calculate duration
testing...
no interpolation path defined
executed snippet estimated_duration=34.0, duration=9.79900360107e-05
calculate duration
testing...
no interpolation path defined
executed snippet estimated_duration=4.0, duration=5.98430633545e-05
calculate duration
testing...
no interpolation path defined
executed snippet estimated_duration=70.0, duration=9.08374786377e-05
executed snippet estimated_duration=140.0, duration=0.00736808776855
script duration name:sniffair_x1 seconds:140.0
Script duration 274.0
Run total estimated duration= 275.000
script duration name:unknown120_60 seconds:214.0
script duration name:co2 seconds:0.0
Script duration 214.0
Run total estimated duration= 215.000
script duration name:unknown120_60 seconds:214.0
script duration name:co2 seconds:0.0
Script duration 214.0
Run total estimated duration= 215.000
script duration name:unknown120_60 seconds:214.0
script duration name:co2 seconds:0.0
Script duration 214.0
Run total estimated duration= 215.000
script duration name:unknown120_60 seconds:214.0
script duration name:co2 seconds:0.0
Script duration 214.0
Run total estimated duration= 215.000
script duration name:unknown120_60 seconds:214.0
script duration name:co2 seconds:0.0
Script duration 214.0
Run total estimated duration= 215.000
script duration name:unknown120_60 seconds:214.0
script duration name:cocktail_x1 seconds:108.0
Script duration 322.0
Run total estimated duration= 323.000
script duration name:unknown120_60 seconds:214.0
script duration name:co2 seconds:0.0
Script duration 214.0
Run total estimated duration= 215.000
script duration name:unknown120_60 seconds:214.0
script duration name:co2 seconds:0.0
Script duration 214.0
Run total estimated duration= 215.000
script duration name:unknown120_60 seconds:214.0
script duration name:co2 seconds:0.0
Script duration 214.0
Run total estimated duration= 215.000
script duration name:unknown120_60 seconds:214.0
script duration name:co2 seconds:0.0
Script duration 214.0
Run total estimated duration= 215.000
script duration name:unknown120_60 seconds:214.0
script duration name:co2 seconds:0.0
Script duration 214.0
Run total estimated duration= 215.000
script duration name:unknown400_120 seconds:556.0
script duration name:co2 seconds:0.0
Script duration 556.0
Run total estimated duration= 557.000
script duration name:unknown120_60 seconds:214.0
script duration name:co2 seconds:0.0
Script duration 214.0
Run total estimated duration= 215.000
script duration name:unknown400_120 seconds:556.0
script duration name:cocktail_x1 seconds:108.0
Script duration 664.0
Run total estimated duration= 665.000
script duration name:unknown120_60 seconds:214.0
script duration name:co2 seconds:0.0
Script duration 214.0
Run total estimated duration= 215.000
script duration name:unknown120_60 seconds:214.0
script duration name:co2 seconds:0.0
Script duration 214.0
Run total estimated duration= 215.000
script duration name:unknown120_60 seconds:214.0
script duration name:co2 seconds:0.0
Script duration 214.0
Run total estimated duration= 215.000
script duration name:unknown120_60 seconds:214.0
script duration name:co2 seconds:0.0
Script duration 214.0
Run total estimated duration= 215.000
script duration name:unknown120_60 seconds:214.0
script duration name:co2 seconds:0.0
Script duration 214.0
Run total estimated duration= 215.000
script duration name:unknown120_60 seconds:214.0
script duration name:co2 seconds:0.0
Script duration 214.0
Run total estimated duration= 215.000
script duration name:unknown120_60 seconds:214.0
script duration name:co2 seconds:0.0
Script duration 214.0
Run total estimated duration= 215.000
script duration name:unknown120_60 seconds:214.0
script duration name:co2 seconds:0.0
Script duration 214.0
Run total estimated duration= 215.000
script duration name:unknown120_60 seconds:214.0
script duration name:co2 seconds:0.0
Script duration 214.0
Run total estimated duration= 215.000
script duration name:unknown400_120 seconds:556.0
script duration name:co2 seconds:0.0
Script duration 556.0
Run total estimated duration= 557.000
script duration name:unknown400_120 seconds:556.0
script duration name:sniffair_x2 seconds:250.0
Script duration 806.0
Run total estimated duration= 807.000
script duration name:unknown400_120 seconds:556.0
script duration name:sniffair_x2 seconds:250.0
Script duration 806.0
Run total estimated duration= 807.000
script duration name:unknown120_60 seconds:214.0
script duration name:cocktail_x1 seconds:108.0
Script duration 322.0
Run total estimated duration= 323.000
ic_peak_hop3 in script context. using previous estimated duration
script duration name:ic_peak_hop3 seconds:134.0
sniffair_x1 in script context. using previous estimated duration
script duration name:sniffair_x1 seconds:140.0
Script duration 274.0
Run total estimated duration= 275.000
script duration name:unknown120_60 seconds:214.0
script duration name:co2 seconds:0.0
Script duration 214.0
Run total estimated duration= 215.000
script duration name:unknown120_60 seconds:214.0
script duration name:co2 seconds:0.0
Script duration 214.0
Run total estimated duration= 215.000
script duration name:unknown120_60 seconds:214.0
script duration name:co2 seconds:0.0
Script duration 214.0
Run total estimated duration= 215.000
script duration name:unknown120_60 seconds:214.0
script duration name:co2 seconds:0.0
Script duration 214.0
Run total estimated duration= 215.000
script duration name:unknown120_60 seconds:214.0
script duration name:co2 seconds:0.0
Script duration 214.0
Run total estimated duration= 215.000
script duration name:unknown400_120 seconds:556.0
script duration name:cocktail_x1 seconds:108.0
Script duration 664.0
Run total estimated duration= 665.000
script duration name:unknown120_60 seconds:214.0
script duration name:co2 seconds:0.0
Script duration 214.0
Run total estimated duration= 215.000
script duration name:unknown120_60 seconds:214.0
script duration name:co2 seconds:0.0
Script duration 214.0
Run total estimated duration= 215.000
script duration name:unknown120_60 seconds:214.0
script duration name:co2 seconds:0.0
Script duration 214.0
Run total estimated duration= 215.000
script duration name:unknown120_60 seconds:214.0
script duration name:co2 seconds:0.0
Script duration 214.0
Run total estimated duration= 215.000
script duration name:unknown120_60 seconds:214.0
script duration name:co2 seconds:0.0
Script duration 214.0
Run total estimated duration= 215.000
script duration name:unknown400_120 seconds:556.0
script duration name:co2 seconds:0.0
Script duration 556.0
Run total estimated duration= 557.000
script duration name:unknown120_60 seconds:214.0
script duration name:co2 seconds:0.0
Script duration 214.0
Run total estimated duration= 215.000
script duration name:unknown120_60 seconds:214.0
script duration name:co2 seconds:0.0
Script duration 214.0
Run total estimated duration= 215.000
script duration name:unknown120_60 seconds:214.0
script duration name:co2 seconds:0.0
Script duration 214.0
Run total estimated duration= 215.000
script duration name:unknown120_60 seconds:214.0
script duration name:co2 seconds:0.0
Script duration 214.0
Run total estimated duration= 215.000
script duration name:unknown120_60 seconds:214.0
script duration name:co2 seconds:0.0
Script duration 214.0
Run total estimated duration= 215.000
script duration name:unknown120_60 seconds:214.0
script duration name:cocktail_x1 seconds:108.0
Script duration 322.0
Run total estimated duration= 323.000
script duration name:unknown120_60 seconds:214.0
script duration name:co2 seconds:0.0
Script duration 214.0
Run total estimated duration= 215.000
script duration name:unknown120_60 seconds:214.0
script duration name:co2 seconds:0.0
Script duration 214.0
Run total estimated duration= 215.000
script duration name:unknown120_60 seconds:214.0
script duration name:co2 seconds:0.0
Script duration 214.0
Run total estimated duration= 215.000
script duration name:unknown120_60 seconds:214.0
script duration name:co2 seconds:0.0
Script duration 214.0
Run total estimated duration= 215.000
script duration name:unknown120_60 seconds:214.0
script duration name:co2 seconds:0.0
Script duration 214.0
Run total estimated duration= 215.000
script duration name:unknown400_120 seconds:556.0
script duration name:co2 seconds:0.0
Script duration 556.0
Run total estimated duration= 557.000
script duration name:unknown400_120 seconds:556.0
script duration name:sniffair_x2 seconds:250.0
Script duration 806.0
Run total estimated duration= 807.000
script duration name:unknown400_120 seconds:556.0
script duration name:cocktail_x1 seconds:108.0
Script duration 664.0
Run total estimated duration= 665.000
script duration name:unknown400_120 seconds:556.0
script duration name:sniffair_x2 seconds:250.0
Script duration 806.0
Run total estimated duration= 807.000
script duration name:ic_peak_hop3 seconds:134.0
script duration name:sniffair_x1 seconds:140.0
Script duration 274.0
Run total estimated duration= 275.000
script duration name:unknown120_60 seconds:214.0
script duration name:co2 seconds:0.0
Script duration 214.0
Run total estimated duration= 215.000
script duration name:unknown120_60 seconds:214.0
script duration name:co2 seconds:0.0
Script duration 214.0
Run total estimated duration= 215.000
script duration name:unknown120_60 seconds:214.0
script duration name:co2 seconds:0.0
Script duration 214.0
Run total estimated duration= 215.000
script duration name:unknown120_60 seconds:214.0
script duration name:co2 seconds:0.0
Script duration 214.0
Run total estimated duration= 215.000
script duration name:unknown120_60 seconds:214.0
script duration name:co2 seconds:0.0
Script duration 214.0
Run total estimated duration= 215.000
script duration name:unknown120_60 seconds:214.0
script duration name:co2 seconds:0.0
Script duration 214.0
Run total estimated duration= 215.000
script duration name:unknown120_60 seconds:214.0
script duration name:co2 seconds:0.0
Script duration 214.0
Run total estimated duration= 215.000
script duration name:unknown120_60 seconds:214.0
script duration name:co2 seconds:0.0
Script duration 214.0
Run total estimated duration= 215.000
script duration name:unknown120_60 seconds:214.0
script duration name:co2 seconds:0.0
Script duration 214.0
Run total estimated duration= 215.000
script duration name:unknown120_60 seconds:214.0
script duration name:co2 seconds:0.0
Script duration 214.0
Run total estimated duration= 215.000
script duration name:unknown400_120 seconds:556.0
script duration name:co2 seconds:0.0
Script duration 556.0
Run total estimated duration= 557.000
script duration name:unknown120_60 seconds:214.0
script duration name:cocktail_x1 seconds:108.0
Script duration 322.0
Run total estimated duration= 323.000
script duration name:unknown120_60 seconds:214.0
script duration name:co2 seconds:0.0
Script duration 214.0
Run total estimated duration= 215.000
script duration name:unknown120_60 seconds:214.0
script duration name:co2 seconds:0.0
Script duration 214.0
Run total estimated duration= 215.000
script duration name:unknown120_60 seconds:214.0
script duration name:co2 seconds:0.0
Script duration 214.0
Run total estimated duration= 215.000
script duration name:unknown120_60 seconds:214.0
script duration name:co2 seconds:0.0
Script duration 214.0
Run total estimated duration= 215.000
script duration name:unknown400_120 seconds:556.0
script duration name:cocktail_x1 seconds:108.0
Script duration 664.0
Run total estimated duration= 665.000
script duration name:unknown120_60 seconds:214.0
script duration name:co2 seconds:0.0
Script duration 214.0
Run total estimated duration= 215.000
script duration name:unknown120_60 seconds:214.0
script duration name:co2 seconds:0.0
Script duration 214.0
Run total estimated duration= 215.000
script duration name:unknown120_60 seconds:214.0
script duration name:co2 seconds:0.0
Script duration 214.0
Run total estimated duration= 215.000
script duration name:unknown120_60 seconds:214.0
script duration name:co2 seconds:0.0
Script duration 214.0
Run total estimated duration= 215.000
script duration name:unknown120_60 seconds:214.0
script duration name:co2 seconds:0.0
Script duration 214.0
Run total estimated duration= 215.000
script duration name:unknown120_60 seconds:214.0
script duration name:co2 seconds:0.0
Script duration 214.0
Run total estimated duration= 215.000
script duration name:unknown400_120 seconds:556.0
script duration name:co2 seconds:0.0
Script duration 556.0
Run total estimated duration= 557.000
script duration name:unknown400_120 seconds:556.0
script duration name:sniffair_x2 seconds:250.0
Script duration 806.0
Run total estimated duration= 807.000
script duration name:unknown400_120 seconds:556.0
script duration name:sniffair_x2 seconds:250.0
Script duration 806.0
Run total estimated duration= 807.000
script duration name:ic_peak_hop3 seconds:134.0
script duration name:sniffair_x1 seconds:140.0
Script duration 274.0
Run total estimated duration= 275.000
script duration name:unknown120_60 seconds:214.0
script duration name:co2 seconds:0.0
Script duration 214.0
Run total estimated duration= 215.000
script duration name:unknown120_60 seconds:214.0
script duration name:co2 seconds:0.0
Script duration 214.0
Run total estimated duration= 215.000
nruns=103 before=5.0, run_dur=32647.0, btw=4590.0
write rem/ex queues
/Users/jan/PychronDev/experiments/rem/CurrentExperiment.rem.txt
/Users/jan/PychronDev/experiments/rem/CurrentExperiment.ex.txt
doing event level: 3
