do run
loading script "jan_unknown120_60.py"
loading script "jan_pump_ms.py"
loading script "jan_co2.py"
loading script "jan_pump_extraction_line.py"
testing...
no interpolation path defined
executed snippet estimated_duration=213.652928, duration=0.000468969345093
script duration name:unknown120_60 seconds:214.0
loading script "jan_unknown120_60.py"
loading script "jan_pump_ms.py"
loading script "jan_co2.py"
loading script "jan_pump_extraction_line.py"
testing...
no interpolation path defined
executed snippet estimated_duration=0, duration=2.21729278564e-05
loading script "jan_unknown120_60.py"
loading script "jan_pump_ms.py"
loading script "jan_co2.py"
loading script "jan_pump_extraction_line.py"
testing...
no interpolation path defined
calculate duration
testing...
no interpolation path defined
executed snippet estimated_duration=0, duration=5.50746917725e-05
calculate duration
testing...
no interpolation path defined
executed snippet estimated_duration=0, duration=9.48905944824e-05
executed snippet estimated_duration=0.0, duration=0.00253200531006
script duration name:co2 seconds:0.0
loading script "jan_unknown120_60.py"
loading script "jan_pump_ms.py"
loading script "jan_co2.py"
loading script "jan_pump_extraction_line.py"
testing...
no interpolation path defined
calculate duration
testing...
no interpolation path defined
executed snippet estimated_duration=4.0, duration=0.000123023986816
executed snippet estimated_duration=4.0, duration=0.00143599510193
Script duration 214.0
Run total estimated duration= 215.000
run duration: 0:03:35
doing event level: 2
17:02:41 -- Setting default integration. t=1.048576
setting integration time = 1.048576
SetIntegrationTime 1.048576 ===>> OK
----------------- start -----------------
**************** Experiment Type: Ar/Ar, Ar/Ar
create new session 4419362736
close session 4419362736
$$$$$ Clearing conditionals
adding conditionals 
Add queue conditionals
add default conditionals
adding default conditionals from /Users/jan/PychronDev/setupfiles/spectrometer/default_conditionals.yaml
Start automated run 25321-06
loading script "jan_unknown120_60.py"
loading script "jan_pump_ms.py"
loading script "jan_co2.py"
loading script "jan_pump_extraction_line.py"
%%%%%%%%%%%%%%%%%% setting automated run 25321-06
No value "sensitivity_multiplier" in metadata
$$$$$$$$$$$$$$$ auto_save_detector_ic=False
============================= Pre Extraction Check =============================
loading queue conditionals pre_run_terminations
loading system conditionals pre_run_terminations
loading conditionals from /Users/jan/PychronDev/setupfiles/spectrometer/default_conditionals.yaml
17:02:41 -- ******* Pre Extraction Check *******
Get a measurement from the spectrometer
GetData ===>> H2,-0.0431911075221356,H1,0.0371141159656531,AX,-0.0322328261766775,L1,0.00565773232909537,L2,0.0...
Pre Extraction Termination data. keys=H2,H1,AX,L1,L2,CDD, signals=-0.04319,0.03711,-0.03223,0.00566,0.05926,0.00387
17:02:41 -- testing system defined conditionals
Checking default pre extraction terminations n=2
testing CDD
evaluate ot="CDD.inactive" t="CDD", ctx="{'CDD': False}"
GetDeflection CDD ===>> 50
testing CDD==2000
evaluate ot="CDD.deflection==2000" t="CDD==2000", ctx="{'CDD': 50.0}"
17:02:41 -- ******* Pre Extraction Check Passed *******
=================================================================================
17:02:41 -- stopping status monitor
stop 4976433200
Alive clients [4982646160]
17:02:41 -- starting status monitor
start 4976433200
Monitor already running
start extraction
do extraction
Analysis started at 17:02:41.155991
Extraction Started jan_co2.py
17:02:41 -- ******* Extraction Started jan_co2.py *******
state changed from not run to extraction
DO EXTRACTION <pychron.extraction_line.pyscript_runner.RemotePyScriptRunner object at 0x12b9a8890>
testing...
no interpolation path defined
calculate duration
testing...
no interpolation path defined
executed snippet estimated_duration=0, duration=5.10215759277e-05
calculate duration
testing...
no interpolation path defined
executed snippet estimated_duration=0, duration=9.29832458496e-05
executed snippet estimated_duration=100.0, duration=0.0025749206543
Jan CO2 laser analysis
doing GOSUB
testing...
no interpolation path defined
executed snippet estimated_duration=0, duration=4.2200088501e-05
Waiting for CO2 access
wait ('FelixCO2Flag', 0) {}
waiting for FelixCO2Flag = 0
Read FelixCO2Flag ===>> 0
finished waiting
CO2 free
wait ('CO2PumpTimeFlag', 0) {}
waiting for CO2PumpTimeFlag = 0
Read CO2PumpTimeFlag ===>> 0
finished waiting
acquire ('JanCO2Flag',) {'clear': True}
acquire JanCO2Flag
Set JanCO2Flag 1 ===>> OK
JanCO2Flag acquired
set extraction state False (0.75, 'red', 1.5)
CO2 acquired
executed snippet estimated_duration=0, duration=0.0158019065857
WaitForCO2Access.py completed successfully
gosub finished
doing GOSUB
testing...
no interpolation path defined
executed snippet estimated_duration=0, duration=8.29696655273e-05
Prepare for CO2 analysis
close () {'description': 'Jan Inlet'}
closing name=--- desc=Jan Inlet
checking ownership. requestor=129.138.12.150
check software interlocks R
interlocks []
actuate state mode=None-script, software_lock=False
doing actuation None-script close_channel False
Close R ===>> OK
GetIndicatorState R ===>> False
change switch state (True, True)
update switch state R False args=() kw={} ncanvase=2
17:02:41 -- CLOSE  VALVE-R (Jan Inlet)
---------------------------------------- close None (Jan Inlet) result=[(True, True)]
action=close, ok=True, locked=[False]
open () {'description': 'Jan Ion Pump'}
opening name=--- desc=Jan Ion Pump
checking ownership. requestor=129.138.12.150
check software interlocks O
interlocks []
actuate state mode=None-script, software_lock=False
doing actuation None-script open_channel False
Open O ===>> OK
GetIndicatorState O ===>> OK
change switch state (True, True)
update switch state O True args=() kw={} ncanvase=2
17:02:41 -- OPEN   VALVE-O (Jan Ion Pump)
---------------------------------------- open None (Jan Ion Pump) result=[(True, True)], time=0.09 sec
action=open, ok=True, locked=[False]
close () {'description': 'Microbone to Minibone'}
closing name=--- desc=Microbone to Minibone
checking ownership. requestor=129.138.12.150
check software interlocks L
interlocks []
actuate state mode=None-script, software_lock=False
doing actuation None-script close_channel False
Close L ===>> OK
GetIndicatorState L ===>> False
change switch state (True, True)
update switch state L False args=() kw={} ncanvase=2
17:02:42 -- CLOSE  VALVE-L (Microbone to Minibone)
---------------------------------------- close None (Microbone to Minibone) result=[(True, True)]
action=close, ok=True, locked=[False]
open () {'description': 'Microbone to Turbo'}
opening name=--- desc=Microbone to Turbo
checking ownership. requestor=129.138.12.150
check software interlocks U
interlocks []
actuate state mode=None-script, software_lock=False
doing actuation None-script open_channel False
Open U ===>> OK
GetIndicatorState U ===>> OK
change switch state (True, True)
update switch state U True args=() kw={} ncanvase=2
17:02:43 -- OPEN   VALVE-U (Microbone to Turbo)
---------------------------------------- open None (Microbone to Turbo) result=[(True, True)], time=0.12 sec
action=open, ok=True, locked=[False]
open () {'description': 'Microbone to Inlet Pipette'}
opening name=--- desc=Microbone to Inlet Pipette
checking ownership. requestor=129.138.12.150
check software interlocks S
interlocks []
actuate state mode=None-script, software_lock=False
doing actuation None-script open_channel False
Open S ===>> OK
set states for children of H. state=True
handle state [('H', True)]
update switch state H True args=() kw={'refresh': False} ncanvase=2
refresh_canvas_needed fired
GetIndicatorState S ===>> OK
change switch state (True, True)
update switch state S True args=() kw={} ncanvase=2
17:02:43 -- OPEN   VALVE-S (Microbone to Inlet Pipette)
---------------------------------------- open None (Microbone to Inlet Pipette) result=[(True, True)], time=0.40 sec
action=open, ok=True, locked=[False]
open () {'description': 'Microbone to Getter D-50'}
opening name=--- desc=Microbone to Getter D-50
checking ownership. requestor=129.138.12.150
check software interlocks K
interlocks []
actuate state mode=None-script, software_lock=False
doing actuation None-script open_channel False
Open K ===>> OK
GetIndicatorState K ===>> OK
change switch state (True, True)
update switch state K True args=() kw={} ncanvase=2
17:02:44 -- OPEN   VALVE-K (Microbone to Getter D-50)
---------------------------------------- open None (Microbone to Getter D-50) result=[(True, True)], time=0.41 sec
action=open, ok=True, locked=[False]
open () {'description': 'Microbone to Getter NP-10'}
opening name=--- desc=Microbone to Getter NP-10
checking ownership. requestor=129.138.12.150
check software interlocks M
interlocks []
actuate state mode=None-script, software_lock=False
doing actuation None-script open_channel False
Open M ===>> OK
GetIndicatorState M ===>> OK
change switch state (True, True)
update switch state M True args=() kw={} ncanvase=2
17:02:44 -- OPEN   VALVE-M (Microbone to Getter NP-10)
---------------------------------------- open None (Microbone to Getter NP-10) result=[(True, True)], time=0.15 sec
action=open, ok=True, locked=[False]
close () {'description': 'CO2 Laser to Felix'}
closing name=--- desc=CO2 Laser to Felix
checking ownership. requestor=129.138.12.150
check software interlocks F
interlocks []
actuate state mode=None-script, software_lock=True
VALVE-F(CO2 Laser to Felix) software locked
change switch state (True, False)
---------------------------------------- close None (CO2 Laser to Felix) result=[(True, False)]
action=close, ok=True, locked=[True]
open () {'description': 'CO2 Laser to Jan'}
opening name=--- desc=CO2 Laser to Jan
checking ownership. requestor=129.138.12.150
check software interlocks A
interlocks []
actuate state mode=None-script, software_lock=False
doing actuation None-script open_channel False
Open A ===>> OK
GetIndicatorState A ===>> OK
change switch state (True, True)
update switch state A True args=() kw={} ncanvase=2
17:02:45 -- OPEN   VALVE-A (CO2 Laser to Jan)
---------------------------------------- open None (CO2 Laser to Jan) result=[(True, True)], time=0.13 sec
action=open, ok=True, locked=[False]
open () {'description': 'Microbone to CO2 Laser'}
opening name=--- desc=Microbone to CO2 Laser
checking ownership. requestor=129.138.12.150
check software interlocks T
interlocks []
actuate state mode=None-script, software_lock=False
doing actuation None-script open_channel False
Open T ===>> OK
GetIndicatorState T ===>> OK
change switch state (True, True)
update switch state T True args=() kw={} ncanvase=2
17:02:45 -- OPEN   VALVE-T (Microbone to CO2 Laser)
---------------------------------------- open None (Microbone to CO2 Laser) result=[(True, True)], time=0.39 sec
action=open, ok=True, locked=[False]
executed snippet estimated_duration=0, duration=4.84251093864
PrepareForCO2Analysis.py completed successfully
gosub finished
set_motor ('beam', '1.25') {}
setting motor "beam" to 1.25
set motor beam to 1.25
SetMotor beam,1.25 ===>> OK
GetMotorMoving beam ===>> False
GetMotorMoving beam ===>> False
Block completed
move_to_position ('156',) {'autocenter': True}
FusionsCO2 move to position 156
sending GoToHole 156,True
GoToHole 156,True ===>> OK
GetDriveMoving ===>> OK
GetDriveMoving ===>> OK
GetDriveMoving ===>> OK
GetDriveMoving ===>> OK
GetDriveMoving ===>> OK
GetDriveMoving ===>> OK
GetDriveMoving ===>> False
GetDriveMoving ===>> OK
GetDriveMoving ===>> OK
GetDriveMoving ===>> OK
GetDriveMoving ===>> False
Block completed
GetAutoCorrecting ===>> False
GetAutoCorrecting ===>> False
Block completed
update position
GetPosition ===>> -9.96950,-5.98170,1.00000
got position (-9.9695, -5.9817, 1.0)
move to position succeeded
sleep (5,) {}
SLEEP 5.0
block started
WaitControl setup for 5.0  
Join finished
block finished. duration 5.04666090012
close () {'description': 'Microbone to Turbo'}
closing name=--- desc=Microbone to Turbo
checking ownership. requestor=129.138.12.150
check software interlocks U
interlocks []
actuate state mode=None-script, software_lock=False
doing actuation None-script close_channel True
Close U ===>> OK
GetIndicatorState U ===>> False
change switch state (True, True)
update switch state U False args=() kw={} ncanvase=2
17:02:56 -- CLOSE  VALVE-U (Microbone to Turbo)
---------------------------------------- close None (Microbone to Turbo) result=[(True, True)]
action=close, ok=True, locked=[False]
enable laser
enable () {}
set extraction state FusionsCO2 Enabled (False, 'red', 1.5)
enabling laser
Enable ===>> OK
begin interval
BEGIN INTERVAL Interval 1 waiting for 30.0
block started
set extract to 5.0
WaitControl setup for 30.0  
extract (5.0,) {}
GetPosition ===>> -9.96950,-5.98170,1.00000
set extraction state FusionsCO2 ON! 5.0(watts) (0.75, 'red', 1.5)
extract sample to 5.0 (watts)
set laser output
SetLaserOutput 5.0,watts ===>> OK
executing pattern triangle.lp
execute_pattern ('triangle.lp',) {}
executing pattern triangle.lp
IsPatterning ===>> OK
IsPatterning ===>> OK
IsPatterning ===>> OK
IsPatterning ===>> OK
IsPatterning ===>> OK
IsPatterning ===>> OK
IsPatterning ===>> OK
IsPatterning ===>> OK
IsPatterning ===>> OK
IsPatterning ===>> OK
State checksums do not match. Local:82498268 Remote:488267660
State checksum failed
IsPatterning ===>> OK
set states for children of C. state=True
set states for children of H. state=False
handle state [('C', True), ('H', False)]
update switch state C True args=() kw={'refresh': True} ncanvase=2
IsPatterning ===>> OK
update switch state H False args=() kw={'refresh': False} ncanvase=2
refresh_canvas_needed fired
IsPatterning ===>> OK
IsPatterning ===>> OK
set states for children of B. state=True
set states for children of D. state=True
handle state [('B', True), ('D', True)]
update switch state B True args=() kw={'refresh': True} ncanvase=2
update switch state D True args=() kw={'refresh': False} ncanvase=2
refresh_canvas_needed fired
IsPatterning ===>> OK
IsPatterning ===>> OK
IsPatterning ===>> OK
IsPatterning ===>> OK
IsPatterning ===>> OK
IsPatterning ===>> OK
IsPatterning ===>> OK
IsPatterning ===>> OK
IsPatterning ===>> OK
IsPatterning ===>> OK
IsPatterning ===>> OK
IsPatterning ===>> OK
IsPatterning ===>> False
IsPatterning ===>> False
Block completed
COMPLETE INTERVAL waiting for Interval 1 to complete
Join finished
block finished. duration 30.0757491589
Interval 1 finished
end_extract () {}
ending extraction. set laser power to 0
set laser power 0
SetLaserPower 0 ===>> OK
disable () {}
%%%%%%%%%%%%%%%%%%%%%%%%%%%%%%%%%%% disable
set extraction state False (0.75, 'red', 1.5)
disabling laser
Disable ===>> OK
sleep (30.0,) {}
SLEEP 30.0
block started
WaitControl setup for 30.0  
Join finished
block finished. duration 30.0743370056
executed snippet estimated_duration=166.5, duration=76.5521769524
jan_co2.py completed successfully
GetAchievedOutput ===>> No Response
Requested Output= 0.000
Achieved Output=  0.000
GetResponseBlob ===>> No Response
GetOutputBlob ===>> No Response
persistence save...
persistence save - db
AutomatedRunPersister post_extraction_save deprecated
persistence save - dvc
no extraction position for 156
create new session 4982376208
close session 4982376208
Extraction Finished
17:03:57 -- ******* Extraction Finished *******
no overlap. not waiting for min ms pumptime
17:03:57 -- Sending spectrometer configuration
======== Sending configuration ========
SetDeflection CDD,50.0 ===>> OK
SetDeflection H2,0.0 ===>> OK
SetDeflection H1,0.0 ===>> OK
SetDeflection L2,825.0 ===>> OK
SetDeflection L1,400.0 ===>> OK
SetDeflection AX,190.0 ===>> OK
SetZFocus 74.64 ===>> OK
SetZSymmetry -50.72 ===>> OK
SetExtractionLens 26.13 ===>> OK
SetIonRepeller -3.81 ===>> OK
SetElectronEnergy 75.08 ===>> OK
SetYSymmetry -2.81 ===>> OK
SetIonCounterVoltage 1590.0 ===>> OK
send trap current 200.0
GetParameter Trap Current Readback ===>> 197.811389855338
SetParameter Trap Current Set,200.0 ===>> OK
updating mftable name mftable
Using mftable located at /Users/jan/PychronDev/setupfiles/spectrometer/mftables/mftable.csv
============ MFtable ===========
Isotope  H2     H1     AX     L1     L2     CDD    
Ar40     5.8007 5.8796 5.9930 6.1406 6.2313 6.3689
Ar39     5.7000 5.7719 5.8854 6.0267 6.1165 6.2554
Ar36     5.3775 5.4409 5.5487 5.6856 5.7714 5.9065
================================
get initial guess parabolic
get initial guess parabolic
get initial guess parabolic
get initial guess parabolic
get initial guess parabolic
get initial guess parabolic
======== Configuration Finished ========
GetYSymmetry ===>> -2.81
GetZSymmetry ===>> -50.72
GetParameter Trap Current Readback ===>> 198.147042666178
GetHighVoltage ===>> 4500
start measurement
do measurement
L#=25321 analysis type=unknown
Measurement Started jan_unknown120_60.py
17:03:57 -- ******* Measurement Started jan_unknown120_60.py *******
state changed from extraction to measurement
setting spec, defl, and gains
GetExtractionLens ===>> 26.13
GetYSymmetry ===>> -2.81
GetZSymmetry ===>> -50.72
GetZFocus ===>> 74.64
GetDeflection H2 ===>> 0
GetDeflection H1 ===>> 0
GetDeflection AX ===>> 190
GetDeflection L1 ===>> 400
GetDeflection L2 ===>> 825
GetDeflection CDD ===>> 50
GetGain H2 ===>> 0.0113
GetGain H1 ===>> 0.1
GetGain AX ===>> 0.097049
GetGain L1 ===>> 0.010355
GetGain L2 ===>> 0.095649
GetGain CDD ===>> 0
pre measurement save
New frame /Users/jan/PychronDev/data/isotopes/7e/a04cf4-796d-4b7e-8cb6-415565655d72.h5
flush and close file /Users/jan/PychronDev/data/isotopes/7e/a04cf4-796d-4b7e-8cb6-415565655d72.h5
testing...
no interpolation path defined
executed snippet estimated_duration=226.132928, duration=0.000195980072021
unknown measurement script
activate_detectors ('H2', 'H1', 'AX', 'L1', 'L2', 'CDD') {}
activate detectors
*************** Set Analysis View Ar/Ar
create graphs
clearing graphs
clear isotope group
setting isotope det=H2, iso=PM41
setting isotope det=H1, iso=Ar40
setting isotope det=AX, iso=Ar39
setting isotope det=L1, iso=Ar38
setting isotope det=L2, iso=Ar37
setting isotope det=CDD, iso=Ar36
setting previous blanks
 - setting Ar40 blank 0.203+/-0.007
 - setting Ar36 blank 0.00472+/-0.00017
 - setting Ar37 blank 0.048+/-0.005
 - setting Ar38 blank 0.0062+/-0.0021
 - setting PM41 blank 0.04+/-0.07
 - setting Ar39 blank 0.020+/-0.009
load analysis view
position_magnet ('Ar40',) {'detector': 'H1'}
detector Detector(H1)
POSITION Ar40 H1
setting detector H2 to PM41 (40.9624)
setting detector H1 to Ar40 (39.9624)
setting detector AX to Ar39 (38.9624)
setting detector L1 to Ar38 (37.9624)
setting detector L2 to Ar37 (36.9624)
setting detector CDD to Ar36 (35.9624)
Mapping mass to dac mass func: "parabolic"
H1 map mass coeffs = [-0.00063987  0.15840543  0.57119999]
H1 map mass to dac 39.9624 >> 5.87959
GetDeflection H1 ===>> 0
GetHighVoltage ===>> 4500
positioning Ar40 (5.87959) on H1
setting magnet DAC
current  : 5.879594
requested: 5.879590
Delta Dac: 0.000004
Checking detector protection. dv=0.00000
Checking detector "CDD". Protection Threshold: 0.1 (V)
SetMagnetDAC 5.87959 ===>> OK
Magnet settling time: 0.500
equilibrate () {'delay': 3, 'inlet': 'R', 'outlet': 'O', 'eqtime': 12.0}
Equilibration Started
17:03:59 -- ******* Equilibration Started *******
checking ownership. requestor=129.138.12.150
check software interlocks O
interlocks []
actuate state mode=None-script, software_lock=False
doing actuation None-script close_channel True
Close O ===>> OK
GetIndicatorState O ===>> False
change switch state (True, True)
update switch state O False args=() kw={} ncanvase=2
17:03:59 -- CLOSE  VALVE-O (Jan Ion Pump)
waiting 3s before opening inlet value ('R',)
update labels <pychron.experiment.plot_panel.PlotPanel object at 0x1a0c5a4d0>
update labels "<pychron.graph.stacked_regression_graph.StackedRegressionGraph object at 0x197a6c0b0>"
setting label 0 H2 PM41
setting label 1 H1 Ar40
setting label 2 AX Ar39
setting label 3 L1 Ar38
setting label 4 L2 Ar37
setting label 5 CDD Ar36
update labels "<pychron.graph.stacked_graph.StackedGraph object at 0x197a6cb30>"
setting label 0 H2 PM41
setting label 1 H1 Ar40
setting label 2 AX Ar39
setting label 3 L1 Ar38
setting label 4 L2 Ar37
setting label 5 CDD Ar36
checking ownership. requestor=129.138.12.150
check software interlocks R
interlocks []
actuate state mode=None-script, software_lock=False
doing actuation None-script open_channel True
Open R ===>> OK
GetIndicatorState R ===>> OK
change switch state (True, True)
update switch state R True args=() kw={} ncanvase=2
17:04:03 -- OPEN   VALVE-R (Jan Inlet)
equilibrating for 12.0sec
set_time_zero () {}
sniff (12.0,) {}
py_sniff
build tables- sniff [Detector(H2), Detector(H1), Detector(AX), Detector(L1), Detector(L2), Detector(CDD)]
add group /sniff/PM41 (Group) '' table H2
add group /sniff/Ar40 (Group) '' table H1
add group /sniff/Ar39 (Group) '' table AX
add group /sniff/Ar38 (Group) '' table L1
add group /sniff/Ar37 (Group) '' table L2
add group /sniff/Ar36 (Group) '' table CDD
flush and close file /Users/jan/PychronDev/data/isotopes/7e/a04cf4-796d-4b7e-8cb6-415565655d72.h5
measuring sniff. ncounts=12.0
"sniff" increment series count="1" fit count="0" regressing="False"
starting measurement
GetData ===>> H2,-0.15047683363262,H1,0.531272795682214,AX,-0.0276403298879499,L1,-0.0171026540832758,L2,0.0126...
GetData ===>> H2,0.656658464481843,H1,389.819758105486,AX,51.8515407274272,L1,0.247269608200712,L2,0.4756172559...
GetData ===>> H2,0.755280054143472,H1,905.745302289213,AX,115.544328727955,L1,0.884382105987093,L2,0.4096588375...
GetData ===>> H2,0.089359442925691,H1,1076.6190708519,AX,134.079454079676,L1,1.31869328906497,L2,0.407979417543...
GetData ===>> H2,-0.10601749523461,H1,1135.2253789707,AX,139.858297177243,L1,1.52189675913858,L2,0.316021841207...
GetData ===>> H2,-0.0443497147386919,H1,1158.24508290749,AX,141.874122806356,L1,1.67286547590906,L2,0.305270863...
GetData ===>> H2,-0.0135333235236793,H1,1167.73951368959,AX,142.63868712868,L1,1.73352847770716,L2,0.2984579695...
GetData ===>> H2,0.0212852555540183,H1,1172.22811279572,AX,143.106810892734,L1,1.74231047130431,L2,0.3656608925...
GetData ===>> H2,-0.0997711470041278,H1,1173.37333914556,AX,143.29856712003,L1,1.76845283376812,L2,0.3017673548...
GetData ===>> H2,0.0509235984102041,H1,1174.41690117658,AX,143.408741247794,L1,1.78272943117461,L2,0.3708340578...
GetData ===>> H2,0.024121064827305,H1,1174.76616048353,AX,143.333634583216,L1,1.78589323837987,L2,0.40591160064...
Equilibration Finished
GetData ===>> H2,-0.0755041774923013,H1,1174.98721667162,AX,143.322318102743,L1,1.83572325097903,L2,0.367647903...
17:04:15 -- ******* Equilibration Finished *******
checking ownership. requestor=129.138.12.150
check software interlocks R
interlocks []
actuate state mode=None-script, software_lock=False
doing actuation None-script close_channel True
Close R ===>> OK
State checksums do not match. Local:-173909521 Remote:-423938523
State checksum failed
GetIndicatorState R ===>> False
change switch state (True, True)
update switch state R False args=() kw={} ncanvase=2
17:04:16 -- CLOSE  VALVE-R (Jan Inlet)
Post Equilibration Started jan_pump_extraction_line.py
17:04:16 -- ******* Post Equilibration Started jan_pump_extraction_line.py *******
testing...
no interpolation path defined
calculate duration
testing...
no interpolation path defined
executed snippet estimated_duration=4.0, duration=0.000173807144165
executed snippet estimated_duration=4.0, duration=0.0013427734375
Pump after analysis
doing GOSUB
testing...
no interpolation path defined
executed snippet estimated_duration=4.0, duration=0.000133991241455
Pump Microbone
close () {'description': 'Jan Inlet'}
closing name=--- desc=Jan Inlet
checking ownership. requestor=129.138.12.150
check software interlocks R
interlocks []
actuate state mode=None-script, software_lock=False
doing actuation None-script close_channel False
Close R ===>> OK
measurement finished
estimated time: 12.583 actual time: :12.658
flush and close file /Users/jan/PychronDev/data/isotopes/7e/a04cf4-796d-4b7e-8cb6-415565655d72.h5
set_fits () {}
using default fits file=/Users/jan/PychronDev/scripts/measurement/fits/nominal_linear.yaml
set "Ar40" to "('Linear', 'SEM')"
No fit for "PM41". defaulting to linear. check the measurement script "jan_unknown120_60.py"
set "PM41" to "linear"
set "Ar36" to "('Linear', 'SEM')"
set "Ar37" to "('linear', 'SEM')"
set "Ar38" to "('linear', 'SEM')"
set "Ar39" to "('Linear', 'SEM')"
set_baseline_fits () {}
using default fits file=/Users/jan/PychronDev/scripts/measurement/fits/nominal_linear.yaml
set "H1" to "('average', 'SEM')"
set "H2" to "('average', 'SEM')"
set "CDD" to "('average', 'SEM')"
set "L2" to "('average', 'SEM')"
set "L1" to "('average', 'SEM')"
set "AX" to "('average', 'SEM')"
multicollect () {'integration_time': 1, 'ncounts': 120}
build tables- signal [Detector(H2), Detector(H1), Detector(AX), Detector(L1), Detector(L2), Detector(CDD)]
add group /signal/PM41 (Group) '' table H2
add group /signal/Ar40 (Group) '' table H1
add group /signal/Ar39 (Group) '' table AX
GetIndicatorState R ===>> False
add group /signal/Ar38 (Group) '' table L1
change switch state (True, True)
add group /signal/Ar37 (Group) '' table L2
update switch state R False args=() kw={} ncanvase=2
add group /signal/Ar36 (Group) '' table CDD
flush and close file /Users/jan/PychronDev/data/isotopes/7e/a04cf4-796d-4b7e-8cb6-415565655d72.h5
measuring signal. ncounts=120
17:04:16 -- CLOSE  VALVE-R (Jan Inlet)
---------------------------------------- close None (Jan Inlet) result=[(True, True)]
action=close, ok=True, locked=[False]
is_closed ('F',) {}
is F () closed?
is closed True
open () {'description': 'CO2 Laser to Jan'}
opening name=--- desc=CO2 Laser to Jan
checking ownership. requestor=129.138.12.150
check software interlocks A
interlocks []
actuate state mode=None-script, software_lock=False
doing actuation None-script open_channel False
Open A ===>> OK
GetIndicatorState A ===>> OK
change switch state (True, True)
update switch state A True args=() kw={} ncanvase=2
17:04:16 -- OPEN   VALVE-A (CO2 Laser to Jan)
---------------------------------------- open None (CO2 Laser to Jan) result=[(True, True)], time=0.12 sec
"signal" increment series count="2" fit count="1" regressing="True"
starting measurement
GetData ===>> H2,-0.0138649152047395,H1,1174.66979180635,AX,143.16424251796,L1,1.84632607103856,L2,0.3240573303...
action=open, ok=True, locked=[False]
sleep (1,) {}
SLEEP 1.0
GetData ===>> H2,0.00319107940496155,H1,1174.40878985742,AX,143.42221926519,L1,1.82451429991703,L2,0.2511574309...
close () {'description': 'CO2 Laser to Roughing'}
closing name=--- desc=CO2 Laser to Roughing
checking ownership. requestor=129.138.12.150
check software interlocks G
interlocks []
actuate state mode=None-script, software_lock=True
VALVE-G(CO2 Laser to Roughing) software locked
change switch state (True, False)
---------------------------------------- close None (CO2 Laser to Roughing) result=[(True, False)]
action=close, ok=True, locked=[True]
open () {'description': 'Microbone to Turbo'}
opening name=--- desc=Microbone to Turbo
checking ownership. requestor=129.138.12.150
check software interlocks U
interlocks []
actuate state mode=None-script, software_lock=False
doing actuation None-script open_channel True
Open U ===>> OK
GetIndicatorState U ===>> OK
change switch state (True, True)
update switch state U True args=() kw={} ncanvase=2
17:04:18 -- OPEN   VALVE-U (Microbone to Turbo)
---------------------------------------- open None (Microbone to Turbo) result=[(True, True)], time=0.17 sec
action=open, ok=True, locked=[False]
open () {'description': 'Microbone to Getter NP-10'}
opening name=--- desc=Microbone to Getter NP-10
checking ownership. requestor=129.138.12.150
check software interlocks M
interlocks []
actuate state mode=None-script, software_lock=False
doing actuation None-script open_channel False
Open M ===>> OK
GetIndicatorState M ===>> OK
change switch state (True, True)
update switch state M True args=() kw={} ncanvase=2
17:04:18 -- OPEN   VALVE-M (Microbone to Getter NP-10)
---------------------------------------- open None (Microbone to Getter NP-10) result=[(True, True)], time=0.13 sec
action=open, ok=True, locked=[False]
open () {'description': 'Microbone to Getter D-50'}
opening name=--- desc=Microbone to Getter D-50
checking ownership. requestor=129.138.12.150
check software interlocks K
interlocks []
actuate state mode=None-script, software_lock=False
doing actuation None-script open_channel False
GetData ===>> H2,-0.0757224058087733,H1,1174.01315478894,AX,143.334943477711,L1,1.81287922702927,L2,0.230187239...
Open K ===>> OK
GetIndicatorState K ===>> OK
change switch state (True, True)
update switch state K True args=() kw={} ncanvase=2
17:04:19 -- OPEN   VALVE-K (Microbone to Getter D-50)
---------------------------------------- open None (Microbone to Getter D-50) result=[(True, True)], time=0.40 sec
action=open, ok=True, locked=[False]
open () {'description': 'Microbone to CO2 Laser'}
opening name=--- desc=Microbone to CO2 Laser
checking ownership. requestor=129.138.12.150
check software interlocks T
interlocks []
actuate state mode=None-script, software_lock=False
doing actuation None-script open_channel False
Open T ===>> OK
GetIndicatorState T ===>> OK
change switch state (True, True)
update switch state T True args=() kw={} ncanvase=2
17:04:20 -- OPEN   VALVE-T (Microbone to CO2 Laser)
---------------------------------------- open None (Microbone to CO2 Laser) result=[(True, True)], time=0.41 sec
GetData ===>> H2,-0.0158991007289691,H1,1173.14594840238,AX,143.321935320832,L1,1.78643521193714,L2,0.300409351...
action=open, ok=True, locked=[False]
open () {'description': 'Microbone to Inlet Pipette'}
opening name=--- desc=Microbone to Inlet Pipette
checking ownership. requestor=129.138.12.150
check software interlocks S
interlocks []
actuate state mode=None-script, software_lock=False
doing actuation None-script open_channel False
Open S ===>> OK
GetIndicatorState S ===>> OK
change switch state (True, True)
update switch state S True args=() kw={} ncanvase=2
17:04:20 -- OPEN   VALVE-S (Microbone to Inlet Pipette)
---------------------------------------- open None (Microbone to Inlet Pipette) result=[(True, True)], time=0.40 sec
action=open, ok=True, locked=[False]
sleep (1,) {}
SLEEP 1.0
GetData ===>> H2,-0.0515557290170801,H1,1172.73890502925,AX,142.993024139907,L1,1.83123384749826,L2,0.309151119...
set_resource () {'name': 'CO2PumpTimeFlag', 'value': 30}
Set CO2PumpTimeFlag 30 ===>> OK
release ('JanCO2Flag',) {}
release JanCO2Flag
Set JanCO2Flag 0 ===>> OK
executed snippet estimated_duration=6.0, duration=5.88071203232
PumpMicrobone.py completed successfully
gosub finished
get_resource_value () {'name': 'JanMiniboneFlag'}
Read JanMiniboneFlag ===>> 0
Get Resource Value JanMiniboneFlag=0.0
get resource value 0.0
get_resource_value () {'name': 'JanMiniboneFlag'}
Read JanMiniboneFlag ===>> 0
Get Resource Value JanMiniboneFlag=0.0
executed snippet estimated_duration=4.0, duration=5.89458084106
jan_pump_extraction_line.py completed successfully
Post Equilibration Finished
17:04:21 -- ******* Post Equilibration Finished *******
GetData ===>> H2,-0.0782093706817255,H1,1172.44583110324,AX,143.011051028431,L1,1.85476051318338,L2,0.431299711...
GetData ===>> H2,-0.08632515416813,H1,1172.02716867946,AX,143.304046270214,L1,1.82310286686596,L2,0.31153641383...
GetData ===>> H2,-0.140493089336731,H1,1171.51542626743,AX,143.047996068003,L1,1.82750258430902,L2,0.2853699006...
GetData ===>> H2,-0.174700517990429,H1,1170.74042116652,AX,143.10862276284,L1,1.83518374478292,L2,0.39336856246...
GetData ===>> H2,-0.0860827534951097,H1,1170.19462441967,AX,142.876436333128,L1,1.82417287084106,L2,0.309470676...
GetData ===>> H2,-0.0398733660021213,H1,1169.48952833903,AX,142.968059273231,L1,1.83861896618507,L2,0.255986818...
GetData ===>> H2,-0.0930811080641308,H1,1169.67223898387,AX,142.941179955722,L1,1.82073245530827,L2,0.301539117...
GetData ===>> H2,-0.0528000653265399,H1,1169.1848204384,AX,142.781518562773,L1,1.8293019655025,L2,0.28444570182...
GetData ===>> H2,-0.0782689969517949,H1,1168.75776694724,AX,142.648455062157,L1,1.83157549612967,L2,0.279984571...
GetData ===>> H2,-0.163551706466808,H1,1167.05020706205,AX,142.751032417406,L1,1.83197999042915,L2,0.3761217095...
GetData ===>> H2,-0.15767720103153,H1,1167.00058338214,AX,142.585194612998,L1,1.80994584828279,L2,0.32923966510...
GetData ===>> H2,-0.210925976254889,H1,1166.50746111703,AX,142.524935854705,L1,1.7874186685174,L2,0.38032463009...
GetData ===>> H2,-0.211948328249915,H1,1166.37025138444,AX,142.518203990847,L1,1.80491920908963,L2,0.3550299438...
GetData ===>> H2,-0.163524704213695,H1,1166.09116625009,AX,142.352635852559,L1,1.80861477405333,L2,0.2930719042...
GetData ===>> H2,-0.0763269170469841,H1,1165.18828199469,AX,142.323051756342,L1,1.76994066452563,L2,0.371130980...
GetData ===>> H2,-0.0947472147380881,H1,1164.78031386132,AX,142.300601034625,L1,1.79583977903961,L2,0.315348443...
GetData ===>> H2,-0.115569454125779,H1,1163.97962858622,AX,142.267010863335,L1,1.79162514890245,L2,0.2238297383...
GetData ===>> H2,-0.182459390723059,H1,1164.31452797774,AX,142.003120452235,L1,1.78343967406649,L2,0.3746712879...
GetData ===>> H2,-0.198627613749654,H1,1163.48298828717,AX,141.961307245157,L1,1.8047466839366,L2,0.32712788690...
17:04:43 -- collecting point 25
GetData ===>> H2,-0.162954941669958,H1,1163.41122395073,AX,142.097507505526,L1,1.79857590819115,L2,0.4440870676...
GetData ===>> H2,-0.163492301425023,H1,1162.58906368929,AX,142.249686333774,L1,1.8216552709049,L2,0.21881936593...
GetData ===>> H2,-0.170396051883277,H1,1162.20410537961,AX,142.025596332894,L1,1.82886223495656,L2,0.3241600610...
GetData ===>> H2,-0.0854923034154409,H1,1162.28414960721,AX,142.0574592712,L1,1.82766484368466,L2,0.28395508137...
GetData ===>> H2,-0.13474203125318,H1,1161.33267307708,AX,141.762022513966,L1,1.78963405456064,L2,0.31959435471...
GetData ===>> H2,-0.16355440668858,H1,1161.22358216236,AX,141.802084594707,L1,1.76320136286977,L2,0.25892110502...
GetData ===>> H2,-0.201328334231135,H1,1160.48888928095,AX,141.817245707969,L1,1.76973052880491,L2,0.2818100726...
GetData ===>> H2,-0.13625510982095,H1,1159.72838918461,AX,141.731230522806,L1,1.76396576825766,L2,0.40609438929...
GetData ===>> H2,-0.105707627391445,H1,1158.90429476886,AX,141.674091835938,L1,1.78822979271459,L2,0.3590035653...
GetData ===>> H2,-0.059449598973189,H1,1158.95079300982,AX,141.63217359617,L1,1.78858247412633,L2,0.32463947287...
GetData ===>> H2,-0.0861992147986478,H1,1159.27326609435,AX,141.422722792125,L1,1.79344279538902,L2,0.317437134...
GetData ===>> H2,-0.0972418544032794,H1,1158.69980134435,AX,141.457178478082,L1,1.79293053095248,L2,0.303821513...
GetData ===>> H2,-0.114812955790023,H1,1158.23998243783,AX,141.482469575074,L1,1.79270054245802,L2,0.3335889333...
GetData ===>> H2,-0.0562948781043272,H1,1157.15832456267,AX,141.505982232301,L1,1.80727209554695,L2,0.321420611...
GetData ===>> H2,-0.0384401285176296,H1,1157.05399726597,AX,141.487476253722,L1,1.8110534564712,L2,0.3425620632...
GetData ===>> H2,-0.0429414624333247,H1,1156.99923171194,AX,141.423143429416,L1,1.82186995118391,L2,0.348350520...
GetData ===>> H2,-0.0524866193739796,H1,1156.05918692872,AX,141.342080038489,L1,1.8317718507257,L2,0.3491725781...
GetData ===>> H2,-0.11846235850329,H1,1155.37146930178,AX,141.146040724476,L1,1.76699521662456,L2,0.36161848092...
GetData ===>> H2,-0.0565865162316973,H1,1154.93760225519,AX,141.026936657163,L1,1.74099324439463,L2,0.220337287...
GetData ===>> H2,-0.033483483187211,H1,1154.4862180393,AX,141.052985458679,L1,1.82201656451802,L2,0.36077347857...
GetData ===>> H2,-0.0189001187601772,H1,1154.3838199998,AX,141.182459916766,L1,1.79155328553456,L2,0.3259521602...
GetData ===>> H2,-0.0846336584485586,H1,1153.54746234932,AX,141.102628162615,L1,1.79802941218203,L2,0.325518400...
GetData ===>> H2,-0.18520321221058,H1,1153.69291594341,AX,140.820859465046,L1,1.77776945999247,L2,0.41595406839...
GetData ===>> H2,-0.276455145045265,H1,1152.68257232199,AX,140.921282406916,L1,1.76934942337206,L2,0.2659864128...
GetData ===>> H2,-0.231399603324061,H1,1152.7464317057,AX,140.792073922677,L1,1.80399649246659,L2,0.28843921751...
17:05:09 -- collecting point 50
GetData ===>> H2,-0.12211329354223,H1,1151.75997185801,AX,140.7037544001,L1,1.7966685201128,L2,0.30423235049898...
GetData ===>> H2,-0.180803872953378,H1,1151.39957122425,AX,140.894544968152,L1,1.77864199371961,L2,0.3725128270...
GetData ===>> H2,-0.146292566682,H1,1151.35784587006,AX,140.77254654417,L1,1.78824154857888,L2,0.40853922095162...
GetData ===>> H2,-0.0513508143605254,H1,1150.83008236356,AX,140.579829998762,L1,1.78536696198788,L2,0.283213450...
GetData ===>> H2,-0.219916129597079,H1,1150.31467988573,AX,140.350006718449,L1,1.77511440671674,L2,0.3087060232...
GetData ===>> H2,-0.21786139338291,H1,1149.71016531894,AX,140.472421834221,L1,1.76982711242444,L2,0.30018111796...
GetData ===>> H2,-0.109660931193329,H1,1149.23299078756,AX,140.605957998014,L1,1.77235033485444,L2,0.3530203589...
GetData ===>> H2,-0.0101475469739986,H1,1148.70857398105,AX,140.274163016334,L1,1.80382790248756,L2,0.338018312...
GetData ===>> H2,-0.153982130499728,H1,1148.57043242318,AX,140.455026947437,L1,1.79276587960801,L2,0.3383607985...
GetData ===>> H2,-0.0862019231868613,H1,1148.111606827,AX,140.392033027538,L1,1.75783929606606,L2,0.39853180017...
GetData ===>> H2,-0.0608584975280083,H1,1147.53956058174,AX,140.359072727769,L1,1.77600892979114,L2,0.238531387...
GetData ===>> H2,-0.0389939007367667,H1,1146.98236743486,AX,140.495770967205,L1,1.77254354914224,L2,0.311330979...
GetData ===>> H2,-0.117678992718881,H1,1146.38452294448,AX,140.345673578925,L1,1.76906621319578,L2,0.2672412580...
GetData ===>> H2,-0.149530173719125,H1,1145.95009809618,AX,140.3877011941,L1,1.72761477530206,L2,0.307815836990...
GetData ===>> H2,-0.189909596824478,H1,1145.67819142016,AX,140.092576393461,L1,1.74395704153941,L2,0.3545275436...
GetData ===>> H2,-0.130314483840523,H1,1145.24993160411,AX,140.009928189999,L1,1.79476277064824,L2,0.3654896004...
GetData ===>> H2,-0.0967448661845224,H1,1144.77952348779,AX,140.05788869525,L1,1.7758195720988,L2,0.34280181485...
GetData ===>> H2,-0.138241141690645,H1,1144.51266147524,AX,140.061917604588,L1,1.79263912589196,L2,0.3738832727...
GetData ===>> H2,-0.147470476471823,H1,1143.99003276797,AX,139.896371814166,L1,1.8049989375389,L2,0.32312134376...
GetData ===>> H2,-0.104282667769574,H1,1143.50853064185,AX,139.856583025739,L1,1.83120897693997,L2,0.2735955898...
GetData ===>> H2,-0.135708856294671,H1,1143.16494539093,AX,139.857759011507,L1,1.76732273948163,L2,0.2408258701...
GetData ===>> H2,-0.179396425029028,H1,1142.89894882648,AX,139.815548293894,L1,1.73493864932547,L2,0.3159191191...
GetData ===>> H2,0.00453591326045018,H1,1142.58753208618,AX,139.684321331174,L1,1.74949218335807,L2,0.373963216...
GetData ===>> H2,-0.0303883897616455,H1,1141.55682290675,AX,139.619670446039,L1,1.73839186112198,L2,0.248428877...
GetData ===>> H2,-0.0695575392050641,H1,1141.1444317363,AX,139.531482584338,L1,1.75665186725027,L2,0.3865836685...
17:05:35 -- collecting point 75
GetData ===>> H2,-0.0357468916584763,H1,1140.81358125523,AX,139.60640044792,L1,1.75911559941209,L2,0.3313286590...
GetData ===>> H2,0.0166873912532502,H1,1140.40088157525,AX,139.725027728046,L1,1.78715483750938,L2,0.3062295000...
GetData ===>> H2,-0.00641536851837767,H1,1140.11701176818,AX,139.749460310019,L1,1.81496040035005,L2,0.31994818...
GetData ===>> H2,-0.140940451873588,H1,1139.66226120591,AX,139.406029961716,L1,1.78080926049959,L2,0.4549233298...
GetData ===>> H2,0.0143801875481183,H1,1139.18700468722,AX,139.41783776717,L1,1.77531419896783,L2,0.39264892973...
GetData ===>> H2,-0.0850805953082832,H1,1138.85848701744,AX,139.182736482458,L1,1.80011879504891,L2,0.291531454...
GetData ===>> H2,-0.161129348353509,H1,1138.46778810371,AX,139.249997474999,L1,1.7856242204921,L2,0.31257500556...
GetData ===>> H2,-0.231181569121806,H1,1137.63848615899,AX,139.239468743866,L1,1.738269304938,L2,0.306902834076...
GetData ===>> H2,-0.10521506897002,H1,1137.92298141229,AX,139.107050529673,L1,1.7377060856616,L2,0.346626505421...
GetData ===>> H2,0.0494818130843711,H1,1137.43741150998,AX,138.911808513991,L1,1.74548198961234,L2,0.3564686498...
GetData ===>> H2,-0.00135217197280586,H1,1136.6400191328,AX,139.00407126875,L1,1.78005804958566,L2,0.3764871736...
GetData ===>> H2,-0.0130264044937419,H1,1136.19435410576,AX,139.094323543534,L1,1.7552075532676,L2,0.3452564494...
GetData ===>> H2,-0.0136896076891253,H1,1136.20263778359,AX,139.112937089019,L1,1.71375144226877,L2,0.300694645...
GetData ===>> H2,-0.0781090894316801,H1,1135.2195688101,AX,138.936295612992,L1,1.71506136954742,L2,0.3723757835...
GetData ===>> H2,-0.142358109639317,H1,1134.60978030898,AX,138.723589957413,L1,1.78230399673777,L2,0.3347190904...
GetData ===>> H2,-0.226177739307578,H1,1134.26270925778,AX,139.029327674042,L1,1.79171138556557,L2,0.2093357567...
GetData ===>> H2,-0.198674811105222,H1,1134.06912719422,AX,138.727006433435,L1,1.7565553127665,L2,0.35714233707...
GetData ===>> H2,-0.124205389894031,H1,1134.05012171564,AX,138.74452690484,L1,1.73228658248973,L2,0.38448204801...
GetData ===>> H2,-0.0470386091485526,H1,1133.22202468528,AX,138.623400515114,L1,1.75959849325128,L2,0.308968515...
GetData ===>> H2,-0.121301775532151,H1,1132.43247901863,AX,138.854280309099,L1,1.76245061141242,L2,0.2558269771...
GetData ===>> H2,-0.170798134856509,H1,1132.98432757426,AX,138.62755174892,L1,1.75579986856541,L2,0.39027303782...
GetData ===>> H2,-0.197710597480885,H1,1131.7781193414,AX,138.635298346896,L1,1.76623581883337,L2,0.35991706487...
GetData ===>> H2,-0.0786972127986924,H1,1131.30389034786,AX,138.555724170331,L1,1.73433389542209,L2,0.361298749...
GetData ===>> H2,-0.0794384217437929,H1,1130.78764005428,AX,138.588705011656,L1,1.72571066803626,L2,0.335050149...
GetData ===>> H2,-0.106619616000017,H1,1130.7466860175,AX,138.533270752495,L1,1.67824290344551,L2,0.43556219132...
17:06:02 -- collecting point 100
GetData ===>> H2,-0.123604982815638,H1,1130.21526249109,AX,138.521459603149,L1,1.6909803101815,L2,0.35584064060...
GetData ===>> H2,-0.0739954411334365,H1,1129.42982541636,AX,138.124784643652,L1,1.75269513585233,L2,0.254228573...
GetData ===>> H2,-0.157119302323983,H1,1129.33673447798,AX,138.089560036988,L1,1.78050223764395,L2,0.3121298934...
GetData ===>> H2,-0.189227359763718,H1,1128.96320853256,AX,138.113597642961,L1,1.75990259678618,L2,0.2212160945...
GetData ===>> H2,-0.110604606060318,H1,1128.28912849011,AX,138.072208313078,L1,1.72953093887545,L2,0.3356551902...
GetData ===>> H2,-0.137542217094866,H1,1128.02620756574,AX,138.112209237893,L1,1.71044997640313,L2,0.3630687050...
GetData ===>> H2,-0.111702527918443,H1,1127.7192921435,AX,138.08214319299,L1,1.75391866067638,L2,0.350599778483...
GetData ===>> H2,-0.130190144722064,H1,1127.38051621589,AX,137.95582999097,L1,1.76568783251324,L2,0.24461588236...
GetData ===>> H2,-0.0706681940197212,H1,1126.62342116542,AX,137.78207598895,L1,1.75271339641159,L2,0.3316482905...
GetData ===>> H2,-0.186426521001324,H1,1125.91200215519,AX,137.756987371652,L1,1.73987959407917,L2,0.4014790826...
GetData ===>> H2,-0.250453700348315,H1,1125.83067661738,AX,137.857474564031,L1,1.73580543466927,L2,0.3744657181...
GetData ===>> H2,-0.24479567442581,H1,1125.00837360319,AX,137.853313477985,L1,1.77132165668549,L2,0.29334576471...
GetData ===>> H2,-0.196909495975271,H1,1125.13985942581,AX,137.917722905643,L1,1.7478389085629,L2,0.32833787304...
GetData ===>> H2,-0.24252144152414,H1,1125.0180101524,AX,137.792969623261,L1,1.7347522668639,L2,0.2873438366379...
GetData ===>> H2,-0.114627545109429,H1,1124.43483434376,AX,137.704369728107,L1,1.74024471283956,L2,0.3426419803...
GetData ===>> H2,-0.13359525641987,H1,1123.8250734149,AX,137.641868305673,L1,1.7982268274556,L2,0.2843430136140...
GetData ===>> H2,-0.144198502934188,H1,1123.3997574513,AX,137.472428356042,L1,1.76337615393598,L2,0.26978522179...
GetData ===>> H2,-0.117734465994712,H1,1123.12638081606,AX,137.485570172541,L1,1.73391423672002,L2,0.2752612475...
GetData ===>> H2,-0.102845347956347,H1,1122.70909827824,AX,137.600055385249,L1,1.75002029299676,L2,0.1669163788...
GetData ===>> H2,-0.121899599426376,H1,1122.21452934784,AX,137.54101871082,L1,1.77618784316886,L2,0.34082673591...
GetData ===>> H2,-0.148076944229481,H1,1121.7602504758,AX,137.367018991477,L1,1.80544725747532,L2,0.34183139526...
measurement finished
estimated time: 125.829 actual time: :127.080
flush and close file /Users/jan/PychronDev/data/isotopes/7e/a04cf4-796d-4b7e-8cb6-415565655d72.h5
baselines () {'settling_time': 15.0, 'detector': 'H1', 'mass': 34.2, 'ncounts': 60}
%%%%%%%%%%%%%%%%%%%%%%%%%%%%%%%% Baseline
build tables- baseline [Detector(H2), Detector(H1), Detector(AX), Detector(L1), Detector(L2), Detector(CDD)]
add group baseline table H2
add group baseline table H1
add group baseline table AX
add group baseline table L1
add group baseline table L2
add group baseline table CDD
flush and close file /Users/jan/PychronDev/data/isotopes/7e/a04cf4-796d-4b7e-8cb6-415565655d72.h5
detector Detector(H1)
POSITION 34.2 H1
Mapping mass to dac mass func: "parabolic"
H1 map mass coeffs = [-0.00063987  0.15840543  0.57119999]
H1 map mass to dac 34.2 >> 5.24024599104
GetDeflection H1 ===>> 0
GetHighVoltage ===>> 4500
positioning 34.2 (5.24024599104) on H1
setting magnet DAC
current  : 5.879590
requested: 5.240246
Delta Dac: 0.639344
Checking detector protection. dv=0.63934
Checking detector "CDD". Protection Threshold: 0.1 (V)
ProtectDetector CDD,On ===>> OK
GetDeflection CDD ===>> 2000
Protected = 2000
SetMagnetDAC 5.24024599104 ===>> OK
Magnet settling time: 0.500
GetMagnetMoving ===>> True
GetMagnetMoving ===>> True
GetMagnetMoving ===>> True
GetMagnetMoving ===>> True
GetMagnetMoving ===>> True
GetMagnetMoving ===>> True
GetMagnetMoving ===>> True
GetMagnetMoving ===>> True
GetMagnetMoving ===>> False
ProtectDetector CDD,Off ===>> OK
GetDeflection CDD ===>> 50
Delaying 15.0s for detectors to settle
Join finished
measuring baseline. ncounts=60
"baseline" increment series count="2" fit count="1" regressing="True"
starting measurement
GetData ===>> H2,-0.211460735798058,H1,-0.0496847304907398,AX,-0.162523819095213,L1,-0.0546166329873981,L2,-0.0...
GetData ===>> H2,-0.178478723344029,H1,-0.0197782229536923,AX,-0.0130379990718659,L1,-0.0448750212796524,L2,-0....
GetData ===>> H2,-0.0742841905290292,H1,0.0031108226703715,AX,-0.18845264761348,L1,-0.0228540443374816,L2,-0.06...
GetData ===>> H2,-0.107637059907197,H1,-0.0707617794372116,AX,-0.12492938364399,L1,-0.0276509480398205,L2,-0.03...
GetData ===>> H2,-0.0401067929124267,H1,-0.0722160274598814,AX,-0.0682114771141258,L1,-0.0657035875108402,L2,-0...
GetData ===>> H2,-0.133414033753572,H1,-0.0776871483118445,AX,-0.077149001707142,L1,-0.0459488211093837,L2,-0.0...
GetData ===>> H2,-0.124674604849481,H1,-0.108255553126502,AX,-0.16523641190896,L1,-0.0160028373286534,L2,-0.070...
GetData ===>> H2,-0.202045541553157,H1,-0.0125387416359367,AX,-0.0810436972358007,L1,-0.0154678775455162,L2,0.0...
GetData ===>> H2,-0.172556068290858,H1,-0.0309286236410021,AX,-0.0810205149855205,L1,-0.0495847623919879,L2,0.0...
GetData ===>> H2,-0.174649215353689,H1,0.0254204525261372,AX,-0.0885776359884808,L1,-0.0546345906839375,L2,-0.0...
GetData ===>> H2,-0.000218567624090954,H1,-0.0099147476222637,AX,-0.113725176697855,L1,-0.0408589266460755,L2,0...
GetData ===>> H2,-0.158551142107435,H1,0.0533323853086244,AX,-0.120155877240595,L1,-0.0447217829617768,L2,-0.09...
GetData ===>> H2,-0.228784261329098,H1,0.0379494299058926,AX,-0.00748181096749213,L1,-0.0259124396394835,L2,0.0...
GetData ===>> H2,-0.216217231491414,H1,0.0333791545968022,AX,0.0407044511400525,L1,0.00852652374792846,L2,0.030...
GetData ===>> H2,-0.143282397346445,H1,-0.0189791625855971,AX,-0.0668087560529858,L1,0.0245172038537284,L2,-0.0...
GetData ===>> H2,-0.130292859743869,H1,0.0379374968004999,AX,-0.101360815751874,L1,0.00227336278845249,L2,0.012...
GetData ===>> H2,-0.178569147254277,H1,-0.0823713343408582,AX,0.0226593659179314,L1,-0.0299401446652949,L2,-0.0...
GetData ===>> H2,-0.191493684353717,H1,-0.0326696435996475,AX,-0.190492351531644,L1,-0.0377385802514725,L2,0.03...
GetData ===>> H2,-0.254967594070588,H1,-0.0480751580008707,AX,-0.168192356396227,L1,-0.0469782204446282,L2,-0.1...
GetData ===>> H2,-0.294691143152655,H1,-0.0332778009683342,AX,-0.125763564602695,L1,-0.0533425930055168,L2,-7.9...
GetData ===>> H2,-0.180067109953991,H1,0.0196218566413055,AX,-0.0462641111258826,L1,-0.0525925748414315,L2,-0.0...
GetData ===>> H2,-0.252379418850644,H1,-0.0270291060435966,AX,-0.0807539187104271,L1,-0.0455454114431626,L2,-0....
GetData ===>> H2,-0.24667392612191,H1,-0.0469424803598127,AX,-0.0643162679171094,L1,-0.0484347599875316,L2,-0.0...
GetData ===>> H2,-0.163756921487665,H1,-0.00965234443752723,AX,-0.19093273653467,L1,-0.0497283538629617,L2,0.02...
17:07:07 -- collecting point 25
GetData ===>> H2,-0.250987609134926,H1,0.0424841129043287,AX,0.0125184517299109,L1,-0.0132086911755399,L2,-0.09...
GetData ===>> H2,-0.200896909428078,H1,0.0676911471667154,AX,-0.0276635248581236,L1,-0.0134100516701564,L2,0.01...
GetData ===>> H2,-0.187090046653686,H1,0.0103877491263617,AX,-0.0553311877849488,L1,-0.0429593743176303,L2,-0.1...
GetData ===>> H2,-0.153588909493616,H1,-0.0185259613327603,AX,-0.103829178293099,L1,-0.0441938111728868,L2,-0.0...
GetData ===>> H2,-0.103313647263718,H1,0.0206717832582861,AX,-0.0576731853849307,L1,-0.0530997702892799,L2,-0.0...
GetData ===>> H2,-0.0265356645983019,H1,0.00994634671369639,AX,-0.186076802179724,L1,-0.0362565256176664,L2,-0....
GetData ===>> H2,-0.20070141464727,H1,0.0432598029356026,AX,-0.189043702583078,L1,-0.029088495022151,L2,-0.0457...
GetData ===>> H2,-0.299646746213801,H1,0.000915919190336467,AX,-0.0286377086141431,L1,-0.0501040751667203,L2,-0...
GetData ===>> H2,-0.231539573680544,H1,0.0914445383211284,AX,-0.0192549859553828,L1,-0.0875858259720775,L2,-0.0...
GetData ===>> H2,-0.19916969723444,H1,0.0596939102100126,AX,-0.111755327518907,L1,-0.0408565313582211,L2,-0.009...
GetData ===>> H2,-0.218638868649734,H1,-0.01200202118381,AX,-0.0671681327969375,L1,0.00190603760194364,L2,0.056...
GetData ===>> H2,-0.210996021765396,H1,-0.0731338616444031,AX,-0.207202405519994,L1,-0.019048927158894,L2,-0.00...
GetData ===>> H2,-0.298947753138066,H1,0.0212564062608724,AX,-0.18111631338841,L1,-0.0347083419301639,L2,-0.064...
GetData ===>> H2,-0.136478200850149,H1,-0.00473812136052558,AX,-0.0463800637303837,L1,-0.0412589317088553,L2,0....
GetData ===>> H2,0.00716348769281179,H1,0.0482720987825093,AX,-0.0472728941571642,L1,-0.0244157158142964,L2,-0....
GetData ===>> H2,-0.165301315298329,H1,0.0580229264443901,AX,-0.0475395821764112,L1,0.00674228180295933,L2,-0.0...
GetData ===>> H2,-0.261410726326148,H1,-0.00506017734769311,AX,-0.0614295390781972,L1,-0.0262539346837332,L2,0....
GetData ===>> H2,-0.303355584819742,H1,-0.0189076046294588,AX,0.0124952471880538,L1,-0.0281912502178536,L2,-0.0...
GetData ===>> H2,-0.209374087498847,H1,0.0818190057870318,AX,-0.0108921185029973,L1,-0.0338536911968157,L2,-0.0...
GetData ===>> H2,-0.201008811816719,H1,-0.00123122242798852,AX,-0.125126343682101,L1,-0.0238752107604064,L2,-0....
GetData ===>> H2,-0.267821236738933,H1,-0.0193727304297785,AX,-0.0790615948848908,L1,-0.01902374673207,L2,0.139...
GetData ===>> H2,-0.288195774864832,H1,-0.0254787969011126,AX,-0.038344221266514,L1,-0.0189565986190891,L2,-0.1...
GetData ===>> H2,-0.171105759172277,H1,0.06721368225604,AX,-0.169954288413487,L1,0.013043135860742,L2,-0.028888...
GetData ===>> H2,-0.18623365970544,H1,-0.0569334472480641,AX,-0.0906290844109147,L1,0.000619304711140967,L2,-0....
GetData ===>> H2,-0.24707213991427,H1,0.0187031798841943,AX,-0.185821829952627,L1,0.0100266353888438,L2,-0.1112...
17:07:33 -- collecting point 50
GetData ===>> H2,-0.243828172152729,H1,-0.0296407263753683,AX,-0.1732694160718,L1,0.00735179226914057,L2,0.0215...
GetData ===>> H2,-0.248008425112803,H1,0.00801374285013274,AX,-0.0951027145709162,L1,-0.0460984496568104,L2,-0....
GetData ===>> H2,-0.22504796990674,H1,-0.00911560850791455,AX,-0.120179050167568,L1,-0.0458542547182111,L2,-0.0...
GetData ===>> H2,-0.223924821386423,H1,0.00627204540679678,AX,0.00645065242117514,L1,-0.0431988501608642,L2,-0....
GetData ===>> H2,-0.212621763911394,H1,-0.0428885816503353,AX,-0.0883806019423766,L1,0.0012074364730828,L2,0.01...
GetData ===>> H2,-0.221775175567552,H1,0.0198724063109392,AX,-0.0786674878507662,L1,-0.0274113368957603,L2,-0.0...
GetData ===>> H2,-0.198032910199247,H1,0.102407083196243,AX,-0.0784472508717117,L1,-0.00753538180647266,L2,-0.0...
GetData ===>> H2,-0.183511672265601,H1,-0.000909154121297817,AX,0.0556720283080066,L1,0.0042422620599735,L2,-0....
GetData ===>> H2,-0.312585085684814,H1,-0.0121093655044423,AX,-0.131058129730544,L1,-0.0225328109292876,L2,0.00...
GetData ===>> H2,-0.224075658372011,H1,0.0130481346132918,AX,-0.0427274903215042,L1,0.00701943651776317,L2,0.00...
GetData ===>> H2,-0.159942284861207,H1,0.0271028240662609,AX,0.0585015893088697,L1,0.0301567319462098,L2,-0.050...
measurement finished
estimated time: 62.915 actual time: :63.096
flush and close file /Users/jan/PychronDev/data/isotopes/7e/a04cf4-796d-4b7e-8cb6-415565655d72.h5
activate_detectors ('H1', 'AX', 'CDD') {'peak_center': True}
peak_center () {'detector': 'H1', 'integration_time': 0.262144, 'isotope': 'Ar40'}
peak center: mean=1123.66361673 threshold=3
peak center started
setup peak center. detector=['H1', 'AX', 'CDD'], isotope=Ar40
VersionedUnpickler [<apptools.sweet_pickle.versioned_unpickler.VersionedUnpickler object at 0x19d21b4d0>] using Updater [<apptools.sweet_pickle.updater.Updater object at 0x134a15590>]
VersionedUnpickler [<apptools.sweet_pickle.versioned_unpickler.VersionedUnpickler object at 0x19d21b4d0>] using Updater [<apptools.sweet_pickle.updater.Updater object at 0x134a15590>]
VersionedUnpickler [<apptools.sweet_pickle.versioned_unpickler.VersionedUnpickler object at 0x19c75be90>] using Updater [<apptools.sweet_pickle.updater.Updater object at 0x134a15590>]
setting integration time = 0.524288
SetIntegrationTime 0.524288 ===>> OK
Mapping mass to dac mass func: "parabolic"
H1 map mass coeffs = [-0.00063987  0.15840543  0.57119999]
H1 map mass to dac 39.9624 >> 5.87959
GetDeflection H1 ===>> 0
GetHighVoltage ===>> 4500
do peak center. <pychron.spectrometer.jobs.peak_center.PeakCenter object at 0x134a156b0>
doing pc
starting peak center. center dac= 5.87959 step_width=0.001
width = 0.001
get scan parameters. half-width=0.015,window=0.015, i=0, scalar=1
Scan parameters center=5.87959 width=0.03000 (5.86459 - 5.89459)
GetData ===>> H2,-0.0866014033829389,H1,0.0197769587438447,AX,-0.00677421518464782,L1,0.00243302137660543,L2,0....
Moving to starting dac 5.86459
setting magnet DAC
current  : 5.240246
requested: 5.864590
Delta Dac: 0.624344
Checking detector protection. dv=0.62434
Checking detector "CDD". Protection Threshold: 0.1 (V)
ProtectDetector CDD,On ===>> OK
GetDeflection CDD ===>> 2000
Protected = 2000
SetMagnetDAC 5.86459 ===>> OK
Magnet settling time: 0.500
GetMagnetMoving ===>> True
GetMagnetMoving ===>> True
GetMagnetMoving ===>> True
GetMagnetMoving ===>> True
GetMagnetMoving ===>> True
GetMagnetMoving ===>> True
GetMagnetMoving ===>> True
GetMagnetMoving ===>> True
GetMagnetMoving ===>> False
ProtectDetector CDD,Off ===>> OK
GetDeflection CDD ===>> 50
Wait until signal near baseline. tol= 0.0148327190579. timeout= 10
GetData ===>> H2,5.26086892368805,H1,1.51995816884802,AX,0.0379539552262039,L1,0.0215763726689783,L2,-0.1213096...
GetData ===>> H2,74.5690202467316,H1,30.1470567883914,AX,2.14662146387091,L1,0.0235163720841719,L2,-0.097261994...
GetData ===>> H2,75.3942895406955,H1,31.8315728675938,AX,2.99433504717131,L1,0.0154706929117616,L2,-0.173092965...
GetData ===>> H2,39.503276087967,H1,15.5427915201839,AX,1.45197696228978,L1,0.0149764482943665,L2,0.00787998029...
GetData ===>> H2,16.0964984973314,H1,8.04314866691971,AX,0.607928538120597,L1,0.00729957618567639,L2,-0.0091089...
GetData ===>> H2,5.41196066368426,H1,4.40933001398831,AX,0.0878451428858757,L1,-0.00492065077001625,L2,0.093781...
GetData ===>> H2,1.64011758242517,H1,2.73543532356844,AX,-0.0287304875109437,L1,-0.0149896329133212,L2,-0.03684...
GetData ===>> H2,0.560060179304944,H1,1.82174211352863,AX,0.0918319158834447,L1,-0.00212765588386087,L2,-0.0442...
GetData ===>> H2,0.218371397753526,H1,1.5032533824437,AX,0.117633991503634,L1,-0.00158768348680722,L2,-0.036043...
GetData ===>> H2,0.229060020548101,H1,1.15526297443054,AX,0.115500946198989,L1,0.00792290896884684,L2,0.0340069...
GetData ===>> H2,0.361242230118667,H1,1.06992076068979,AX,0.0303179646163251,L1,-0.00923099567483497,L2,0.04517...
GetData ===>> H2,0.414081332667469,H1,1.01328179148419,AX,-0.106865294212711,L1,-0.016468318100427,L2,-0.198848...
GetData ===>> H2,0.306935226323192,H1,0.948963450676188,AX,0.0224969173194375,L1,-0.0310805108491298,L2,0.03168...
GetData ===>> H2,0.224650998349987,H1,1.097568702803,AX,0.00565014882206413,L1,-0.0269399111447928,L2,-0.014027...
GetData ===>> H2,0.220735113366883,H1,1.08044670535505,AX,0.00894501744392331,L1,-0.0199137460486577,L2,-0.2070...
GetData ===>> H2,0.16652251004657,H1,1.05949181025384,AX,-0.07939774374079,L1,0.000378060595994969,L2,0.0316377...
GetData ===>> H2,0.121213840565795,H1,1.01292235689214,AX,0.062097302149108,L1,-0.0173477571240629,L2,0.1614869...
GetData ===>> H2,0.10074107531787,H1,1.01541446314395,AX,0.0693273314307014,L1,-0.0202227705856716,L2,-0.147079...
GetData ===>> H2,0.0450036259448524,H1,0.999001245109388,AX,0.0825606023332106,L1,0.00796846172294938,L2,-0.145...
GetData ===>> H2,-0.0312291323345432,H1,1.02298701089902,AX,0.0951929850313014,L1,-0.00281637865248536,L2,0.052...
GetData ===>> H2,-0.0312291323345432,H1,1.02298701089902,AX,0.0951929850313014,L1,-0.00281637865248536,L2,0.052...
Peak center failed to move to a baseline position
_do_sweep sm= 5.86459, em= 5.89459, stm= 0.001
calculated step values: start=5.86459, end=5.89459, width=0.001, nsteps=31.0
setting magnet DAC
current  : 5.864590
requested: 5.864590
Delta Dac: 0.000000
Checking detector protection. dv=0.00000
Checking detector "CDD". Protection Threshold: 0.1 (V)
SetMagnetDAC 5.86459 ===>> OK
GetData ===>> H2,-0.076748429415283,H1,1.08646545088658,AX,0.0312927385805545,L1,-0.0310733320939972,L2,-0.0132...
setting magnet DAC
current  : 5.864590
requested: 5.865624
Delta Dac: 0.001034
Checking detector protection. dv=0.00103
Checking detector "CDD". Protection Threshold: 0.1 (V)
SetMagnetDAC 5.86562448276 ===>> OK
Magnet settling time: 1.049
GetData ===>> H2,0.0345908238604543,H1,2.28335250085177,AX,0.258100399289469,L1,0.00361193229816699,L2,0.031683...
setting magnet DAC
current  : 5.865624
requested: 5.866659
Delta Dac: 0.001034
Checking detector protection. dv=0.00103
Checking detector "CDD". Protection Threshold: 0.1 (V)
SetMagnetDAC 5.86665896552 ===>> OK
Magnet settling time: 1.049
GetData ===>> H2,0.104157086747495,H1,7.5254574575524,AX,0.640100004666283,L1,-0.0553268207089117,L2,0.02402913...
setting magnet DAC
current  : 5.866659
requested: 5.867693
Delta Dac: 0.001034
Checking detector protection. dv=0.00103
Checking detector "CDD". Protection Threshold: 0.1 (V)
SetMagnetDAC 5.86769344828 ===>> OK
Magnet settling time: 1.049
GetData ===>> H2,0.0215500856918767,H1,28.5977476768389,AX,2.34173188010262,L1,-0.0173669266009773,L2,-0.108433...
setting magnet DAC
current  : 5.867693
requested: 5.868728
Delta Dac: 0.001034
Checking detector protection. dv=0.00103
Checking detector "CDD". Protection Threshold: 0.1 (V)
SetMagnetDAC 5.86872793103 ===>> OK
Magnet settling time: 1.049
GetData ===>> H2,-0.204504192912838,H1,98.3554804877264,AX,7.73577607146752,L1,0.0282983356901825,L2,-0.1209906...
setting magnet DAC
current  : 5.868728
requested: 5.869762
Delta Dac: 0.001034
Checking detector protection. dv=0.00103
Checking detector "CDD". Protection Threshold: 0.1 (V)
SetMagnetDAC 5.86976241379 ===>> OK
Magnet settling time: 1.049
GetData ===>> H2,0.0263413850087806,H1,267.520729841605,AX,22.933686118801,L1,0.137991152558458,L2,0.0378799486...
setting magnet DAC
current  : 5.869762
requested: 5.870797
Delta Dac: 0.001034
Checking detector protection. dv=0.00103
Checking detector "CDD". Protection Threshold: 0.1 (V)
SetMagnetDAC 5.87079689655 ===>> OK
Magnet settling time: 1.049
GetData ===>> H2,-0.0172786822812514,H1,528.541928687397,AX,50.7135276281154,L1,0.332917279589637,L2,0.01421176...
setting magnet DAC
current  : 5.870797
requested: 5.871831
Delta Dac: 0.001034
Checking detector protection. dv=0.00103
Checking detector "CDD". Protection Threshold: 0.1 (V)
SetMagnetDAC 5.87183137931 ===>> OK
Magnet settling time: 1.049
GetData ===>> H2,-0.0428166378372775,H1,791.12034482138,AX,83.3031069594514,L1,0.639249947573735,L2,0.081404596...
setting magnet DAC
current  : 5.871831
requested: 5.872866
Delta Dac: 0.001034
Checking detector protection. dv=0.00103
Checking detector "CDD". Protection Threshold: 0.1 (V)
SetMagnetDAC 5.87286586207 ===>> OK
Magnet settling time: 1.049
GetData ===>> H2,-0.146697752911149,H1,962.378364618789,AX,109.582631212717,L1,0.964393138027327,L2,0.112202837...
setting magnet DAC
current  : 5.872866
requested: 5.873900
Delta Dac: 0.001034
Checking detector protection. dv=0.00103
Checking detector "CDD". Protection Threshold: 0.1 (V)
SetMagnetDAC 5.87390034483 ===>> OK
Magnet settling time: 1.049
GetData ===>> H2,-0.193519593827737,H1,1039.16884311985,AX,123.896121499202,L1,1.20696406839273,L2,0.1892532352...
setting magnet DAC
current  : 5.873900
requested: 5.874935
Delta Dac: 0.001034
Checking detector protection. dv=0.00103
Checking detector "CDD". Protection Threshold: 0.1 (V)
SetMagnetDAC 5.87493482759 ===>> OK
Magnet settling time: 1.049
GetData ===>> H2,-0.134007545294209,H1,1064.18870894208,AX,129.219512246942,L1,1.35689578867293,L2,0.3630765855...
setting magnet DAC
current  : 5.874935
requested: 5.875969
Delta Dac: 0.001034
Checking detector protection. dv=0.00103
Checking detector "CDD". Protection Threshold: 0.1 (V)
SetMagnetDAC 5.87596931034 ===>> OK
Magnet settling time: 1.049
GetData ===>> H2,-0.0483537352041949,H1,1071.21131710564,AX,130.674330173978,L1,1.45054314011309,L2,0.196144716...
setting magnet DAC
current  : 5.875969
requested: 5.877004
Delta Dac: 0.001034
Checking detector protection. dv=0.00103
Checking detector "CDD". Protection Threshold: 0.1 (V)
SetMagnetDAC 5.8770037931 ===>> OK
Magnet settling time: 1.049
GetData ===>> H2,-0.120856768529507,H1,1072.51429230356,AX,131.285435108003,L1,1.52664485990433,L2,0.2833427963...
setting magnet DAC
current  : 5.877004
requested: 5.878038
Delta Dac: 0.001034
Checking detector protection. dv=0.00103
Checking detector "CDD". Protection Threshold: 0.1 (V)
SetMagnetDAC 5.87803827586 ===>> OK
Magnet settling time: 1.049
GetData ===>> H2,-0.172496710445998,H1,1073.3083493533,AX,131.270756016589,L1,1.59227833095667,L2,0.30922163548...
setting magnet DAC
current  : 5.878038
requested: 5.879073
Delta Dac: 0.001034
Checking detector protection. dv=0.00103
Checking detector "CDD". Protection Threshold: 0.1 (V)
SetMagnetDAC 5.87907275862 ===>> OK
Magnet settling time: 1.049
GetData ===>> H2,-0.11013887101825,H1,1072.7424742867,AX,131.350069900884,L1,1.6564881185777,L2,0.2893615675957...
setting magnet DAC
current  : 5.879073
requested: 5.880107
Delta Dac: 0.001034
Checking detector protection. dv=0.00103
Checking detector "CDD". Protection Threshold: 0.1 (V)
SetMagnetDAC 5.88010724138 ===>> OK
Magnet settling time: 1.049
GetData ===>> H2,-0.158247228973955,H1,1072.85138197751,AX,131.290250759325,L1,1.6297461065456,L2,0.29656635169...
setting magnet DAC
current  : 5.880107
requested: 5.881142
Delta Dac: 0.001034
Checking detector protection. dv=0.00103
Checking detector "CDD". Protection Threshold: 0.1 (V)
SetMagnetDAC 5.88114172414 ===>> OK
Magnet settling time: 1.049
GetData ===>> H2,-0.236469171846905,H1,1071.54290214334,AX,131.220670657802,L1,1.66650636800006,L2,0.2666563627...
setting magnet DAC
current  : 5.881142
requested: 5.882176
Delta Dac: 0.001034
Checking detector protection. dv=0.00103
Checking detector "CDD". Protection Threshold: 0.1 (V)
SetMagnetDAC 5.8821762069 ===>> OK
Magnet settling time: 1.049
GetData ===>> H2,-0.129072382998029,H1,1071.45043630144,AX,130.835782235729,L1,1.64361739915503,L2,0.2552446985...
setting magnet DAC
current  : 5.882176
requested: 5.883211
Delta Dac: 0.001034
Checking detector protection. dv=0.00103
Checking detector "CDD". Protection Threshold: 0.1 (V)
SetMagnetDAC 5.88321068966 ===>> OK
Magnet settling time: 1.049
GetData ===>> H2,-0.165047530769249,H1,1069.1613180208,AX,130.47904572671,L1,1.64105441673816,L2,0.252047938078...
setting magnet DAC
current  : 5.883211
requested: 5.884245
Delta Dac: 0.001034
Checking detector protection. dv=0.00103
Checking detector "CDD". Protection Threshold: 0.1 (V)
SetMagnetDAC 5.88424517241 ===>> OK
Magnet settling time: 1.049
GetData ===>> H2,-0.100663636697992,H1,1062.51164322103,AX,128.738085251495,L1,1.61364373706044,L2,0.2983448311...
setting magnet DAC
current  : 5.884245
requested: 5.885280
Delta Dac: 0.001034
Checking detector protection. dv=0.00103
Checking detector "CDD". Protection Threshold: 0.1 (V)
SetMagnetDAC 5.88527965517 ===>> OK
Magnet settling time: 1.049
GetData ===>> H2,0.0553495698580988,H1,1035.75056912973,AX,122.7463511235,L1,1.58147926551754,L2,0.278327442447...
setting magnet DAC
current  : 5.885280
requested: 5.886314
Delta Dac: 0.001034
Checking detector protection. dv=0.00103
Checking detector "CDD". Protection Threshold: 0.1 (V)
SetMagnetDAC 5.88631413793 ===>> OK
Magnet settling time: 1.049
GetData ===>> H2,-0.113940010466728,H1,950.273608377172,AX,105.905461976292,L1,1.40098952977537,L2,0.1211181682...
setting magnet DAC
current  : 5.886314
requested: 5.887349
Delta Dac: 0.001034
Checking detector protection. dv=0.00103
Checking detector "CDD". Protection Threshold: 0.1 (V)
SetMagnetDAC 5.88734862069 ===>> OK
Magnet settling time: 1.049
GetData ===>> H2,-0.23568156504355,H1,757.238679878971,AX,75.2052692126109,L1,1.08078529552353,L2,0.28500703994...
setting magnet DAC
current  : 5.887349
requested: 5.888383
Delta Dac: 0.001034
Checking detector protection. dv=0.00103
Checking detector "CDD". Protection Threshold: 0.1 (V)
SetMagnetDAC 5.88838310345 ===>> OK
Magnet settling time: 1.049
GetData ===>> H2,-0.280175593808101,H1,487.936440977591,AX,41.5909714002242,L1,0.751266365398667,L2,-0.00915453...
setting magnet DAC
current  : 5.888383
requested: 5.889418
Delta Dac: 0.001034
Checking detector protection. dv=0.00103
Checking detector "CDD". Protection Threshold: 0.1 (V)
SetMagnetDAC 5.88941758621 ===>> OK
Magnet settling time: 1.049
GetData ===>> H2,-0.230693905849319,H1,239.979792484287,AX,17.2723841397661,L1,0.467391210959027,L2,-0.02079001...
setting magnet DAC
current  : 5.889418
requested: 5.890452
Delta Dac: 0.001034
Checking detector protection. dv=0.00103
Checking detector "CDD". Protection Threshold: 0.1 (V)
SetMagnetDAC 5.89045206897 ===>> OK
Magnet settling time: 1.049
GetData ===>> H2,-0.153637556130614,H1,89.8419448389101,AX,5.28139304493163,L1,0.267892194769663,L2,0.068459072...
setting magnet DAC
current  : 5.890452
requested: 5.891487
Delta Dac: 0.001034
Checking detector protection. dv=0.00103
Checking detector "CDD". Protection Threshold: 0.1 (V)
SetMagnetDAC 5.89148655172 ===>> OK
Magnet settling time: 1.049
GetData ===>> H2,-0.271356784900591,H1,26.4911709027595,AX,1.19863351312051,L1,0.208750194980657,L2,-0.09350810...
setting magnet DAC
current  : 5.891487
requested: 5.892521
Delta Dac: 0.001034
Checking detector protection. dv=0.00103
Checking detector "CDD". Protection Threshold: 0.1 (V)
SetMagnetDAC 5.89252103448 ===>> OK
Magnet settling time: 1.049
GetData ===>> H2,-0.331649650521905,H1,6.66652573170288,AX,0.11735576555383,L1,0.10655910073963,L2,-0.013002825...
setting magnet DAC
current  : 5.892521
requested: 5.893556
Delta Dac: 0.001034
Checking detector protection. dv=0.00103
Checking detector "CDD". Protection Threshold: 0.1 (V)
SetMagnetDAC 5.89355551724 ===>> OK
Magnet settling time: 1.049
GetData ===>> H2,-0.335302849299203,H1,1.38990221317801,AX,-0.0534992889897934,L1,0.0619826419126637,L2,-0.2092...
setting magnet DAC
current  : 5.893556
requested: 5.894590
Delta Dac: 0.001034
Checking detector protection. dv=0.00103
Checking detector "CDD". Protection Threshold: 0.1 (V)
SetMagnetDAC 5.89459 ===>> OK
Magnet settling time: 1.049
GetData ===>> H2,-0.259814288060485,H1,0.1265064982934,AX,-0.275417956959104,L1,0.0549484696956717,L2,0.0578851...
result of _do_sweep=True
result of _calculate_peak_center=([5.8718749146569014, 5.8795081120862429, 5.8871413095155845], [798.32759615563896, 1073.298143189774, 795.92303428745277], 5.8780569338677369, 1073.298143189774)
Failed to find a valid peak. No peak greater than 1.0. max = 0.0217176737065
new center pos Detector(H1) (Ar40) @ 5.87950811209
GetHighVoltage ===>> 4500
GetDeflection H1 ===>> 0
dac uncorrected for HV and deflection 5.87950811209
update mftable H1 Ar40 5.87950811209 message=automated run peakcenter
get initial guess parabolic
get initial guess parabolic
get initial guess parabolic
get initial guess parabolic
get initial guess parabolic
get initial guess parabolic
dump mftable to /Users/jan/PychronDev/setupfiles/spectrometer/mftables/mftable.csv
add to repo msg=modified - automated run peakcenter
locally archiving mftable
setting magnet DAC
current  : 5.894590
requested: 5.879508
Delta Dac: 0.015082
Checking detector protection. dv=0.01508
Checking detector "CDD". Protection Threshold: 0.1 (V)
SetMagnetDAC 5.87950811209 ===>> OK
Magnet settling time: 0.500
sweep finished
setting integration time = 1.048576
SetIntegrationTime 1.048576 ===>> OK
Failed to find a valid peak. No peak greater than 1.0. max = 0.0217105138277
flush and close file /Users/jan/PychronDev/data/isotopes/7e/a04cf4-796d-4b7e-8cb6-415565655d72.h5
finished measure script
executed snippet estimated_duration=226.132928, duration=273.148543119
jan_unknown120_60.py completed successfully
Measurement Finished
17:08:31 -- ******* Measurement Finished *******
Post Measurement Started jan_pump_ms.py
17:08:31 -- ******* Post Measurement Started jan_pump_ms.py *******
testing...
no interpolation path defined
executed snippet estimated_duration=0, duration=2.69412994385e-05
Pumping spectrometer
open () {'name': 'O'}
opening name=O desc=---
checking ownership. requestor=129.138.12.150
check software interlocks O
interlocks []
actuate state mode=None-script, software_lock=False
doing actuation None-script open_channel True
Open O ===>> OK
GetIndicatorState O ===>> OK
change switch state (True, True)
update switch state O True args=() kw={} ncanvase=2
17:08:31 -- OPEN   VALVE-O (Jan Ion Pump)
---------------------------------------- open O () result=[(True, True)], time=0.10 sec
action=open, ok=True, locked=[False]
executed snippet estimated_duration=0, duration=0.35492515564
jan_pump_ms.py completed successfully
setting _ms_pumptime
Post Measurement Finished
17:08:31 -- ******* Post Measurement Finished *******
$$$$$$$$$$$$$$$$$$$$ state at run end measurement
state changed from measurement to success
post measurement save measured=True aborted=False
Set filtering
setting fod for Ar40= {'filter_outliers': True, 'std_devs': 2, 'iterations': 1}
setting fod for H1= {'filter_outliers': True, 'std_devs': 2, 'iterations': 1}
setting fod for PM41= {'filter_outliers': False, 'std_devs': 2, 'iterations': 1}
setting fod for H2= {'filter_outliers': True, 'std_devs': 2, 'iterations': 1}
setting fod for Ar36= {'filter_outliers': True, 'std_devs': 2, 'iterations': 1}
setting fod for CDD= {'filter_outliers': True, 'std_devs': 10, 'iterations': 1}
setting fod for Ar37= {'filter_outliers': True, 'std_devs': 2, 'iterations': 1}
setting fod for L2= {'filter_outliers': True, 'std_devs': 2, 'iterations': 1}
setting fod for Ar38= {'filter_outliers': True, 'std_devs': 2, 'iterations': 1}
setting fod for L1= {'filter_outliers': True, 'std_devs': 2, 'iterations': 1}
setting fod for Ar39= {'filter_outliers': True, 'std_devs': 2, 'iterations': 1}
setting fod for AX= {'filter_outliers': True, 'std_devs': 2, 'iterations': 1}
persistence save...
persistence save - db
post measurement save
6822174160 connecting to database sqlite:////Users/jan/PychronDev/.appdata/local_lab.db
connected to db sqlite:////Users/jan/PychronDev/.appdata/local_lab.db
create new session 6822174160
close session 6822174160
No database instance. Not saving post measurement to isotopedb database
$$$$$$$$$$$$$$$ auto_save_detector_ic=False
massspec enabled True
create new session 4979675504
MassSpec Database Version: 16.0
close session 4979675504
saving post measurement to secondary database
saving to massspec database 129.138.12.160/massspecdata
setting labnumber to 25321
setting aliquot to 6
setting step to 
setting uuid to 7ea04cf4-796d-4b7e-8cb6-415565655d72
setting irradpos to 25321
setting extract_device to Fusions CO2
setting tray to 
setting position to 156
setting power_requested to 5.0
setting extract_value to 5.0
setting duration to 30.0
setting duration_at_request to 30.0
setting first_stage_delay to 30.0
setting cleanup to 30.0
setting comment to K:10
setting irradiation to NM-288
setting level to K
setting irradiation_level to K
setting sample to FC-2
setting material to Sanidine
setting project to Irradiation-NM-288
setting mass_spectrometer to Jan
no attribute chron_dosages
no attribute production_ratios
no attribute interference_corrections
no attribute production_name
no attribute j
Reference Isotope=Ar40
Reference Detector=H1
%%%%%%%%%%%%%%%%%%%% Comment: K:10 %%%%%%%%%%%%%%%%%%%
adding isotope PM41 H2
add baseline dbdet= PM41. original det= H2
get baseline data PM41 H2
Get data baseline <pychron.processing.isotope.Baseline object at 0x1a17f6c50> len t=60
baseline PM41. v=-0.20473491865, e=0.00714570343634
get signal data PM41 H2
Get data signal PM41 0.11+/-0.07 len t=120
adding isotope Ar40 H1
add baseline dbdet= Ar40. original det= H1
get baseline data Ar40 H1
Get data baseline <pychron.processing.isotope.Baseline object at 0x1a17f6e50> len t=60
baseline Ar40. v=-0.00240623877081, e=0.00523761089264
get signal data Ar40 H1
Get data signal Ar40 1179.92+/-0.07 len t=120
adding isotope Ar39 AX
add baseline dbdet= Ar39. original det= AX
get baseline data Ar39 AX
Get data baseline <pychron.processing.isotope.Baseline object at 0x1a1805050> len t=60
baseline Ar39. v=-0.0892523848303, e=0.00832876619717
get signal data Ar39 AX
Get data signal Ar39 144.083+/-0.023 len t=120
adding isotope Ar38 L1
add baseline dbdet= Ar38. original det= L1
get baseline data Ar38 L1
Get data baseline <pychron.processing.isotope.Baseline object at 0x1a1805210> len t=60
baseline Ar38. v=-0.0279924466758, e=0.00276427229731
get signal data Ar38 L1
Get data signal Ar38 1.860+/-0.004 len t=120
adding isotope Ar37 L2
add baseline dbdet= Ar37. original det= L2
get baseline data Ar37 L2
Get data baseline <pychron.processing.isotope.Baseline object at 0x1a18053d0> len t=60
baseline Ar37. v=-0.0259319304098, e=0.00571221376924
get signal data Ar37 L2
Get data signal Ar37 0.337+/-0.010 len t=120
adding isotope Ar36 CDD
add baseline dbdet= Ar36. original det= CDD
get baseline data Ar36 CDD
Get data baseline <pychron.processing.isotope.Baseline object at 0x1a1805590> len t=60
baseline Ar36. v=0.000270438834798, e=2.48927699379e-05
get signal data Ar36 CDD
Get data signal Ar36 0.01139+/-0.00027 len t=120
25321-06 added analysis time 0.475120067596s
analysis added to mass spec database
mass spec save time= 0.481
persistence save - dvc
================= post measurement started
create new session 4982376208
close session 4982376208
---------------- Experiment Queue saving disabled
DVC saving peakcenter
Failed to find a valid peak. No peak greater than 1.0. max = 0.0217105138277
Smart pull ahead: 0 behind: 0
Up-to-date with origin
add to repo msg=modified - ad8224ebc6dbfeb9f5997218dfa5fe690569839d.json
add to repo msg=modified - 21-06.json
add to repo msg=modified - 21-06.dat.json
add to repo msg=modified - 21-06.blan.json
add to repo msg=modified - 21-06.inte.json
add to repo msg=modified - 21-06.icfa.json
add to repo msg=modified - 21-06.base.json
not at valid file /Users/jan/PychronDev/data/.dvc/repositories/Load1788/253/tags/21-06.tags.json
add to repo msg=modified - 21-06.peak.json
add to repo msg=modified - 21-06.extr.json
not at valid file /Users/jan/PychronDev/data/.dvc/repositories/Load1788/253/monitor/21-06.moni.json
commit message=<COLLECTION>
add to repo msg=modified - 21-06.inte.json
add to repo msg=modified - 21-06.base.json
commit message=<ISOEVO> default collection fits
add to repo msg=modified - 21-06.blan.json
commit message=<BLANKS> preceding bc-02-J-342
add to repo msg=modified - 21-06.icfa.json
commit message=<ICFactor> default
push repository <pychron.git_archive.repo_manager.GitRepoManager object at 0x19c602410>
pushing to remote=origin, url=https://github.com
no changes to meta repo
create new session 4982376208
add association Load1788
get identifier "25321"
setting analysis irradiation position=<pychron.dvc.dvc_orm.IrradiationPositionTbl object at 0x18edaf150>
close session 4982376208
================= post measurement finished
17:08:45 -- ******* Post Run Check *******
loading queue conditionals post_run_actions
loading system conditionals post_run_actions
loading conditionals from /Users/jan/PychronDev/setupfiles/spectrometer/default_conditionals.yaml
loading queue conditionals post_run_terminations
loading system conditionals post_run_terminations
loading conditionals from /Users/jan/PychronDev/setupfiles/spectrometer/default_conditionals.yaml
Checking default post run terminations n=1
GetDeflection CDD ===>> 50
testing CDD==2000
evaluate ot="CDD.deflection==2000" t="CDD==2000", ctx="{'CDD': 50.0}"
17:08:45 -- ******* Post Run Check Passed *******
17:08:45 -- Automated run 25321-06 success duration: 364.841 s
----------------- finish -----------------
----------------- stop -----------------
retroactive repository identifiers disabled
finish run. runs completed=44
update duration runid=25321-06, duration=364.840592861, md5=301e91d8
loading script "jan_unknown120_60.py"
loading script "jan_pump_ms.py"
loading script "jan_co2.py"
loading script "jan_pump_extraction_line.py"
testing...
no interpolation path defined
executed snippet estimated_duration=213.652928, duration=0.000300884246826
script duration name:unknown120_60 seconds:214.0
loading script "jan_unknown120_60.py"
loading script "jan_pump_ms.py"
loading script "jan_co2.py"
loading script "jan_pump_extraction_line.py"
testing...
no interpolation path defined
executed snippet estimated_duration=0, duration=2.59876251221e-05
loading script "jan_unknown120_60.py"
loading script "jan_pump_ms.py"
loading script "jan_co2.py"
loading script "jan_pump_extraction_line.py"
testing...
no interpolation path defined
calculate duration
testing...
no interpolation path defined
executed snippet estimated_duration=0, duration=5.60283660889e-05
calculate duration
testing...
no interpolation path defined
executed snippet estimated_duration=0, duration=0.000162839889526
executed snippet estimated_duration=0.0, duration=0.00302290916443
script duration name:co2 seconds:0.0
loading script "jan_unknown120_60.py"
loading script "jan_pump_ms.py"
loading script "jan_co2.py"
loading script "jan_pump_extraction_line.py"
testing...
no interpolation path defined
calculate duration
testing...
no interpolation path defined
executed snippet estimated_duration=4.0, duration=0.000168800354004
executed snippet estimated_duration=4.0, duration=0.00117111206055
Script duration 214.0
Run total estimated duration= 215.000
unknown120_60 in script context. using previous estimated duration
script duration name:unknown120_60 seconds:214.0
pump_ms in script context. using previous estimated duration
co2 in script context. using previous estimated duration
script duration name:co2 seconds:0.0
pump_extraction_line in script context. using previous estimated duration
Script duration 214.0
Run total estimated duration= 215.000
script duration name:unknown120_60 seconds:214.0
script duration name:co2 seconds:0.0
Script duration 214.0
Run total estimated duration= 215.000
script duration name:unknown120_60 seconds:214.0
script duration name:co2 seconds:0.0
Script duration 214.0
Run total estimated duration= 215.000
loading script "jan_unknown400_120.py"
loading script "jan_pump_ms.py"
loading script "jan_co2.py"
loading script "jan_pump_extraction_line.py"
testing...
no interpolation path defined
executed snippet estimated_duration=556.052928, duration=0.000146150588989
script duration name:unknown400_120 seconds:556.0
script duration name:co2 seconds:0.0
Script duration 556.0
Run total estimated duration= 557.000
unknown400_120 in script context. using previous estimated duration
script duration name:unknown400_120 seconds:556.0
loading script "jan_unknown400_120.py"
loading script "jan_pump_ms.py"
loading script "jan_sniffair_x2.py"
loading script "jan_pump_extraction_line.py"
testing...
no interpolation path defined
calculate duration
testing...
no interpolation path defined
executed snippet estimated_duration=0, duration=4.91142272949e-05
calculate duration
testing...
no interpolation path defined
executed snippet estimated_duration=0, duration=9.98973846436e-05
calculate duration
testing...
no interpolation path defined
executed snippet estimated_duration=32.0, duration=9.01222229004e-05
calculate duration
testing...
no interpolation path defined
executed snippet estimated_duration=34.0, duration=0.000102043151855
calculate duration
testing...
no interpolation path defined
executed snippet estimated_duration=4.0, duration=5.88893890381e-05
calculate duration
testing...
no interpolation path defined
executed snippet estimated_duration=36.0, duration=8.48770141602e-05
calculate duration
testing...
no interpolation path defined
executed snippet estimated_duration=34.0, duration=9.60826873779e-05
calculate duration
testing...
no interpolation path defined
executed snippet estimated_duration=4.0, duration=6.19888305664e-05
calculate duration
testing...
no interpolation path defined
executed snippet estimated_duration=36.0, duration=8.20159912109e-05
calculate duration
testing...
no interpolation path defined
executed snippet estimated_duration=70.0, duration=9.51290130615e-05
executed snippet estimated_duration=250.0, duration=0.0129518508911
script duration name:sniffair_x2 seconds:250.0
Script duration 806.0
Run total estimated duration= 807.000
script duration name:unknown400_120 seconds:556.0
sniffair_x2 in script context. using previous estimated duration
script duration name:sniffair_x2 seconds:250.0
Script duration 806.0
Run total estimated duration= 807.000
loading script "jan_ic_peak_hop3.py"
loading script "jan_pump_ms.py"
loading script "jan_sniffair_x1.py"
loading script "jan_pump_extraction_line.py"
testing...
no interpolation path defined
executed snippet estimated_duration=133.8, duration=0.00709891319275
script duration name:ic_peak_hop3 seconds:134.0
loading script "jan_ic_peak_hop3.py"
loading script "jan_pump_ms.py"
loading script "jan_sniffair_x1.py"
loading script "jan_pump_extraction_line.py"
testing...
no interpolation path defined
calculate duration
testing...
no interpolation path defined
executed snippet estimated_duration=0, duration=4.6968460083e-05
calculate duration
testing...
no interpolation path defined
executed snippet estimated_duration=0, duration=0.000129222869873
calculate duration
testing...
no interpolation path defined
executed snippet estimated_duration=32.0, duration=0.000136852264404
calculate duration
testing...
no interpolation path defined
executed snippet estimated_duration=34.0, duration=0.000126838684082
calculate duration
testing...
no interpolation path defined
executed snippet estimated_duration=4.0, duration=6.38961791992e-05
calculate duration
testing...
no interpolation path defined
executed snippet estimated_duration=70.0, duration=9.70363616943e-05
executed snippet estimated_duration=140.0, duration=0.00790214538574
script duration name:sniffair_x1 seconds:140.0
Script duration 274.0
Run total estimated duration= 275.000
script duration name:unknown120_60 seconds:214.0
script duration name:co2 seconds:0.0
Script duration 214.0
Run total estimated duration= 215.000
script duration name:unknown120_60 seconds:214.0
script duration name:co2 seconds:0.0
Script duration 214.0
Run total estimated duration= 215.000
script duration name:unknown120_60 seconds:214.0
script duration name:co2 seconds:0.0
Script duration 214.0
Run total estimated duration= 215.000
script duration name:unknown120_60 seconds:214.0
script duration name:co2 seconds:0.0
Script duration 214.0
Run total estimated duration= 215.000
script duration name:unknown120_60 seconds:214.0
script duration name:co2 seconds:0.0
Script duration 214.0
Run total estimated duration= 215.000
script duration name:unknown120_60 seconds:214.0
loading script "jan_unknown120_60.py"
loading script "jan_pump_ms.py"
loading script "jan_cocktail_x1.py"
loading script "jan_pump_extraction_line.py"
testing...
no interpolation path defined
calculate duration
testing...
no interpolation path defined
executed snippet estimated_duration=0, duration=5.00679016113e-05
calculate duration
testing...
no interpolation path defined
executed snippet estimated_duration=0, duration=0.000110864639282
calculate duration
testing...
no interpolation path defined
executed snippet estimated_duration=32.0, duration=0.000116109848022
calculate duration
testing...
no interpolation path defined
executed snippet estimated_duration=34.0, duration=0.000128030776978
calculate duration
testing...
no interpolation path defined
executed snippet estimated_duration=4.0, duration=6.38961791992e-05
calculate duration
testing...
no interpolation path defined
executed snippet estimated_duration=38.0, duration=9.29832458496e-05
executed snippet estimated_duration=108.0, duration=0.00857996940613
script duration name:cocktail_x1 seconds:108.0
Script duration 322.0
Run total estimated duration= 323.000
script duration name:unknown120_60 seconds:214.0
script duration name:co2 seconds:0.0
Script duration 214.0
Run total estimated duration= 215.000
script duration name:unknown120_60 seconds:214.0
script duration name:co2 seconds:0.0
Script duration 214.0
Run total estimated duration= 215.000
script duration name:unknown120_60 seconds:214.0
script duration name:co2 seconds:0.0
Script duration 214.0
Run total estimated duration= 215.000
script duration name:unknown120_60 seconds:214.0
script duration name:co2 seconds:0.0
Script duration 214.0
Run total estimated duration= 215.000
script duration name:unknown120_60 seconds:214.0
script duration name:co2 seconds:0.0
Script duration 214.0
Run total estimated duration= 215.000
script duration name:unknown400_120 seconds:556.0
script duration name:co2 seconds:0.0
Script duration 556.0
Run total estimated duration= 557.000
script duration name:unknown120_60 seconds:214.0
script duration name:co2 seconds:0.0
Script duration 214.0
Run total estimated duration= 215.000
script duration name:unknown400_120 seconds:556.0
cocktail_x1 in script context. using previous estimated duration
script duration name:cocktail_x1 seconds:108.0
Script duration 664.0
Run total estimated duration= 665.000
script duration name:unknown120_60 seconds:214.0
script duration name:co2 seconds:0.0
Script duration 214.0
Run total estimated duration= 215.000
script duration name:unknown120_60 seconds:214.0
script duration name:co2 seconds:0.0
Script duration 214.0
Run total estimated duration= 215.000
script duration name:unknown120_60 seconds:214.0
script duration name:co2 seconds:0.0
Script duration 214.0
Run total estimated duration= 215.000
script duration name:unknown120_60 seconds:214.0
script duration name:co2 seconds:0.0
Script duration 214.0
Run total estimated duration= 215.000
script duration name:unknown120_60 seconds:214.0
script duration name:co2 seconds:0.0
Script duration 214.0
Run total estimated duration= 215.000
script duration name:unknown120_60 seconds:214.0
script duration name:co2 seconds:0.0
Script duration 214.0
Run total estimated duration= 215.000
script duration name:unknown120_60 seconds:214.0
script duration name:co2 seconds:0.0
Script duration 214.0
Run total estimated duration= 215.000
script duration name:unknown120_60 seconds:214.0
script duration name:co2 seconds:0.0
Script duration 214.0
Run total estimated duration= 215.000
script duration name:unknown120_60 seconds:214.0
script duration name:co2 seconds:0.0
Script duration 214.0
Run total estimated duration= 215.000
script duration name:unknown400_120 seconds:556.0
script duration name:co2 seconds:0.0
Script duration 556.0
Run total estimated duration= 557.000
script duration name:unknown400_120 seconds:556.0
script duration name:sniffair_x2 seconds:250.0
Script duration 806.0
Run total estimated duration= 807.000
script duration name:unknown400_120 seconds:556.0
script duration name:sniffair_x2 seconds:250.0
Script duration 806.0
Run total estimated duration= 807.000
script duration name:unknown120_60 seconds:214.0
script duration name:cocktail_x1 seconds:108.0
Script duration 322.0
Run total estimated duration= 323.000
ic_peak_hop3 in script context. using previous estimated duration
script duration name:ic_peak_hop3 seconds:134.0
sniffair_x1 in script context. using previous estimated duration
script duration name:sniffair_x1 seconds:140.0
Script duration 274.0
Run total estimated duration= 275.000
script duration name:unknown120_60 seconds:214.0
script duration name:co2 seconds:0.0
Script duration 214.0
Run total estimated duration= 215.000
script duration name:unknown120_60 seconds:214.0
script duration name:co2 seconds:0.0
Script duration 214.0
Run total estimated duration= 215.000
script duration name:unknown120_60 seconds:214.0
script duration name:co2 seconds:0.0
Script duration 214.0
Run total estimated duration= 215.000
script duration name:unknown120_60 seconds:214.0
script duration name:co2 seconds:0.0
Script duration 214.0
Run total estimated duration= 215.000
script duration name:unknown120_60 seconds:214.0
script duration name:co2 seconds:0.0
Script duration 214.0
Run total estimated duration= 215.000
script duration name:unknown400_120 seconds:556.0
script duration name:cocktail_x1 seconds:108.0
Script duration 664.0
Run total estimated duration= 665.000
script duration name:unknown120_60 seconds:214.0
script duration name:co2 seconds:0.0
Script duration 214.0
Run total estimated duration= 215.000
script duration name:unknown120_60 seconds:214.0
script duration name:co2 seconds:0.0
Script duration 214.0
Run total estimated duration= 215.000
script duration name:unknown120_60 seconds:214.0
script duration name:co2 seconds:0.0
Script duration 214.0
Run total estimated duration= 215.000
script duration name:unknown120_60 seconds:214.0
script duration name:co2 seconds:0.0
Script duration 214.0
Run total estimated duration= 215.000
script duration name:unknown120_60 seconds:214.0
script duration name:co2 seconds:0.0
Script duration 214.0
Run total estimated duration= 215.000
script duration name:unknown400_120 seconds:556.0
script duration name:co2 seconds:0.0
Script duration 556.0
Run total estimated duration= 557.000
script duration name:unknown120_60 seconds:214.0
script duration name:co2 seconds:0.0
Script duration 214.0
Run total estimated duration= 215.000
script duration name:unknown120_60 seconds:214.0
script duration name:co2 seconds:0.0
Script duration 214.0
Run total estimated duration= 215.000
script duration name:unknown120_60 seconds:214.0
script duration name:co2 seconds:0.0
Script duration 214.0
Run total estimated duration= 215.000
script duration name:unknown120_60 seconds:214.0
script duration name:co2 seconds:0.0
Script duration 214.0
Run total estimated duration= 215.000
script duration name:unknown120_60 seconds:214.0
script duration name:co2 seconds:0.0
Script duration 214.0
Run total estimated duration= 215.000
script duration name:unknown120_60 seconds:214.0
script duration name:cocktail_x1 seconds:108.0
Script duration 322.0
Run total estimated duration= 323.000
script duration name:unknown120_60 seconds:214.0
script duration name:co2 seconds:0.0
Script duration 214.0
Run total estimated duration= 215.000
script duration name:unknown120_60 seconds:214.0
script duration name:co2 seconds:0.0
Script duration 214.0
Run total estimated duration= 215.000
script duration name:unknown120_60 seconds:214.0
script duration name:co2 seconds:0.0
Script duration 214.0
Run total estimated duration= 215.000
script duration name:unknown120_60 seconds:214.0
script duration name:co2 seconds:0.0
Script duration 214.0
Run total estimated duration= 215.000
script duration name:unknown120_60 seconds:214.0
script duration name:co2 seconds:0.0
Script duration 214.0
Run total estimated duration= 215.000
script duration name:unknown400_120 seconds:556.0
script duration name:co2 seconds:0.0
Script duration 556.0
Run total estimated duration= 557.000
script duration name:unknown400_120 seconds:556.0
script duration name:sniffair_x2 seconds:250.0
Script duration 806.0
Run total estimated duration= 807.000
script duration name:unknown400_120 seconds:556.0
script duration name:cocktail_x1 seconds:108.0
Script duration 664.0
Run total estimated duration= 665.000
script duration name:unknown400_120 seconds:556.0
script duration name:sniffair_x2 seconds:250.0
Script duration 806.0
Run total estimated duration= 807.000
script duration name:ic_peak_hop3 seconds:134.0
script duration name:sniffair_x1 seconds:140.0
Script duration 274.0
Run total estimated duration= 275.000
script duration name:unknown120_60 seconds:214.0
script duration name:co2 seconds:0.0
Script duration 214.0
Run total estimated duration= 215.000
script duration name:unknown120_60 seconds:214.0
script duration name:co2 seconds:0.0
Script duration 214.0
Run total estimated duration= 215.000
script duration name:unknown120_60 seconds:214.0
script duration name:co2 seconds:0.0
Script duration 214.0
Run total estimated duration= 215.000
script duration name:unknown120_60 seconds:214.0
script duration name:co2 seconds:0.0
Script duration 214.0
Run total estimated duration= 215.000
script duration name:unknown120_60 seconds:214.0
script duration name:co2 seconds:0.0
Script duration 214.0
Run total estimated duration= 215.000
script duration name:unknown120_60 seconds:214.0
script duration name:co2 seconds:0.0
Script duration 214.0
Run total estimated duration= 215.000
script duration name:unknown120_60 seconds:214.0
script duration name:co2 seconds:0.0
Script duration 214.0
Run total estimated duration= 215.000
script duration name:unknown120_60 seconds:214.0
script duration name:co2 seconds:0.0
Script duration 214.0
Run total estimated duration= 215.000
script duration name:unknown120_60 seconds:214.0
script duration name:co2 seconds:0.0
Script duration 214.0
Run total estimated duration= 215.000
script duration name:unknown120_60 seconds:214.0
script duration name:co2 seconds:0.0
Script duration 214.0
Run total estimated duration= 215.000
script duration name:unknown400_120 seconds:556.0
script duration name:co2 seconds:0.0
Script duration 556.0
Run total estimated duration= 557.000
script duration name:unknown120_60 seconds:214.0
script duration name:cocktail_x1 seconds:108.0
Script duration 322.0
Run total estimated duration= 323.000
script duration name:unknown120_60 seconds:214.0
script duration name:co2 seconds:0.0
Script duration 214.0
Run total estimated duration= 215.000
script duration name:unknown120_60 seconds:214.0
script duration name:co2 seconds:0.0
Script duration 214.0
Run total estimated duration= 215.000
script duration name:unknown120_60 seconds:214.0
script duration name:co2 seconds:0.0
Script duration 214.0
Run total estimated duration= 215.000
script duration name:unknown120_60 seconds:214.0
script duration name:co2 seconds:0.0
Script duration 214.0
Run total estimated duration= 215.000
script duration name:unknown400_120 seconds:556.0
script duration name:cocktail_x1 seconds:108.0
Script duration 664.0
Run total estimated duration= 665.000
script duration name:unknown120_60 seconds:214.0
script duration name:co2 seconds:0.0
Script duration 214.0
Run total estimated duration= 215.000
script duration name:unknown120_60 seconds:214.0
script duration name:co2 seconds:0.0
Script duration 214.0
Run total estimated duration= 215.000
script duration name:unknown120_60 seconds:214.0
script duration name:co2 seconds:0.0
Script duration 214.0
Run total estimated duration= 215.000
script duration name:unknown120_60 seconds:214.0
script duration name:co2 seconds:0.0
Script duration 214.0
Run total estimated duration= 215.000
script duration name:unknown120_60 seconds:214.0
script duration name:co2 seconds:0.0
Script duration 214.0
Run total estimated duration= 215.000
script duration name:unknown120_60 seconds:214.0
script duration name:co2 seconds:0.0
Script duration 214.0
Run total estimated duration= 215.000
script duration name:unknown400_120 seconds:556.0
script duration name:co2 seconds:0.0
Script duration 556.0
Run total estimated duration= 557.000
script duration name:unknown400_120 seconds:556.0
script duration name:sniffair_x2 seconds:250.0
Script duration 806.0
Run total estimated duration= 807.000
script duration name:unknown400_120 seconds:556.0
script duration name:sniffair_x2 seconds:250.0
Script duration 806.0
Run total estimated duration= 807.000
script duration name:ic_peak_hop3 seconds:134.0
script duration name:sniffair_x1 seconds:140.0
Script duration 274.0
Run total estimated duration= 275.000
script duration name:unknown120_60 seconds:214.0
script duration name:co2 seconds:0.0
Script duration 214.0
Run total estimated duration= 215.000
script duration name:unknown120_60 seconds:214.0
script duration name:co2 seconds:0.0
Script duration 214.0
Run total estimated duration= 215.000
nruns=93 before=5.0, run_dur=29597.0, btw=4140.0
write rem/ex queues
/Users/jan/PychronDev/experiments/rem/CurrentExperiment.rem.txt
/Users/jan/PychronDev/experiments/rem/CurrentExperiment.ex.txt
doing event level: 3
