do run
loading script "jan_unknown120_60.py"
loading script "jan_pump_ms.py"
loading script "jan_co2.py"
loading script "jan_pump_extraction_line.py"
testing...
no interpolation path defined
executed snippet estimated_duration=213.652928, duration=0.000326871871948
script duration name:unknown120_60 seconds:214.0
loading script "jan_unknown120_60.py"
loading script "jan_pump_ms.py"
loading script "jan_co2.py"
loading script "jan_pump_extraction_line.py"
testing...
no interpolation path defined
executed snippet estimated_duration=0, duration=2.59876251221e-05
loading script "jan_unknown120_60.py"
loading script "jan_pump_ms.py"
loading script "jan_co2.py"
loading script "jan_pump_extraction_line.py"
testing...
no interpolation path defined
calculate duration
testing...
no interpolation path defined
executed snippet estimated_duration=0, duration=5.3882598877e-05
calculate duration
testing...
no interpolation path defined
executed snippet estimated_duration=0, duration=9.67979431152e-05
executed snippet estimated_duration=0.0, duration=0.00287985801697
script duration name:co2 seconds:0.0
loading script "jan_unknown120_60.py"
loading script "jan_pump_ms.py"
loading script "jan_co2.py"
loading script "jan_pump_extraction_line.py"
testing...
no interpolation path defined
calculate duration
testing...
no interpolation path defined
executed snippet estimated_duration=4.0, duration=0.00014591217041
executed snippet estimated_duration=4.0, duration=0.00134611129761
Script duration 214.0
Run total estimated duration= 215.000
run duration: 0:03:35
doing event level: 2
16:41:39 -- Setting default integration. t=1.048576
setting integration time = 1.048576
SetIntegrationTime 1.048576 ===>> OK
----------------- start -----------------
**************** Experiment Type: Ar/Ar, Ar/Ar
create new session 4419362736
close session 4419362736
$$$$$ Clearing conditionals
adding conditionals 
Add queue conditionals
add default conditionals
adding default conditionals from /Users/jan/PychronDev/setupfiles/spectrometer/default_conditionals.yaml
Start automated run 25321-03
loading script "jan_unknown120_60.py"
loading script "jan_pump_ms.py"
loading script "jan_co2.py"
loading script "jan_pump_extraction_line.py"
%%%%%%%%%%%%%%%%%% setting automated run 25321-03
No value "sensitivity_multiplier" in metadata
$$$$$$$$$$$$$$$ auto_save_detector_ic=False
============================= Pre Extraction Check =============================
loading queue conditionals pre_run_terminations
loading system conditionals pre_run_terminations
loading conditionals from /Users/jan/PychronDev/setupfiles/spectrometer/default_conditionals.yaml
16:41:39 -- ******* Pre Extraction Check *******
Get a measurement from the spectrometer
GetData ===>> H2,-0.195737411946235,H1,-0.0186690777395747,AX,-0.0690113668479199,L1,-0.00686617128071216,L2,0....
Pre Extraction Termination data. keys=H2,H1,AX,L1,L2,CDD, signals=-0.19574,-0.01867,-0.06901,-0.00687,0.03641,0.00283
16:41:39 -- testing system defined conditionals
Checking default pre extraction terminations n=2
testing CDD
evaluate ot="CDD.inactive" t="CDD", ctx="{'CDD': False}"
GetDeflection CDD ===>> 50
testing CDD==2000
evaluate ot="CDD.deflection==2000" t="CDD==2000", ctx="{'CDD': 50.0}"
16:41:39 -- ******* Pre Extraction Check Passed *******
=================================================================================
16:41:39 -- stopping status monitor
stop 4976433200
Alive clients [4982646160]
16:41:39 -- starting status monitor
start 4976433200
Monitor already running
start extraction
do extraction
Analysis started at 16:41:39.276434
Extraction Started jan_co2.py
16:41:39 -- ******* Extraction Started jan_co2.py *******
state changed from not run to extraction
DO EXTRACTION <pychron.extraction_line.pyscript_runner.RemotePyScriptRunner object at 0x12b9a8890>
testing...
no interpolation path defined
calculate duration
testing...
no interpolation path defined
executed snippet estimated_duration=0, duration=4.81605529785e-05
calculate duration
testing...
no interpolation path defined
executed snippet estimated_duration=0, duration=9.51290130615e-05
executed snippet estimated_duration=100.0, duration=0.00257992744446
Jan CO2 laser analysis
doing GOSUB
testing...
no interpolation path defined
executed snippet estimated_duration=0, duration=4.31537628174e-05
Waiting for CO2 access
wait ('FelixCO2Flag', 0) {}
waiting for FelixCO2Flag = 0
Read FelixCO2Flag ===>> 0
finished waiting
CO2 free
wait ('CO2PumpTimeFlag', 0) {}
waiting for CO2PumpTimeFlag = 0
Read CO2PumpTimeFlag ===>> 0
finished waiting
acquire ('JanCO2Flag',) {'clear': True}
acquire JanCO2Flag
Set JanCO2Flag 1 ===>> OK
JanCO2Flag acquired
set extraction state False (0.75, 'red', 1.5)
CO2 acquired
executed snippet estimated_duration=0, duration=0.0246539115906
WaitForCO2Access.py completed successfully
gosub finished
doing GOSUB
testing...
no interpolation path defined
executed snippet estimated_duration=0, duration=9.79900360107e-05
Prepare for CO2 analysis
close () {'description': 'Jan Inlet'}
closing name=--- desc=Jan Inlet
checking ownership. requestor=129.138.12.150
check software interlocks R
interlocks []
actuate state mode=None-script, software_lock=False
doing actuation None-script close_channel False
Close R ===>> OK
GetIndicatorState R ===>> False
change switch state (True, True)
update switch state R False args=() kw={} ncanvase=2
16:41:39 -- CLOSE  VALVE-R (Jan Inlet)
---------------------------------------- close None (Jan Inlet) result=[(True, True)]
action=close, ok=True, locked=[False]
open () {'description': 'Jan Ion Pump'}
opening name=--- desc=Jan Ion Pump
checking ownership. requestor=129.138.12.150
check software interlocks O
interlocks []
actuate state mode=None-script, software_lock=False
doing actuation None-script open_channel False
Open O ===>> OK
GetIndicatorState O ===>> OK
change switch state (True, True)
update switch state O True args=() kw={} ncanvase=2
16:41:40 -- OPEN   VALVE-O (Jan Ion Pump)
---------------------------------------- open None (Jan Ion Pump) result=[(True, True)], time=0.09 sec
action=open, ok=True, locked=[False]
close () {'description': 'Microbone to Minibone'}
closing name=--- desc=Microbone to Minibone
checking ownership. requestor=129.138.12.150
check software interlocks L
interlocks []
actuate state mode=None-script, software_lock=False
doing actuation None-script close_channel False
Close L ===>> OK
GetIndicatorState L ===>> False
change switch state (True, True)
update switch state L False args=() kw={} ncanvase=2
16:41:40 -- CLOSE  VALVE-L (Microbone to Minibone)
---------------------------------------- close None (Microbone to Minibone) result=[(True, True)]
action=close, ok=True, locked=[False]
open () {'description': 'Microbone to Turbo'}
opening name=--- desc=Microbone to Turbo
checking ownership. requestor=129.138.12.150
check software interlocks U
interlocks []
actuate state mode=None-script, software_lock=False
doing actuation None-script open_channel False
Open U ===>> OK
GetIndicatorState U ===>> OK
change switch state (True, True)
update switch state U True args=() kw={} ncanvase=2
16:41:41 -- OPEN   VALVE-U (Microbone to Turbo)
---------------------------------------- open None (Microbone to Turbo) result=[(True, True)], time=0.14 sec
action=open, ok=True, locked=[False]
open () {'description': 'Microbone to Inlet Pipette'}
opening name=--- desc=Microbone to Inlet Pipette
checking ownership. requestor=129.138.12.150
check software interlocks S
interlocks []
actuate state mode=None-script, software_lock=False
doing actuation None-script open_channel False
Open S ===>> OK
GetIndicatorState S ===>> OK
change switch state (True, True)
update switch state S True args=() kw={} ncanvase=2
16:41:41 -- OPEN   VALVE-S (Microbone to Inlet Pipette)
---------------------------------------- open None (Microbone to Inlet Pipette) result=[(True, True)], time=0.42 sec
action=open, ok=True, locked=[False]
open () {'description': 'Microbone to Getter D-50'}
opening name=--- desc=Microbone to Getter D-50
checking ownership. requestor=129.138.12.150
check software interlocks K
interlocks []
actuate state mode=None-script, software_lock=False
doing actuation None-script open_channel False
Open K ===>> OK
GetIndicatorState K ===>> OK
change switch state (True, True)
update switch state K True args=() kw={} ncanvase=2
16:41:42 -- OPEN   VALVE-K (Microbone to Getter D-50)
---------------------------------------- open None (Microbone to Getter D-50) result=[(True, True)], time=0.44 sec
action=open, ok=True, locked=[False]
open () {'description': 'Microbone to Getter NP-10'}
opening name=--- desc=Microbone to Getter NP-10
checking ownership. requestor=129.138.12.150
check software interlocks M
interlocks []
actuate state mode=None-script, software_lock=False
doing actuation None-script open_channel False
Open M ===>> OK
GetIndicatorState M ===>> OK
change switch state (True, True)
update switch state M True args=() kw={} ncanvase=2
16:41:42 -- OPEN   VALVE-M (Microbone to Getter NP-10)
---------------------------------------- open None (Microbone to Getter NP-10) result=[(True, True)], time=0.15 sec
action=open, ok=True, locked=[False]
close () {'description': 'CO2 Laser to Felix'}
closing name=--- desc=CO2 Laser to Felix
checking ownership. requestor=129.138.12.150
check software interlocks F
interlocks []
actuate state mode=None-script, software_lock=True
VALVE-F(CO2 Laser to Felix) software locked
change switch state (True, False)
---------------------------------------- close None (CO2 Laser to Felix) result=[(True, False)]
action=close, ok=True, locked=[True]
open () {'description': 'CO2 Laser to Jan'}
opening name=--- desc=CO2 Laser to Jan
checking ownership. requestor=129.138.12.150
check software interlocks A
interlocks []
actuate state mode=None-script, software_lock=False
doing actuation None-script open_channel False
Open A ===>> OK
GetIndicatorState A ===>> OK
change switch state (True, True)
update switch state A True args=() kw={} ncanvase=2
16:41:43 -- OPEN   VALVE-A (CO2 Laser to Jan)
---------------------------------------- open None (CO2 Laser to Jan) result=[(True, True)], time=0.15 sec
action=open, ok=True, locked=[False]
open () {'description': 'Microbone to CO2 Laser'}
opening name=--- desc=Microbone to CO2 Laser
checking ownership. requestor=129.138.12.150
check software interlocks T
interlocks []
actuate state mode=None-script, software_lock=False
doing actuation None-script open_channel False
Open T ===>> OK
GetIndicatorState T ===>> OK
change switch state (True, True)
update switch state T True args=() kw={} ncanvase=2
16:41:44 -- OPEN   VALVE-T (Microbone to CO2 Laser)
---------------------------------------- open None (Microbone to CO2 Laser) result=[(True, True)], time=0.45 sec
action=open, ok=True, locked=[False]
executed snippet estimated_duration=0, duration=5.01105904579
PrepareForCO2Analysis.py completed successfully
gosub finished
set_motor ('beam', '1.25') {}
setting motor "beam" to 1.25
set motor beam to 1.25
SetMotor beam,1.25 ===>> OK
GetMotorMoving beam ===>> False
GetMotorMoving beam ===>> False
Block completed
move_to_position ('153',) {'autocenter': True}
FusionsCO2 move to position 153
sending GoToHole 153,True
GoToHole 153,True ===>> OK
GetDriveMoving ===>> OK
GetDriveMoving ===>> OK
GetDriveMoving ===>> OK
GetDriveMoving ===>> False
GetDriveMoving ===>> OK
GetDriveMoving ===>> OK
GetDriveMoving ===>> OK
GetDriveMoving ===>> OK
GetDriveMoving ===>> OK
GetDriveMoving ===>> OK
GetDriveMoving ===>> OK
GetDriveMoving ===>> False
Block completed
GetAutoCorrecting ===>> False
GetAutoCorrecting ===>> False
Block completed
update position
GetPosition ===>> 15.95120,-3.98780,1.00000
got position (15.9512, -3.9878, 1.0)
move to position succeeded
sleep (5,) {}
SLEEP 5.0
block started
WaitControl setup for 5.0  
Join finished
block finished. duration 5.0329990387
close () {'description': 'Microbone to Turbo'}
closing name=--- desc=Microbone to Turbo
checking ownership. requestor=129.138.12.150
check software interlocks U
interlocks []
actuate state mode=None-script, software_lock=False
doing actuation None-script close_channel True
Close U ===>> OK
GetIndicatorState U ===>> False
change switch state (True, True)
update switch state U False args=() kw={} ncanvase=2
16:41:55 -- CLOSE  VALVE-U (Microbone to Turbo)
---------------------------------------- close None (Microbone to Turbo) result=[(True, True)]
action=close, ok=True, locked=[False]
enable laser
enable () {}
set extraction state FusionsCO2 Enabled (False, 'red', 1.5)
enabling laser
Enable ===>> OK
begin interval
BEGIN INTERVAL Interval 1 waiting for 30.0
block started
set extract to 5.0
WaitControl setup for 30.0  
extract (5.0,) {}
GetPosition ===>> 15.95120,-3.98780,1.00000
set extraction state FusionsCO2 ON! 5.0(watts) (0.75, 'red', 1.5)
extract sample to 5.0 (watts)
set laser output
SetLaserOutput 5.0,watts ===>> OK
executing pattern triangle.lp
execute_pattern ('triangle.lp',) {}
executing pattern triangle.lp
IsPatterning ===>> OK
IsPatterning ===>> OK
IsPatterning ===>> OK
IsPatterning ===>> OK
IsPatterning ===>> OK
IsPatterning ===>> OK
IsPatterning ===>> OK
IsPatterning ===>> OK
IsPatterning ===>> OK
IsPatterning ===>> OK
IsPatterning ===>> OK
IsPatterning ===>> OK
IsPatterning ===>> OK
IsPatterning ===>> OK
IsPatterning ===>> OK
IsPatterning ===>> OK
IsPatterning ===>> OK
IsPatterning ===>> OK
IsPatterning ===>> OK
IsPatterning ===>> OK
IsPatterning ===>> OK
IsPatterning ===>> OK
IsPatterning ===>> OK
IsPatterning ===>> OK
IsPatterning ===>> OK
IsPatterning ===>> False
IsPatterning ===>> False
Block completed
COMPLETE INTERVAL waiting for Interval 1 to complete
Join finished
block finished. duration 30.0969221592
Interval 1 finished
end_extract () {}
ending extraction. set laser power to 0
set laser power 0
SetLaserPower 0 ===>> OK
disable () {}
%%%%%%%%%%%%%%%%%%%%%%%%%%%%%%%%%%% disable
set extraction state False (0.75, 'red', 1.5)
disabling laser
Disable ===>> OK
sleep (30.0,) {}
SLEEP 30.0
block started
WaitControl setup for 30.0  
Join finished
block finished. duration 30.0870099068
executed snippet estimated_duration=167.5, duration=77.1669490337
jan_co2.py completed successfully
GetAchievedOutput ===>> No Response
Requested Output= 0.000
Achieved Output=  0.000
GetResponseBlob ===>> No Response
GetOutputBlob ===>> No Response
persistence save...
persistence save - db
AutomatedRunPersister post_extraction_save deprecated
persistence save - dvc
no extraction position for 153
create new session 4982376208
close session 4982376208
Extraction Finished
16:42:56 -- ******* Extraction Finished *******
no overlap. not waiting for min ms pumptime
16:42:56 -- Sending spectrometer configuration
======== Sending configuration ========
SetDeflection CDD,50.0 ===>> OK
SetDeflection H2,0.0 ===>> OK
SetDeflection H1,0.0 ===>> OK
SetDeflection L2,825.0 ===>> OK
SetDeflection L1,400.0 ===>> OK
SetDeflection AX,190.0 ===>> OK
SetZFocus 74.64 ===>> OK
SetZSymmetry -50.72 ===>> OK
SetExtractionLens 26.13 ===>> OK
SetIonRepeller -3.81 ===>> OK
SetElectronEnergy 75.08 ===>> OK
SetYSymmetry -2.81 ===>> OK
SetIonCounterVoltage 1590.0 ===>> OK
send trap current 200.0
GetParameter Trap Current Readback ===>> 198.482695477019
SetParameter Trap Current Set,200.0 ===>> OK
updating mftable name mftable
Using mftable located at /Users/jan/PychronDev/setupfiles/spectrometer/mftables/mftable.csv
============ MFtable ===========
Isotope  H2     H1     AX     L1     L2     CDD    
Ar40     5.8006 5.8794 5.9928 6.1405 6.2312 6.3687
Ar39     5.6998 5.7717 5.8852 6.0265 6.1163 6.2552
Ar36     5.3773 5.4407 5.5486 5.6854 5.7713 5.9063
================================
get initial guess parabolic
get initial guess parabolic
get initial guess parabolic
get initial guess parabolic
get initial guess parabolic
get initial guess parabolic
======== Configuration Finished ========
GetYSymmetry ===>> -2.81
GetZSymmetry ===>> -50.72
GetParameter Trap Current Readback ===>> 198.258926936459
GetHighVoltage ===>> 4500
start measurement
do measurement
L#=25321 analysis type=unknown
Measurement Started jan_unknown120_60.py
16:42:56 -- ******* Measurement Started jan_unknown120_60.py *******
state changed from extraction to measurement
setting spec, defl, and gains
GetExtractionLens ===>> 26.13
GetYSymmetry ===>> -2.81
GetZSymmetry ===>> -50.72
GetZFocus ===>> 74.64
GetDeflection H2 ===>> 0
GetDeflection H1 ===>> 0
GetDeflection AX ===>> 190
GetDeflection L1 ===>> 400
GetDeflection L2 ===>> 825
GetDeflection CDD ===>> 50
GetGain H2 ===>> 0.0113
GetGain H1 ===>> 0.1
GetGain AX ===>> 0.097049
GetGain L1 ===>> 0.010355
GetGain L2 ===>> 0.095649
GetGain CDD ===>> 0
pre measurement save
New frame /Users/jan/PychronDev/data/isotopes/0f/de9b2f-fe78-46e6-aece-c76b9cc35e65.h5
flush and close file /Users/jan/PychronDev/data/isotopes/0f/de9b2f-fe78-46e6-aece-c76b9cc35e65.h5
testing...
no interpolation path defined
executed snippet estimated_duration=226.132928, duration=0.000149011611938
unknown measurement script
activate_detectors ('H2', 'H1', 'AX', 'L1', 'L2', 'CDD') {}
activate detectors
*************** Set Analysis View Ar/Ar
create graphs
clearing graphs
clear isotope group
setting isotope det=H2, iso=PM41
setting isotope det=H1, iso=Ar40
setting isotope det=AX, iso=Ar39
setting isotope det=L1, iso=Ar38
setting isotope det=L2, iso=Ar37
setting isotope det=CDD, iso=Ar36
setting previous blanks
 - setting Ar40 blank 0.203+/-0.007
 - setting Ar36 blank 0.00472+/-0.00017
 - setting Ar37 blank 0.048+/-0.005
 - setting Ar38 blank 0.0062+/-0.0021
 - setting PM41 blank 0.04+/-0.07
 - setting Ar39 blank 0.020+/-0.009
load analysis view
position_magnet ('Ar40',) {'detector': 'H1'}
detector Detector(H1)
POSITION Ar40 H1
setting detector H2 to PM41 (40.9624)
setting detector H1 to Ar40 (39.9624)
setting detector AX to Ar39 (38.9624)
setting detector L1 to Ar38 (37.9624)
setting detector L2 to Ar37 (36.9624)
setting detector CDD to Ar36 (35.9624)
Mapping mass to dac mass func: "parabolic"
H1 map mass coeffs = [-0.00063987  0.15840543  0.57103999]
H1 map mass to dac 39.9624 >> 5.87943
GetDeflection H1 ===>> 0
GetHighVoltage ===>> 4500
positioning Ar40 (5.87943) on H1
setting magnet DAC
current  : 5.879433
requested: 5.879430
Delta Dac: 0.000003
Checking detector protection. dv=0.00000
Checking detector "CDD". Protection Threshold: 0.1 (V)
SetMagnetDAC 5.87943 ===>> OK
Magnet settling time: 0.500
equilibrate () {'delay': 3, 'inlet': 'R', 'outlet': 'O', 'eqtime': 12.0}
Equilibration Started
16:43:00 -- ******* Equilibration Started *******
checking ownership. requestor=129.138.12.150
check software interlocks O
interlocks []
actuate state mode=None-script, software_lock=False
doing actuation None-script close_channel True
Close O ===>> OK
GetIndicatorState O ===>> False
change switch state (True, True)
update switch state O False args=() kw={} ncanvase=2
16:43:00 -- CLOSE  VALVE-O (Jan Ion Pump)
waiting 3s before opening inlet value ('R',)
update labels <pychron.experiment.plot_panel.PlotPanel object at 0x1a0421fb0>
update labels "<pychron.graph.stacked_regression_graph.StackedRegressionGraph object at 0x19c4afbf0>"
setting label 0 H2 PM41
setting label 1 H1 Ar40
setting label 2 AX Ar39
setting label 3 L1 Ar38
setting label 4 L2 Ar37
setting label 5 CDD Ar36
update labels "<pychron.graph.stacked_graph.StackedGraph object at 0x19e1510b0>"
setting label 0 H2 PM41
setting label 1 H1 Ar40
setting label 2 AX Ar39
setting label 3 L1 Ar38
setting label 4 L2 Ar37
setting label 5 CDD Ar36
checking ownership. requestor=129.138.12.150
check software interlocks R
interlocks []
actuate state mode=None-script, software_lock=False
doing actuation None-script open_channel True
Open R ===>> OK
GetIndicatorState R ===>> OK
change switch state (True, True)
update switch state R True args=() kw={} ncanvase=2
16:43:03 -- OPEN   VALVE-R (Jan Inlet)
set_time_zero () {}
equilibrating for 12.0sec
sniff (12.0,) {}
py_sniff
build tables- sniff [Detector(H2), Detector(H1), Detector(AX), Detector(L1), Detector(L2), Detector(CDD)]
add group /sniff/PM41 (Group) '' table H2
add group /sniff/Ar40 (Group) '' table H1
add group /sniff/Ar39 (Group) '' table AX
add group /sniff/Ar38 (Group) '' table L1
add group /sniff/Ar37 (Group) '' table L2
add group /sniff/Ar36 (Group) '' table CDD
flush and close file /Users/jan/PychronDev/data/isotopes/0f/de9b2f-fe78-46e6-aece-c76b9cc35e65.h5
measuring sniff. ncounts=12.0
"sniff" increment series count="1" fit count="0" regressing="False"
starting measurement
GetData ===>> H2,-0.184651533574933,H1,-0.00106422417609482,AX,-0.0646988400111473,L1,0.0080189365472211,L2,-0....
GetData ===>> H2,0.887170191285388,H1,1172.95596894331,AX,151.165550080861,L1,0.916197858501587,L2,0.5986509709...
GetData ===>> H2,0.335891324062698,H1,1554.13619102772,AX,194.522395505261,L1,1.69397447045746,L2,0.55993519537...
GetData ===>> H2,0.0895464282013016,H1,1678.95783099643,AX,206.797705097387,L1,2.16735277666435,L2,0.4772048883...
GetData ===>> H2,0.0895464282013016,H1,1678.95783099643,AX,206.797705097387,L1,2.16735277666435,L2,0.4772048883...
GetData ===>> H2,-0.0352255464738745,H1,1744.75032937435,AX,213.328536150974,L1,2.50455327813918,L2,0.496384194...
GetData ===>> H2,0.127803789037007,H1,1752.08688852012,AX,213.822428144139,L1,2.55522346401538,L2,0.47243064860...
GetData ===>> H2,0.188528178358592,H1,1756.0208100689,AX,214.270758351152,L1,2.61158943992177,L2,0.524297565458...
GetData ===>> H2,0.0378637489700592,H1,1757.9882372098,AX,214.3663984238,L1,2.66864810571499,L2,0.5626559946058...
GetData ===>> H2,-0.0975126835204354,H1,1757.90117396433,AX,214.425235803455,L1,2.70988482817507,L2,0.452593829...
GetData ===>> H2,-0.0975126835204354,H1,1757.90117396433,AX,214.425235803455,L1,2.70988482817507,L2,0.452593829...
GetData ===>> H2,-0.0044502156767544,H1,1758.6464621167,AX,214.41224445201,L1,2.74560163731504,L2,0.52563459472...
Equilibration Finished
16:43:15 -- ******* Equilibration Finished *******
checking ownership. requestor=129.138.12.150
check software interlocks R
interlocks []
actuate state mode=None-script, software_lock=False
doing actuation None-script close_channel True
Close R ===>> OK
GetIndicatorState R ===>> False
change switch state (True, True)
update switch state R False args=() kw={} ncanvase=2
16:43:16 -- CLOSE  VALVE-R (Jan Inlet)
Post Equilibration Started jan_pump_extraction_line.py
16:43:16 -- ******* Post Equilibration Started jan_pump_extraction_line.py *******
testing...
no interpolation path defined
calculate duration
testing...
no interpolation path defined
executed snippet estimated_duration=4.0, duration=0.000144958496094
executed snippet estimated_duration=4.0, duration=0.00108408927917
Pump after analysis
doing GOSUB
testing...
no interpolation path defined
executed snippet estimated_duration=4.0, duration=0.0001380443573
Pump Microbone
close () {'description': 'Jan Inlet'}
closing name=--- desc=Jan Inlet
checking ownership. requestor=129.138.12.150
check software interlocks R
interlocks []
actuate state mode=None-script, software_lock=False
doing actuation None-script close_channel False
measurement finished
estimated time: 12.583 actual time: :12.670
flush and close file /Users/jan/PychronDev/data/isotopes/0f/de9b2f-fe78-46e6-aece-c76b9cc35e65.h5
set_fits () {}
using default fits file=/Users/jan/PychronDev/scripts/measurement/fits/nominal_linear.yaml
Close R ===>> OK
set "Ar40" to "('Linear', 'SEM')"
No fit for "PM41". defaulting to linear. check the measurement script "jan_unknown120_60.py"
set "PM41" to "linear"
set "Ar36" to "('Linear', 'SEM')"
set "Ar37" to "('linear', 'SEM')"
set "Ar38" to "('linear', 'SEM')"
set "Ar39" to "('Linear', 'SEM')"
set_baseline_fits () {}
using default fits file=/Users/jan/PychronDev/scripts/measurement/fits/nominal_linear.yaml
set "H1" to "('average', 'SEM')"
set "H2" to "('average', 'SEM')"
set "CDD" to "('average', 'SEM')"
set "L2" to "('average', 'SEM')"
set "L1" to "('average', 'SEM')"
set "AX" to "('average', 'SEM')"
multicollect () {'integration_time': 1, 'ncounts': 120}
build tables- signal [Detector(H2), Detector(H1), Detector(AX), Detector(L1), Detector(L2), Detector(CDD)]
add group /signal/PM41 (Group) '' table H2
add group /signal/Ar40 (Group) '' table H1
add group /signal/Ar39 (Group) '' table AX
add group /signal/Ar38 (Group) '' table L1
add group /signal/Ar37 (Group) '' table L2
add group /signal/Ar36 (Group) '' table CDD
flush and close file /Users/jan/PychronDev/data/isotopes/0f/de9b2f-fe78-46e6-aece-c76b9cc35e65.h5
measuring signal. ncounts=120
GetIndicatorState R ===>> False
change switch state (True, True)
update switch state R False args=() kw={} ncanvase=2
16:43:17 -- CLOSE  VALVE-R (Jan Inlet)
---------------------------------------- close None (Jan Inlet) result=[(True, True)]
action=close, ok=True, locked=[False]
is_closed ('F',) {}
is F () closed?
is closed True
open () {'description': 'CO2 Laser to Jan'}
opening name=--- desc=CO2 Laser to Jan
checking ownership. requestor=129.138.12.150
check software interlocks A
interlocks []
actuate state mode=None-script, software_lock=False
doing actuation None-script open_channel False
Open A ===>> OK
GetIndicatorState A ===>> OK
change switch state (True, True)
update switch state A True args=() kw={} ncanvase=2
16:43:17 -- OPEN   VALVE-A (CO2 Laser to Jan)
---------------------------------------- open None (CO2 Laser to Jan) result=[(True, True)], time=0.13 sec
starting measurement
GetData ===>> H2,0.0312136688017554,H1,1758.19740609615,AX,214.888223853712,L1,2.72322426386153,L2,0.4617180282...
action=open, ok=True, locked=[False]
sleep (1,) {}
SLEEP 1.0
"signal" increment series count="2" fit count="1" regressing="True"
GetData ===>> H2,0.0161809915791188,H1,1757.60655097521,AX,214.819502698653,L1,2.70097587697307,L2,0.5497386007...
close () {'description': 'CO2 Laser to Roughing'}
closing name=--- desc=CO2 Laser to Roughing
checking ownership. requestor=129.138.12.150
check software interlocks G
interlocks []
actuate state mode=None-script, software_lock=True
VALVE-G(CO2 Laser to Roughing) software locked
change switch state (True, False)
---------------------------------------- close None (CO2 Laser to Roughing) result=[(True, False)]
action=close, ok=True, locked=[True]
open () {'description': 'Microbone to Turbo'}
opening name=--- desc=Microbone to Turbo
checking ownership. requestor=129.138.12.150
check software interlocks U
interlocks []
actuate state mode=None-script, software_lock=False
doing actuation None-script open_channel True
Open U ===>> OK
GetIndicatorState U ===>> OK
change switch state (True, True)
update switch state U True args=() kw={} ncanvase=2
16:43:18 -- OPEN   VALVE-U (Microbone to Turbo)
---------------------------------------- open None (Microbone to Turbo) result=[(True, True)], time=0.24 sec
action=open, ok=True, locked=[False]
open () {'description': 'Microbone to Getter NP-10'}
opening name=--- desc=Microbone to Getter NP-10
checking ownership. requestor=129.138.12.150
check software interlocks M
interlocks []
actuate state mode=None-script, software_lock=False
doing actuation None-script open_channel False
Open M ===>> OK
GetIndicatorState M ===>> OK
change switch state (True, True)
update switch state M True args=() kw={} ncanvase=2
16:43:19 -- OPEN   VALVE-M (Microbone to Getter NP-10)
---------------------------------------- open None (Microbone to Getter NP-10) result=[(True, True)], time=0.15 sec
action=open, ok=True, locked=[False]
open () {'description': 'Microbone to Getter D-50'}
opening name=--- desc=Microbone to Getter D-50
checking ownership. requestor=129.138.12.150
check software interlocks K
interlocks []
actuate state mode=None-script, software_lock=False
doing actuation None-script open_channel False
GetData ===>> H2,-0.00687226905678424,H1,1757.29300039613,AX,214.368836319056,L1,2.7528446092471,L2,0.490021128...
Open K ===>> OK
GetIndicatorState K ===>> OK
change switch state (True, True)
update switch state K True args=() kw={} ncanvase=2
16:43:20 -- OPEN   VALVE-K (Microbone to Getter D-50)
---------------------------------------- open None (Microbone to Getter D-50) result=[(True, True)], time=0.44 sec
action=open, ok=True, locked=[False]
open () {'description': 'Microbone to CO2 Laser'}
opening name=--- desc=Microbone to CO2 Laser
checking ownership. requestor=129.138.12.150
check software interlocks T
interlocks []
actuate state mode=None-script, software_lock=False
doing actuation None-script open_channel False
Open T ===>> OK
GetIndicatorState T ===>> OK
change switch state (True, True)
update switch state T True args=() kw={} ncanvase=2
16:43:20 -- OPEN   VALVE-T (Microbone to CO2 Laser)
---------------------------------------- open None (Microbone to CO2 Laser) result=[(True, True)], time=0.42 sec
GetData ===>> H2,-0.111600998291561,H1,1756.26563567431,AX,214.25126535357,L1,2.79943147932664,L2,0.50126244980...
action=open, ok=True, locked=[False]
open () {'description': 'Microbone to Inlet Pipette'}
opening name=--- desc=Microbone to Inlet Pipette
checking ownership. requestor=129.138.12.150
check software interlocks S
interlocks []
actuate state mode=None-script, software_lock=False
doing actuation None-script open_channel False
Open S ===>> OK
GetIndicatorState S ===>> OK
change switch state (True, True)
update switch state S True args=() kw={} ncanvase=2
16:43:21 -- OPEN   VALVE-S (Microbone to Inlet Pipette)
---------------------------------------- open None (Microbone to Inlet Pipette) result=[(True, True)], time=0.43 sec
action=open, ok=True, locked=[False]
sleep (1,) {}
SLEEP 1.0
GetData ===>> H2,-0.123676654699178,H1,1755.50308201683,AX,214.33263656261,L1,2.77833929979172,L2,0.56355913409...
set_resource () {'name': 'CO2PumpTimeFlag', 'value': 30}
Set CO2PumpTimeFlag 30 ===>> OK
release ('JanCO2Flag',) {}
release JanCO2Flag
Set JanCO2Flag 0 ===>> OK
executed snippet estimated_duration=6.0, duration=6.04840493202
PumpMicrobone.py completed successfully
gosub finished
get_resource_value () {'name': 'JanMiniboneFlag'}
Read JanMiniboneFlag ===>> 0
Get Resource Value JanMiniboneFlag=0.0
get resource value 0.0
get_resource_value () {'name': 'JanMiniboneFlag'}
Read JanMiniboneFlag ===>> 0
Get Resource Value JanMiniboneFlag=0.0
executed snippet estimated_duration=4.0, duration=6.06377792358
jan_pump_extraction_line.py completed successfully
Post Equilibration Finished
16:43:22 -- ******* Post Equilibration Finished *******
GetData ===>> H2,-0.0275614643954916,H1,1754.63485576978,AX,214.252434881021,L1,2.7361610335355,L2,0.5057410667...
GetData ===>> H2,-0.00409386797869679,H1,1753.67967077156,AX,214.098646274428,L1,2.76075981431253,L2,0.47086593...
GetData ===>> H2,-0.0441014516840802,H1,1752.96567238857,AX,213.917246761618,L1,2.79416401352544,L2,0.458691758...
GetData ===>> H2,-0.0977631947075785,H1,1752.84025332305,AX,214.041145305799,L1,2.74780170120474,L2,0.429425651...
GetData ===>> H2,-0.0661421728179872,H1,1751.61120412867,AX,214.005330047287,L1,2.68610806719851,L2,0.429974153...
GetData ===>> H2,-0.0934888526746282,H1,1751.05986582943,AX,213.794601349737,L1,2.69601661372123,L2,0.558197582...
GetData ===>> H2,-0.130807623476268,H1,1750.66540269587,AX,213.661501131226,L1,2.70058803802652,L2,0.4919174379...
GetData ===>> H2,-0.144778124440992,H1,1750.16415257008,AX,213.480937622973,L1,2.67975059397933,L2,0.4263746693...
GetData ===>> H2,-0.132164330002688,H1,1749.0340864205,AX,213.156255626763,L1,2.73586941908229,L2,0.46491570008...
GetData ===>> H2,-0.0256402221697218,H1,1748.49396068424,AX,213.375825074264,L1,2.73300817631545,L2,0.487348081...
GetData ===>> H2,-0.0502379683948186,H1,1747.98186678234,AX,213.215144842935,L1,2.72292864068751,L2,0.505661089...
GetData ===>> H2,-0.141633761365569,H1,1747.39543625294,AX,213.377186768594,L1,2.69705182661009,L2,0.4336766205...
GetData ===>> H2,-0.0291237635420401,H1,1746.43444528262,AX,213.464062195723,L1,2.66528554001487,L2,0.482824633...
GetData ===>> H2,0.0188452866920956,H1,1745.87074925047,AX,213.287254425447,L1,2.69760824130295,L2,0.5325143049...
GetData ===>> H2,-0.10321078548631,H1,1745.25014998562,AX,213.316794636435,L1,2.73324249881238,L2,0.44057913283...
GetData ===>> H2,-0.0830854958779467,H1,1744.42197339627,AX,213.043049188166,L1,2.70875857312948,L2,0.433596627...
GetData ===>> H2,-0.12914266872018,H1,1743.62675396118,AX,213.063485069677,L1,2.7102743448753,L2,0.508300370385...
GetData ===>> H2,0.0012033543296574,H1,1742.61211611144,AX,212.987292251114,L1,2.68179683785072,L2,0.3614129391...
GetData ===>> H2,-0.123315586079449,H1,1741.7063514613,AX,212.833468406045,L1,2.67326893910048,L2,0.45408972769...
16:43:42 -- collecting point 25
GetData ===>> H2,-0.101003093139141,H1,1741.48913103583,AX,212.622650769432,L1,2.69175704071578,L2,0.4279515694...
GetData ===>> H2,0.033658301800266,H1,1740.90627393533,AX,212.551259045843,L1,2.70744860718071,L2,0.57263672980...
GetData ===>> H2,0.00150244268140927,H1,1740.02479801543,AX,212.647577828118,L1,2.67932235681455,L2,0.515932984...
GetData ===>> H2,-0.0198753814724664,H1,1739.34005063661,AX,212.582244833906,L1,2.67634825135843,L2,0.377766308...
GetData ===>> H2,-0.145006452052542,H1,1739.24641668965,AX,212.307958238954,L1,2.70371425859852,L2,0.4883533212...
GetData ===>> H2,-0.150717199743879,H1,1738.60139540295,AX,212.358511494747,L1,2.68558573694182,L2,0.5189267810...
GetData ===>> H2,-0.171445755275581,H1,1737.44556347126,AX,212.349510931996,L1,2.66857605975867,L2,0.4724649126...
GetData ===>> H2,-0.0892278089424059,H1,1737.10056319247,AX,212.077136625635,L1,2.70526203402511,L2,0.506003849...
GetData ===>> H2,-0.131915454812899,H1,1736.18056276716,AX,211.889631709535,L1,2.66243751307209,L2,0.5651024934...
GetData ===>> H2,-0.109417214758397,H1,1735.04489307561,AX,212.145354657075,L1,2.65530290578404,L2,0.5132020844...
GetData ===>> H2,-0.19532870507654,H1,1734.21465068284,AX,212.016743735803,L1,2.68680590507677,L2,0.52177211658...
GetData ===>> H2,-0.195369171761707,H1,1734.42384145201,AX,211.980236599762,L1,2.69069308496664,L2,0.4485059223...
GetData ===>> H2,-0.0705013992992617,H1,1733.82592219384,AX,211.598780396865,L1,2.67195104092981,L2,0.548755578...
GetData ===>> H2,-0.0768975136518597,H1,1732.54812743569,AX,211.762798354552,L1,2.63919306056986,L2,0.539268786...
GetData ===>> H2,-0.076988318547501,H1,1732.2262330628,AX,211.528837098279,L1,2.67263442685014,L2,0.45241112625...
GetData ===>> H2,-0.0699670973104633,H1,1731.42960029734,AX,211.57093576915,L1,2.6972586083669,L2,0.40607154069...
GetData ===>> H2,-0.0533550198983717,H1,1730.5305360898,AX,211.30634975281,L1,2.69992806167495,L2,0.53755440584...
GetData ===>> H2,-0.0324717965442996,H1,1729.7879882375,AX,211.026212598045,L1,2.69289929898557,L2,0.4830873528...
GetData ===>> H2,-0.0927803701084595,H1,1729.40652999296,AX,211.359406572057,L1,2.65283202905122,L2,0.490032552...
GetData ===>> H2,-0.0718736538940338,H1,1728.55612942816,AX,211.365383288849,L1,2.67120807156954,L2,0.417884993...
GetData ===>> H2,0.0171665858138446,H1,1728.24158088915,AX,211.160915637917,L1,2.71060803232959,L2,0.4433106490...
GetData ===>> H2,0.0159686371074765,H1,1727.49613657328,AX,211.048773068203,L1,2.70149301605703,L2,0.4670627681...
GetData ===>> H2,-0.0236398296507973,H1,1727.01635244505,AX,210.913592865641,L1,2.66748726968309,L2,0.542103295...
GetData ===>> H2,-0.0411435848773291,H1,1725.37505091951,AX,210.782648920016,L1,2.62140455231687,L2,0.378828460...
GetData ===>> H2,0.031445171517707,H1,1725.23929448242,AX,210.653216059506,L1,2.64640116075345,L2,0.44041913519...
16:44:09 -- collecting point 50
GetData ===>> H2,-0.0558567286422955,H1,1725.01000660039,AX,210.786877178154,L1,2.62932412998024,L2,0.480380232...
GetData ===>> H2,-0.078699922974231,H1,1724.08928258105,AX,210.551179164771,L1,2.62234571409221,L2,0.4811112614...
GetData ===>> H2,-0.0784668455176037,H1,1723.25447464815,AX,210.576798273592,L1,2.65237456834107,L2,0.425929028...
GetData ===>> H2,-0.132492999198565,H1,1723.00494742756,AX,210.744236214745,L1,2.68996779485004,L2,0.4926714026...
GetData ===>> H2,-0.123483274806869,H1,1721.71791272505,AX,210.520252209776,L1,2.6948046768949,L2,0.52258345263...
GetData ===>> H2,-0.141683764505257,H1,1720.91093727883,AX,210.118543267032,L1,2.6747949021382,L2,0.41515428838...
GetData ===>> H2,-0.0845402057935996,H1,1720.35022715048,AX,210.242916334692,L1,2.65408640721816,L2,0.478838235...
GetData ===>> H2,-0.0890299601634588,H1,1719.81331249918,AX,210.327388887062,L1,2.66381659759066,L2,0.413143442...
GetData ===>> H2,-0.182842540453378,H1,1719.12134262135,AX,210.159540291099,L1,2.64150431417795,L2,0.5170413641...
GetData ===>> H2,-0.10805645839642,H1,1718.65844991888,AX,210.054763679662,L1,2.60144632966049,L2,0.52088079756...
GetData ===>> H2,-0.180704021435834,H1,1717.74427500262,AX,209.915436844021,L1,2.65371849628321,L2,0.5425604824...
GetData ===>> H2,-0.169018337229777,H1,1717.48314124318,AX,209.871073774055,L1,2.63476458141003,L2,0.4312082931...
GetData ===>> H2,-0.143260777441741,H1,1716.25181763,AX,210.048131177519,L1,2.62922506732131,L2,0.4736870044496...
GetData ===>> H2,-0.040684911064547,H1,1715.59524425764,AX,209.56610665971,L1,2.60813870998793,L2,0.45711585216...
GetData ===>> H2,-0.0884634973576841,H1,1714.63479036916,AX,209.450780223543,L1,2.61233595937532,L2,0.391963570...
GetData ===>> H2,-0.0558865721748546,H1,1714.02828798198,AX,209.428892974722,L1,2.62089603187228,L2,0.512025193...
GetData ===>> H2,-0.0291414230910909,H1,1714.59393466612,AX,209.209542501593,L1,2.62677591542317,L2,0.521337883...
GetData ===>> H2,-0.139131971546557,H1,1713.41539475261,AX,209.640591941281,L1,2.64868943044795,L2,0.5312571781...
GetData ===>> H2,-0.096579650028603,H1,1712.08699468177,AX,209.499547471145,L1,2.65235827927749,L2,0.5108140386...
GetData ===>> H2,-0.0931948987291664,H1,1711.38843870912,AX,209.310318600908,L1,2.63496127570832,L2,0.409373219...
GetData ===>> H2,0.0275919428283741,H1,1710.96678963887,AX,209.352669158528,L1,2.64375358837081,L2,0.4209699838...
GetData ===>> H2,-0.0444494158002858,H1,1710.32541892727,AX,209.034740532695,L1,2.5933036904533,L2,0.4274030795...
GetData ===>> H2,-0.110490881823998,H1,1709.49910628876,AX,208.852976904005,L1,2.6527709427309,L2,0.51099685342...
GetData ===>> H2,-0.0580093318624492,H1,1709.2980278561,AX,209.038696561529,L1,2.69556501279683,L2,0.4651783707...
GetData ===>> H2,-0.0975966392362256,H1,1708.88336165788,AX,209.138299016241,L1,2.67754024714949,L2,0.477650343...
16:44:35 -- collecting point 75
GetData ===>> H2,-0.114980770146375,H1,1707.88120622146,AX,208.857665055568,L1,2.65709802138751,L2,0.4576639905...
GetData ===>> H2,-0.136889217683649,H1,1707.31867482669,AX,208.900103793324,L1,2.63182269382687,L2,0.5717106385...
GetData ===>> H2,-0.0872757482751214,H1,1705.84869242549,AX,208.605685512075,L1,2.65260397512592,L2,0.457778186...
GetData ===>> H2,-0.0627729098139273,H1,1705.13839246133,AX,209.0812020332,L1,2.62105061968366,L2,0.43214533590...
GetData ===>> H2,0.00208568751044427,H1,1704.6889364094,AX,208.654721050039,L1,2.68024274669724,L2,0.3373105111...
GetData ===>> H2,0.0682915259551418,H1,1703.7339859571,AX,208.475483220774,L1,2.67186545074739,L2,0.52014946506...
GetData ===>> H2,-0.00318118629375632,H1,1703.31748406677,AX,208.202322654907,L1,2.60765338676525,L2,0.43747065...
GetData ===>> H2,-0.117858941627259,H1,1703.11926343652,AX,208.401341458789,L1,2.62712595583167,L2,0.4885475165...
GetData ===>> H2,-0.13258361824905,H1,1702.74834685892,AX,208.433363702277,L1,2.64675964861341,L2,0.55506538606...
GetData ===>> H2,-0.124056643351975,H1,1701.19595917597,AX,208.366634420382,L1,2.65748233779126,L2,0.3365912992...
GetData ===>> H2,-0.0616232164109314,H1,1700.79795478693,AX,208.035450034604,L1,2.6174170055578,L2,0.4239179563...
GetData ===>> H2,-0.0437188717931572,H1,1700.12915206644,AX,208.108684996694,L1,2.6100422445134,L2,0.4751603881...
GetData ===>> H2,-0.114872503103566,H1,1699.08942939124,AX,207.97879582708,L1,2.64258206425649,L2,0.50143382160...
GetData ===>> H2,-0.10679009832933,H1,1698.19412358908,AX,207.657178790916,L1,2.64619612163157,L2,0.35982571453...
GetData ===>> H2,-0.141359415892759,H1,1698.35479930642,AX,207.923531773531,L1,2.61299451060856,L2,0.5276001758...
GetData ===>> H2,-0.0938505275126911,H1,1697.76744180474,AX,207.707583080798,L1,2.58847291998098,L2,0.472510598...
GetData ===>> H2,-0.107919817363521,H1,1696.71327238519,AX,207.728472669718,L1,2.61959974654374,L2,0.3688355612...
GetData ===>> H2,-0.185458135309849,H1,1696.09409246126,AX,207.465520641532,L1,2.61299586569155,L2,0.5199323518...
GetData ===>> H2,-0.196244565622298,H1,1695.83944757658,AX,207.267665152663,L1,2.62913007654014,L2,0.4956416244...
GetData ===>> H2,-0.232386088202901,H1,1695.2489580085,AX,207.42104765676,L1,2.62898623486598,L2,0.443630350068...
GetData ===>> H2,-0.138744016308685,H1,1694.09443218431,AX,207.22426911331,L1,2.6347021825494,L2,0.530422912261...
GetData ===>> H2,-0.0893280871456413,H1,1693.691870909,AX,206.937011411529,L1,2.59847681425013,L2,0.50918014677...
GetData ===>> H2,-0.0781063791153506,H1,1693.28751295717,AX,207.113204921827,L1,2.56253325702591,L2,0.536845804...
GetData ===>> H2,-0.0206291833808127,H1,1692.33063212714,AX,206.88263962709,L1,2.59305998876117,L2,0.4804830327...
GetData ===>> H2,-0.0525354686614241,H1,1691.77820076831,AX,206.90711946669,L1,2.59713184646524,L2,0.5088030987...
16:45:01 -- collecting point 100
GetData ===>> H2,-0.129437323356033,H1,1690.87530232291,AX,206.840171912945,L1,2.59437197785279,L2,0.4949333324...
GetData ===>> H2,-0.10278985456271,H1,1690.60467134508,AX,207.08023611365,L1,2.65322298925485,L2,0.498440571525...
GetData ===>> H2,-0.0441977729651601,H1,1690.00918938042,AX,207.176428228077,L1,2.64871251919017,L2,0.467291182...
GetData ===>> H2,-0.0351305070209061,H1,1689.41101926628,AX,206.730834935113,L1,2.666548084852,L2,0.48356710369...
set states for children of V. state=True
handle state [('V', True)]
update switch state V True args=() kw={'refresh': False} ncanvase=2
refresh_canvas_needed fired
GetData ===>> H2,0.0465184111589447,H1,1688.51653743884,AX,206.652317853676,L1,2.60307637055309,L2,0.4998000895...
GetData ===>> H2,-0.0492933211201647,H1,1687.95078695896,AX,206.623202795263,L1,2.62252744593581,L2,0.387463164...
GetData ===>> H2,-0.0204607707008071,H1,1687.60354674811,AX,206.626455824719,L1,2.62869177220141,L2,0.432613860...
GetData ===>> H2,-0.0652061348725071,H1,1686.30579624066,AX,206.571831058844,L1,2.58651446256928,L2,0.481853718...
GetData ===>> H2,-0.00111975148072936,H1,1685.78554123051,AX,206.477110051511,L1,2.60940227428466,L2,0.44848308...
GetData ===>> H2,0.0222036867629023,H1,1684.7397393963,AX,206.380489442586,L1,2.59865290438965,L2,0.39301445679...
GetData ===>> H2,-0.0796281201088299,H1,1684.29089714824,AX,206.080581708226,L1,2.60989580747078,L2,0.392192022...
GetData ===>> H2,-0.029926566160177,H1,1683.76140887767,AX,205.902336137355,L1,2.5927648459298,L2,0.44601672331...
GetData ===>> H2,-0.093582320308587,H1,1683.14680979228,AX,206.074008448512,L1,2.56833332807275,L2,0.4911292084...
GetData ===>> H2,-0.168255866796456,H1,1682.1517070167,AX,206.073482940243,L1,2.5874543716533,L2,0.618998451099...
GetData ===>> H2,-0.0946822005203589,H1,1681.1865999484,AX,205.87276318675,L1,2.53613770826136,L2,0.52700592615...
GetData ===>> H2,-0.00436044974794634,H1,1680.81522513455,AX,205.892885301435,L1,2.55877500811615,L2,0.45227409...
GetData ===>> H2,-0.0077996121075645,H1,1680.07883778018,AX,205.874314990658,L1,2.60961243002916,L2,0.416308258...
GetData ===>> H2,-0.0715428092324097,H1,1679.70076500299,AX,205.788912035859,L1,2.61496090583541,L2,0.450960929...
GetData ===>> H2,-0.0646097378616169,H1,1679.74031613851,AX,205.812419277764,L1,2.62340088423767,L2,0.361013275...
GetData ===>> H2,0.0866150685623302,H1,1678.83385770305,AX,205.69752030286,L1,2.61891640869462,L2,0.41598834483...
GetData ===>> H2,0.0677256384654797,H1,1678.49047644592,AX,205.505261542046,L1,2.61289287984427,L2,0.4238036921...
measurement finished
estimated time: 125.829 actual time: :126.157
flush and close file /Users/jan/PychronDev/data/isotopes/0f/de9b2f-fe78-46e6-aece-c76b9cc35e65.h5
baselines () {'settling_time': 15.0, 'detector': 'H1', 'mass': 34.2, 'ncounts': 60}
%%%%%%%%%%%%%%%%%%%%%%%%%%%%%%%% Baseline
build tables- baseline [Detector(H2), Detector(H1), Detector(AX), Detector(L1), Detector(L2), Detector(CDD)]
add group baseline table H2
add group baseline table H1
add group baseline table AX
add group baseline table L1
add group baseline table L2
add group baseline table CDD
flush and close file /Users/jan/PychronDev/data/isotopes/0f/de9b2f-fe78-46e6-aece-c76b9cc35e65.h5
detector Detector(H1)
POSITION 34.2 H1
Mapping mass to dac mass func: "parabolic"
H1 map mass coeffs = [-0.00063987  0.15840543  0.57103999]
H1 map mass to dac 34.2 >> 5.24008599104
GetDeflection H1 ===>> 0
GetHighVoltage ===>> 4500
positioning 34.2 (5.24008599104) on H1
setting magnet DAC
current  : 5.879430
requested: 5.240086
Delta Dac: 0.639344
Checking detector protection. dv=0.63934
Checking detector "CDD". Protection Threshold: 0.1 (V)
ProtectDetector CDD,On ===>> OK
GetDeflection CDD ===>> 2000
Protected = 2000
SetMagnetDAC 5.24008599104 ===>> OK
Magnet settling time: 0.500
GetMagnetMoving ===>> True
GetMagnetMoving ===>> True
GetMagnetMoving ===>> True
GetMagnetMoving ===>> True
GetMagnetMoving ===>> True
GetMagnetMoving ===>> True
GetMagnetMoving ===>> True
GetMagnetMoving ===>> True
GetMagnetMoving ===>> False
ProtectDetector CDD,Off ===>> OK
GetDeflection CDD ===>> 50
Delaying 15.0s for detectors to settle
Join finished
measuring baseline. ncounts=60
"baseline" increment series count="2" fit count="1" regressing="True"
starting measurement
GetData ===>> H2,-0.104388226463748,H1,-0.0978287842447355,AX,-0.076534645618003,L1,-0.0340512441873835,L2,-0.1...
GetData ===>> H2,-0.275751351468543,H1,-0.121978631443187,AX,-0.136274996393547,L1,-0.0239423260493637,L2,-0.06...
GetData ===>> H2,-0.273070086471268,H1,-0.101034386590348,AX,-0.0509832705139542,L1,-0.0779313931279702,L2,-0.0...
GetData ===>> H2,-0.255065731373001,H1,-0.106349025141949,AX,-0.0302729237121391,L1,-0.0412996498942566,L2,0.05...
GetData ===>> H2,-0.192950849078206,H1,-0.0150314722347165,AX,-0.0487802516137621,L1,-0.0366950544401566,L2,-0....
GetData ===>> H2,-0.225532747727802,H1,0.011688108087138,AX,-0.109982429154408,L1,-0.0484586947817132,L2,-0.025...
GetData ===>> H2,-0.138621003340796,H1,-0.0548351884982921,AX,-0.135161815544886,L1,-0.041201446930954,L2,0.021...
GetData ===>> H2,-0.125247913221114,H1,-0.0302489021493322,AX,-0.22503333883637,L1,-0.00451878556729766,L2,-0.0...
GetData ===>> H2,-0.199807488573679,H1,-0.00304432837256989,AX,-0.0605948063439911,L1,-0.00910389449570572,L2,-...
GetData ===>> H2,-0.267314498042026,H1,0.0521269636628354,AX,-0.0955547020317453,L1,-0.0186484309954556,L2,-0.0...
GetData ===>> H2,-0.236300224760481,H1,0.00233544366061729,AX,-6.91998446182041E-05,L1,-0.0535985672465836,L2,-...
GetData ===>> H2,-0.207857018165283,H1,0.0710137481477748,AX,0.0490492580965316,L1,-0.058864529222614,L2,-0.025...
GetData ===>> H2,-0.198030213059784,H1,-0.0365570172120354,AX,-0.200852459747792,L1,-0.0430348098239736,L2,-0.0...
GetData ===>> H2,-0.160762033686314,H1,-0.00504824936664579,AX,-0.0878590393061395,L1,-0.0261472936168046,L2,-0...
GetData ===>> H2,-0.102776319547537,H1,0.0143365978400257,AX,-0.138686844530391,L1,-0.052988524423936,L2,0.0104...
GetData ===>> H2,-0.223310678588245,H1,-0.0286390170442406,AX,-0.168505333493896,L1,-0.0646727036268512,L2,0.00...
GetData ===>> H2,-0.170455420737142,H1,-0.0224854397667283,AX,-0.195417596540656,L1,-0.0587233206366776,L2,-0.0...
GetData ===>> H2,-0.192415723425956,H1,-0.0185975195617914,AX,-0.114281362186341,L1,-0.0374570426271022,L2,-0.0...
GetData ===>> H2,-0.249259374660228,H1,0.0895360568509808,AX,0.00440880118764386,L1,-0.0382369424134418,L2,0.02...
GetData ===>> H2,-0.256871036611656,H1,0.037424374615669,AX,-0.136750413498817,L1,-0.0344087432495609,L2,-0.020...
GetData ===>> H2,-0.220642271625147,H1,-0.0758038768583045,AX,-0.113145813432747,L1,-0.0428863330496552,L2,-0.1...
GetData ===>> H2,-0.176146346737145,H1,-0.082252146575512,AX,-0.116726223185187,L1,-0.00544245179785612,L2,-0.0...
GetData ===>> H2,-0.272677783820267,H1,-0.0955526250576931,AX,-0.0744944919085457,L1,-0.0203642170644446,L2,0.0...
GetData ===>> H2,-0.285379235675044,H1,0.0375198390090372,AX,0.0697394691315014,L1,-0.0302204186457937,L2,0.012...
16:46:07 -- collecting point 25
GetData ===>> H2,-0.257688235459465,H1,-0.00590706036900353,AX,-0.0356422665908893,L1,-0.0508363323543928,L2,0....
GetData ===>> H2,-0.239039228308086,H1,-0.0335759159758585,AX,-0.163277324687982,L1,-0.0321749327769685,L2,-0.0...
GetData ===>> H2,-0.175587476837272,H1,-0.00472619334106457,AX,-0.0439566255663533,L1,-0.019604079605106,L2,0.0...
GetData ===>> H2,-0.173198192364494,H1,0.0246449006984452,AX,-0.151765441045528,L1,-0.0159992390394714,L2,-0.08...
GetData ===>> H2,-0.217829053565237,H1,-0.03832178730081,AX,-0.0258774959794067,L1,-0.0191844207546204,L2,0.010...
GetData ===>> H2,-0.291995711055363,H1,-0.00761273259330935,AX,-0.0103005431085031,L1,-0.0155770308421457,L2,-0...
GetData ===>> H2,-0.384799223941666,H1,0.00631976274123605,AX,0.0281247588811424,L1,-0.0587723848620055,L2,0.02...
GetData ===>> H2,-0.260099403515963,H1,0.0661393945311285,AX,-0.164784318360567,L1,-0.0635137297851554,L2,-0.05...
GetData ===>> H2,-0.354285909514165,H1,0.0704127406314871,AX,-0.0495107318283573,L1,-0.0238608288545127,L2,-0.0...
GetData ===>> H2,-0.25855510046963,H1,-0.00749345576058751,AX,-0.121013271862032,L1,0.0188494094932066,L2,-0.07...
set states for children of B. state=False
set states for children of D. state=False
handle state [('B', False), ('D', False)]
update switch state B False args=() kw={'refresh': True} ncanvase=2
update switch state D False args=() kw={'refresh': False} ncanvase=2
refresh_canvas_needed fired
GetData ===>> H2,-0.24759679204749,H1,0.0568174483288388,AX,-0.0934106403042878,L1,-0.00411330531442937,L2,-0.1...
GetData ===>> H2,-0.173470679393896,H1,0.0134656903241438,AX,-0.159382217485172,L1,0.0181443122206394,L2,-0.066...
GetData ===>> H2,-0.159425015799138,H1,0.0156370080967029,AX,-0.126539809902828,L1,-0.0157341615307172,L2,-0.07...
GetData ===>> H2,-0.187607893310029,H1,-0.0374155578989786,AX,-0.0787022620650323,L1,-0.019773137224088,L2,0.01...
GetData ===>> H2,-0.156041250753796,H1,0.0666287908431819,AX,-0.0192317889812191,L1,-0.0484826295188727,L2,-0.0...
GetData ===>> H2,-0.122758408969823,H1,-0.00495282546710814,AX,-0.076175303466045,L1,-0.0376666990544917,L2,-0....
GetData ===>> H2,-0.171710189633988,H1,-0.00408207818136646,AX,-0.0555746654081947,L1,-0.0238260724970269,L2,-0...
GetData ===>> H2,-0.0879092037984711,H1,-0.0304993263938734,AX,0.00214657284612548,L1,-0.0171494266128415,L2,0....
GetData ===>> H2,-0.0940672559834965,H1,0.0437371536342603,AX,-0.0994370719446195,L1,0.000417667442260031,L2,-0...
GetData ===>> H2,-0.108377084861534,H1,0.0223182812630231,AX,-0.0980811573712883,L1,0.015691870798968,L2,-0.074...
GetData ===>> H2,-0.140298460852108,H1,0.0335104128576848,AX,0.0743788070288488,L1,-0.015827719095894,L2,-0.069...
GetData ===>> H2,-0.07632285093521,H1,0.0429137251022784,AX,-0.0239058675982972,L1,0.0017847992229361,L2,-0.027...
GetData ===>> H2,-0.0355921197962328,H1,0.15969665093929,AX,-0.00617101471805217,L1,0.00360112698901364,L2,0.00...
GetData ===>> H2,-0.194663889748388,H1,0.101834472260198,AX,-0.0785399822920755,L1,0.00349427511148456,L2,0.070...
GetData ===>> H2,-0.218494696165811,H1,0.0490239648019532,AX,-0.0759434691153604,L1,-0.0109119376462564,L2,-0.0...
16:46:33 -- collecting point 50
GetData ===>> H2,-0.254265820271107,H1,0.0770006232454491,AX,-0.211373677067228,L1,-0.00984969170089738,L2,-0.0...
GetData ===>> H2,-0.278418550593788,H1,-0.0524865171461329,AX,-0.18815132408954,L1,-0.0372857201282508,L2,6.838...
GetData ===>> H2,-0.217260396654756,H1,-0.0781043239015176,AX,-0.0733816627644903,L1,-0.0297700600648388,L2,-0....
GetData ===>> H2,-0.146649194486978,H1,0.0166630317808504,AX,-0.0272460145490636,L1,0.0129795075467078,L2,-0.03...
GetData ===>> H2,-0.171761456805355,H1,0.0104473982503574,AX,-0.170197710722031,L1,-0.0165833444673867,L2,0.046...
GetData ===>> H2,-0.210657913466654,H1,-0.0485878394554494,AX,-0.0858538946909246,L1,-0.0248759012156782,L2,-0....
GetData ===>> H2,-0.108673351904366,H1,0.0135969224787093,AX,-0.0596325361126273,L1,-0.016092794140038,L2,-0.04...
GetData ===>> H2,-0.118360889298484,H1,0.0332598290544663,AX,0.0341823044641776,L1,-0.0334837178809525,L2,-0.15...
GetData ===>> H2,-0.188697451616574,H1,0.0459926664672984,AX,-0.180177500819981,L1,-0.0255361825508876,L2,0.020...
GetData ===>> H2,-0.244348938198771,H1,0.0347394758319688,AX,-0.267564115029808,L1,0.00896093310325547,L2,-0.05...
GetData ===>> H2,-0.256030926764845,H1,0.0536665641757363,AX,-0.0685592560671858,L1,-0.0111840751699627,L2,0.07...
measurement finished
estimated time: 62.915 actual time: :63.099
flush and close file /Users/jan/PychronDev/data/isotopes/0f/de9b2f-fe78-46e6-aece-c76b9cc35e65.h5
activate_detectors ('H1', 'AX', 'CDD') {'peak_center': True}
peak_center () {'detector': 'H1', 'integration_time': 0.262144, 'isotope': 'Ar40'}
peak center: mean=1680.79060038 threshold=3
peak center started
setup peak center. detector=['H1', 'AX', 'CDD'], isotope=Ar40
VersionedUnpickler [<apptools.sweet_pickle.versioned_unpickler.VersionedUnpickler object at 0x19e3b0890>] using Updater [<apptools.sweet_pickle.updater.Updater object at 0x134a15590>]
VersionedUnpickler [<apptools.sweet_pickle.versioned_unpickler.VersionedUnpickler object at 0x19e3b0890>] using Updater [<apptools.sweet_pickle.updater.Updater object at 0x134a15590>]
VersionedUnpickler [<apptools.sweet_pickle.versioned_unpickler.VersionedUnpickler object at 0x19fe4a890>] using Updater [<apptools.sweet_pickle.updater.Updater object at 0x134a15590>]
setting integration time = 0.524288
SetIntegrationTime 0.524288 ===>> OK
Mapping mass to dac mass func: "parabolic"
H1 map mass coeffs = [-0.00063987  0.15840543  0.57103999]
H1 map mass to dac 39.9624 >> 5.87943
GetDeflection H1 ===>> 0
GetHighVoltage ===>> 4500
do peak center. <pychron.spectrometer.jobs.peak_center.PeakCenter object at 0x134a156b0>
doing pc
starting peak center. center dac= 5.87943 step_width=0.001
width = 0.001
get scan parameters. half-width=0.015,window=0.015, i=0, scalar=1
Scan parameters center=5.87943 width=0.03000 (5.86443 - 5.89443)
GetData ===>> H2,-0.102987463948046,H1,0.0358611581225301,AX,-0.0846484699476221,L1,0.0311443319984858,L2,-0.03...
Moving to starting dac 5.86443
setting magnet DAC
current  : 5.240086
requested: 5.864430
Delta Dac: 0.624344
Checking detector protection. dv=0.62434
Checking detector "CDD". Protection Threshold: 0.1 (V)
ProtectDetector CDD,On ===>> OK
GetDeflection CDD ===>> 2000
Protected = 2000
SetMagnetDAC 5.86443 ===>> OK
Magnet settling time: 0.500
GetMagnetMoving ===>> True
GetMagnetMoving ===>> True
GetMagnetMoving ===>> True
GetMagnetMoving ===>> True
GetMagnetMoving ===>> True
GetMagnetMoving ===>> True
GetMagnetMoving ===>> True
GetMagnetMoving ===>> True
GetMagnetMoving ===>> True
GetMagnetMoving ===>> False
ProtectDetector CDD,Off ===>> OK
GetDeflection CDD ===>> 50
Wait until signal near baseline. tol= 0.0268958685919. timeout= 10
GetData ===>> H2,78.8510469669701,H1,26.3556121441341,AX,1.1555874856175,L1,0.00934952720640385,L2,-0.223914943...
GetData ===>> H2,112.642744449877,H1,55.8722489559554,AX,5.29655403751319,L1,0.00864698239086035,L2,-0.22402876...
GetData ===>> H2,64.2020300428949,H1,26.7590655961764,AX,2.29017663210986,L1,0.0244552929783769,L2,-0.167831619...
GetData ===>> H2,27.5407315607428,H1,13.5539065276743,AX,1.14060135159951,L1,0.0263550141575793,L2,-0.032128112...
GetData ===>> H2,9.53928844457793,H1,7.22477753787934,AX,0.399769393134691,L1,0.00530517043221173,L2,0.00163971...
GetData ===>> H2,2.818589202888,H1,4.37936819928966,AX,0.369034115283333,L1,-0.0011748850586344,L2,-0.051044723...
GetData ===>> H2,0.934119017718148,H1,2.80030064420698,AX,0.170905715789436,L1,-0.0160321645134275,L2,-0.057326...
GetData ===>> H2,0.934119017718148,H1,2.80030064420698,AX,0.170905715789436,L1,-0.0160321645134275,L2,-0.057326...
GetData ===>> H2,0.549029672838066,H1,2.02615386849161,AX,0.130734696350449,L1,-0.0140284908559357,L2,-0.050498...
GetData ===>> H2,0.489007942274067,H1,1.74919072672182,AX,0.16306503570393,L1,-0.00512217713109211,L2,0.0136651...
GetData ===>> H2,0.496763623347041,H1,1.51950145444675,AX,0.124960894221654,L1,-0.00127088620322938,L2,-0.18532...
GetData ===>> H2,0.551080748514055,H1,1.47590677016536,AX,0.0955175081931894,L1,0.0279932406552337,L2,-0.051750...
GetData ===>> H2,0.573320575392033,H1,1.34372396320115,AX,0.0418069924155855,L1,0.0387395877194523,L2,-0.029373...
GetData ===>> H2,0.470707746153891,H1,1.43463656154819,AX,0.0132842047148869,L1,0.00987227151797685,L2,0.032457...
GetData ===>> H2,0.373242016654684,H1,1.37756354075373,AX,0.0282988210233862,L1,-0.0458099638238853,L2,-0.10488...
GetData ===>> H2,0.301917874947938,H1,1.29562412400646,AX,0.04893319189905,L1,-0.0622273008549642,L2,0.07347297...
GetData ===>> H2,0.252642322696094,H1,1.3076649216081,AX,0.0219631595473463,L1,-0.0512885821869206,L2,0.0103625...
GetData ===>> H2,0.141326405141902,H1,1.35855437937396,AX,-0.0205192126860565,L1,-0.0156918557277039,L2,-0.0211...
GetData ===>> H2,0.0434318397561855,H1,1.27406461785509,AX,-0.00683221503248829,L1,-0.0114394221902312,L2,-0.05...
GetData ===>> H2,0.0835534993151128,H1,1.27425645073485,AX,-0.116853678708559,L1,-0.0260469456661321,L2,-0.0381...
GetData ===>> H2,0.183616415829551,H1,1.25042401220508,AX,-0.037868775453218,L1,-0.0373695846533762,L2,-0.16988...
Peak center failed to move to a baseline position
_do_sweep sm= 5.86443, em= 5.89443, stm= 0.001
calculated step values: start=5.86443, end=5.89443, width=0.001, nsteps=31.0
setting magnet DAC
current  : 5.864430
requested: 5.864430
Delta Dac: 0.000000
Checking detector protection. dv=0.00000
Checking detector "CDD". Protection Threshold: 0.1 (V)
SetMagnetDAC 5.86443 ===>> OK
GetData ===>> H2,0.183616415829551,H1,1.25042401220508,AX,-0.037868775453218,L1,-0.0373695846533762,L2,-0.16988...
setting magnet DAC
current  : 5.864430
requested: 5.865464
Delta Dac: 0.001034
Checking detector protection. dv=0.00103
Checking detector "CDD". Protection Threshold: 0.1 (V)
SetMagnetDAC 5.86546448276 ===>> OK
Magnet settling time: 1.049
GetData ===>> H2,0.00452095468192855,H1,2.61788671720355,AX,0.199977412059322,L1,-0.0392791103336697,L2,-0.0193...
setting magnet DAC
current  : 5.865464
requested: 5.866499
Delta Dac: 0.001034
Checking detector protection. dv=0.00103
Checking detector "CDD". Protection Threshold: 0.1 (V)
SetMagnetDAC 5.86649896552 ===>> OK
Magnet settling time: 1.049
GetData ===>> H2,0.104679142950803,H1,8.28733055937827,AX,0.649755838505519,L1,0.0607389804577657,L2,0.11206603...
setting magnet DAC
current  : 5.866499
requested: 5.867533
Delta Dac: 0.001034
Checking detector protection. dv=0.00103
Checking detector "CDD". Protection Threshold: 0.1 (V)
SetMagnetDAC 5.86753344828 ===>> OK
Magnet settling time: 1.049
GetData ===>> H2,0.0148579242097507,H1,29.7676333904041,AX,2.53179778040967,L1,0.0946263030683148,L2,0.02418859...
setting magnet DAC
current  : 5.867533
requested: 5.868568
Delta Dac: 0.001034
Checking detector protection. dv=0.00103
Checking detector "CDD". Protection Threshold: 0.1 (V)
SetMagnetDAC 5.86856793103 ===>> OK
Magnet settling time: 1.049
GetData ===>> H2,0.0138589193469835,H1,101.697400863976,AX,8.10178855381913,L1,0.0696572788162942,L2,-0.0333574...
setting magnet DAC
current  : 5.868568
requested: 5.869602
Delta Dac: 0.001034
Checking detector protection. dv=0.00103
Checking detector "CDD". Protection Threshold: 0.1 (V)
SetMagnetDAC 5.86960241379 ===>> OK
Magnet settling time: 1.049
GetData ===>> H2,-0.102516372351073,H1,282.534197342388,AX,23.7885319568088,L1,0.104550436740668,L2,-0.12213000...
setting magnet DAC
current  : 5.869602
requested: 5.870637
Delta Dac: 0.001034
Checking detector protection. dv=0.00103
Checking detector "CDD". Protection Threshold: 0.1 (V)
SetMagnetDAC 5.87063689655 ===>> OK
Magnet settling time: 1.049
set states for children of C. state=False
handle state [('C', False)]
update switch state C False args=() kw={'refresh': False} ncanvase=2
refresh_canvas_needed fired
GetData ===>> H2,-0.212808971900272,H1,809.433378548151,AX,77.2056664612238,L1,0.493174578686134,L2,-0.00173077...
setting magnet DAC
current  : 5.870637
requested: 5.871671
Delta Dac: 0.001034
Checking detector protection. dv=0.00103
Checking detector "CDD". Protection Threshold: 0.1 (V)
SetMagnetDAC 5.87167137931 ===>> OK
Magnet settling time: 1.049
GetData ===>> H2,-0.00170826904195629,H1,1201.79859170843,AX,126.93212728134,L1,0.933213854038592,L2,0.07499998...
setting magnet DAC
current  : 5.871671
requested: 5.872706
Delta Dac: 0.001034
Checking detector protection. dv=0.00103
Checking detector "CDD". Protection Threshold: 0.1 (V)
SetMagnetDAC 5.87270586207 ===>> OK
Magnet settling time: 1.049
set states for children of B. state=True
handle state [('B', True)]
update switch state B True args=() kw={'refresh': False} ncanvase=2
refresh_canvas_needed fired
GetData ===>> H2,-0.0294443480186283,H1,1449.47289036756,AX,165.411263125605,L1,1.45782415136309,L2,0.137696962...
setting magnet DAC
current  : 5.872706
requested: 5.873740
Delta Dac: 0.001034
Checking detector protection. dv=0.00103
Checking detector "CDD". Protection Threshold: 0.1 (V)
SetMagnetDAC 5.87374034483 ===>> OK
Magnet settling time: 1.049
GetData ===>> H2,-0.0547800115185509,H1,1556.03679347553,AX,186.002402108271,L1,1.82158458441443,L2,0.340696075...
setting magnet DAC
current  : 5.873740
requested: 5.874775
Delta Dac: 0.001034
Checking detector protection. dv=0.00103
Checking detector "CDD". Protection Threshold: 0.1 (V)
SetMagnetDAC 5.87477482759 ===>> OK
Magnet settling time: 1.049
GetData ===>> H2,0.0167227856183658,H1,1591.40504587424,AX,193.115883700377,L1,2.06300215741781,L2,0.4250894545...
setting magnet DAC
current  : 5.874775
requested: 5.875809
Delta Dac: 0.001034
Checking detector protection. dv=0.00103
Checking detector "CDD". Protection Threshold: 0.1 (V)
SetMagnetDAC 5.87580931034 ===>> OK
Magnet settling time: 1.049
GetData ===>> H2,0.0902589110121572,H1,1601.00707480152,AX,195.482390604333,L1,2.21848605472546,L2,0.5178069532...
setting magnet DAC
current  : 5.875809
requested: 5.876844
Delta Dac: 0.001034
Checking detector protection. dv=0.00103
Checking detector "CDD". Protection Threshold: 0.1 (V)
SetMagnetDAC 5.8768437931 ===>> OK
Magnet settling time: 1.049
GetData ===>> H2,-0.00439358983030515,H1,1603.22375881114,AX,196.127754490765,L1,2.32329822702555,L2,0.32769450...
setting magnet DAC
current  : 5.876844
requested: 5.877878
Delta Dac: 0.001034
Checking detector protection. dv=0.00103
Checking detector "CDD". Protection Threshold: 0.1 (V)
SetMagnetDAC 5.87787827586 ===>> OK
Magnet settling time: 1.049
GetData ===>> H2,-0.0292759064517044,H1,1603.67399964907,AX,196.308482978417,L1,2.41490612514911,L2,0.514173316...
setting magnet DAC
current  : 5.877878
requested: 5.878913
Delta Dac: 0.001034
Checking detector protection. dv=0.00103
Checking detector "CDD". Protection Threshold: 0.1 (V)
SetMagnetDAC 5.87891275862 ===>> OK
Magnet settling time: 1.049
GetData ===>> H2,-0.144608450485629,H1,1603.22934792326,AX,196.193058916652,L1,2.46820532774197,L2,0.3992934355...
setting magnet DAC
current  : 5.878913
requested: 5.879947
Delta Dac: 0.001034
Checking detector protection. dv=0.00103
Checking detector "CDD". Protection Threshold: 0.1 (V)
SetMagnetDAC 5.87994724138 ===>> OK
Magnet settling time: 1.049
GetData ===>> H2,-0.120077626117566,H1,1602.68222303349,AX,195.917317235846,L1,2.49613894527361,L2,0.4662633222...
setting magnet DAC
current  : 5.879947
requested: 5.880982
Delta Dac: 0.001034
Checking detector protection. dv=0.00103
Checking detector "CDD". Protection Threshold: 0.1 (V)
SetMagnetDAC 5.88098172414 ===>> OK
Magnet settling time: 1.049
GetData ===>> H2,-0.13213481472942,H1,1601.84150627248,AX,196.244591219122,L1,2.51258748841744,L2,0.54809261535...
setting magnet DAC
current  : 5.880982
requested: 5.882016
Delta Dac: 0.001034
Checking detector protection. dv=0.00103
Checking detector "CDD". Protection Threshold: 0.1 (V)
SetMagnetDAC 5.8820162069 ===>> OK
Magnet settling time: 1.049
GetData ===>> H2,-0.0941536768479947,H1,1601.78544064235,AX,195.867832995654,L1,2.52946524905623,L2,0.395938180...
setting magnet DAC
current  : 5.882016
requested: 5.883051
Delta Dac: 0.001034
Checking detector protection. dv=0.00103
Checking detector "CDD". Protection Threshold: 0.1 (V)
SetMagnetDAC 5.88305068966 ===>> OK
Magnet settling time: 1.049
GetData ===>> H2,-0.170448674292144,H1,1599.10089702798,AX,195.032551295769,L1,2.49770431567704,L2,0.4099305987...
setting magnet DAC
current  : 5.883051
requested: 5.884085
Delta Dac: 0.001034
Checking detector protection. dv=0.00103
Checking detector "CDD". Protection Threshold: 0.1 (V)
SetMagnetDAC 5.88408517241 ===>> OK
Magnet settling time: 1.049
GetData ===>> H2,-0.239836180507738,H1,1591.72090831853,AX,193.407677699012,L1,2.48800980225773,L2,0.4348617949...
setting magnet DAC
current  : 5.884085
requested: 5.885120
Delta Dac: 0.001034
Checking detector protection. dv=0.00103
Checking detector "CDD". Protection Threshold: 0.1 (V)
SetMagnetDAC 5.88511965517 ===>> OK
Magnet settling time: 1.049
GetData ===>> H2,-0.270449285413455,H1,1565.68612179894,AX,187.637614421083,L1,2.41470750096569,L2,0.4960300449...
setting magnet DAC
current  : 5.885120
requested: 5.886154
Delta Dac: 0.001034
Checking detector protection. dv=0.00103
Checking detector "CDD". Protection Threshold: 0.1 (V)
SetMagnetDAC 5.88615413793 ===>> OK
Magnet settling time: 1.049
GetData ===>> H2,-0.212542300590549,H1,1432.21935251259,AX,160.374612853838,L1,2.05392084840228,L2,0.2598412923...
setting magnet DAC
current  : 5.886154
requested: 5.887189
Delta Dac: 0.001034
Checking detector protection. dv=0.00103
Checking detector "CDD". Protection Threshold: 0.1 (V)
SetMagnetDAC 5.88718862069 ===>> OK
Magnet settling time: 1.049
GetData ===>> H2,-0.287864058847076,H1,1143.92482357825,AX,113.385903589833,L1,1.62639890197674,L2,0.1440145345...
setting magnet DAC
current  : 5.887189
requested: 5.888223
Delta Dac: 0.001034
Checking detector protection. dv=0.00103
Checking detector "CDD". Protection Threshold: 0.1 (V)
SetMagnetDAC 5.88822310345 ===>> OK
Magnet settling time: 1.049
GetData ===>> H2,-0.358603906017335,H1,726.623163427672,AX,61.8112677873856,L1,1.15051775007942,L2,0.0922774552...
setting magnet DAC
current  : 5.888223
requested: 5.889258
Delta Dac: 0.001034
Checking detector protection. dv=0.00103
Checking detector "CDD". Protection Threshold: 0.1 (V)
SetMagnetDAC 5.88925758621 ===>> OK
Magnet settling time: 1.049
GetData ===>> H2,-0.325640600186958,H1,348.317241650596,AX,24.9582167742337,L1,0.713403928411623,L2,-0.03738689...
setting magnet DAC
current  : 5.889258
requested: 5.890292
Delta Dac: 0.001034
Checking detector protection. dv=0.00103
Checking detector "CDD". Protection Threshold: 0.1 (V)
SetMagnetDAC 5.89029206897 ===>> OK
Magnet settling time: 1.049
GetData ===>> H2,-0.218415693741062,H1,128.586220538983,AX,7.42497036235254,L1,0.394626161239451,L2,-0.00068320...
setting magnet DAC
current  : 5.890292
requested: 5.891327
Delta Dac: 0.001034
Checking detector protection. dv=0.00103
Checking detector "CDD". Protection Threshold: 0.1 (V)
SetMagnetDAC 5.89132655172 ===>> OK
Magnet settling time: 1.049
State checksums do not match. Local:-1735986017 Remote:968834110
State checksum failed
GetData ===>> H2,-0.10367654493217,H1,38.3309106029443,AX,1.60042802640453,L1,0.250174204974367,L2,0.0382444707...
setting magnet DAC
current  : 5.891327
requested: 5.892361
Delta Dac: 0.001034
Checking detector protection. dv=0.00103
Checking detector "CDD". Protection Threshold: 0.1 (V)
SetMagnetDAC 5.89236103448 ===>> OK
Magnet settling time: 1.049
set states for children of B. state=False
handle state [('B', False)]
update switch state B False args=() kw={'refresh': False} ncanvase=2
refresh_canvas_needed fired
GetData ===>> H2,-0.129483277976565,H1,9.67380551844796,AX,0.18573050097736,L1,0.150793069629751,L2,-0.01491552...
setting magnet DAC
current  : 5.892361
requested: 5.893396
Delta Dac: 0.001034
Checking detector protection. dv=0.00103
Checking detector "CDD". Protection Threshold: 0.1 (V)
SetMagnetDAC 5.89339551724 ===>> OK
Magnet settling time: 1.049
GetData ===>> H2,-0.34680414591889,H1,2.05017604049578,AX,-0.12707275085094,L1,0.070439750165947,L2,0.004099330...
setting magnet DAC
current  : 5.893396
requested: 5.894430
Delta Dac: 0.001034
Checking detector protection. dv=0.00103
Checking detector "CDD". Protection Threshold: 0.1 (V)
SetMagnetDAC 5.89443 ===>> OK
Magnet settling time: 1.049
GetData ===>> H2,-0.302782960383499,H1,0.267845645952014,AX,-0.148457493418219,L1,0.0585743644471673,L2,0.04813...
result of _do_sweep=True
result of _calculate_peak_center=([5.8715988203994183, 5.8793190885218705, 5.8870393566443227], [1174.2779855749004, 1603.6659798784642, 1185.5224309596188], 5.8778969338677349, 1603.6659798784642)
Failed to find a valid peak. No peak greater than 1.0. max = 0.0266991613584
new center pos Detector(H1) (Ar40) @ 5.87931908852
GetHighVoltage ===>> 4500
GetDeflection H1 ===>> 0
dac uncorrected for HV and deflection 5.87931908852
update mftable H1 Ar40 5.87931908852 message=automated run peakcenter
get initial guess parabolic
get initial guess parabolic
get initial guess parabolic
get initial guess parabolic
get initial guess parabolic
get initial guess parabolic
dump mftable to /Users/jan/PychronDev/setupfiles/spectrometer/mftables/mftable.csv
add to repo msg=modified - automated run peakcenter
locally archiving mftable
setting magnet DAC
current  : 5.894430
requested: 5.879319
Delta Dac: 0.015111
Checking detector protection. dv=0.01511
Checking detector "CDD". Protection Threshold: 0.1 (V)
SetMagnetDAC 5.87931908852 ===>> OK
Magnet settling time: 0.500
sweep finished
setting integration time = 1.048576
SetIntegrationTime 1.048576 ===>> OK
Failed to find a valid peak. No peak greater than 1.0. max = 0.026763600292
flush and close file /Users/jan/PychronDev/data/isotopes/0f/de9b2f-fe78-46e6-aece-c76b9cc35e65.h5
finished measure script
executed snippet estimated_duration=226.132928, duration=274.396973133
jan_unknown120_60.py completed successfully
Measurement Finished
16:47:31 -- ******* Measurement Finished *******
Post Measurement Started jan_pump_ms.py
16:47:31 -- ******* Post Measurement Started jan_pump_ms.py *******
testing...
no interpolation path defined
executed snippet estimated_duration=0, duration=4.10079956055e-05
Pumping spectrometer
open () {'name': 'O'}
opening name=O desc=---
checking ownership. requestor=129.138.12.150
check software interlocks O
interlocks []
actuate state mode=None-script, software_lock=False
doing actuation None-script open_channel True
Open O ===>> OK
GetIndicatorState O ===>> OK
change switch state (True, True)
update switch state O True args=() kw={} ncanvase=2
16:47:31 -- OPEN   VALVE-O (Jan Ion Pump)
---------------------------------------- open O () result=[(True, True)], time=0.09 sec
action=open, ok=True, locked=[False]
executed snippet estimated_duration=0, duration=0.344542980194
jan_pump_ms.py completed successfully
setting _ms_pumptime
Post Measurement Finished
16:47:31 -- ******* Post Measurement Finished *******
$$$$$$$$$$$$$$$$$$$$ state at run end measurement
state changed from measurement to success
post measurement save measured=True aborted=False
Set filtering
setting fod for Ar40= {'filter_outliers': True, 'std_devs': 2, 'iterations': 1}
setting fod for H1= {'filter_outliers': True, 'std_devs': 2, 'iterations': 1}
setting fod for PM41= {'filter_outliers': False, 'std_devs': 2, 'iterations': 1}
setting fod for H2= {'filter_outliers': True, 'std_devs': 2, 'iterations': 1}
setting fod for Ar36= {'filter_outliers': True, 'std_devs': 2, 'iterations': 1}
setting fod for CDD= {'filter_outliers': True, 'std_devs': 10, 'iterations': 1}
setting fod for Ar37= {'filter_outliers': True, 'std_devs': 2, 'iterations': 1}
setting fod for L2= {'filter_outliers': True, 'std_devs': 2, 'iterations': 1}
setting fod for Ar38= {'filter_outliers': True, 'std_devs': 2, 'iterations': 1}
setting fod for L1= {'filter_outliers': True, 'std_devs': 2, 'iterations': 1}
setting fod for Ar39= {'filter_outliers': True, 'std_devs': 2, 'iterations': 1}
setting fod for AX= {'filter_outliers': True, 'std_devs': 2, 'iterations': 1}
persistence save...
persistence save - db
post measurement save
6845236912 connecting to database sqlite:////Users/jan/PychronDev/.appdata/local_lab.db
connected to db sqlite:////Users/jan/PychronDev/.appdata/local_lab.db
create new session 6845236912
close session 6845236912
No database instance. Not saving post measurement to isotopedb database
$$$$$$$$$$$$$$$ auto_save_detector_ic=False
massspec enabled True
create new session 4979675504
MassSpec Database Version: 16.0
close session 4979675504
saving post measurement to secondary database
saving to massspec database 129.138.12.160/massspecdata
setting labnumber to 25321
setting aliquot to 3
setting step to 
setting uuid to 0fde9b2f-fe78-46e6-aece-c76b9cc35e65
setting irradpos to 25321
setting extract_device to Fusions CO2
setting tray to 
setting position to 153
setting power_requested to 5.0
setting extract_value to 5.0
setting duration to 30.0
setting duration_at_request to 30.0
setting first_stage_delay to 30.0
setting cleanup to 30.0
setting comment to K:10
setting irradiation to NM-288
setting level to K
setting irradiation_level to K
setting sample to FC-2
setting material to Sanidine
setting project to Irradiation-NM-288
setting mass_spectrometer to Jan
no attribute chron_dosages
no attribute production_ratios
no attribute interference_corrections
no attribute production_name
no attribute j
Reference Isotope=Ar40
Reference Detector=H1
%%%%%%%%%%%%%%%%%%%% Comment: K:10 %%%%%%%%%%%%%%%%%%%
adding isotope PM41 H2
add baseline dbdet= PM41. original det= H2
get baseline data PM41 H2
Get data baseline <pychron.processing.isotope.Baseline object at 0x19fc1f050> len t=60
baseline PM41. v=-0.196815693697, e=0.00772724080585
get signal data PM41 H2
Get data signal PM41 0.11+/-0.07 len t=120
adding isotope Ar40 H1
add baseline dbdet= Ar40. original det= H1
get baseline data Ar40 H1
Get data baseline <pychron.processing.isotope.Baseline object at 0x1973f0e10> len t=60
baseline Ar40. v=0.00151168615196, e=0.00662511517716
get signal data Ar40 H1
Get data signal Ar40 1766.71+/-0.07 len t=120
adding isotope Ar39 AX
add baseline dbdet= Ar39. original det= AX
get baseline data Ar39 AX
Get data baseline <pychron.processing.isotope.Baseline object at 0x1973f0e90> len t=60
baseline Ar39. v=-0.0880674931321, e=0.00872303466618
get signal data Ar39 AX
Get data signal Ar39 215.626+/-0.029 len t=120
adding isotope Ar38 L1
add baseline dbdet= Ar38. original det= L1
get baseline data Ar38 L1
Get data baseline <pychron.processing.isotope.Baseline object at 0x1973f0b90> len t=60
baseline Ar38. v=-0.0243849335177, e=0.00275505015423
get signal data Ar38 L1
Get data signal Ar38 2.758+/-0.005 len t=120
adding isotope Ar37 L2
add baseline dbdet= Ar37. original det= L2
get baseline data Ar37 L2
Get data baseline <pychron.processing.isotope.Baseline object at 0x1973f0d90> len t=60
baseline Ar37. v=-0.0262320168081, e=0.00682724520113
get signal data Ar37 L2
Get data signal Ar37 0.522+/-0.010 len t=120
adding isotope Ar36 CDD
add baseline dbdet= Ar36. original det= CDD
get baseline data Ar36 CDD
Get data baseline <pychron.processing.isotope.Baseline object at 0x1973f0850> len t=60
baseline Ar36. v=0.00039449335019, e=3.37217334866e-05
get signal data Ar36 CDD
Get data signal Ar36 0.01390+/-0.00035 len t=120
25321-03 added analysis time 0.504189014435s
analysis added to mass spec database
mass spec save time= 0.513
persistence save - dvc
================= post measurement started
create new session 4982376208
close session 4982376208
---------------- Experiment Queue saving disabled
DVC saving peakcenter
Failed to find a valid peak. No peak greater than 1.0. max = 0.026763600292
Smart pull ahead: 0 behind: 0
Up-to-date with origin
add to repo msg=modified - ad8224ebc6dbfeb9f5997218dfa5fe690569839d.json
add to repo msg=modified - 21-03.json
add to repo msg=modified - 21-03.dat.json
add to repo msg=modified - 21-03.blan.json
add to repo msg=modified - 21-03.inte.json
add to repo msg=modified - 21-03.icfa.json
add to repo msg=modified - 21-03.base.json
not at valid file /Users/jan/PychronDev/data/.dvc/repositories/Load1788/253/tags/21-03.tags.json
add to repo msg=modified - 21-03.peak.json
add to repo msg=modified - 21-03.extr.json
not at valid file /Users/jan/PychronDev/data/.dvc/repositories/Load1788/253/monitor/21-03.moni.json
commit message=<COLLECTION>
add to repo msg=modified - 21-03.inte.json
add to repo msg=modified - 21-03.base.json
commit message=<ISOEVO> default collection fits
add to repo msg=modified - 21-03.blan.json
commit message=<BLANKS> preceding bc-02-J-342
add to repo msg=modified - 21-03.icfa.json
commit message=<ICFactor> default
push repository <pychron.git_archive.repo_manager.GitRepoManager object at 0x19fc50410>
pushing to remote=origin, url=https://github.com
no changes to meta repo
create new session 4982376208
add association Load1788
get identifier "25321"
setting analysis irradiation position=<pychron.dvc.dvc_orm.IrradiationPositionTbl object at 0x197dd76d0>
close session 4982376208
================= post measurement finished
16:47:47 -- ******* Post Run Check *******
loading queue conditionals post_run_actions
loading system conditionals post_run_actions
loading conditionals from /Users/jan/PychronDev/setupfiles/spectrometer/default_conditionals.yaml
loading queue conditionals post_run_terminations
loading system conditionals post_run_terminations
loading conditionals from /Users/jan/PychronDev/setupfiles/spectrometer/default_conditionals.yaml
Checking default post run terminations n=1
GetDeflection CDD ===>> 50
testing CDD==2000
evaluate ot="CDD.deflection==2000" t="CDD==2000", ctx="{'CDD': 50.0}"
16:47:47 -- ******* Post Run Check Passed *******
16:47:47 -- Automated run 25321-03 success duration: 368.047 s
----------------- finish -----------------
----------------- stop -----------------
retroactive repository identifiers disabled
finish run. runs completed=41
update duration runid=25321-03, duration=368.047475815, md5=301e91d8
loading script "jan_unknown120_60.py"
loading script "jan_pump_ms.py"
loading script "jan_co2.py"
loading script "jan_pump_extraction_line.py"
testing...
no interpolation path defined
executed snippet estimated_duration=213.652928, duration=0.000201940536499
script duration name:unknown120_60 seconds:214.0
loading script "jan_unknown120_60.py"
loading script "jan_pump_ms.py"
loading script "jan_co2.py"
loading script "jan_pump_extraction_line.py"
testing...
no interpolation path defined
executed snippet estimated_duration=0, duration=2.71797180176e-05
loading script "jan_unknown120_60.py"
loading script "jan_pump_ms.py"
loading script "jan_co2.py"
loading script "jan_pump_extraction_line.py"
testing...
no interpolation path defined
calculate duration
testing...
no interpolation path defined
executed snippet estimated_duration=0, duration=5.50746917725e-05
calculate duration
testing...
no interpolation path defined
executed snippet estimated_duration=0, duration=0.000105857849121
executed snippet estimated_duration=0.0, duration=0.00266909599304
script duration name:co2 seconds:0.0
loading script "jan_unknown120_60.py"
loading script "jan_pump_ms.py"
loading script "jan_co2.py"
loading script "jan_pump_extraction_line.py"
testing...
no interpolation path defined
calculate duration
testing...
no interpolation path defined
executed snippet estimated_duration=4.0, duration=0.000152826309204
executed snippet estimated_duration=4.0, duration=0.00129008293152
Script duration 214.0
Run total estimated duration= 215.000
unknown120_60 in script context. using previous estimated duration
script duration name:unknown120_60 seconds:214.0
pump_ms in script context. using previous estimated duration
co2 in script context. using previous estimated duration
script duration name:co2 seconds:0.0
pump_extraction_line in script context. using previous estimated duration
Script duration 214.0
Run total estimated duration= 215.000
script duration name:unknown120_60 seconds:214.0
script duration name:co2 seconds:0.0
Script duration 214.0
Run total estimated duration= 215.000
script duration name:unknown120_60 seconds:214.0
script duration name:co2 seconds:0.0
Script duration 214.0
Run total estimated duration= 215.000
script duration name:unknown120_60 seconds:214.0
script duration name:co2 seconds:0.0
Script duration 214.0
Run total estimated duration= 215.000
script duration name:unknown120_60 seconds:214.0
script duration name:co2 seconds:0.0
Script duration 214.0
Run total estimated duration= 215.000
script duration name:unknown120_60 seconds:214.0
script duration name:co2 seconds:0.0
Script duration 214.0
Run total estimated duration= 215.000
loading script "jan_unknown400_120.py"
loading script "jan_pump_ms.py"
loading script "jan_co2.py"
loading script "jan_pump_extraction_line.py"
testing...
no interpolation path defined
executed snippet estimated_duration=556.052928, duration=0.000263929367065
script duration name:unknown400_120 seconds:556.0
script duration name:co2 seconds:0.0
Script duration 556.0
Run total estimated duration= 557.000
unknown400_120 in script context. using previous estimated duration
script duration name:unknown400_120 seconds:556.0
loading script "jan_unknown400_120.py"
loading script "jan_pump_ms.py"
loading script "jan_sniffair_x2.py"
loading script "jan_pump_extraction_line.py"
testing...
no interpolation path defined
calculate duration
testing...
no interpolation path defined
executed snippet estimated_duration=0, duration=5.00679016113e-05
calculate duration
testing...
no interpolation path defined
executed snippet estimated_duration=0, duration=9.67979431152e-05
calculate duration
testing...
no interpolation path defined
executed snippet estimated_duration=32.0, duration=9.29832458496e-05
calculate duration
testing...
no interpolation path defined
executed snippet estimated_duration=34.0, duration=9.70363616943e-05
calculate duration
testing...
no interpolation path defined
executed snippet estimated_duration=4.0, duration=6.19888305664e-05
calculate duration
testing...
no interpolation path defined
executed snippet estimated_duration=36.0, duration=9.60826873779e-05
calculate duration
testing...
no interpolation path defined
executed snippet estimated_duration=34.0, duration=9.08374786377e-05
calculate duration
testing...
no interpolation path defined
executed snippet estimated_duration=4.0, duration=5.91278076172e-05
calculate duration
testing...
no interpolation path defined
executed snippet estimated_duration=36.0, duration=8.89301300049e-05
calculate duration
testing...
no interpolation path defined
executed snippet estimated_duration=70.0, duration=0.0001540184021
executed snippet estimated_duration=250.0, duration=0.0130250453949
script duration name:sniffair_x2 seconds:250.0
Script duration 806.0
Run total estimated duration= 807.000
script duration name:unknown400_120 seconds:556.0
sniffair_x2 in script context. using previous estimated duration
script duration name:sniffair_x2 seconds:250.0
Script duration 806.0
Run total estimated duration= 807.000
loading script "jan_ic_peak_hop3.py"
loading script "jan_pump_ms.py"
loading script "jan_sniffair_x1.py"
loading script "jan_pump_extraction_line.py"
testing...
no interpolation path defined
executed snippet estimated_duration=133.8, duration=0.00840282440186
script duration name:ic_peak_hop3 seconds:134.0
loading script "jan_ic_peak_hop3.py"
loading script "jan_pump_ms.py"
loading script "jan_sniffair_x1.py"
loading script "jan_pump_extraction_line.py"
testing...
no interpolation path defined
calculate duration
testing...
no interpolation path defined
executed snippet estimated_duration=0, duration=4.72068786621e-05
calculate duration
testing...
no interpolation path defined
executed snippet estimated_duration=0, duration=0.000115871429443
calculate duration
testing...
no interpolation path defined
executed snippet estimated_duration=32.0, duration=9.70363616943e-05
calculate duration
testing...
no interpolation path defined
executed snippet estimated_duration=34.0, duration=9.91821289062e-05
calculate duration
testing...
no interpolation path defined
executed snippet estimated_duration=4.0, duration=6.19888305664e-05
calculate duration
testing...
no interpolation path defined
executed snippet estimated_duration=70.0, duration=9.70363616943e-05
executed snippet estimated_duration=140.0, duration=0.00735688209534
script duration name:sniffair_x1 seconds:140.0
Script duration 274.0
Run total estimated duration= 275.000
script duration name:unknown120_60 seconds:214.0
script duration name:co2 seconds:0.0
Script duration 214.0
Run total estimated duration= 215.000
script duration name:unknown120_60 seconds:214.0
script duration name:co2 seconds:0.0
Script duration 214.0
Run total estimated duration= 215.000
script duration name:unknown120_60 seconds:214.0
script duration name:co2 seconds:0.0
Script duration 214.0
Run total estimated duration= 215.000
script duration name:unknown120_60 seconds:214.0
script duration name:co2 seconds:0.0
Script duration 214.0
Run total estimated duration= 215.000
script duration name:unknown120_60 seconds:214.0
script duration name:co2 seconds:0.0
Script duration 214.0
Run total estimated duration= 215.000
script duration name:unknown120_60 seconds:214.0
loading script "jan_unknown120_60.py"
loading script "jan_pump_ms.py"
loading script "jan_cocktail_x1.py"
loading script "jan_pump_extraction_line.py"
testing...
no interpolation path defined
calculate duration
testing...
no interpolation path defined
executed snippet estimated_duration=0, duration=7.39097595215e-05
calculate duration
testing...
no interpolation path defined
executed snippet estimated_duration=0, duration=0.000408172607422
calculate duration
testing...
no interpolation path defined
executed snippet estimated_duration=32.0, duration=9.29832458496e-05
calculate duration
testing...
no interpolation path defined
executed snippet estimated_duration=34.0, duration=9.60826873779e-05
calculate duration
testing...
no interpolation path defined
executed snippet estimated_duration=4.0, duration=6.103515625e-05
calculate duration
testing...
no interpolation path defined
executed snippet estimated_duration=38.0, duration=9.41753387451e-05
executed snippet estimated_duration=108.0, duration=0.00842308998108
script duration name:cocktail_x1 seconds:108.0
Script duration 322.0
Run total estimated duration= 323.000
script duration name:unknown120_60 seconds:214.0
script duration name:co2 seconds:0.0
Script duration 214.0
Run total estimated duration= 215.000
script duration name:unknown120_60 seconds:214.0
script duration name:co2 seconds:0.0
Script duration 214.0
Run total estimated duration= 215.000
script duration name:unknown120_60 seconds:214.0
script duration name:co2 seconds:0.0
Script duration 214.0
Run total estimated duration= 215.000
script duration name:unknown120_60 seconds:214.0
script duration name:co2 seconds:0.0
Script duration 214.0
Run total estimated duration= 215.000
script duration name:unknown120_60 seconds:214.0
script duration name:co2 seconds:0.0
Script duration 214.0
Run total estimated duration= 215.000
script duration name:unknown400_120 seconds:556.0
script duration name:co2 seconds:0.0
Script duration 556.0
Run total estimated duration= 557.000
script duration name:unknown120_60 seconds:214.0
script duration name:co2 seconds:0.0
Script duration 214.0
Run total estimated duration= 215.000
script duration name:unknown400_120 seconds:556.0
cocktail_x1 in script context. using previous estimated duration
script duration name:cocktail_x1 seconds:108.0
Script duration 664.0
Run total estimated duration= 665.000
script duration name:unknown120_60 seconds:214.0
script duration name:co2 seconds:0.0
Script duration 214.0
Run total estimated duration= 215.000
script duration name:unknown120_60 seconds:214.0
script duration name:co2 seconds:0.0
Script duration 214.0
Run total estimated duration= 215.000
script duration name:unknown120_60 seconds:214.0
script duration name:co2 seconds:0.0
Script duration 214.0
Run total estimated duration= 215.000
script duration name:unknown120_60 seconds:214.0
script duration name:co2 seconds:0.0
Script duration 214.0
Run total estimated duration= 215.000
script duration name:unknown120_60 seconds:214.0
script duration name:co2 seconds:0.0
Script duration 214.0
Run total estimated duration= 215.000
script duration name:unknown120_60 seconds:214.0
script duration name:co2 seconds:0.0
Script duration 214.0
Run total estimated duration= 215.000
script duration name:unknown120_60 seconds:214.0
script duration name:co2 seconds:0.0
Script duration 214.0
Run total estimated duration= 215.000
script duration name:unknown120_60 seconds:214.0
script duration name:co2 seconds:0.0
Script duration 214.0
Run total estimated duration= 215.000
script duration name:unknown120_60 seconds:214.0
script duration name:co2 seconds:0.0
Script duration 214.0
Run total estimated duration= 215.000
script duration name:unknown400_120 seconds:556.0
script duration name:co2 seconds:0.0
Script duration 556.0
Run total estimated duration= 557.000
script duration name:unknown400_120 seconds:556.0
script duration name:sniffair_x2 seconds:250.0
Script duration 806.0
Run total estimated duration= 807.000
script duration name:unknown400_120 seconds:556.0
script duration name:sniffair_x2 seconds:250.0
Script duration 806.0
Run total estimated duration= 807.000
script duration name:unknown120_60 seconds:214.0
script duration name:cocktail_x1 seconds:108.0
Script duration 322.0
Run total estimated duration= 323.000
ic_peak_hop3 in script context. using previous estimated duration
script duration name:ic_peak_hop3 seconds:134.0
sniffair_x1 in script context. using previous estimated duration
script duration name:sniffair_x1 seconds:140.0
Script duration 274.0
Run total estimated duration= 275.000
script duration name:unknown120_60 seconds:214.0
script duration name:co2 seconds:0.0
Script duration 214.0
Run total estimated duration= 215.000
script duration name:unknown120_60 seconds:214.0
script duration name:co2 seconds:0.0
Script duration 214.0
Run total estimated duration= 215.000
script duration name:unknown120_60 seconds:214.0
script duration name:co2 seconds:0.0
Script duration 214.0
Run total estimated duration= 215.000
script duration name:unknown120_60 seconds:214.0
script duration name:co2 seconds:0.0
Script duration 214.0
Run total estimated duration= 215.000
script duration name:unknown120_60 seconds:214.0
script duration name:co2 seconds:0.0
Script duration 214.0
Run total estimated duration= 215.000
script duration name:unknown400_120 seconds:556.0
script duration name:cocktail_x1 seconds:108.0
Script duration 664.0
Run total estimated duration= 665.000
script duration name:unknown120_60 seconds:214.0
script duration name:co2 seconds:0.0
Script duration 214.0
Run total estimated duration= 215.000
script duration name:unknown120_60 seconds:214.0
script duration name:co2 seconds:0.0
Script duration 214.0
Run total estimated duration= 215.000
script duration name:unknown120_60 seconds:214.0
script duration name:co2 seconds:0.0
Script duration 214.0
Run total estimated duration= 215.000
script duration name:unknown120_60 seconds:214.0
script duration name:co2 seconds:0.0
Script duration 214.0
Run total estimated duration= 215.000
script duration name:unknown120_60 seconds:214.0
script duration name:co2 seconds:0.0
Script duration 214.0
Run total estimated duration= 215.000
script duration name:unknown400_120 seconds:556.0
script duration name:co2 seconds:0.0
Script duration 556.0
Run total estimated duration= 557.000
script duration name:unknown120_60 seconds:214.0
script duration name:co2 seconds:0.0
Script duration 214.0
Run total estimated duration= 215.000
script duration name:unknown120_60 seconds:214.0
script duration name:co2 seconds:0.0
Script duration 214.0
Run total estimated duration= 215.000
script duration name:unknown120_60 seconds:214.0
script duration name:co2 seconds:0.0
Script duration 214.0
Run total estimated duration= 215.000
script duration name:unknown120_60 seconds:214.0
script duration name:co2 seconds:0.0
Script duration 214.0
Run total estimated duration= 215.000
script duration name:unknown120_60 seconds:214.0
script duration name:co2 seconds:0.0
Script duration 214.0
Run total estimated duration= 215.000
script duration name:unknown120_60 seconds:214.0
script duration name:cocktail_x1 seconds:108.0
Script duration 322.0
Run total estimated duration= 323.000
script duration name:unknown120_60 seconds:214.0
script duration name:co2 seconds:0.0
Script duration 214.0
Run total estimated duration= 215.000
script duration name:unknown120_60 seconds:214.0
script duration name:co2 seconds:0.0
Script duration 214.0
Run total estimated duration= 215.000
script duration name:unknown120_60 seconds:214.0
script duration name:co2 seconds:0.0
Script duration 214.0
Run total estimated duration= 215.000
script duration name:unknown120_60 seconds:214.0
script duration name:co2 seconds:0.0
Script duration 214.0
Run total estimated duration= 215.000
script duration name:unknown120_60 seconds:214.0
script duration name:co2 seconds:0.0
Script duration 214.0
Run total estimated duration= 215.000
script duration name:unknown400_120 seconds:556.0
script duration name:co2 seconds:0.0
Script duration 556.0
Run total estimated duration= 557.000
script duration name:unknown400_120 seconds:556.0
script duration name:sniffair_x2 seconds:250.0
Script duration 806.0
Run total estimated duration= 807.000
script duration name:unknown400_120 seconds:556.0
script duration name:cocktail_x1 seconds:108.0
Script duration 664.0
Run total estimated duration= 665.000
script duration name:unknown400_120 seconds:556.0
script duration name:sniffair_x2 seconds:250.0
Script duration 806.0
Run total estimated duration= 807.000
script duration name:ic_peak_hop3 seconds:134.0
script duration name:sniffair_x1 seconds:140.0
Script duration 274.0
Run total estimated duration= 275.000
script duration name:unknown120_60 seconds:214.0
script duration name:co2 seconds:0.0
Script duration 214.0
Run total estimated duration= 215.000
script duration name:unknown120_60 seconds:214.0
script duration name:co2 seconds:0.0
Script duration 214.0
Run total estimated duration= 215.000
script duration name:unknown120_60 seconds:214.0
script duration name:co2 seconds:0.0
Script duration 214.0
Run total estimated duration= 215.000
script duration name:unknown120_60 seconds:214.0
script duration name:co2 seconds:0.0
Script duration 214.0
Run total estimated duration= 215.000
script duration name:unknown120_60 seconds:214.0
script duration name:co2 seconds:0.0
Script duration 214.0
Run total estimated duration= 215.000
script duration name:unknown120_60 seconds:214.0
script duration name:co2 seconds:0.0
Script duration 214.0
Run total estimated duration= 215.000
script duration name:unknown120_60 seconds:214.0
script duration name:co2 seconds:0.0
Script duration 214.0
Run total estimated duration= 215.000
script duration name:unknown120_60 seconds:214.0
script duration name:co2 seconds:0.0
Script duration 214.0
Run total estimated duration= 215.000
script duration name:unknown120_60 seconds:214.0
script duration name:co2 seconds:0.0
Script duration 214.0
Run total estimated duration= 215.000
script duration name:unknown120_60 seconds:214.0
script duration name:co2 seconds:0.0
Script duration 214.0
Run total estimated duration= 215.000
script duration name:unknown400_120 seconds:556.0
script duration name:co2 seconds:0.0
Script duration 556.0
Run total estimated duration= 557.000
script duration name:unknown120_60 seconds:214.0
script duration name:cocktail_x1 seconds:108.0
Script duration 322.0
Run total estimated duration= 323.000
script duration name:unknown120_60 seconds:214.0
script duration name:co2 seconds:0.0
Script duration 214.0
Run total estimated duration= 215.000
script duration name:unknown120_60 seconds:214.0
script duration name:co2 seconds:0.0
Script duration 214.0
Run total estimated duration= 215.000
script duration name:unknown120_60 seconds:214.0
script duration name:co2 seconds:0.0
Script duration 214.0
Run total estimated duration= 215.000
script duration name:unknown120_60 seconds:214.0
script duration name:co2 seconds:0.0
Script duration 214.0
Run total estimated duration= 215.000
script duration name:unknown400_120 seconds:556.0
script duration name:cocktail_x1 seconds:108.0
Script duration 664.0
Run total estimated duration= 665.000
script duration name:unknown120_60 seconds:214.0
script duration name:co2 seconds:0.0
Script duration 214.0
Run total estimated duration= 215.000
script duration name:unknown120_60 seconds:214.0
script duration name:co2 seconds:0.0
Script duration 214.0
Run total estimated duration= 215.000
script duration name:unknown120_60 seconds:214.0
script duration name:co2 seconds:0.0
Script duration 214.0
Run total estimated duration= 215.000
script duration name:unknown120_60 seconds:214.0
script duration name:co2 seconds:0.0
Script duration 214.0
Run total estimated duration= 215.000
script duration name:unknown120_60 seconds:214.0
script duration name:co2 seconds:0.0
Script duration 214.0
Run total estimated duration= 215.000
script duration name:unknown120_60 seconds:214.0
script duration name:co2 seconds:0.0
Script duration 214.0
Run total estimated duration= 215.000
script duration name:unknown400_120 seconds:556.0
script duration name:co2 seconds:0.0
Script duration 556.0
Run total estimated duration= 557.000
script duration name:unknown400_120 seconds:556.0
script duration name:sniffair_x2 seconds:250.0
Script duration 806.0
Run total estimated duration= 807.000
script duration name:unknown400_120 seconds:556.0
script duration name:sniffair_x2 seconds:250.0
Script duration 806.0
Run total estimated duration= 807.000
script duration name:ic_peak_hop3 seconds:134.0
script duration name:sniffair_x1 seconds:140.0
Script duration 274.0
Run total estimated duration= 275.000
script duration name:unknown120_60 seconds:214.0
script duration name:co2 seconds:0.0
Script duration 214.0
Run total estimated duration= 215.000
script duration name:unknown120_60 seconds:214.0
script duration name:co2 seconds:0.0
Script duration 214.0
Run total estimated duration= 215.000
nruns=96 before=5.0, run_dur=30242.0, btw=4275.0
write rem/ex queues
/Users/jan/PychronDev/experiments/rem/CurrentExperiment.rem.txt
/Users/jan/PychronDev/experiments/rem/CurrentExperiment.ex.txt
doing event level: 3
