do run
loading script "jan_unknown120_60.py"
loading script "jan_pump_ms.py"
loading script "jan_co2.py"
loading script "jan_pump_extraction_line.py"
testing...
no interpolation path defined
executed snippet estimated_duration=213.652928, duration=0.000466108322144
script duration name:unknown120_60 seconds:214.0
loading script "jan_unknown120_60.py"
loading script "jan_pump_ms.py"
loading script "jan_co2.py"
loading script "jan_pump_extraction_line.py"
testing...
no interpolation path defined
executed snippet estimated_duration=0, duration=2.88486480713e-05
loading script "jan_unknown120_60.py"
loading script "jan_pump_ms.py"
loading script "jan_co2.py"
loading script "jan_pump_extraction_line.py"
testing...
no interpolation path defined
calculate duration
testing...
no interpolation path defined
executed snippet estimated_duration=0, duration=5.69820404053e-05
calculate duration
testing...
no interpolation path defined
executed snippet estimated_duration=0, duration=0.000118970870972
executed snippet estimated_duration=0.0, duration=0.00420117378235
script duration name:co2 seconds:0.0
loading script "jan_unknown120_60.py"
loading script "jan_pump_ms.py"
loading script "jan_co2.py"
loading script "jan_pump_extraction_line.py"
testing...
no interpolation path defined
calculate duration
testing...
no interpolation path defined
executed snippet estimated_duration=4.0, duration=0.000172138214111
executed snippet estimated_duration=4.0, duration=0.00182509422302
Script duration 214.0
Run total estimated duration= 215.000
run duration: 0:03:35
doing event level: 2
17:16:34 -- Setting default integration. t=1.048576
setting integration time = 1.048576
SetIntegrationTime 1.048576 ===>> OK
----------------- start -----------------
**************** Experiment Type: Ar/Ar, Ar/Ar
create new session 4419362736
close session 4419362736
$$$$$ Clearing conditionals
adding conditionals 
Add queue conditionals
add default conditionals
adding default conditionals from /Users/jan/PychronDev/setupfiles/spectrometer/default_conditionals.yaml
Start automated run 25322-02
loading script "jan_unknown120_60.py"
loading script "jan_pump_ms.py"
loading script "jan_co2.py"
loading script "jan_pump_extraction_line.py"
%%%%%%%%%%%%%%%%%% setting automated run 25322-02
No value "sensitivity_multiplier" in metadata
$$$$$$$$$$$$$$$ auto_save_detector_ic=False
============================= Pre Extraction Check =============================
loading queue conditionals pre_run_terminations
loading system conditionals pre_run_terminations
loading conditionals from /Users/jan/PychronDev/setupfiles/spectrometer/default_conditionals.yaml
17:16:34 -- ******* Pre Extraction Check *******
Get a measurement from the spectrometer
GetData ===>> H2,-0.216257623508128,H1,0.0448589367343601,AX,-0.17970229594173,L1,-0.00565116463665419,L2,0.003...
Pre Extraction Termination data. keys=H2,H1,AX,L1,L2,CDD, signals=-0.21626,0.04486,-0.17970,-0.00565,0.00318,0.00372
17:16:34 -- testing system defined conditionals
Checking default pre extraction terminations n=2
testing CDD
evaluate ot="CDD.inactive" t="CDD", ctx="{'CDD': False}"
GetDeflection CDD ===>> 50
testing CDD==2000
evaluate ot="CDD.deflection==2000" t="CDD==2000", ctx="{'CDD': 50.0}"
17:16:34 -- ******* Pre Extraction Check Passed *******
=================================================================================
17:16:34 -- stopping status monitor
stop 4976433200
Alive clients [4982646160]
17:16:34 -- starting status monitor
start 4976433200
Monitor already running
start extraction
do extraction
Analysis started at 17:16:34.508057
Extraction Started jan_co2.py
17:16:34 -- ******* Extraction Started jan_co2.py *******
state changed from not run to extraction
DO EXTRACTION <pychron.extraction_line.pyscript_runner.RemotePyScriptRunner object at 0x12b9a8890>
testing...
no interpolation path defined
calculate duration
testing...
no interpolation path defined
executed snippet estimated_duration=0, duration=7.5101852417e-05
calculate duration
testing...
no interpolation path defined
executed snippet estimated_duration=0, duration=9.29832458496e-05
executed snippet estimated_duration=100.0, duration=0.0100889205933
Jan CO2 laser analysis
doing GOSUB
testing...
no interpolation path defined
executed snippet estimated_duration=0, duration=7.20024108887e-05
Waiting for CO2 access
wait ('FelixCO2Flag', 0) {}
waiting for FelixCO2Flag = 0
Read FelixCO2Flag ===>> 0
finished waiting
CO2 free
wait ('CO2PumpTimeFlag', 0) {}
waiting for CO2PumpTimeFlag = 0
Read CO2PumpTimeFlag ===>> 23.3658239841
Read CO2PumpTimeFlag ===>> 22.3576169014
Read CO2PumpTimeFlag ===>> 12.302243948
Read CO2PumpTimeFlag ===>> 2.24164700508
finished waiting
acquire ('JanCO2Flag',) {'clear': True}
acquire JanCO2Flag
Set JanCO2Flag 1 ===>> OK
JanCO2Flag acquired
set extraction state False (0.75, 'red', 1.5)
CO2 acquired
executed snippet estimated_duration=0, duration=24.2145709991
WaitForCO2Access.py completed successfully
gosub finished
doing GOSUB
testing...
no interpolation path defined
executed snippet estimated_duration=0, duration=0.000157117843628
Prepare for CO2 analysis
close () {'description': 'Jan Inlet'}
closing name=--- desc=Jan Inlet
checking ownership. requestor=129.138.12.150
check software interlocks R
interlocks []
actuate state mode=None-script, software_lock=False
doing actuation None-script close_channel False
Close R ===>> OK
GetIndicatorState R ===>> False
change switch state (True, True)
update switch state R False args=() kw={} ncanvase=2
17:16:59 -- CLOSE  VALVE-R (Jan Inlet)
---------------------------------------- close None (Jan Inlet) result=[(True, True)]
action=close, ok=True, locked=[False]
open () {'description': 'Jan Ion Pump'}
opening name=--- desc=Jan Ion Pump
checking ownership. requestor=129.138.12.150
check software interlocks O
interlocks []
actuate state mode=None-script, software_lock=False
doing actuation None-script open_channel False
Open O ===>> OK
GetIndicatorState O ===>> OK
change switch state (True, True)
update switch state O True args=() kw={} ncanvase=2
17:16:59 -- OPEN   VALVE-O (Jan Ion Pump)
---------------------------------------- open None (Jan Ion Pump) result=[(True, True)], time=0.08 sec
action=open, ok=True, locked=[False]
close () {'description': 'Microbone to Minibone'}
closing name=--- desc=Microbone to Minibone
checking ownership. requestor=129.138.12.150
check software interlocks L
interlocks []
actuate state mode=None-script, software_lock=False
doing actuation None-script close_channel False
Close L ===>> OK
GetIndicatorState L ===>> False
change switch state (True, True)
update switch state L False args=() kw={} ncanvase=2
17:17:00 -- CLOSE  VALVE-L (Microbone to Minibone)
---------------------------------------- close None (Microbone to Minibone) result=[(True, True)]
action=close, ok=True, locked=[False]
open () {'description': 'Microbone to Turbo'}
opening name=--- desc=Microbone to Turbo
checking ownership. requestor=129.138.12.150
check software interlocks U
interlocks []
actuate state mode=None-script, software_lock=False
doing actuation None-script open_channel False
Open U ===>> OK
GetIndicatorState U ===>> OK
change switch state (True, True)
update switch state U True args=() kw={} ncanvase=2
17:17:00 -- OPEN   VALVE-U (Microbone to Turbo)
---------------------------------------- open None (Microbone to Turbo) result=[(True, True)], time=0.12 sec
action=open, ok=True, locked=[False]
open () {'description': 'Microbone to Inlet Pipette'}
opening name=--- desc=Microbone to Inlet Pipette
checking ownership. requestor=129.138.12.150
check software interlocks S
interlocks []
actuate state mode=None-script, software_lock=False
doing actuation None-script open_channel False
Open S ===>> OK
GetIndicatorState S ===>> OK
change switch state (True, True)
update switch state S True args=() kw={} ncanvase=2
17:17:01 -- OPEN   VALVE-S (Microbone to Inlet Pipette)
---------------------------------------- open None (Microbone to Inlet Pipette) result=[(True, True)], time=0.40 sec
action=open, ok=True, locked=[False]
open () {'description': 'Microbone to Getter D-50'}
opening name=--- desc=Microbone to Getter D-50
checking ownership. requestor=129.138.12.150
check software interlocks K
interlocks []
actuate state mode=None-script, software_lock=False
doing actuation None-script open_channel False
Open K ===>> OK
GetIndicatorState K ===>> OK
change switch state (True, True)
update switch state K True args=() kw={} ncanvase=2
17:17:01 -- OPEN   VALVE-K (Microbone to Getter D-50)
---------------------------------------- open None (Microbone to Getter D-50) result=[(True, True)], time=0.40 sec
action=open, ok=True, locked=[False]
open () {'description': 'Microbone to Getter NP-10'}
opening name=--- desc=Microbone to Getter NP-10
checking ownership. requestor=129.138.12.150
check software interlocks M
interlocks []
actuate state mode=None-script, software_lock=False
doing actuation None-script open_channel False
Open M ===>> OK
GetIndicatorState M ===>> OK
change switch state (True, True)
update switch state M True args=() kw={} ncanvase=2
17:17:02 -- OPEN   VALVE-M (Microbone to Getter NP-10)
---------------------------------------- open None (Microbone to Getter NP-10) result=[(True, True)], time=0.14 sec
action=open, ok=True, locked=[False]
close () {'description': 'CO2 Laser to Felix'}
closing name=--- desc=CO2 Laser to Felix
checking ownership. requestor=129.138.12.150
check software interlocks F
interlocks []
actuate state mode=None-script, software_lock=True
VALVE-F(CO2 Laser to Felix) software locked
change switch state (True, False)
---------------------------------------- close None (CO2 Laser to Felix) result=[(True, False)]
action=close, ok=True, locked=[True]
open () {'description': 'CO2 Laser to Jan'}
opening name=--- desc=CO2 Laser to Jan
checking ownership. requestor=129.138.12.150
check software interlocks A
interlocks []
actuate state mode=None-script, software_lock=False
doing actuation None-script open_channel False
Open A ===>> OK
GetIndicatorState A ===>> OK
change switch state (True, True)
update switch state A True args=() kw={} ncanvase=2
17:17:02 -- OPEN   VALVE-A (CO2 Laser to Jan)
---------------------------------------- open None (CO2 Laser to Jan) result=[(True, True)], time=0.12 sec
action=open, ok=True, locked=[False]
open () {'description': 'Microbone to CO2 Laser'}
opening name=--- desc=Microbone to CO2 Laser
checking ownership. requestor=129.138.12.150
check software interlocks T
interlocks []
actuate state mode=None-script, software_lock=False
doing actuation None-script open_channel False
Open T ===>> OK
GetIndicatorState T ===>> OK
change switch state (True, True)
update switch state T True args=() kw={} ncanvase=2
17:17:03 -- OPEN   VALVE-T (Microbone to CO2 Laser)
---------------------------------------- open None (Microbone to CO2 Laser) result=[(True, True)], time=0.41 sec
action=open, ok=True, locked=[False]
executed snippet estimated_duration=0, duration=4.78712296486
PrepareForCO2Analysis.py completed successfully
gosub finished
set_motor ('beam', '1.25') {}
setting motor "beam" to 1.25
set motor beam to 1.25
SetMotor beam,1.25 ===>> OK
GetMotorMoving beam ===>> False
GetMotorMoving beam ===>> False
Block completed
move_to_position ('158',) {'autocenter': True}
FusionsCO2 move to position 158
sending GoToHole 158,True
GoToHole 158,True ===>> OK
GetDriveMoving ===>> OK
GetDriveMoving ===>> OK
GetDriveMoving ===>> OK
GetDriveMoving ===>> OK
GetDriveMoving ===>> OK
GetDriveMoving ===>> OK
GetDriveMoving ===>> False
GetDriveMoving ===>> OK
GetDriveMoving ===>> OK
GetDriveMoving ===>> OK
GetDriveMoving ===>> OK
GetDriveMoving ===>> OK
GetDriveMoving ===>> OK
GetDriveMoving ===>> False
Block completed
GetAutoCorrecting ===>> False
GetAutoCorrecting ===>> False
Block completed
update position
GetPosition ===>> -5.98170,-5.98170,1.00000
got position (-5.9817, -5.9817, 1.0)
move to position succeeded
sleep (5,) {}
SLEEP 5.0
block started
WaitControl setup for 5.0  
Join finished
block finished. duration 5.02680206299
close () {'description': 'Microbone to Turbo'}
closing name=--- desc=Microbone to Turbo
checking ownership. requestor=129.138.12.150
check software interlocks U
interlocks []
actuate state mode=None-script, software_lock=False
doing actuation None-script close_channel True
Close U ===>> OK
GetIndicatorState U ===>> False
change switch state (True, True)
update switch state U False args=() kw={} ncanvase=2
17:17:14 -- CLOSE  VALVE-U (Microbone to Turbo)
---------------------------------------- close None (Microbone to Turbo) result=[(True, True)]
action=close, ok=True, locked=[False]
enable laser
enable () {}
set extraction state FusionsCO2 Enabled (False, 'red', 1.5)
enabling laser
Enable ===>> OK
begin interval
BEGIN INTERVAL Interval 1 waiting for 30.0
block started
set extract to 5.0
WaitControl setup for 30.0  
extract (5.0,) {}
GetPosition ===>> -5.98170,-5.98170,1.00000
set extraction state FusionsCO2 ON! 5.0(watts) (0.75, 'red', 1.5)
extract sample to 5.0 (watts)
set laser output
SetLaserOutput 5.0,watts ===>> OK
executing pattern triangle.lp
execute_pattern ('triangle.lp',) {}
executing pattern triangle.lp
IsPatterning ===>> OK
IsPatterning ===>> OK
IsPatterning ===>> OK
IsPatterning ===>> OK
IsPatterning ===>> OK
IsPatterning ===>> OK
IsPatterning ===>> OK
IsPatterning ===>> OK
IsPatterning ===>> OK
IsPatterning ===>> OK
IsPatterning ===>> OK
IsPatterning ===>> OK
IsPatterning ===>> OK
IsPatterning ===>> OK
IsPatterning ===>> OK
IsPatterning ===>> OK
IsPatterning ===>> OK
IsPatterning ===>> OK
IsPatterning ===>> OK
IsPatterning ===>> OK
IsPatterning ===>> OK
IsPatterning ===>> OK
IsPatterning ===>> OK
IsPatterning ===>> OK
IsPatterning ===>> OK
IsPatterning ===>> OK
IsPatterning ===>> False
IsPatterning ===>> False
Block completed
COMPLETE INTERVAL waiting for Interval 1 to complete
Join finished
block finished. duration 30.0686330795
Interval 1 finished
end_extract () {}
ending extraction. set laser power to 0
set laser power 0
SetLaserPower 0 ===>> OK
disable () {}
%%%%%%%%%%%%%%%%%%%%%%%%%%%%%%%%%%% disable
set extraction state False (0.75, 'red', 1.5)
disabling laser
Disable ===>> OK
sleep (30.0,) {}
SLEEP 30.0
block started
WaitControl setup for 30.0  
Join finished
block finished. duration 30.0893239975
executed snippet estimated_duration=166.5, duration=101.576383829
jan_co2.py completed successfully
GetAchievedOutput ===>> No Response
Requested Output= 0.000
Achieved Output=  0.000
GetResponseBlob ===>> No Response
GetOutputBlob ===>> No Response
persistence save...
persistence save - db
AutomatedRunPersister post_extraction_save deprecated
persistence save - dvc
no extraction position for 158
create new session 4982376208
close session 4982376208
Extraction Finished
17:18:16 -- ******* Extraction Finished *******
no overlap. not waiting for min ms pumptime
17:18:16 -- Sending spectrometer configuration
======== Sending configuration ========
SetDeflection CDD,50.0 ===>> OK
SetDeflection H2,0.0 ===>> OK
SetDeflection H1,0.0 ===>> OK
SetDeflection L2,825.0 ===>> OK
SetDeflection L1,400.0 ===>> OK
SetDeflection AX,190.0 ===>> OK
SetZFocus 74.64 ===>> OK
SetZSymmetry -50.72 ===>> OK
SetExtractionLens 26.13 ===>> OK
SetIonRepeller -3.81 ===>> OK
SetElectronEnergy 75.08 ===>> OK
SetYSymmetry -2.81 ===>> OK
SetIonCounterVoltage 1590.0 ===>> OK
send trap current 200.0
GetParameter Trap Current Readback ===>> 198.258926936459
SetParameter Trap Current Set,200.0 ===>> OK
updating mftable name mftable
Using mftable located at /Users/jan/PychronDev/setupfiles/spectrometer/mftables/mftable.csv
============ MFtable ===========
Isotope  H2     H1     AX     L1     L2     CDD    
Ar40     5.8006 5.8795 5.9928 6.1405 6.2312 6.3688
Ar39     5.6999 5.7717 5.8853 6.0266 6.1163 6.2553
Ar36     5.3774 5.4408 5.5486 5.6855 5.7713 5.9064
================================
get initial guess parabolic
get initial guess parabolic
get initial guess parabolic
get initial guess parabolic
get initial guess parabolic
get initial guess parabolic
======== Configuration Finished ========
GetYSymmetry ===>> -2.81
GetZSymmetry ===>> -50.72
GetParameter Trap Current Readback ===>> 198.594579747299
GetHighVoltage ===>> 4500
start measurement
do measurement
L#=25322 analysis type=unknown
Measurement Started jan_unknown120_60.py
17:18:16 -- ******* Measurement Started jan_unknown120_60.py *******
state changed from extraction to measurement
setting spec, defl, and gains
GetExtractionLens ===>> 26.13
GetYSymmetry ===>> -2.81
GetZSymmetry ===>> -50.72
GetZFocus ===>> 74.64
GetDeflection H2 ===>> 0
GetDeflection H1 ===>> 0
GetDeflection AX ===>> 190
GetDeflection L1 ===>> 400
GetDeflection L2 ===>> 825
GetDeflection CDD ===>> 50
GetGain H2 ===>> 0.0113
GetGain H1 ===>> 0.1
GetGain AX ===>> 0.097049
GetGain L1 ===>> 0.010355
GetGain L2 ===>> 0.095649
GetGain CDD ===>> 0
pre measurement save
New frame /Users/jan/PychronDev/data/isotopes/82/da3f29-87ff-49ab-8d8e-056f623ffbc9.h5
flush and close file /Users/jan/PychronDev/data/isotopes/82/da3f29-87ff-49ab-8d8e-056f623ffbc9.h5
testing...
no interpolation path defined
executed snippet estimated_duration=226.132928, duration=0.000241041183472
unknown measurement script
activate_detectors ('H2', 'H1', 'AX', 'L1', 'L2', 'CDD') {}
activate detectors
*************** Set Analysis View Ar/Ar
create graphs
clearing graphs
clear isotope group
setting isotope det=H2, iso=PM41
setting isotope det=H1, iso=Ar40
setting isotope det=AX, iso=Ar39
setting isotope det=L1, iso=Ar38
setting isotope det=L2, iso=Ar37
setting isotope det=CDD, iso=Ar36
setting previous blanks
 - setting Ar40 blank 0.203+/-0.007
 - setting Ar36 blank 0.00472+/-0.00017
 - setting Ar37 blank 0.048+/-0.005
 - setting Ar38 blank 0.0062+/-0.0021
 - setting PM41 blank 0.04+/-0.07
 - setting Ar39 blank 0.020+/-0.009
load analysis view
position_magnet ('Ar40',) {'detector': 'H1'}
detector Detector(H1)
POSITION Ar40 H1
setting detector H2 to PM41 (40.9624)
setting detector H1 to Ar40 (39.9624)
setting detector AX to Ar39 (38.9624)
setting detector L1 to Ar38 (37.9624)
setting detector L2 to Ar37 (36.9624)
setting detector CDD to Ar36 (35.9624)
Mapping mass to dac mass func: "parabolic"
H1 map mass coeffs = [-0.00063987  0.15840543  0.57108999]
H1 map mass to dac 39.9624 >> 5.87948
GetDeflection H1 ===>> 0
GetHighVoltage ===>> 4500
positioning Ar40 (5.87948) on H1
setting magnet DAC
current  : 5.879480
requested: 5.879480
Delta Dac: 0.000000
Checking detector protection. dv=0.00000
Checking detector "CDD". Protection Threshold: 0.1 (V)
SetMagnetDAC 5.87948 ===>> OK
equilibrate () {'delay': 3, 'inlet': 'R', 'outlet': 'O', 'eqtime': 12.0}
Equilibration Started
17:18:17 -- ******* Equilibration Started *******
checking ownership. requestor=129.138.12.150
check software interlocks O
interlocks []
actuate state mode=None-script, software_lock=False
doing actuation None-script close_channel True
Close O ===>> OK
GetIndicatorState O ===>> False
change switch state (True, True)
update switch state O False args=() kw={} ncanvase=2
17:18:17 -- CLOSE  VALVE-O (Jan Ion Pump)
waiting 3s before opening inlet value ('R',)
update labels <pychron.experiment.plot_panel.PlotPanel object at 0x196a21710>
update labels "<pychron.graph.stacked_regression_graph.StackedRegressionGraph object at 0x19c47b890>"
setting label 0 H2 PM41
setting label 1 H1 Ar40
setting label 2 AX Ar39
setting label 3 L1 Ar38
setting label 4 L2 Ar37
setting label 5 CDD Ar36
update labels "<pychron.graph.stacked_graph.StackedGraph object at 0x19c060410>"
setting label 0 H2 PM41
setting label 1 H1 Ar40
setting label 2 AX Ar39
setting label 3 L1 Ar38
setting label 4 L2 Ar37
setting label 5 CDD Ar36
checking ownership. requestor=129.138.12.150
check software interlocks R
interlocks []
actuate state mode=None-script, software_lock=False
doing actuation None-script open_channel True
Open R ===>> OK
GetIndicatorState R ===>> OK
change switch state (True, True)
update switch state R True args=() kw={} ncanvase=2
17:18:21 -- OPEN   VALVE-R (Jan Inlet)
set_time_zero () {}
equilibrating for 12.0sec
sniff (12.0,) {}
py_sniff
build tables- sniff [Detector(H2), Detector(H1), Detector(AX), Detector(L1), Detector(L2), Detector(CDD)]
add group /sniff/PM41 (Group) '' table H2
add group /sniff/Ar40 (Group) '' table H1
add group /sniff/Ar39 (Group) '' table AX
add group /sniff/Ar38 (Group) '' table L1
add group /sniff/Ar37 (Group) '' table L2
add group /sniff/Ar36 (Group) '' table CDD
flush and close file /Users/jan/PychronDev/data/isotopes/82/da3f29-87ff-49ab-8d8e-056f623ffbc9.h5
measuring sniff. ncounts=12.0
"sniff" increment series count="1" fit count="0" regressing="False"
starting measurement
GetData ===>> H2,0.203223580852006,H1,174.550494124737,AX,23.601632328924,L1,0.073575058441631,L2,0.21015740416...
GetData ===>> H2,1.03489798178056,H1,998.483807988162,AX,129.288422315005,L1,0.796483055986135,L2,0.57137907712...
GetData ===>> H2,0.389703389629632,H1,1373.99438816579,AX,172.353995162885,L1,1.51417970152537,L2,0.51164813400...
GetData ===>> H2,0.0557258632206007,H1,1496.6355861534,AX,184.607665719691,L1,1.90712811194024,L2,0.47955783086...
GetData ===>> H2,0.0104678544613692,H1,1541.71194289912,AX,189.303404823902,L1,2.11512667340119,L2,0.4636594591...
GetData ===>> H2,-0.0612462869285063,H1,1560.27984996821,AX,191.017093914806,L1,2.24160343306371,L2,0.429288526...
GetData ===>> H2,-0.00309141038149436,H1,1567.64663372577,AX,191.811891848807,L1,2.33146157450706,L2,0.49198597...
GetData ===>> H2,0.0263654454776806,H1,1570.87431637677,AX,191.98235906328,L1,2.38705731420876,L2,0.37887414484...
GetData ===>> H2,-0.0630657376898222,H1,1572.99924352463,AX,192.074673645075,L1,2.3950049420339,L2,0.4981549609...
GetData ===>> H2,-0.121573640527388,H1,1573.64099463638,AX,192.128653532401,L1,2.42925172325578,L2,0.4503557359...
GetData ===>> H2,-0.0613357749139794,H1,1573.02756813841,AX,191.856180387428,L1,2.44392400638993,L2,0.527634459...
Equilibration Finished
17:18:33 -- ******* Equilibration Finished *******
GetData ===>> H2,-0.0447549359407966,H1,1572.88077612334,AX,192.011815979454,L1,2.42545556670297,L2,0.332367465...
checking ownership. requestor=129.138.12.150
check software interlocks R
interlocks []
actuate state mode=None-script, software_lock=False
doing actuation None-script close_channel True
Close R ===>> OK
GetIndicatorState R ===>> False
change switch state (True, True)
update switch state R False args=() kw={} ncanvase=2
17:18:33 -- CLOSE  VALVE-R (Jan Inlet)
Post Equilibration Started jan_pump_extraction_line.py
17:18:33 -- ******* Post Equilibration Started jan_pump_extraction_line.py *******
testing...
no interpolation path defined
calculate duration
testing...
no interpolation path defined
executed snippet estimated_duration=4.0, duration=0.000147104263306
executed snippet estimated_duration=4.0, duration=0.00144910812378
Pump after analysis
doing GOSUB
testing...
no interpolation path defined
executed snippet estimated_duration=4.0, duration=0.000134944915771
Pump Microbone
close () {'description': 'Jan Inlet'}
closing name=--- desc=Jan Inlet
checking ownership. requestor=129.138.12.150
check software interlocks R
interlocks []
actuate state mode=None-script, software_lock=False
doing actuation None-script close_channel False
Close R ===>> OK
measurement finished
estimated time: 12.583 actual time: :12.667
flush and close file /Users/jan/PychronDev/data/isotopes/82/da3f29-87ff-49ab-8d8e-056f623ffbc9.h5
set_fits () {}
using default fits file=/Users/jan/PychronDev/scripts/measurement/fits/nominal_linear.yaml
set "Ar40" to "('Linear', 'SEM')"
No fit for "PM41". defaulting to linear. check the measurement script "jan_unknown120_60.py"
set "PM41" to "linear"
set "Ar36" to "('Linear', 'SEM')"
set "Ar37" to "('linear', 'SEM')"
set "Ar38" to "('linear', 'SEM')"
set "Ar39" to "('Linear', 'SEM')"
set_baseline_fits () {}
using default fits file=/Users/jan/PychronDev/scripts/measurement/fits/nominal_linear.yaml
set "H1" to "('average', 'SEM')"
set "H2" to "('average', 'SEM')"
set "CDD" to "('average', 'SEM')"
set "L2" to "('average', 'SEM')"
set "L1" to "('average', 'SEM')"
set "AX" to "('average', 'SEM')"
multicollect () {'integration_time': 1, 'ncounts': 120}
build tables- signal [Detector(H2), Detector(H1), Detector(AX), Detector(L1), Detector(L2), Detector(CDD)]
add group /signal/PM41 (Group) '' table H2
GetIndicatorState R ===>> False
add group /signal/Ar40 (Group) '' table H1
change switch state (True, True)
add group /signal/Ar39 (Group) '' table AX
update switch state R False args=() kw={} ncanvase=2
add group /signal/Ar38 (Group) '' table L1
add group /signal/Ar37 (Group) '' table L2
add group /signal/Ar36 (Group) '' table CDD
flush and close file /Users/jan/PychronDev/data/isotopes/82/da3f29-87ff-49ab-8d8e-056f623ffbc9.h5
measuring signal. ncounts=120
17:18:34 -- CLOSE  VALVE-R (Jan Inlet)
---------------------------------------- close None (Jan Inlet) result=[(True, True)]
action=close, ok=True, locked=[False]
is_closed ('F',) {}
is F () closed?
is closed True
open () {'description': 'CO2 Laser to Jan'}
opening name=--- desc=CO2 Laser to Jan
checking ownership. requestor=129.138.12.150
check software interlocks A
interlocks []
actuate state mode=None-script, software_lock=False
doing actuation None-script open_channel False
Open A ===>> OK
GetIndicatorState A ===>> OK
change switch state (True, True)
update switch state A True args=() kw={} ncanvase=2
17:18:34 -- OPEN   VALVE-A (CO2 Laser to Jan)
---------------------------------------- open None (CO2 Laser to Jan) result=[(True, True)], time=0.13 sec
starting measurement
GetData ===>> H2,-0.0204702779344734,H1,1572.93858116491,AX,192.020893133564,L1,2.45354859226268,L2,0.381535288...
"signal" increment series count="2" fit count="1" regressing="True"
action=open, ok=True, locked=[False]
sleep (1,) {}
SLEEP 1.0
GetData ===>> H2,-0.00141274280758987,H1,1573.01425122967,AX,192.121092674981,L1,2.4709967249925,L2,0.462506016...
close () {'description': 'CO2 Laser to Roughing'}
closing name=--- desc=CO2 Laser to Roughing
checking ownership. requestor=129.138.12.150
check software interlocks G
interlocks []
actuate state mode=None-script, software_lock=True
VALVE-G(CO2 Laser to Roughing) software locked
change switch state (True, False)
---------------------------------------- close None (CO2 Laser to Roughing) result=[(True, False)]
action=close, ok=True, locked=[True]
open () {'description': 'Microbone to Turbo'}
opening name=--- desc=Microbone to Turbo
checking ownership. requestor=129.138.12.150
check software interlocks U
interlocks []
actuate state mode=None-script, software_lock=False
doing actuation None-script open_channel True
Open U ===>> OK
GetIndicatorState U ===>> OK
change switch state (True, True)
update switch state U True args=() kw={} ncanvase=2
17:18:36 -- OPEN   VALVE-U (Microbone to Turbo)
---------------------------------------- open None (Microbone to Turbo) result=[(True, True)], time=0.17 sec
action=open, ok=True, locked=[False]
open () {'description': 'Microbone to Getter NP-10'}
opening name=--- desc=Microbone to Getter NP-10
checking ownership. requestor=129.138.12.150
check software interlocks M
interlocks []
actuate state mode=None-script, software_lock=False
doing actuation None-script open_channel False
Open M ===>> OK
GetIndicatorState M ===>> OK
change switch state (True, True)
update switch state M True args=() kw={} ncanvase=2
17:18:36 -- OPEN   VALVE-M (Microbone to Getter NP-10)
---------------------------------------- open None (Microbone to Getter NP-10) result=[(True, True)], time=0.16 sec
action=open, ok=True, locked=[False]
open () {'description': 'Microbone to Getter D-50'}
opening name=--- desc=Microbone to Getter D-50
checking ownership. requestor=129.138.12.150
check software interlocks K
interlocks []
actuate state mode=None-script, software_lock=False
doing actuation None-script open_channel False
GetData ===>> H2,-0.0627322386797424,H1,1572.43276447697,AX,192.1410097161,L1,2.49887853901175,L2,0.41283496406...
Open K ===>> OK
GetIndicatorState K ===>> OK
change switch state (True, True)
update switch state K True args=() kw={} ncanvase=2
17:18:37 -- OPEN   VALVE-K (Microbone to Getter D-50)
---------------------------------------- open None (Microbone to Getter D-50) result=[(True, True)], time=0.40 sec
action=open, ok=True, locked=[False]
open () {'description': 'Microbone to CO2 Laser'}
opening name=--- desc=Microbone to CO2 Laser
checking ownership. requestor=129.138.12.150
check software interlocks T
interlocks []
actuate state mode=None-script, software_lock=False
doing actuation None-script open_channel False
Open T ===>> OK
GetIndicatorState T ===>> OK
change switch state (True, True)
update switch state T True args=() kw={} ncanvase=2
17:18:37 -- OPEN   VALVE-T (Microbone to CO2 Laser)
---------------------------------------- open None (Microbone to CO2 Laser) result=[(True, True)], time=0.40 sec
GetData ===>> H2,0.00284435824756891,H1,1571.4030943454,AX,191.91408748656,L1,2.47700662732129,L2,0.42317524152...
action=open, ok=True, locked=[False]
open () {'description': 'Microbone to Inlet Pipette'}
opening name=--- desc=Microbone to Inlet Pipette
checking ownership. requestor=129.138.12.150
check software interlocks S
interlocks []
actuate state mode=None-script, software_lock=False
doing actuation None-script open_channel False
Open S ===>> OK
GetIndicatorState S ===>> OK
change switch state (True, True)
update switch state S True args=() kw={} ncanvase=2
17:18:38 -- OPEN   VALVE-S (Microbone to Inlet Pipette)
---------------------------------------- open None (Microbone to Inlet Pipette) result=[(True, True)], time=0.41 sec
action=open, ok=True, locked=[False]
sleep (1,) {}
SLEEP 1.0
GetData ===>> H2,-0.00690218452526066,H1,1570.86428833674,AX,191.88395704561,L1,2.44910007200998,L2,0.434727964...
set_resource () {'name': 'CO2PumpTimeFlag', 'value': 30}
Set CO2PumpTimeFlag 30 ===>> OK
release ('JanCO2Flag',) {}
release JanCO2Flag
Set JanCO2Flag 0 ===>> OK
executed snippet estimated_duration=6.0, duration=5.90180397034
PumpMicrobone.py completed successfully
gosub finished
get_resource_value () {'name': 'JanMiniboneFlag'}
Read JanMiniboneFlag ===>> 0
Get Resource Value JanMiniboneFlag=0.0
get resource value 0.0
get_resource_value () {'name': 'JanMiniboneFlag'}
Read JanMiniboneFlag ===>> 0
Get Resource Value JanMiniboneFlag=0.0
executed snippet estimated_duration=4.0, duration=5.91352915764
jan_pump_extraction_line.py completed successfully
Post Equilibration Finished
17:18:39 -- ******* Post Equilibration Finished *******
GetData ===>> H2,-0.0954569290922376,H1,1570.68865746173,AX,191.816798611053,L1,2.4674545122685,L2,0.4833729185...
GetData ===>> H2,-0.147831119337205,H1,1570.04747669228,AX,191.71900938284,L1,2.45974336138183,L2,0.34436592359...
GetData ===>> H2,-0.13068858266062,H1,1569.4164386648,AX,191.442263958632,L1,2.44881334796944,L2,0.412275135568...
GetData ===>> H2,-0.151562491774694,H1,1568.56695424944,AX,191.693338125203,L1,2.47332826555242,L2,0.3775835740...
GetData ===>> H2,-0.0956478942809339,H1,1568.10144189476,AX,191.350942387606,L1,2.4702178550017,L2,0.4339280278...
GetData ===>> H2,-0.0836489810183222,H1,1567.69415570579,AX,191.454892150437,L1,2.45415865005388,L2,0.519898070...
GetData ===>> H2,-0.0344041078785138,H1,1567.06160278001,AX,191.312438756981,L1,2.42896659735935,L2,0.523223384...
GetData ===>> H2,-0.00542399461270297,H1,1566.46741962529,AX,191.390811169063,L1,2.41558857811739,L2,0.42740307...
GetData ===>> H2,0.0806334642942323,H1,1565.08122517879,AX,191.490322532231,L1,2.43151819236643,L2,0.3806330037...
GetData ===>> H2,-0.0444901522924909,H1,1564.03786146239,AX,191.358464602977,L1,2.45864488998714,L2,0.359620176...
GetData ===>> H2,-0.0268617566608305,H1,1563.71928982176,AX,191.150043264843,L1,2.45528552259655,L2,0.318795378...
GetData ===>> H2,-0.0472897580992074,H1,1563.12478751024,AX,190.988754831144,L1,2.43473648115869,L2,0.470888779...
GetData ===>> H2,-0.153038917714948,H1,1562.91492856031,AX,190.947437337032,L1,2.4287904146754,L2,0.35701673401...
GetData ===>> H2,-0.134410722600245,H1,1563.00876340503,AX,190.994086765634,L1,2.43806039650727,L2,0.3708797382...
GetData ===>> H2,-0.172448144705194,H1,1562.49070673918,AX,190.815890963851,L1,2.4351062049137,L2,0.48261902689...
GetData ===>> H2,-0.146181793641507,H1,1561.25060301338,AX,190.931652623043,L1,2.44674861137966,L2,0.4824362661...
GetData ===>> H2,-0.0727102140718248,H1,1560.28079436212,AX,190.850605664734,L1,2.38741973430192,L2,0.445057599...
GetData ===>> H2,-0.0211846559593104,H1,1559.82431763118,AX,190.642488007697,L1,2.40803971874176,L2,0.358809447...
GetData ===>> H2,-0.144503855019437,H1,1559.60233454649,AX,190.696825999771,L1,2.43239934625619,L2,0.4531305232...
17:19:00 -- collecting point 25
GetData ===>> H2,-0.223100569442681,H1,1558.62282648116,AX,190.72078496128,L1,2.42391084416996,L2,0.53740582764...
GetData ===>> H2,-0.159227826077008,H1,1558.19600718234,AX,190.552999231879,L1,2.4039760640326,L2,0.37742368154...
GetData ===>> H2,-0.140721503229288,H1,1557.861307334,AX,190.443024311227,L1,2.42923289396499,L2,0.501091078313...
GetData ===>> H2,-0.143266182421781,H1,1557.2763669254,AX,190.099237619085,L1,2.4394389251955,L2,0.434225146436...
GetData ===>> H2,-0.1092114056963,H1,1556.55191618762,AX,190.314580051136,L1,2.39861830944495,L2,0.453073428072...
GetData ===>> H2,0.00902301160457782,H1,1556.21496042511,AX,190.201558681513,L1,2.40157483049967,L2,0.462860041...
GetData ===>> H2,-0.0290463328886229,H1,1554.72386222484,AX,190.009092930391,L1,2.45247130796644,L2,0.340712570...
GetData ===>> H2,0.0364426878549135,H1,1553.72159170864,AX,189.652738056409,L1,2.46617209804741,L2,0.5112367983...
GetData ===>> H2,-0.0780657242929564,H1,1553.37013475898,AX,189.837940818777,L1,2.45038974712531,L2,0.511785246...
GetData ===>> H2,-0.0403972127402825,H1,1553.09611695475,AX,189.836543242403,L1,2.47364501480321,L2,0.424957766...
GetData ===>> H2,-0.0472449589624939,H1,1552.1244451215,AX,189.734027795815,L1,2.44452950775613,L2,0.3533514808...
GetData ===>> H2,-0.106915928883637,H1,1551.72066293967,AX,189.725642986474,L1,2.37721334563776,L2,0.3479851635...
GetData ===>> H2,-0.0804966272168603,H1,1551.13076965438,AX,189.63325103672,L1,2.40348718083587,L2,0.3994913705...
GetData ===>> H2,-0.0623024714802506,H1,1550.60422503103,AX,189.481109153764,L1,2.40747945185107,L2,0.439950572...
GetData ===>> H2,-0.0272150125357539,H1,1549.92270682769,AX,189.566189832157,L1,2.38021647397919,L2,0.379399514...
GetData ===>> H2,-0.0489689198580681,H1,1549.23801354012,AX,189.675066977102,L1,2.38192428201251,L2,0.402987029...
GetData ===>> H2,-0.0271661008367652,H1,1548.82629052826,AX,189.430206983428,L1,2.40065771578886,L2,0.553865118...
GetData ===>> H2,-0.0890055676098222,H1,1547.92831869299,AX,189.406646729453,L1,2.39666249089002,L2,0.401570472...
GetData ===>> H2,-0.142694591515311,H1,1548.06189763353,AX,189.188277304267,L1,2.40591434536529,L2,0.4656808730...
GetData ===>> H2,-0.135984690570575,H1,1547.32085497501,AX,189.412621857291,L1,2.40982012807754,L2,0.4667315683...
GetData ===>> H2,-0.147492088352388,H1,1545.80491713509,AX,189.27508079429,L1,2.38705328738434,L2,0.52235490657...
GetData ===>> H2,-0.0508514042565175,H1,1545.75394924868,AX,189.097336499301,L1,2.39388216527594,L2,0.517224190...
GetData ===>> H2,0.0109195754302454,H1,1544.71241048449,AX,189.06008974348,L1,2.37056359117936,L2,0.52612598623...
GetData ===>> H2,-0.00156103051816078,H1,1544.53843078797,AX,188.971111731242,L1,2.37216409771703,L2,0.34060982...
GetData ===>> H2,-0.0541555179650367,H1,1544.18869389707,AX,188.772878821873,L1,2.42308277713279,L2,0.429791319...
17:19:26 -- collecting point 50
GetData ===>> H2,-0.122504154017087,H1,1543.42942343659,AX,188.658241282726,L1,2.41525006591281,L2,0.4503443172...
GetData ===>> H2,-0.185714401422414,H1,1542.56170658767,AX,188.661325756481,L1,2.39491370443934,L2,0.4537928300...
GetData ===>> H2,-0.195830481744025,H1,1542.24455640144,AX,188.517778984709,L1,2.36561459624565,L2,0.3722730010...
GetData ===>> H2,-0.142036483093464,H1,1541.1945628388,AX,188.38270803636,L1,2.33825198920444,L2,0.468867256122...
GetData ===>> H2,-0.12868850714204,H1,1541.71308494073,AX,188.405603841349,L1,2.33468008274269,L2,0.39339140803...
GetData ===>> H2,-0.0480988273300332,H1,1540.67581735418,AX,188.375700595229,L1,2.34355091740058,L2,0.416982366...
GetData ===>> H2,-0.0693161371249996,H1,1540.52130650413,AX,188.405398383273,L1,2.35953393447457,L2,0.520160892...
GetData ===>> H2,-0.161954412525651,H1,1539.43762834187,AX,188.067404486111,L1,2.37834931652428,L2,0.4126635876...
GetData ===>> H2,-0.183231073417277,H1,1538.65792323704,AX,188.115358031123,L1,2.36891770825159,L2,0.3309633672...
GetData ===>> H2,-0.0457732772287839,H1,1538.17503415006,AX,187.770616130836,L1,2.34043446475977,L2,0.408859110...
GetData ===>> H2,-0.0222235479262323,H1,1537.89770875146,AX,187.884876944564,L1,2.41446260771934,L2,0.418513409...
GetData ===>> H2,0.050065046506683,H1,1537.12361639722,AX,187.913059463084,L1,2.42782751059117,L2,0.50330750661...
GetData ===>> H2,-0.0875465582603693,H1,1536.38617412531,AX,187.793745414576,L1,2.40253499393969,L2,0.339685090...
GetData ===>> H2,-0.1563276604207,H1,1535.7821190218,AX,187.597136391149,L1,2.40240070042677,L2,0.4978465024679...
GetData ===>> H2,-0.173424815699269,H1,1535.24211134013,AX,187.724157268596,L1,2.36213684903185,L2,0.3305866614...
GetData ===>> H2,-0.135904915660485,H1,1534.62939163557,AX,187.712306011991,L1,2.36959239724545,L2,0.4298141733...
GetData ===>> H2,-0.0861545262999633,H1,1533.88726808004,AX,187.720533441013,L1,2.35324596868071,L2,0.459468301...
GetData ===>> H2,-0.052203017981893,H1,1533.20805385599,AX,187.762937371454,L1,2.34200798455572,L2,0.4802545870...
GetData ===>> H2,-0.0916775961908122,H1,1533.4208794991,AX,187.57969042983,L1,2.35641578707589,L2,0.43204248929...
GetData ===>> H2,-0.0473033335603947,H1,1532.70303992909,AX,187.567939217706,L1,2.37238145144478,L2,0.389679074...
GetData ===>> H2,-0.158655146063706,H1,1532.04742032082,AX,187.470870342812,L1,2.35169902414873,L2,0.4220326146...
GetData ===>> H2,-0.190645719542327,H1,1530.8214028776,AX,187.31442246547,L1,2.33927890497524,L2,0.476805122360...
GetData ===>> H2,-0.0360387802393522,H1,1530.4856487699,AX,187.25767823163,L1,2.37396343000475,L2,0.42407792641...
GetData ===>> H2,-0.0938979372188123,H1,1529.69406425331,AX,187.276841466442,L1,2.31776209407241,L2,0.382791647...
GetData ===>> H2,-0.148687431349076,H1,1529.57189753667,AX,187.083253917568,L1,2.34930663905055,L2,0.4454458152...
17:19:52 -- collecting point 75
GetData ===>> H2,-0.0763011649812123,H1,1528.83531567982,AX,187.164732909438,L1,2.38366052832221,L2,0.455185973...
GetData ===>> H2,-0.0456442923679377,H1,1528.32446212925,AX,186.959328839754,L1,2.4006228051367,L2,0.5007254868...
GetData ===>> H2,-0.0459959423934304,H1,1527.59421339613,AX,187.063896109333,L1,2.37527964230441,L2,0.444954836...
GetData ===>> H2,-0.0978119421886336,H1,1526.64057932316,AX,186.932151046622,L1,2.430951868703,L2,0.35928903303...
GetData ===>> H2,-0.132629603759052,H1,1525.85339322071,AX,186.675358707763,L1,2.42297524041818,L2,0.3528490894...
GetData ===>> H2,-0.179830957821542,H1,1526.2063392794,AX,186.769790862031,L1,2.41602382302494,L2,0.46093004698...
GetData ===>> H2,-0.216199728239351,H1,1525.93014139128,AX,186.721034849569,L1,2.38288361222252,L2,0.4473983349...
GetData ===>> H2,-0.0431978912797186,H1,1524.93442298205,AX,186.513786026761,L1,2.36474170668749,L2,0.544537840...
GetData ===>> H2,-0.0326334008404934,H1,1524.01603244349,AX,186.3717664004,L1,2.35748097873837,L2,0.36700840095...
GetData ===>> H2,-0.0748345564021569,H1,1523.6549128518,AX,186.349196382742,L1,2.32276028097714,L2,0.4060943892...
GetData ===>> H2,-0.0539384393051197,H1,1522.94569926387,AX,186.148391874289,L1,2.31208667661417,L2,0.329102683...
GetData ===>> H2,-0.0133267533410772,H1,1522.43699161247,AX,186.181661261647,L1,2.32628817780376,L2,0.422135450...
GetData ===>> H2,-0.0965336057539096,H1,1521.33224189473,AX,186.490415269805,L1,2.37179514266477,L2,0.351524615...
GetData ===>> H2,-0.0759962018743982,H1,1521.04066407229,AX,186.203881913803,L1,2.41785364738648,L2,0.408916233...
GetData ===>> H2,-0.114631605229749,H1,1520.49332430901,AX,186.19012704708,L1,2.42599606787289,L2,0.43398516599...
GetData ===>> H2,-0.05528833006627,H1,1520.0682030677,AX,186.23203028218,L1,2.39302665040086,L2,0.4577553472914...
GetData ===>> H2,-0.160995657996064,H1,1519.81613826408,AX,185.973754776535,L1,2.38418521182781,L2,0.4243407350...
GetData ===>> H2,-0.0978810007621726,H1,1518.28680418257,AX,185.918917067998,L1,2.34341429500955,L2,0.493162625...
GetData ===>> H2,-0.0980055759511509,H1,1517.42846498101,AX,185.704150483783,L1,2.33759197423259,L2,0.420067328...
GetData ===>> H2,-0.0646016049590951,H1,1517.0015826757,AX,185.643126858372,L1,2.30944434551136,L2,0.4011934893...
GetData ===>> H2,-0.108657118293907,H1,1516.1329071229,AX,185.694038975505,L1,2.31788113636712,L2,0.33064373799...
GetData ===>> H2,-0.0754214936203907,H1,1516.38972510186,AX,185.48732565291,L1,2.34170531597962,L2,0.4265574970...
GetData ===>> H2,-0.136607997248413,H1,1515.91466813872,AX,185.49976493508,L1,2.35285988287548,L2,0.45753837525...
GetData ===>> H2,-0.0385392122888064,H1,1515.17304631414,AX,185.610514904105,L1,2.33895890420909,L2,0.422501089...
GetData ===>> H2,-0.0339112162981789,H1,1514.5633656713,AX,185.321761292273,L1,2.29332747107087,L2,0.4635795171...
17:20:19 -- collecting point 100
GetData ===>> H2,-0.035043613113107,H1,1513.98528012765,AX,185.003014711751,L1,2.29493999398117,L2,0.4400419989...
GetData ===>> H2,0.02276974929265,H1,1513.03454254553,AX,185.150836972075,L1,2.31408455799917,L2,0.460587448428...
GetData ===>> H2,-0.131939801539738,H1,1512.43308874355,AX,185.226547674297,L1,2.35313335895175,L2,0.5152473958...
GetData ===>> H2,-0.147261109246519,H1,1511.38274019767,AX,184.975644467459,L1,2.34773075753634,L2,0.3996170293...
GetData ===>> H2,-0.216828481910962,H1,1511.15610917763,AX,185.052924669766,L1,2.30566455217501,L2,0.4381906245...
GetData ===>> H2,-0.169961570345661,H1,1511.16120911017,AX,184.92944183429,L1,2.32718638918556,L2,0.49645273950...
GetData ===>> H2,-0.137094720516322,H1,1510.07323817908,AX,184.972636243298,L1,2.32369701958134,L2,0.4346593982...
GetData ===>> H2,-0.133944169521511,H1,1509.55502014064,AX,184.911592395617,L1,2.3334785592253,L2,0.42919711037...
GetData ===>> H2,-0.0925581982200369,H1,1508.51817110987,AX,184.759779260663,L1,2.36620326506613,L2,0.402130238...
GetData ===>> H2,-0.147631213847422,H1,1508.64473168092,AX,184.942383161412,L1,2.36732168655792,L2,0.4616837681...
GetData ===>> H2,-0.196568268849664,H1,1507.90109522971,AX,184.877346081924,L1,2.38746940018615,L2,0.4456627598...
GetData ===>> H2,-0.215859082630214,H1,1506.96346248692,AX,184.649541853107,L1,2.35692224298634,L2,0.2620850902...
GetData ===>> H2,-0.16426184262449,H1,1506.52027066459,AX,184.485490710547,L1,2.33775663965365,L2,0.33494740664...
GetData ===>> H2,-0.120432034330394,H1,1505.98554243293,AX,184.580767035478,L1,2.31736886220356,L2,0.3832713527...
GetData ===>> H2,-0.119932883703719,H1,1505.38908579374,AX,184.489489726403,L1,2.31945689373431,L2,0.4646530301...
GetData ===>> H2,-0.145449583647143,H1,1505.34504795653,AX,184.532580519347,L1,2.32726537096875,L2,0.4676109634...
GetData ===>> H2,-0.0785413766191389,H1,1504.93786624955,AX,184.622602664324,L1,2.32302925078073,L2,0.452753695...
GetData ===>> H2,-0.041902120274762,H1,1503.56263475744,AX,184.450158439222,L1,2.34035412072347,L2,0.3845048914...
GetData ===>> H2,-0.0961611819697296,H1,1502.99075885504,AX,184.214166292894,L1,2.33257180881547,L2,0.430876902...
GetData ===>> H2,-0.191747117783854,H1,1502.76278142323,AX,184.159275479909,L1,2.33505918538517,L2,0.3714850056...
GetData ===>> H2,-0.124799004408945,H1,1502.07486744339,AX,184.171805712436,L1,2.32279908716809,L2,0.3758133503...
measurement finished
estimated time: 125.829 actual time: :126.148
flush and close file /Users/jan/PychronDev/data/isotopes/82/da3f29-87ff-49ab-8d8e-056f623ffbc9.h5
baselines () {'settling_time': 15.0, 'detector': 'H1', 'mass': 34.2, 'ncounts': 60}
%%%%%%%%%%%%%%%%%%%%%%%%%%%%%%%% Baseline
build tables- baseline [Detector(H2), Detector(H1), Detector(AX), Detector(L1), Detector(L2), Detector(CDD)]
add group baseline table H2
add group baseline table H1
add group baseline table AX
add group baseline table L1
add group baseline table L2
add group baseline table CDD
flush and close file /Users/jan/PychronDev/data/isotopes/82/da3f29-87ff-49ab-8d8e-056f623ffbc9.h5
detector Detector(H1)
POSITION 34.2 H1
Mapping mass to dac mass func: "parabolic"
H1 map mass coeffs = [-0.00063987  0.15840543  0.57108999]
H1 map mass to dac 34.2 >> 5.24013599104
GetDeflection H1 ===>> 0
GetHighVoltage ===>> 4500
positioning 34.2 (5.24013599104) on H1
setting magnet DAC
current  : 5.879480
requested: 5.240136
Delta Dac: 0.639344
Checking detector protection. dv=0.63934
Checking detector "CDD". Protection Threshold: 0.1 (V)
ProtectDetector CDD,On ===>> OK
GetDeflection CDD ===>> 2000
Protected = 2000
SetMagnetDAC 5.24013599104 ===>> OK
Magnet settling time: 0.500
GetMagnetMoving ===>> True
GetMagnetMoving ===>> True
GetMagnetMoving ===>> True
GetMagnetMoving ===>> True
GetMagnetMoving ===>> True
GetMagnetMoving ===>> True
GetMagnetMoving ===>> True
GetMagnetMoving ===>> True
GetMagnetMoving ===>> False
ProtectDetector CDD,Off ===>> OK
GetDeflection CDD ===>> 50
Delaying 15.0s for detectors to settle
Join finished
measuring baseline. ncounts=60
"baseline" increment series count="2" fit count="1" regressing="True"
starting measurement
GetData ===>> H2,-0.163027851271621,H1,-0.101928123581518,AX,-0.228242327896257,L1,-0.0170438882892049,L2,0.064...
GetData ===>> H2,-0.270533313077239,H1,-0.0915960366386635,AX,-0.152739308732693,L1,-0.0468381804542732,L2,-0.0...
GetData ===>> H2,-0.351634504336021,H1,-0.0962319031154511,AX,-0.0528963780463599,L1,-0.0211518698938388,L2,-0....
GetData ===>> H2,-0.27984724365024,H1,-0.0321568805938586,AX,-0.128289235554728,L1,-0.0514118107540918,L2,-0.08...
GetData ===>> H2,-0.195888481375758,H1,-0.0470974791099142,AX,-0.0362684773569463,L1,-0.0475311797966969,L2,0.0...
GetData ===>> H2,-0.181562176011435,H1,-0.0389179863795384,AX,-0.144264014309088,L1,-0.042390596316283,L2,0.027...
GetData ===>> H2,-0.199638942560878,H1,-0.0138626397794937,AX,-0.135857555068196,L1,-0.0423750293078473,L2,-0.0...
GetData ===>> H2,-0.242611612140735,H1,-0.0351737972804188,AX,-0.0316297834682052,L1,-0.0461810436604823,L2,-0....
GetData ===>> H2,-0.282494810656444,H1,-0.0599615385646455,AX,-0.101360815751874,L1,-0.048181047663228,L2,-0.09...
GetData ===>> H2,-0.230461488002187,H1,-0.00869814523951613,AX,0.0108245347090616,L1,-0.064585396532528,L2,-0.0...
GetData ===>> H2,-0.237290317297915,H1,-0.0233321753668968,AX,-0.11526626618766,L1,-0.0615172061755429,L2,-0.17...
GetData ===>> H2,-0.271714434818538,H1,0.0510528377898336,AX,-0.165526214360332,L1,-0.034735904560277,L2,-0.015...
GetData ===>> H2,-0.177145224233977,H1,0.0333314243628148,AX,-0.119275301925551,L1,-0.0765288811816055,L2,-0.04...
GetData ===>> H2,-0.196082710535771,H1,-0.0734199381108301,AX,-0.121581001979818,L1,-0.0413631220307101,L2,0.05...
GetData ===>> H2,-0.229933848027648,H1,-0.0577322046421134,AX,-0.132008108736244,L1,-0.0261017611313999,L2,-0.0...
GetData ===>> H2,-0.138429046374332,H1,-0.0161287310981749,AX,-0.0759086939150887,L1,-0.0410984525482085,L2,-0....
GetData ===>> H2,-0.138429046374332,H1,-0.0161287310981749,AX,-0.0759086939150887,L1,-0.0410984525482085,L2,-0....
GetData ===>> H2,-0.195099184489477,H1,0.052998207556887,AX,0.010952157567455,L1,-0.0813489705868932,L2,0.02591...
GetData ===>> H2,-0.153042971806021,H1,-0.0519500108800528,AX,-0.129355095362627,L1,-0.0602358245722286,L2,-0.0...
GetData ===>> H2,-0.299283167896976,H1,-0.0306782004706239,AX,-0.0731730058830925,L1,-0.0409307850161451,L2,0.0...
GetData ===>> H2,-0.157211161626801,H1,-0.0272199116630343,AX,-0.0412432308437377,L1,-0.00789035714532339,L2,-0...
GetData ===>> H2,-0.0884540108981546,H1,-0.0569453690470788,AX,-0.0432492949161149,L1,0.0126301592454729,L2,-0....
GetData ===>> H2,-0.132253599121058,H1,0.0197411659296211,AX,-0.0807423275514333,L1,-0.0558568357560805,L2,-0.1...
GetData ===>> H2,-0.16298734599528,H1,0.0901443813707161,AX,-0.013559962867707,L1,-0.0404457310469198,L2,-0.048...
17:21:24 -- collecting point 25
GetData ===>> H2,-0.274456471424964,H1,-0.0861614312379853,AX,-0.176665566035263,L1,-0.012149085049562,L2,0.069...
GetData ===>> H2,-0.202556456628183,H1,-0.0672333521255507,AX,-0.0953576821146804,L1,-0.055919081279386,L2,-0.0...
GetData ===>> H2,-0.230219207400142,H1,0.0132867376633207,AX,-0.124732423207046,L1,-0.0162487173746869,L2,-0.10...
GetData ===>> H2,-0.155141445002381,H1,-0.0150553258161377,AX,-0.0990662253917226,L1,-0.0123444733013154,L2,-0....
GetData ===>> H2,-0.0621004617326907,H1,0.0144797614444638,AX,-0.0829678047544477,L1,-0.0129150332319741,L2,0.0...
GetData ===>> H2,-0.154118606079611,H1,0.0231773344502752,AX,0.0410874377468327,L1,0.00429389081682047,L2,0.024...
GetData ===>> H2,-0.167342184192841,H1,-0.0507696869701533,AX,-0.0935381263768064,L1,-0.0683460892723449,L2,-0....
GetData ===>> H2,-0.15224158495629,H1,0.0514944214761616,AX,-0.300214011181747,L1,-0.0604739274557903,L2,-0.098...
GetData ===>> H2,-0.278492406646417,H1,0.0827016059299581,AX,-0.198975206583647,L1,-0.0130265043991416,L2,-0.02...
GetData ===>> H2,-0.19885146231702,H1,0.00426793790022657,AX,-0.129702655818409,L1,-0.0225843528014004,L2,0.102...
GetData ===>> H2,-0.19789805243845,H1,0.00373113020251132,AX,-0.0509484863925263,L1,-0.0166816915327629,L2,-0.1...
GetData ===>> H2,-0.216343792661448,H1,0.0433314053952973,AX,-0.0582876605693387,L1,-0.0104767420850522,L2,-0.0...
GetData ===>> H2,-0.211028350316203,H1,0.0880689364472833,AX,0.0141195784775301,L1,0.00484621500675981,L2,-0.08...
GetData ===>> H2,-0.171484881156507,H1,0.0382835574333608,AX,-0.0768244367094085,L1,0.0420251442246031,L2,-0.06...
GetData ===>> H2,-0.112922166225801,H1,-0.0424712592255403,AX,-0.167195459668255,L1,0.00967978972623965,L2,-0.0...
GetData ===>> H2,-0.112922166225801,H1,-0.0424712592255403,AX,-0.167195459668255,L1,0.00967978972623965,L2,-0.0...
GetData ===>> H2,-0.0673386171707221,H1,0.0119147778917085,AX,-0.0500440948708692,L1,-0.00771526952233604,L2,0....
GetData ===>> H2,-0.139322564904015,H1,0.046708712913124,AX,-0.134686390675264,L1,0.017810399206895,L2,0.051736...
GetData ===>> H2,-0.139322564904015,H1,0.046708712913124,AX,-0.134686390675264,L1,0.017810399206895,L2,0.051736...
GetData ===>> H2,-0.153534857429893,H1,-0.0194800668459781,AX,-0.0557949541615029,L1,-0.0278270585905577,L2,-0....
GetData ===>> H2,-0.232048297485662,H1,-0.0269575538424992,AX,-0.146084351855204,L1,0.0191941683624398,L2,0.001...
GetData ===>> H2,-0.167027709176324,H1,-0.00897247844056077,AX,-0.0829562138592593,L1,0.0106603496506675,L2,-0....
GetData ===>> H2,-0.207136136810287,H1,-0.040790028401738,AX,-0.0240102489256629,L1,0.000898963082205793,L2,-0....
GetData ===>> H2,-0.222087680809863,H1,0.0457420514211161,AX,-0.0208787604083974,L1,0.00382684029934849,L2,-0.0...
GetData ===>> H2,-0.282529745230755,H1,-0.0242027552053823,AX,-0.0550181442312926,L1,-0.00680020726109508,L2,-0...
17:21:50 -- collecting point 50
GetData ===>> H2,-0.28793120862677,H1,-0.0157828573198902,AX,0.0838901407683218,L1,-0.000452447087533444,L2,-0....
GetData ===>> H2,-0.187148035868643,H1,0.0370783169525215,AX,-0.129540461093578,L1,-0.0204385491905077,L2,-0.00...
GetData ===>> H2,-0.106800922517827,H1,0.0151240001980525,AX,-0.165468253939136,L1,-0.00227764307762755,L2,-0.1...
GetData ===>> H2,-0.217548771269714,H1,0.09875674456874,AX,-0.0571398641550774,L1,-0.0116048548296187,L2,-0.119...
GetData ===>> H2,-0.215290868299941,H1,0.0887726744464914,AX,-0.106807353956013,L1,0.00945776676395293,L2,-0.02...
GetData ===>> H2,-0.134090222982925,H1,-0.0336713125906883,AX,-0.114930241237243,L1,-0.0277384046852044,L2,-0.0...
GetData ===>> H2,-0.301919180153415,H1,0.0161142271067895,AX,-0.10846443167745,L1,-0.0301557407283012,L2,0.0283...
GetData ===>> H2,-0.177435422124817,H1,0.0864587070863677,AX,-0.196715501929867,L1,-0.00815178368119158,L2,-0.0...
GetData ===>> H2,-0.25162100469106,H1,0.0349542650850189,AX,-0.0851584591616297,L1,-0.0053416923270244,L2,-0.05...
GetData ===>> H2,-0.201610099673525,H1,0.030157414871357,AX,-0.0747958809448334,L1,-0.00976816029164136,L2,0.00...
GetData ===>> H2,-0.210419480420615,H1,-0.0809053149606108,AX,-0.0838950718993157,L1,-0.0277695534437126,L2,-0....
measurement finished
estimated time: 62.915 actual time: :63.101
flush and close file /Users/jan/PychronDev/data/isotopes/82/da3f29-87ff-49ab-8d8e-056f623ffbc9.h5
activate_detectors ('H1', 'AX', 'CDD') {'peak_center': True}
peak_center () {'detector': 'H1', 'integration_time': 0.262144, 'isotope': 'Ar40'}
peak center: mean=1504.65323181 threshold=3
peak center started
setup peak center. detector=['H1', 'AX', 'CDD'], isotope=Ar40
VersionedUnpickler [<apptools.sweet_pickle.versioned_unpickler.VersionedUnpickler object at 0x19fbee7d0>] using Updater [<apptools.sweet_pickle.updater.Updater object at 0x134a15590>]
VersionedUnpickler [<apptools.sweet_pickle.versioned_unpickler.VersionedUnpickler object at 0x19fbee7d0>] using Updater [<apptools.sweet_pickle.updater.Updater object at 0x134a15590>]
VersionedUnpickler [<apptools.sweet_pickle.versioned_unpickler.VersionedUnpickler object at 0x19a2df110>] using Updater [<apptools.sweet_pickle.updater.Updater object at 0x134a15590>]
setting integration time = 0.524288
SetIntegrationTime 0.524288 ===>> OK
Mapping mass to dac mass func: "parabolic"
H1 map mass coeffs = [-0.00063987  0.15840543  0.57108999]
H1 map mass to dac 39.9624 >> 5.87948
GetDeflection H1 ===>> 0
GetHighVoltage ===>> 4500
do peak center. <pychron.spectrometer.jobs.peak_center.PeakCenter object at 0x134a156b0>
doing pc
starting peak center. center dac= 5.87948 step_width=0.001
width = 0.001
get scan parameters. half-width=0.015,window=0.015, i=0, scalar=1
Scan parameters center=5.87948 width=0.03000 (5.86448 - 5.89448)
GetData ===>> H2,-0.297347016338433,H1,0.0703411188031523,AX,-0.078238604852752,L1,-0.0290825056693897,L2,-0.03...
Moving to starting dac 5.86448
setting magnet DAC
current  : 5.240136
requested: 5.864480
Delta Dac: 0.624344
Checking detector protection. dv=0.62434
Checking detector "CDD". Protection Threshold: 0.1 (V)
ProtectDetector CDD,On ===>> OK
GetDeflection CDD ===>> 2000
Protected = 2000
SetMagnetDAC 5.86448 ===>> OK
Magnet settling time: 0.500
GetMagnetMoving ===>> True
GetMagnetMoving ===>> True
GetMagnetMoving ===>> True
GetMagnetMoving ===>> True
GetMagnetMoving ===>> True
GetMagnetMoving ===>> True
GetMagnetMoving ===>> True
GetMagnetMoving ===>> True
GetMagnetMoving ===>> False
ProtectDetector CDD,Off ===>> OK
GetDeflection CDD ===>> 50
Wait until signal near baseline. tol= 0.0527558391024. timeout= 10
GetData ===>> H2,3.72175579729819,H1,1.2824096858193,AX,0.0431996939784913,L1,-0.0176808215900263,L2,0.20212382...
GetData ===>> H2,80.749956473831,H1,33.3145801380232,AX,2.18407595048368,L1,0.0209930052638333,L2,-0.1456442329...
GetData ===>> H2,97.1729466418071,H1,44.6825752053771,AX,4.18383792387157,L1,0.00824178257313421,L2,-0.10998327...
GetData ===>> H2,53.1200307379531,H1,21.5746929163563,AX,1.90813402761677,L1,0.00177039476005396,L2,-0.09378111...
GetData ===>> H2,22.3183288149311,H1,10.9758581014495,AX,0.845082832359967,L1,-0.00432324535388558,L2,-0.022292...
GetData ===>> H2,7.73183510685405,H1,5.96786317942237,AX,0.485550558835626,L1,-0.0189914070718354,L2,0.00617183...
GetData ===>> H2,2.3458886986332,H1,3.65167742424835,AX,0.206335826412136,L1,-0.0143472838077274,L2,0.124538592...
GetData ===>> H2,0.711674580777063,H1,2.42959027616021,AX,0.00636944161106362,L1,0.00403454903794324,L2,-0.0928...
GetData ===>> H2,0.359669803762847,H1,1.80629411592352,AX,0.0182269370823174,L1,0.00457004912596886,L2,-0.04485...
GetData ===>> H2,0.359050840290766,H1,1.48876211854219,AX,0.0649011920864137,L1,0.0109202397353129,L2,-0.176577...
GetData ===>> H2,0.420574962477779,H1,1.34547566244325,AX,0.0414588201376098,L1,0.00124704658134335,L2,0.028402...
GetData ===>> H2,0.359280184508977,H1,1.20393898709887,AX,0.0478189634426796,L1,-0.0103580491206561,L2,0.084048...
GetData ===>> H2,0.365656151817449,H1,1.18768703094763,AX,0.043431812842492,L1,-0.0251491122377685,L2,0.0416391...
GetData ===>> H2,0.335979363611337,H1,1.25915072971823,AX,0.0492813909066619,L1,-0.0421319413554671,L2,-0.00582...
GetData ===>> H2,0.312839807262129,H1,1.21169379891353,AX,0.018180525282584,L1,-0.031161869715749,L2,-0.0685694...
GetData ===>> H2,0.312856350937989,H1,1.18094215911693,AX,-0.116529246138761,L1,-0.0106817539086015,L2,-0.03071...
GetData ===>> H2,0.251218911837672,H1,1.13098177094286,AX,0.022380882772224,L1,-0.0200982036972419,L2,-0.011454...
GetData ===>> H2,0.133195099695282,H1,1.14640877420362,AX,0.032847755345899,L1,0.0252766202871168,L2,0.01484952...
GetData ===>> H2,0.105078217649945,H1,1.19450437117623,AX,-0.00455859511973883,L1,0.0149548556355484,L2,-0.2258...
GetData ===>> H2,0.04204274585728,H1,1.22559056917011,AX,0.117054355005056,L1,-0.015480954365738,L2,-0.03661289...
GetData ===>> H2,-0.033249920553336,H1,1.16764576361017,AX,0.0108477388526894,L1,0.00641738647775436,L2,0.07766...
Peak center failed to move to a baseline position
_do_sweep sm= 5.86448, em= 5.89448, stm= 0.001
calculated step values: start=5.86448, end=5.89448, width=0.001, nsteps=31.0
setting magnet DAC
current  : 5.864480
requested: 5.864480
Delta Dac: 0.000000
Checking detector protection. dv=0.00000
Checking detector "CDD". Protection Threshold: 0.1 (V)
SetMagnetDAC 5.86448 ===>> OK
GetData ===>> H2,-0.033249920553336,H1,1.16764576361017,AX,0.0108477388526894,L1,0.00641738647775436,L2,0.07766...
setting magnet DAC
current  : 5.864480
requested: 5.865514
Delta Dac: 0.001034
Checking detector protection. dv=0.00103
Checking detector "CDD". Protection Threshold: 0.1 (V)
SetMagnetDAC 5.86551448276 ===>> OK
Magnet settling time: 1.049
GetData ===>> H2,-0.224904923131393,H1,2.46992386187157,AX,0.27481949768414,L1,-0.0161352134951776,L2,-0.051750...
setting magnet DAC
current  : 5.865514
requested: 5.866549
Delta Dac: 0.001034
Checking detector protection. dv=0.00103
Checking detector "CDD". Protection Threshold: 0.1 (V)
SetMagnetDAC 5.86654896552 ===>> OK
Magnet settling time: 1.049
GetData ===>> H2,-0.0738449631913422,H1,7.87966478594664,AX,0.675307685852679,L1,-0.00713721889698641,L2,-0.132...
setting magnet DAC
current  : 5.866549
requested: 5.867583
Delta Dac: 0.001034
Checking detector protection. dv=0.00103
Checking detector "CDD". Protection Threshold: 0.1 (V)
SetMagnetDAC 5.86758344828 ===>> OK
Magnet settling time: 1.049
GetData ===>> H2,-0.0289199975354029,H1,29.7620698445433,AX,2.21258092940498,L1,-0.0104299844176788,L2,0.063855...
setting magnet DAC
current  : 5.867583
requested: 5.868618
Delta Dac: 0.001034
Checking detector protection. dv=0.00103
Checking detector "CDD". Protection Threshold: 0.1 (V)
SetMagnetDAC 5.86861793103 ===>> OK
Magnet settling time: 1.049
GetData ===>> H2,-0.00963466766512904,H1,103.361569000491,AX,8.23681529701668,L1,0.0342795816333374,L2,-0.03317...
setting magnet DAC
current  : 5.868618
requested: 5.869652
Delta Dac: 0.001034
Checking detector protection. dv=0.00103
Checking detector "CDD". Protection Threshold: 0.1 (V)
SetMagnetDAC 5.86965241379 ===>> OK
Magnet settling time: 1.049
GetData ===>> H2,-0.0844928019793565,H1,297.864980842875,AX,25.2375379048335,L1,0.122338433311741,L2,0.05193784...
setting magnet DAC
current  : 5.869652
requested: 5.870687
Delta Dac: 0.001034
Checking detector protection. dv=0.00103
Checking detector "CDD". Protection Threshold: 0.1 (V)
SetMagnetDAC 5.87068689655 ===>> OK
Magnet settling time: 1.049
GetData ===>> H2,0.0191380294637983,H1,636.796583614457,AX,59.9859311848229,L1,0.372487150344802,L2,-0.02035740...
setting magnet DAC
current  : 5.870687
requested: 5.871721
Delta Dac: 0.001034
Checking detector protection. dv=0.00103
Checking detector "CDD". Protection Threshold: 0.1 (V)
SetMagnetDAC 5.87172137931 ===>> OK
Magnet settling time: 1.049
GetData ===>> H2,-0.0113730108419673,H1,996.283256516957,AX,103.132309304481,L1,0.745274734563426,L2,0.00562523...
setting magnet DAC
current  : 5.871721
requested: 5.872756
Delta Dac: 0.001034
Checking detector protection. dv=0.00103
Checking detector "CDD". Protection Threshold: 0.1 (V)
SetMagnetDAC 5.87275586207 ===>> OK
Magnet settling time: 1.049
GetData ===>> H2,-0.1145517559304,H1,1251.95848009701,AX,140.279691917694,L1,1.14007520605204,L2,0.200457849985...
setting magnet DAC
current  : 5.872756
requested: 5.873790
Delta Dac: 0.001034
Checking detector protection. dv=0.00103
Checking detector "CDD". Protection Threshold: 0.1 (V)
SetMagnetDAC 5.87379034483 ===>> OK
Magnet settling time: 1.049
GetData ===>> H2,0.0275191231543141,H1,1376.86899724537,AX,162.69998132772,L1,1.51482417053149,L2,0.16940306423...
setting magnet DAC
current  : 5.873790
requested: 5.874825
Delta Dac: 0.001034
Checking detector protection. dv=0.00103
Checking detector "CDD". Protection Threshold: 0.1 (V)
SetMagnetDAC 5.87482482759 ===>> OK
Magnet settling time: 1.049
GetData ===>> H2,-0.0711712754802529,H1,1419.90524677358,AX,172.106340532899,L1,1.80795583437584,L2,0.365700535...
setting magnet DAC
current  : 5.874825
requested: 5.875859
Delta Dac: 0.001034
Checking detector protection. dv=0.00103
Checking detector "CDD". Protection Threshold: 0.1 (V)
SetMagnetDAC 5.87585931034 ===>> OK
Magnet settling time: 1.049
GetData ===>> H2,0.0346888081211411,H1,1431.92723650469,AX,174.970009837761,L1,2.00573747301908,L2,0.3436387798...
setting magnet DAC
current  : 5.875859
requested: 5.876894
Delta Dac: 0.001034
Checking detector protection. dv=0.00103
Checking detector "CDD". Protection Threshold: 0.1 (V)
SetMagnetDAC 5.8768937931 ===>> OK
Magnet settling time: 1.049
GetData ===>> H2,-0.0717380629830987,H1,1435.90512852821,AX,175.830788233612,L1,2.14853625210621,L2,0.425203611...
setting magnet DAC
current  : 5.876894
requested: 5.877928
Delta Dac: 0.001034
Checking detector protection. dv=0.00103
Checking detector "CDD". Protection Threshold: 0.1 (V)
SetMagnetDAC 5.87792827586 ===>> OK
Magnet settling time: 1.049
GetData ===>> H2,-0.227388200439115,H1,1435.67014303375,AX,175.664248127928,L1,2.19275846576503,L2,0.4459139596...
setting magnet DAC
current  : 5.877928
requested: 5.878963
Delta Dac: 0.001034
Checking detector protection. dv=0.00103
Checking detector "CDD". Protection Threshold: 0.1 (V)
SetMagnetDAC 5.87896275862 ===>> OK
Magnet settling time: 1.049
GetData ===>> H2,-0.0255722798127241,H1,1436.1543388958,AX,175.863381046871,L1,2.23933459645947,L2,0.3827237264...
setting magnet DAC
current  : 5.878963
requested: 5.879997
Delta Dac: 0.001034
Checking detector protection. dv=0.00103
Checking detector "CDD". Protection Threshold: 0.1 (V)
SetMagnetDAC 5.87999724138 ===>> OK
Magnet settling time: 1.049
GetData ===>> H2,-0.109445648611941,H1,1435.8766536625,AX,175.892533948774,L1,2.23840693209072,L2,0.34847504843...
setting magnet DAC
current  : 5.879997
requested: 5.881032
Delta Dac: 0.001034
Checking detector protection. dv=0.00103
Checking detector "CDD". Protection Threshold: 0.1 (V)
SetMagnetDAC 5.88103172414 ===>> OK
Magnet settling time: 1.049
GetData ===>> H2,-0.0465092393895719,H1,1434.92447227712,AX,175.724614302946,L1,2.21347858571939,L2,0.474783473...
setting magnet DAC
current  : 5.881032
requested: 5.882066
Delta Dac: 0.001034
Checking detector protection. dv=0.00103
Checking detector "CDD". Protection Threshold: 0.1 (V)
SetMagnetDAC 5.8820662069 ===>> OK
Magnet settling time: 1.049
GetData ===>> H2,-0.0777919780387372,H1,1434.49863342856,AX,175.427078286852,L1,2.23406019645363,L2,0.493151201...
setting magnet DAC
current  : 5.882066
requested: 5.883101
Delta Dac: 0.001034
Checking detector protection. dv=0.00103
Checking detector "CDD". Protection Threshold: 0.1 (V)
SetMagnetDAC 5.88310068966 ===>> OK
Magnet settling time: 1.049
GetData ===>> H2,-0.17304980558168,H1,1432.56825922914,AX,175.089757135556,L1,2.18430471586132,L2,0.31565252835...
setting magnet DAC
current  : 5.883101
requested: 5.884135
Delta Dac: 0.001034
Checking detector protection. dv=0.00103
Checking detector "CDD". Protection Threshold: 0.1 (V)
SetMagnetDAC 5.88413517241 ===>> OK
Magnet settling time: 1.049
GetData ===>> H2,-0.14569364009948,H1,1425.7899019276,AX,173.456856155116,L1,2.25074208911146,L2,0.370035913441...
setting magnet DAC
current  : 5.884135
requested: 5.885170
Delta Dac: 0.001034
Checking detector protection. dv=0.00103
Checking detector "CDD". Protection Threshold: 0.1 (V)
SetMagnetDAC 5.88516965517 ===>> OK
Magnet settling time: 1.049
GetData ===>> H2,-0.104011864121354,H1,1388.92312736075,AX,164.922262067503,L1,2.09531011505223,L2,0.2286235064...
setting magnet DAC
current  : 5.885170
requested: 5.886204
Delta Dac: 0.001034
Checking detector protection. dv=0.00103
Checking detector "CDD". Protection Threshold: 0.1 (V)
SetMagnetDAC 5.88620413793 ===>> OK
Magnet settling time: 1.049
GetData ===>> H2,-0.165849362495024,H1,1281.083022214,AX,143.124837274641,L1,1.81032767933098,L2,0.306622035357...
setting magnet DAC
current  : 5.886204
requested: 5.887239
Delta Dac: 0.001034
Checking detector protection. dv=0.00103
Checking detector "CDD". Protection Threshold: 0.1 (V)
SetMagnetDAC 5.88723862069 ===>> OK
Magnet settling time: 1.049
GetData ===>> H2,-0.218757608419557,H1,1028.40780469675,AX,102.165735684537,L1,1.41924602411277,L2,0.2036072445...
setting magnet DAC
current  : 5.887239
requested: 5.888273
Delta Dac: 0.001034
Checking detector protection. dv=0.00103
Checking detector "CDD". Protection Threshold: 0.1 (V)
SetMagnetDAC 5.88827310345 ===>> OK
Magnet settling time: 1.049
GetData ===>> H2,-0.26473680625881,H1,670.035581151935,AX,57.4257103755444,L1,1.06868070214647,L2,0.15053780859...
setting magnet DAC
current  : 5.888273
requested: 5.889308
Delta Dac: 0.001034
Checking detector protection. dv=0.00103
Checking detector "CDD". Protection Threshold: 0.1 (V)
SetMagnetDAC 5.88930758621 ===>> OK
Magnet settling time: 1.049
GetData ===>> H2,-0.287963440378898,H1,341.598893382433,AX,24.8912120245338,L1,0.68487793147198,L2,0.0873765379...
setting magnet DAC
current  : 5.889308
requested: 5.890342
Delta Dac: 0.001034
Checking detector protection. dv=0.00103
Checking detector "CDD". Protection Threshold: 0.1 (V)
SetMagnetDAC 5.89034206897 ===>> OK
Magnet settling time: 1.049
GetData ===>> H2,-0.233154401106312,H1,134.720458772444,AX,8.17094035393983,L1,0.373664282685172,L2,0.047107343...
setting magnet DAC
current  : 5.890342
requested: 5.891377
Delta Dac: 0.001034
Checking detector protection. dv=0.00103
Checking detector "CDD". Protection Threshold: 0.1 (V)
SetMagnetDAC 5.89137655172 ===>> OK
Magnet settling time: 1.049
GetData ===>> H2,-0.244186117287222,H1,41.9725355369128,AX,2.00511737501512,L1,0.226794379796943,L2,-0.05591554...
setting magnet DAC
current  : 5.891377
requested: 5.892411
Delta Dac: 0.001034
Checking detector protection. dv=0.00103
Checking detector "CDD". Protection Threshold: 0.1 (V)
SetMagnetDAC 5.89241103448 ===>> OK
Magnet settling time: 1.049
GetData ===>> H2,-0.113458170042996,H1,10.8708619699193,AX,0.220725011084469,L1,0.127081578300245,L2,0.02799281...
setting magnet DAC
current  : 5.892411
requested: 5.893446
Delta Dac: 0.001034
Checking detector protection. dv=0.00103
Checking detector "CDD". Protection Threshold: 0.1 (V)
SetMagnetDAC 5.89344551724 ===>> OK
Magnet settling time: 1.049
GetData ===>> H2,-0.118605766766229,H1,2.34378882998187,AX,-0.147021179124296,L1,0.103728277488233,L2,-0.095623...
setting magnet DAC
current  : 5.893446
requested: 5.894480
Delta Dac: 0.001034
Checking detector protection. dv=0.00103
Checking detector "CDD". Protection Threshold: 0.1 (V)
SetMagnetDAC 5.89448 ===>> OK
Magnet settling time: 1.049
GetData ===>> H2,-0.200543668119928,H1,0.0617468712976301,AX,-0.226565672846361,L1,0.0116996918141749,L2,-0.111...
result of _do_sweep=True
result of _calculate_peak_center=([5.8719649699398797, 5.8795401202404802, 5.8871152705410807], [1056.4873422297965, 1436.1526694454994, 1058.5364127975404], 5.8789689779559113, 1436.1526694454994)
Failed to find a valid peak. No peak greater than 1.0. max = 0.0273316177664
new center pos Detector(H1) (Ar40) @ 5.87954012024
GetHighVoltage ===>> 4500
GetDeflection H1 ===>> 0
dac uncorrected for HV and deflection 5.87954012024
update mftable H1 Ar40 5.87954012024 message=automated run peakcenter
get initial guess parabolic
get initial guess parabolic
get initial guess parabolic
get initial guess parabolic
get initial guess parabolic
get initial guess parabolic
dump mftable to /Users/jan/PychronDev/setupfiles/spectrometer/mftables/mftable.csv
add to repo msg=modified - automated run peakcenter
sweep finished
locally archiving mftable
setting magnet DAC
current  : 5.894480
requested: 5.879540
Delta Dac: 0.014940
Checking detector protection. dv=0.01494
Checking detector "CDD". Protection Threshold: 0.1 (V)
SetMagnetDAC 5.87954012024 ===>> OK
Magnet settling time: 0.500
setting integration time = 1.048576
SetIntegrationTime 1.048576 ===>> OK
Failed to find a valid peak. No peak greater than 1.0. max = 0.0273316177664
flush and close file /Users/jan/PychronDev/data/isotopes/82/da3f29-87ff-49ab-8d8e-056f623ffbc9.h5
finished measure script
executed snippet estimated_duration=226.132928, duration=272.632943869
jan_unknown120_60.py completed successfully
Measurement Finished
17:22:49 -- ******* Measurement Finished *******
Post Measurement Started jan_pump_ms.py
17:22:49 -- ******* Post Measurement Started jan_pump_ms.py *******
testing...
no interpolation path defined
executed snippet estimated_duration=0, duration=2.90870666504e-05
Pumping spectrometer
open () {'name': 'O'}
opening name=O desc=---
checking ownership. requestor=129.138.12.150
check software interlocks O
interlocks []
actuate state mode=None-script, software_lock=False
doing actuation None-script open_channel True
Open O ===>> OK
GetIndicatorState O ===>> OK
change switch state (True, True)
update switch state O True args=() kw={} ncanvase=2
17:22:49 -- OPEN   VALVE-O (Jan Ion Pump)
---------------------------------------- open O () result=[(True, True)], time=0.10 sec
action=open, ok=True, locked=[False]
executed snippet estimated_duration=0, duration=0.354892015457
jan_pump_ms.py completed successfully
setting _ms_pumptime
Post Measurement Finished
17:22:49 -- ******* Post Measurement Finished *******
$$$$$$$$$$$$$$$$$$$$ state at run end measurement
state changed from measurement to success
post measurement save measured=True aborted=False
Set filtering
setting fod for Ar40= {'filter_outliers': True, 'std_devs': 2, 'iterations': 1}
setting fod for H1= {'filter_outliers': True, 'std_devs': 2, 'iterations': 1}
setting fod for PM41= {'filter_outliers': False, 'std_devs': 2, 'iterations': 1}
setting fod for H2= {'filter_outliers': True, 'std_devs': 2, 'iterations': 1}
setting fod for Ar36= {'filter_outliers': True, 'std_devs': 2, 'iterations': 1}
setting fod for CDD= {'filter_outliers': True, 'std_devs': 10, 'iterations': 1}
setting fod for Ar37= {'filter_outliers': True, 'std_devs': 2, 'iterations': 1}
setting fod for L2= {'filter_outliers': True, 'std_devs': 2, 'iterations': 1}
setting fod for Ar38= {'filter_outliers': True, 'std_devs': 2, 'iterations': 1}
setting fod for L1= {'filter_outliers': True, 'std_devs': 2, 'iterations': 1}
setting fod for Ar39= {'filter_outliers': True, 'std_devs': 2, 'iterations': 1}
setting fod for AX= {'filter_outliers': True, 'std_devs': 2, 'iterations': 1}
persistence save...
persistence save - db
post measurement save
6901121584 connecting to database sqlite:////Users/jan/PychronDev/.appdata/local_lab.db
connected to db sqlite:////Users/jan/PychronDev/.appdata/local_lab.db
create new session 6901121584
close session 6901121584
No database instance. Not saving post measurement to isotopedb database
$$$$$$$$$$$$$$$ auto_save_detector_ic=False
massspec enabled True
create new session 4979675504
MassSpec Database Version: 16.0
close session 4979675504
saving post measurement to secondary database
saving to massspec database 129.138.12.160/massspecdata
setting labnumber to 25322
setting aliquot to 2
setting step to 
setting uuid to 82da3f29-87ff-49ab-8d8e-056f623ffbc9
setting irradpos to 25322
setting extract_device to Fusions CO2
setting tray to 
setting position to 158
setting power_requested to 5.0
setting extract_value to 5.0
setting duration to 30.0
setting duration_at_request to 30.0
setting first_stage_delay to 30.0
setting cleanup to 30.0
setting comment to K:11
setting irradiation to NM-288
setting level to K
setting irradiation_level to K
setting sample to FC-2
setting material to Sanidine
setting project to Irradiation-NM-288
setting mass_spectrometer to Jan
no attribute chron_dosages
no attribute production_ratios
no attribute interference_corrections
no attribute production_name
no attribute j
Reference Isotope=Ar40
Reference Detector=H1
%%%%%%%%%%%%%%%%%%%% Comment: K:11 %%%%%%%%%%%%%%%%%%%
adding isotope PM41 H2
add baseline dbdet= PM41. original det= H2
get baseline data PM41 H2
Get data baseline <pychron.processing.isotope.Baseline object at 0x19febf5d0> len t=60
baseline PM41. v=-0.198145017461, e=0.00709949777538
get signal data PM41 H2
Get data signal PM41 0.14+/-0.06 len t=120
adding isotope Ar40 H1
add baseline dbdet= Ar40. original det= H1
get baseline data Ar40 H1
Get data baseline <pychron.processing.isotope.Baseline object at 0x19e230750> len t=60
baseline Ar40. v=-0.00617389455305, e=0.00651677277617
get signal data Ar40 H1
Get data signal Ar40 1581.02+/-0.08 len t=120
adding isotope Ar39 AX
add baseline dbdet= Ar39. original det= AX
get baseline data Ar39 AX
Get data baseline <pychron.processing.isotope.Baseline object at 0x19e230190> len t=60
baseline Ar39. v=-0.0943346206951, e=0.00696972669346
get signal data Ar39 AX
Get data signal Ar39 193.134+/-0.025 len t=120
adding isotope Ar38 L1
add baseline dbdet= Ar38. original det= L1
get baseline data Ar38 L1
Get data baseline <pychron.processing.isotope.Baseline object at 0x19e2308d0> len t=60
baseline Ar38. v=-0.0227915808239, e=0.00328177113886
get signal data Ar38 L1
Get data signal Ar38 2.494+/-0.005 len t=120
adding isotope Ar37 L2
add baseline dbdet= Ar37. original det= L2
get baseline data Ar37 L2
Get data baseline <pychron.processing.isotope.Baseline object at 0x19e230610> len t=60
baseline Ar37. v=-0.0342226148009, e=0.00687076236667
get signal data Ar37 L2
Get data signal Ar37 0.465+/-0.011 len t=120
adding isotope Ar36 CDD
add baseline dbdet= Ar36. original det= CDD
get baseline data Ar36 CDD
Get data baseline <pychron.processing.isotope.Baseline object at 0x19e230290> len t=60
baseline Ar36. v=0.000339909363433, e=3.12686788939e-05
get signal data Ar36 CDD
Get data signal Ar36 0.0143+/-0.0004 len t=120
25322-02 added analysis time 0.503798007965s
analysis added to mass spec database
mass spec save time= 0.510
persistence save - dvc
================= post measurement started
create new session 4982376208
close session 4982376208
---------------- Experiment Queue saving disabled
DVC saving peakcenter
Failed to find a valid peak. No peak greater than 1.0. max = 0.0273316177664
Smart pull ahead: 0 behind: 0
Up-to-date with origin
add to repo msg=modified - ad8224ebc6dbfeb9f5997218dfa5fe690569839d.json
add to repo msg=modified - 22-02.json
add to repo msg=modified - 22-02.dat.json
add to repo msg=modified - 22-02.blan.json
add to repo msg=modified - 22-02.inte.json
add to repo msg=modified - 22-02.icfa.json
add to repo msg=modified - 22-02.base.json
not at valid file /Users/jan/PychronDev/data/.dvc/repositories/Load1788/253/tags/22-02.tags.json
add to repo msg=modified - 22-02.peak.json
add to repo msg=modified - 22-02.extr.json
not at valid file /Users/jan/PychronDev/data/.dvc/repositories/Load1788/253/monitor/22-02.moni.json
commit message=<COLLECTION>
add to repo msg=modified - 22-02.inte.json
add to repo msg=modified - 22-02.base.json
commit message=<ISOEVO> default collection fits
add to repo msg=modified - 22-02.blan.json
commit message=<BLANKS> preceding bc-02-J-342
add to repo msg=modified - 22-02.icfa.json
commit message=<ICFactor> default
push repository <pychron.git_archive.repo_manager.GitRepoManager object at 0x19b0b7fb0>
pushing to remote=origin, url=https://github.com
no changes to meta repo
create new session 4982376208
add association Load1788
get identifier "25322"
setting analysis irradiation position=<pychron.dvc.dvc_orm.IrradiationPositionTbl object at 0x180b1c150>
close session 4982376208
================= post measurement finished
17:23:03 -- ******* Post Run Check *******
loading queue conditionals post_run_actions
loading system conditionals post_run_actions
loading conditionals from /Users/jan/PychronDev/setupfiles/spectrometer/default_conditionals.yaml
loading queue conditionals post_run_terminations
loading system conditionals post_run_terminations
loading conditionals from /Users/jan/PychronDev/setupfiles/spectrometer/default_conditionals.yaml
Checking default post run terminations n=1
GetDeflection CDD ===>> 50
testing CDD==2000
evaluate ot="CDD.deflection==2000" t="CDD==2000", ctx="{'CDD': 50.0}"
17:23:03 -- ******* Post Run Check Passed *******
17:23:03 -- Automated run 25322-02 success duration: 388.869 s
----------------- finish -----------------
----------------- stop -----------------
retroactive repository identifiers disabled
finish run. runs completed=46
update duration runid=25322-02, duration=388.868794203, md5=301e91d8
loading script "jan_unknown120_60.py"
loading script "jan_pump_ms.py"
loading script "jan_co2.py"
loading script "jan_pump_extraction_line.py"
testing...
no interpolation path defined
executed snippet estimated_duration=213.652928, duration=0.000202178955078
script duration name:unknown120_60 seconds:214.0
loading script "jan_unknown120_60.py"
loading script "jan_pump_ms.py"
loading script "jan_co2.py"
loading script "jan_pump_extraction_line.py"
testing...
no interpolation path defined
executed snippet estimated_duration=0, duration=4.60147857666e-05
loading script "jan_unknown120_60.py"
loading script "jan_pump_ms.py"
loading script "jan_co2.py"
loading script "jan_pump_extraction_line.py"
testing...
no interpolation path defined
calculate duration
testing...
no interpolation path defined
executed snippet estimated_duration=0, duration=5.50746917725e-05
calculate duration
testing...
no interpolation path defined
executed snippet estimated_duration=0, duration=9.08374786377e-05
executed snippet estimated_duration=0.0, duration=0.00396609306335
script duration name:co2 seconds:0.0
loading script "jan_unknown120_60.py"
loading script "jan_pump_ms.py"
loading script "jan_co2.py"
loading script "jan_pump_extraction_line.py"
testing...
no interpolation path defined
calculate duration
testing...
no interpolation path defined
executed snippet estimated_duration=4.0, duration=0.000195026397705
executed snippet estimated_duration=4.0, duration=0.00161004066467
Script duration 214.0
Run total estimated duration= 215.000
unknown120_60 in script context. using previous estimated duration
script duration name:unknown120_60 seconds:214.0
pump_ms in script context. using previous estimated duration
co2 in script context. using previous estimated duration
script duration name:co2 seconds:0.0
pump_extraction_line in script context. using previous estimated duration
Script duration 214.0
Run total estimated duration= 215.000
loading script "jan_unknown400_120.py"
loading script "jan_pump_ms.py"
loading script "jan_co2.py"
loading script "jan_pump_extraction_line.py"
testing...
no interpolation path defined
executed snippet estimated_duration=556.052928, duration=0.000285863876343
script duration name:unknown400_120 seconds:556.0
script duration name:co2 seconds:0.0
Script duration 556.0
Run total estimated duration= 557.000
unknown400_120 in script context. using previous estimated duration
script duration name:unknown400_120 seconds:556.0
loading script "jan_unknown400_120.py"
loading script "jan_pump_ms.py"
loading script "jan_sniffair_x2.py"
loading script "jan_pump_extraction_line.py"
testing...
no interpolation path defined
calculate duration
testing...
no interpolation path defined
executed snippet estimated_duration=0, duration=4.50611114502e-05
calculate duration
testing...
no interpolation path defined
executed snippet estimated_duration=0, duration=0.000102043151855
calculate duration
testing...
no interpolation path defined
executed snippet estimated_duration=32.0, duration=9.79900360107e-05
calculate duration
testing...
no interpolation path defined
executed snippet estimated_duration=34.0, duration=0.000102996826172
calculate duration
testing...
no interpolation path defined
executed snippet estimated_duration=4.0, duration=6.103515625e-05
calculate duration
testing...
no interpolation path defined
executed snippet estimated_duration=36.0, duration=8.79764556885e-05
calculate duration
testing...
no interpolation path defined
executed snippet estimated_duration=34.0, duration=9.79900360107e-05
calculate duration
testing...
no interpolation path defined
executed snippet estimated_duration=4.0, duration=6.89029693604e-05
calculate duration
testing...
no interpolation path defined
executed snippet estimated_duration=36.0, duration=0.000125885009766
calculate duration
testing...
no interpolation path defined
executed snippet estimated_duration=70.0, duration=0.000123977661133
executed snippet estimated_duration=250.0, duration=0.0244400501251
script duration name:sniffair_x2 seconds:250.0
Script duration 806.0
Run total estimated duration= 807.000
script duration name:unknown400_120 seconds:556.0
sniffair_x2 in script context. using previous estimated duration
script duration name:sniffair_x2 seconds:250.0
Script duration 806.0
Run total estimated duration= 807.000
loading script "jan_ic_peak_hop3.py"
loading script "jan_pump_ms.py"
loading script "jan_sniffair_x1.py"
loading script "jan_pump_extraction_line.py"
testing...
no interpolation path defined
executed snippet estimated_duration=133.8, duration=0.00913596153259
script duration name:ic_peak_hop3 seconds:134.0
loading script "jan_ic_peak_hop3.py"
loading script "jan_pump_ms.py"
loading script "jan_sniffair_x1.py"
loading script "jan_pump_extraction_line.py"
testing...
no interpolation path defined
calculate duration
testing...
no interpolation path defined
executed snippet estimated_duration=0, duration=4.00543212891e-05
calculate duration
testing...
no interpolation path defined
executed snippet estimated_duration=0, duration=0.000205039978027
calculate duration
testing...
no interpolation path defined
executed snippet estimated_duration=32.0, duration=9.3936920166e-05
calculate duration
testing...
no interpolation path defined
executed snippet estimated_duration=34.0, duration=9.01222229004e-05
calculate duration
testing...
no interpolation path defined
executed snippet estimated_duration=4.0, duration=7.00950622559e-05
calculate duration
testing...
no interpolation path defined
executed snippet estimated_duration=70.0, duration=9.70363616943e-05
executed snippet estimated_duration=140.0, duration=0.0186560153961
script duration name:sniffair_x1 seconds:140.0
Script duration 274.0
Run total estimated duration= 275.000
script duration name:unknown120_60 seconds:214.0
script duration name:co2 seconds:0.0
Script duration 214.0
Run total estimated duration= 215.000
script duration name:unknown120_60 seconds:214.0
script duration name:co2 seconds:0.0
Script duration 214.0
Run total estimated duration= 215.000
script duration name:unknown120_60 seconds:214.0
script duration name:co2 seconds:0.0
Script duration 214.0
Run total estimated duration= 215.000
script duration name:unknown120_60 seconds:214.0
script duration name:co2 seconds:0.0
Script duration 214.0
Run total estimated duration= 215.000
script duration name:unknown120_60 seconds:214.0
script duration name:co2 seconds:0.0
Script duration 214.0
Run total estimated duration= 215.000
script duration name:unknown120_60 seconds:214.0
loading script "jan_unknown120_60.py"
loading script "jan_pump_ms.py"
loading script "jan_cocktail_x1.py"
loading script "jan_pump_extraction_line.py"
testing...
no interpolation path defined
calculate duration
testing...
no interpolation path defined
executed snippet estimated_duration=0, duration=5.31673431396e-05
calculate duration
testing...
no interpolation path defined
executed snippet estimated_duration=0, duration=0.000118970870972
calculate duration
testing...
no interpolation path defined
executed snippet estimated_duration=32.0, duration=0.000103950500488
calculate duration
testing...
no interpolation path defined
executed snippet estimated_duration=34.0, duration=0.00012993812561
calculate duration
testing...
no interpolation path defined
executed snippet estimated_duration=4.0, duration=0.000191926956177
calculate duration
testing...
no interpolation path defined
executed snippet estimated_duration=38.0, duration=0.000270843505859
executed snippet estimated_duration=108.0, duration=0.0128190517426
script duration name:cocktail_x1 seconds:108.0
Script duration 322.0
Run total estimated duration= 323.000
script duration name:unknown120_60 seconds:214.0
script duration name:co2 seconds:0.0
Script duration 214.0
Run total estimated duration= 215.000
script duration name:unknown120_60 seconds:214.0
script duration name:co2 seconds:0.0
Script duration 214.0
Run total estimated duration= 215.000
script duration name:unknown120_60 seconds:214.0
script duration name:co2 seconds:0.0
Script duration 214.0
Run total estimated duration= 215.000
script duration name:unknown120_60 seconds:214.0
script duration name:co2 seconds:0.0
Script duration 214.0
Run total estimated duration= 215.000
script duration name:unknown120_60 seconds:214.0
script duration name:co2 seconds:0.0
Script duration 214.0
Run total estimated duration= 215.000
script duration name:unknown400_120 seconds:556.0
script duration name:co2 seconds:0.0
Script duration 556.0
Run total estimated duration= 557.000
script duration name:unknown120_60 seconds:214.0
script duration name:co2 seconds:0.0
Script duration 214.0
Run total estimated duration= 215.000
script duration name:unknown400_120 seconds:556.0
cocktail_x1 in script context. using previous estimated duration
script duration name:cocktail_x1 seconds:108.0
Script duration 664.0
Run total estimated duration= 665.000
script duration name:unknown120_60 seconds:214.0
script duration name:co2 seconds:0.0
Script duration 214.0
Run total estimated duration= 215.000
script duration name:unknown120_60 seconds:214.0
script duration name:co2 seconds:0.0
Script duration 214.0
Run total estimated duration= 215.000
script duration name:unknown120_60 seconds:214.0
script duration name:co2 seconds:0.0
Script duration 214.0
Run total estimated duration= 215.000
script duration name:unknown120_60 seconds:214.0
script duration name:co2 seconds:0.0
Script duration 214.0
Run total estimated duration= 215.000
script duration name:unknown120_60 seconds:214.0
script duration name:co2 seconds:0.0
Script duration 214.0
Run total estimated duration= 215.000
script duration name:unknown120_60 seconds:214.0
script duration name:co2 seconds:0.0
Script duration 214.0
Run total estimated duration= 215.000
script duration name:unknown120_60 seconds:214.0
script duration name:co2 seconds:0.0
Script duration 214.0
Run total estimated duration= 215.000
script duration name:unknown120_60 seconds:214.0
script duration name:co2 seconds:0.0
Script duration 214.0
Run total estimated duration= 215.000
script duration name:unknown120_60 seconds:214.0
script duration name:co2 seconds:0.0
Script duration 214.0
Run total estimated duration= 215.000
script duration name:unknown400_120 seconds:556.0
script duration name:co2 seconds:0.0
Script duration 556.0
Run total estimated duration= 557.000
script duration name:unknown400_120 seconds:556.0
script duration name:sniffair_x2 seconds:250.0
Script duration 806.0
Run total estimated duration= 807.000
script duration name:unknown400_120 seconds:556.0
script duration name:sniffair_x2 seconds:250.0
Script duration 806.0
Run total estimated duration= 807.000
script duration name:unknown120_60 seconds:214.0
script duration name:cocktail_x1 seconds:108.0
Script duration 322.0
Run total estimated duration= 323.000
ic_peak_hop3 in script context. using previous estimated duration
script duration name:ic_peak_hop3 seconds:134.0
sniffair_x1 in script context. using previous estimated duration
script duration name:sniffair_x1 seconds:140.0
Script duration 274.0
Run total estimated duration= 275.000
script duration name:unknown120_60 seconds:214.0
script duration name:co2 seconds:0.0
Script duration 214.0
Run total estimated duration= 215.000
script duration name:unknown120_60 seconds:214.0
script duration name:co2 seconds:0.0
Script duration 214.0
Run total estimated duration= 215.000
script duration name:unknown120_60 seconds:214.0
script duration name:co2 seconds:0.0
Script duration 214.0
Run total estimated duration= 215.000
script duration name:unknown120_60 seconds:214.0
script duration name:co2 seconds:0.0
Script duration 214.0
Run total estimated duration= 215.000
script duration name:unknown120_60 seconds:214.0
script duration name:co2 seconds:0.0
Script duration 214.0
Run total estimated duration= 215.000
script duration name:unknown400_120 seconds:556.0
script duration name:cocktail_x1 seconds:108.0
Script duration 664.0
Run total estimated duration= 665.000
script duration name:unknown120_60 seconds:214.0
script duration name:co2 seconds:0.0
Script duration 214.0
Run total estimated duration= 215.000
script duration name:unknown120_60 seconds:214.0
script duration name:co2 seconds:0.0
Script duration 214.0
Run total estimated duration= 215.000
script duration name:unknown120_60 seconds:214.0
script duration name:co2 seconds:0.0
Script duration 214.0
Run total estimated duration= 215.000
script duration name:unknown120_60 seconds:214.0
script duration name:co2 seconds:0.0
Script duration 214.0
Run total estimated duration= 215.000
script duration name:unknown120_60 seconds:214.0
script duration name:co2 seconds:0.0
Script duration 214.0
Run total estimated duration= 215.000
script duration name:unknown400_120 seconds:556.0
script duration name:co2 seconds:0.0
Script duration 556.0
Run total estimated duration= 557.000
script duration name:unknown120_60 seconds:214.0
script duration name:co2 seconds:0.0
Script duration 214.0
Run total estimated duration= 215.000
script duration name:unknown120_60 seconds:214.0
script duration name:co2 seconds:0.0
Script duration 214.0
Run total estimated duration= 215.000
script duration name:unknown120_60 seconds:214.0
script duration name:co2 seconds:0.0
Script duration 214.0
Run total estimated duration= 215.000
script duration name:unknown120_60 seconds:214.0
script duration name:co2 seconds:0.0
Script duration 214.0
Run total estimated duration= 215.000
script duration name:unknown120_60 seconds:214.0
script duration name:co2 seconds:0.0
Script duration 214.0
Run total estimated duration= 215.000
script duration name:unknown120_60 seconds:214.0
script duration name:cocktail_x1 seconds:108.0
Script duration 322.0
Run total estimated duration= 323.000
script duration name:unknown120_60 seconds:214.0
script duration name:co2 seconds:0.0
Script duration 214.0
Run total estimated duration= 215.000
script duration name:unknown120_60 seconds:214.0
script duration name:co2 seconds:0.0
Script duration 214.0
Run total estimated duration= 215.000
script duration name:unknown120_60 seconds:214.0
script duration name:co2 seconds:0.0
Script duration 214.0
Run total estimated duration= 215.000
script duration name:unknown120_60 seconds:214.0
script duration name:co2 seconds:0.0
Script duration 214.0
Run total estimated duration= 215.000
script duration name:unknown120_60 seconds:214.0
script duration name:co2 seconds:0.0
Script duration 214.0
Run total estimated duration= 215.000
script duration name:unknown400_120 seconds:556.0
script duration name:co2 seconds:0.0
Script duration 556.0
Run total estimated duration= 557.000
script duration name:unknown400_120 seconds:556.0
script duration name:sniffair_x2 seconds:250.0
Script duration 806.0
Run total estimated duration= 807.000
script duration name:unknown400_120 seconds:556.0
script duration name:cocktail_x1 seconds:108.0
Script duration 664.0
Run total estimated duration= 665.000
script duration name:unknown400_120 seconds:556.0
script duration name:sniffair_x2 seconds:250.0
Script duration 806.0
Run total estimated duration= 807.000
script duration name:ic_peak_hop3 seconds:134.0
script duration name:sniffair_x1 seconds:140.0
Script duration 274.0
Run total estimated duration= 275.000
script duration name:unknown120_60 seconds:214.0
script duration name:co2 seconds:0.0
Script duration 214.0
Run total estimated duration= 215.000
script duration name:unknown120_60 seconds:214.0
script duration name:co2 seconds:0.0
Script duration 214.0
Run total estimated duration= 215.000
script duration name:unknown120_60 seconds:214.0
script duration name:co2 seconds:0.0
Script duration 214.0
Run total estimated duration= 215.000
script duration name:unknown120_60 seconds:214.0
script duration name:co2 seconds:0.0
Script duration 214.0
Run total estimated duration= 215.000
script duration name:unknown120_60 seconds:214.0
script duration name:co2 seconds:0.0
Script duration 214.0
Run total estimated duration= 215.000
script duration name:unknown120_60 seconds:214.0
script duration name:co2 seconds:0.0
Script duration 214.0
Run total estimated duration= 215.000
script duration name:unknown120_60 seconds:214.0
script duration name:co2 seconds:0.0
Script duration 214.0
Run total estimated duration= 215.000
script duration name:unknown120_60 seconds:214.0
script duration name:co2 seconds:0.0
Script duration 214.0
Run total estimated duration= 215.000
script duration name:unknown120_60 seconds:214.0
script duration name:co2 seconds:0.0
Script duration 214.0
Run total estimated duration= 215.000
script duration name:unknown120_60 seconds:214.0
script duration name:co2 seconds:0.0
Script duration 214.0
Run total estimated duration= 215.000
script duration name:unknown400_120 seconds:556.0
script duration name:co2 seconds:0.0
Script duration 556.0
Run total estimated duration= 557.000
script duration name:unknown120_60 seconds:214.0
script duration name:cocktail_x1 seconds:108.0
Script duration 322.0
Run total estimated duration= 323.000
script duration name:unknown120_60 seconds:214.0
script duration name:co2 seconds:0.0
Script duration 214.0
Run total estimated duration= 215.000
script duration name:unknown120_60 seconds:214.0
script duration name:co2 seconds:0.0
Script duration 214.0
Run total estimated duration= 215.000
script duration name:unknown120_60 seconds:214.0
script duration name:co2 seconds:0.0
Script duration 214.0
Run total estimated duration= 215.000
script duration name:unknown120_60 seconds:214.0
script duration name:co2 seconds:0.0
Script duration 214.0
Run total estimated duration= 215.000
script duration name:unknown400_120 seconds:556.0
script duration name:cocktail_x1 seconds:108.0
Script duration 664.0
Run total estimated duration= 665.000
script duration name:unknown120_60 seconds:214.0
script duration name:co2 seconds:0.0
Script duration 214.0
Run total estimated duration= 215.000
script duration name:unknown120_60 seconds:214.0
script duration name:co2 seconds:0.0
Script duration 214.0
Run total estimated duration= 215.000
script duration name:unknown120_60 seconds:214.0
script duration name:co2 seconds:0.0
Script duration 214.0
Run total estimated duration= 215.000
script duration name:unknown120_60 seconds:214.0
script duration name:co2 seconds:0.0
Script duration 214.0
Run total estimated duration= 215.000
script duration name:unknown120_60 seconds:214.0
script duration name:co2 seconds:0.0
Script duration 214.0
Run total estimated duration= 215.000
script duration name:unknown120_60 seconds:214.0
script duration name:co2 seconds:0.0
Script duration 214.0
Run total estimated duration= 215.000
script duration name:unknown400_120 seconds:556.0
script duration name:co2 seconds:0.0
Script duration 556.0
Run total estimated duration= 557.000
script duration name:unknown400_120 seconds:556.0
script duration name:sniffair_x2 seconds:250.0
Script duration 806.0
Run total estimated duration= 807.000
script duration name:unknown400_120 seconds:556.0
script duration name:sniffair_x2 seconds:250.0
Script duration 806.0
Run total estimated duration= 807.000
script duration name:ic_peak_hop3 seconds:134.0
script duration name:sniffair_x1 seconds:140.0
Script duration 274.0
Run total estimated duration= 275.000
script duration name:unknown120_60 seconds:214.0
script duration name:co2 seconds:0.0
Script duration 214.0
Run total estimated duration= 215.000
script duration name:unknown120_60 seconds:214.0
script duration name:co2 seconds:0.0
Script duration 214.0
Run total estimated duration= 215.000
nruns=91 before=5.0, run_dur=29167.0, btw=4050.0
write rem/ex queues
/Users/jan/PychronDev/experiments/rem/CurrentExperiment.rem.txt
/Users/jan/PychronDev/experiments/rem/CurrentExperiment.ex.txt
doing event level: 3
