do run
loading script "jan_unknown120_60.py"
loading script "jan_pump_ms.py"
loading script "jan_co2.py"
loading script "jan_pump_extraction_line.py"
testing...
no interpolation path defined
executed snippet estimated_duration=213.652928, duration=0.000190019607544
script duration name:unknown120_60 seconds:214.0
loading script "jan_unknown120_60.py"
loading script "jan_pump_ms.py"
loading script "jan_co2.py"
loading script "jan_pump_extraction_line.py"
testing...
no interpolation path defined
executed snippet estimated_duration=0, duration=1.69277191162e-05
loading script "jan_unknown120_60.py"
loading script "jan_pump_ms.py"
loading script "jan_co2.py"
loading script "jan_pump_extraction_line.py"
testing...
no interpolation path defined
calculate duration
testing...
no interpolation path defined
executed snippet estimated_duration=0, duration=4.2200088501e-05
calculate duration
testing...
no interpolation path defined
executed snippet estimated_duration=0, duration=7.10487365723e-05
executed snippet estimated_duration=0.0, duration=0.00159502029419
script duration name:co2 seconds:0.0
loading script "jan_unknown120_60.py"
loading script "jan_pump_ms.py"
loading script "jan_co2.py"
loading script "jan_pump_extraction_line.py"
testing...
no interpolation path defined
calculate duration
testing...
no interpolation path defined
executed snippet estimated_duration=4.0, duration=0.000113964080811
executed snippet estimated_duration=4.0, duration=0.000864028930664
Script duration 214.0
Run total estimated duration= 215.000
run duration: 0:03:35
doing event level: 2
17:30:51 -- Setting default integration. t=1.048576
setting integration time = 1.048576
SetIntegrationTime 1.048576 ===>> OK
----------------- start -----------------
**************** Experiment Type: Ar/Ar, Ar/Ar
create new session 4419362736
close session 4419362736
$$$$$ Clearing conditionals
adding conditionals 
Add queue conditionals
add default conditionals
adding default conditionals from /Users/jan/PychronDev/setupfiles/spectrometer/default_conditionals.yaml
Start automated run 25322-04
loading script "jan_unknown120_60.py"
loading script "jan_pump_ms.py"
loading script "jan_co2.py"
loading script "jan_pump_extraction_line.py"
%%%%%%%%%%%%%%%%%% setting automated run 25322-04
No value "sensitivity_multiplier" in metadata
$$$$$$$$$$$$$$$ auto_save_detector_ic=False
============================= Pre Extraction Check =============================
loading queue conditionals pre_run_terminations
loading system conditionals pre_run_terminations
loading conditionals from /Users/jan/PychronDev/setupfiles/spectrometer/default_conditionals.yaml
17:30:51 -- ******* Pre Extraction Check *******
Get a measurement from the spectrometer
GetData ===>> H2,-0.172850154842859,H1,0.0589538996736529,AX,-0.0752943299947092,L1,0.0221088730586179,L2,-0.00...
Pre Extraction Termination data. keys=H2,H1,AX,L1,L2,CDD, signals=-0.17285,0.05895,-0.07529,0.02211,-0.00378,0.00342
17:30:51 -- testing system defined conditionals
Checking default pre extraction terminations n=2
testing CDD
evaluate ot="CDD.inactive" t="CDD", ctx="{'CDD': False}"
GetDeflection CDD ===>> 50
testing CDD==2000
evaluate ot="CDD.deflection==2000" t="CDD==2000", ctx="{'CDD': 50.0}"
17:30:51 -- ******* Pre Extraction Check Passed *******
=================================================================================
17:30:51 -- stopping status monitor
stop 4976433200
Alive clients [4982646160]
17:30:51 -- starting status monitor
start 4976433200
Monitor already running
start extraction
do extraction
Analysis started at 17:30:51.794573
Extraction Started jan_co2.py
17:30:51 -- ******* Extraction Started jan_co2.py *******
state changed from not run to extraction
DO EXTRACTION <pychron.extraction_line.pyscript_runner.RemotePyScriptRunner object at 0x12b9a8890>
testing...
no interpolation path defined
calculate duration
testing...
no interpolation path defined
executed snippet estimated_duration=0, duration=4.72068786621e-05
calculate duration
testing...
no interpolation path defined
executed snippet estimated_duration=0, duration=0.000125169754028
executed snippet estimated_duration=100.0, duration=0.00378394126892
Jan CO2 laser analysis
doing GOSUB
testing...
no interpolation path defined
executed snippet estimated_duration=0, duration=5.50746917725e-05
Waiting for CO2 access
wait ('FelixCO2Flag', 0) {}
waiting for FelixCO2Flag = 0
Read FelixCO2Flag ===>> 0
finished waiting
CO2 free
wait ('CO2PumpTimeFlag', 0) {}
waiting for CO2PumpTimeFlag = 0
Read CO2PumpTimeFlag ===>> 0
finished waiting
acquire ('JanCO2Flag',) {'clear': True}
acquire JanCO2Flag
Set JanCO2Flag 1 ===>> OK
JanCO2Flag acquired
set extraction state False (0.75, 'red', 1.5)
CO2 acquired
executed snippet estimated_duration=0, duration=0.0166449546814
WaitForCO2Access.py completed successfully
gosub finished
doing GOSUB
testing...
no interpolation path defined
executed snippet estimated_duration=0, duration=9.70363616943e-05
Prepare for CO2 analysis
close () {'description': 'Jan Inlet'}
closing name=--- desc=Jan Inlet
checking ownership. requestor=129.138.12.150
check software interlocks R
interlocks []
actuate state mode=None-script, software_lock=False
doing actuation None-script close_channel False
Close R ===>> OK
GetIndicatorState R ===>> False
change switch state (True, True)
update switch state R False args=() kw={} ncanvase=2
17:30:52 -- CLOSE  VALVE-R (Jan Inlet)
---------------------------------------- close None (Jan Inlet) result=[(True, True)]
action=close, ok=True, locked=[False]
open () {'description': 'Jan Ion Pump'}
opening name=--- desc=Jan Ion Pump
checking ownership. requestor=129.138.12.150
check software interlocks O
interlocks []
actuate state mode=None-script, software_lock=False
doing actuation None-script open_channel False
Open O ===>> OK
GetIndicatorState O ===>> OK
change switch state (True, True)
update switch state O True args=() kw={} ncanvase=2
17:30:52 -- OPEN   VALVE-O (Jan Ion Pump)
---------------------------------------- open None (Jan Ion Pump) result=[(True, True)], time=0.09 sec
action=open, ok=True, locked=[False]
close () {'description': 'Microbone to Minibone'}
closing name=--- desc=Microbone to Minibone
checking ownership. requestor=129.138.12.150
check software interlocks L
interlocks []
actuate state mode=None-script, software_lock=False
doing actuation None-script close_channel False
Close L ===>> OK
GetIndicatorState L ===>> False
change switch state (True, True)
update switch state L False args=() kw={} ncanvase=2
17:30:53 -- CLOSE  VALVE-L (Microbone to Minibone)
---------------------------------------- close None (Microbone to Minibone) result=[(True, True)]
action=close, ok=True, locked=[False]
open () {'description': 'Microbone to Turbo'}
opening name=--- desc=Microbone to Turbo
checking ownership. requestor=129.138.12.150
check software interlocks U
interlocks []
actuate state mode=None-script, software_lock=False
doing actuation None-script open_channel False
Open U ===>> OK
GetIndicatorState U ===>> OK
change switch state (True, True)
update switch state U True args=() kw={} ncanvase=2
17:30:53 -- OPEN   VALVE-U (Microbone to Turbo)
---------------------------------------- open None (Microbone to Turbo) result=[(True, True)], time=0.13 sec
action=open, ok=True, locked=[False]
open () {'description': 'Microbone to Inlet Pipette'}
opening name=--- desc=Microbone to Inlet Pipette
checking ownership. requestor=129.138.12.150
check software interlocks S
interlocks []
actuate state mode=None-script, software_lock=False
doing actuation None-script open_channel False
Open S ===>> OK
GetIndicatorState S ===>> OK
change switch state (True, True)
update switch state S True args=() kw={} ncanvase=2
17:30:54 -- OPEN   VALVE-S (Microbone to Inlet Pipette)
---------------------------------------- open None (Microbone to Inlet Pipette) result=[(True, True)], time=0.39 sec
action=open, ok=True, locked=[False]
open () {'description': 'Microbone to Getter D-50'}
opening name=--- desc=Microbone to Getter D-50
checking ownership. requestor=129.138.12.150
check software interlocks K
interlocks []
actuate state mode=None-script, software_lock=False
doing actuation None-script open_channel False
Open K ===>> OK
GetIndicatorState K ===>> OK
change switch state (True, True)
update switch state K True args=() kw={} ncanvase=2
17:30:54 -- OPEN   VALVE-K (Microbone to Getter D-50)
---------------------------------------- open None (Microbone to Getter D-50) result=[(True, True)], time=0.40 sec
action=open, ok=True, locked=[False]
open () {'description': 'Microbone to Getter NP-10'}
opening name=--- desc=Microbone to Getter NP-10
checking ownership. requestor=129.138.12.150
check software interlocks M
interlocks []
actuate state mode=None-script, software_lock=False
doing actuation None-script open_channel False
Open M ===>> OK
GetIndicatorState M ===>> OK
change switch state (True, True)
update switch state M True args=() kw={} ncanvase=2
17:30:55 -- OPEN   VALVE-M (Microbone to Getter NP-10)
---------------------------------------- open None (Microbone to Getter NP-10) result=[(True, True)], time=0.14 sec
action=open, ok=True, locked=[False]
close () {'description': 'CO2 Laser to Felix'}
closing name=--- desc=CO2 Laser to Felix
checking ownership. requestor=129.138.12.150
check software interlocks F
interlocks []
actuate state mode=None-script, software_lock=True
VALVE-F(CO2 Laser to Felix) software locked
change switch state (True, False)
---------------------------------------- close None (CO2 Laser to Felix) result=[(True, False)]
action=close, ok=True, locked=[True]
open () {'description': 'CO2 Laser to Jan'}
opening name=--- desc=CO2 Laser to Jan
checking ownership. requestor=129.138.12.150
check software interlocks A
interlocks []
actuate state mode=None-script, software_lock=False
doing actuation None-script open_channel False
Open A ===>> OK
GetIndicatorState A ===>> OK
change switch state (True, True)
update switch state A True args=() kw={} ncanvase=2
17:30:55 -- OPEN   VALVE-A (CO2 Laser to Jan)
---------------------------------------- open None (CO2 Laser to Jan) result=[(True, True)], time=0.12 sec
action=open, ok=True, locked=[False]
open () {'description': 'Microbone to CO2 Laser'}
opening name=--- desc=Microbone to CO2 Laser
checking ownership. requestor=129.138.12.150
check software interlocks T
interlocks []
actuate state mode=None-script, software_lock=False
doing actuation None-script open_channel False
Open T ===>> OK
GetIndicatorState T ===>> OK
change switch state (True, True)
update switch state T True args=() kw={} ncanvase=2
17:30:56 -- OPEN   VALVE-T (Microbone to CO2 Laser)
---------------------------------------- open None (Microbone to CO2 Laser) result=[(True, True)], time=0.42 sec
action=open, ok=True, locked=[False]
executed snippet estimated_duration=0, duration=4.79906511307
PrepareForCO2Analysis.py completed successfully
gosub finished
set_motor ('beam', '1.25') {}
setting motor "beam" to 1.25
set motor beam to 1.25
SetMotor beam,1.25 ===>> OK
GetMotorMoving beam ===>> False
GetMotorMoving beam ===>> False
Block completed
move_to_position ('160',) {'autocenter': True}
FusionsCO2 move to position 160
sending GoToHole 160,True
GoToHole 160,True ===>> OK
GetDriveMoving ===>> OK
GetDriveMoving ===>> OK
GetDriveMoving ===>> OK
GetDriveMoving ===>> OK
GetDriveMoving ===>> OK
GetDriveMoving ===>> OK
GetDriveMoving ===>> OK
GetDriveMoving ===>> False
GetDriveMoving ===>> OK
GetDriveMoving ===>> OK
GetDriveMoving ===>> OK
GetDriveMoving ===>> OK
GetDriveMoving ===>> OK
GetDriveMoving ===>> False
Block completed
GetAutoCorrecting ===>> False
GetAutoCorrecting ===>> False
Block completed
update position
GetPosition ===>> -1.99390,-5.98170,1.00000
got position (-1.9939, -5.9817, 1.0)
move to position succeeded
sleep (5,) {}
SLEEP 5.0
block started
WaitControl setup for 5.0  
Join finished
block finished. duration 5.01714515686
close () {'description': 'Microbone to Turbo'}
closing name=--- desc=Microbone to Turbo
checking ownership. requestor=129.138.12.150
check software interlocks U
interlocks []
actuate state mode=None-script, software_lock=False
doing actuation None-script close_channel True
Close U ===>> OK
GetIndicatorState U ===>> False
change switch state (True, True)
update switch state U False args=() kw={} ncanvase=2
17:31:07 -- CLOSE  VALVE-U (Microbone to Turbo)
---------------------------------------- close None (Microbone to Turbo) result=[(True, True)]
action=close, ok=True, locked=[False]
enable laser
enable () {}
set extraction state FusionsCO2 Enabled (False, 'red', 1.5)
enabling laser
Enable ===>> OK
begin interval
BEGIN INTERVAL Interval 1 waiting for 30.0
block started
set extract to 5.0
WaitControl setup for 30.0  
extract (5.0,) {}
GetPosition ===>> -1.99390,-5.98170,1.00000
set extraction state FusionsCO2 ON! 5.0(watts) (0.75, 'red', 1.5)
extract sample to 5.0 (watts)
set laser output
SetLaserOutput 5.0,watts ===>> OK
executing pattern triangle.lp
execute_pattern ('triangle.lp',) {}
executing pattern triangle.lp
IsPatterning ===>> OK
IsPatterning ===>> OK
IsPatterning ===>> OK
IsPatterning ===>> OK
IsPatterning ===>> OK
IsPatterning ===>> OK
IsPatterning ===>> OK
IsPatterning ===>> OK
IsPatterning ===>> OK
IsPatterning ===>> OK
IsPatterning ===>> OK
IsPatterning ===>> OK
IsPatterning ===>> OK
IsPatterning ===>> OK
IsPatterning ===>> OK
IsPatterning ===>> OK
IsPatterning ===>> OK
IsPatterning ===>> OK
IsPatterning ===>> OK
IsPatterning ===>> OK
IsPatterning ===>> OK
IsPatterning ===>> OK
IsPatterning ===>> OK
IsPatterning ===>> OK
IsPatterning ===>> OK
IsPatterning ===>> OK
IsPatterning ===>> False
IsPatterning ===>> False
Block completed
COMPLETE INTERVAL waiting for Interval 1 to complete
Join finished
block finished. duration 30.0805752277
Interval 1 finished
end_extract () {}
ending extraction. set laser power to 0
set laser power 0
SetLaserPower 0 ===>> OK
disable () {}
%%%%%%%%%%%%%%%%%%%%%%%%%%%%%%%%%%% disable
set extraction state False (0.75, 'red', 1.5)
disabling laser
Disable ===>> OK
sleep (30.0,) {}
SLEEP 30.0
block started
WaitControl setup for 30.0  
Join finished
block finished. duration 30.0880081654
executed snippet estimated_duration=166.5, duration=77.3087711334
jan_co2.py completed successfully
GetAchievedOutput ===>> No Response
Requested Output= 0.000
Achieved Output=  0.000
GetResponseBlob ===>> No Response
GetOutputBlob ===>> No Response
persistence save...
persistence save - db
AutomatedRunPersister post_extraction_save deprecated
persistence save - dvc
no extraction position for 160
create new session 4982376208
close session 4982376208
Extraction Finished
17:32:09 -- ******* Extraction Finished *******
no overlap. not waiting for min ms pumptime
17:32:09 -- Sending spectrometer configuration
======== Sending configuration ========
SetDeflection CDD,50.0 ===>> OK
SetDeflection H2,0.0 ===>> OK
SetDeflection H1,0.0 ===>> OK
SetDeflection L2,825.0 ===>> OK
SetDeflection L1,400.0 ===>> OK
SetDeflection AX,190.0 ===>> OK
SetZFocus 74.64 ===>> OK
SetZSymmetry -50.72 ===>> OK
SetExtractionLens 26.13 ===>> OK
SetIonRepeller -3.81 ===>> OK
SetElectronEnergy 75.08 ===>> OK
SetYSymmetry -2.81 ===>> OK
SetIonCounterVoltage 1590.0 ===>> OK
send trap current 200.0
GetParameter Trap Current Readback ===>> 198.258926936459
SetParameter Trap Current Set,200.0 ===>> OK
updating mftable name mftable
Using mftable located at /Users/jan/PychronDev/setupfiles/spectrometer/mftables/mftable.csv
============ MFtable ===========
Isotope  H2     H1     AX     L1     L2     CDD    
Ar40     5.8008 5.8796 5.9930 6.1407 6.2314 6.3689
Ar39     5.7000 5.7719 5.8854 6.0267 6.1165 6.2554
Ar36     5.3775 5.4409 5.5488 5.6856 5.7715 5.9065
================================
get initial guess parabolic
get initial guess parabolic
get initial guess parabolic
get initial guess parabolic
get initial guess parabolic
get initial guess parabolic
======== Configuration Finished ========
GetYSymmetry ===>> -2.81
GetZSymmetry ===>> -50.72
GetParameter Trap Current Readback ===>> 197.251968503937
GetHighVoltage ===>> 4500
start measurement
do measurement
L#=25322 analysis type=unknown
Measurement Started jan_unknown120_60.py
17:32:09 -- ******* Measurement Started jan_unknown120_60.py *******
state changed from extraction to measurement
setting spec, defl, and gains
GetExtractionLens ===>> 26.13
GetYSymmetry ===>> -2.81
GetZSymmetry ===>> -50.72
GetZFocus ===>> 74.64
GetDeflection H2 ===>> 0
GetDeflection H1 ===>> 0
GetDeflection AX ===>> 190
GetDeflection L1 ===>> 400
GetDeflection L2 ===>> 825
GetDeflection CDD ===>> 50
GetGain H2 ===>> 0.0113
GetGain H1 ===>> 0.1
GetGain AX ===>> 0.097049
GetGain L1 ===>> 0.010355
GetGain L2 ===>> 0.095649
GetGain CDD ===>> 0
pre measurement save
New frame /Users/jan/PychronDev/data/isotopes/78/6bfc6d-8722-4725-8f51-3a791eb32db1.h5
flush and close file /Users/jan/PychronDev/data/isotopes/78/6bfc6d-8722-4725-8f51-3a791eb32db1.h5
testing...
no interpolation path defined
executed snippet estimated_duration=226.132928, duration=0.000123977661133
unknown measurement script
activate_detectors ('H2', 'H1', 'AX', 'L1', 'L2', 'CDD') {}
activate detectors
*************** Set Analysis View Ar/Ar
create graphs
clearing graphs
clear isotope group
setting isotope det=H2, iso=PM41
setting isotope det=H1, iso=Ar40
setting isotope det=AX, iso=Ar39
setting isotope det=L1, iso=Ar38
setting isotope det=L2, iso=Ar37
setting isotope det=CDD, iso=Ar36
setting previous blanks
 - setting Ar40 blank 0.203+/-0.007
 - setting Ar36 blank 0.00472+/-0.00017
 - setting Ar37 blank 0.048+/-0.005
 - setting Ar38 blank 0.0062+/-0.0021
 - setting PM41 blank 0.04+/-0.07
 - setting Ar39 blank 0.020+/-0.009
load analysis view
position_magnet ('Ar40',) {'detector': 'H1'}
detector Detector(H1)
POSITION Ar40 H1
setting detector H2 to PM41 (40.9624)
setting detector H1 to Ar40 (39.9624)
setting detector AX to Ar39 (38.9624)
setting detector L1 to Ar38 (37.9624)
setting detector L2 to Ar37 (36.9624)
setting detector CDD to Ar36 (35.9624)
Mapping mass to dac mass func: "parabolic"
H1 map mass coeffs = [-0.00063987  0.15840543  0.57123999]
H1 map mass to dac 39.9624 >> 5.87963
GetDeflection H1 ===>> 0
GetHighVoltage ===>> 4500
positioning Ar40 (5.87963) on H1
setting magnet DAC
current  : 5.879630
requested: 5.879630
Delta Dac: 0.000000
Checking detector protection. dv=0.00000
Checking detector "CDD". Protection Threshold: 0.1 (V)
SetMagnetDAC 5.87963 ===>> OK
Magnet settling time: 0.500
update labels <pychron.experiment.plot_panel.PlotPanel object at 0x1a08fe2f0>
update labels "<pychron.graph.stacked_regression_graph.StackedRegressionGraph object at 0x19ff6db90>"
setting label 0 H2 PM41
setting label 1 H1 Ar40
setting label 2 AX Ar39
setting label 3 L1 Ar38
setting label 4 L2 Ar37
setting label 5 CDD Ar36
update labels "<pychron.graph.stacked_graph.StackedGraph object at 0x1a0af3b30>"
setting label 0 H2 PM41
setting label 1 H1 Ar40
setting label 2 AX Ar39
setting label 3 L1 Ar38
setting label 4 L2 Ar37
setting label 5 CDD Ar36
equilibrate () {'delay': 3, 'inlet': 'R', 'outlet': 'O', 'eqtime': 12.0}
Equilibration Started
17:32:12 -- ******* Equilibration Started *******
checking ownership. requestor=129.138.12.150
check software interlocks O
interlocks []
actuate state mode=None-script, software_lock=False
doing actuation None-script close_channel True
Close O ===>> OK
GetIndicatorState O ===>> False
change switch state (True, True)
update switch state O False args=() kw={} ncanvase=2
17:32:12 -- CLOSE  VALVE-O (Jan Ion Pump)
waiting 3s before opening inlet value ('R',)
checking ownership. requestor=129.138.12.150
check software interlocks R
interlocks []
actuate state mode=None-script, software_lock=False
doing actuation None-script open_channel True
Open R ===>> OK
GetIndicatorState R ===>> OK
change switch state (True, True)
update switch state R True args=() kw={} ncanvase=2
17:32:16 -- OPEN   VALVE-R (Jan Inlet)
set_time_zero () {}
equilibrating for 12.0sec
sniff (12.0,) {}
py_sniff
build tables- sniff [Detector(H2), Detector(H1), Detector(AX), Detector(L1), Detector(L2), Detector(CDD)]
add group /sniff/PM41 (Group) '' table H2
add group /sniff/Ar40 (Group) '' table H1
add group /sniff/Ar39 (Group) '' table AX
add group /sniff/Ar38 (Group) '' table L1
add group /sniff/Ar37 (Group) '' table L2
add group /sniff/Ar36 (Group) '' table CDD
flush and close file /Users/jan/PychronDev/data/isotopes/78/6bfc6d-8722-4725-8f51-3a791eb32db1.h5
measuring sniff. ncounts=12.0
"sniff" increment series count="1" fit count="0" regressing="False"
starting measurement
GetData ===>> H2,-0.129581944621355,H1,0.100462605210328,AX,0.0690087935602871,L1,0.00601643654349297,L2,0.1217...
GetData ===>> H2,0.61191907065402,H1,329.563500310304,AX,44.0214659847085,L1,0.19693816099864,L2,0.466948561176...
GetData ===>> H2,0.69771090943286,H1,828.623177990022,AX,105.952067483609,L1,0.828933814730489,L2,0.41046999656...
GetData ===>> H2,0.269847045495526,H1,997.788396096715,AX,124.257631971791,L1,1.22313649984633,L2,0.27621958420...
GetData ===>> H2,0.155874428695279,H1,1055.11765513356,AX,129.876061193834,L1,1.43052207241953,L2,0.42012445803...
GetData ===>> H2,0.00820407640965779,H1,1077.47268649207,AX,131.825421764152,L1,1.49520283722908,L2,0.344925355...
GetData ===>> H2,-0.0342615381251697,H1,1086.73595160974,AX,132.634447160238,L1,1.58203203486194,L2,0.292318792...
GetData ===>> H2,0.142121513695558,H1,1090.72955235661,AX,132.931513995715,L1,1.61890802196081,L2,0.21208602085...
GetData ===>> H2,-0.118693704899461,H1,1091.98656861466,AX,133.173826679719,L1,1.66364783572641,L2,0.4425913257...
GetData ===>> H2,-0.141263460983714,H1,1092.38289490075,AX,133.351986322646,L1,1.69771377138462,L2,0.2380291199...
GetData ===>> H2,-0.0876720283721263,H1,1093.05902322803,AX,133.357829678185,L1,1.70973279454716,L2,0.311399457...
Equilibration Finished
17:32:28 -- ******* Equilibration Finished *******
checking ownership. requestor=129.138.12.150
check software interlocks R
interlocks []
actuate state mode=None-script, software_lock=False
doing actuation None-script close_channel True
GetData ===>> H2,-0.0683708223823742,H1,1092.82121952951,AX,133.317335719767,L1,1.7086460478843,L2,0.3436809093...
Close R ===>> OK
State checksums do not match. Local:1775861429 Remote:1838806504
State checksum failed
GetIndicatorState R ===>> False
change switch state (True, True)
update switch state R False args=() kw={} ncanvase=2
17:32:28 -- CLOSE  VALVE-R (Jan Inlet)
Post Equilibration Started jan_pump_extraction_line.py
17:32:28 -- ******* Post Equilibration Started jan_pump_extraction_line.py *******
testing...
no interpolation path defined
calculate duration
testing...
no interpolation path defined
executed snippet estimated_duration=4.0, duration=0.000136137008667
executed snippet estimated_duration=4.0, duration=0.0133180618286
Pump after analysis
doing GOSUB
testing...
no interpolation path defined
executed snippet estimated_duration=4.0, duration=0.000191926956177
Pump Microbone
close () {'description': 'Jan Inlet'}
closing name=--- desc=Jan Inlet
checking ownership. requestor=129.138.12.150
check software interlocks R
interlocks []
actuate state mode=None-script, software_lock=False
doing actuation None-script close_channel False
measurement finished
estimated time: 12.583 actual time: :12.653
flush and close file /Users/jan/PychronDev/data/isotopes/78/6bfc6d-8722-4725-8f51-3a791eb32db1.h5
set_fits () {}
using default fits file=/Users/jan/PychronDev/scripts/measurement/fits/nominal_linear.yaml
Close R ===>> OK
set "Ar40" to "('Linear', 'SEM')"
No fit for "PM41". defaulting to linear. check the measurement script "jan_unknown120_60.py"
set "PM41" to "linear"
set "Ar36" to "('Linear', 'SEM')"
set "Ar37" to "('linear', 'SEM')"
set "Ar38" to "('linear', 'SEM')"
set "Ar39" to "('Linear', 'SEM')"
set_baseline_fits () {}
using default fits file=/Users/jan/PychronDev/scripts/measurement/fits/nominal_linear.yaml
set "H1" to "('average', 'SEM')"
set "H2" to "('average', 'SEM')"
set "CDD" to "('average', 'SEM')"
set "L2" to "('average', 'SEM')"
set "L1" to "('average', 'SEM')"
set "AX" to "('average', 'SEM')"
multicollect () {'integration_time': 1, 'ncounts': 120}
build tables- signal [Detector(H2), Detector(H1), Detector(AX), Detector(L1), Detector(L2), Detector(CDD)]
add group /signal/PM41 (Group) '' table H2
add group /signal/Ar40 (Group) '' table H1
add group /signal/Ar39 (Group) '' table AX
add group /signal/Ar38 (Group) '' table L1
add group /signal/Ar37 (Group) '' table L2
add group /signal/Ar36 (Group) '' table CDD
flush and close file /Users/jan/PychronDev/data/isotopes/78/6bfc6d-8722-4725-8f51-3a791eb32db1.h5
measuring signal. ncounts=120
GetIndicatorState R ===>> False
change switch state (True, True)
update switch state R False args=() kw={} ncanvase=2
17:32:29 -- CLOSE  VALVE-R (Jan Inlet)
---------------------------------------- close None (Jan Inlet) result=[(True, True)]
"signal" increment series count="2" fit count="1" regressing="True"
action=close, ok=True, locked=[False]
is_closed ('F',) {}
is F () closed?
is closed True
open () {'description': 'CO2 Laser to Jan'}
opening name=--- desc=CO2 Laser to Jan
checking ownership. requestor=129.138.12.150
check software interlocks A
interlocks []
actuate state mode=None-script, software_lock=False
doing actuation None-script open_channel False
Open A ===>> OK
GetIndicatorState A ===>> OK
change switch state (True, True)
update switch state A True args=() kw={} ncanvase=2
17:32:29 -- OPEN   VALVE-A (CO2 Laser to Jan)
---------------------------------------- open None (CO2 Laser to Jan) result=[(True, True)], time=0.12 sec
starting measurement
GetData ===>> H2,-0.0320467255641699,H1,1093.31141525731,AX,133.021821469223,L1,1.69451043635872,L2,0.331294412...
action=open, ok=True, locked=[False]
sleep (1,) {}
SLEEP 1.0
GetData ===>> H2,-0.10731100070546,H1,1092.62719533236,AX,133.325879093376,L1,1.72507647336895,L2,0.44096769962...
close () {'description': 'CO2 Laser to Roughing'}
closing name=--- desc=CO2 Laser to Roughing
checking ownership. requestor=129.138.12.150
check software interlocks G
interlocks []
actuate state mode=None-script, software_lock=True
VALVE-G(CO2 Laser to Roughing) software locked
change switch state (True, False)
---------------------------------------- close None (CO2 Laser to Roughing) result=[(True, False)]
action=close, ok=True, locked=[True]
open () {'description': 'Microbone to Turbo'}
opening name=--- desc=Microbone to Turbo
checking ownership. requestor=129.138.12.150
check software interlocks U
interlocks []
actuate state mode=None-script, software_lock=False
doing actuation None-script open_channel True
Open U ===>> OK
GetIndicatorState U ===>> OK
change switch state (True, True)
update switch state U True args=() kw={} ncanvase=2
17:32:31 -- OPEN   VALVE-U (Microbone to Turbo)
---------------------------------------- open None (Microbone to Turbo) result=[(True, True)], time=0.18 sec
action=open, ok=True, locked=[False]
open () {'description': 'Microbone to Getter NP-10'}
opening name=--- desc=Microbone to Getter NP-10
checking ownership. requestor=129.138.12.150
check software interlocks M
interlocks []
actuate state mode=None-script, software_lock=False
doing actuation None-script open_channel False
Open M ===>> OK
GetIndicatorState M ===>> OK
change switch state (True, True)
update switch state M True args=() kw={} ncanvase=2
17:32:31 -- OPEN   VALVE-M (Microbone to Getter NP-10)
---------------------------------------- open None (Microbone to Getter NP-10) result=[(True, True)], time=0.15 sec
action=open, ok=True, locked=[False]
open () {'description': 'Microbone to Getter D-50'}
opening name=--- desc=Microbone to Getter D-50
checking ownership. requestor=129.138.12.150
check software interlocks K
interlocks []
actuate state mode=None-script, software_lock=False
doing actuation None-script open_channel False
GetData ===>> H2,-0.0440485424647998,H1,1092.13423938341,AX,133.179627917496,L1,1.73252244051287,L2,0.230917751...
Open K ===>> OK
GetIndicatorState K ===>> OK
change switch state (True, True)
update switch state K True args=() kw={} ncanvase=2
17:32:32 -- OPEN   VALVE-K (Microbone to Getter D-50)
---------------------------------------- open None (Microbone to Getter D-50) result=[(True, True)], time=0.39 sec
action=open, ok=True, locked=[False]
open () {'description': 'Microbone to CO2 Laser'}
opening name=--- desc=Microbone to CO2 Laser
checking ownership. requestor=129.138.12.150
check software interlocks T
interlocks []
actuate state mode=None-script, software_lock=False
doing actuation None-script open_channel False
Open T ===>> OK
GetIndicatorState T ===>> OK
change switch state (True, True)
update switch state T True args=() kw={} ncanvase=2
17:32:32 -- OPEN   VALVE-T (Microbone to CO2 Laser)
---------------------------------------- open None (Microbone to CO2 Laser) result=[(True, True)], time=0.40 sec
GetData ===>> H2,-0.178847162515105,H1,1091.55575936782,AX,133.235072322861,L1,1.72346445623328,L2,0.2996561820...
action=open, ok=True, locked=[False]
open () {'description': 'Microbone to Inlet Pipette'}
opening name=--- desc=Microbone to Inlet Pipette
checking ownership. requestor=129.138.12.150
check software interlocks S
interlocks []
actuate state mode=None-script, software_lock=False
doing actuation None-script open_channel False
Open S ===>> OK
GetIndicatorState S ===>> OK
change switch state (True, True)
update switch state S True args=() kw={} ncanvase=2
17:32:33 -- OPEN   VALVE-S (Microbone to Inlet Pipette)
---------------------------------------- open None (Microbone to Inlet Pipette) result=[(True, True)], time=0.40 sec
action=open, ok=True, locked=[False]
sleep (1,) {}
SLEEP 1.0
GetData ===>> H2,-0.140595808579451,H1,1091.26959256108,AX,133.115804412001,L1,1.69800266420087,L2,0.2886103719...
set_resource () {'name': 'CO2PumpTimeFlag', 'value': 30}
Set CO2PumpTimeFlag 30 ===>> OK
release ('JanCO2Flag',) {}
release JanCO2Flag
Set JanCO2Flag 0 ===>> OK
executed snippet estimated_duration=6.0, duration=5.93155312538
PumpMicrobone.py completed successfully
gosub finished
get_resource_value () {'name': 'JanMiniboneFlag'}
Read JanMiniboneFlag ===>> 0
Get Resource Value JanMiniboneFlag=0.0
get resource value 0.0
get_resource_value () {'name': 'JanMiniboneFlag'}
Read JanMiniboneFlag ===>> 0
Get Resource Value JanMiniboneFlag=0.0
executed snippet estimated_duration=4.0, duration=5.95550012589
jan_pump_extraction_line.py completed successfully
Post Equilibration Finished
17:32:34 -- ******* Post Equilibration Finished *******
GetData ===>> H2,-0.0792378800317144,H1,1090.54860987776,AX,132.853722884683,L1,1.70817624237802,L2,0.328703154...
GetData ===>> H2,-0.0917344986912932,H1,1090.00222882912,AX,132.846677635251,L1,1.71212141409776,L2,0.374899699...
GetData ===>> H2,-0.110989093854831,H1,1090.41004664205,AX,132.878666674609,L1,1.69663634667213,L2,0.3144239549...
GetData ===>> H2,-0.0390427616992028,H1,1089.78291151684,AX,132.875328905089,L1,1.72072086171007,L2,0.284536980...
GetData ===>> H2,-0.0596584361387343,H1,1089.17450211146,AX,132.822246043557,L1,1.73250289407455,L2,0.417439391...
GetData ===>> H2,-0.160267760602786,H1,1088.62749571764,AX,132.69181036197,L1,1.69938997672241,L2,0.21885360449...
GetData ===>> H2,-0.189612977068452,H1,1087.63926375534,AX,132.64610931798,L1,1.67361272383547,L2,0.25962117889...
GetData ===>> H2,-0.119801667023527,H1,1087.49212963266,AX,132.792648111722,L1,1.64125576430264,L2,0.2895003796...
GetData ===>> H2,-0.215386470339584,H1,1087.42573501512,AX,132.540756205076,L1,1.70196204666044,L2,0.2427779360...
GetData ===>> H2,-0.271971067210486,H1,1087.41046255024,AX,132.419913514475,L1,1.68366070616468,L2,0.2517396846...
GetData ===>> H2,-0.129123745683961,H1,1086.83190901707,AX,132.454467086184,L1,1.65798177401271,L2,0.3373675917...
GetData ===>> H2,-0.0709475357983469,H1,1086.57161895697,AX,132.273741204018,L1,1.69744700777893,L2,0.315428337...
GetData ===>> H2,-0.089183089999026,H1,1086.13966161114,AX,132.300022251346,L1,1.68164074507101,L2,0.3047915481...
GetData ===>> H2,-0.117964474246779,H1,1085.88102901741,AX,132.317363432099,L1,1.7111802226344,L2,0.29659791704...
GetData ===>> H2,-0.0293995210705088,H1,1085.45819295982,AX,132.282078988302,L1,1.70485564498647,L2,0.239752821...
GetData ===>> H2,-0.0723617677935919,H1,1084.41469604648,AX,132.298463583619,L1,1.71332308064092,L2,0.321865766...
GetData ===>> H2,-0.212833214434739,H1,1084.2558316333,AX,132.318259767837,L1,1.68740192238053,L2,0.27530688238...
GetData ===>> H2,-0.134184886259274,H1,1084.33759328722,AX,132.293553877405,L1,1.72020493850186,L2,0.3274817491...
GetData ===>> H2,-0.0731047454181609,H1,1083.81929319096,AX,132.132032692607,L1,1.73028655454989,L2,0.316067495...
17:32:55 -- collecting point 25
GetData ===>> H2,-0.0473413447656357,H1,1083.13411308738,AX,131.947500263124,L1,1.67667632567899,L2,0.267994172...
GetData ===>> H2,-0.150545703095479,H1,1082.12320959835,AX,131.796565193399,L1,1.68092415846267,L2,0.2533837143...
GetData ===>> H2,-0.193365992103383,H1,1081.79428113642,AX,131.834684968114,L1,1.66968212366166,L2,0.3086375470...
GetData ===>> H2,-0.16599109452462,H1,1081.88543918358,AX,131.917801691159,L1,1.69914139275585,L2,0.35603475211...
GetData ===>> H2,-0.106170396339792,H1,1081.26604750915,AX,131.913870830168,L1,1.70779234429167,L2,0.2615147347...
GetData ===>> H2,-0.0952754414710721,H1,1080.65112900812,AX,131.8204984684,L1,1.70130335161526,L2,0.37282117565...
GetData ===>> H2,-0.150580812856723,H1,1080.27396990021,AX,131.697250418881,L1,1.65049347672604,L2,0.1775822051...
GetData ===>> H2,-0.0684766147354364,H1,1079.91466104503,AX,131.58628819869,L1,1.64682067790521,L2,0.3319222612...
GetData ===>> H2,-0.0926421905420391,H1,1079.6749685547,AX,131.599315185526,L1,1.63428199188254,L2,0.2807718144...
GetData ===>> H2,-0.0320752451995743,H1,1078.74686182955,AX,131.700011587544,L1,1.6412155231818,L2,0.3296848567...
GetData ===>> H2,-0.0289526003412521,H1,1078.85259319402,AX,131.664139479366,L1,1.66207933720841,L2,0.331271582...
GetData ===>> H2,-0.114481379811232,H1,1079.22117063675,AX,131.449402612966,L1,1.67205070912506,L2,0.3188524479...
GetData ===>> H2,-0.285946092222463,H1,1078.7583717502,AX,131.559906876271,L1,1.68219740017761,L2,0.33624881931...
GetData ===>> H2,-0.163486900951234,H1,1078.12557086198,AX,131.423592051709,L1,1.6520732907792,L2,0.30369598029...
GetData ===>> H2,-0.0508174761451535,H1,1077.34552590884,AX,131.399320635678,L1,1.64855050274426,L2,0.240392083...
GetData ===>> H2,-0.0969385181293925,H1,1076.73710566208,AX,131.393335925873,L1,1.63729856709533,L2,0.292592650...
GetData ===>> H2,-0.130299617278504,H1,1076.56441119338,AX,131.305475367192,L1,1.63111970209753,L2,0.3099043638...
GetData ===>> H2,-0.0563776227042333,H1,1075.52284782859,AX,131.21295727681,L1,1.61830122245322,L2,0.2825631021...
GetData ===>> H2,-0.133074571567368,H1,1075.40427681714,AX,131.096171644015,L1,1.65432852492711,L2,0.2410541799...
GetData ===>> H2,-0.127121780545578,H1,1075.03664970241,AX,131.104521236702,L1,1.67498259471509,L2,0.3608534109...
GetData ===>> H2,-0.0407500492990889,H1,1075.2346800765,AX,131.132713974604,L1,1.65891703640631,L2,0.3077930118...
GetData ===>> H2,-0.0531854156253487,H1,1074.7302593719,AX,131.255084809447,L1,1.65901966036048,L2,0.3123353295...
GetData ===>> H2,-0.178914640917921,H1,1074.15925340227,AX,130.907869399934,L1,1.65447785166491,L2,0.3175284440...
GetData ===>> H2,-0.11061408302861,H1,1073.60745343762,AX,130.817948610291,L1,1.63411853683926,L2,0.29704295700...
GetData ===>> H2,-0.0254921073106555,H1,1073.18981573025,AX,131.052255949425,L1,1.6749773956389,L2,0.3054648721...
17:33:21 -- collecting point 50
GetData ===>> H2,0.0103168312560916,H1,1072.74103272086,AX,131.048567725414,L1,1.65161243392836,L2,0.2729909405...
GetData ===>> H2,-0.0100442316894243,H1,1071.70648655143,AX,130.979593914316,L1,1.62239777602638,L2,0.205741132...
GetData ===>> H2,0.0486765092749191,H1,1071.83701017427,AX,130.787830918599,L1,1.64500290594871,L2,0.2443304846...
GetData ===>> H2,-0.0777038899716443,H1,1071.04066544394,AX,130.772686909324,L1,1.65470509193119,L2,0.257516746...
GetData ===>> H2,-0.145969700776403,H1,1071.33012556229,AX,130.770864293878,L1,1.62869866798375,L2,0.3481450069...
GetData ===>> H2,-0.0692564639112296,H1,1070.76440431888,AX,130.746454848224,L1,1.6449951217104,L2,0.3835454710...
GetData ===>> H2,-0.130395573835966,H1,1070.35199078316,AX,130.720850890415,L1,1.64538823269803,L2,0.2080918873...
GetData ===>> H2,-0.0661408162337154,H1,1069.80784755281,AX,130.632784982494,L1,1.62559503385892,L2,0.312586418...
GetData ===>> H2,-0.134283605691879,H1,1069.18968729347,AX,130.480132544591,L1,1.6556296840468,L2,0.30610396366...
GetData ===>> H2,-0.124091801801464,H1,1068.8364708523,AX,130.47340892616,L1,1.66684517570556,L2,0.311730435612...
GetData ===>> H2,-0.0597967547495937,H1,1068.71979161669,AX,130.632784982494,L1,1.66434527254537,L2,0.366928463...
GetData ===>> H2,-0.11934307310542,H1,1067.66186279789,AX,130.402256373356,L1,1.66784140072319,L2,0.34395491444...
GetData ===>> H2,-0.184233372932229,H1,1067.66360072404,AX,130.426719419964,L1,1.68105550747618,L2,0.3417514787...
GetData ===>> H2,-0.174715368710326,H1,1067.0942546526,AX,130.406362344172,L1,1.65259648429344,L2,0.23030138191...
GetData ===>> H2,-0.0686095319386577,H1,1067.24296992344,AX,130.219093237956,L1,1.6229127100081,L2,0.1617036747...
GetData ===>> H2,-0.0788801481980728,H1,1066.67447104552,AX,130.280272056074,L1,1.64638210130408,L2,0.319845462...
GetData ===>> H2,-0.148876513613097,H1,1066.34725042159,AX,130.194124961535,L1,1.66089044354746,L2,0.3442060864...
GetData ===>> H2,-0.140336305541222,H1,1065.70577852037,AX,130.025384813112,L1,1.66272126375434,L2,0.3394681792...
GetData ===>> H2,-0.0737866693995986,H1,1065.09548882654,AX,129.962427952264,L1,1.6526925572965,L2,0.3727983349...
GetData ===>> H2,-0.0649174284041416,H1,1064.81284942571,AX,130.065858933152,L1,1.65795579564734,L2,0.258692752...
GetData ===>> H2,-0.166491866829926,H1,1064.77274172543,AX,129.987060087727,L1,1.61252924362593,L2,0.2774745634...
GetData ===>> H2,-0.248124110135157,H1,1064.35593827208,AX,129.918745580865,L1,1.63983183832597,L2,0.2763450813...
GetData ===>> H2,-0.162052984096996,H1,1064.09489788158,AX,130.059280234624,L1,1.6317292599144,L2,0.26096719668...
GetData ===>> H2,-0.112505256877134,H1,1063.26077401276,AX,129.819140362387,L1,1.63581547535804,L2,0.2615717701...
GetData ===>> H2,-0.0266158297617078,H1,1063.11975456905,AX,129.737337198474,L1,1.65394288186164,L2,0.326066307...
17:33:47 -- collecting point 75
GetData ===>> H2,-0.0925554887799618,H1,1062.64258312438,AX,129.662943825721,L1,1.64535449984561,L2,0.264161212...
GetData ===>> H2,-0.153009187669451,H1,1061.85731005201,AX,129.674035918178,L1,1.63679250259085,L2,0.3940882005...
GetData ===>> H2,-0.131359523668887,H1,1062.18339114271,AX,129.784766526899,L1,1.66417127464973,L2,0.3704229351...
GetData ===>> H2,-0.132337457350087,H1,1061.82699616309,AX,129.658518794964,L1,1.63649795792586,L2,0.3237148951...
GetData ===>> H2,-0.109924951429946,H1,1061.16971802027,AX,129.807219568839,L1,1.62229920202286,L2,0.3116163051...
GetData ===>> H2,-0.132664769023308,H1,1060.41002511565,AX,129.506526377333,L1,1.61751943451956,L2,0.1978562543...
GetData ===>> H2,-0.235451312731289,H1,1060.29473560114,AX,129.443105281263,L1,1.60971759911901,L2,0.1968065076...
GetData ===>> H2,-0.179771581653388,H1,1060.09957981869,AX,129.37109012444,L1,1.62136927807081,L2,0.22790442591...
GetData ===>> H2,-0.130155005159062,H1,1059.39742091515,AX,129.522636661353,L1,1.63957095684633,L2,0.2980699801...
GetData ===>> H2,-0.248958083356432,H1,1058.64326966181,AX,129.295679639375,L1,1.65615434704212,L2,0.2773947006...
GetData ===>> H2,-0.208545518014346,H1,1058.41892726411,AX,129.341392814902,L1,1.65886637430416,L2,0.3434982396...
GetData ===>> H2,-0.0877506356330372,H1,1058.37166825055,AX,129.382368032089,L1,1.58478464950365,L2,0.305350749...
GetData ===>> H2,-0.0901614460996435,H1,1057.9096173536,AX,129.272345411317,L1,1.6002806872722,L2,0.35125058891...
GetData ===>> H2,-0.136568788076318,H1,1057.51755492174,AX,129.098194859678,L1,1.59264726144773,L2,0.2659179672...
GetData ===>> H2,-0.0811781081946982,H1,1057.21699671658,AX,129.164370745992,L1,1.60408645110699,L2,0.308340817...
GetData ===>> H2,-0.136921665746824,H1,1056.64161566608,AX,128.889949900754,L1,1.62129016686999,L2,0.3772637893...
GetData ===>> H2,-0.172206661957681,H1,1056.0394335718,AX,129.003619060294,L1,1.62496248853263,L2,0.34071257074...
GetData ===>> H2,-0.100418273824887,H1,1055.39375972476,AX,128.988767154821,L1,1.61371501668864,L2,0.3062751496...
GetData ===>> H2,-0.0891126234282283,H1,1055.05780450747,AX,128.739164288645,L1,1.605469119469,L2,0.24227564627...
GetData ===>> H2,-0.00978050158879704,H1,1055.20931246635,AX,128.926365472413,L1,1.67518796020702,L2,0.41748509...
GetData ===>> H2,-0.0608015483216797,H1,1054.9594017633,AX,128.888600619368,L1,1.64573724411039,L2,0.3582841906...
GetData ===>> H2,-0.0865215084665826,H1,1054.77937324342,AX,128.883376847409,L1,1.63611778650299,L2,0.204497309...
GetData ===>> H2,0.00209520457295865,H1,1053.94134479053,AX,128.860756217964,L1,1.61576677420403,L2,0.193292222...
GetData ===>> H2,-0.15276323612076,H1,1053.13568381451,AX,128.803437789663,L1,1.60665930355654,L2,0.36692846348...
GetData ===>> H2,-0.143439140423035,H1,1053.1305299312,AX,128.840047520034,L1,1.66436994411356,L2,0.32960495037...
17:34:13 -- collecting point 100
GetData ===>> H2,-0.124282466880929,H1,1053.09794465741,AX,128.730512925483,L1,1.66797129335189,L2,0.2589781931...
GetData ===>> H2,-0.00783360418906278,H1,1052.25155842143,AX,128.660343534609,L1,1.64658711420385,L2,0.25242469...
GetData ===>> H2,-0.0298369158805255,H1,1051.99695569627,AX,128.790677419426,L1,1.63083568575056,L2,0.198187155...
GetData ===>> H2,-0.0785291806541219,H1,1051.81199185286,AX,128.685107661508,L1,1.62768865815135,L2,0.331111766...
GetData ===>> H2,-0.0400063656418503,H1,1050.95634513343,AX,128.653830332055,L1,1.62661003484496,L2,0.317699650...
GetData ===>> H2,-0.0642125743339363,H1,1050.66713470088,AX,128.487066483661,L1,1.61204719579959,L2,0.245540576...
GetData ===>> H2,-0.160414964403593,H1,1050.18569432697,AX,128.448877237156,L1,1.60038044684685,L2,0.3727754943...
GetData ===>> H2,-0.194557421922474,H1,1049.95041319152,AX,128.30465206891,L1,1.58213819050881,L2,0.30895710286...
GetData ===>> H2,-0.151022376340565,H1,1049.37788960417,AX,128.314412054357,L1,1.59249190295921,L2,0.2281669467...
GetData ===>> H2,-0.176335330318435,H1,1049.08416494175,AX,128.197465805092,L1,1.5894602677561,L2,0.29706577961...
GetData ===>> H2,-0.147456969025556,H1,1048.56738930164,AX,128.21680025657,L1,1.57478095388809,L2,0.24250395947...
GetData ===>> H2,-0.124886894580137,H1,1048.3112716598,AX,127.962167192254,L1,1.59958239588303,L2,0.36465598332...
GetData ===>> H2,-0.140217364664533,H1,1047.79666641477,AX,128.153207286636,L1,1.61942538416644,L2,0.2834074150...
GetData ===>> H2,-0.0599974493532291,H1,1047.19269713802,AX,127.96084101118,L1,1.66602306637427,L2,0.2288860292...
GetData ===>> H2,-0.0756329462599196,H1,1047.10794434675,AX,127.862303660213,L1,1.65243030596358,L2,0.297157070...
GetData ===>> H2,-0.179579956441397,H1,1046.52597650338,AX,127.903591826507,L1,1.62927178327626,L2,0.2024090931...
GetData ===>> H2,-0.203506778168007,H1,1046.09180213306,AX,127.966261124343,L1,1.61152759290308,L2,0.3371392697...
GetData ===>> H2,-0.0760978571517908,H1,1045.68981393776,AX,127.79606861775,L1,1.6201697027757,L2,0.21917316495...
GetData ===>> H2,-0.0910123577334973,H1,1045.63074584925,AX,127.673527057175,L1,1.64689334318919,L2,0.238417235...
GetData ===>> H2,-0.0520157557747087,H1,1044.79971660665,AX,127.840472105572,L1,1.58980325833684,L2,0.296609328...
GetData ===>> H2,0.0923024264215618,H1,1044.35879493201,AX,127.770363188706,L1,1.5857320763167,L2,0.22927410771...
measurement finished
estimated time: 125.829 actual time: :126.139
flush and close file /Users/jan/PychronDev/data/isotopes/78/6bfc6d-8722-4725-8f51-3a791eb32db1.h5
baselines () {'settling_time': 15.0, 'detector': 'H1', 'mass': 34.2, 'ncounts': 60}
%%%%%%%%%%%%%%%%%%%%%%%%%%%%%%%% Baseline
build tables- baseline [Detector(H2), Detector(H1), Detector(AX), Detector(L1), Detector(L2), Detector(CDD)]
add group baseline table H2
add group baseline table H1
add group baseline table AX
add group baseline table L1
add group baseline table L2
add group baseline table CDD
flush and close file /Users/jan/PychronDev/data/isotopes/78/6bfc6d-8722-4725-8f51-3a791eb32db1.h5
detector Detector(H1)
POSITION 34.2 H1
Mapping mass to dac mass func: "parabolic"
H1 map mass coeffs = [-0.00063987  0.15840543  0.57123999]
H1 map mass to dac 34.2 >> 5.24028599104
GetDeflection H1 ===>> 0
GetHighVoltage ===>> 4500
positioning 34.2 (5.24028599104) on H1
setting magnet DAC
current  : 5.879630
requested: 5.240286
Delta Dac: 0.639344
Checking detector protection. dv=0.63934
Checking detector "CDD". Protection Threshold: 0.1 (V)
ProtectDetector CDD,On ===>> OK
GetDeflection CDD ===>> 2000
Protected = 2000
SetMagnetDAC 5.24028599104 ===>> OK
Magnet settling time: 0.500
GetMagnetMoving ===>> True
GetMagnetMoving ===>> True
GetMagnetMoving ===>> True
GetMagnetMoving ===>> True
GetMagnetMoving ===>> True
GetMagnetMoving ===>> True
GetMagnetMoving ===>> True
GetMagnetMoving ===>> True
GetMagnetMoving ===>> False
ProtectDetector CDD,Off ===>> OK
GetDeflection CDD ===>> 50
Delaying 15.0s for detectors to settle
Join finished
measuring baseline. ncounts=60
"baseline" increment series count="2" fit count="1" regressing="True"
starting measurement
GetData ===>> H2,-0.169280129401898,H1,-0.0748503081748229,AX,-0.0961805273570949,L1,-0.0385651770710889,L2,-0....
GetData ===>> H2,-0.140476870423896,H1,-0.0934194236311246,AX,-0.0404199209038397,L1,-0.0619000335608004,L2,-0....
GetData ===>> H2,-0.178069782315236,H1,-0.0078632134794308,AX,-0.173338962994259,L1,-0.0144119999406913,L2,-0.0...
GetData ===>> H2,-0.245994508679333,H1,-0.0652425966817692,AX,-0.139533296286111,L1,0.0195749784496558,L2,-0.00...
GetData ===>> H2,-0.127661169852451,H1,-0.0186213722934035,AX,0.0255834870451499,L1,-0.0307114781525299,L2,0.01...
GetData ===>> H2,-0.147774389759071,H1,0.0215188911684596,AX,-0.0793861524202634,L1,0.0100122332552113,L2,0.020...
GetData ===>> H2,-0.155883181942244,H1,-0.0337190108640194,AX,-0.129158143886447,L1,-0.0157077733422362,L2,-0.0...
GetData ===>> H2,-0.118364948084091,H1,0.0226284940636258,AX,-0.0356422665908893,L1,-0.0240094408904849,L2,-0.0...
GetData ===>> H2,-0.110281030541555,H1,-0.000300800048002969,AX,-0.0937351499785703,L1,-0.00928974945106011,L2,...
GetData ===>> H2,-0.248876033885039,H1,0.0425079802002905,AX,-0.122878658378761,L1,-0.0129378070116506,L2,0.009...
GetData ===>> H2,-0.263664500492105,H1,-0.0382144710894703,AX,-0.112670732980693,L1,-0.0385172602710081,L2,-0.0...
GetData ===>> H2,-0.277101145898818,H1,-0.002710337639855,AX,0.0582812516885546,L1,-0.0618988372479584,L2,-0.00...
GetData ===>> H2,-0.28366237295732,H1,-0.0294022250629798,AX,-0.0981738700807344,L1,-0.055453427531227,L2,-0.01...
GetData ===>> H2,-0.185614593205147,H1,-0.00557307918811463,AX,-0.186227467272426,L1,-0.0537121985804862,L2,0.0...
GetData ===>> H2,-0.11090921894049,H1,0.0309926707710019,AX,-0.171936423779031,L1,-0.0278953455253451,L2,0.0175...
GetData ===>> H2,-0.114902276643243,H1,0.00200143609190313,AX,-0.194258737804332,L1,-0.00437482995074436,L2,-0....
GetData ===>> H2,-0.178000949204843,H1,0.000188271593759737,AX,-0.088334240932357,L1,0.0036611566309981,L2,-0.0...
GetData ===>> H2,-0.165854761842923,H1,0.0270670286327103,AX,-0.0604556835254333,L1,0.025694514246795,L2,-0.092...
GetData ===>> H2,-0.172580350955925,H1,0.0401451454995041,AX,-0.0665768993846927,L1,-0.0101446380477152,L2,-0.0...
GetData ===>> H2,-0.270991533126136,H1,-0.0722041074800781,AX,-0.0821100747777464,L1,-0.00603499304442019,L2,-0...
GetData ===>> H2,-0.261148473956577,H1,-0.0113221711462995,AX,-0.109530508717516,L1,-0.00667427475064816,L2,0.0...
GetData ===>> H2,-0.143289153558216,H1,0.0208507491209932,AX,-0.0386689146335194,L1,0.000649310602200233,L2,0.0...
GetData ===>> H2,-0.124569134589787,H1,0.0315654217011076,AX,0.00997758725202245,L1,0.0163823852777005,L2,-0.02...
GetData ===>> H2,-0.076999160874657,H1,0.0639789174480711,AX,-0.0142907074794339,L1,-0.0156166136132131,L2,-0.0...
17:35:19 -- collecting point 25
GetData ===>> H2,-0.134597338460026,H1,-0.0115249339214028,AX,-0.142582780581638,L1,-0.0480781247991572,L2,-0.0...
GetData ===>> H2,-0.213564506456856,H1,-9.80145353100648E-05,AX,-0.0941755542338731,L1,-0.0451024800986526,L2,-...
GetData ===>> H2,-0.282098430018133,H1,-0.0263016562824568,AX,-0.110179419457044,L1,-0.0261065540343078,L2,0.01...
GetData ===>> H2,-0.199514891091269,H1,-0.0568380728048322,AX,-0.129007533665007,L1,-0.0222439318276946,L2,-0.0...
GetData ===>> H2,-0.215727130189568,H1,-0.00704020249993036,AX,-0.08998004325994,L1,-0.0562638187304509,L2,-0.0...
GetData ===>> H2,-0.272652256804989,H1,0.00406514354278649,AX,0.124729836512057,L1,-0.0404409402736825,L2,-0.07...
GetData ===>> H2,-0.217388414331079,H1,-0.0572195700325072,AX,0.0112306080211191,L1,-0.0214767437355256,L2,0.00...
GetData ===>> H2,-0.183769331429048,H1,-0.00967619930090073,AX,-0.135869150684729,L1,0.0214263769411996,L2,0.05...
GetData ===>> H2,-0.251880538676316,H1,0.0845145387310843,AX,-0.0511340015632187,L1,0.0163943946437149,L2,0.007...
GetData ===>> H2,-0.186421126324433,H1,0.0214592354472078,AX,-0.0688722560621805,L1,0.0129831091386605,L2,-0.09...
GetData ===>> H2,-0.0903890847517218,H1,0.106797209141241,AX,-0.169907922190412,L1,-0.0161599613681192,L2,0.003...
GetData ===>> H2,-0.194929381102609,H1,0.0232847166170338,AX,-0.0787834018500354,L1,-0.0152627621037802,L2,-0.0...
GetData ===>> H2,-0.305244235877427,H1,0.0685386529902356,AX,-0.0645017576050458,L1,-0.018670015027477,L2,-0.03...
GetData ===>> H2,-0.26676606552438,H1,-0.0586620932782499,AX,-0.195359653931819,L1,-0.00805824652637314,L2,-0.0...
GetData ===>> H2,-0.254476894757359,H1,0.0127618117038654,AX,-0.0456959413669961,L1,0.003647950079069,L2,-0.006...
GetData ===>> H2,-0.123991735159117,H1,0.0691235555589255,AX,-0.0508557286745448,L1,-0.0039801410775713,L2,-0.0...
GetData ===>> H2,-0.123990382901153,H1,0.0426869851014146,AX,-0.0486179219325405,L1,-0.00850913557689009,L2,0.0...
GetData ===>> H2,-0.237450392043877,H1,-0.000515513672527512,AX,-0.0438522656298077,L1,-0.0297940158164353,L2,-...
GetData ===>> H2,-0.196398325809995,H1,-0.0081017661215153,AX,-0.0464032542346565,L1,-0.0105522732427222,L2,-0....
GetData ===>> H2,-0.222944331904733,H1,0.0620213983545838,AX,-0.0830721227494271,L1,-0.0154762739949878,L2,-0.0...
GetData ===>> H2,-0.30222231554355,H1,-0.0192176887365168,AX,-0.13744614165979,L1,0.0127982290813608,L2,-0.0229...
GetData ===>> H2,-0.230065760331494,H1,0.0115091586039952,AX,-0.0400488493580873,L1,-0.0125422550915432,L2,0.07...
GetData ===>> H2,-0.244556161417691,H1,0.00351640792943826,AX,-0.112450572960063,L1,-0.0548991636913685,L2,0.10...
GetData ===>> H2,-0.243879307866693,H1,-0.106098790646736,AX,0.00783124655892927,L1,-0.0199481868003498,L2,0.06...
GetData ===>> H2,-0.166455423231044,H1,0.0443815806874472,AX,-0.0270256611638659,L1,-0.0110138402239717,L2,0.02...
17:35:45 -- collecting point 50
GetData ===>> H2,-0.152164690144832,H1,-0.0421612471549036,AX,-0.0777517624020494,L1,-0.0282176056791057,L2,-0....
GetData ===>> H2,-0.217404584881796,H1,0.0221154503362133,AX,-0.0992864157029957,L1,-0.0307605827842112,L2,-0.0...
GetData ===>> H2,-0.186903939724644,H1,-0.028424363740309,AX,-0.0937930980207815,L1,-0.0129210263368896,L2,0.02...
GetData ===>> H2,-0.181925118044641,H1,-0.0561466053725866,AX,-0.0587977879634116,L1,0.00511518383845237,L2,-0....
GetData ===>> H2,-0.217322384342224,H1,0.0829162936274443,AX,-0.0250424582467344,L1,-0.0128994511425083,L2,-0.0...
GetData ===>> H2,-0.184972562555073,H1,-0.0640981923915483,AX,-0.164482921494073,L1,-0.0210571629981323,L2,-0.0...
GetData ===>> H2,-0.128254603657578,H1,-0.00391508468562378,AX,-0.00726141283256492,L1,-0.0400732416136043,L2,-...
GetData ===>> H2,-0.205149769892071,H1,0.016006852631212,AX,-0.0661943346743614,L1,-0.0191220699460712,L2,0.032...
GetData ===>> H2,-0.231028135123645,H1,0.0218768262425285,AX,-0.0532558061737919,L1,-0.0140033225611945,L2,-0.0...
GetData ===>> H2,-0.206218462479214,H1,0.0272460059282721,AX,-0.167044765087748,L1,-0.0137804006313662,L2,-0.11...
GetData ===>> H2,-0.185124980690337,H1,0.0597535887173485,AX,-0.0782270133941811,L1,0.00266230994185552,L2,-0.0...
measurement finished
estimated time: 62.915 actual time: :63.087
flush and close file /Users/jan/PychronDev/data/isotopes/78/6bfc6d-8722-4725-8f51-3a791eb32db1.h5
activate_detectors ('H1', 'AX', 'CDD') {'peak_center': True}
peak_center () {'detector': 'H1', 'integration_time': 0.262144, 'isotope': 'Ar40'}
peak center: mean=1046.35054295 threshold=3
peak center started
setup peak center. detector=['H1', 'AX', 'CDD'], isotope=Ar40
VersionedUnpickler [<apptools.sweet_pickle.versioned_unpickler.VersionedUnpickler object at 0x19fa6b6b0>] using Updater [<apptools.sweet_pickle.updater.Updater object at 0x134a15590>]
VersionedUnpickler [<apptools.sweet_pickle.versioned_unpickler.VersionedUnpickler object at 0x19fa6b6b0>] using Updater [<apptools.sweet_pickle.updater.Updater object at 0x134a15590>]
VersionedUnpickler [<apptools.sweet_pickle.versioned_unpickler.VersionedUnpickler object at 0x19f8c2f50>] using Updater [<apptools.sweet_pickle.updater.Updater object at 0x134a15590>]
setting integration time = 0.524288
SetIntegrationTime 0.524288 ===>> OK
Mapping mass to dac mass func: "parabolic"
H1 map mass coeffs = [-0.00063987  0.15840543  0.57123999]
H1 map mass to dac 39.9624 >> 5.87963
GetDeflection H1 ===>> 0
GetHighVoltage ===>> 4500
do peak center. <pychron.spectrometer.jobs.peak_center.PeakCenter object at 0x134a156b0>
doing pc
starting peak center. center dac= 5.87963 step_width=0.001
width = 0.001
get scan parameters. half-width=0.015,window=0.015, i=0, scalar=1
Scan parameters center=5.87963 width=0.03000 (5.86463 - 5.89463)
GetData ===>> H2,-0.204771053835398,H1,0.00886074365433771,AX,0.0478653893737793,L1,0.00856612382481983,L2,0.00...
Moving to starting dac 5.86463
setting magnet DAC
current  : 5.240286
requested: 5.864630
Delta Dac: 0.624344
Checking detector protection. dv=0.62434
Checking detector "CDD". Protection Threshold: 0.1 (V)
ProtectDetector CDD,On ===>> OK
GetDeflection CDD ===>> 2000
Protected = 2000
SetMagnetDAC 5.86463 ===>> OK
Magnet settling time: 0.500
GetMagnetMoving ===>> True
GetMagnetMoving ===>> True
GetMagnetMoving ===>> True
GetMagnetMoving ===>> True
GetMagnetMoving ===>> True
GetMagnetMoving ===>> True
GetMagnetMoving ===>> True
GetMagnetMoving ===>> True
GetMagnetMoving ===>> True
GetMagnetMoving ===>> False
ProtectDetector CDD,Off ===>> OK
GetDeflection CDD ===>> 50
Wait until signal near baseline. tol= 0.00664555774075. timeout= 10
GetData ===>> H2,50.141762367231,H1,14.265237430136,AX,0.446254809783233,L1,-0.014725987122008,L2,-0.0148699861...
GetData ===>> H2,72.781733410389,H1,37.0230411459932,AX,3.6259797133441,L1,-0.00544844935360332,L2,-0.177443036...
GetData ===>> H2,41.5537605808296,H1,17.6092369965363,AX,1.45968976494154,L1,-0.0260301868428902,L2,-0.02122261...
GetData ===>> H2,17.8623456365719,H1,8.95924128342436,AX,0.659156651691462,L1,-0.0425869780439482,L2,0.02610207...
GetData ===>> H2,6.30732269424978,H1,4.91747610189581,AX,0.331918255484707,L1,-0.019331604277249,L2,-0.14388997...
GetData ===>> H2,1.98358775758451,H1,2.93820901559199,AX,0.0872425053539519,L1,0.0159961543062917,L2,0.08680668...
GetData ===>> H2,0.659441545535403,H1,2.00211334052007,AX,-0.00291134751702048,L1,-0.0121850463623285,L2,0.0304...
GetData ===>> H2,0.397758816191515,H1,1.39883308955213,AX,0.104952332827501,L1,-0.0592725822391466,L2,-0.088184...
GetData ===>> H2,0.397758816191515,H1,1.39883308955213,AX,0.104952332827501,L1,-0.0592725822391466,L2,-0.088184...
GetData ===>> H2,0.282744716819126,H1,1.25941446097289,AX,0.188189916662463,L1,-0.038522051961294,L2,0.07333622...
GetData ===>> H2,0.178928749370058,H1,1.11881937760365,AX,0.0121007708224605,L1,-0.00940605693543784,L2,0.07413...
GetData ===>> H2,0.26929937750832,H1,0.949945283786202,AX,0.0199441892279164,L1,-0.0147715264340267,L2,-0.13151...
GetData ===>> H2,0.233522953854135,H1,0.955237768800754,AX,-0.0267125265477436,L1,-0.0185170283844644,L2,-0.168...
GetData ===>> H2,0.135533764806451,H1,0.987980732821492,AX,0.012773702055642,L1,-0.0345920987021694,L2,-0.04253...
GetData ===>> H2,0.0945647786380763,H1,0.986926660125565,AX,0.0321978945722202,L1,-0.0357496774894894,L2,-0.183...
GetData ===>> H2,0.0521624797353732,H1,1.01093350869428,AX,-0.0943030393040949,L1,-0.0420313515171802,L2,0.0417...
GetData ===>> H2,0.130539719668192,H1,0.96110532884055,AX,-0.0511108121861847,L1,-0.0208264190425518,L2,0.04487...
GetData ===>> H2,0.137829128621554,H1,0.940223163744291,AX,0.100408666818707,L1,-0.0285819945624404,L2,-0.04075...
GetData ===>> H2,0.092702435679232,H1,0.983620776495431,AX,0.19401387494299,L1,-0.0160992662958247,L2,-0.117709...
GetData ===>> H2,0.114003235096921,H1,1.02423318096621,AX,-0.0495571113394487,L1,-0.0306832786937107,L2,-0.1002...
GetData ===>> H2,0.137591089831936,H1,0.979524506192742,AX,0.135488485112077,L1,0.00429389081682047,L2,0.035783...
Peak center failed to move to a baseline position
_do_sweep sm= 5.86463, em= 5.89463, stm= 0.001
calculated step values: start=5.86463, end=5.89463, width=0.001, nsteps=31.0
setting magnet DAC
current  : 5.864630
requested: 5.864630
Delta Dac: 0.000000
Checking detector protection. dv=0.00000
Checking detector "CDD". Protection Threshold: 0.1 (V)
SetMagnetDAC 5.86463 ===>> OK
GetData ===>> H2,0.137591089831936,H1,0.979524506192742,AX,0.135488485112077,L1,0.00429389081682047,L2,0.035783...
setting magnet DAC
current  : 5.864630
requested: 5.865664
Delta Dac: 0.001034
Checking detector protection. dv=0.00103
Checking detector "CDD". Protection Threshold: 0.1 (V)
SetMagnetDAC 5.86566448276 ===>> OK
Magnet settling time: 1.049
GetData ===>> H2,-0.0343552270211609,H1,1.91211931479225,AX,0.184825637243666,L1,0.0212354707440531,L2,-0.24824...
setting magnet DAC
current  : 5.865664
requested: 5.866699
Delta Dac: 0.001034
Checking detector protection. dv=0.00103
Checking detector "CDD". Protection Threshold: 0.1 (V)
SetMagnetDAC 5.86669896552 ===>> OK
Magnet settling time: 1.049
GetData ===>> H2,-0.137171298256408,H1,5.93911627856028,AX,0.582161791045566,L1,0.00095417552406914,L2,-0.11283...
setting magnet DAC
current  : 5.866699
requested: 5.867733
Delta Dac: 0.001034
Checking detector protection. dv=0.00103
Checking detector "CDD". Protection Threshold: 0.1 (V)
SetMagnetDAC 5.86773344828 ===>> OK
Magnet settling time: 1.049
GetData ===>> H2,-0.0801308054744504,H1,21.9373648597884,AX,1.75272958175522,L1,-0.00949478545280303,L2,-0.0089...
setting magnet DAC
current  : 5.867733
requested: 5.868768
Delta Dac: 0.001034
Checking detector protection. dv=0.00103
Checking detector "CDD". Protection Threshold: 0.1 (V)
SetMagnetDAC 5.86876793103 ===>> OK
Magnet settling time: 1.049
GetData ===>> H2,-0.0739263028666735,H1,72.5986026691686,AX,5.76468341326306,L1,0.0270780109303257,L2,-0.105402...
setting magnet DAC
current  : 5.868768
requested: 5.869802
Delta Dac: 0.001034
Checking detector protection. dv=0.00103
Checking detector "CDD". Protection Threshold: 0.1 (V)
SetMagnetDAC 5.86980241379 ===>> OK
Magnet settling time: 1.049
GetData ===>> H2,-0.0532510492519216,H1,194.960711642103,AX,16.545440367291,L1,0.0567780854276881,L2,0.01635282...
setting magnet DAC
current  : 5.869802
requested: 5.870837
Delta Dac: 0.001034
Checking detector protection. dv=0.00103
Checking detector "CDD". Protection Threshold: 0.1 (V)
SetMagnetDAC 5.87083689655 ===>> OK
Magnet settling time: 1.049
GetData ===>> H2,-0.06442346372531,H1,532.208167352405,AX,51.3548744961031,L1,0.345545496045761,L2,-0.085522057...
setting magnet DAC
current  : 5.870837
requested: 5.871871
Delta Dac: 0.001034
Checking detector protection. dv=0.00103
Checking detector "CDD". Protection Threshold: 0.1 (V)
SetMagnetDAC 5.87187137931 ===>> OK
Magnet settling time: 1.049
GetData ===>> H2,-0.0679707013831107,H1,772.368560720101,AX,82.0409685446686,L1,0.621780953613291,L2,-0.0510447...
setting magnet DAC
current  : 5.871871
requested: 5.872906
Delta Dac: 0.001034
Checking detector protection. dv=0.00103
Checking detector "CDD". Protection Threshold: 0.1 (V)
SetMagnetDAC 5.87290586207 ===>> OK
Magnet settling time: 1.049
GetData ===>> H2,-0.154396957119796,H1,915.335645416031,AX,104.641683132242,L1,0.912966673528925,L2,0.076823321...
setting magnet DAC
current  : 5.872906
requested: 5.873940
Delta Dac: 0.001034
Checking detector protection. dv=0.00103
Checking detector "CDD". Protection Threshold: 0.1 (V)
SetMagnetDAC 5.87394034483 ===>> OK
Magnet settling time: 1.049
GetData ===>> H2,-0.0323889564788613,H1,974.88942011902,AX,116.27119227937,L1,1.17182947129324,L2,0.05025169562...
setting magnet DAC
current  : 5.873940
requested: 5.874975
Delta Dac: 0.001034
Checking detector protection. dv=0.00103
Checking detector "CDD". Protection Threshold: 0.1 (V)
SetMagnetDAC 5.87497482759 ===>> OK
Magnet settling time: 1.049
GetData ===>> H2,-0.0783774075510894,H1,993.853757207798,AX,120.725462288938,L1,1.33035562505948,L2,0.395961005...
setting magnet DAC
current  : 5.874975
requested: 5.876009
Delta Dac: 0.001034
Checking detector protection. dv=0.00103
Checking detector "CDD". Protection Threshold: 0.1 (V)
SetMagnetDAC 5.87600931034 ===>> OK
Magnet settling time: 1.049
GetData ===>> H2,-0.101529185844763,H1,998.467993064182,AX,121.848459546294,L1,1.40554049047515,L2,0.3280822503...
setting magnet DAC
current  : 5.876009
requested: 5.877044
Delta Dac: 0.001034
Checking detector protection. dv=0.00103
Checking detector "CDD". Protection Threshold: 0.1 (V)
SetMagnetDAC 5.8770437931 ===>> OK
Magnet settling time: 1.049
GetData ===>> H2,-0.0739832402933659,H1,999.84381914613,AX,122.078351646545,L1,1.48214609560081,L2,0.2359744168...
setting magnet DAC
current  : 5.877044
requested: 5.878078
Delta Dac: 0.001034
Checking detector protection. dv=0.00103
Checking detector "CDD". Protection Threshold: 0.1 (V)
SetMagnetDAC 5.87807827586 ===>> OK
Magnet settling time: 1.049
GetData ===>> H2,-0.019175993761344,H1,999.135816293529,AX,122.049367292496,L1,1.44381964229256,L2,0.3460568836...
setting magnet DAC
current  : 5.878078
requested: 5.879113
Delta Dac: 0.001034
Checking detector protection. dv=0.00103
Checking detector "CDD". Protection Threshold: 0.1 (V)
SetMagnetDAC 5.87911275862 ===>> OK
Magnet settling time: 1.049
GetData ===>> H2,-0.0439888497172384,H1,999.653879841795,AX,122.024010333545,L1,1.53897191601431,L2,0.278190663...
setting magnet DAC
current  : 5.879113
requested: 5.880147
Delta Dac: 0.001034
Checking detector protection. dv=0.00103
Checking detector "CDD". Protection Threshold: 0.1 (V)
SetMagnetDAC 5.88014724138 ===>> OK
Magnet settling time: 1.049
GetData ===>> H2,-0.152121663494169,H1,999.631714639516,AX,122.125349273551,L1,1.56128042633194,L2,0.1637910035...
setting magnet DAC
current  : 5.880147
requested: 5.881182
Delta Dac: 0.001034
Checking detector protection. dv=0.00103
Checking detector "CDD". Protection Threshold: 0.1 (V)
SetMagnetDAC 5.88118172414 ===>> OK
Magnet settling time: 1.049
GetData ===>> H2,-0.222601417570281,H1,998.998865357244,AX,122.13006868121,L1,1.52794558809552,L2,0.24624837359...
setting magnet DAC
current  : 5.881182
requested: 5.882216
Delta Dac: 0.001034
Checking detector protection. dv=0.00103
Checking detector "CDD". Protection Threshold: 0.1 (V)
SetMagnetDAC 5.8822162069 ===>> OK
Magnet settling time: 1.049
GetData ===>> H2,-0.115431420621365,H1,997.963845377356,AX,121.939177058678,L1,1.50406143323478,L2,0.2386912004...
setting magnet DAC
current  : 5.882216
requested: 5.883251
Delta Dac: 0.001034
Checking detector protection. dv=0.00103
Checking detector "CDD". Protection Threshold: 0.1 (V)
SetMagnetDAC 5.88325068966 ===>> OK
Magnet settling time: 1.049
GetData ===>> H2,-0.182022360442185,H1,996.50063571146,AX,121.596906296021,L1,1.53747353608584,L2,0.23259566742...
setting magnet DAC
current  : 5.883251
requested: 5.884285
Delta Dac: 0.001034
Checking detector protection. dv=0.00103
Checking detector "CDD". Protection Threshold: 0.1 (V)
SetMagnetDAC 5.88428517241 ===>> OK
Magnet settling time: 1.049
GetData ===>> H2,-0.155483271516365,H1,991.836338989387,AX,120.261037052302,L1,1.53966692460578,L2,0.2561809129...
setting magnet DAC
current  : 5.884285
requested: 5.885320
Delta Dac: 0.001034
Checking detector protection. dv=0.00103
Checking detector "CDD". Protection Threshold: 0.1 (V)
SetMagnetDAC 5.88531965517 ===>> OK
Magnet settling time: 1.049
GetData ===>> H2,-0.178509158939751,H1,974.760863239666,AX,116.465500178755,L1,1.48709848492283,L2,0.3424753742...
setting magnet DAC
current  : 5.885320
requested: 5.886354
Delta Dac: 0.001034
Checking detector protection. dv=0.00103
Checking detector "CDD". Protection Threshold: 0.1 (V)
SetMagnetDAC 5.88635413793 ===>> OK
Magnet settling time: 1.049
GetData ===>> H2,-0.295057553997974,H1,872.367056896211,AX,95.8396247692839,L1,1.24567455493232,L2,0.2344220036...
setting magnet DAC
current  : 5.886354
requested: 5.887389
Delta Dac: 0.001034
Checking detector protection. dv=0.00103
Checking detector "CDD". Protection Threshold: 0.1 (V)
SetMagnetDAC 5.88738862069 ===>> OK
Magnet settling time: 1.049
GetData ===>> H2,-0.287471896141772,H1,672.74954047039,AX,65.0427497307712,L1,0.977499095585618,L2,0.0557887415...
setting magnet DAC
current  : 5.887389
requested: 5.888423
Delta Dac: 0.001034
Checking detector protection. dv=0.00103
Checking detector "CDD". Protection Threshold: 0.1 (V)
SetMagnetDAC 5.88842310345 ===>> OK
Magnet settling time: 1.049
GetData ===>> H2,-0.323807093736452,H1,406.429866774254,AX,33.4941709145234,L1,0.701670816330507,L2,0.148690262...
setting magnet DAC
current  : 5.888423
requested: 5.889458
Delta Dac: 0.001034
Checking detector protection. dv=0.00103
Checking detector "CDD". Protection Threshold: 0.1 (V)
SetMagnetDAC 5.88945758621 ===>> OK
Magnet settling time: 1.049
GetData ===>> H2,-0.252644313915732,H1,188.532104507959,AX,13.0153000187335,L1,0.461306446882471,L2,0.082020008...
setting magnet DAC
current  : 5.889458
requested: 5.890492
Delta Dac: 0.001034
Checking detector protection. dv=0.00103
Checking detector "CDD". Protection Threshold: 0.1 (V)
SetMagnetDAC 5.89049206897 ===>> OK
Magnet settling time: 1.049
GetData ===>> H2,-0.222068530490836,H1,66.5898028649652,AX,4.05194663511758,L1,0.247584914645674,L2,-0.12942185...
setting magnet DAC
current  : 5.890492
requested: 5.891527
Delta Dac: 0.001034
Checking detector protection. dv=0.00103
Checking detector "CDD". Protection Threshold: 0.1 (V)
SetMagnetDAC 5.89152655172 ===>> OK
Magnet settling time: 1.049
GetData ===>> H2,-0.0892132516931879,H1,19.2143617365733,AX,0.8177901051653,L1,0.131990760859733,L2,-0.06447301...
setting magnet DAC
current  : 5.891527
requested: 5.892561
Delta Dac: 0.001034
Checking detector protection. dv=0.00103
Checking detector "CDD". Protection Threshold: 0.1 (V)
SetMagnetDAC 5.89256103448 ===>> OK
Magnet settling time: 1.049
GetData ===>> H2,-0.191162898648545,H1,4.7736835744953,AX,0.162717091151551,L1,0.0853496101160027,L2,0.12873447...
setting magnet DAC
current  : 5.892561
requested: 5.893596
Delta Dac: 0.001034
Checking detector protection. dv=0.00103
Checking detector "CDD". Protection Threshold: 0.1 (V)
SetMagnetDAC 5.89359551724 ===>> OK
Magnet settling time: 1.049
GetData ===>> H2,-0.189454997986885,H1,1.02015922069112,AX,-0.0169236624094577,L1,0.0673752161557934,L2,-0.0969...
setting magnet DAC
current  : 5.893596
requested: 5.894630
Delta Dac: 0.001034
Checking detector protection. dv=0.00103
Checking detector "CDD". Protection Threshold: 0.1 (V)
SetMagnetDAC 5.89463 ===>> OK
Magnet settling time: 1.049
GetData ===>> H2,-0.178862415748171,H1,0.141003430863518,AX,-0.238578529342106,L1,0.00550890771858096,L2,0.0405...
result of _do_sweep=True
result of _calculate_peak_center=([5.8716941282565127, 5.8793594589178344, 5.8870247895791561], [731.21883400087381, 999.82253649525046, 742.95570105707088], 5.8770748897795579, 999.82253649525046)
Failed to find a valid peak. No peak greater than 1.0. max = 0.0281609711417
new center pos Detector(H1) (Ar40) @ 5.87935945892
GetHighVoltage ===>> 4500
GetDeflection H1 ===>> 0
dac uncorrected for HV and deflection 5.87935945892
update mftable H1 Ar40 5.87935945892 message=automated run peakcenter
get initial guess parabolic
get initial guess parabolic
get initial guess parabolic
get initial guess parabolic
get initial guess parabolic
get initial guess parabolic
dump mftable to /Users/jan/PychronDev/setupfiles/spectrometer/mftables/mftable.csv
add to repo msg=modified - automated run peakcenter
sweep finished
locally archiving mftable
setting magnet DAC
current  : 5.894630
requested: 5.879359
Delta Dac: 0.015271
Checking detector protection. dv=0.01527
Checking detector "CDD". Protection Threshold: 0.1 (V)
SetMagnetDAC 5.87935945892 ===>> OK
Magnet settling time: 0.500
setting integration time = 1.048576
SetIntegrationTime 1.048576 ===>> OK
Failed to find a valid peak. No peak greater than 1.0. max = 0.0281609711417
flush and close file /Users/jan/PychronDev/data/isotopes/78/6bfc6d-8722-4725-8f51-3a791eb32db1.h5
finished measure script
executed snippet estimated_duration=226.132928, duration=274.068316936
jan_unknown120_60.py completed successfully
Measurement Finished
17:36:43 -- ******* Measurement Finished *******
Post Measurement Started jan_pump_ms.py
17:36:43 -- ******* Post Measurement Started jan_pump_ms.py *******
testing...
no interpolation path defined
executed snippet estimated_duration=0, duration=5.50746917725e-05
Pumping spectrometer
open () {'name': 'O'}
opening name=O desc=---
checking ownership. requestor=129.138.12.150
check software interlocks O
interlocks []
actuate state mode=None-script, software_lock=False
doing actuation None-script open_channel True
Open O ===>> OK
GetIndicatorState O ===>> OK
change switch state (True, True)
update switch state O True args=() kw={} ncanvase=2
17:36:43 -- OPEN   VALVE-O (Jan Ion Pump)
---------------------------------------- open O () result=[(True, True)], time=0.10 sec
action=open, ok=True, locked=[False]
executed snippet estimated_duration=0, duration=0.348335027695
jan_pump_ms.py completed successfully
setting _ms_pumptime
Post Measurement Finished
17:36:43 -- ******* Post Measurement Finished *******
$$$$$$$$$$$$$$$$$$$$ state at run end measurement
state changed from measurement to success
post measurement save measured=True aborted=False
Set filtering
setting fod for Ar40= {'filter_outliers': True, 'std_devs': 2, 'iterations': 1}
setting fod for H1= {'filter_outliers': True, 'std_devs': 2, 'iterations': 1}
setting fod for PM41= {'filter_outliers': False, 'std_devs': 2, 'iterations': 1}
setting fod for H2= {'filter_outliers': True, 'std_devs': 2, 'iterations': 1}
setting fod for Ar36= {'filter_outliers': True, 'std_devs': 2, 'iterations': 1}
setting fod for CDD= {'filter_outliers': True, 'std_devs': 10, 'iterations': 1}
setting fod for Ar37= {'filter_outliers': True, 'std_devs': 2, 'iterations': 1}
setting fod for L2= {'filter_outliers': True, 'std_devs': 2, 'iterations': 1}
setting fod for Ar38= {'filter_outliers': True, 'std_devs': 2, 'iterations': 1}
setting fod for L1= {'filter_outliers': True, 'std_devs': 2, 'iterations': 1}
setting fod for Ar39= {'filter_outliers': True, 'std_devs': 2, 'iterations': 1}
setting fod for AX= {'filter_outliers': True, 'std_devs': 2, 'iterations': 1}
persistence save...
persistence save - db
post measurement save
6951854928 connecting to database sqlite:////Users/jan/PychronDev/.appdata/local_lab.db
connected to db sqlite:////Users/jan/PychronDev/.appdata/local_lab.db
create new session 6951854928
close session 6951854928
No database instance. Not saving post measurement to isotopedb database
$$$$$$$$$$$$$$$ auto_save_detector_ic=False
massspec enabled True
create new session 4979675504
MassSpec Database Version: 16.0
close session 4979675504
saving post measurement to secondary database
saving to massspec database 129.138.12.160/massspecdata
setting labnumber to 25322
setting aliquot to 4
setting step to 
setting uuid to 786bfc6d-8722-4725-8f51-3a791eb32db1
setting irradpos to 25322
setting extract_device to Fusions CO2
setting tray to 
setting position to 160
setting power_requested to 5.0
setting extract_value to 5.0
setting duration to 30.0
setting duration_at_request to 30.0
setting first_stage_delay to 30.0
setting cleanup to 30.0
setting comment to K:11
setting irradiation to NM-288
setting level to K
setting irradiation_level to K
setting sample to FC-2
setting material to Sanidine
setting project to Irradiation-NM-288
setting mass_spectrometer to Jan
no attribute chron_dosages
no attribute production_ratios
no attribute interference_corrections
no attribute production_name
no attribute j
Reference Isotope=Ar40
Reference Detector=H1
%%%%%%%%%%%%%%%%%%%% Comment: K:11 %%%%%%%%%%%%%%%%%%%
adding isotope PM41 H2
add baseline dbdet= PM41. original det= H2
get baseline data PM41 H2
Get data baseline <pychron.processing.isotope.Baseline object at 0x19d34d690> len t=60
baseline PM41. v=-0.197504974641, e=0.00718796228123
get signal data PM41 H2
Get data signal PM41 0.08+/-0.07 len t=120
adding isotope Ar40 H1
add baseline dbdet= Ar40. original det= H1
get baseline data Ar40 H1
Get data baseline <pychron.processing.isotope.Baseline object at 0x19d34df90> len t=60
baseline Ar40. v=0.0030045317783, e=0.00529271162735
get signal data Ar40 H1
Get data signal Ar40 1098.06+/-0.06 len t=120
adding isotope Ar39 AX
add baseline dbdet= Ar39. original det= AX
get baseline data Ar39 AX
Get data baseline <pychron.processing.isotope.Baseline object at 0x19d34de50> len t=60
baseline Ar39. v=-0.0851007607258, e=0.0071369720446
get signal data Ar39 AX
Get data signal Ar39 133.827+/-0.020 len t=120
adding isotope Ar38 L1
add baseline dbdet= Ar38. original det= L1
get baseline data Ar38 L1
Get data baseline <pychron.processing.isotope.Baseline object at 0x19d34d750> len t=60
baseline Ar38. v=-0.0153529069445, e=0.00262791853708
get signal data Ar38 L1
Get data signal Ar38 1.730+/-0.005 len t=120
adding isotope Ar37 L2
add baseline dbdet= Ar37. original det= L2
get baseline data Ar37 L2
Get data baseline <pychron.processing.isotope.Baseline object at 0x19d34da10> len t=60
baseline Ar37. v=-0.0268844207892, e=0.00590997211789
get signal data Ar37 L2
Get data signal Ar37 0.334+/-0.011 len t=120
adding isotope Ar36 CDD
add baseline dbdet= Ar36. original det= CDD
get baseline data Ar36 CDD
Get data baseline <pychron.processing.isotope.Baseline object at 0x19d34de90> len t=60
baseline Ar36. v=0.000250590112595, e=2.36018757466e-05
get signal data Ar36 CDD
Get data signal Ar36 0.01622+/-0.00029 len t=120
25322-04 added analysis time 0.54979300499s
analysis added to mass spec database
mass spec save time= 0.559
persistence save - dvc
================= post measurement started
create new session 4982376208
close session 4982376208
---------------- Experiment Queue saving disabled
DVC saving peakcenter
Failed to find a valid peak. No peak greater than 1.0. max = 0.0281609711417
Smart pull ahead: 0 behind: 0
Up-to-date with origin
add to repo msg=modified - ad8224ebc6dbfeb9f5997218dfa5fe690569839d.json
add to repo msg=modified - 22-04.json
add to repo msg=modified - 22-04.dat.json
add to repo msg=modified - 22-04.blan.json
add to repo msg=modified - 22-04.inte.json
add to repo msg=modified - 22-04.icfa.json
add to repo msg=modified - 22-04.base.json
not at valid file /Users/jan/PychronDev/data/.dvc/repositories/Load1788/253/tags/22-04.tags.json
add to repo msg=modified - 22-04.peak.json
add to repo msg=modified - 22-04.extr.json
not at valid file /Users/jan/PychronDev/data/.dvc/repositories/Load1788/253/monitor/22-04.moni.json
commit message=<COLLECTION>
add to repo msg=modified - 22-04.inte.json
add to repo msg=modified - 22-04.base.json
commit message=<ISOEVO> default collection fits
add to repo msg=modified - 22-04.blan.json
commit message=<BLANKS> preceding bc-02-J-342
add to repo msg=modified - 22-04.icfa.json
commit message=<ICFactor> default
push repository <pychron.git_archive.repo_manager.GitRepoManager object at 0x19b56c710>
pushing to remote=origin, url=https://github.com
no changes to meta repo
create new session 4982376208
add association Load1788
get identifier "25322"
setting analysis irradiation position=<pychron.dvc.dvc_orm.IrradiationPositionTbl object at 0x197f3dbd0>
close session 4982376208
================= post measurement finished
17:36:58 -- ******* Post Run Check *******
loading queue conditionals post_run_actions
loading system conditionals post_run_actions
loading conditionals from /Users/jan/PychronDev/setupfiles/spectrometer/default_conditionals.yaml
loading queue conditionals post_run_terminations
loading system conditionals post_run_terminations
loading conditionals from /Users/jan/PychronDev/setupfiles/spectrometer/default_conditionals.yaml
Checking default post run terminations n=1
GetDeflection CDD ===>> 50
testing CDD==2000
evaluate ot="CDD.deflection==2000" t="CDD==2000", ctx="{'CDD': 50.0}"
17:36:58 -- ******* Post Run Check Passed *******
17:36:58 -- Automated run 25322-04 success duration: 366.775 s
----------------- finish -----------------
----------------- stop -----------------
retroactive repository identifiers disabled
finish run. runs completed=48
update duration runid=25322-04, duration=366.775493145, md5=301e91d8
loading script "jan_unknown400_120.py"
loading script "jan_pump_ms.py"
loading script "jan_co2.py"
loading script "jan_pump_extraction_line.py"
testing...
no interpolation path defined
executed snippet estimated_duration=556.052928, duration=0.000257968902588
script duration name:unknown400_120 seconds:556.0
loading script "jan_unknown400_120.py"
loading script "jan_pump_ms.py"
loading script "jan_co2.py"
loading script "jan_pump_extraction_line.py"
testing...
no interpolation path defined
executed snippet estimated_duration=0, duration=2.78949737549e-05
loading script "jan_unknown400_120.py"
loading script "jan_pump_ms.py"
loading script "jan_co2.py"
loading script "jan_pump_extraction_line.py"
testing...
no interpolation path defined
calculate duration
testing...
no interpolation path defined
executed snippet estimated_duration=0, duration=5.3882598877e-05
calculate duration
testing...
no interpolation path defined
executed snippet estimated_duration=0, duration=9.79900360107e-05
executed snippet estimated_duration=0.0, duration=0.0075888633728
script duration name:co2 seconds:0.0
loading script "jan_unknown400_120.py"
loading script "jan_pump_ms.py"
loading script "jan_co2.py"
loading script "jan_pump_extraction_line.py"
testing...
no interpolation path defined
calculate duration
testing...
no interpolation path defined
executed snippet estimated_duration=4.0, duration=0.000144004821777
executed snippet estimated_duration=4.0, duration=0.00116300582886
Script duration 556.0
Run total estimated duration= 557.000
unknown400_120 in script context. using previous estimated duration
script duration name:unknown400_120 seconds:556.0
pump_ms in script context. using previous estimated duration
loading script "jan_unknown400_120.py"
loading script "jan_pump_ms.py"
loading script "jan_sniffair_x2.py"
loading script "jan_pump_extraction_line.py"
testing...
no interpolation path defined
calculate duration
testing...
no interpolation path defined
executed snippet estimated_duration=0, duration=4.19616699219e-05
calculate duration
testing...
no interpolation path defined
executed snippet estimated_duration=0, duration=0.000365018844604
calculate duration
testing...
no interpolation path defined
executed snippet estimated_duration=32.0, duration=9.41753387451e-05
calculate duration
testing...
no interpolation path defined
executed snippet estimated_duration=34.0, duration=0.000101089477539
calculate duration
testing...
no interpolation path defined
executed snippet estimated_duration=4.0, duration=5.98430633545e-05
calculate duration
testing...
no interpolation path defined
executed snippet estimated_duration=36.0, duration=8.39233398438e-05
calculate duration
testing...
no interpolation path defined
executed snippet estimated_duration=34.0, duration=9.08374786377e-05
calculate duration
testing...
no interpolation path defined
executed snippet estimated_duration=4.0, duration=5.91278076172e-05
calculate duration
testing...
no interpolation path defined
executed snippet estimated_duration=36.0, duration=8.29696655273e-05
calculate duration
testing...
no interpolation path defined
executed snippet estimated_duration=70.0, duration=0.000107049942017
executed snippet estimated_duration=250.0, duration=0.0178771018982
script duration name:sniffair_x2 seconds:250.0
pump_extraction_line in script context. using previous estimated duration
Script duration 806.0
Run total estimated duration= 807.000
script duration name:unknown400_120 seconds:556.0
sniffair_x2 in script context. using previous estimated duration
script duration name:sniffair_x2 seconds:250.0
Script duration 806.0
Run total estimated duration= 807.000
loading script "jan_ic_peak_hop3.py"
loading script "jan_pump_ms.py"
loading script "jan_sniffair_x1.py"
loading script "jan_pump_extraction_line.py"
testing...
no interpolation path defined
executed snippet estimated_duration=133.8, duration=0.00953793525696
script duration name:ic_peak_hop3 seconds:134.0
loading script "jan_ic_peak_hop3.py"
loading script "jan_pump_ms.py"
loading script "jan_sniffair_x1.py"
loading script "jan_pump_extraction_line.py"
testing...
no interpolation path defined
calculate duration
testing...
no interpolation path defined
executed snippet estimated_duration=0, duration=4.6968460083e-05
calculate duration
testing...
no interpolation path defined
executed snippet estimated_duration=0, duration=0.000109195709229
calculate duration
testing...
no interpolation path defined
executed snippet estimated_duration=32.0, duration=8.89301300049e-05
calculate duration
testing...
no interpolation path defined
executed snippet estimated_duration=34.0, duration=0.000185012817383
calculate duration
testing...
no interpolation path defined
executed snippet estimated_duration=4.0, duration=7.58171081543e-05
calculate duration
testing...
no interpolation path defined
executed snippet estimated_duration=70.0, duration=9.29832458496e-05
executed snippet estimated_duration=140.0, duration=0.0113818645477
script duration name:sniffair_x1 seconds:140.0
Script duration 274.0
Run total estimated duration= 275.000
loading script "jan_unknown120_60.py"
loading script "jan_pump_ms.py"
loading script "jan_co2.py"
loading script "jan_pump_extraction_line.py"
testing...
no interpolation path defined
executed snippet estimated_duration=213.652928, duration=0.000174999237061
script duration name:unknown120_60 seconds:214.0
co2 in script context. using previous estimated duration
script duration name:co2 seconds:0.0
Script duration 214.0
Run total estimated duration= 215.000
unknown120_60 in script context. using previous estimated duration
script duration name:unknown120_60 seconds:214.0
script duration name:co2 seconds:0.0
Script duration 214.0
Run total estimated duration= 215.000
script duration name:unknown120_60 seconds:214.0
script duration name:co2 seconds:0.0
Script duration 214.0
Run total estimated duration= 215.000
script duration name:unknown120_60 seconds:214.0
script duration name:co2 seconds:0.0
Script duration 214.0
Run total estimated duration= 215.000
script duration name:unknown120_60 seconds:214.0
script duration name:co2 seconds:0.0
Script duration 214.0
Run total estimated duration= 215.000
script duration name:unknown120_60 seconds:214.0
loading script "jan_unknown120_60.py"
loading script "jan_pump_ms.py"
loading script "jan_cocktail_x1.py"
loading script "jan_pump_extraction_line.py"
testing...
no interpolation path defined
calculate duration
testing...
no interpolation path defined
executed snippet estimated_duration=0, duration=7.5101852417e-05
calculate duration
testing...
no interpolation path defined
executed snippet estimated_duration=0, duration=0.000104904174805
calculate duration
testing...
no interpolation path defined
executed snippet estimated_duration=32.0, duration=9.29832458496e-05
calculate duration
testing...
no interpolation path defined
executed snippet estimated_duration=34.0, duration=0.000103950500488
calculate duration
testing...
no interpolation path defined
executed snippet estimated_duration=4.0, duration=7.70092010498e-05
calculate duration
testing...
no interpolation path defined
executed snippet estimated_duration=38.0, duration=9.82284545898e-05
executed snippet estimated_duration=108.0, duration=0.0133719444275
script duration name:cocktail_x1 seconds:108.0
Script duration 322.0
Run total estimated duration= 323.000
script duration name:unknown120_60 seconds:214.0
script duration name:co2 seconds:0.0
Script duration 214.0
Run total estimated duration= 215.000
script duration name:unknown120_60 seconds:214.0
script duration name:co2 seconds:0.0
Script duration 214.0
Run total estimated duration= 215.000
script duration name:unknown120_60 seconds:214.0
script duration name:co2 seconds:0.0
Script duration 214.0
Run total estimated duration= 215.000
script duration name:unknown120_60 seconds:214.0
script duration name:co2 seconds:0.0
Script duration 214.0
Run total estimated duration= 215.000
script duration name:unknown120_60 seconds:214.0
script duration name:co2 seconds:0.0
Script duration 214.0
Run total estimated duration= 215.000
script duration name:unknown400_120 seconds:556.0
script duration name:co2 seconds:0.0
Script duration 556.0
Run total estimated duration= 557.000
script duration name:unknown120_60 seconds:214.0
script duration name:co2 seconds:0.0
Script duration 214.0
Run total estimated duration= 215.000
script duration name:unknown400_120 seconds:556.0
cocktail_x1 in script context. using previous estimated duration
script duration name:cocktail_x1 seconds:108.0
Script duration 664.0
Run total estimated duration= 665.000
script duration name:unknown120_60 seconds:214.0
script duration name:co2 seconds:0.0
Script duration 214.0
Run total estimated duration= 215.000
script duration name:unknown120_60 seconds:214.0
script duration name:co2 seconds:0.0
Script duration 214.0
Run total estimated duration= 215.000
script duration name:unknown120_60 seconds:214.0
script duration name:co2 seconds:0.0
Script duration 214.0
Run total estimated duration= 215.000
script duration name:unknown120_60 seconds:214.0
script duration name:co2 seconds:0.0
Script duration 214.0
Run total estimated duration= 215.000
script duration name:unknown120_60 seconds:214.0
script duration name:co2 seconds:0.0
Script duration 214.0
Run total estimated duration= 215.000
script duration name:unknown120_60 seconds:214.0
script duration name:co2 seconds:0.0
Script duration 214.0
Run total estimated duration= 215.000
script duration name:unknown120_60 seconds:214.0
script duration name:co2 seconds:0.0
Script duration 214.0
Run total estimated duration= 215.000
script duration name:unknown120_60 seconds:214.0
script duration name:co2 seconds:0.0
Script duration 214.0
Run total estimated duration= 215.000
script duration name:unknown120_60 seconds:214.0
script duration name:co2 seconds:0.0
Script duration 214.0
Run total estimated duration= 215.000
script duration name:unknown400_120 seconds:556.0
script duration name:co2 seconds:0.0
Script duration 556.0
Run total estimated duration= 557.000
script duration name:unknown400_120 seconds:556.0
script duration name:sniffair_x2 seconds:250.0
Script duration 806.0
Run total estimated duration= 807.000
script duration name:unknown400_120 seconds:556.0
script duration name:sniffair_x2 seconds:250.0
Script duration 806.0
Run total estimated duration= 807.000
script duration name:unknown120_60 seconds:214.0
script duration name:cocktail_x1 seconds:108.0
Script duration 322.0
Run total estimated duration= 323.000
ic_peak_hop3 in script context. using previous estimated duration
script duration name:ic_peak_hop3 seconds:134.0
sniffair_x1 in script context. using previous estimated duration
script duration name:sniffair_x1 seconds:140.0
Script duration 274.0
Run total estimated duration= 275.000
script duration name:unknown120_60 seconds:214.0
script duration name:co2 seconds:0.0
Script duration 214.0
Run total estimated duration= 215.000
script duration name:unknown120_60 seconds:214.0
script duration name:co2 seconds:0.0
Script duration 214.0
Run total estimated duration= 215.000
script duration name:unknown120_60 seconds:214.0
script duration name:co2 seconds:0.0
Script duration 214.0
Run total estimated duration= 215.000
script duration name:unknown120_60 seconds:214.0
script duration name:co2 seconds:0.0
Script duration 214.0
Run total estimated duration= 215.000
script duration name:unknown120_60 seconds:214.0
script duration name:co2 seconds:0.0
Script duration 214.0
Run total estimated duration= 215.000
script duration name:unknown400_120 seconds:556.0
script duration name:cocktail_x1 seconds:108.0
Script duration 664.0
Run total estimated duration= 665.000
script duration name:unknown120_60 seconds:214.0
script duration name:co2 seconds:0.0
Script duration 214.0
Run total estimated duration= 215.000
script duration name:unknown120_60 seconds:214.0
script duration name:co2 seconds:0.0
Script duration 214.0
Run total estimated duration= 215.000
script duration name:unknown120_60 seconds:214.0
script duration name:co2 seconds:0.0
Script duration 214.0
Run total estimated duration= 215.000
script duration name:unknown120_60 seconds:214.0
script duration name:co2 seconds:0.0
Script duration 214.0
Run total estimated duration= 215.000
script duration name:unknown120_60 seconds:214.0
script duration name:co2 seconds:0.0
Script duration 214.0
Run total estimated duration= 215.000
script duration name:unknown400_120 seconds:556.0
script duration name:co2 seconds:0.0
Script duration 556.0
Run total estimated duration= 557.000
script duration name:unknown120_60 seconds:214.0
script duration name:co2 seconds:0.0
Script duration 214.0
Run total estimated duration= 215.000
script duration name:unknown120_60 seconds:214.0
script duration name:co2 seconds:0.0
Script duration 214.0
Run total estimated duration= 215.000
script duration name:unknown120_60 seconds:214.0
script duration name:co2 seconds:0.0
Script duration 214.0
Run total estimated duration= 215.000
script duration name:unknown120_60 seconds:214.0
script duration name:co2 seconds:0.0
Script duration 214.0
Run total estimated duration= 215.000
script duration name:unknown120_60 seconds:214.0
script duration name:co2 seconds:0.0
Script duration 214.0
Run total estimated duration= 215.000
script duration name:unknown120_60 seconds:214.0
script duration name:cocktail_x1 seconds:108.0
Script duration 322.0
Run total estimated duration= 323.000
script duration name:unknown120_60 seconds:214.0
script duration name:co2 seconds:0.0
Script duration 214.0
Run total estimated duration= 215.000
script duration name:unknown120_60 seconds:214.0
script duration name:co2 seconds:0.0
Script duration 214.0
Run total estimated duration= 215.000
script duration name:unknown120_60 seconds:214.0
script duration name:co2 seconds:0.0
Script duration 214.0
Run total estimated duration= 215.000
script duration name:unknown120_60 seconds:214.0
script duration name:co2 seconds:0.0
Script duration 214.0
Run total estimated duration= 215.000
script duration name:unknown120_60 seconds:214.0
script duration name:co2 seconds:0.0
Script duration 214.0
Run total estimated duration= 215.000
script duration name:unknown400_120 seconds:556.0
script duration name:co2 seconds:0.0
Script duration 556.0
Run total estimated duration= 557.000
script duration name:unknown400_120 seconds:556.0
script duration name:sniffair_x2 seconds:250.0
Script duration 806.0
Run total estimated duration= 807.000
script duration name:unknown400_120 seconds:556.0
script duration name:cocktail_x1 seconds:108.0
Script duration 664.0
Run total estimated duration= 665.000
script duration name:unknown400_120 seconds:556.0
script duration name:sniffair_x2 seconds:250.0
Script duration 806.0
Run total estimated duration= 807.000
script duration name:ic_peak_hop3 seconds:134.0
script duration name:sniffair_x1 seconds:140.0
Script duration 274.0
Run total estimated duration= 275.000
script duration name:unknown120_60 seconds:214.0
script duration name:co2 seconds:0.0
Script duration 214.0
Run total estimated duration= 215.000
script duration name:unknown120_60 seconds:214.0
script duration name:co2 seconds:0.0
Script duration 214.0
Run total estimated duration= 215.000
script duration name:unknown120_60 seconds:214.0
script duration name:co2 seconds:0.0
Script duration 214.0
Run total estimated duration= 215.000
script duration name:unknown120_60 seconds:214.0
script duration name:co2 seconds:0.0
Script duration 214.0
Run total estimated duration= 215.000
script duration name:unknown120_60 seconds:214.0
script duration name:co2 seconds:0.0
Script duration 214.0
Run total estimated duration= 215.000
script duration name:unknown120_60 seconds:214.0
script duration name:co2 seconds:0.0
Script duration 214.0
Run total estimated duration= 215.000
script duration name:unknown120_60 seconds:214.0
script duration name:co2 seconds:0.0
Script duration 214.0
Run total estimated duration= 215.000
script duration name:unknown120_60 seconds:214.0
script duration name:co2 seconds:0.0
Script duration 214.0
Run total estimated duration= 215.000
script duration name:unknown120_60 seconds:214.0
script duration name:co2 seconds:0.0
Script duration 214.0
Run total estimated duration= 215.000
script duration name:unknown120_60 seconds:214.0
script duration name:co2 seconds:0.0
Script duration 214.0
Run total estimated duration= 215.000
script duration name:unknown400_120 seconds:556.0
script duration name:co2 seconds:0.0
Script duration 556.0
Run total estimated duration= 557.000
script duration name:unknown120_60 seconds:214.0
script duration name:cocktail_x1 seconds:108.0
Script duration 322.0
Run total estimated duration= 323.000
script duration name:unknown120_60 seconds:214.0
script duration name:co2 seconds:0.0
Script duration 214.0
Run total estimated duration= 215.000
script duration name:unknown120_60 seconds:214.0
script duration name:co2 seconds:0.0
Script duration 214.0
Run total estimated duration= 215.000
script duration name:unknown120_60 seconds:214.0
script duration name:co2 seconds:0.0
Script duration 214.0
Run total estimated duration= 215.000
script duration name:unknown120_60 seconds:214.0
script duration name:co2 seconds:0.0
Script duration 214.0
Run total estimated duration= 215.000
script duration name:unknown400_120 seconds:556.0
script duration name:cocktail_x1 seconds:108.0
Script duration 664.0
Run total estimated duration= 665.000
script duration name:unknown120_60 seconds:214.0
script duration name:co2 seconds:0.0
Script duration 214.0
Run total estimated duration= 215.000
script duration name:unknown120_60 seconds:214.0
script duration name:co2 seconds:0.0
Script duration 214.0
Run total estimated duration= 215.000
script duration name:unknown120_60 seconds:214.0
script duration name:co2 seconds:0.0
Script duration 214.0
Run total estimated duration= 215.000
script duration name:unknown120_60 seconds:214.0
script duration name:co2 seconds:0.0
Script duration 214.0
Run total estimated duration= 215.000
script duration name:unknown120_60 seconds:214.0
script duration name:co2 seconds:0.0
Script duration 214.0
Run total estimated duration= 215.000
script duration name:unknown120_60 seconds:214.0
script duration name:co2 seconds:0.0
Script duration 214.0
Run total estimated duration= 215.000
script duration name:unknown400_120 seconds:556.0
script duration name:co2 seconds:0.0
Script duration 556.0
Run total estimated duration= 557.000
script duration name:unknown400_120 seconds:556.0
script duration name:sniffair_x2 seconds:250.0
Script duration 806.0
Run total estimated duration= 807.000
script duration name:unknown400_120 seconds:556.0
script duration name:sniffair_x2 seconds:250.0
Script duration 806.0
Run total estimated duration= 807.000
script duration name:ic_peak_hop3 seconds:134.0
script duration name:sniffair_x1 seconds:140.0
Script duration 274.0
Run total estimated duration= 275.000
script duration name:unknown120_60 seconds:214.0
script duration name:co2 seconds:0.0
Script duration 214.0
Run total estimated duration= 215.000
script duration name:unknown120_60 seconds:214.0
script duration name:co2 seconds:0.0
Script duration 214.0
Run total estimated duration= 215.000
nruns=89 before=5.0, run_dur=28737.0, btw=3960.0
write rem/ex queues
/Users/jan/PychronDev/experiments/rem/CurrentExperiment.rem.txt
/Users/jan/PychronDev/experiments/rem/CurrentExperiment.ex.txt
doing event level: 3
