do run
loading script "jan_unknown120_60.py"
loading script "jan_pump_ms.py"
loading script "jan_co2.py"
loading script "jan_pump_extraction_line.py"
testing...
no interpolation path defined
executed snippet estimated_duration=213.652928, duration=0.000204086303711
script duration name:unknown120_60 seconds:214.0
loading script "jan_unknown120_60.py"
loading script "jan_pump_ms.py"
loading script "jan_co2.py"
loading script "jan_pump_extraction_line.py"
testing...
no interpolation path defined
executed snippet estimated_duration=0, duration=2.69412994385e-05
loading script "jan_unknown120_60.py"
loading script "jan_pump_ms.py"
loading script "jan_co2.py"
loading script "jan_pump_extraction_line.py"
testing...
no interpolation path defined
calculate duration
testing...
no interpolation path defined
executed snippet estimated_duration=0, duration=9.89437103271e-05
calculate duration
testing...
no interpolation path defined
executed snippet estimated_duration=0, duration=9.10758972168e-05
executed snippet estimated_duration=0.0, duration=0.00258684158325
script duration name:co2 seconds:0.0
loading script "jan_unknown120_60.py"
loading script "jan_pump_ms.py"
loading script "jan_co2.py"
loading script "jan_pump_extraction_line.py"
testing...
no interpolation path defined
calculate duration
testing...
no interpolation path defined
executed snippet estimated_duration=4.0, duration=0.000225067138672
executed snippet estimated_duration=4.0, duration=0.00175309181213
Script duration 214.0
Run total estimated duration= 215.000
run duration: 0:03:35
doing event level: 2
17:09:37 -- Setting default integration. t=1.048576
setting integration time = 1.048576
SetIntegrationTime 1.048576 ===>> OK
----------------- start -----------------
**************** Experiment Type: Ar/Ar, Ar/Ar
create new session 4419362736
close session 4419362736
$$$$$ Clearing conditionals
adding conditionals 
Add queue conditionals
add default conditionals
adding default conditionals from /Users/jan/PychronDev/setupfiles/spectrometer/default_conditionals.yaml
Start automated run 25322-01
loading script "jan_unknown120_60.py"
loading script "jan_pump_ms.py"
loading script "jan_co2.py"
loading script "jan_pump_extraction_line.py"
%%%%%%%%%%%%%%%%%% setting automated run 25322-01
No value "sensitivity_multiplier" in metadata
$$$$$$$$$$$$$$$ auto_save_detector_ic=False
============================= Pre Extraction Check =============================
loading queue conditionals pre_run_terminations
loading system conditionals pre_run_terminations
loading conditionals from /Users/jan/PychronDev/setupfiles/spectrometer/default_conditionals.yaml
17:09:37 -- ******* Pre Extraction Check *******
Get a measurement from the spectrometer
GetData ===>> H2,-0.109390134831708,H1,0.0281528291434132,AX,-0.0659856623801953,L1,-0.000880875859726657,L2,-0...
Pre Extraction Termination data. keys=H2,H1,AX,L1,L2,CDD, signals=-0.10939,0.02815,-0.06599,-0.00088,-0.02490,0.00313
17:09:37 -- testing system defined conditionals
Checking default pre extraction terminations n=2
testing CDD
evaluate ot="CDD.inactive" t="CDD", ctx="{'CDD': False}"
GetDeflection CDD ===>> 50
testing CDD==2000
evaluate ot="CDD.deflection==2000" t="CDD==2000", ctx="{'CDD': 50.0}"
17:09:37 -- ******* Pre Extraction Check Passed *******
=================================================================================
17:09:37 -- stopping status monitor
stop 4976433200
Alive clients [4982646160]
17:09:37 -- starting status monitor
start 4976433200
Monitor already running
start extraction
do extraction
Analysis started at 17:09:37.684918
Extraction Started jan_co2.py
17:09:37 -- ******* Extraction Started jan_co2.py *******
state changed from not run to extraction
DO EXTRACTION <pychron.extraction_line.pyscript_runner.RemotePyScriptRunner object at 0x12b9a8890>
testing...
no interpolation path defined
calculate duration
testing...
no interpolation path defined
executed snippet estimated_duration=0, duration=4.88758087158e-05
calculate duration
testing...
no interpolation path defined
executed snippet estimated_duration=0, duration=9.20295715332e-05
executed snippet estimated_duration=100.0, duration=0.00291419029236
Jan CO2 laser analysis
doing GOSUB
testing...
no interpolation path defined
executed snippet estimated_duration=0, duration=7.5101852417e-05
Waiting for CO2 access
wait ('FelixCO2Flag', 0) {}
waiting for FelixCO2Flag = 0
Read FelixCO2Flag ===>> 0
finished waiting
CO2 free
wait ('CO2PumpTimeFlag', 0) {}
waiting for CO2PumpTimeFlag = 0
Read CO2PumpTimeFlag ===>> 0
finished waiting
acquire ('JanCO2Flag',) {'clear': True}
acquire JanCO2Flag
Set JanCO2Flag 1 ===>> OK
JanCO2Flag acquired
set extraction state False (0.75, 'red', 1.5)
CO2 acquired
executed snippet estimated_duration=0, duration=0.0210709571838
WaitForCO2Access.py completed successfully
gosub finished
doing GOSUB
testing...
no interpolation path defined
executed snippet estimated_duration=0, duration=9.3936920166e-05
Prepare for CO2 analysis
close () {'description': 'Jan Inlet'}
closing name=--- desc=Jan Inlet
checking ownership. requestor=129.138.12.150
check software interlocks R
interlocks []
actuate state mode=None-script, software_lock=False
doing actuation None-script close_channel False
Close R ===>> OK
GetIndicatorState R ===>> False
change switch state (True, True)
update switch state R False args=() kw={} ncanvase=2
17:09:38 -- CLOSE  VALVE-R (Jan Inlet)
---------------------------------------- close None (Jan Inlet) result=[(True, True)]
action=close, ok=True, locked=[False]
open () {'description': 'Jan Ion Pump'}
opening name=--- desc=Jan Ion Pump
checking ownership. requestor=129.138.12.150
check software interlocks O
interlocks []
actuate state mode=None-script, software_lock=False
doing actuation None-script open_channel False
Open O ===>> OK
GetIndicatorState O ===>> OK
change switch state (True, True)
update switch state O True args=() kw={} ncanvase=2
17:09:38 -- OPEN   VALVE-O (Jan Ion Pump)
---------------------------------------- open None (Jan Ion Pump) result=[(True, True)], time=0.09 sec
action=open, ok=True, locked=[False]
close () {'description': 'Microbone to Minibone'}
closing name=--- desc=Microbone to Minibone
checking ownership. requestor=129.138.12.150
check software interlocks L
interlocks []
actuate state mode=None-script, software_lock=False
doing actuation None-script close_channel False
Close L ===>> OK
GetIndicatorState L ===>> False
change switch state (True, True)
update switch state L False args=() kw={} ncanvase=2
17:09:39 -- CLOSE  VALVE-L (Microbone to Minibone)
---------------------------------------- close None (Microbone to Minibone) result=[(True, True)]
action=close, ok=True, locked=[False]
open () {'description': 'Microbone to Turbo'}
opening name=--- desc=Microbone to Turbo
checking ownership. requestor=129.138.12.150
check software interlocks U
interlocks []
actuate state mode=None-script, software_lock=False
doing actuation None-script open_channel False
Open U ===>> OK
GetIndicatorState U ===>> OK
change switch state (True, True)
update switch state U True args=() kw={} ncanvase=2
17:09:39 -- OPEN   VALVE-U (Microbone to Turbo)
---------------------------------------- open None (Microbone to Turbo) result=[(True, True)], time=0.13 sec
action=open, ok=True, locked=[False]
open () {'description': 'Microbone to Inlet Pipette'}
opening name=--- desc=Microbone to Inlet Pipette
checking ownership. requestor=129.138.12.150
check software interlocks S
interlocks []
actuate state mode=None-script, software_lock=False
doing actuation None-script open_channel False
Open S ===>> OK
GetIndicatorState S ===>> OK
change switch state (True, True)
update switch state S True args=() kw={} ncanvase=2
17:09:40 -- OPEN   VALVE-S (Microbone to Inlet Pipette)
---------------------------------------- open None (Microbone to Inlet Pipette) result=[(True, True)], time=0.41 sec
action=open, ok=True, locked=[False]
open () {'description': 'Microbone to Getter D-50'}
opening name=--- desc=Microbone to Getter D-50
checking ownership. requestor=129.138.12.150
check software interlocks K
interlocks []
actuate state mode=None-script, software_lock=False
doing actuation None-script open_channel False
Open K ===>> OK
GetIndicatorState K ===>> OK
change switch state (True, True)
update switch state K True args=() kw={} ncanvase=2
17:09:40 -- OPEN   VALVE-K (Microbone to Getter D-50)
---------------------------------------- open None (Microbone to Getter D-50) result=[(True, True)], time=0.42 sec
action=open, ok=True, locked=[False]
open () {'description': 'Microbone to Getter NP-10'}
opening name=--- desc=Microbone to Getter NP-10
checking ownership. requestor=129.138.12.150
check software interlocks M
interlocks []
actuate state mode=None-script, software_lock=False
doing actuation None-script open_channel False
Open M ===>> OK
GetIndicatorState M ===>> OK
change switch state (True, True)
update switch state M True args=() kw={} ncanvase=2
17:09:41 -- OPEN   VALVE-M (Microbone to Getter NP-10)
---------------------------------------- open None (Microbone to Getter NP-10) result=[(True, True)], time=0.13 sec
action=open, ok=True, locked=[False]
close () {'description': 'CO2 Laser to Felix'}
closing name=--- desc=CO2 Laser to Felix
checking ownership. requestor=129.138.12.150
check software interlocks F
interlocks []
actuate state mode=None-script, software_lock=True
VALVE-F(CO2 Laser to Felix) software locked
change switch state (True, False)
---------------------------------------- close None (CO2 Laser to Felix) result=[(True, False)]
action=close, ok=True, locked=[True]
open () {'description': 'CO2 Laser to Jan'}
opening name=--- desc=CO2 Laser to Jan
checking ownership. requestor=129.138.12.150
check software interlocks A
interlocks []
actuate state mode=None-script, software_lock=False
doing actuation None-script open_channel False
Open A ===>> OK
GetIndicatorState A ===>> OK
change switch state (True, True)
update switch state A True args=() kw={} ncanvase=2
17:09:41 -- OPEN   VALVE-A (CO2 Laser to Jan)
---------------------------------------- open None (CO2 Laser to Jan) result=[(True, True)], time=0.12 sec
action=open, ok=True, locked=[False]
open () {'description': 'Microbone to CO2 Laser'}
opening name=--- desc=Microbone to CO2 Laser
checking ownership. requestor=129.138.12.150
check software interlocks T
interlocks []
actuate state mode=None-script, software_lock=False
doing actuation None-script open_channel False
Open T ===>> OK
GetIndicatorState T ===>> OK
change switch state (True, True)
update switch state T True args=() kw={} ncanvase=2
17:09:42 -- OPEN   VALVE-T (Microbone to CO2 Laser)
---------------------------------------- open None (Microbone to CO2 Laser) result=[(True, True)], time=0.40 sec
action=open, ok=True, locked=[False]
executed snippet estimated_duration=0, duration=4.81495213509
PrepareForCO2Analysis.py completed successfully
gosub finished
set_motor ('beam', '1.25') {}
setting motor "beam" to 1.25
set motor beam to 1.25
SetMotor beam,1.25 ===>> OK
GetMotorMoving beam ===>> False
GetMotorMoving beam ===>> False
Block completed
move_to_position ('157',) {'autocenter': True}
FusionsCO2 move to position 157
sending GoToHole 157,True
GoToHole 157,True ===>> OK
GetDriveMoving ===>> OK
GetDriveMoving ===>> OK
GetDriveMoving ===>> OK
GetDriveMoving ===>> OK
GetDriveMoving ===>> OK
GetDriveMoving ===>> OK
GetDriveMoving ===>> False
GetDriveMoving ===>> OK
GetDriveMoving ===>> OK
GetDriveMoving ===>> OK
GetDriveMoving ===>> OK
GetDriveMoving ===>> False
Block completed
GetAutoCorrecting ===>> False
GetAutoCorrecting ===>> False
Block completed
update position
GetPosition ===>> -7.97560,-5.98170,1.00000
got position (-7.9756, -5.9817, 1.0)
move to position succeeded
sleep (5,) {}
SLEEP 5.0
block started
WaitControl setup for 5.0  
Join finished
block finished. duration 5.03341197968
close () {'description': 'Microbone to Turbo'}
closing name=--- desc=Microbone to Turbo
checking ownership. requestor=129.138.12.150
check software interlocks U
interlocks []
actuate state mode=None-script, software_lock=False
doing actuation None-script close_channel True
Close U ===>> OK
State checksums do not match. Local:2035439760 Remote:-1640178555
State checksum failed
GetIndicatorState U ===>> False
change switch state (True, True)
update switch state U False args=() kw={} ncanvase=2
17:09:53 -- CLOSE  VALVE-U (Microbone to Turbo)
---------------------------------------- close None (Microbone to Turbo) result=[(True, True)]
action=close, ok=True, locked=[False]
enable laser
enable () {}
set extraction state FusionsCO2 Enabled (False, 'red', 1.5)
enabling laser
Enable ===>> OK
begin interval
BEGIN INTERVAL Interval 1 waiting for 30.0
block started
WaitControl setup for 30.0  
set extract to 5.0
extract (5.0,) {}
GetPosition ===>> -7.97560,-5.98170,1.00000
set extraction state FusionsCO2 ON! 5.0(watts) (0.75, 'red', 1.5)
extract sample to 5.0 (watts)
set laser output
SetLaserOutput 5.0,watts ===>> OK
executing pattern triangle.lp
execute_pattern ('triangle.lp',) {}
executing pattern triangle.lp
IsPatterning ===>> OK
IsPatterning ===>> OK
IsPatterning ===>> OK
IsPatterning ===>> OK
IsPatterning ===>> OK
IsPatterning ===>> OK
IsPatterning ===>> OK
IsPatterning ===>> OK
IsPatterning ===>> OK
IsPatterning ===>> OK
IsPatterning ===>> OK
IsPatterning ===>> OK
IsPatterning ===>> OK
IsPatterning ===>> OK
IsPatterning ===>> OK
IsPatterning ===>> OK
IsPatterning ===>> OK
IsPatterning ===>> OK
IsPatterning ===>> OK
IsPatterning ===>> OK
IsPatterning ===>> OK
IsPatterning ===>> OK
IsPatterning ===>> OK
IsPatterning ===>> OK
IsPatterning ===>> OK
IsPatterning ===>> OK
IsPatterning ===>> False
IsPatterning ===>> False
Block completed
COMPLETE INTERVAL waiting for Interval 1 to complete
Join finished
block finished. duration 30.0773770809
Interval 1 finished
end_extract () {}
ending extraction. set laser power to 0
set laser power 0
SetLaserPower 0 ===>> OK
disable () {}
%%%%%%%%%%%%%%%%%%%%%%%%%%%%%%%%%%% disable
set extraction state False (0.75, 'red', 1.5)
disabling laser
Disable ===>> OK
sleep (30.0,) {}
SLEEP 30.0
block started
WaitControl setup for 30.0  
Join finished
block finished. duration 30.0732998848
executed snippet estimated_duration=166.5, duration=76.8375051022
jan_co2.py completed successfully
GetAchievedOutput ===>> No Response
Requested Output= 0.000
Achieved Output=  0.000
GetResponseBlob ===>> No Response
GetOutputBlob ===>> No Response
persistence save...
persistence save - db
AutomatedRunPersister post_extraction_save deprecated
persistence save - dvc
no extraction position for 157
create new session 4982376208
close session 4982376208
Extraction Finished
17:10:54 -- ******* Extraction Finished *******
no overlap. not waiting for min ms pumptime
17:10:54 -- Sending spectrometer configuration
======== Sending configuration ========
SetDeflection CDD,50.0 ===>> OK
SetDeflection H2,0.0 ===>> OK
SetDeflection H1,0.0 ===>> OK
SetDeflection L2,825.0 ===>> OK
SetDeflection L1,400.0 ===>> OK
SetDeflection AX,190.0 ===>> OK
SetZFocus 74.64 ===>> OK
SetZSymmetry -50.72 ===>> OK
SetExtractionLens 26.13 ===>> OK
SetIonRepeller -3.81 ===>> OK
SetElectronEnergy 75.08 ===>> OK
SetYSymmetry -2.81 ===>> OK
SetIonCounterVoltage 1590.0 ===>> OK
send trap current 200.0
GetParameter Trap Current Readback ===>> 198.370811206739
SetParameter Trap Current Set,200.0 ===>> OK
updating mftable name mftable
Using mftable located at /Users/jan/PychronDev/setupfiles/spectrometer/mftables/mftable.csv
============ MFtable ===========
Isotope  H2     H1     AX     L1     L2     CDD    
Ar40     5.8006 5.8795 5.9929 6.1406 6.2313 6.3688
Ar39     5.6999 5.7718 5.8853 6.0266 6.1164 6.2553
Ar36     5.3774 5.4408 5.5487 5.6855 5.7714 5.9064
================================
get initial guess parabolic
get initial guess parabolic
get initial guess parabolic
get initial guess parabolic
get initial guess parabolic
get initial guess parabolic
======== Configuration Finished ========
GetYSymmetry ===>> -2.81
GetZSymmetry ===>> -50.72
GetParameter Trap Current Readback ===>> 198.035158395898
GetHighVoltage ===>> 4500
start measurement
do measurement
L#=25322 analysis type=unknown
Measurement Started jan_unknown120_60.py
17:10:54 -- ******* Measurement Started jan_unknown120_60.py *******
state changed from extraction to measurement
setting spec, defl, and gains
GetExtractionLens ===>> 26.13
GetYSymmetry ===>> -2.81
GetZSymmetry ===>> -50.72
GetZFocus ===>> 74.64
GetDeflection H2 ===>> 0
GetDeflection H1 ===>> 0
GetDeflection AX ===>> 190
GetDeflection L1 ===>> 400
GetDeflection L2 ===>> 825
GetDeflection CDD ===>> 50
GetGain H2 ===>> 0.0113
GetGain H1 ===>> 0.1
GetGain AX ===>> 0.097049
GetGain L1 ===>> 0.010355
GetGain L2 ===>> 0.095649
GetGain CDD ===>> 0
pre measurement save
New frame /Users/jan/PychronDev/data/isotopes/ee/d939b4-bc45-43f8-9d9c-925247312748.h5
flush and close file /Users/jan/PychronDev/data/isotopes/ee/d939b4-bc45-43f8-9d9c-925247312748.h5
testing...
no interpolation path defined
executed snippet estimated_duration=226.132928, duration=0.000171899795532
unknown measurement script
activate_detectors ('H2', 'H1', 'AX', 'L1', 'L2', 'CDD') {}
activate detectors
*************** Set Analysis View Ar/Ar
create graphs
clearing graphs
clear isotope group
setting isotope det=H2, iso=PM41
setting isotope det=H1, iso=Ar40
setting isotope det=AX, iso=Ar39
setting isotope det=L1, iso=Ar38
setting isotope det=L2, iso=Ar37
setting isotope det=CDD, iso=Ar36
setting previous blanks
 - setting Ar40 blank 0.203+/-0.007
 - setting Ar36 blank 0.00472+/-0.00017
 - setting Ar37 blank 0.048+/-0.005
 - setting Ar38 blank 0.0062+/-0.0021
 - setting PM41 blank 0.04+/-0.07
 - setting Ar39 blank 0.020+/-0.009
load analysis view
position_magnet ('Ar40',) {'detector': 'H1'}
detector Detector(H1)
POSITION Ar40 H1
setting detector H2 to PM41 (40.9624)
setting detector H1 to Ar40 (39.9624)
setting detector AX to Ar39 (38.9624)
setting detector L1 to Ar38 (37.9624)
setting detector L2 to Ar37 (36.9624)
setting detector CDD to Ar36 (35.9624)
Mapping mass to dac mass func: "parabolic"
H1 map mass coeffs = [-0.00063987  0.15840543  0.57111999]
H1 map mass to dac 39.9624 >> 5.87951
GetDeflection H1 ===>> 0
GetHighVoltage ===>> 4500
positioning Ar40 (5.87951) on H1
setting magnet DAC
current  : 5.879508
requested: 5.879510
Delta Dac: 0.000002
Checking detector protection. dv=0.00000
Checking detector "CDD". Protection Threshold: 0.1 (V)
SetMagnetDAC 5.87951 ===>> OK
Magnet settling time: 0.500
equilibrate () {'delay': 3, 'inlet': 'R', 'outlet': 'O', 'eqtime': 12.0}
Equilibration Started
17:10:56 -- ******* Equilibration Started *******
checking ownership. requestor=129.138.12.150
check software interlocks O
interlocks []
actuate state mode=None-script, software_lock=False
doing actuation None-script close_channel True
Close O ===>> OK
GetIndicatorState O ===>> False
change switch state (True, True)
update switch state O False args=() kw={} ncanvase=2
17:10:56 -- CLOSE  VALVE-O (Jan Ion Pump)
waiting 3s before opening inlet value ('R',)
update labels <pychron.experiment.plot_panel.PlotPanel object at 0x1a04e1bf0>
update labels "<pychron.graph.stacked_regression_graph.StackedRegressionGraph object at 0x1a0eb5650>"
setting label 0 H2 PM41
setting label 1 H1 Ar40
setting label 2 AX Ar39
setting label 3 L1 Ar38
setting label 4 L2 Ar37
setting label 5 CDD Ar36
update labels "<pychron.graph.stacked_graph.StackedGraph object at 0x1a0ee7110>"
setting label 0 H2 PM41
setting label 1 H1 Ar40
setting label 2 AX Ar39
setting label 3 L1 Ar38
setting label 4 L2 Ar37
setting label 5 CDD Ar36
checking ownership. requestor=129.138.12.150
check software interlocks R
interlocks []
actuate state mode=None-script, software_lock=False
doing actuation None-script open_channel True
Open R ===>> OK
GetIndicatorState R ===>> OK
change switch state (True, True)
update switch state R True args=() kw={} ncanvase=2
17:10:59 -- OPEN   VALVE-R (Jan Inlet)
set_time_zero () {}
equilibrating for 12.0sec
sniff (12.0,) {}
py_sniff
build tables- sniff [Detector(H2), Detector(H1), Detector(AX), Detector(L1), Detector(L2), Detector(CDD)]
add group /sniff/PM41 (Group) '' table H2
add group /sniff/Ar40 (Group) '' table H1
add group /sniff/Ar39 (Group) '' table AX
add group /sniff/Ar38 (Group) '' table L1
add group /sniff/Ar37 (Group) '' table L2
add group /sniff/Ar36 (Group) '' table CDD
flush and close file /Users/jan/PychronDev/data/isotopes/ee/d939b4-bc45-43f8-9d9c-925247312748.h5
measuring sniff. ncounts=12.0
"sniff" increment series count="1" fit count="0" regressing="False"
starting measurement
GetData ===>> H2,-0.205404486370442,H1,0.00859829193464736,AX,-0.012168053191909,L1,-0.0383663208576204,L2,-0.0...
GetData ===>> H2,0.541381580593096,H1,543.795504749027,AX,72.2143870455824,L1,0.292967730312177,L2,0.4042436703...
GetData ===>> H2,0.929440787548549,H1,1476.46673560594,AX,188.602181054967,L1,1.34382494593165,L2,0.58080043985...
GetData ===>> H2,0.409079153462809,H1,1799.67901265987,AX,224.298452991814,L1,2.06241923821255,L2,0.62517424773...
GetData ===>> H2,0.146508601305294,H1,1908.54780582154,AX,235.169553257517,L1,2.47114495892321,L2,0.61013378513...
GetData ===>> H2,0.0245007683488766,H1,1950.43158769945,AX,238.959536130445,L1,2.71185713388554,L2,0.5902227278...
GetData ===>> H2,0.025769260133753,H1,1967.8006174806,AX,240.637802585567,L1,2.84082497104868,L2,0.597129944218...
GetData ===>> H2,0.00104701581038398,H1,1975.60618388464,AX,241.588652254603,L1,2.94264745602713,L2,0.475274604...
GetData ===>> H2,-0.00893217373376898,H1,1978.06796965878,AX,241.646840226616,L1,2.96837978042892,L2,0.61838075...
GetData ===>> H2,0.0412788328233252,H1,1979.24778072585,AX,241.845848702731,L1,3.03588778929,L2,0.5306743341072...
GetData ===>> H2,0.0490989119860287,H1,1979.85218869467,AX,241.556022093479,L1,3.06525151253718,L2,0.6244320382...
GetData ===>> H2,0.0716792543275882,H1,1979.42538761488,AX,241.785921740603,L1,3.10983751710602,L2,0.5431433988...
Equilibration Finished
17:11:12 -- ******* Equilibration Finished *******
checking ownership. requestor=129.138.12.150
check software interlocks R
interlocks []
actuate state mode=None-script, software_lock=False
doing actuation None-script close_channel True
Close R ===>> OK
set states for children of R. state=False
handle state [('R', False)]
update switch state R False args=() kw={'refresh': False} ncanvase=2
refresh_canvas_needed fired
GetIndicatorState R ===>> False
change switch state (True, True)
update switch state R False args=() kw={} ncanvase=2
17:11:12 -- CLOSE  VALVE-R (Jan Inlet)
Post Equilibration Started jan_pump_extraction_line.py
17:11:12 -- ******* Post Equilibration Started jan_pump_extraction_line.py *******
testing...
no interpolation path defined
calculate duration
testing...
no interpolation path defined
executed snippet estimated_duration=4.0, duration=0.00014591217041
executed snippet estimated_duration=4.0, duration=0.00111293792725
Pump after analysis
doing GOSUB
testing...
no interpolation path defined
executed snippet estimated_duration=4.0, duration=0.000195980072021
Pump Microbone
close () {'description': 'Jan Inlet'}
closing name=--- desc=Jan Inlet
checking ownership. requestor=129.138.12.150
check software interlocks R
interlocks []
actuate state mode=None-script, software_lock=False
doing actuation None-script close_channel False
measurement finished
estimated time: 12.583 actual time: :12.660
flush and close file /Users/jan/PychronDev/data/isotopes/ee/d939b4-bc45-43f8-9d9c-925247312748.h5
Close R ===>> OK
set_fits () {}
using default fits file=/Users/jan/PychronDev/scripts/measurement/fits/nominal_linear.yaml
set "Ar40" to "('Linear', 'SEM')"
No fit for "PM41". defaulting to linear. check the measurement script "jan_unknown120_60.py"
set "PM41" to "linear"
set "Ar36" to "('Linear', 'SEM')"
set "Ar37" to "('linear', 'SEM')"
set "Ar38" to "('linear', 'SEM')"
set "Ar39" to "('Linear', 'SEM')"
set_baseline_fits () {}
using default fits file=/Users/jan/PychronDev/scripts/measurement/fits/nominal_linear.yaml
set "H1" to "('average', 'SEM')"
set "H2" to "('average', 'SEM')"
set "CDD" to "('average', 'SEM')"
set "L2" to "('average', 'SEM')"
set "L1" to "('average', 'SEM')"
set "AX" to "('average', 'SEM')"
multicollect () {'integration_time': 1, 'ncounts': 120}
build tables- signal [Detector(H2), Detector(H1), Detector(AX), Detector(L1), Detector(L2), Detector(CDD)]
add group /signal/PM41 (Group) '' table H2
add group /signal/Ar40 (Group) '' table H1
add group /signal/Ar39 (Group) '' table AX
add group /signal/Ar38 (Group) '' table L1
add group /signal/Ar37 (Group) '' table L2
add group /signal/Ar36 (Group) '' table CDD
flush and close file /Users/jan/PychronDev/data/isotopes/ee/d939b4-bc45-43f8-9d9c-925247312748.h5
measuring signal. ncounts=120
GetIndicatorState R ===>> False
change switch state (True, True)
update switch state R False args=() kw={} ncanvase=2
17:11:13 -- CLOSE  VALVE-R (Jan Inlet)
---------------------------------------- close None (Jan Inlet) result=[(True, True)]
action=close, ok=True, locked=[False]
is_closed ('F',) {}
is F () closed?
is closed True
open () {'description': 'CO2 Laser to Jan'}
opening name=--- desc=CO2 Laser to Jan
checking ownership. requestor=129.138.12.150
check software interlocks A
interlocks []
actuate state mode=None-script, software_lock=False
doing actuation None-script open_channel False
Open A ===>> OK
GetIndicatorState A ===>> OK
change switch state (True, True)
update switch state A True args=() kw={} ncanvase=2
17:11:13 -- OPEN   VALVE-A (CO2 Laser to Jan)
---------------------------------------- open None (CO2 Laser to Jan) result=[(True, True)], time=0.12 sec
"signal" increment series count="2" fit count="1" regressing="True"
starting measurement
GetData ===>> H2,0.0182965844052811,H1,1979.73239205741,AX,242.278794962529,L1,3.0672378251649,L2,0.55323641355...
action=open, ok=True, locked=[False]
sleep (1,) {}
SLEEP 1.0
GetData ===>> H2,-0.0692835881381022,H1,1979.26232967586,AX,241.742559783643,L1,3.11081943866121,L2,0.455916810...
close () {'description': 'CO2 Laser to Roughing'}
closing name=--- desc=CO2 Laser to Roughing
checking ownership. requestor=129.138.12.150
check software interlocks G
interlocks []
actuate state mode=None-script, software_lock=True
VALVE-G(CO2 Laser to Roughing) software locked
change switch state (True, False)
---------------------------------------- close None (CO2 Laser to Roughing) result=[(True, False)]
action=close, ok=True, locked=[True]
open () {'description': 'Microbone to Turbo'}
opening name=--- desc=Microbone to Turbo
checking ownership. requestor=129.138.12.150
check software interlocks U
interlocks []
actuate state mode=None-script, software_lock=False
doing actuation None-script open_channel True
Open U ===>> OK
GetIndicatorState U ===>> OK
change switch state (True, True)
update switch state U True args=() kw={} ncanvase=2
17:11:14 -- OPEN   VALVE-U (Microbone to Turbo)
---------------------------------------- open None (Microbone to Turbo) result=[(True, True)], time=0.16 sec
action=open, ok=True, locked=[False]
open () {'description': 'Microbone to Getter NP-10'}
opening name=--- desc=Microbone to Getter NP-10
checking ownership. requestor=129.138.12.150
check software interlocks M
interlocks []
actuate state mode=None-script, software_lock=False
doing actuation None-script open_channel False
Open M ===>> OK
GetIndicatorState M ===>> OK
change switch state (True, True)
update switch state M True args=() kw={} ncanvase=2
17:11:15 -- OPEN   VALVE-M (Microbone to Getter NP-10)
---------------------------------------- open None (Microbone to Getter NP-10) result=[(True, True)], time=0.13 sec
action=open, ok=True, locked=[False]
open () {'description': 'Microbone to Getter D-50'}
opening name=--- desc=Microbone to Getter D-50
checking ownership. requestor=129.138.12.150
check software interlocks K
interlocks []
actuate state mode=None-script, software_lock=False
doing actuation None-script open_channel False
GetData ===>> H2,-0.132649891424809,H1,1977.63226278791,AX,241.710440554059,L1,3.12772577289985,L2,0.4964527395...
Open K ===>> OK
GetIndicatorState K ===>> OK
change switch state (True, True)
update switch state K True args=() kw={} ncanvase=2
17:11:16 -- OPEN   VALVE-K (Microbone to Getter D-50)
---------------------------------------- open None (Microbone to Getter D-50) result=[(True, True)], time=0.40 sec
action=open, ok=True, locked=[False]
open () {'description': 'Microbone to CO2 Laser'}
opening name=--- desc=Microbone to CO2 Laser
checking ownership. requestor=129.138.12.150
check software interlocks T
interlocks []
actuate state mode=None-script, software_lock=False
doing actuation None-script open_channel False
Open T ===>> OK
GetIndicatorState T ===>> OK
change switch state (True, True)
update switch state T True args=() kw={} ncanvase=2
17:11:16 -- OPEN   VALVE-T (Microbone to CO2 Laser)
---------------------------------------- open None (Microbone to CO2 Laser) result=[(True, True)], time=0.41 sec
GetData ===>> H2,-0.159500649302745,H1,1976.96241972578,AX,241.702665030378,L1,3.1118970164311,L2,0.64525653868...
action=open, ok=True, locked=[False]
open () {'description': 'Microbone to Inlet Pipette'}
opening name=--- desc=Microbone to Inlet Pipette
checking ownership. requestor=129.138.12.150
check software interlocks S
interlocks []
actuate state mode=None-script, software_lock=False
doing actuation None-script open_channel False
Open S ===>> OK
GetIndicatorState S ===>> OK
change switch state (True, True)
update switch state S True args=() kw={} ncanvase=2
17:11:17 -- OPEN   VALVE-S (Microbone to Inlet Pipette)
---------------------------------------- open None (Microbone to Inlet Pipette) result=[(True, True)], time=0.42 sec
action=open, ok=True, locked=[False]
sleep (1,) {}
SLEEP 1.0
GetData ===>> H2,-0.0721312721729058,H1,1976.32511243091,AX,241.418866502116,L1,3.09789743389878,L2,0.507683389...
set_resource () {'name': 'CO2PumpTimeFlag', 'value': 30}
Set CO2PumpTimeFlag 30 ===>> OK
release ('JanCO2Flag',) {}
release JanCO2Flag
Set JanCO2Flag 0 ===>> OK
executed snippet estimated_duration=6.0, duration=5.88037991524
PumpMicrobone.py completed successfully
gosub finished
get_resource_value () {'name': 'JanMiniboneFlag'}
Read JanMiniboneFlag ===>> 0
Get Resource Value JanMiniboneFlag=0.0
get resource value 0.0
get_resource_value () {'name': 'JanMiniboneFlag'}
Read JanMiniboneFlag ===>> 0
Get Resource Value JanMiniboneFlag=0.0
executed snippet estimated_duration=4.0, duration=5.89517188072
jan_pump_extraction_line.py completed successfully
Post Equilibration Finished
17:11:18 -- ******* Post Equilibration Finished *******
GetData ===>> H2,0.0449586758519944,H1,1975.3451781258,AX,241.261224787706,L1,3.10151604492821,L2,0.48105414955...
GetData ===>> H2,0.0200530691992918,H1,1975.35542152102,AX,241.364080423561,L1,3.1044957014138,L2,0.53387430608...
GetData ===>> H2,-0.0366686910464347,H1,1974.33758770998,AX,241.24852383372,L1,3.08145786795633,L2,0.4942021978...
GetData ===>> H2,-0.0453279338404727,H1,1973.24246318393,AX,241.184509000606,L1,3.08137483719412,L2,0.547452517...
GetData ===>> H2,0.00878766374807925,H1,1972.59755731932,AX,241.033263338937,L1,3.07063981139955,L2,0.466822933...
GetData ===>> H2,-0.0590061463125459,H1,1971.77366281673,AX,240.737122693083,L1,3.07893953229797,L2,0.589159243...
GetData ===>> H2,-0.15385376088048,H1,1970.75922454435,AX,240.951710086433,L1,3.05892142529041,L2,0.56841794184...
GetData ===>> H2,-0.0764028175332613,H1,1970.80761702686,AX,240.808144914854,L1,3.0593610182954,L2,0.4340080212...
GetData ===>> H2,-0.0986758211911562,H1,1970.52941329057,AX,240.711542723507,L1,3.07581589474021,L2,0.585660120...
GetData ===>> H2,-0.103375905255529,H1,1969.10946358631,AX,240.668029315284,L1,3.09002153881072,L2,0.5932531506...
GetData ===>> H2,-0.0716200975760801,H1,1968.05130915766,AX,240.461639447131,L1,3.08300373240648,L2,0.577187283...
GetData ===>> H2,-0.0482291418318049,H1,1966.72831985987,AX,240.506617938337,L1,3.08662506370601,L2,0.518184036...
GetData ===>> H2,-0.044852700655076,H1,1965.9208410574,AX,240.190219416535,L1,3.05993334358542,L2,0.46370514036...
GetData ===>> H2,0.00372953784474095,H1,1965.75515599274,AX,240.066356266034,L1,3.08353383000102,L2,0.480357387...
GetData ===>> H2,-0.155742674481444,H1,1965.63071151191,AX,239.953319366472,L1,3.05882466177172,L2,0.6008239080...
GetData ===>> H2,-0.153767279475351,H1,1964.96357754086,AX,239.800751584954,L1,3.07535668851843,L2,0.5793940369...
GetData ===>> H2,-0.0663917815704703,H1,1963.76838157251,AX,239.7928299278,L1,3.01672586936628,L2,0.56812069006...
GetData ===>> H2,0.0185988439427666,H1,1962.63434291033,AX,239.814369226242,L1,3.01807250190424,L2,0.5034788820...
GetData ===>> H2,-0.0117325036573117,H1,1961.47529835623,AX,239.75248681707,L1,3.03200294449732,L2,0.3940425091...
17:11:38 -- collecting point 25
GetData ===>> H2,-0.0209238995856823,H1,1960.75206818061,AX,239.813799649996,L1,3.05216650621954,L2,0.575643729...
GetData ===>> H2,-0.0168094069303325,H1,1959.69505198678,AX,239.507165315388,L1,3.05903892493401,L2,0.494145078...
GetData ===>> H2,0.0229861123320036,H1,1959.54204776408,AX,239.476453499282,L1,3.0206503050627,L2,0.57923395983...
GetData ===>> H2,0.00224883825156546,H1,1958.50102673837,AX,239.216795888534,L1,3.01323721913594,L2,0.541040344...
GetData ===>> H2,-0.00363277562520408,H1,1957.34480575248,AX,239.404619825744,L1,3.00023080972735,L2,0.47300171...
GetData ===>> H2,-0.0651099001968363,H1,1957.20785881871,AX,239.325477918744,L1,2.95988125526205,L2,0.541348942...
GetData ===>> H2,-0.143963403249075,H1,1956.30233516189,AX,239.071899473778,L1,3.04328557170019,L2,0.5241375802...
GetData ===>> H2,-0.0693934405957169,H1,1955.2313523974,AX,238.828556399089,L1,3.05888824913592,L2,0.5659599259...
GetData ===>> H2,0.00349837833227416,H1,1954.44724553302,AX,238.905401546019,L1,3.04570372000365,L2,0.463613777...
GetData ===>> H2,0.0580779771724878,H1,1953.87930019125,AX,239.098754597224,L1,2.99820679542442,L2,0.5490870615...
GetData ===>> H2,-0.00592989164807423,H1,1952.83070027197,AX,239.185313271373,L1,3.00807997102629,L2,0.56513679...
GetData ===>> H2,-0.0903104957322882,H1,1952.58616367121,AX,238.810030956214,L1,2.99963928664041,L2,0.634740529...
GetData ===>> H2,-0.0622821350907893,H1,1951.40817500484,AX,238.444437793934,L1,2.99155954539564,L2,0.475423086...
GetData ===>> H2,-0.0710519481974427,H1,1950.0848664929,AX,238.614555358032,L1,2.98615405112667,L2,0.5357029094...
GetData ===>> H2,-0.0537240700669614,H1,1950.07281920168,AX,238.64497824184,L1,3.00419576017572,L2,0.5787079941...
GetData ===>> H2,-0.060454423188491,H1,1949.65112729147,AX,238.430704746266,L1,2.99488338205798,L2,0.4735499466...
GetData ===>> H2,-0.0977740274992157,H1,1947.82005328924,AX,238.394879014835,L1,2.99304633435973,L2,0.539771676...
GetData ===>> H2,-0.0658133433549868,H1,1947.62778540009,AX,238.281714793203,L1,2.97448096648407,L2,0.562027231...
GetData ===>> H2,-0.140671495847266,H1,1946.47725462056,AX,238.12486839987,L1,2.96211815660273,L2,0.51027702214...
GetData ===>> H2,-0.202369078844973,H1,1945.88370002987,AX,238.018643682878,L1,2.98631945742569,L2,0.6181176670...
GetData ===>> H2,-0.0610401907102167,H1,1945.01440343257,AX,237.97243987847,L1,3.02739638415024,L2,0.4942021978...
GetData ===>> H2,-0.113424332166314,H1,1943.94049822968,AX,237.83168985161,L1,3.03460512188022,L2,0.47929512083...
GetData ===>> H2,-0.16222446958185,H1,1943.19318017655,AX,237.808029812512,L1,3.03602172507471,L2,0.53726867875...
GetData ===>> H2,-0.136222659851242,H1,1942.64373220294,AX,237.496882698422,L1,2.99564833040761,L2,0.5418632735...
GetData ===>> H2,-0.123880849471012,H1,1942.11483058783,AX,237.55036035105,L1,2.99353554211611,L2,0.48430958002...
17:12:05 -- collecting point 50
GetData ===>> H2,-0.266146358459165,H1,1941.35942905497,AX,237.67305371967,L1,3.01992299734519,L2,0.48563462898...
GetData ===>> H2,-0.114645138953652,H1,1940.17011957389,AX,237.423281652733,L1,3.02069584957046,L2,0.5215435724...
GetData ===>> H2,-0.0818040050435758,H1,1940.03974828534,AX,237.565735064356,L1,3.00393230742048,L2,0.540491729...
GetData ===>> H2,-0.272786608868707,H1,1939.33923044867,AX,237.656846887448,L1,3.02245566089616,L2,0.4948876363...
GetData ===>> H2,-0.203645612786775,H1,1938.91609242747,AX,237.25027194653,L1,3.02494193637887,L2,0.48841043746...
GetData ===>> H2,-0.125396644152869,H1,1937.1036651165,AX,237.20559424955,L1,3.01967459151207,L2,0.488227665711...
GetData ===>> H2,-0.0859811874310087,H1,1935.94427032047,AX,237.346092502201,L1,3.02488947197269,L2,0.561387040...
GetData ===>> H2,-0.0889852404418099,H1,1935.93166581555,AX,237.1257058665,L1,3.01739916605856,L2,0.49223730105...
GetData ===>> H2,-0.0871687765537229,H1,1935.80688637634,AX,236.88583494095,L1,3.01523316673837,L2,0.5136934122...
GetData ===>> H2,-0.016450727787985,H1,1935.3084482763,AX,236.974346267464,L1,3.01945103081811,L2,0.53162288609...
GetData ===>> H2,-0.0873840730432862,H1,1934.09958549599,AX,236.909110338966,L1,2.98299386692353,L2,0.601681659...
GetData ===>> H2,-0.220569524804815,H1,1932.23364633566,AX,236.492122686172,L1,2.98321572693796,L2,0.5376686969...
GetData ===>> H2,-0.116293425908949,H1,1931.70151232002,AX,236.600134969444,L1,2.99891819333928,L2,0.4582806500...
GetData ===>> H2,-0.12926161279676,H1,1930.8902276835,AX,236.457543465205,L1,2.96541579492147,L2,0.463156967404...
GetData ===>> H2,-0.0982669085950587,H1,1930.973296822,AX,236.332239379798,L1,3.01614642405211,L2,0.54676670320...
GetData ===>> H2,-0.161998972383279,H1,1930.57457289027,AX,236.116780916823,L1,3.00793659374958,L2,0.5559112976...
GetData ===>> H2,-0.0687343099409942,H1,1929.70587666604,AX,236.228242090015,L1,2.99309318716444,L2,0.481191218...
GetData ===>> H2,-0.0217930643087538,H1,1928.33129552528,AX,236.244294578657,L1,3.0178986450468,L2,0.5328457320...
GetData ===>> H2,-0.0168460893886016,H1,1927.5756098881,AX,235.910768478353,L1,3.05381479684891,L2,0.4502529675...
GetData ===>> H2,-0.117049825622118,H1,1927.6974710834,AX,235.516514255837,L1,3.05760827496296,L2,0.49429358934...
GetData ===>> H2,-0.133246332588278,H1,1926.58000529263,AX,235.651582255157,L1,3.04284345055764,L2,0.5764440879...
GetData ===>> H2,-0.0982547222322976,H1,1925.25366778855,AX,235.583396673084,L1,3.02249569108777,L2,0.511225372...
GetData ===>> H2,-0.101849132624938,H1,1924.90172706237,AX,235.67738506811,L1,3.01196699906004,L2,0.58090334819...
GetData ===>> H2,0.0341200488546862,H1,1922.8107949358,AX,235.563732263525,L1,2.99480895735121,L2,0.43187107853...
GetData ===>> H2,0.0263055533070071,H1,1922.57110077447,AX,235.625397871866,L1,2.98144509946138,L2,0.5176812590...
17:12:31 -- collecting point 75
GetData ===>> H2,-0.0186759867123052,H1,1922.35773069989,AX,235.542685389122,L1,2.99529686137097,L2,0.542617630...
GetData ===>> H2,-0.112938409137419,H1,1921.76659061252,AX,235.25173222512,L1,2.97932759219886,L2,0.59082880475...
set states for children of V. state=True
handle state [('V', True)]
update switch state V True args=() kw={'refresh': False} ncanvase=2
refresh_canvas_needed fired
GetData ===>> H2,-0.165802118091161,H1,1920.93953076273,AX,235.277791157422,L1,2.97942815468825,L2,0.5167671248...
GetData ===>> H2,-0.150938656144972,H1,1920.27848087686,AX,235.007503323029,L1,2.95348817129188,L2,0.5528934850...
GetData ===>> H2,-0.21427555168635,H1,1920.05477339533,AX,235.167017685598,L1,2.93917610483687,L2,0.53217145056...
GetData ===>> H2,-0.197935812773503,H1,1919.43877075637,AX,234.869753066805,L1,2.97209214465601,L2,0.5599351953...
GetData ===>> H2,-0.0651492074162013,H1,1918.22002762343,AX,234.96738606614,L1,2.99947245226298,L2,0.6085210758...
GetData ===>> H2,-0.0321390746011603,H1,1917.68293482662,AX,234.877099908517,L1,2.97018557208067,L2,0.606039157...
GetData ===>> H2,0.0341037035077376,H1,1916.35273411307,AX,235.155415904764,L1,2.98381380557478,L2,0.5192238803...
GetData ===>> H2,-0.0641529308324494,H1,1915.8464071196,AX,234.721326075413,L1,2.98383861134771,L2,0.4526280866...
GetData ===>> H2,-0.0338229552247798,H1,1915.61528053316,AX,234.745895467501,L1,2.95743974179675,L2,0.581337851...
GetData ===>> H2,-0.0996276369006163,H1,1914.06357235085,AX,234.635841386106,L1,2.98021615406715,L2,0.450195874...
GetData ===>> H2,-0.129491387596167,H1,1913.68576233662,AX,234.441304905157,L1,2.97980423860052,L2,0.4716311579...
GetData ===>> H2,-0.0354862220476886,H1,1913.01065991285,AX,234.378743627669,L1,2.96005881498573,L2,0.552150477...
GetData ===>> H2,-0.0126907111286622,H1,1912.31663963279,AX,234.345066788738,L1,2.96267297517795,L2,0.593253150...
GetData ===>> H2,-0.166895438106584,H1,1911.10116503606,AX,234.070523195148,L1,2.96810177964853,L2,0.5170185108...
GetData ===>> H2,-0.0386247222479497,H1,1910.32443711968,AX,233.959494059617,L1,2.92505662406284,L2,0.489072987...
GetData ===>> H2,0.0614003948713594,H1,1910.5403188747,AX,234.057903263276,L1,2.97234408355019,L2,0.45517455378...
GetData ===>> H2,-0.000172351149100724,H1,1909.32482166612,AX,233.997687189771,L1,2.97151669827405,L2,0.5155673...
GetData ===>> H2,-0.0323074738598631,H1,1907.62983832247,AX,233.889537811038,L1,2.95679573070295,L2,0.499731541...
GetData ===>> H2,-0.0903281105597463,H1,1907.21644076646,AX,233.633574571374,L1,2.93123745830104,L2,0.510985427...
GetData ===>> H2,-0.0600950832864022,H1,1906.75221397047,AX,233.444726838018,L1,2.93293744986716,L2,0.546778133...
GetData ===>> H2,-0.102925203827627,H1,1906.13458933753,AX,233.447533693656,L1,2.92656331069682,L2,0.5184125727...
GetData ===>> H2,-0.0525503947907922,H1,1905.51874834798,AX,233.273354205066,L1,2.91174145641554,L2,0.491768930...
GetData ===>> H2,0.0214063481837651,H1,1905.05939351965,AX,233.172675051827,L1,2.91366798926256,L2,0.4847779142...
17:12:57 -- collecting point 100
GetData ===>> H2,0.0380204443738328,H1,1904.51167053442,AX,233.172930005038,L1,2.89286927529573,L2,0.4748405820...
GetData ===>> H2,-0.0357455340196984,H1,1903.37117397973,AX,233.334293527669,L1,2.88330094307523,L2,0.516412900...
GetData ===>> H2,-0.0589613932495112,H1,1902.07878594688,AX,233.188941675421,L1,2.94417441097946,L2,0.606645334...
GetData ===>> H2,-0.0973935195040513,H1,1901.21764751916,AX,233.02100455038,L1,2.96748986508267,L2,0.5360343475...
GetData ===>> H2,-0.0870726365529506,H1,1901.08453223823,AX,233.124188475359,L1,2.94463116107863,L2,0.557934656...
GetData ===>> H2,-0.0404297827265792,H1,1899.97469468068,AX,232.822277232481,L1,2.93673688131364,L2,0.496726920...
GetData ===>> H2,-0.0490259282804964,H1,1899.72325552952,AX,232.740439795533,L1,2.94346318250383,L2,0.518606828...
GetData ===>> H2,-0.177591990921604,H1,1898.74083831039,AX,232.729030694178,L1,2.9472963556311,L2,0.50062266445...
GetData ===>> H2,-0.0336627256831167,H1,1897.66587708213,AX,233.031837334259,L1,2.94425145189765,L2,0.509260126...
GetData ===>> H2,0.0797926005707769,H1,1897.15140130268,AX,232.582418450653,L1,2.94334900483893,L2,0.4784498847...
GetData ===>> H2,0.0250819160959924,H1,1896.22666249619,AX,232.620685315809,L1,2.9643059209416,L2,0.58714666074...
GetData ===>> H2,-0.127640892522702,H1,1895.50636365419,AX,232.456523190663,L1,2.93059573195587,L2,0.5222749155...
GetData ===>> H2,-0.173871546926908,H1,1894.66517011303,AX,232.349350592234,L1,2.94637715861799,L2,0.5320228807...
GetData ===>> H2,-0.0753211877886531,H1,1894.15554753714,AX,232.250949142373,L1,2.97172181821926,L2,0.587226705...
GetData ===>> H2,-0.0390617631280066,H1,1893.39788680503,AX,232.087709769106,L1,2.9603864129575,L2,0.4092361236...
GetData ===>> H2,-0.0261457005929103,H1,1892.61789451801,AX,232.184025433217,L1,2.96249950546475,L2,0.522492034...
GetData ===>> H2,-0.111457501537637,H1,1891.31174472723,AX,232.112100610624,L1,2.94178502210025,L2,0.5081404119...
GetData ===>> H2,-0.0483445232189984,H1,1891.13024171529,AX,231.97284056207,L1,2.93792617899126,L2,0.5385144550...
GetData ===>> H2,-0.120461793295137,H1,1890.87358302509,AX,231.631602259913,L1,2.95358309219689,L2,0.4647558139...
GetData ===>> H2,-0.198379487270558,H1,1890.33854767196,AX,231.587017611359,L1,2.97053795457777,L2,0.5637649139...
GetData ===>> H2,-0.197028181258971,H1,1888.80203866277,AX,231.687794164025,L1,2.96610848743535,L2,0.4908321960...
measurement finished
estimated time: 125.829 actual time: :126.166
flush and close file /Users/jan/PychronDev/data/isotopes/ee/d939b4-bc45-43f8-9d9c-925247312748.h5
baselines () {'settling_time': 15.0, 'detector': 'H1', 'mass': 34.2, 'ncounts': 60}
%%%%%%%%%%%%%%%%%%%%%%%%%%%%%%%% Baseline
build tables- baseline [Detector(H2), Detector(H1), Detector(AX), Detector(L1), Detector(L2), Detector(CDD)]
add group baseline table H2
add group baseline table H1
add group baseline table AX
add group baseline table L1
add group baseline table L2
add group baseline table CDD
flush and close file /Users/jan/PychronDev/data/isotopes/ee/d939b4-bc45-43f8-9d9c-925247312748.h5
detector Detector(H1)
POSITION 34.2 H1
Mapping mass to dac mass func: "parabolic"
H1 map mass coeffs = [-0.00063987  0.15840543  0.57111999]
H1 map mass to dac 34.2 >> 5.24016599104
GetDeflection H1 ===>> 0
GetHighVoltage ===>> 4500
positioning 34.2 (5.24016599104) on H1
setting magnet DAC
current  : 5.879510
requested: 5.240166
Delta Dac: 0.639344
Checking detector protection. dv=0.63934
Checking detector "CDD". Protection Threshold: 0.1 (V)
ProtectDetector CDD,On ===>> OK
GetDeflection CDD ===>> 2000
Protected = 2000
SetMagnetDAC 5.24016599104 ===>> OK
Magnet settling time: 0.500
GetMagnetMoving ===>> True
GetMagnetMoving ===>> True
GetMagnetMoving ===>> True
GetMagnetMoving ===>> True
GetMagnetMoving ===>> True
GetMagnetMoving ===>> True
GetMagnetMoving ===>> True
GetMagnetMoving ===>> True
GetMagnetMoving ===>> False
ProtectDetector CDD,Off ===>> OK
GetDeflection CDD ===>> 50
Delaying 15.0s for detectors to settle
Join finished
measuring baseline. ncounts=60
"baseline" increment series count="2" fit count="1" regressing="True"
starting measurement
GetData ===>> H2,-0.109735399060941,H1,-0.125806614654977,AX,-0.117618408342129,L1,-0.0497451060675425,L2,0.031...
GetData ===>> H2,-0.138337122169759,H1,-0.0424116415942642,AX,-0.10803568000862,L1,-0.0439483726643794,L2,-0.00...
GetData ===>> H2,-0.184067453300316,H1,-0.0689737406055045,AX,-0.0765578289370807,L1,-0.0474198722438313,L2,-0....
GetData ===>> H2,-0.213481009575597,H1,-0.0553597573103247,AX,-0.0906754443274847,L1,-0.0515386269243673,L2,0.0...
GetData ===>> H2,-0.213901181173659,H1,-0.0269337030974313,AX,-0.19020262346835,L1,-0.0640603419640214,L2,0.022...
set states for children of D. state=False
handle state [('D', False)]
update switch state D False args=() kw={'refresh': False} ncanvase=2
refresh_canvas_needed fired
GetData ===>> H2,-0.235977349732268,H1,-0.0198020754039295,AX,-0.060560025658024,L1,-0.054010026186429,L2,-0.01...
GetData ===>> H2,-0.304989212655635,H1,-0.000885297168440147,AX,-0.0837212099828205,L1,-0.0555695437257007,L2,-...
set states for children of B. state=False
handle state [('B', False)]
update switch state B False args=() kw={'refresh': False} ncanvase=2
refresh_canvas_needed fired
GetData ===>> H2,-0.284101689020117,H1,0.00333747305372185,AX,-0.10121016248917,L1,-0.0410505478244853,L2,0.000...
GetData ===>> H2,-0.221637778286693,H1,-0.0784142246422757,AX,-0.0119012682308398,L1,-0.015935669051727,L2,-0.0...
GetData ===>> H2,-0.172028581996592,H1,-0.0767216781337286,AX,-0.0881719772233858,L1,-0.0454209137948387,L2,-0....
GetData ===>> H2,-0.0975370578243999,H1,-0.042650111906428,AX,-0.224569938162872,L1,-0.0644311122763459,L2,0.02...
GetData ===>> H2,-0.150179744880583,H1,0.0622243101413346,AX,-0.145029255899277,L1,-0.0467986816425258,L2,0.003...
GetData ===>> H2,-0.179673070505794,H1,0.0417203624375475,AX,-0.00595061361510969,L1,-0.0535543104844569,L2,-0....
GetData ===>> H2,-0.256346815404335,H1,-0.0457263279893148,AX,-0.0795484307820056,L1,-0.0615052425845253,L2,-0....
GetData ===>> H2,-0.154175357817269,H1,-0.0333374240409022,AX,-0.0640728121649724,L1,-0.0762383107092836,L2,-0....
GetData ===>> H2,-0.131657105771071,H1,0.0363623393780933,AX,-0.135277772477675,L1,-0.0301545429851626,L2,0.050...
GetData ===>> H2,-0.185614593205147,H1,-0.0683419592460098,AX,-0.178346210716394,L1,-0.0369526512494007,L2,-0.0...
GetData ===>> H2,-0.346880495280083,H1,-0.0282574108523502,AX,-0.110040367520077,L1,-0.0466849720750558,L2,0.02...
GetData ===>> H2,-0.193251424932884,H1,-0.00356916870096742,AX,0.00578936636641006,L1,-0.0553600547720905,L2,0....
GetData ===>> H2,-0.259838475987579,H1,-0.0538933421397435,AX,-0.0767317036540633,L1,-0.0452928232581522,L2,-0....
GetData ===>> H2,-0.265499729759205,H1,0.0046615987081335,AX,-0.100028105716608,L1,-0.0117535021281878,L2,-0.05...
GetData ===>> H2,-0.282600957681534,H1,-0.00108808108623111,AX,-0.143753849904296,L1,-0.0252413980551475,L2,-0....
GetData ===>> H2,-0.234661538548581,H1,0.0140979922875985,AX,-0.0793629697750724,L1,-0.0309905329903874,L2,0.01...
GetData ===>> H2,-0.336737805600547,H1,0.0484630483478245,AX,-0.192242290681663,L1,-0.0282307833838248,L2,0.021...
17:14:03 -- collecting point 25
GetData ===>> H2,-0.28617981150232,H1,-0.0211258774805099,AX,-0.00497620275859305,L1,-0.0282607326485173,L2,-0....
GetData ===>> H2,-0.198278347198933,H1,0.0121056581251946,AX,-0.00523140654476058,L1,0.0029876445601502,L2,-0.0...
GetData ===>> H2,-0.17125147303759,H1,0.0739832888654092,AX,-0.0994834276643521,L1,0.00335140751824792,L2,-0.04...
GetData ===>> H2,-0.154222650714943,H1,0.059681974512782,AX,-0.011878069503993,L1,-0.0162583125717433,L2,-0.053...
GetData ===>> H2,-0.192221616179805,H1,0.0628211118973489,AX,-0.0985099529118895,L1,-0.00217565202894257,L2,0.0...
GetData ===>> H2,-0.173059248434868,H1,-0.0156278100657879,AX,-0.115474832814471,L1,-0.00153128469965479,L2,-0....
GetData ===>> H2,-0.146181793641507,H1,0.107870910534858,AX,-0.0849150555520655,L1,0.00811493216557136,L2,-0.14...
GetData ===>> H2,-0.188137852467925,H1,-0.0289371458692454,AX,-0.121731623699828,L1,-0.00779441909893855,L2,-0....
GetData ===>> H2,-0.212011632910069,H1,0.000868204431792208,AX,-0.101117452673093,L1,-0.0130456821098728,L2,-0....
GetData ===>> H2,-0.263606682557878,H1,-0.0158544175099749,AX,-0.0184082928165665,L1,-0.035100203527561,L2,-2.2...
GetData ===>> H2,-0.308707952977023,H1,0.0445128533735019,AX,-0.103875531920145,L1,-0.0333220747799218,L2,-0.01...
GetData ===>> H2,-0.210306323995547,H1,0.0673330482703129,AX,-0.111291827797713,L1,0.00137908140072279,L2,-0.04...
GetData ===>> H2,-0.277269019479287,H1,0.07639237856385,AX,-0.106135244457013,L1,-0.0249993327812415,L2,0.00763...
GetData ===>> H2,-0.228664449895949,H1,0.094211901056629,AX,-0.0829793956483002,L1,-0.0476329114276747,L2,-0.02...
GetData ===>> H2,-0.23549301988386,H1,-0.0470855561376602,AX,-0.070483610473286,L1,-0.0286069396731827,L2,-0.02...
GetData ===>> H2,-0.26072347768578,H1,0.0364458698312699,AX,-0.0611744826135271,L1,-0.02458708940081,L2,-0.0502...
GetData ===>> H2,-0.227086589795166,H1,0.0610187814439335,AX,-0.1428610557572,L1,-0.0105894391598523,L2,-0.0036...
GetData ===>> H2,-0.0955070408352573,H1,0.0606487705963278,AX,-0.0679912164675775,L1,-0.045730957960053,L2,-0.0...
GetData ===>> H2,-0.180721562982405,H1,0.120290893271125,AX,-0.115498006856486,L1,-0.021833972970224,L2,0.03108...
GetData ===>> H2,-0.278219808267585,H1,0.0711647729220168,AX,-0.0920778213617432,L1,-0.0244372874753384,L2,-0.0...
GetData ===>> H2,-0.136474144688774,H1,0.00932600066680958,AX,-0.0983708842949741,L1,-0.0195249452754169,L2,-0....
GetData ===>> H2,-0.164634443794447,H1,-0.0315248667628552,AX,-0.10283256996954,L1,0.017380412411986,L2,-0.0139...
GetData ===>> H2,-0.219413595834344,H1,0.0210297153035778,AX,-0.0474932017038373,L1,0.0410268568893106,L2,-0.00...
GetData ===>> H2,-0.158887463142412,H1,-0.0149241310478441,AX,-0.0911506321983262,L1,0.0200519123204031,L2,-0.0...
GetData ===>> H2,-0.148698236134817,H1,0.0873532757570629,AX,-0.108649837219224,L1,-0.0101134652650577,L2,-0.17...
17:14:29 -- collecting point 50
GetData ===>> H2,-0.179287114465527,H1,-0.0294022250629798,AX,-0.120329674058316,L1,-0.0370748576594231,L2,0.10...
GetData ===>> H2,-0.143282397346445,H1,0.0363742722957252,AX,-0.0727440986661404,L1,-0.0218903133356486,L2,-0.0...
set states for children of C. state=False
handle state [('C', False)]
update switch state C False args=() kw={'refresh': False} ncanvase=2
refresh_canvas_needed fired
GetData ===>> H2,-0.199675348712255,H1,-0.0624530882950445,AX,-0.0334852875549128,L1,-0.0423690419904934,L2,-0....
GetData ===>> H2,-0.183031412309595,H1,-0.0519023212949719,AX,-0.026283414511657,L1,-0.0155506422415937,L2,0.07...
GetData ===>> H2,-0.203234495618028,H1,-0.016951667351983,AX,-0.0710516355232576,L1,-0.0214084132083919,L2,-0.0...
set states for children of B. state=True
handle state [('B', True)]
update switch state B True args=() kw={'refresh': False} ncanvase=2
refresh_canvas_needed fired
GetData ===>> H2,-0.269348035857305,H1,0.00553242963177176,AX,-0.144739392368877,L1,0.010257072326855,L2,-0.087...
GetData ===>> H2,-0.325898081816341,H1,-0.00738610648960398,AX,-0.0905943144590386,L1,0.0405963007876015,L2,-0....
GetData ===>> H2,-0.191749813853672,H1,-0.0399911357710224,AX,-0.059412256046494,L1,0.0139627899461633,L2,0.010...
GetData ===>> H2,-0.171706142215837,H1,0.0524611385067654,AX,-0.0709357123129954,L1,0.0023513911055448,L2,-0.11...
GetData ===>> H2,-0.182377092786507,H1,0.0020610802188294,AX,-0.107560574601077,L1,-0.0231992389527545,L2,-0.04...
GetData ===>> H2,-0.184296772474658,H1,-0.0233083237578978,AX,-0.110330058831112,L1,-0.0538641037240076,L2,-0.0...
measurement finished
estimated time: 62.915 actual time: :63.093
flush and close file /Users/jan/PychronDev/data/isotopes/ee/d939b4-bc45-43f8-9d9c-925247312748.h5
activate_detectors ('H1', 'AX', 'CDD') {'peak_center': True}
peak_center () {'detector': 'H1', 'integration_time': 0.262144, 'isotope': 'Ar40'}
peak center: mean=1892.27990184 threshold=3
peak center started
setup peak center. detector=['H1', 'AX', 'CDD'], isotope=Ar40
VersionedUnpickler [<apptools.sweet_pickle.versioned_unpickler.VersionedUnpickler object at 0x19a2df110>] using Updater [<apptools.sweet_pickle.updater.Updater object at 0x134a15590>]
VersionedUnpickler [<apptools.sweet_pickle.versioned_unpickler.VersionedUnpickler object at 0x19a2df110>] using Updater [<apptools.sweet_pickle.updater.Updater object at 0x134a15590>]
VersionedUnpickler [<apptools.sweet_pickle.versioned_unpickler.VersionedUnpickler object at 0x19d21b4d0>] using Updater [<apptools.sweet_pickle.updater.Updater object at 0x134a15590>]
setting integration time = 0.524288
SetIntegrationTime 0.524288 ===>> OK
Mapping mass to dac mass func: "parabolic"
H1 map mass coeffs = [-0.00063987  0.15840543  0.57111999]
H1 map mass to dac 39.9624 >> 5.87951
GetDeflection H1 ===>> 0
GetHighVoltage ===>> 4500
do peak center. <pychron.spectrometer.jobs.peak_center.PeakCenter object at 0x134a156b0>
doing pc
starting peak center. center dac= 5.87951 step_width=0.001
width = 0.001
get scan parameters. half-width=0.015,window=0.015, i=0, scalar=1
Scan parameters center=5.87951 width=0.03000 (5.86451 - 5.89451)
GetData ===>> H2,-0.217085212222026,H1,0.0685744632533904,AX,-0.0907102142503556,L1,-0.0409319826512937,L2,-0.0...
Moving to starting dac 5.86451
setting magnet DAC
current  : 5.240166
requested: 5.864510
Delta Dac: 0.624344
Checking detector protection. dv=0.62434
Checking detector "CDD". Protection Threshold: 0.1 (V)
ProtectDetector CDD,On ===>> OK
GetDeflection CDD ===>> 2000
Protected = 2000
SetMagnetDAC 5.86451 ===>> OK
Magnet settling time: 0.500
GetMagnetMoving ===>> True
GetMagnetMoving ===>> True
GetMagnetMoving ===>> True
GetMagnetMoving ===>> True
GetMagnetMoving ===>> True
GetMagnetMoving ===>> True
GetMagnetMoving ===>> True
GetMagnetMoving ===>> True
GetMagnetMoving ===>> True
GetMagnetMoving ===>> False
ProtectDetector CDD,Off ===>> OK
GetDeflection CDD ===>> 50
Wait until signal near baseline. tol= 0.05143084744. timeout= 10
GetData ===>> H2,81.055155388426,H1,30.8161314590434,AX,1.97994961812662,L1,0.0668408835496903,L2,0.05660907185...
GetData ===>> H2,111.608831676703,H1,59.923995139362,AX,5.93040559259729,L1,0.0362316435449245,L2,-0.1340017673...
GetData ===>> H2,63.1200864014365,H1,28.8536826703715,AX,2.74141038004909,L1,0.0208945803469343,L2,-0.075510118...
GetData ===>> H2,26.9983315468502,H1,14.6382166332966,AX,1.15439691446597,L1,0.0241431100880644,L2,-0.055460336...
GetData ===>> H2,9.33278043051291,H1,7.93858560825085,AX,0.58320814198744,L1,0.0348420829004695,L2,-0.070458243...
GetData ===>> H2,2.75294906072354,H1,4.67270010580412,AX,0.321230020631189,L1,0.0379460192640382,L2,0.000478246...
GetData ===>> H2,0.883847302145926,H1,3.04992531256409,AX,0.140080169641147,L1,0.0326499473556683,L2,0.02607929...
GetData ===>> H2,0.883847302145926,H1,3.04992531256409,AX,0.140080169641147,L1,0.0326499473556683,L2,0.02607929...
GetData ===>> H2,0.493985699900809,H1,2.23182668633328,AX,0.205361152031058,L1,0.0165456386750391,L2,-0.0280756...
GetData ===>> H2,0.498423456381674,H1,1.87633433529515,AX,0.0346813144856786,L1,-0.0229101651208662,L2,-0.09951...
GetData ===>> H2,0.501940973598075,H1,1.83712027057725,AX,-0.0387268954778901,L1,-0.0256016303037866,L2,0.01036...
GetData ===>> H2,0.457049242322806,H1,1.71887218785411,AX,0.0991336965870463,L1,-0.0170650030972154,L2,-0.09425...
GetData ===>> H2,0.484285067974667,H1,1.66083314250185,AX,0.0376754283271593,L1,-0.0171584565784305,L2,-0.06110...
GetData ===>> H2,0.426712244827964,H1,1.55727150941332,AX,-0.0171788348723015,L1,-0.0142921549217401,L2,0.01166...
GetData ===>> H2,0.347117388497848,H1,1.52027065884048,AX,0.0891663228326439,L1,-0.0526332471190921,L2,-0.03449...
GetData ===>> H2,0.28685136011442,H1,1.51418929675537,AX,0.00933948102152771,L1,-0.0733164688165395,L2,0.001457...
GetData ===>> H2,0.284559931732046,H1,1.56032546724714,AX,0.0334744109145222,L1,-0.0476125651838861,L2,-0.01368...
GetData ===>> H2,0.214808896084707,H1,1.51243466360509,AX,0.056582448433707,L1,-0.052035108790093,L2,0.07087482...
GetData ===>> H2,0.0813492395741109,H1,1.5062576363716,AX,-0.102392204900048,L1,-0.0487853990207072,L2,0.043871...
GetData ===>> H2,0.0666967909368481,H1,1.50301304599554,AX,0.0547287862325288,L1,-0.0366339491120655,L2,-0.0725...
State checksums do not match. Local:-1735986017 Remote:968834110
State checksum failed
GetData ===>> H2,0.178964379395388,H1,1.43968032582535,AX,0.0014505131641808,L1,-0.0579383709327173,L2,0.003165...
Peak center failed to move to a baseline position
_do_sweep sm= 5.86451, em= 5.89451, stm= 0.001
calculated step values: start=5.86451, end=5.89451, width=0.001, nsteps=31.0
setting magnet DAC
current  : 5.864510
requested: 5.864510
Delta Dac: 0.000000
Checking detector protection. dv=0.00000
Checking detector "CDD". Protection Threshold: 0.1 (V)
SetMagnetDAC 5.86451 ===>> OK
GetData ===>> H2,0.178964379395388,H1,1.43968032582535,AX,0.0014505131641808,L1,-0.0579383709327173,L2,0.003165...
setting magnet DAC
current  : 5.864510
requested: 5.865544
Delta Dac: 0.001034
Checking detector protection. dv=0.00103
Checking detector "CDD". Protection Threshold: 0.1 (V)
SetMagnetDAC 5.86554448276 ===>> OK
Magnet settling time: 1.049
set states for children of B. state=False
handle state [('B', False)]
update switch state B False args=() kw={'refresh': False} ncanvase=2
refresh_canvas_needed fired
GetData ===>> H2,0.155904706475909,H1,2.81835056874538,AX,0.322531134414619,L1,-0.0207976746992832,L2,-0.089299...
setting magnet DAC
current  : 5.865544
requested: 5.866579
Delta Dac: 0.001034
Checking detector protection. dv=0.00103
Checking detector "CDD". Protection Threshold: 0.1 (V)
SetMagnetDAC 5.86657896552 ===>> OK
Magnet settling time: 1.049
GetData ===>> H2,0.0425738500689807,H1,8.76654271194626,AX,0.826793768804426,L1,-0.0256710624910875,L2,0.002801...
setting magnet DAC
current  : 5.866579
requested: 5.867613
Delta Dac: 0.001034
Checking detector protection. dv=0.00103
Checking detector "CDD". Protection Threshold: 0.1 (V)
SetMagnetDAC 5.86761344828 ===>> OK
Magnet settling time: 1.049
GetData ===>> H2,0.0177547157082057,H1,31.9458649851657,AX,2.60607394118077,L1,-0.00203646257790601,L2,-0.02336...
setting magnet DAC
current  : 5.867613
requested: 5.868648
Delta Dac: 0.001034
Checking detector protection. dv=0.00103
Checking detector "CDD". Protection Threshold: 0.1 (V)
SetMagnetDAC 5.86864793103 ===>> OK
Magnet settling time: 1.049
GetData ===>> H2,-0.100195671731077,H1,111.423246731854,AX,8.95371865762837,L1,0.0321019879002685,L2,-0.0352014...
setting magnet DAC
current  : 5.868648
requested: 5.869682
Delta Dac: 0.001034
Checking detector protection. dv=0.00103
Checking detector "CDD". Protection Threshold: 0.1 (V)
SetMagnetDAC 5.86968241379 ===>> OK
Magnet settling time: 1.049
GetData ===>> H2,-0.0642365792432237,H1,309.736515382958,AX,26.1805249898762,L1,0.101840698219978,L2,0.08621403...
setting magnet DAC
current  : 5.869682
requested: 5.870717
Delta Dac: 0.001034
Checking detector protection. dv=0.00103
Checking detector "CDD". Protection Threshold: 0.1 (V)
SetMagnetDAC 5.87071689655 ===>> OK
Magnet settling time: 1.049
GetData ===>> H2,0.043053226846692,H1,903.648510713975,AX,86.1994347778835,L1,0.561330535308942,L2,-0.036362480...
setting magnet DAC
current  : 5.870717
requested: 5.871751
Delta Dac: 0.001034
Checking detector protection. dv=0.00103
Checking detector "CDD". Protection Threshold: 0.1 (V)
SetMagnetDAC 5.87175137931 ===>> OK
Magnet settling time: 1.049
GetData ===>> H2,0.0705850177260875,H1,1354.27319928466,AX,143.065203514601,L1,1.07758008905977,L2,0.1678061029...
setting magnet DAC
current  : 5.871751
requested: 5.872786
Delta Dac: 0.001034
Checking detector protection. dv=0.00103
Checking detector "CDD". Protection Threshold: 0.1 (V)
SetMagnetDAC 5.87278586207 ===>> OK
Magnet settling time: 1.049
GetData ===>> H2,-0.00633380286889157,H1,1635.01191266531,AX,186.703601459876,L1,1.64385608813443,L2,0.29608753...
setting magnet DAC
current  : 5.872786
requested: 5.873820
Delta Dac: 0.001034
Checking detector protection. dv=0.00103
Checking detector "CDD". Protection Threshold: 0.1 (V)
SetMagnetDAC 5.87382034483 ===>> OK
Magnet settling time: 1.049
GetData ===>> H2,-0.0288928284592993,H1,1754.26565148915,AX,209.730863667516,L1,2.08336364471472,L2,0.357737640...
setting magnet DAC
current  : 5.873820
requested: 5.874855
Delta Dac: 0.001034
Checking detector protection. dv=0.00103
Checking detector "CDD". Protection Threshold: 0.1 (V)
SetMagnetDAC 5.87485482759 ===>> OK
Magnet settling time: 1.049
GetData ===>> H2,-0.11930113586399,H1,1791.88344209363,AX,218.005459431253,L1,2.39552835217383,L2,0.41691615916...
setting magnet DAC
current  : 5.874855
requested: 5.875889
Delta Dac: 0.001034
Checking detector protection. dv=0.00103
Checking detector "CDD". Protection Threshold: 0.1 (V)
SetMagnetDAC 5.87588931034 ===>> OK
Magnet settling time: 1.049
GetData ===>> H2,-0.158260736397384,H1,1801.98136305391,AX,220.446304073936,L1,2.57511760041232,L2,0.4145647535...
setting magnet DAC
current  : 5.875889
requested: 5.876924
Delta Dac: 0.001034
Checking detector protection. dv=0.00103
Checking detector "CDD". Protection Threshold: 0.1 (V)
SetMagnetDAC 5.8769237931 ===>> OK
Magnet settling time: 1.049
GetData ===>> H2,-0.0472443610235767,H1,1804.46004318687,AX,221.002846183155,L1,2.65216556235295,L2,0.598605225...
setting magnet DAC
current  : 5.876924
requested: 5.877958
Delta Dac: 0.001034
Checking detector protection. dv=0.00103
Checking detector "CDD". Protection Threshold: 0.1 (V)
SetMagnetDAC 5.87795827586 ===>> OK
Magnet settling time: 1.049
GetData ===>> H2,-0.101063961373816,H1,1804.5173887469,AX,221.271862174038,L1,2.71072213118723,L2,0.52672023049...
setting magnet DAC
current  : 5.877958
requested: 5.878993
Delta Dac: 0.001034
Checking detector protection. dv=0.00103
Checking detector "CDD". Protection Threshold: 0.1 (V)
SetMagnetDAC 5.87899275862 ===>> OK
Magnet settling time: 1.049
GetData ===>> H2,-0.0798598188193686,H1,1804.73724379063,AX,220.98659590173,L1,2.75754151350591,L2,0.4640249093...
setting magnet DAC
current  : 5.878993
requested: 5.880027
Delta Dac: 0.001034
Checking detector protection. dv=0.00103
Checking detector "CDD". Protection Threshold: 0.1 (V)
SetMagnetDAC 5.88002724138 ===>> OK
Magnet settling time: 1.049
GetData ===>> H2,-0.0245204804743224,H1,1804.10563372459,AX,221.034210836996,L1,2.78568239963384,L2,0.493105506...
setting magnet DAC
current  : 5.880027
requested: 5.881062
Delta Dac: 0.001034
Checking detector protection. dv=0.00103
Checking detector "CDD". Protection Threshold: 0.1 (V)
SetMagnetDAC 5.88106172414 ===>> OK
Magnet settling time: 1.049
GetData ===>> H2,-0.147429187720691,H1,1803.56229926288,AX,220.821390796562,L1,2.84182048957087,L2,0.3741661141...
setting magnet DAC
current  : 5.881062
requested: 5.882096
Delta Dac: 0.001034
Checking detector protection. dv=0.00103
Checking detector "CDD". Protection Threshold: 0.1 (V)
SetMagnetDAC 5.8820962069 ===>> OK
Magnet settling time: 1.049
GetData ===>> H2,-0.101099124353929,H1,1802.45685809841,AX,220.664523820058,L1,2.85291012619869,L2,0.5233148036...
setting magnet DAC
current  : 5.882096
requested: 5.883131
Delta Dac: 0.001034
Checking detector protection. dv=0.00103
Checking detector "CDD". Protection Threshold: 0.1 (V)
SetMagnetDAC 5.88313068966 ===>> OK
Magnet settling time: 1.049
GetData ===>> H2,-0.00996062718868821,H1,1800.15833077936,AX,220.186684292825,L1,2.82606390377174,L2,0.47302456...
setting magnet DAC
current  : 5.883131
requested: 5.884165
Delta Dac: 0.001034
Checking detector protection. dv=0.00103
Checking detector "CDD". Protection Threshold: 0.1 (V)
SetMagnetDAC 5.88416517241 ===>> OK
Magnet settling time: 1.049
GetData ===>> H2,-0.0985725225024684,H1,1787.88512586096,AX,217.026160547642,L1,2.74290890911457,L2,0.409976254...
setting magnet DAC
current  : 5.884165
requested: 5.885200
Delta Dac: 0.001034
Checking detector protection. dv=0.00103
Checking detector "CDD". Protection Threshold: 0.1 (V)
SetMagnetDAC 5.88519965517 ===>> OK
Magnet settling time: 1.049
GetData ===>> H2,-0.189648968132641,H1,1749.31584535898,AX,208.402134146088,L1,2.5969503624927,L2,0.44406423169...
setting magnet DAC
current  : 5.885200
requested: 5.886234
Delta Dac: 0.001034
Checking detector protection. dv=0.00103
Checking detector "CDD". Protection Threshold: 0.1 (V)
SetMagnetDAC 5.88623413793 ===>> OK
Magnet settling time: 1.049
GetData ===>> H2,-0.200139179793475,H1,1626.8276365345,AX,183.315776086748,L1,2.36417456589158,L2,0.26278151408...
setting magnet DAC
current  : 5.886234
requested: 5.887269
Delta Dac: 0.001034
Checking detector protection. dv=0.00103
Checking detector "CDD". Protection Threshold: 0.1 (V)
SetMagnetDAC 5.88726862069 ===>> OK
Magnet settling time: 1.049
GetData ===>> H2,-0.345591359709857,H1,1341.46116899214,AX,136.157254813049,L1,1.95617091382883,L2,0.1498991467...
setting magnet DAC
current  : 5.887269
requested: 5.888303
Delta Dac: 0.001034
Checking detector protection. dv=0.00103
Checking detector "CDD". Protection Threshold: 0.1 (V)
SetMagnetDAC 5.88830310345 ===>> OK
Magnet settling time: 1.049
GetData ===>> H2,-0.392590135656484,H1,919.236429550833,AX,81.1912769311197,L1,1.4137314180399,L2,0.06472160620...
setting magnet DAC
current  : 5.888303
requested: 5.889338
Delta Dac: 0.001034
Checking detector protection. dv=0.00103
Checking detector "CDD". Protection Threshold: 0.1 (V)
SetMagnetDAC 5.88933758621 ===>> OK
Magnet settling time: 1.049
GetData ===>> H2,-0.217354884748783,H1,498.077616836842,AX,37.7973383788499,L1,0.893890303986475,L2,-0.01976541...
setting magnet DAC
current  : 5.889338
requested: 5.890372
Delta Dac: 0.001034
Checking detector protection. dv=0.00103
Checking detector "CDD". Protection Threshold: 0.1 (V)
SetMagnetDAC 5.89037206897 ===>> OK
Magnet settling time: 1.049
GetData ===>> H2,-0.211863472511206,H1,117.809694005038,AX,6.60541420935881,L1,0.418007308351943,L2,0.003529968...
setting magnet DAC
current  : 5.890372
requested: 5.891407
Delta Dac: 0.001034
Checking detector protection. dv=0.00103
Checking detector "CDD". Protection Threshold: 0.1 (V)
SetMagnetDAC 5.89140655172 ===>> OK
Magnet settling time: 1.049
GetData ===>> H2,-0.194685639766521,H1,34.7223124831439,AX,1.34478509418476,L1,0.263944642341372,L2,0.009952568...
setting magnet DAC
current  : 5.891407
requested: 5.892441
Delta Dac: 0.001034
Checking detector protection. dv=0.00103
Checking detector "CDD". Protection Threshold: 0.1 (V)
SetMagnetDAC 5.89244103448 ===>> OK
Magnet settling time: 1.049
GetData ===>> H2,-0.232880142927901,H1,8.70955905382174,AX,0.120601784421393,L1,0.196899381403831,L2,0.04940863...
setting magnet DAC
current  : 5.892441
requested: 5.893476
Delta Dac: 0.001034
Checking detector protection. dv=0.00103
Checking detector "CDD". Protection Threshold: 0.1 (V)
SetMagnetDAC 5.89347551724 ===>> OK
Magnet settling time: 1.049
GetData ===>> H2,-0.223729009914804,H1,1.79296549969681,AX,-0.137082229717731,L1,0.103528172584302,L2,-0.049815...
setting magnet DAC
current  : 5.893476
requested: 5.894510
Delta Dac: 0.001034
Checking detector protection. dv=0.00103
Checking detector "CDD". Protection Threshold: 0.1 (V)
SetMagnetDAC 5.89451 ===>> OK
Magnet settling time: 1.049
GetData ===>> H2,-0.270937948057687,H1,0.214927482944716,AX,-0.115301027323195,L1,0.0461320153729017,L2,-0.0216...
result of _do_sweep=True
result of _calculate_peak_center=([5.8716943687374759, 5.8794799398797606, 5.8872655110220453], [1329.4391733613181, 1804.7334465357235, 1340.5362610441412], 5.8789989779559138, 1804.7334465357235)
Failed to find a valid peak. No peak greater than 1.0. max = 0.0258859178913
new center pos Detector(H1) (Ar40) @ 5.87947993988
GetHighVoltage ===>> 4500
GetDeflection H1 ===>> 0
dac uncorrected for HV and deflection 5.87947993988
update mftable H1 Ar40 5.87947993988 message=automated run peakcenter
get initial guess parabolic
get initial guess parabolic
get initial guess parabolic
get initial guess parabolic
get initial guess parabolic
get initial guess parabolic
dump mftable to /Users/jan/PychronDev/setupfiles/spectrometer/mftables/mftable.csv
add to repo msg=modified - automated run peakcenter
sweep finished
locally archiving mftable
setting magnet DAC
current  : 5.894510
requested: 5.879480
Delta Dac: 0.015030
Checking detector protection. dv=0.01503
Checking detector "CDD". Protection Threshold: 0.1 (V)
SetMagnetDAC 5.87947993988 ===>> OK
Magnet settling time: 0.500
setting integration time = 1.048576
SetIntegrationTime 1.048576 ===>> OK
Failed to find a valid peak. No peak greater than 1.0. max = 0.0258859178913
flush and close file /Users/jan/PychronDev/data/isotopes/ee/d939b4-bc45-43f8-9d9c-925247312748.h5
finished measure script
executed snippet estimated_duration=226.132928, duration=273.032004118
jan_unknown120_60.py completed successfully
Measurement Finished
17:15:27 -- ******* Measurement Finished *******
Post Measurement Started jan_pump_ms.py
17:15:27 -- ******* Post Measurement Started jan_pump_ms.py *******
testing...
no interpolation path defined
executed snippet estimated_duration=0, duration=2.50339508057e-05
Pumping spectrometer
open () {'name': 'O'}
opening name=O desc=---
checking ownership. requestor=129.138.12.150
check software interlocks O
interlocks []
actuate state mode=None-script, software_lock=False
doing actuation None-script open_channel True
Open O ===>> OK
GetIndicatorState O ===>> OK
change switch state (True, True)
update switch state O True args=() kw={} ncanvase=2
17:15:27 -- OPEN   VALVE-O (Jan Ion Pump)
---------------------------------------- open O () result=[(True, True)], time=0.09 sec
action=open, ok=True, locked=[False]
executed snippet estimated_duration=0, duration=0.342783927917
jan_pump_ms.py completed successfully
setting _ms_pumptime
Post Measurement Finished
17:15:28 -- ******* Post Measurement Finished *******
$$$$$$$$$$$$$$$$$$$$ state at run end measurement
state changed from measurement to success
post measurement save measured=True aborted=False
Set filtering
setting fod for Ar40= {'filter_outliers': True, 'std_devs': 2, 'iterations': 1}
setting fod for H1= {'filter_outliers': True, 'std_devs': 2, 'iterations': 1}
setting fod for PM41= {'filter_outliers': False, 'std_devs': 2, 'iterations': 1}
setting fod for H2= {'filter_outliers': True, 'std_devs': 2, 'iterations': 1}
setting fod for Ar36= {'filter_outliers': True, 'std_devs': 2, 'iterations': 1}
setting fod for CDD= {'filter_outliers': True, 'std_devs': 10, 'iterations': 1}
setting fod for Ar37= {'filter_outliers': True, 'std_devs': 2, 'iterations': 1}
setting fod for L2= {'filter_outliers': True, 'std_devs': 2, 'iterations': 1}
setting fod for Ar38= {'filter_outliers': True, 'std_devs': 2, 'iterations': 1}
setting fod for L1= {'filter_outliers': True, 'std_devs': 2, 'iterations': 1}
setting fod for Ar39= {'filter_outliers': True, 'std_devs': 2, 'iterations': 1}
setting fod for AX= {'filter_outliers': True, 'std_devs': 2, 'iterations': 1}
persistence save...
persistence save - db
post measurement save
6975158320 connecting to database sqlite:////Users/jan/PychronDev/.appdata/local_lab.db
connected to db sqlite:////Users/jan/PychronDev/.appdata/local_lab.db
create new session 6975158320
close session 6975158320
No database instance. Not saving post measurement to isotopedb database
$$$$$$$$$$$$$$$ auto_save_detector_ic=False
massspec enabled True
create new session 4979675504
MassSpec Database Version: 16.0
close session 4979675504
saving post measurement to secondary database
saving to massspec database 129.138.12.160/massspecdata
setting labnumber to 25322
setting aliquot to 1
setting step to 
setting uuid to eed939b4-bc45-43f8-9d9c-925247312748
setting irradpos to 25322
setting extract_device to Fusions CO2
setting tray to 
setting position to 157
setting power_requested to 5.0
setting extract_value to 5.0
setting duration to 30.0
setting duration_at_request to 30.0
setting first_stage_delay to 30.0
setting cleanup to 30.0
setting comment to K:11
setting irradiation to NM-288
setting level to K
setting irradiation_level to K
setting sample to FC-2
setting material to Sanidine
setting project to Irradiation-NM-288
setting mass_spectrometer to Jan
no attribute chron_dosages
no attribute production_ratios
no attribute interference_corrections
no attribute production_name
no attribute j
Reference Isotope=Ar40
Reference Detector=H1
%%%%%%%%%%%%%%%%%%%% Comment: K:11 %%%%%%%%%%%%%%%%%%%
adding isotope PM41 H2
add baseline dbdet= PM41. original det= H2
get baseline data PM41 H2
Get data baseline <pychron.processing.isotope.Baseline object at 0x19612c7d0> len t=60
baseline PM41. v=-0.203778234393, e=0.00712995338389
get signal data PM41 H2
Get data signal PM41 0.14+/-0.07 len t=120
adding isotope Ar40 H1
add baseline dbdet= Ar40. original det= H1
get baseline data Ar40 H1
Get data baseline <pychron.processing.isotope.Baseline object at 0x197648090> len t=60
baseline Ar40. v=0.00346937835077, e=0.0063238934922
get signal data Ar40 H1
Get data signal Ar40 1989.10+/-0.10 len t=120
adding isotope Ar39 AX
add baseline dbdet= Ar39. original det= AX
get baseline data Ar39 AX
Get data baseline <pychron.processing.isotope.Baseline object at 0x197648890> len t=60
baseline Ar39. v=-0.0862259312864, e=0.00515871450482
get signal data Ar39 AX
Get data signal Ar39 242.950+/-0.027 len t=120
adding isotope Ar38 L1
add baseline dbdet= Ar38. original det= L1
get baseline data Ar38 L1
Get data baseline <pychron.processing.isotope.Baseline object at 0x197648ed0> len t=60
baseline Ar38. v=-0.0278095277457, e=0.00301646911924
get signal data Ar38 L1
Get data signal Ar38 3.123+/-0.005 len t=120
adding isotope Ar37 L2
add baseline dbdet= Ar37. original det= L2
get baseline data Ar37 L2
Get data baseline <pychron.processing.isotope.Baseline object at 0x197648fd0> len t=60
baseline Ar37. v=-0.0237825758181, e=0.00584557544307
get signal data Ar37 L2
Get data signal Ar37 0.552+/-0.010 len t=120
adding isotope Ar36 CDD
add baseline dbdet= Ar36. original det= CDD
get baseline data Ar36 CDD
Get data baseline <pychron.processing.isotope.Baseline object at 0x1976489d0> len t=60
baseline Ar36. v=0.000379606807934, e=3.15344894108e-05
get signal data Ar36 CDD
Get data signal Ar36 0.01664+/-0.00032 len t=120
25322-01 added analysis time 0.538242101669s
analysis added to mass spec database
mass spec save time= 0.551
persistence save - dvc
================= post measurement started
create new session 4982376208
close session 4982376208
---------------- Experiment Queue saving disabled
DVC saving peakcenter
Failed to find a valid peak. No peak greater than 1.0. max = 0.0258859178913
Smart pull ahead: 0 behind: 0
Up-to-date with origin
add to repo msg=modified - ad8224ebc6dbfeb9f5997218dfa5fe690569839d.json
add to repo msg=modified - 22-01.json
add to repo msg=modified - 22-01.dat.json
add to repo msg=modified - 22-01.blan.json
add to repo msg=modified - 22-01.inte.json
add to repo msg=modified - 22-01.icfa.json
add to repo msg=modified - 22-01.base.json
not at valid file /Users/jan/PychronDev/data/.dvc/repositories/Load1788/253/tags/22-01.tags.json
add to repo msg=modified - 22-01.peak.json
add to repo msg=modified - 22-01.extr.json
not at valid file /Users/jan/PychronDev/data/.dvc/repositories/Load1788/253/monitor/22-01.moni.json
commit message=<COLLECTION>
add to repo msg=modified - 22-01.inte.json
add to repo msg=modified - 22-01.base.json
commit message=<ISOEVO> default collection fits
add to repo msg=modified - 22-01.blan.json
commit message=<BLANKS> preceding bc-02-J-342
add to repo msg=modified - 22-01.icfa.json
commit message=<ICFactor> default
push repository <pychron.git_archive.repo_manager.GitRepoManager object at 0x19a627350>
pushing to remote=origin, url=https://github.com
no changes to meta repo
create new session 4982376208
add association Load1788
get identifier "25322"
setting analysis irradiation position=<pychron.dvc.dvc_orm.IrradiationPositionTbl object at 0x17a607910>
close session 4982376208
================= post measurement finished
17:15:42 -- ******* Post Run Check *******
loading queue conditionals post_run_actions
loading system conditionals post_run_actions
loading conditionals from /Users/jan/PychronDev/setupfiles/spectrometer/default_conditionals.yaml
loading queue conditionals post_run_terminations
loading system conditionals post_run_terminations
loading conditionals from /Users/jan/PychronDev/setupfiles/spectrometer/default_conditionals.yaml
Checking default post run terminations n=1
GetDeflection CDD ===>> 50
testing CDD==2000
evaluate ot="CDD.deflection==2000" t="CDD==2000", ctx="{'CDD': 50.0}"
17:15:42 -- ******* Post Run Check Passed *******
17:15:42 -- Automated run 25322-01 success duration: 364.725 s
----------------- finish -----------------
----------------- stop -----------------
retroactive repository identifiers disabled
finish run. runs completed=45
update duration runid=25322-01, duration=364.725110054, md5=301e91d8
loading script "jan_unknown120_60.py"
loading script "jan_pump_ms.py"
loading script "jan_co2.py"
loading script "jan_pump_extraction_line.py"
testing...
no interpolation path defined
executed snippet estimated_duration=213.652928, duration=0.000204086303711
script duration name:unknown120_60 seconds:214.0
loading script "jan_unknown120_60.py"
loading script "jan_pump_ms.py"
loading script "jan_co2.py"
loading script "jan_pump_extraction_line.py"
testing...
no interpolation path defined
executed snippet estimated_duration=0, duration=2.90870666504e-05
loading script "jan_unknown120_60.py"
loading script "jan_pump_ms.py"
loading script "jan_co2.py"
loading script "jan_pump_extraction_line.py"
testing...
no interpolation path defined
calculate duration
testing...
no interpolation path defined
executed snippet estimated_duration=0, duration=6.69956207275e-05
calculate duration
testing...
no interpolation path defined
executed snippet estimated_duration=0, duration=9.79900360107e-05
executed snippet estimated_duration=0.0, duration=0.00271010398865
script duration name:co2 seconds:0.0
loading script "jan_unknown120_60.py"
loading script "jan_pump_ms.py"
loading script "jan_co2.py"
loading script "jan_pump_extraction_line.py"
testing...
no interpolation path defined
calculate duration
testing...
no interpolation path defined
executed snippet estimated_duration=4.0, duration=0.00015115737915
executed snippet estimated_duration=4.0, duration=0.0042769908905
Script duration 214.0
Run total estimated duration= 215.000
unknown120_60 in script context. using previous estimated duration
script duration name:unknown120_60 seconds:214.0
pump_ms in script context. using previous estimated duration
co2 in script context. using previous estimated duration
script duration name:co2 seconds:0.0
pump_extraction_line in script context. using previous estimated duration
Script duration 214.0
Run total estimated duration= 215.000
script duration name:unknown120_60 seconds:214.0
script duration name:co2 seconds:0.0
Script duration 214.0
Run total estimated duration= 215.000
loading script "jan_unknown400_120.py"
loading script "jan_pump_ms.py"
loading script "jan_co2.py"
loading script "jan_pump_extraction_line.py"
testing...
no interpolation path defined
executed snippet estimated_duration=556.052928, duration=0.000204086303711
script duration name:unknown400_120 seconds:556.0
script duration name:co2 seconds:0.0
Script duration 556.0
Run total estimated duration= 557.000
unknown400_120 in script context. using previous estimated duration
script duration name:unknown400_120 seconds:556.0
loading script "jan_unknown400_120.py"
loading script "jan_pump_ms.py"
loading script "jan_sniffair_x2.py"
loading script "jan_pump_extraction_line.py"
testing...
no interpolation path defined
calculate duration
testing...
no interpolation path defined
executed snippet estimated_duration=0, duration=4.50611114502e-05
calculate duration
testing...
no interpolation path defined
executed snippet estimated_duration=0, duration=0.000123023986816
calculate duration
testing...
no interpolation path defined
executed snippet estimated_duration=32.0, duration=9.89437103271e-05
calculate duration
testing...
no interpolation path defined
executed snippet estimated_duration=34.0, duration=0.000103950500488
calculate duration
testing...
no interpolation path defined
executed snippet estimated_duration=4.0, duration=0.000102996826172
calculate duration
testing...
no interpolation path defined
executed snippet estimated_duration=36.0, duration=0.000123023986816
calculate duration
testing...
no interpolation path defined
executed snippet estimated_duration=34.0, duration=0.000236034393311
calculate duration
testing...
no interpolation path defined
executed snippet estimated_duration=4.0, duration=0.000100135803223
calculate duration
testing...
no interpolation path defined
executed snippet estimated_duration=36.0, duration=9.3936920166e-05
calculate duration
testing...
no interpolation path defined
executed snippet estimated_duration=70.0, duration=0.000176906585693
executed snippet estimated_duration=250.0, duration=0.0178740024567
script duration name:sniffair_x2 seconds:250.0
Script duration 806.0
Run total estimated duration= 807.000
script duration name:unknown400_120 seconds:556.0
sniffair_x2 in script context. using previous estimated duration
script duration name:sniffair_x2 seconds:250.0
Script duration 806.0
Run total estimated duration= 807.000
loading script "jan_ic_peak_hop3.py"
loading script "jan_pump_ms.py"
loading script "jan_sniffair_x1.py"
loading script "jan_pump_extraction_line.py"
testing...
no interpolation path defined
executed snippet estimated_duration=133.8, duration=0.00763297080994
script duration name:ic_peak_hop3 seconds:134.0
loading script "jan_ic_peak_hop3.py"
loading script "jan_pump_ms.py"
loading script "jan_sniffair_x1.py"
loading script "jan_pump_extraction_line.py"
testing...
no interpolation path defined
calculate duration
testing...
no interpolation path defined
executed snippet estimated_duration=0, duration=7.08103179932e-05
calculate duration
testing...
no interpolation path defined
executed snippet estimated_duration=0, duration=0.000107049942017
calculate duration
testing...
no interpolation path defined
executed snippet estimated_duration=32.0, duration=7.70092010498e-05
calculate duration
testing...
no interpolation path defined
executed snippet estimated_duration=34.0, duration=0.000113010406494
calculate duration
testing...
no interpolation path defined
executed snippet estimated_duration=4.0, duration=6.60419464111e-05
calculate duration
testing...
no interpolation path defined
executed snippet estimated_duration=70.0, duration=0.0001060962677
executed snippet estimated_duration=140.0, duration=0.0158171653748
script duration name:sniffair_x1 seconds:140.0
Script duration 274.0
Run total estimated duration= 275.000
script duration name:unknown120_60 seconds:214.0
script duration name:co2 seconds:0.0
Script duration 214.0
Run total estimated duration= 215.000
script duration name:unknown120_60 seconds:214.0
script duration name:co2 seconds:0.0
Script duration 214.0
Run total estimated duration= 215.000
script duration name:unknown120_60 seconds:214.0
script duration name:co2 seconds:0.0
Script duration 214.0
Run total estimated duration= 215.000
script duration name:unknown120_60 seconds:214.0
script duration name:co2 seconds:0.0
Script duration 214.0
Run total estimated duration= 215.000
script duration name:unknown120_60 seconds:214.0
script duration name:co2 seconds:0.0
Script duration 214.0
Run total estimated duration= 215.000
script duration name:unknown120_60 seconds:214.0
loading script "jan_unknown120_60.py"
loading script "jan_pump_ms.py"
loading script "jan_cocktail_x1.py"
loading script "jan_pump_extraction_line.py"
testing...
no interpolation path defined
calculate duration
testing...
no interpolation path defined
executed snippet estimated_duration=0, duration=4.88758087158e-05
calculate duration
testing...
no interpolation path defined
executed snippet estimated_duration=0, duration=0.000133991241455
calculate duration
testing...
no interpolation path defined
executed snippet estimated_duration=32.0, duration=0.0001540184021
calculate duration
testing...
no interpolation path defined
executed snippet estimated_duration=34.0, duration=9.89437103271e-05
calculate duration
testing...
no interpolation path defined
executed snippet estimated_duration=4.0, duration=6.29425048828e-05
calculate duration
testing...
no interpolation path defined
executed snippet estimated_duration=38.0, duration=0.000101089477539
executed snippet estimated_duration=108.0, duration=0.0136079788208
script duration name:cocktail_x1 seconds:108.0
Script duration 322.0
Run total estimated duration= 323.000
script duration name:unknown120_60 seconds:214.0
script duration name:co2 seconds:0.0
Script duration 214.0
Run total estimated duration= 215.000
script duration name:unknown120_60 seconds:214.0
script duration name:co2 seconds:0.0
Script duration 214.0
Run total estimated duration= 215.000
script duration name:unknown120_60 seconds:214.0
script duration name:co2 seconds:0.0
Script duration 214.0
Run total estimated duration= 215.000
script duration name:unknown120_60 seconds:214.0
script duration name:co2 seconds:0.0
Script duration 214.0
Run total estimated duration= 215.000
script duration name:unknown120_60 seconds:214.0
script duration name:co2 seconds:0.0
Script duration 214.0
Run total estimated duration= 215.000
script duration name:unknown400_120 seconds:556.0
script duration name:co2 seconds:0.0
Script duration 556.0
Run total estimated duration= 557.000
script duration name:unknown120_60 seconds:214.0
script duration name:co2 seconds:0.0
Script duration 214.0
Run total estimated duration= 215.000
script duration name:unknown400_120 seconds:556.0
cocktail_x1 in script context. using previous estimated duration
script duration name:cocktail_x1 seconds:108.0
Script duration 664.0
Run total estimated duration= 665.000
script duration name:unknown120_60 seconds:214.0
script duration name:co2 seconds:0.0
Script duration 214.0
Run total estimated duration= 215.000
script duration name:unknown120_60 seconds:214.0
script duration name:co2 seconds:0.0
Script duration 214.0
Run total estimated duration= 215.000
script duration name:unknown120_60 seconds:214.0
script duration name:co2 seconds:0.0
Script duration 214.0
Run total estimated duration= 215.000
script duration name:unknown120_60 seconds:214.0
script duration name:co2 seconds:0.0
Script duration 214.0
Run total estimated duration= 215.000
script duration name:unknown120_60 seconds:214.0
script duration name:co2 seconds:0.0
Script duration 214.0
Run total estimated duration= 215.000
script duration name:unknown120_60 seconds:214.0
script duration name:co2 seconds:0.0
Script duration 214.0
Run total estimated duration= 215.000
script duration name:unknown120_60 seconds:214.0
script duration name:co2 seconds:0.0
Script duration 214.0
Run total estimated duration= 215.000
script duration name:unknown120_60 seconds:214.0
script duration name:co2 seconds:0.0
Script duration 214.0
Run total estimated duration= 215.000
script duration name:unknown120_60 seconds:214.0
script duration name:co2 seconds:0.0
Script duration 214.0
Run total estimated duration= 215.000
script duration name:unknown400_120 seconds:556.0
script duration name:co2 seconds:0.0
Script duration 556.0
Run total estimated duration= 557.000
script duration name:unknown400_120 seconds:556.0
script duration name:sniffair_x2 seconds:250.0
Script duration 806.0
Run total estimated duration= 807.000
script duration name:unknown400_120 seconds:556.0
script duration name:sniffair_x2 seconds:250.0
Script duration 806.0
Run total estimated duration= 807.000
script duration name:unknown120_60 seconds:214.0
script duration name:cocktail_x1 seconds:108.0
Script duration 322.0
Run total estimated duration= 323.000
ic_peak_hop3 in script context. using previous estimated duration
script duration name:ic_peak_hop3 seconds:134.0
sniffair_x1 in script context. using previous estimated duration
script duration name:sniffair_x1 seconds:140.0
Script duration 274.0
Run total estimated duration= 275.000
script duration name:unknown120_60 seconds:214.0
script duration name:co2 seconds:0.0
Script duration 214.0
Run total estimated duration= 215.000
script duration name:unknown120_60 seconds:214.0
script duration name:co2 seconds:0.0
Script duration 214.0
Run total estimated duration= 215.000
script duration name:unknown120_60 seconds:214.0
script duration name:co2 seconds:0.0
Script duration 214.0
Run total estimated duration= 215.000
script duration name:unknown120_60 seconds:214.0
script duration name:co2 seconds:0.0
Script duration 214.0
Run total estimated duration= 215.000
script duration name:unknown120_60 seconds:214.0
script duration name:co2 seconds:0.0
Script duration 214.0
Run total estimated duration= 215.000
script duration name:unknown400_120 seconds:556.0
script duration name:cocktail_x1 seconds:108.0
Script duration 664.0
Run total estimated duration= 665.000
script duration name:unknown120_60 seconds:214.0
script duration name:co2 seconds:0.0
Script duration 214.0
Run total estimated duration= 215.000
script duration name:unknown120_60 seconds:214.0
script duration name:co2 seconds:0.0
Script duration 214.0
Run total estimated duration= 215.000
script duration name:unknown120_60 seconds:214.0
script duration name:co2 seconds:0.0
Script duration 214.0
Run total estimated duration= 215.000
script duration name:unknown120_60 seconds:214.0
script duration name:co2 seconds:0.0
Script duration 214.0
Run total estimated duration= 215.000
script duration name:unknown120_60 seconds:214.0
script duration name:co2 seconds:0.0
Script duration 214.0
Run total estimated duration= 215.000
script duration name:unknown400_120 seconds:556.0
script duration name:co2 seconds:0.0
Script duration 556.0
Run total estimated duration= 557.000
script duration name:unknown120_60 seconds:214.0
script duration name:co2 seconds:0.0
Script duration 214.0
Run total estimated duration= 215.000
script duration name:unknown120_60 seconds:214.0
script duration name:co2 seconds:0.0
Script duration 214.0
Run total estimated duration= 215.000
script duration name:unknown120_60 seconds:214.0
script duration name:co2 seconds:0.0
Script duration 214.0
Run total estimated duration= 215.000
script duration name:unknown120_60 seconds:214.0
script duration name:co2 seconds:0.0
Script duration 214.0
Run total estimated duration= 215.000
script duration name:unknown120_60 seconds:214.0
script duration name:co2 seconds:0.0
Script duration 214.0
Run total estimated duration= 215.000
script duration name:unknown120_60 seconds:214.0
script duration name:cocktail_x1 seconds:108.0
Script duration 322.0
Run total estimated duration= 323.000
script duration name:unknown120_60 seconds:214.0
script duration name:co2 seconds:0.0
Script duration 214.0
Run total estimated duration= 215.000
script duration name:unknown120_60 seconds:214.0
script duration name:co2 seconds:0.0
Script duration 214.0
Run total estimated duration= 215.000
script duration name:unknown120_60 seconds:214.0
script duration name:co2 seconds:0.0
Script duration 214.0
Run total estimated duration= 215.000
script duration name:unknown120_60 seconds:214.0
script duration name:co2 seconds:0.0
Script duration 214.0
Run total estimated duration= 215.000
script duration name:unknown120_60 seconds:214.0
script duration name:co2 seconds:0.0
Script duration 214.0
Run total estimated duration= 215.000
script duration name:unknown400_120 seconds:556.0
script duration name:co2 seconds:0.0
Script duration 556.0
Run total estimated duration= 557.000
script duration name:unknown400_120 seconds:556.0
script duration name:sniffair_x2 seconds:250.0
Script duration 806.0
Run total estimated duration= 807.000
script duration name:unknown400_120 seconds:556.0
script duration name:cocktail_x1 seconds:108.0
Script duration 664.0
Run total estimated duration= 665.000
script duration name:unknown400_120 seconds:556.0
script duration name:sniffair_x2 seconds:250.0
Script duration 806.0
Run total estimated duration= 807.000
script duration name:ic_peak_hop3 seconds:134.0
script duration name:sniffair_x1 seconds:140.0
Script duration 274.0
Run total estimated duration= 275.000
script duration name:unknown120_60 seconds:214.0
script duration name:co2 seconds:0.0
Script duration 214.0
Run total estimated duration= 215.000
script duration name:unknown120_60 seconds:214.0
script duration name:co2 seconds:0.0
Script duration 214.0
Run total estimated duration= 215.000
script duration name:unknown120_60 seconds:214.0
script duration name:co2 seconds:0.0
Script duration 214.0
Run total estimated duration= 215.000
script duration name:unknown120_60 seconds:214.0
script duration name:co2 seconds:0.0
Script duration 214.0
Run total estimated duration= 215.000
script duration name:unknown120_60 seconds:214.0
script duration name:co2 seconds:0.0
Script duration 214.0
Run total estimated duration= 215.000
script duration name:unknown120_60 seconds:214.0
script duration name:co2 seconds:0.0
Script duration 214.0
Run total estimated duration= 215.000
script duration name:unknown120_60 seconds:214.0
script duration name:co2 seconds:0.0
Script duration 214.0
Run total estimated duration= 215.000
script duration name:unknown120_60 seconds:214.0
script duration name:co2 seconds:0.0
Script duration 214.0
Run total estimated duration= 215.000
script duration name:unknown120_60 seconds:214.0
script duration name:co2 seconds:0.0
Script duration 214.0
Run total estimated duration= 215.000
script duration name:unknown120_60 seconds:214.0
script duration name:co2 seconds:0.0
Script duration 214.0
Run total estimated duration= 215.000
script duration name:unknown400_120 seconds:556.0
script duration name:co2 seconds:0.0
Script duration 556.0
Run total estimated duration= 557.000
script duration name:unknown120_60 seconds:214.0
script duration name:cocktail_x1 seconds:108.0
Script duration 322.0
Run total estimated duration= 323.000
script duration name:unknown120_60 seconds:214.0
script duration name:co2 seconds:0.0
Script duration 214.0
Run total estimated duration= 215.000
script duration name:unknown120_60 seconds:214.0
script duration name:co2 seconds:0.0
Script duration 214.0
Run total estimated duration= 215.000
script duration name:unknown120_60 seconds:214.0
script duration name:co2 seconds:0.0
Script duration 214.0
Run total estimated duration= 215.000
script duration name:unknown120_60 seconds:214.0
script duration name:co2 seconds:0.0
Script duration 214.0
Run total estimated duration= 215.000
script duration name:unknown400_120 seconds:556.0
script duration name:cocktail_x1 seconds:108.0
Script duration 664.0
Run total estimated duration= 665.000
script duration name:unknown120_60 seconds:214.0
script duration name:co2 seconds:0.0
Script duration 214.0
Run total estimated duration= 215.000
script duration name:unknown120_60 seconds:214.0
script duration name:co2 seconds:0.0
Script duration 214.0
Run total estimated duration= 215.000
script duration name:unknown120_60 seconds:214.0
script duration name:co2 seconds:0.0
Script duration 214.0
Run total estimated duration= 215.000
script duration name:unknown120_60 seconds:214.0
script duration name:co2 seconds:0.0
Script duration 214.0
Run total estimated duration= 215.000
script duration name:unknown120_60 seconds:214.0
script duration name:co2 seconds:0.0
Script duration 214.0
Run total estimated duration= 215.000
script duration name:unknown120_60 seconds:214.0
script duration name:co2 seconds:0.0
Script duration 214.0
Run total estimated duration= 215.000
script duration name:unknown400_120 seconds:556.0
script duration name:co2 seconds:0.0
Script duration 556.0
Run total estimated duration= 557.000
script duration name:unknown400_120 seconds:556.0
script duration name:sniffair_x2 seconds:250.0
Script duration 806.0
Run total estimated duration= 807.000
script duration name:unknown400_120 seconds:556.0
script duration name:sniffair_x2 seconds:250.0
Script duration 806.0
Run total estimated duration= 807.000
script duration name:ic_peak_hop3 seconds:134.0
script duration name:sniffair_x1 seconds:140.0
Script duration 274.0
Run total estimated duration= 275.000
script duration name:unknown120_60 seconds:214.0
script duration name:co2 seconds:0.0
Script duration 214.0
Run total estimated duration= 215.000
script duration name:unknown120_60 seconds:214.0
script duration name:co2 seconds:0.0
Script duration 214.0
Run total estimated duration= 215.000
nruns=92 before=5.0, run_dur=29382.0, btw=4095.0
write rem/ex queues
/Users/jan/PychronDev/experiments/rem/CurrentExperiment.rem.txt
/Users/jan/PychronDev/experiments/rem/CurrentExperiment.ex.txt
doing event level: 3
