do run
loading script "jan_unknown120_60.py"
loading script "jan_pump_ms.py"
loading script "jan_co2.py"
loading script "jan_pump_extraction_line.py"
testing...
no interpolation path defined
executed snippet estimated_duration=213.652928, duration=0.000191926956177
script duration name:unknown120_60 seconds:214.0
loading script "jan_unknown120_60.py"
loading script "jan_pump_ms.py"
loading script "jan_co2.py"
loading script "jan_pump_extraction_line.py"
testing...
no interpolation path defined
executed snippet estimated_duration=0, duration=1.90734863281e-05
loading script "jan_unknown120_60.py"
loading script "jan_pump_ms.py"
loading script "jan_co2.py"
loading script "jan_pump_extraction_line.py"
testing...
no interpolation path defined
calculate duration
testing...
no interpolation path defined
executed snippet estimated_duration=0, duration=4.60147857666e-05
calculate duration
testing...
no interpolation path defined
executed snippet estimated_duration=0, duration=7.20024108887e-05
executed snippet estimated_duration=0.0, duration=0.00159406661987
script duration name:co2 seconds:0.0
loading script "jan_unknown120_60.py"
loading script "jan_pump_ms.py"
loading script "jan_co2.py"
loading script "jan_pump_extraction_line.py"
testing...
no interpolation path defined
calculate duration
testing...
no interpolation path defined
executed snippet estimated_duration=4.0, duration=0.000111103057861
executed snippet estimated_duration=4.0, duration=0.000888109207153
Script duration 214.0
Run total estimated duration= 215.000
run duration: 0:03:35
doing event level: 2
18:30:12 -- Setting default integration. t=1.048576
setting integration time = 1.048576
SetIntegrationTime 1.048576 ===>> OK
----------------- start -----------------
**************** Experiment Type: Ar/Ar, Ar/Ar
create new session 4419362736
close session 4419362736
$$$$$ Clearing conditionals
adding conditionals 
Add queue conditionals
add default conditionals
adding default conditionals from /Users/jan/PychronDev/setupfiles/spectrometer/default_conditionals.yaml
Start automated run 25322-05
loading script "jan_unknown120_60.py"
loading script "jan_pump_ms.py"
loading script "jan_co2.py"
loading script "jan_pump_extraction_line.py"
%%%%%%%%%%%%%%%%%% setting automated run 25322-05
No value "sensitivity_multiplier" in metadata
$$$$$$$$$$$$$$$ auto_save_detector_ic=False
============================= Pre Extraction Check =============================
loading queue conditionals pre_run_terminations
loading system conditionals pre_run_terminations
loading conditionals from /Users/jan/PychronDev/setupfiles/spectrometer/default_conditionals.yaml
18:30:12 -- ******* Pre Extraction Check *******
Get a measurement from the spectrometer
GetData ===>> H2,-0.353973933200993,H1,-0.0976023623517229,AX,-0.036975858745999,L1,-0.0567761150256245,L2,0.02...
Pre Extraction Termination data. keys=H2,H1,AX,L1,L2,CDD, signals=-0.35397,-0.09760,-0.03698,-0.05678,0.02076,0.00000
18:30:12 -- testing system defined conditionals
Checking default pre extraction terminations n=2
testing CDD
evaluate ot="CDD.inactive" t="CDD", ctx="{'CDD': False}"
GetDeflection CDD ===>> 50
testing CDD==2000
evaluate ot="CDD.deflection==2000" t="CDD==2000", ctx="{'CDD': 50.0}"
18:30:12 -- ******* Pre Extraction Check Passed *******
=================================================================================
18:30:12 -- stopping status monitor
stop 4976433200
Alive clients [4982646160]
18:30:12 -- starting status monitor
start 4976433200
Monitor already running
start extraction
do extraction
Analysis started at 18:30:12.194439
Extraction Started jan_co2.py
18:30:12 -- ******* Extraction Started jan_co2.py *******
state changed from not run to extraction
DO EXTRACTION <pychron.extraction_line.pyscript_runner.RemotePyScriptRunner object at 0x12b9a8890>
testing...
no interpolation path defined
calculate duration
testing...
no interpolation path defined
executed snippet estimated_duration=0, duration=4.31537628174e-05
calculate duration
testing...
no interpolation path defined
executed snippet estimated_duration=0, duration=7.9870223999e-05
executed snippet estimated_duration=100.0, duration=0.00286102294922
Jan CO2 laser analysis
doing GOSUB
testing...
no interpolation path defined
executed snippet estimated_duration=0, duration=4.2200088501e-05
Waiting for CO2 access
wait ('FelixCO2Flag', 0) {}
waiting for FelixCO2Flag = 0
Read FelixCO2Flag ===>> 0
finished waiting
CO2 free
wait ('CO2PumpTimeFlag', 0) {}
waiting for CO2PumpTimeFlag = 0
Read CO2PumpTimeFlag ===>> 0
finished waiting
acquire ('JanCO2Flag',) {'clear': True}
acquire JanCO2Flag
Set JanCO2Flag 1 ===>> OK
JanCO2Flag acquired
set extraction state False (0.75, 'red', 1.5)
CO2 acquired
executed snippet estimated_duration=0, duration=0.0187168121338
WaitForCO2Access.py completed successfully
gosub finished
doing GOSUB
testing...
no interpolation path defined
executed snippet estimated_duration=0, duration=0.00014591217041
Prepare for CO2 analysis
close () {'description': 'Jan Inlet'}
closing name=--- desc=Jan Inlet
checking ownership. requestor=129.138.12.150
check software interlocks R
interlocks []
actuate state mode=None-script, software_lock=False
doing actuation None-script close_channel False
Close R ===>> OK
GetIndicatorState R ===>> False
change switch state (True, True)
update switch state R False args=() kw={} ncanvase=2
18:30:12 -- CLOSE  VALVE-R (Jan Inlet)
---------------------------------------- close None (Jan Inlet) result=[(True, True)]
action=close, ok=True, locked=[False]
open () {'description': 'Jan Ion Pump'}
opening name=--- desc=Jan Ion Pump
checking ownership. requestor=129.138.12.150
check software interlocks O
interlocks []
actuate state mode=None-script, software_lock=False
doing actuation None-script open_channel False
Open O ===>> OK
GetIndicatorState O ===>> OK
change switch state (True, True)
update switch state O True args=() kw={} ncanvase=2
18:30:12 -- OPEN   VALVE-O (Jan Ion Pump)
---------------------------------------- open None (Jan Ion Pump) result=[(True, True)], time=0.08 sec
action=open, ok=True, locked=[False]
close () {'description': 'Microbone to Minibone'}
closing name=--- desc=Microbone to Minibone
checking ownership. requestor=129.138.12.150
check software interlocks L
interlocks []
actuate state mode=None-script, software_lock=False
doing actuation None-script close_channel False
Close L ===>> OK
GetIndicatorState L ===>> False
change switch state (True, True)
update switch state L False args=() kw={} ncanvase=2
18:30:13 -- CLOSE  VALVE-L (Microbone to Minibone)
---------------------------------------- close None (Microbone to Minibone) result=[(True, True)]
action=close, ok=True, locked=[False]
open () {'description': 'Microbone to Turbo'}
opening name=--- desc=Microbone to Turbo
checking ownership. requestor=129.138.12.150
check software interlocks U
interlocks []
actuate state mode=None-script, software_lock=False
doing actuation None-script open_channel False
Open U ===>> OK
GetIndicatorState U ===>> OK
change switch state (True, True)
update switch state U True args=() kw={} ncanvase=2
18:30:14 -- OPEN   VALVE-U (Microbone to Turbo)
---------------------------------------- open None (Microbone to Turbo) result=[(True, True)], time=0.13 sec
action=open, ok=True, locked=[False]
open () {'description': 'Microbone to Inlet Pipette'}
opening name=--- desc=Microbone to Inlet Pipette
checking ownership. requestor=129.138.12.150
check software interlocks S
interlocks []
actuate state mode=None-script, software_lock=False
doing actuation None-script open_channel False
Open S ===>> OK
GetIndicatorState S ===>> OK
change switch state (True, True)
update switch state S True args=() kw={} ncanvase=2
18:30:14 -- OPEN   VALVE-S (Microbone to Inlet Pipette)
---------------------------------------- open None (Microbone to Inlet Pipette) result=[(True, True)], time=0.41 sec
action=open, ok=True, locked=[False]
open () {'description': 'Microbone to Getter D-50'}
opening name=--- desc=Microbone to Getter D-50
checking ownership. requestor=129.138.12.150
check software interlocks K
interlocks []
actuate state mode=None-script, software_lock=False
doing actuation None-script open_channel False
Open K ===>> OK
GetIndicatorState K ===>> OK
change switch state (True, True)
update switch state K True args=() kw={} ncanvase=2
18:30:15 -- OPEN   VALVE-K (Microbone to Getter D-50)
---------------------------------------- open None (Microbone to Getter D-50) result=[(True, True)], time=0.42 sec
action=open, ok=True, locked=[False]
open () {'description': 'Microbone to Getter NP-10'}
opening name=--- desc=Microbone to Getter NP-10
checking ownership. requestor=129.138.12.150
check software interlocks M
interlocks []
actuate state mode=None-script, software_lock=False
doing actuation None-script open_channel False
Open M ===>> OK
GetIndicatorState M ===>> OK
change switch state (True, True)
update switch state M True args=() kw={} ncanvase=2
18:30:15 -- OPEN   VALVE-M (Microbone to Getter NP-10)
---------------------------------------- open None (Microbone to Getter NP-10) result=[(True, True)], time=0.13 sec
action=open, ok=True, locked=[False]
close () {'description': 'CO2 Laser to Felix'}
closing name=--- desc=CO2 Laser to Felix
checking ownership. requestor=129.138.12.150
check software interlocks F
interlocks []
actuate state mode=None-script, software_lock=True
VALVE-F(CO2 Laser to Felix) software locked
change switch state (True, False)
---------------------------------------- close None (CO2 Laser to Felix) result=[(True, False)]
action=close, ok=True, locked=[True]
open () {'description': 'CO2 Laser to Jan'}
opening name=--- desc=CO2 Laser to Jan
checking ownership. requestor=129.138.12.150
check software interlocks A
interlocks []
actuate state mode=None-script, software_lock=False
doing actuation None-script open_channel False
Open A ===>> OK
GetIndicatorState A ===>> OK
change switch state (True, True)
update switch state A True args=() kw={} ncanvase=2
18:30:16 -- OPEN   VALVE-A (CO2 Laser to Jan)
---------------------------------------- open None (CO2 Laser to Jan) result=[(True, True)], time=0.12 sec
action=open, ok=True, locked=[False]
open () {'description': 'Microbone to CO2 Laser'}
opening name=--- desc=Microbone to CO2 Laser
checking ownership. requestor=129.138.12.150
check software interlocks T
interlocks []
actuate state mode=None-script, software_lock=False
doing actuation None-script open_channel False
Open T ===>> OK
GetIndicatorState T ===>> OK
change switch state (True, True)
update switch state T True args=() kw={} ncanvase=2
18:30:16 -- OPEN   VALVE-T (Microbone to CO2 Laser)
---------------------------------------- open None (Microbone to CO2 Laser) result=[(True, True)], time=0.41 sec
action=open, ok=True, locked=[False]
executed snippet estimated_duration=0, duration=4.85198903084
PrepareForCO2Analysis.py completed successfully
gosub finished
set_motor ('beam', '1.25') {}
setting motor "beam" to 1.25
set motor beam to 1.25
SetMotor beam,1.25 ===>> OK
GetMotorMoving beam ===>> False
GetMotorMoving beam ===>> False
Block completed
move_to_position ('161',) {'autocenter': True}
FusionsCO2 move to position 161
sending GoToHole 161,True
GoToHole 161,True ===>> OK
GetDriveMoving ===>> OK
GetDriveMoving ===>> OK
GetDriveMoving ===>> OK
GetDriveMoving ===>> OK
GetDriveMoving ===>> OK
GetDriveMoving ===>> OK
GetDriveMoving ===>> OK
GetDriveMoving ===>> False
GetDriveMoving ===>> OK
GetDriveMoving ===>> OK
GetDriveMoving ===>> OK
GetDriveMoving ===>> OK
GetDriveMoving ===>> False
Block completed
GetAutoCorrecting ===>> False
GetAutoCorrecting ===>> False
Block completed
update position
GetPosition ===>> 0.00000,-5.98170,1.00000
got position (0.0, -5.9817, 1.0)
move to position succeeded
sleep (5,) {}
SLEEP 5.0
block started
WaitControl setup for 5.0  
Join finished
block finished. duration 5.01340889931
close () {'description': 'Microbone to Turbo'}
closing name=--- desc=Microbone to Turbo
checking ownership. requestor=129.138.12.150
check software interlocks U
interlocks []
actuate state mode=None-script, software_lock=False
doing actuation None-script close_channel True
Close U ===>> OK
GetIndicatorState U ===>> False
change switch state (True, True)
update switch state U False args=() kw={} ncanvase=2
18:30:28 -- CLOSE  VALVE-U (Microbone to Turbo)
---------------------------------------- close None (Microbone to Turbo) result=[(True, True)]
action=close, ok=True, locked=[False]
enable laser
enable () {}
set extraction state FusionsCO2 Enabled (False, 'red', 1.5)
enabling laser
Enable ===>> OK
begin interval
BEGIN INTERVAL Interval 1 waiting for 30.0
block started
set extract to 5.0
WaitControl setup for 30.0  
extract (5.0,) {}
GetPosition ===>> 0.00000,-5.98170,1.00000
set extraction state FusionsCO2 ON! 5.0(watts) (0.75, 'red', 1.5)
extract sample to 5.0 (watts)
set laser output
SetLaserOutput 5.0,watts ===>> OK
executing pattern triangle.lp
execute_pattern ('triangle.lp',) {}
executing pattern triangle.lp
IsPatterning ===>> OK
IsPatterning ===>> OK
IsPatterning ===>> OK
IsPatterning ===>> OK
IsPatterning ===>> OK
IsPatterning ===>> OK
IsPatterning ===>> OK
IsPatterning ===>> OK
IsPatterning ===>> OK
IsPatterning ===>> OK
IsPatterning ===>> OK
IsPatterning ===>> OK
IsPatterning ===>> OK
IsPatterning ===>> OK
IsPatterning ===>> OK
IsPatterning ===>> OK
IsPatterning ===>> OK
IsPatterning ===>> OK
IsPatterning ===>> OK
IsPatterning ===>> OK
IsPatterning ===>> OK
IsPatterning ===>> OK
IsPatterning ===>> OK
IsPatterning ===>> OK
IsPatterning ===>> OK
IsPatterning ===>> OK
IsPatterning ===>> False
IsPatterning ===>> False
Block completed
COMPLETE INTERVAL waiting for Interval 1 to complete
Join finished
block finished. duration 30.0761609077
Interval 1 finished
end_extract () {}
ending extraction. set laser power to 0
set laser power 0
SetLaserPower 0 ===>> OK
disable () {}
%%%%%%%%%%%%%%%%%%%%%%%%%%%%%%%%%%% disable
set extraction state False (0.75, 'red', 1.5)
disabling laser
Disable ===>> OK
sleep (30.0,) {}
SLEEP 30.0
block started
WaitControl setup for 30.0  
Join finished
block finished. duration 30.0784981251
executed snippet estimated_duration=166.5, duration=77.2042489052
jan_co2.py completed successfully
GetAchievedOutput ===>> No Response
Requested Output= 0.000
Achieved Output=  0.000
GetResponseBlob ===>> No Response
GetOutputBlob ===>> No Response
persistence save...
persistence save - db
AutomatedRunPersister post_extraction_save deprecated
persistence save - dvc
no extraction position for 161
create new session 4982376208
close session 4982376208
Extraction Finished
18:31:29 -- ******* Extraction Finished *******
no overlap. not waiting for min ms pumptime
18:31:29 -- Sending spectrometer configuration
======== Sending configuration ========
SetDeflection CDD,50.0 ===>> OK
SetDeflection H2,0.0 ===>> OK
SetDeflection H1,0.0 ===>> OK
SetDeflection L2,825.0 ===>> OK
SetDeflection L1,400.0 ===>> OK
SetDeflection AX,190.0 ===>> OK
SetZFocus 74.64 ===>> OK
SetZSymmetry -50.72 ===>> OK
SetExtractionLens 26.13 ===>> OK
SetIonRepeller -3.81 ===>> OK
SetElectronEnergy 75.08 ===>> OK
SetYSymmetry -2.81 ===>> OK
SetIonCounterVoltage 1590.0 ===>> OK
send trap current 200.0
GetParameter Trap Current Readback ===>> 198.370811206739
SetParameter Trap Current Set,200.0 ===>> OK
updating mftable name mftable
Using mftable located at /Users/jan/PychronDev/setupfiles/spectrometer/mftables/mftable.csv
============ MFtable ===========
Isotope  H2     H1     AX     L1     L2     CDD    
Ar40     5.8007 5.8792 5.9927 6.1406 6.2312 6.3688
Ar39     5.6999 5.7715 5.8851 6.0267 6.1163 6.2553
Ar36     5.3774 5.4405 5.5485 5.6855 5.7713 5.9064
================================
get initial guess parabolic
get initial guess parabolic
get initial guess parabolic
get initial guess parabolic
get initial guess parabolic
get initial guess parabolic
======== Configuration Finished ========
GetYSymmetry ===>> -2.81
GetZSymmetry ===>> -50.72
GetParameter Trap Current Readback ===>> 198.035158395898
GetHighVoltage ===>> 4500
start measurement
do measurement
L#=25322 analysis type=unknown
Measurement Started jan_unknown120_60.py
18:31:29 -- ******* Measurement Started jan_unknown120_60.py *******
state changed from extraction to measurement
setting spec, defl, and gains
GetExtractionLens ===>> 26.13
GetYSymmetry ===>> -2.81
GetZSymmetry ===>> -50.72
GetZFocus ===>> 74.64
GetDeflection H2 ===>> 0
GetDeflection H1 ===>> 0
GetDeflection AX ===>> 190
GetDeflection L1 ===>> 400
GetDeflection L2 ===>> 825
GetDeflection CDD ===>> 50
GetGain H2 ===>> 0.0113
GetGain H1 ===>> 0.1
GetGain AX ===>> 0.097049
GetGain L1 ===>> 0.010355
GetGain L2 ===>> 0.095649
GetGain CDD ===>> 0
pre measurement save
New frame /Users/jan/PychronDev/data/isotopes/de/1ebbc4-db95-4324-af5f-ca05803ed9eb.h5
flush and close file /Users/jan/PychronDev/data/isotopes/de/1ebbc4-db95-4324-af5f-ca05803ed9eb.h5
testing...
no interpolation path defined
executed snippet estimated_duration=226.132928, duration=0.000232934951782
unknown measurement script
activate_detectors ('H2', 'H1', 'AX', 'L1', 'L2', 'CDD') {}
activate detectors
*************** Set Analysis View Ar/Ar
create graphs
clearing graphs
clear isotope group
setting isotope det=H2, iso=PM41
setting isotope det=H1, iso=Ar40
setting isotope det=AX, iso=Ar39
setting isotope det=L1, iso=Ar38
setting isotope det=L2, iso=Ar37
setting isotope det=CDD, iso=Ar36
setting previous blanks
 - setting Ar40 blank 0.104+/-0.007
 - setting Ar36 blank 0.00443+/-0.00017
 - setting Ar37 blank 0.042+/-0.005
 - setting Ar38 blank 0.0042+/-0.0023
 - setting PM41 blank 0.03+/-0.06
 - setting Ar39 blank 0.024+/-0.009
load analysis view
position_magnet ('Ar40',) {'detector': 'H1'}
detector Detector(H1)
POSITION Ar40 H1
setting detector H2 to PM41 (40.9624)
setting detector H1 to Ar40 (39.9624)
setting detector AX to Ar39 (38.9624)
setting detector L1 to Ar38 (37.9624)
setting detector L2 to Ar37 (36.9624)
setting detector CDD to Ar36 (35.9624)
Mapping mass to dac mass func: "parabolic"
H1 map mass coeffs = [-0.00063987  0.15840543  0.57081999]
H1 map mass to dac 39.9624 >> 5.87921
GetDeflection H1 ===>> 0
GetHighVoltage ===>> 4500
positioning Ar40 (5.87921) on H1
setting magnet DAC
current  : 5.301530
requested: 5.879210
Delta Dac: 0.577680
Checking detector protection. dv=0.57768
Checking detector "CDD". Protection Threshold: 0.1 (V)
ProtectDetector CDD,On ===>> OK
GetDeflection CDD ===>> 2000
Protected = 2000
SetMagnetDAC 5.87921 ===>> OK
Magnet settling time: 0.500
GetMagnetMoving ===>> True
GetMagnetMoving ===>> True
GetMagnetMoving ===>> True
GetMagnetMoving ===>> True
GetMagnetMoving ===>> True
GetMagnetMoving ===>> True
GetMagnetMoving ===>> True
GetMagnetMoving ===>> True
GetMagnetMoving ===>> False
ProtectDetector CDD,Off ===>> OK
GetDeflection CDD ===>> 50
update labels <pychron.experiment.plot_panel.PlotPanel object at 0x19d6637d0>
update labels "<pychron.graph.stacked_regression_graph.StackedRegressionGraph object at 0x1a0882b90>"
setting label 0 H2 PM41
setting label 1 H1 Ar40
setting label 2 AX Ar39
setting label 3 L1 Ar38
setting label 4 L2 Ar37
setting label 5 CDD Ar36
update labels "<pychron.graph.stacked_graph.StackedGraph object at 0x18a565e90>"
setting label 0 H2 PM41
setting label 1 H1 Ar40
setting label 2 AX Ar39
setting label 3 L1 Ar38
setting label 4 L2 Ar37
setting label 5 CDD Ar36
equilibrate () {'delay': 3, 'inlet': 'R', 'outlet': 'O', 'eqtime': 12.0}
Equilibration Started
18:31:32 -- ******* Equilibration Started *******
checking ownership. requestor=129.138.12.150
check software interlocks O
interlocks []
actuate state mode=None-script, software_lock=False
doing actuation None-script close_channel True
Close O ===>> OK
GetIndicatorState O ===>> False
change switch state (True, True)
update switch state O False args=() kw={} ncanvase=2
18:31:32 -- CLOSE  VALVE-O (Jan Ion Pump)
waiting 3s before opening inlet value ('R',)
checking ownership. requestor=129.138.12.150
check software interlocks R
interlocks []
actuate state mode=None-script, software_lock=False
doing actuation None-script open_channel True
Open R ===>> OK
set states for children of R. state=True
handle state [('R', True)]
update switch state R True args=() kw={'refresh': False} ncanvase=2
refresh_canvas_needed fired
GetIndicatorState R ===>> OK
change switch state (True, True)
update switch state R True args=() kw={} ncanvase=2
18:31:36 -- OPEN   VALVE-R (Jan Inlet)
set_time_zero () {}
equilibrating for 12.0sec
sniff (12.0,) {}
py_sniff
build tables- sniff [Detector(H2), Detector(H1), Detector(AX), Detector(L1), Detector(L2), Detector(CDD)]
add group /sniff/PM41 (Group) '' table H2
add group /sniff/Ar40 (Group) '' table H1
add group /sniff/Ar39 (Group) '' table AX
add group /sniff/Ar38 (Group) '' table L1
add group /sniff/Ar37 (Group) '' table L2
add group /sniff/Ar36 (Group) '' table CDD
flush and close file /Users/jan/PychronDev/data/isotopes/de/1ebbc4-db95-4324-af5f-ca05803ed9eb.h5
measuring sniff. ncounts=12.0
"sniff" increment series count="1" fit count="0" regressing="False"
starting measurement
GetData ===>> H2,-0.177042640874947,H1,0.204503428602165,AX,-0.0159029658682169,L1,-0.0250005311385317,L2,-0.02...
GetData ===>> H2,0.539454162680227,H1,522.021450770921,AX,69.0305585402754,L1,0.33319185641623,L2,0.37215879846...
GetData ===>> H2,0.830447273951427,H1,1271.25184937859,AX,161.948377673809,L1,1.19338498919133,L2,0.53206859448...
GetData ===>> H2,0.354746642415993,H1,1522.68583854788,AX,189.318552344533,L1,1.75301600439999,L2,0.48830762831...
GetData ===>> H2,0.14270453704873,H1,1608.51358929477,AX,197.617975480581,L1,2.12176220265896,L2,0.602139130714...
GetData ===>> H2,0.0966910048987884,H1,1642.37232995772,AX,201.031759502652,L1,2.33588923427384,L2,0.5524476799...
GetData ===>> H2,0.0349019285841122,H1,1656.04495643913,AX,202.401663781701,L1,2.44184940125921,L2,0.4475125186...
GetData ===>> H2,-0.0686963341720904,H1,1662.67598646258,AX,202.845841497584,L1,2.48509353853133,L2,0.425369123...
GetData ===>> H2,-0.0566353479321442,H1,1664.76058439755,AX,203.031644248883,L1,2.51399593174358,L2,0.418959015...
GetData ===>> H2,0.0468235720298914,H1,1665.76638890852,AX,202.907846611677,L1,2.53077310283892,L2,0.4717453705...
GetData ===>> H2,0.0563394115480956,H1,1665.71334603437,AX,203.087964908126,L1,2.57464769055147,L2,0.3442175034...
Equilibration Finished
18:31:48 -- ******* Equilibration Finished *******
checking ownership. requestor=129.138.12.150
check software interlocks R
interlocks []
actuate state mode=None-script, software_lock=False
doing actuation None-script close_channel True
GetData ===>> H2,0.0550482714142967,H1,1665.68632133362,AX,203.26122437664,L1,2.60964090304159,L2,0.41974740164...
Close R ===>> OK
GetIndicatorState R ===>> False
change switch state (True, True)
update switch state R False args=() kw={} ncanvase=2
18:31:49 -- CLOSE  VALVE-R (Jan Inlet)
Post Equilibration Started jan_pump_extraction_line.py
18:31:49 -- ******* Post Equilibration Started jan_pump_extraction_line.py *******
testing...
no interpolation path defined
calculate duration
testing...
no interpolation path defined
executed snippet estimated_duration=4.0, duration=0.000169038772583
executed snippet estimated_duration=4.0, duration=0.012631893158
Pump after analysis
doing GOSUB
testing...
no interpolation path defined
executed snippet estimated_duration=4.0, duration=0.000211000442505
Pump Microbone
close () {'description': 'Jan Inlet'}
closing name=--- desc=Jan Inlet
checking ownership. requestor=129.138.12.150
check software interlocks R
interlocks []
actuate state mode=None-script, software_lock=False
doing actuation None-script close_channel False
measurement finished
estimated time: 12.583 actual time: :12.660
flush and close file /Users/jan/PychronDev/data/isotopes/de/1ebbc4-db95-4324-af5f-ca05803ed9eb.h5
set_fits () {}
Close R ===>> OK
using default fits file=/Users/jan/PychronDev/scripts/measurement/fits/nominal_linear.yaml
set "Ar40" to "('Linear', 'SEM')"
No fit for "PM41". defaulting to linear. check the measurement script "jan_unknown120_60.py"
set "PM41" to "linear"
set "Ar36" to "('Linear', 'SEM')"
set "Ar37" to "('linear', 'SEM')"
set "Ar38" to "('linear', 'SEM')"
set "Ar39" to "('Linear', 'SEM')"
set_baseline_fits () {}
using default fits file=/Users/jan/PychronDev/scripts/measurement/fits/nominal_linear.yaml
set "H1" to "('average', 'SEM')"
set "H2" to "('average', 'SEM')"
set "CDD" to "('average', 'SEM')"
set "L2" to "('average', 'SEM')"
set "L1" to "('average', 'SEM')"
set "AX" to "('average', 'SEM')"
multicollect () {'integration_time': 1, 'ncounts': 120}
build tables- signal [Detector(H2), Detector(H1), Detector(AX), Detector(L1), Detector(L2), Detector(CDD)]
add group /signal/PM41 (Group) '' table H2
add group /signal/Ar40 (Group) '' table H1
add group /signal/Ar39 (Group) '' table AX
add group /signal/Ar38 (Group) '' table L1
add group /signal/Ar37 (Group) '' table L2
add group /signal/Ar36 (Group) '' table CDD
flush and close file /Users/jan/PychronDev/data/isotopes/de/1ebbc4-db95-4324-af5f-ca05803ed9eb.h5
measuring signal. ncounts=120
GetIndicatorState R ===>> False
change switch state (True, True)
update switch state R False args=() kw={} ncanvase=2
18:31:49 -- CLOSE  VALVE-R (Jan Inlet)
---------------------------------------- close None (Jan Inlet) result=[(True, True)]
"signal" increment series count="2" fit count="1" regressing="True"
action=close, ok=True, locked=[False]
is_closed ('F',) {}
is F () closed?
is closed True
open () {'description': 'CO2 Laser to Jan'}
opening name=--- desc=CO2 Laser to Jan
checking ownership. requestor=129.138.12.150
check software interlocks A
interlocks []
actuate state mode=None-script, software_lock=False
doing actuation None-script open_channel False
Open A ===>> OK
GetIndicatorState A ===>> OK
change switch state (True, True)
update switch state A True args=() kw={} ncanvase=2
18:31:50 -- OPEN   VALVE-A (CO2 Laser to Jan)
---------------------------------------- open None (CO2 Laser to Jan) result=[(True, True)], time=0.11 sec
starting measurement
GetData ===>> H2,0.0767327053833949,H1,1665.87860586724,AX,203.071915687935,L1,2.59182989958654,L2,0.4504699231...
action=open, ok=True, locked=[False]
sleep (1,) {}
SLEEP 1.0
GetData ===>> H2,-0.00116596411931959,H1,1665.24771740546,AX,203.292865315536,L1,2.62585880632836,L2,0.57570089...
close () {'description': 'CO2 Laser to Roughing'}
closing name=--- desc=CO2 Laser to Roughing
checking ownership. requestor=129.138.12.150
check software interlocks G
interlocks []
actuate state mode=None-script, software_lock=True
VALVE-G(CO2 Laser to Roughing) software locked
change switch state (True, False)
---------------------------------------- close None (CO2 Laser to Roughing) result=[(True, False)]
action=close, ok=True, locked=[True]
open () {'description': 'Microbone to Turbo'}
opening name=--- desc=Microbone to Turbo
checking ownership. requestor=129.138.12.150
check software interlocks U
interlocks []
actuate state mode=None-script, software_lock=False
doing actuation None-script open_channel True
Open U ===>> OK
GetIndicatorState U ===>> OK
change switch state (True, True)
update switch state U True args=() kw={} ncanvase=2
18:31:51 -- OPEN   VALVE-U (Microbone to Turbo)
---------------------------------------- open None (Microbone to Turbo) result=[(True, True)], time=0.15 sec
action=open, ok=True, locked=[False]
open () {'description': 'Microbone to Getter NP-10'}
opening name=--- desc=Microbone to Getter NP-10
checking ownership. requestor=129.138.12.150
check software interlocks M
interlocks []
actuate state mode=None-script, software_lock=False
doing actuation None-script open_channel False
Open M ===>> OK
GetIndicatorState M ===>> OK
change switch state (True, True)
update switch state M True args=() kw={} ncanvase=2
18:31:51 -- OPEN   VALVE-M (Microbone to Getter NP-10)
---------------------------------------- open None (Microbone to Getter NP-10) result=[(True, True)], time=0.14 sec
action=open, ok=True, locked=[False]
open () {'description': 'Microbone to Getter D-50'}
opening name=--- desc=Microbone to Getter D-50
checking ownership. requestor=129.138.12.150
check software interlocks K
interlocks []
actuate state mode=None-script, software_lock=False
doing actuation None-script open_channel False
GetData ===>> H2,0.0371593274687473,H1,1664.794488093,AX,203.265683214887,L1,2.61832665604086,L2,0.452822209601...
Open K ===>> OK
GetIndicatorState K ===>> OK
change switch state (True, True)
update switch state K True args=() kw={} ncanvase=2
18:31:52 -- OPEN   VALVE-K (Microbone to Getter D-50)
---------------------------------------- open None (Microbone to Getter D-50) result=[(True, True)], time=0.41 sec
action=open, ok=True, locked=[False]
open () {'description': 'Microbone to CO2 Laser'}
opening name=--- desc=Microbone to CO2 Laser
checking ownership. requestor=129.138.12.150
check software interlocks T
interlocks []
actuate state mode=None-script, software_lock=False
doing actuation None-script open_channel False
Open T ===>> OK
GetIndicatorState T ===>> OK
change switch state (True, True)
update switch state T True args=() kw={} ncanvase=2
18:31:53 -- OPEN   VALVE-T (Microbone to CO2 Laser)
---------------------------------------- open None (Microbone to CO2 Laser) result=[(True, True)], time=0.41 sec
GetData ===>> H2,-0.0679774832121762,H1,1663.21197384047,AX,202.924743218922,L1,2.57986960045395,L2,0.393859743...
action=open, ok=True, locked=[False]
open () {'description': 'Microbone to Inlet Pipette'}
opening name=--- desc=Microbone to Inlet Pipette
checking ownership. requestor=129.138.12.150
check software interlocks S
interlocks []
actuate state mode=None-script, software_lock=False
doing actuation None-script open_channel False
Open S ===>> OK
GetIndicatorState S ===>> OK
change switch state (True, True)
update switch state S True args=() kw={} ncanvase=2
18:31:53 -- OPEN   VALVE-S (Microbone to Inlet Pipette)
---------------------------------------- open None (Microbone to Inlet Pipette) result=[(True, True)], time=0.41 sec
action=open, ok=True, locked=[False]
sleep (1,) {}
SLEEP 1.0
GetData ===>> H2,-0.214209566416771,H1,1663.09125511833,AX,202.599858075378,L1,2.57915633464864,L2,0.4887645587...
set_resource () {'name': 'CO2PumpTimeFlag', 'value': 30}
Set CO2PumpTimeFlag 30 ===>> OK
release ('JanCO2Flag',) {}
release JanCO2Flag
Set JanCO2Flag 0 ===>> OK
executed snippet estimated_duration=6.0, duration=5.86652112007
PumpMicrobone.py completed successfully
gosub finished
get_resource_value () {'name': 'JanMiniboneFlag'}
Read JanMiniboneFlag ===>> 0
Get Resource Value JanMiniboneFlag=0.0
get resource value 0.0
get_resource_value () {'name': 'JanMiniboneFlag'}
Read JanMiniboneFlag ===>> 0
Get Resource Value JanMiniboneFlag=0.0
executed snippet estimated_duration=4.0, duration=5.8872089386
jan_pump_extraction_line.py completed successfully
Post Equilibration Finished
18:31:55 -- ******* Post Equilibration Finished *******
GetData ===>> H2,-0.133437024849167,H1,1661.86577988637,AX,202.735753678569,L1,2.59927872372401,L2,0.4564649418...
GetData ===>> H2,0.00160984450204025,H1,1661.601037894,AX,202.616902085264,L1,2.57805201143017,L2,0.51500744090...
GetData ===>> H2,-0.0133335484723836,H1,1661.02943487434,AX,202.799604955081,L1,2.55805974293968,L2,0.435150790...
GetData ===>> H2,-0.0880135594186101,H1,1659.77765146828,AX,202.704915054344,L1,2.57968146717404,L2,0.486354275...
GetData ===>> H2,-0.0518529165695148,H1,1659.36926296509,AX,202.578294764042,L1,2.60346934969623,L2,0.438030630...
GetData ===>> H2,-0.150507892461777,H1,1658.47966868248,AX,202.368387628026,L1,2.56399686292091,L2,0.4966583753...
GetData ===>> H2,-0.198097641353469,H1,1658.73803373008,AX,202.283990054241,L1,2.56104549620883,L2,0.4915518814...
GetData ===>> H2,-0.12349409334938,H1,1657.7769087914,AX,202.182076963689,L1,2.56844294506533,L2,0.482276350842...
GetData ===>> H2,-0.0403578572159428,H1,1656.72534236525,AX,202.023513174315,L1,2.53280543952162,L2,0.443698857...
GetData ===>> H2,-0.0081939140266064,H1,1656.39390405778,AX,202.115145980196,L1,2.58499641626456,L2,0.447672376...
GetData ===>> H2,-0.0367867954461948,H1,1656.02516171428,AX,202.008174253098,L1,2.60296660983935,L2,0.525931714...
GetData ===>> H2,-0.0247827599337315,H1,1655.10453162018,AX,201.805701555174,L1,2.58190001394846,L2,0.514207595...
GetData ===>> H2,-0.0613303514197373,H1,1654.80214388068,AX,201.884414938811,L1,2.55360691294821,L2,0.481705226...
GetData ===>> H2,-0.114566643130487,H1,1653.56862328536,AX,201.826222629785,L1,2.54226041418717,L2,0.4382820495...
GetData ===>> H2,-0.207785605801244,H1,1653.10096287086,AX,201.408067368295,L1,2.54617732888285,L2,0.4096931117...
GetData ===>> H2,-0.10349365313333,H1,1652.5197248242,AX,201.415763196855,L1,2.55082585817257,L2,0.409030479696...
GetData ===>> H2,0.00184368487289135,H1,1651.8422366614,AX,201.472554379994,L1,2.56728051751967,L2,0.4192446621...
GetData ===>> H2,-0.147831119337205,H1,1651.33938833329,AX,201.632367859094,L1,2.53768023215598,L2,0.3308492137...
GetData ===>> H2,-0.146485741468589,H1,1650.41268585412,AX,201.427047805227,L1,2.54421464767745,L2,0.4869025809...
18:32:15 -- collecting point 25
GetData ===>> H2,-0.209562696459744,H1,1649.77931289241,AX,201.527439039902,L1,2.546016462757,L2,0.399468523549...
GetData ===>> H2,-0.145407703048336,H1,1649.47912117831,AX,201.246623298019,L1,2.55150206822738,L2,0.4510636987...
GetData ===>> H2,-0.143662090205057,H1,1648.77571949795,AX,200.98766311412,L1,2.53148789248692,L2,0.48729096594...
GetData ===>> H2,-0.201763786956776,H1,1647.52977285838,AX,201.326783688626,L1,2.52609227732124,L2,0.4551060380...
GetData ===>> H2,-0.209441448203151,H1,1646.92402455616,AX,200.988724141755,L1,2.54221311672022,L2,0.4190504225...
GetData ===>> H2,-0.230178826794662,H1,1646.52805580044,AX,200.858437405516,L1,2.56849707730385,L2,0.4116010606...
GetData ===>> H2,-0.171242028677203,H1,1646.04436846594,AX,200.781789756508,L1,2.5647246780574,L2,0.49109493772...
GetData ===>> H2,-0.0798354297037013,H1,1645.36834498415,AX,200.609737089308,L1,2.56017997963956,L2,0.539451655...
GetData ===>> H2,-0.0542233541975171,H1,1644.72620855434,AX,200.891773788593,L1,2.49853601447356,L2,0.447992091...
GetData ===>> H2,0.0300439709047428,H1,1644.50810151354,AX,200.865910490737,L1,2.49617233832769,L2,0.4257347752...
GetData ===>> H2,-0.00890090403367212,H1,1644.33551466363,AX,200.692056597258,L1,2.51481355677126,L2,0.41573698...
GetData ===>> H2,-0.0119078412539168,H1,1642.44711965393,AX,200.477281216499,L1,2.5415131372708,L2,0.3840708667...
GetData ===>> H2,-0.147709555607956,H1,1641.46942775227,AX,200.416930285486,L1,2.55060407005186,L2,0.4491567786...
GetData ===>> H2,-0.207994452011973,H1,1640.96704033984,AX,200.302553376709,L1,2.54400920757235,L2,0.3838881201...
GetData ===>> H2,-0.121208447241611,H1,1640.68095079441,AX,200.150878091616,L1,2.49015804450869,L2,0.5288229705...
GetData ===>> H2,-0.136760776522804,H1,1639.73949675476,AX,200.293396222097,L1,2.56699229720453,L2,0.4353793464...
GetData ===>> H2,-0.139133323283777,H1,1639.50885739545,AX,200.288052783061,L1,2.5134103117236,L2,0.43717352660...
GetData ===>> H2,-0.104772560089264,H1,1638.59294524609,AX,200.247169667118,L1,2.54407408299301,L2,0.5510874154...
GetData ===>> H2,-0.0507930478423797,H1,1638.12044186251,AX,200.134781669085,L1,2.55621297176315,L2,0.381432495...
GetData ===>> H2,-0.0515462297436517,H1,1637.44475356357,AX,200.073702509524,L1,2.55873985225263,L2,0.379742149...
GetData ===>> H2,-0.102257916331111,H1,1637.11038968222,AX,199.665351466992,L1,2.51894575948595,L2,0.4528564666...
GetData ===>> H2,-0.0672287448737572,H1,1637.00252872819,AX,199.973160707484,L1,2.54007547714429,L2,0.546252345...
GetData ===>> H2,-0.0937800898698757,H1,1636.28321284432,AX,199.731650272126,L1,2.54233203644118,L2,0.472739025...
GetData ===>> H2,-0.0799465352514997,H1,1635.35026872745,AX,199.788772533308,L1,2.51322127494525,L2,0.433196663...
GetData ===>> H2,-0.169957522302673,H1,1634.33912306303,AX,199.757578909045,L1,2.50992984024003,L2,0.4806772121...
18:32:41 -- collecting point 50
GetData ===>> H2,-0.104139214638697,H1,1633.63110849393,AX,199.547624507578,L1,2.51004727859046,L2,0.3550641985...
GetData ===>> H2,-0.0983833554023536,H1,1633.35951254952,AX,199.388187062255,L1,2.5220303744332,L2,0.4172451559...
GetData ===>> H2,-0.0174085389744048,H1,1632.65694072384,AX,199.393824011823,L1,2.55373530950479,L2,0.460690227...
GetData ===>> H2,-0.0554673990278336,H1,1631.75605832625,AX,199.372662797329,L1,2.51413219848318,L2,0.441596266...
GetData ===>> H2,-0.0281673901788596,H1,1631.40593102343,AX,199.293932978585,L1,2.51231124203685,L2,0.498908974...
GetData ===>> H2,-0.128962898602125,H1,1631.07057329061,AX,199.192879725064,L1,2.4705843753721,L2,0.45809793572...
GetData ===>> H2,-0.138739960957384,H1,1630.12287583546,AX,199.03045616145,L1,2.47261931853509,L2,0.55843764553...
GetData ===>> H2,-0.0830502771295489,H1,1629.44091473225,AX,199.039397053505,L1,2.50129808228783,L2,0.581372154...
GetData ===>> H2,0.0118217102424018,H1,1628.41371369694,AX,198.824433673976,L1,2.530640689289,L2,0.503353206701...
GetData ===>> H2,-0.0521175290954348,H1,1628.20218101375,AX,198.691665001943,L1,2.50107013223358,L2,0.408105087...
GetData ===>> H2,-0.126443113972885,H1,1627.04012909973,AX,198.532242145699,L1,2.48779675338129,L2,0.4619350097...
GetData ===>> H2,-0.123787542382025,H1,1626.32211865218,AX,198.719814883931,L1,2.49788875230705,L2,0.4242036173...
GetData ===>> H2,-0.0165268121850593,H1,1625.81623738783,AX,198.604698126055,L1,2.48312282342219,L2,0.487382350...
GetData ===>> H2,-0.0550780560994284,H1,1625.56903344669,AX,198.488692360183,L1,2.45244976332835,L2,0.504027285...
GetData ===>> H2,-0.0848016004198392,H1,1624.78287409771,AX,198.462428001493,L1,2.43970523599013,L2,0.421769812...
GetData ===>> H2,-0.102022393739875,H1,1624.21289404671,AX,198.29260346665,L1,2.4663431680054,L2,0.495047572768...
GetData ===>> H2,-0.186794701623807,H1,1623.91179837023,AX,198.555250821919,L1,2.50215462203714,L2,0.3437265767...
GetData ===>> H2,-0.193055984141517,H1,1623.1310682752,AX,198.236748626695,L1,2.51678230534763,L2,0.46515552977...
GetData ===>> H2,-0.080258166971848,H1,1622.24337586893,AX,197.871812866222,L1,2.53279192544144,L2,0.4441327394...
GetData ===>> H2,-0.13808973421349,H1,1621.66053835912,AX,197.830034818161,L1,2.52033069496776,L2,0.47243064860...
GetData ===>> H2,-0.160516250312062,H1,1621.01843928837,AX,198.206614685651,L1,2.50915639738846,L2,0.4807000567...
GetData ===>> H2,-0.100299140274285,H1,1620.25652190886,AX,198.007910084889,L1,2.50807798497408,L2,0.5382058667...
GetData ===>> H2,-0.123841633541539,H1,1619.84470128389,AX,197.783939577512,L1,2.51786465558844,L2,0.3269909083...
GetData ===>> H2,-0.0401447921893621,H1,1619.46282669129,AX,197.949606824539,L1,2.52298900349221,L2,0.486422813...
GetData ===>> H2,-0.0557658410385158,H1,1619.57931170462,AX,197.755272910347,L1,2.53150681002743,L2,0.436613555...
18:33:08 -- collecting point 75
GetData ===>> H2,-0.151696166372361,H1,1618.01942213528,AX,197.708785887584,L1,2.51870145607503,L2,0.5804116760...
GetData ===>> H2,-0.0549993719391557,H1,1617.49219609475,AX,197.733646836475,L1,2.54960742939353,L2,0.515110278...
GetData ===>> H2,-0.125081602689375,H1,1616.82382245158,AX,197.35447230171,L1,2.52015790624975,L2,0.35013165441...
GetData ===>> H2,-0.178003648550386,H1,1615.95366115261,AX,197.414005035735,L1,2.46571682211207,L2,0.4317682322...
GetData ===>> H2,-0.122203909452733,H1,1615.15578233993,AX,197.554904835578,L1,2.45296953918416,L2,0.3448340194...
GetData ===>> H2,-0.10131850402439,H1,1614.47327358405,AX,197.312137896785,L1,2.48543999930944,L2,0.45493474906...
GetData ===>> H2,-0.182594304078968,H1,1614.55168781503,AX,197.339542072169,L1,2.49227566921353,L2,0.4113611368...
GetData ===>> H2,-0.162134001184896,H1,1613.44246696573,AX,197.259115973729,L1,2.4553164737465,L2,0.48684546560...
GetData ===>> H2,-0.135284274744414,H1,1612.75411835993,AX,197.325570837336,L1,2.47738517220587,L2,0.4261004284...
GetData ===>> H2,-0.183052997463971,H1,1612.6223926955,AX,197.077028962088,L1,2.48269152254327,L2,0.45896583189...
GetData ===>> H2,-0.198766508261729,H1,1611.72547359798,AX,197.110016589091,L1,2.47209639751145,L2,0.4884447072...
GetData ===>> H2,-0.113806017569587,H1,1610.91819108944,AX,197.04010248412,L1,2.48568131483617,L2,0.36921241744...
GetData ===>> H2,-0.103216199287286,H1,1610.15043831908,AX,196.948099369201,L1,2.49730355129146,L2,0.4336766205...
GetData ===>> H2,-0.107562648880416,H1,1609.50017603048,AX,196.586427941214,L1,2.49028616977176,L2,0.4251291650...
GetData ===>> H2,-0.0687166783497605,H1,1609.00286051832,AX,196.759893797568,L1,2.45512000266866,L2,0.483715598...
GetData ===>> H2,-0.0975763274263789,H1,1608.31800632442,AX,196.864235152017,L1,2.50119557163633,L2,0.397092462...
GetData ===>> H2,-0.0719143308521955,H1,1607.71111310316,AX,196.528606715491,L1,2.50771223887868,L2,0.449111104...
GetData ===>> H2,-0.0110107367977743,H1,1607.9451646839,AX,196.391322408921,L1,2.48896182916373,L2,0.4582692303...
GetData ===>> H2,-0.0741066037402479,H1,1607.10865961736,AX,196.401880416745,L1,2.48453544892889,L2,0.478335664...
GetData ===>> H2,-0.0725068420543633,H1,1605.76023857357,AX,196.224531144555,L1,2.44388229526893,L2,0.506529416...
GetData ===>> H2,-0.109545843528503,H1,1605.07922581845,AX,196.087800062314,L1,2.43264150746751,L2,0.3935513271...
GetData ===>> H2,-0.162626842657038,H1,1604.64601775629,AX,196.434793361976,L1,2.46677018069335,L2,0.4983948737...
GetData ===>> H2,-0.152649718221618,H1,1604.18906769755,AX,196.229796423621,L1,2.48680842087878,L2,0.4567504282...
GetData ===>> H2,-0.0714872155377511,H1,1603.75259546171,AX,196.052857030844,L1,2.45108580207953,L2,0.356171772...
GetData ===>> H2,-0.167045255222622,H1,1602.917334108,AX,195.779493771925,L1,2.45602971938759,L2,0.486868311725...
18:33:34 -- collecting point 100
GetData ===>> H2,-0.13459598618223,H1,1601.84945455603,AX,195.708147106484,L1,2.45398222818972,L2,0.38018757542...
GetData ===>> H2,-0.0667105673962019,H1,1601.23978095675,AX,195.84956146384,L1,2.45722888099563,L2,0.4169595156...
GetData ===>> H2,-0.0934902072835074,H1,1601.26619464406,AX,195.855100932381,L1,2.44061047065621,L2,0.418856183...
GetData ===>> H2,-0.158992814666837,H1,1600.84297133945,AX,195.784984718772,L1,2.44966681089136,L2,0.4673597068...
GetData ===>> H2,-0.188948250931174,H1,1599.49993875279,AX,195.580349494447,L1,2.46177231417243,L2,0.5577403211...
GetData ===>> H2,-0.150287778054762,H1,1600.09722832855,AX,195.324824427256,L1,2.4655565370201,L2,0.47594848645...
GetData ===>> H2,-0.0606469704682079,H1,1598.87736015961,AX,195.478856173674,L1,2.47794695078107,L2,0.386812108...
GetData ===>> H2,-0.0988044495946472,H1,1597.77085771418,AX,195.450420288822,L1,2.44685897236543,L2,0.428225815...
GetData ===>> H2,-0.0881680581882692,H1,1597.34183769687,AX,195.317502297262,L1,2.45300185764368,L2,0.384402095...
GetData ===>> H2,-0.221062577419497,H1,1596.85000423478,AX,195.144069558533,L1,2.47954621908283,L2,0.4490425929...
GetData ===>> H2,-0.20469018755406,H1,1595.60116332051,AX,195.131616114811,L1,2.44478382801192,L2,0.42094713166...
GetData ===>> H2,-0.099144292371281,H1,1595.45517961111,AX,195.315270845641,L1,2.46975567897401,L2,0.3909012727...
GetData ===>> H2,-0.0192600791940391,H1,1595.37404302123,AX,195.328845904505,L1,2.44910411042873,L2,0.444132739...
GetData ===>> H2,-0.106392302247585,H1,1594.47043909826,AX,195.151109823733,L1,2.48610059595339,L2,0.4504014107...
GetData ===>> H2,-0.187996262755563,H1,1593.47803586534,AX,194.87584449615,L1,2.47014643881276,L2,0.36405075899...
GetData ===>> H2,-0.109877563634265,H1,1592.95654592076,AX,194.947031131509,L1,2.46260581174857,L2,0.4058430549...
GetData ===>> H2,-0.184910515646793,H1,1592.45009171025,AX,194.729604370217,L1,2.46717296138778,L2,0.3822548374...
GetData ===>> H2,-0.0842110838062436,H1,1591.13976770231,AX,194.61100408071,L1,2.45242552565963,L2,0.4903067149...
GetData ===>> H2,-0.096700176805554,H1,1590.3182565024,AX,194.573915687856,L1,2.44612953316007,L2,0.42367800167...
GetData ===>> H2,-0.033366702468612,H1,1590.31857665407,AX,194.416846095499,L1,2.43245854073915,L2,0.4195988646...
GetData ===>> H2,-0.0888104252965629,H1,1590.72617668552,AX,194.560181825079,L1,2.42865592592826,L2,0.532560018...
measurement finished
estimated time: 125.829 actual time: :126.132
flush and close file /Users/jan/PychronDev/data/isotopes/de/1ebbc4-db95-4324-af5f-ca05803ed9eb.h5
baselines () {'settling_time': 15.0, 'detector': 'H1', 'mass': 34.2, 'ncounts': 60}
%%%%%%%%%%%%%%%%%%%%%%%%%%%%%%%% Baseline
build tables- baseline [Detector(H2), Detector(H1), Detector(AX), Detector(L1), Detector(L2), Detector(CDD)]
add group baseline table H2
add group baseline table H1
add group baseline table AX
add group baseline table L1
add group baseline table L2
add group baseline table CDD
flush and close file /Users/jan/PychronDev/data/isotopes/de/1ebbc4-db95-4324-af5f-ca05803ed9eb.h5
detector Detector(H1)
POSITION 34.2 H1
Mapping mass to dac mass func: "parabolic"
H1 map mass coeffs = [-0.00063987  0.15840543  0.57081999]
H1 map mass to dac 34.2 >> 5.23986599104
GetDeflection H1 ===>> 0
GetHighVoltage ===>> 4500
positioning 34.2 (5.23986599104) on H1
setting magnet DAC
current  : 5.879210
requested: 5.239866
Delta Dac: 0.639344
Checking detector protection. dv=0.63934
Checking detector "CDD". Protection Threshold: 0.1 (V)
ProtectDetector CDD,On ===>> OK
GetDeflection CDD ===>> 2000
Protected = 2000
SetMagnetDAC 5.23986599104 ===>> OK
Magnet settling time: 0.500
GetMagnetMoving ===>> True
GetMagnetMoving ===>> True
GetMagnetMoving ===>> True
GetMagnetMoving ===>> True
GetMagnetMoving ===>> True
GetMagnetMoving ===>> True
GetMagnetMoving ===>> True
GetMagnetMoving ===>> True
GetMagnetMoving ===>> False
ProtectDetector CDD,Off ===>> OK
GetDeflection CDD ===>> 50
Delaying 15.0s for detectors to settle
set states for children of V. state=True
handle state [('V', True)]
update switch state V True args=() kw={'refresh': False} ncanvase=2
refresh_canvas_needed fired
Join finished
measuring baseline. ncounts=60
"baseline" increment series count="2" fit count="1" regressing="True"
starting measurement
GetData ===>> H2,-0.173458539022219,H1,-0.0775321969354924,AX,-0.148333639092578,L1,-0.0473408790388173,L2,-0.0...
GetData ===>> H2,-0.0906885310363427,H1,-0.0778420994482108,AX,-0.0632960683127328,L1,-0.0298287515548784,L2,-0...
GetData ===>> H2,-0.111452086530294,H1,-0.00395086902960069,AX,-0.186876483464807,L1,-0.0045991598911041,L2,-0....
GetData ===>> H2,-0.180551543770854,H1,-0.0817753940944186,AX,-0.131370928720312,L1,-0.0508016350976537,L2,0.02...
GetData ===>> H2,-0.115768381812933,H1,-0.0678293789856841,AX,-0.103354052342438,L1,-0.0453814094109461,L2,-0.0...
GetData ===>> H2,-0.202200570993522,H1,-0.149260247907246,AX,-0.138223032225366,L1,-0.0709723574416855,L2,-0.07...
GetData ===>> H2,-0.252579771528563,H1,-0.0244174175633603,AX,0.0298769986483199,L1,-0.0574822750189571,L2,-0.0...
GetData ===>> H2,-0.238572069708575,H1,-0.0455474808060295,AX,-0.128138623987929,L1,-0.0501244163649593,L2,0.00...
GetData ===>> H2,-0.174965127899971,H1,-0.0566592454786406,AX,-0.113817874500077,L1,-0.0422852191729369,L2,-0.0...
GetData ===>> H2,-0.194182755025662,H1,-0.0904042624773059,AX,-0.284955602109143,L1,-0.0486334170517018,L2,-0.1...
GetData ===>> H2,-0.192179828767686,H1,-0.0812748015444285,AX,-0.155591293724611,L1,-0.0441351459282769,L2,-0.0...
GetData ===>> H2,-0.190916697717013,H1,-0.0685803677748396,AX,-0.0473308698757114,L1,-0.030718664211173,L2,-0.0...
GetData ===>> H2,-0.202280107012193,H1,-0.0352214948377004,AX,-0.0650698175750332,L1,-0.0202431264571485,L2,-0....
GetData ===>> H2,-0.217842528500511,H1,-0.0427335763814483,AX,-0.1263312669979,L1,-0.0358742950013561,L2,-0.036...
GetData ===>> H2,-0.266705575010989,H1,0.0168658516608967,AX,-0.00682061506564409,L1,-0.0428731616169613,L2,-0....
GetData ===>> H2,-0.213522758093306,H1,0.0130600647522573,AX,-0.0881603869481249,L1,-0.0240406012002063,L2,-0.0...
GetData ===>> H2,-0.246255517444334,H1,-0.0427574233614834,AX,0.0370951665133946,L1,0.000798141143353015,L2,-0....
GetData ===>> H2,-0.216268394688214,H1,-0.0580064034715776,AX,-0.0607918966630906,L1,-0.0369298871461248,L2,0.0...
GetData ===>> H2,-0.176190893151089,H1,0.0260170349435153,AX,-0.117850143407903,L1,-0.0300048239695726,L2,-0.08...
GetData ===>> H2,-0.219176467587275,H1,-0.00340217434950922,AX,-0.0455452018945346,L1,-0.0312719753041922,L2,-0...
GetData ===>> H2,-0.152397001673682,H1,-0.0225092915718815,AX,-0.11835995860948,L1,-0.0375708566588748,L2,0.008...
GetData ===>> H2,-0.200286145558161,H1,-0.00164871683880892,AX,-0.120990099133829,L1,-0.0173089312965912,L2,-0....
GetData ===>> H2,-0.23402241339467,H1,0.00554435887514266,AX,-0.19656485308587,L1,-0.0551445758606817,L2,-0.014...
GetData ===>> H2,-0.171742568927113,H1,0.0130004140715069,AX,-0.167067948884571,L1,-0.0960379429916333,L2,0.044...
18:34:39 -- collecting point 25
GetData ===>> H2,-0.183943349221751,H1,0.00224001281294868,AX,-0.105069130210344,L1,-0.0785733983873798,L2,-0.0...
GetData ===>> H2,-0.243459449886192,H1,-0.00709984120408329,AX,-0.0793745610983574,L1,-0.0259603694680228,L2,0....
GetData ===>> H2,-0.277920345308026,H1,0.0231176777407917,AX,-0.0384137985078013,L1,0.018193559320587,L2,-0.009...
GetData ===>> H2,-0.212118037816907,H1,0.0383790226460291,AX,-0.00567221150859941,L1,-0.0166145277873129,L2,0.0...
GetData ===>> H2,-0.20803622079131,H1,-0.0237615033569003,AX,-0.0563398768297956,L1,-0.0485687941004811,L2,-0.0...
GetData ===>> H2,-0.193805380143814,H1,-0.033945577351857,AX,-0.0622526712902788,L1,-0.0405882555061946,L2,0.04...
GetData ===>> H2,-0.153403780105083,H1,0.0400854786784201,AX,-0.122635349122528,L1,-0.0355687396983224,L2,-0.04...
GetData ===>> H2,-0.276245623305808,H1,0.0274130516928263,AX,-0.145551008077209,L1,-0.0314839500584445,L2,-0.03...
GetData ===>> H2,-0.288359614801468,H1,0.14546964696438,AX,-0.0147082733658378,L1,-0.030894721043582,L2,-0.0068...
GetData ===>> H2,-0.206227895633771,H1,0.166190183331616,AX,-0.0966093312745192,L1,0.00527264937985001,L2,-0.14...
GetData ===>> H2,-0.250600292429432,H1,0.0156608689931616,AX,-0.011982463731188,L1,-0.0112236364000186,L2,-0.15...
GetData ===>> H2,-0.188034020185375,H1,-0.00655116378529537,AX,-0.0850541434034579,L1,-0.0346064793805532,L2,0....
GetData ===>> H2,-0.247547018404789,H1,0.0314818953196962,AX,-0.162002157957335,L1,-0.00604578800681093,L2,-0.1...
GetData ===>> H2,-0.303218655370784,H1,0.00664185534355894,AX,-0.163416432774468,L1,-0.0251742914341808,L2,-0.0...
GetData ===>> H2,-0.278253379852396,H1,0.0441309696738613,AX,-0.0474932017038373,L1,-0.0117391170016924,L2,-0.0...
GetData ===>> H2,-0.23145882176345,H1,0.00355219494296857,AX,-0.156588309400541,L1,0.0029432255610682,L2,-0.109...
GetData ===>> H2,-0.195811598078839,H1,-0.0122644182088514,AX,-0.0177007764626762,L1,-0.0450593830335987,L2,0.0...
GetData ===>> H2,-0.20918682263261,H1,-0.0386198872841302,AX,-0.0116924794904056,L1,-0.0262994664802001,L2,-0.0...
GetData ===>> H2,-0.212417043713573,H1,0.0492984569778756,AX,-0.126296509803586,L1,-0.0204769139439101,L2,-0.08...
GetData ===>> H2,-0.170409544831931,H1,-0.0110955534409872,AX,-0.207538431243682,L1,-0.0260837877251497,L2,0.04...
GetData ===>> H2,-0.218867923954798,H1,-0.00782743053406849,AX,-0.0268401000315167,L1,-0.0369969811973078,L2,0....
GetData ===>> H2,-0.242762343503858,H1,-0.0252522112458074,AX,0.0464261958033115,L1,-0.0350283034612605,L2,-0.1...
GetData ===>> H2,-0.229410221753353,H1,0.0309688062199999,AX,-0.113412320963207,L1,-0.0307066874439159,L2,-0.04...
GetData ===>> H2,-0.210982551508608,H1,0.0223898687470527,AX,-0.117942837279636,L1,-0.0192491692621971,L2,-0.10...
GetData ===>> H2,-0.224470249177971,H1,0.0732677288319607,AX,-0.0448146919130717,L1,-0.00515096628194333,L2,0.0...
18:35:06 -- collecting point 50
GetData ===>> H2,-0.238849405386573,H1,0.0276516889828439,AX,-0.042541959124753,L1,-0.0148141324711664,L2,0.021...
GetData ===>> H2,-0.151574644075977,H1,0.043880359287596,AX,-0.0216674410826574,L1,-0.0264480424874878,L2,-0.07...
GetData ===>> H2,-0.20373457387971,H1,-0.00296083079389649,AX,-0.0969570087390468,L1,-0.0178725742090448,L2,0.0...
GetData ===>> H2,-0.203973147901987,H1,-0.0102248595901021,AX,-0.0605252449596016,L1,-0.0547064211489925,L2,0.0...
GetData ===>> H2,-0.284745182249701,H1,0.000200200200217893,AX,-0.143800228597077,L1,-0.0487877924191489,L2,-0....
GetData ===>> H2,-0.289915975401027,H1,-0.0348399137430676,AX,0.00683350429563382,L1,-0.0205308641308437,L2,-0....
GetData ===>> H2,-0.224594145155357,H1,0.0232489225486134,AX,-0.0386573184604991,L1,0.0111944769049405,L2,-0.01...
GetData ===>> H2,-0.16665653644484,H1,-0.0138030051046066,AX,-0.0445248054800017,L1,0.0278923451156556,L2,0.006...
GetData ===>> H2,-0.269584563709243,H1,0.0206121280417861,AX,-0.15735345403447,L1,0.0225258432475545,L2,-0.0940...
GetData ===>> H2,-0.16896975657358,H1,-0.0378686736256072,AX,-0.0874881486193463,L1,-0.00293396075866791,L2,-0....
GetData ===>> H2,-0.15144771939791,H1,0.0176055511761366,AX,-0.0119476656679405,L1,-0.0408445549104039,L2,-0.05...
State checksums do not match. Local:-1097334291 Remote:-2107522168
State checksum failed
measurement finished
estimated time: 62.915 actual time: :63.107
flush and close file /Users/jan/PychronDev/data/isotopes/de/1ebbc4-db95-4324-af5f-ca05803ed9eb.h5
activate_detectors ('H1', 'AX', 'CDD') {'peak_center': True}
peak_center () {'detector': 'H1', 'integration_time': 0.262144, 'isotope': 'Ar40'}
peak center: mean=1592.66871128 threshold=3
peak center started
setup peak center. detector=['H1', 'AX', 'CDD'], isotope=Ar40
VersionedUnpickler [<apptools.sweet_pickle.versioned_unpickler.VersionedUnpickler object at 0x19fb95e30>] using Updater [<apptools.sweet_pickle.updater.Updater object at 0x134a15590>]
VersionedUnpickler [<apptools.sweet_pickle.versioned_unpickler.VersionedUnpickler object at 0x19fb95e30>] using Updater [<apptools.sweet_pickle.updater.Updater object at 0x134a15590>]
VersionedUnpickler [<apptools.sweet_pickle.versioned_unpickler.VersionedUnpickler object at 0x162b38950>] using Updater [<apptools.sweet_pickle.updater.Updater object at 0x134a15590>]
setting integration time = 0.524288
SetIntegrationTime 0.524288 ===>> OK
Mapping mass to dac mass func: "parabolic"
H1 map mass coeffs = [-0.00063987  0.15840543  0.57081999]
H1 map mass to dac 39.9624 >> 5.87921
GetDeflection H1 ===>> 0
GetHighVoltage ===>> 4500
do peak center. <pychron.spectrometer.jobs.peak_center.PeakCenter object at 0x134a156b0>
doing pc
starting peak center. center dac= 5.87921 step_width=0.001
width = 0.001
get scan parameters. half-width=0.015,window=0.015, i=0, scalar=1
Scan parameters center=5.87921 width=0.03000 (5.86421 - 5.89421)
GetData ===>> H2,-0.135330249309965,H1,0.0400377452471236,AX,-0.00814300237788217,L1,-0.0274856169610082,L2,-0....
Moving to starting dac 5.86421
setting magnet DAC
current  : 5.239866
requested: 5.864210
Delta Dac: 0.624344
Checking detector protection. dv=0.62434
Checking detector "CDD". Protection Threshold: 0.1 (V)
ProtectDetector CDD,On ===>> OK
GetDeflection CDD ===>> 2000
Protected = 2000
SetMagnetDAC 5.86421 ===>> OK
Magnet settling time: 0.500
set states for children of I. state=True
set states for children of Q. state=False
handle state [('I', True), ('Q', False)]
update switch state I True args=() kw={'refresh': True} ncanvase=2
update switch state Q False args=() kw={'refresh': False} ncanvase=2
refresh_canvas_needed fired
GetMagnetMoving ===>> True
GetMagnetMoving ===>> True
GetMagnetMoving ===>> True
GetMagnetMoving ===>> True
GetMagnetMoving ===>> True
GetMagnetMoving ===>> True
GetMagnetMoving ===>> True
GetMagnetMoving ===>> True
set states for children of B. state=False
set states for children of D. state=False
handle state [('B', False), ('D', False)]
update switch state B False args=() kw={'refresh': True} ncanvase=2
update switch state D False args=() kw={'refresh': False} ncanvase=2
refresh_canvas_needed fired
GetMagnetMoving ===>> False
ProtectDetector CDD,Off ===>> OK
GetDeflection CDD ===>> 50
Wait until signal near baseline. tol= 0.0300283089353. timeout= 10
GetData ===>> H2,6.21527648997193,H1,1.86347795566089,AX,-0.0997731504121895,L1,0.00180160445566592,L2,0.073404...
GetData ===>> H2,92.5401068131684,H1,36.6603135610039,AX,2.31434492320037,L1,-0.0039009615071786,L2,-0.07528256...
GetData ===>> H2,96.898210855768,H1,45.7545305861261,AX,4.38236288824976,L1,-0.0304511538444157,L2,-0.145621450...
GetData ===>> H2,51.2018456679154,H1,21.984905574988,AX,2.02324214906092,L1,-0.0199329106371223,L2,-0.097284744...
set states for children of W. state=True
handle state [('W', True)]
update switch state W True args=() kw={'refresh': False} ncanvase=2
refresh_canvas_needed fired
GetData ===>> H2,20.9771448455664,H1,11.1690861286181,AX,0.91955417261843,L1,0.00656121648505712,L2,-0.13707770...
GetData ===>> H2,7.04990121622523,H1,6.03115424641765,AX,0.342305554052756,L1,0.00497829701769218,L2,-0.0950551...
GetData ===>> H2,2.0201637118437,H1,3.52975390945145,AX,0.063070544052952,L1,0.00756568661730847,L2,-0.07997011...
GetData ===>> H2,0.69650437010448,H1,2.46398860681725,AX,0.148985871757762,L1,0.00977395514999332,L2,0.00676398...
GetData ===>> H2,0.428213146947758,H1,1.80186708801211,AX,0.0778789243981586,L1,0.0126854852517981,L2,-0.119349...
GetData ===>> H2,0.361687190875814,H1,1.45152215450739,AX,-0.042599937661721,L1,-0.00235803529379985,L2,-0.0786...
GetData ===>> H2,0.432844457192383,H1,1.32510504234193,AX,-0.0879054005425552,L1,-0.0156583035339792,L2,-0.0215...
GetData ===>> H2,0.478478556073829,H1,1.25150282368887,AX,0.0428050931797181,L1,-0.00558039467615161,L2,0.03974...
GetData ===>> H2,0.451516647314908,H1,1.14511310290026,AX,0.091414687806976,L1,0.0118987615496074,L2,0.02345965...
GetData ===>> H2,0.494976375021983,H1,0.996749129231023,AX,0.0400429323677309,L1,0.0169175774111943,L2,0.107050...
GetData ===>> H2,0.502996157963336,H1,1.17230170233251,AX,0.148846713900625,L1,-0.000642062069857662,L2,0.01810...
GetData ===>> H2,0.387740173437495,H1,1.13131763697376,AX,0.0819811745427951,L1,-0.0447205857782166,L2,0.001252...
GetData ===>> H2,0.241254459293982,H1,1.15622282611614,AX,0.066546487406628,L1,-0.0422540848054793,L2,-0.242328...
GetData ===>> H2,0.154884490987807,H1,1.03485021724217,AX,-0.0672724677320933,L1,-0.0161352134951776,L2,-0.0630...
GetData ===>> H2,0.0994842392897033,H1,1.09682525026582,AX,0.028693363031182,L1,-0.0259799102056138,L2,-0.04879...
GetData ===>> H2,0.0475374623007564,H1,1.08895937920657,AX,-0.0470293957622068,L1,-0.0545757547057878,L2,-0.016...
GetData ===>> H2,0.0965530681735884,H1,1.02219618020822,AX,-0.0186634613872357,L1,-0.0368040845930608,L2,0.0657...
Peak center failed to move to a baseline position
_do_sweep sm= 5.86421, em= 5.89421, stm= 0.001
calculated step values: start=5.86421, end=5.89421, width=0.001, nsteps=31.0
setting magnet DAC
current  : 5.864210
requested: 5.864210
Delta Dac: 0.000000
Checking detector protection. dv=0.00000
Checking detector "CDD". Protection Threshold: 0.1 (V)
SetMagnetDAC 5.86421 ===>> OK
GetData ===>> H2,0.0965530681735884,H1,1.02219618020822,AX,-0.0186634613872357,L1,-0.0368040845930608,L2,0.0657...
setting magnet DAC
current  : 5.864210
requested: 5.865244
Delta Dac: 0.001034
Checking detector protection. dv=0.00103
Checking detector "CDD". Protection Threshold: 0.1 (V)
SetMagnetDAC 5.86524448276 ===>> OK
Magnet settling time: 1.049
GetData ===>> H2,0.0584584514694366,H1,2.23510657448276,AX,0.192366425141133,L1,0.006184865642896,L2,0.09020308...
setting magnet DAC
current  : 5.865244
requested: 5.866279
Delta Dac: 0.001034
Checking detector protection. dv=0.00103
Checking detector "CDD". Protection Threshold: 0.1 (V)
SetMagnetDAC 5.86627896552 ===>> OK
Magnet settling time: 1.049
GetData ===>> H2,-0.116903691500862,H1,6.86904351166981,AX,0.686014454173879,L1,0.00177999773301791,L2,0.044373...
setting magnet DAC
current  : 5.866279
requested: 5.867313
Delta Dac: 0.001034
Checking detector protection. dv=0.00103
Checking detector "CDD". Protection Threshold: 0.1 (V)
SetMagnetDAC 5.86731344828 ===>> OK
Magnet settling time: 1.049
GetData ===>> H2,-0.134218309469218,H1,25.2252022086234,AX,2.0954699884962,L1,0.048440514231738,L2,-0.012888972...
setting magnet DAC
current  : 5.867313
requested: 5.868348
Delta Dac: 0.001034
Checking detector protection. dv=0.00103
Checking detector "CDD". Protection Threshold: 0.1 (V)
SetMagnetDAC 5.86834793103 ===>> OK
Magnet settling time: 1.049
GetData ===>> H2,0.0321033936991242,H1,91.2703835490687,AX,7.21597240055792,L1,0.0418735906322687,L2,-0.0758286...
setting magnet DAC
current  : 5.868348
requested: 5.869382
Delta Dac: 0.001034
Checking detector protection. dv=0.00103
Checking detector "CDD". Protection Threshold: 0.1 (V)
SetMagnetDAC 5.86938241379 ===>> OK
Magnet settling time: 1.049
GetData ===>> H2,-0.0139257222063815,H1,268.510242369961,AX,22.3551288662626,L1,0.0985702098030292,L2,0.0994127...
setting magnet DAC
current  : 5.869382
requested: 5.870417
Delta Dac: 0.001034
Checking detector protection. dv=0.00103
Checking detector "CDD". Protection Threshold: 0.1 (V)
SetMagnetDAC 5.87041689655 ===>> OK
Magnet settling time: 1.049
GetData ===>> H2,-0.0613083216516643,H1,594.681425141534,AX,55.1369721800201,L1,0.300149239704006,L2,0.07420229...
setting magnet DAC
current  : 5.870417
requested: 5.871451
Delta Dac: 0.001034
Checking detector protection. dv=0.00103
Checking detector "CDD". Protection Threshold: 0.1 (V)
SetMagnetDAC 5.87145137931 ===>> OK
Magnet settling time: 1.049
GetData ===>> H2,-0.117499040958509,H1,977.293734909428,AX,99.4524306387862,L1,0.677855231650493,L2,0.177981483...
setting magnet DAC
current  : 5.871451
requested: 5.872486
Delta Dac: 0.001034
Checking detector protection. dv=0.00103
Checking detector "CDD". Protection Threshold: 0.1 (V)
SetMagnetDAC 5.87248586207 ===>> OK
Magnet settling time: 1.049
set states for children of W. state=False
handle state [('W', False)]
update switch state W False args=() kw={'refresh': False} ncanvase=2
refresh_canvas_needed fired
GetData ===>> H2,-0.0333829975244493,H1,1281.31256176942,AX,141.618094318814,L1,1.13088770652879,L2,0.099709092...
setting magnet DAC
current  : 5.872486
requested: 5.873520
Delta Dac: 0.001034
Checking detector protection. dv=0.00103
Checking detector "CDD". Protection Threshold: 0.1 (V)
SetMagnetDAC 5.87352034483 ===>> OK
Magnet settling time: 1.049
GetData ===>> H2,-0.041353917284305,H1,1439.35063037632,AX,168.523442380163,L1,1.53829761941421,L2,0.2760706188...
setting magnet DAC
current  : 5.873520
requested: 5.874555
Delta Dac: 0.001034
Checking detector protection. dv=0.00103
Checking detector "CDD". Protection Threshold: 0.1 (V)
SetMagnetDAC 5.87455482759 ===>> OK
Magnet settling time: 1.049
set states for children of X. state=True
handle state [('X', True)]
update switch state X True args=() kw={'refresh': False} ncanvase=2
refresh_canvas_needed fired
GetData ===>> H2,-0.141516980519357,H1,1497.24861790849,AX,180.572938892295,L1,1.81691766497677,L2,0.4141081766...
setting magnet DAC
current  : 5.874555
requested: 5.875589
Delta Dac: 0.001034
Checking detector protection. dv=0.00103
Checking detector "CDD". Protection Threshold: 0.1 (V)
SetMagnetDAC 5.87558931034 ===>> OK
Magnet settling time: 1.049
GetData ===>> H2,-0.14770447568687,H1,1517.62817642017,AX,185.297484087534,L1,2.12063652470601,L2,0.42132234633...
setting magnet DAC
current  : 5.875589
requested: 5.876624
Delta Dac: 0.001034
Checking detector protection. dv=0.00103
Checking detector "CDD". Protection Threshold: 0.1 (V)
SetMagnetDAC 5.8766237931 ===>> OK
Magnet settling time: 1.049
GetData ===>> H2,-0.183523833922283,H1,1519.41550877283,AX,185.445889909745,L1,2.2826540319045,L2,0.44682741864...
setting magnet DAC
current  : 5.876624
requested: 5.877658
Delta Dac: 0.001034
Checking detector protection. dv=0.00103
Checking detector "CDD". Protection Threshold: 0.1 (V)
SetMagnetDAC 5.87765827586 ===>> OK
Magnet settling time: 1.049
GetData ===>> H2,-0.145542475632242,H1,1519.44420759707,AX,185.564593069603,L1,2.31064859905115,L2,0.3913962196...
setting magnet DAC
current  : 5.877658
requested: 5.878693
Delta Dac: 0.001034
Checking detector protection. dv=0.00103
Checking detector "CDD". Protection Threshold: 0.1 (V)
SetMagnetDAC 5.87869275862 ===>> OK
Magnet settling time: 1.049
GetData ===>> H2,-0.064461381941379,H1,1519.20583143372,AX,186.04099821019,L1,2.35723711463738,L2,0.51867538995...
setting magnet DAC
current  : 5.878693
requested: 5.879727
Delta Dac: 0.001034
Checking detector protection. dv=0.00103
Checking detector "CDD". Protection Threshold: 0.1 (V)
SetMagnetDAC 5.87972724138 ===>> OK
Magnet settling time: 1.049
GetData ===>> H2,-0.11191776772571,H1,1518.47107173073,AX,185.811034199768,L1,2.33654937000731,L2,0.35082483310...
setting magnet DAC
current  : 5.879727
requested: 5.880762
Delta Dac: 0.001034
Checking detector protection. dv=0.00103
Checking detector "CDD". Protection Threshold: 0.1 (V)
SetMagnetDAC 5.88076172414 ===>> OK
Magnet settling time: 1.049
GetData ===>> H2,-0.0177917203852233,H1,1518.0300561774,AX,185.635392936716,L1,2.3377825527758,L2,0.35586679853...
setting magnet DAC
current  : 5.880762
requested: 5.881796
Delta Dac: 0.001034
Checking detector protection. dv=0.00103
Checking detector "CDD". Protection Threshold: 0.1 (V)
SetMagnetDAC 5.8817962069 ===>> OK
Magnet settling time: 1.049
GetData ===>> H2,-0.169954823606541,H1,1517.12655227121,AX,185.904880917386,L1,2.3656387324028,L2,0.40735109239...
setting magnet DAC
current  : 5.881796
requested: 5.882831
Delta Dac: 0.001034
Checking detector protection. dv=0.00103
Checking detector "CDD". Protection Threshold: 0.1 (V)
SetMagnetDAC 5.88283068966 ===>> OK
Magnet settling time: 1.049
GetData ===>> H2,-0.186669004457485,H1,1515.27373133176,AX,185.079740287082,L1,2.37602026003747,L2,0.4179891498...
setting magnet DAC
current  : 5.882831
requested: 5.883865
Delta Dac: 0.001034
Checking detector protection. dv=0.00103
Checking detector "CDD". Protection Threshold: 0.1 (V)
SetMagnetDAC 5.88386517241 ===>> OK
Magnet settling time: 1.049
GetData ===>> H2,-0.0563033477285806,H1,1509.19844964197,AX,183.455157028459,L1,2.31726186271782,L2,0.407830464...
setting magnet DAC
current  : 5.883865
requested: 5.884900
Delta Dac: 0.001034
Checking detector protection. dv=0.00103
Checking detector "CDD". Protection Threshold: 0.1 (V)
SetMagnetDAC 5.88489965517 ===>> OK
Magnet settling time: 1.049
GetData ===>> H2,-0.198588507220172,H1,1485.21414981268,AX,178.048035530535,L1,2.25764530110978,L2,0.3674802982...
setting magnet DAC
current  : 5.884900
requested: 5.885934
Delta Dac: 0.001034
Checking detector protection. dv=0.00103
Checking detector "CDD". Protection Threshold: 0.1 (V)
SetMagnetDAC 5.88593413793 ===>> OK
Magnet settling time: 1.049
GetData ===>> H2,-0.274035898726208,H1,1406.25135915005,AX,161.215990906065,L1,2.12247956684293,L2,0.3431597287...
setting magnet DAC
current  : 5.885934
requested: 5.886969
Delta Dac: 0.001034
Checking detector protection. dv=0.00103
Checking detector "CDD". Protection Threshold: 0.1 (V)
SetMagnetDAC 5.88696862069 ===>> OK
Magnet settling time: 1.049
set states for children of X. state=False
GetData ===>> H2,-0.221465638047633,H1,1200.70533936639,AX,125.431033472625,L1,1.7267851064051,L2,0.19142103195...
handle state [('X', False)]
setting magnet DAC
update switch state X False args=() kw={'refresh': False} ncanvase=2
current  : 5.886969
requested: 5.888003
Delta Dac: 0.001034
Checking detector protection. dv=0.00103
Checking detector "CDD". Protection Threshold: 0.1 (V)
refresh_canvas_needed fired
SetMagnetDAC 5.88800310345 ===>> OK
Magnet settling time: 1.049
GetData ===>> H2,-0.266353889875182,H1,857.599789312641,AX,78.3252581666743,L1,1.29302145545606,L2,0.0186761517...
setting magnet DAC
current  : 5.888003
requested: 5.889038
Delta Dac: 0.001034
Checking detector protection. dv=0.00103
Checking detector "CDD". Protection Threshold: 0.1 (V)
SetMagnetDAC 5.88903758621 ===>> OK
Magnet settling time: 1.049
set states for children of C. state=False
handle state [('C', False)]
update switch state C False args=() kw={'refresh': False} ncanvase=2
refresh_canvas_needed fired
GetData ===>> H2,-0.234600868383678,H1,484.448217876423,AX,37.7751157970652,L1,0.866427657925483,L2,0.039224130...
setting magnet DAC
current  : 5.889038
requested: 5.890072
Delta Dac: 0.001034
Checking detector protection. dv=0.00103
Checking detector "CDD". Protection Threshold: 0.1 (V)
SetMagnetDAC 5.89007206897 ===>> OK
Magnet settling time: 1.049
GetData ===>> H2,-0.320607099195932,H1,119.416726910653,AX,6.96475767190418,L1,0.350478581589106,L2,-0.08907149...
setting magnet DAC
current  : 5.890072
requested: 5.891107
Delta Dac: 0.001034
Checking detector protection. dv=0.00103
Checking detector "CDD". Protection Threshold: 0.1 (V)
SetMagnetDAC 5.89110655172 ===>> OK
Magnet settling time: 1.049
set states for children of P. state=False
handle state [('P', False)]
update switch state P False args=() kw={'refresh': False} ncanvase=2
refresh_canvas_needed fired
GetData ===>> H2,-0.259416523599653,H1,35.6454902467864,AX,1.51479551756628,L1,0.174993183837118,L2,-0.01054358...
setting magnet DAC
current  : 5.891107
requested: 5.892141
Delta Dac: 0.001034
Checking detector protection. dv=0.00103
Checking detector "CDD". Protection Threshold: 0.1 (V)
SetMagnetDAC 5.89214103448 ===>> OK
Magnet settling time: 1.049
GetData ===>> H2,-0.262087726583282,H1,9.13083124524798,AX,0.0918087364989935,L1,0.109207384537177,L2,-0.015871...
setting magnet DAC
current  : 5.892141
requested: 5.893176
Delta Dac: 0.001034
Checking detector protection. dv=0.00103
Checking detector "CDD". Protection Threshold: 0.1 (V)
SetMagnetDAC 5.89317551724 ===>> OK
Magnet settling time: 1.049
GetData ===>> H2,-0.147491263041765,H1,1.89082981878792,AX,-0.159831426935558,L1,0.101643041059231,L2,-0.048677...
setting magnet DAC
current  : 5.893176
requested: 5.894210
Delta Dac: 0.001034
Checking detector protection. dv=0.00103
Checking detector "CDD". Protection Threshold: 0.1 (V)
SetMagnetDAC 5.89421 ===>> OK
Magnet settling time: 1.049
GetData ===>> H2,-0.110661467751462,H1,0.292034515313611,AX,-0.31092516875388,L1,0.0674402044812375,L2,-0.20117...
result of _do_sweep=True
result of _calculate_peak_center=([5.8719592916868226, 5.8795924891161633, 5.8872256865455048], [1126.5614955922915, 1519.4431148562674, 1115.4446415574232], 5.877618886738996, 1519.4431148562674)
Failed to find a valid peak. No peak greater than 1.0. max = 0.0359986627161
new center pos Detector(H1) (Ar40) @ 5.87959248912
GetHighVoltage ===>> 4500
GetDeflection H1 ===>> 0
dac uncorrected for HV and deflection 5.87959248912
update mftable H1 Ar40 5.87959248912 message=automated run peakcenter
get initial guess parabolic
get initial guess parabolic
get initial guess parabolic
get initial guess parabolic
get initial guess parabolic
get initial guess parabolic
dump mftable to /Users/jan/PychronDev/setupfiles/spectrometer/mftables/mftable.csv
add to repo msg=modified - automated run peakcenter
sweep finished
set states for children of W. state=True
handle state [('W', True)]
update switch state W True args=() kw={'refresh': False} ncanvase=2
refresh_canvas_needed fired
locally archiving mftable
setting magnet DAC
current  : 5.894210
requested: 5.879592
Delta Dac: 0.014618
Checking detector protection. dv=0.01462
Checking detector "CDD". Protection Threshold: 0.1 (V)
SetMagnetDAC 5.87959248912 ===>> OK
Magnet settling time: 0.500
setting integration time = 1.048576
SetIntegrationTime 1.048576 ===>> OK
Failed to find a valid peak. No peak greater than 1.0. max = 0.0359986627161
flush and close file /Users/jan/PychronDev/data/isotopes/de/1ebbc4-db95-4324-af5f-ca05803ed9eb.h5
finished measure script
executed snippet estimated_duration=226.132928, duration=274.197487116
jan_unknown120_60.py completed successfully
Measurement Finished
18:36:03 -- ******* Measurement Finished *******
Post Measurement Started jan_pump_ms.py
18:36:03 -- ******* Post Measurement Started jan_pump_ms.py *******
testing...
no interpolation path defined
executed snippet estimated_duration=0, duration=2.98023223877e-05
Pumping spectrometer
open () {'name': 'O'}
opening name=O desc=---
checking ownership. requestor=129.138.12.150
check software interlocks O
interlocks []
actuate state mode=None-script, software_lock=False
doing actuation None-script open_channel True
Open O ===>> OK
GetIndicatorState O ===>> OK
change switch state (True, True)
update switch state O True args=() kw={} ncanvase=2
18:36:04 -- OPEN   VALVE-O (Jan Ion Pump)
---------------------------------------- open O () result=[(True, True)], time=0.09 sec
action=open, ok=True, locked=[False]
executed snippet estimated_duration=0, duration=0.344580888748
jan_pump_ms.py completed successfully
setting _ms_pumptime
Post Measurement Finished
18:36:04 -- ******* Post Measurement Finished *******
$$$$$$$$$$$$$$$$$$$$ state at run end measurement
state changed from measurement to success
post measurement save measured=True aborted=False
Set filtering
setting fod for Ar40= {'filter_outliers': True, 'std_devs': 2, 'iterations': 1}
setting fod for H1= {'filter_outliers': True, 'std_devs': 2, 'iterations': 1}
setting fod for PM41= {'filter_outliers': False, 'std_devs': 2, 'iterations': 1}
setting fod for H2= {'filter_outliers': True, 'std_devs': 2, 'iterations': 1}
setting fod for Ar36= {'filter_outliers': True, 'std_devs': 2, 'iterations': 1}
setting fod for CDD= {'filter_outliers': True, 'std_devs': 10, 'iterations': 1}
setting fod for Ar37= {'filter_outliers': True, 'std_devs': 2, 'iterations': 1}
setting fod for L2= {'filter_outliers': True, 'std_devs': 2, 'iterations': 1}
setting fod for Ar38= {'filter_outliers': True, 'std_devs': 2, 'iterations': 1}
setting fod for L1= {'filter_outliers': True, 'std_devs': 2, 'iterations': 1}
setting fod for Ar39= {'filter_outliers': True, 'std_devs': 2, 'iterations': 1}
setting fod for AX= {'filter_outliers': True, 'std_devs': 2, 'iterations': 1}
persistence save...
persistence save - db
post measurement save
6664884976 connecting to database sqlite:////Users/jan/PychronDev/.appdata/local_lab.db
connected to db sqlite:////Users/jan/PychronDev/.appdata/local_lab.db
create new session 6664884976
close session 6664884976
No database instance. Not saving post measurement to isotopedb database
$$$$$$$$$$$$$$$ auto_save_detector_ic=False
massspec enabled True
create new session 4979675504
MassSpec Database Version: 16.0
close session 4979675504
saving post measurement to secondary database
saving to massspec database 129.138.12.160/massspecdata
setting labnumber to 25322
setting aliquot to 5
setting step to 
setting uuid to de1ebbc4-db95-4324-af5f-ca05803ed9eb
setting irradpos to 25322
setting extract_device to Fusions CO2
setting tray to 
setting position to 161
setting power_requested to 5.0
setting extract_value to 5.0
setting duration to 30.0
setting duration_at_request to 30.0
setting first_stage_delay to 30.0
setting cleanup to 30.0
setting comment to K:11
setting irradiation to NM-288
setting level to K
setting irradiation_level to K
setting sample to FC-2
setting material to Sanidine
setting project to Irradiation-NM-288
setting mass_spectrometer to Jan
no attribute chron_dosages
no attribute production_ratios
no attribute interference_corrections
no attribute production_name
no attribute j
Reference Isotope=Ar40
Reference Detector=H1
%%%%%%%%%%%%%%%%%%%% Comment: K:11 %%%%%%%%%%%%%%%%%%%
adding isotope PM41 H2
add baseline dbdet= PM41. original det= H2
get baseline data PM41 H2
Get data baseline <pychron.processing.isotope.Baseline object at 0x19bd52190> len t=60
baseline PM41. v=-0.214715615258, e=0.00499483465759
get signal data PM41 H2
Get data signal PM41 0.14+/-0.06 len t=120
adding isotope Ar40 H1
add baseline dbdet= Ar40. original det= H1
get baseline data Ar40 H1
Get data baseline <pychron.processing.isotope.Baseline object at 0x19b937f10> len t=60
baseline Ar40. v=-0.00933145615891, e=0.00506683596254
get signal data Ar40 H1
Get data signal Ar40 1673.51+/-0.07 len t=120
adding isotope Ar39 AX
add baseline dbdet= Ar39. original det= AX
get baseline data Ar39 AX
Get data baseline <pychron.processing.isotope.Baseline object at 0x15ed843d0> len t=60
baseline Ar39. v=-0.0858783401252, e=0.00779800284965
get signal data Ar39 AX
Get data signal Ar39 204.124+/-0.027 len t=120
adding isotope Ar38 L1
add baseline dbdet= Ar38. original det= L1
get baseline data Ar38 L1
Get data baseline <pychron.processing.isotope.Baseline object at 0x15ed84450> len t=60
baseline Ar38. v=-0.0295239225992, e=0.00237728601297
get signal data Ar38 L1
Get data signal Ar38 2.625+/-0.004 len t=120
adding isotope Ar37 L2
add baseline dbdet= Ar37. original det= L2
get baseline data Ar37 L2
Get data baseline <pychron.processing.isotope.Baseline object at 0x1629251d0> len t=60
baseline Ar37. v=-0.0320433908962, e=0.00649401399838
get signal data Ar37 L2
Get data signal Ar37 0.500+/-0.010 len t=120
adding isotope Ar36 CDD
add baseline dbdet= Ar36. original det= CDD
get baseline data Ar36 CDD
Get data baseline <pychron.processing.isotope.Baseline object at 0x162925810> len t=60
baseline Ar36. v=0.000320060640377, e=2.71386446176e-05
get signal data Ar36 CDD
Get data signal Ar36 0.0284+/-0.0004 len t=120
25322-05 added analysis time 0.55522108078s
analysis added to mass spec database
mass spec save time= 0.569
persistence save - dvc
================= post measurement started
create new session 4982376208
close session 4982376208
---------------- Experiment Queue saving disabled
DVC saving peakcenter
Failed to find a valid peak. No peak greater than 1.0. max = 0.0359986627161
Smart pull ahead: 0 behind: 0
Up-to-date with origin
add to repo msg=modified - ad8224ebc6dbfeb9f5997218dfa5fe690569839d.json
add to repo msg=modified - 22-05.json
add to repo msg=modified - 22-05.dat.json
add to repo msg=modified - 22-05.blan.json
add to repo msg=modified - 22-05.inte.json
add to repo msg=modified - 22-05.icfa.json
add to repo msg=modified - 22-05.base.json
not at valid file /Users/jan/PychronDev/data/.dvc/repositories/Load1788/253/tags/22-05.tags.json
add to repo msg=modified - 22-05.peak.json
add to repo msg=modified - 22-05.extr.json
not at valid file /Users/jan/PychronDev/data/.dvc/repositories/Load1788/253/monitor/22-05.moni.json
commit message=<COLLECTION>
add to repo msg=modified - 22-05.inte.json
add to repo msg=modified - 22-05.base.json
commit message=<ISOEVO> default collection fits
add to repo msg=modified - 22-05.blan.json
commit message=<BLANKS> preceding ba-01-J-2292
add to repo msg=modified - 22-05.icfa.json
commit message=<ICFactor> default
push repository <pychron.git_archive.repo_manager.GitRepoManager object at 0x19d3a1b90>
pushing to remote=origin, url=https://github.com
no changes to meta repo
set states for children of W. state=False
handle state [('W', False)]
update switch state W False args=() kw={'refresh': False} ncanvase=2
refresh_canvas_needed fired
create new session 4982376208
add association Load1788
get identifier "25322"
setting analysis irradiation position=<pychron.dvc.dvc_orm.IrradiationPositionTbl object at 0x19d79f6d0>
close session 4982376208
================= post measurement finished
18:36:17 -- ******* Post Run Check *******
loading queue conditionals post_run_actions
loading system conditionals post_run_actions
loading conditionals from /Users/jan/PychronDev/setupfiles/spectrometer/default_conditionals.yaml
loading queue conditionals post_run_terminations
loading system conditionals post_run_terminations
loading conditionals from /Users/jan/PychronDev/setupfiles/spectrometer/default_conditionals.yaml
Checking default post run terminations n=1
GetDeflection CDD ===>> 50
testing CDD==2000
evaluate ot="CDD.deflection==2000" t="CDD==2000", ctx="{'CDD': 50.0}"
18:36:17 -- ******* Post Run Check Passed *******
18:36:17 -- Automated run 25322-05 success duration: 365.874 s
----------------- finish -----------------
----------------- stop -----------------
retroactive repository identifiers disabled
finish run. runs completed=53
update duration runid=25322-05, duration=365.874372005, md5=301e91d8
loading script "jan_unknown120_60.py"
loading script "jan_pump_ms.py"
loading script "jan_co2.py"
loading script "jan_pump_extraction_line.py"
testing...
no interpolation path defined
executed snippet estimated_duration=213.652928, duration=0.000202894210815
script duration name:unknown120_60 seconds:214.0
loading script "jan_unknown120_60.py"
loading script "jan_pump_ms.py"
loading script "jan_co2.py"
loading script "jan_pump_extraction_line.py"
testing...
no interpolation path defined
executed snippet estimated_duration=0, duration=2.28881835938e-05
loading script "jan_unknown120_60.py"
loading script "jan_pump_ms.py"
loading script "jan_co2.py"
loading script "jan_pump_extraction_line.py"
testing...
no interpolation path defined
calculate duration
testing...
no interpolation path defined
executed snippet estimated_duration=0, duration=4.88758087158e-05
calculate duration
testing...
no interpolation path defined
executed snippet estimated_duration=0, duration=8.79764556885e-05
executed snippet estimated_duration=0.0, duration=0.00194501876831
script duration name:co2 seconds:0.0
loading script "jan_unknown120_60.py"
loading script "jan_pump_ms.py"
loading script "jan_co2.py"
loading script "jan_pump_extraction_line.py"
testing...
no interpolation path defined
calculate duration
testing...
no interpolation path defined
executed snippet estimated_duration=4.0, duration=0.000288009643555
executed snippet estimated_duration=4.0, duration=0.00161218643188
Script duration 214.0
Run total estimated duration= 215.000
unknown120_60 in script context. using previous estimated duration
script duration name:unknown120_60 seconds:214.0
pump_ms in script context. using previous estimated duration
co2 in script context. using previous estimated duration
script duration name:co2 seconds:0.0
pump_extraction_line in script context. using previous estimated duration
Script duration 214.0
Run total estimated duration= 215.000
script duration name:unknown120_60 seconds:214.0
script duration name:co2 seconds:0.0
Script duration 214.0
Run total estimated duration= 215.000
script duration name:unknown120_60 seconds:214.0
script duration name:co2 seconds:0.0
Script duration 214.0
Run total estimated duration= 215.000
script duration name:unknown120_60 seconds:214.0
loading script "jan_unknown120_60.py"
loading script "jan_pump_ms.py"
loading script "jan_cocktail_x1.py"
loading script "jan_pump_extraction_line.py"
testing...
no interpolation path defined
calculate duration
testing...
no interpolation path defined
executed snippet estimated_duration=0, duration=4.00543212891e-05
calculate duration
testing...
no interpolation path defined
executed snippet estimated_duration=0, duration=7.5101852417e-05
calculate duration
testing...
no interpolation path defined
executed snippet estimated_duration=32.0, duration=7.20024108887e-05
calculate duration
testing...
no interpolation path defined
executed snippet estimated_duration=34.0, duration=7.39097595215e-05
calculate duration
testing...
no interpolation path defined
executed snippet estimated_duration=4.0, duration=4.79221343994e-05
calculate duration
testing...
no interpolation path defined
executed snippet estimated_duration=38.0, duration=7.48634338379e-05
executed snippet estimated_duration=108.0, duration=0.00474190711975
script duration name:cocktail_x1 seconds:108.0
Script duration 322.0
Run total estimated duration= 323.000
script duration name:unknown120_60 seconds:214.0
script duration name:co2 seconds:0.0
Script duration 214.0
Run total estimated duration= 215.000
script duration name:unknown120_60 seconds:214.0
script duration name:co2 seconds:0.0
Script duration 214.0
Run total estimated duration= 215.000
script duration name:unknown120_60 seconds:214.0
script duration name:co2 seconds:0.0
Script duration 214.0
Run total estimated duration= 215.000
script duration name:unknown120_60 seconds:214.0
script duration name:co2 seconds:0.0
Script duration 214.0
Run total estimated duration= 215.000
script duration name:unknown120_60 seconds:214.0
script duration name:co2 seconds:0.0
Script duration 214.0
Run total estimated duration= 215.000
loading script "jan_unknown400_120.py"
loading script "jan_pump_ms.py"
loading script "jan_co2.py"
loading script "jan_pump_extraction_line.py"
testing...
no interpolation path defined
executed snippet estimated_duration=556.052928, duration=0.000117063522339
script duration name:unknown400_120 seconds:556.0
script duration name:co2 seconds:0.0
Script duration 556.0
Run total estimated duration= 557.000
script duration name:unknown120_60 seconds:214.0
script duration name:co2 seconds:0.0
Script duration 214.0
Run total estimated duration= 215.000
unknown400_120 in script context. using previous estimated duration
script duration name:unknown400_120 seconds:556.0
cocktail_x1 in script context. using previous estimated duration
script duration name:cocktail_x1 seconds:108.0
Script duration 664.0
Run total estimated duration= 665.000
script duration name:unknown120_60 seconds:214.0
script duration name:co2 seconds:0.0
Script duration 214.0
Run total estimated duration= 215.000
script duration name:unknown120_60 seconds:214.0
script duration name:co2 seconds:0.0
Script duration 214.0
Run total estimated duration= 215.000
script duration name:unknown120_60 seconds:214.0
script duration name:co2 seconds:0.0
Script duration 214.0
Run total estimated duration= 215.000
script duration name:unknown120_60 seconds:214.0
script duration name:co2 seconds:0.0
Script duration 214.0
Run total estimated duration= 215.000
script duration name:unknown120_60 seconds:214.0
script duration name:co2 seconds:0.0
Script duration 214.0
Run total estimated duration= 215.000
script duration name:unknown120_60 seconds:214.0
script duration name:co2 seconds:0.0
Script duration 214.0
Run total estimated duration= 215.000
script duration name:unknown120_60 seconds:214.0
script duration name:co2 seconds:0.0
Script duration 214.0
Run total estimated duration= 215.000
script duration name:unknown120_60 seconds:214.0
script duration name:co2 seconds:0.0
Script duration 214.0
Run total estimated duration= 215.000
script duration name:unknown120_60 seconds:214.0
script duration name:co2 seconds:0.0
Script duration 214.0
Run total estimated duration= 215.000
script duration name:unknown400_120 seconds:556.0
script duration name:co2 seconds:0.0
Script duration 556.0
Run total estimated duration= 557.000
script duration name:unknown400_120 seconds:556.0
loading script "jan_unknown400_120.py"
loading script "jan_pump_ms.py"
loading script "jan_sniffair_x2.py"
loading script "jan_pump_extraction_line.py"
testing...
no interpolation path defined
calculate duration
testing...
no interpolation path defined
executed snippet estimated_duration=0, duration=4.50611114502e-05
calculate duration
testing...
no interpolation path defined
executed snippet estimated_duration=0, duration=9.89437103271e-05
calculate duration
testing...
no interpolation path defined
executed snippet estimated_duration=32.0, duration=8.39233398438e-05
calculate duration
testing...
no interpolation path defined
executed snippet estimated_duration=34.0, duration=9.20295715332e-05
calculate duration
testing...
no interpolation path defined
executed snippet estimated_duration=4.0, duration=4.88758087158e-05
calculate duration
testing...
no interpolation path defined
executed snippet estimated_duration=36.0, duration=9.08374786377e-05
calculate duration
testing...
no interpolation path defined
executed snippet estimated_duration=34.0, duration=7.29560852051e-05
calculate duration
testing...
no interpolation path defined
executed snippet estimated_duration=4.0, duration=4.6968460083e-05
calculate duration
testing...
no interpolation path defined
executed snippet estimated_duration=36.0, duration=0.000133991241455
calculate duration
testing...
no interpolation path defined
executed snippet estimated_duration=70.0, duration=7.70092010498e-05
executed snippet estimated_duration=250.0, duration=0.00917601585388
script duration name:sniffair_x2 seconds:250.0
Script duration 806.0
Run total estimated duration= 807.000
script duration name:unknown400_120 seconds:556.0
sniffair_x2 in script context. using previous estimated duration
script duration name:sniffair_x2 seconds:250.0
Script duration 806.0
Run total estimated duration= 807.000
script duration name:unknown120_60 seconds:214.0
script duration name:cocktail_x1 seconds:108.0
Script duration 322.0
Run total estimated duration= 323.000
loading script "jan_ic_peak_hop3.py"
loading script "jan_pump_ms.py"
loading script "jan_sniffair_x1.py"
loading script "jan_pump_extraction_line.py"
testing...
no interpolation path defined
executed snippet estimated_duration=133.8, duration=0.00741982460022
script duration name:ic_peak_hop3 seconds:134.0
loading script "jan_ic_peak_hop3.py"
loading script "jan_pump_ms.py"
loading script "jan_sniffair_x1.py"
loading script "jan_pump_extraction_line.py"
testing...
no interpolation path defined
calculate duration
testing...
no interpolation path defined
executed snippet estimated_duration=0, duration=4.19616699219e-05
calculate duration
testing...
no interpolation path defined
executed snippet estimated_duration=0, duration=9.91821289062e-05
calculate duration
testing...
no interpolation path defined
executed snippet estimated_duration=32.0, duration=0.000147819519043
calculate duration
testing...
no interpolation path defined
executed snippet estimated_duration=34.0, duration=9.3936920166e-05
calculate duration
testing...
no interpolation path defined
executed snippet estimated_duration=4.0, duration=4.91142272949e-05
calculate duration
testing...
no interpolation path defined
executed snippet estimated_duration=70.0, duration=7.60555267334e-05
executed snippet estimated_duration=140.0, duration=0.005774974823
script duration name:sniffair_x1 seconds:140.0
Script duration 274.0
Run total estimated duration= 275.000
script duration name:unknown120_60 seconds:214.0
script duration name:co2 seconds:0.0
Script duration 214.0
Run total estimated duration= 215.000
script duration name:unknown120_60 seconds:214.0
script duration name:co2 seconds:0.0
Script duration 214.0
Run total estimated duration= 215.000
script duration name:unknown120_60 seconds:214.0
script duration name:co2 seconds:0.0
Script duration 214.0
Run total estimated duration= 215.000
script duration name:unknown120_60 seconds:214.0
script duration name:co2 seconds:0.0
Script duration 214.0
Run total estimated duration= 215.000
script duration name:unknown120_60 seconds:214.0
script duration name:co2 seconds:0.0
Script duration 214.0
Run total estimated duration= 215.000
script duration name:unknown400_120 seconds:556.0
script duration name:cocktail_x1 seconds:108.0
Script duration 664.0
Run total estimated duration= 665.000
script duration name:unknown120_60 seconds:214.0
script duration name:co2 seconds:0.0
Script duration 214.0
Run total estimated duration= 215.000
script duration name:unknown120_60 seconds:214.0
script duration name:co2 seconds:0.0
Script duration 214.0
Run total estimated duration= 215.000
script duration name:unknown120_60 seconds:214.0
script duration name:co2 seconds:0.0
Script duration 214.0
Run total estimated duration= 215.000
script duration name:unknown120_60 seconds:214.0
script duration name:co2 seconds:0.0
Script duration 214.0
Run total estimated duration= 215.000
script duration name:unknown120_60 seconds:214.0
script duration name:co2 seconds:0.0
Script duration 214.0
Run total estimated duration= 215.000
script duration name:unknown400_120 seconds:556.0
script duration name:co2 seconds:0.0
Script duration 556.0
Run total estimated duration= 557.000
script duration name:unknown120_60 seconds:214.0
script duration name:co2 seconds:0.0
Script duration 214.0
Run total estimated duration= 215.000
script duration name:unknown120_60 seconds:214.0
script duration name:co2 seconds:0.0
Script duration 214.0
Run total estimated duration= 215.000
script duration name:unknown120_60 seconds:214.0
script duration name:co2 seconds:0.0
Script duration 214.0
Run total estimated duration= 215.000
script duration name:unknown120_60 seconds:214.0
script duration name:co2 seconds:0.0
Script duration 214.0
Run total estimated duration= 215.000
script duration name:unknown120_60 seconds:214.0
script duration name:co2 seconds:0.0
Script duration 214.0
Run total estimated duration= 215.000
script duration name:unknown120_60 seconds:214.0
script duration name:cocktail_x1 seconds:108.0
Script duration 322.0
Run total estimated duration= 323.000
script duration name:unknown120_60 seconds:214.0
script duration name:co2 seconds:0.0
Script duration 214.0
Run total estimated duration= 215.000
script duration name:unknown120_60 seconds:214.0
script duration name:co2 seconds:0.0
Script duration 214.0
Run total estimated duration= 215.000
script duration name:unknown120_60 seconds:214.0
script duration name:co2 seconds:0.0
Script duration 214.0
Run total estimated duration= 215.000
script duration name:unknown120_60 seconds:214.0
script duration name:co2 seconds:0.0
Script duration 214.0
Run total estimated duration= 215.000
script duration name:unknown120_60 seconds:214.0
script duration name:co2 seconds:0.0
Script duration 214.0
Run total estimated duration= 215.000
script duration name:unknown400_120 seconds:556.0
script duration name:co2 seconds:0.0
Script duration 556.0
Run total estimated duration= 557.000
script duration name:unknown400_120 seconds:556.0
script duration name:sniffair_x2 seconds:250.0
Script duration 806.0
Run total estimated duration= 807.000
script duration name:unknown400_120 seconds:556.0
script duration name:cocktail_x1 seconds:108.0
Script duration 664.0
Run total estimated duration= 665.000
script duration name:unknown400_120 seconds:556.0
script duration name:sniffair_x2 seconds:250.0
Script duration 806.0
Run total estimated duration= 807.000
ic_peak_hop3 in script context. using previous estimated duration
script duration name:ic_peak_hop3 seconds:134.0
sniffair_x1 in script context. using previous estimated duration
script duration name:sniffair_x1 seconds:140.0
Script duration 274.0
Run total estimated duration= 275.000
script duration name:unknown120_60 seconds:214.0
script duration name:co2 seconds:0.0
Script duration 214.0
Run total estimated duration= 215.000
script duration name:unknown120_60 seconds:214.0
script duration name:co2 seconds:0.0
Script duration 214.0
Run total estimated duration= 215.000
script duration name:unknown120_60 seconds:214.0
script duration name:co2 seconds:0.0
Script duration 214.0
Run total estimated duration= 215.000
script duration name:unknown120_60 seconds:214.0
script duration name:co2 seconds:0.0
Script duration 214.0
Run total estimated duration= 215.000
script duration name:unknown120_60 seconds:214.0
script duration name:co2 seconds:0.0
Script duration 214.0
Run total estimated duration= 215.000
script duration name:unknown120_60 seconds:214.0
script duration name:co2 seconds:0.0
Script duration 214.0
Run total estimated duration= 215.000
script duration name:unknown120_60 seconds:214.0
script duration name:co2 seconds:0.0
Script duration 214.0
Run total estimated duration= 215.000
script duration name:unknown120_60 seconds:214.0
script duration name:co2 seconds:0.0
Script duration 214.0
Run total estimated duration= 215.000
script duration name:unknown120_60 seconds:214.0
script duration name:co2 seconds:0.0
Script duration 214.0
Run total estimated duration= 215.000
script duration name:unknown120_60 seconds:214.0
script duration name:co2 seconds:0.0
Script duration 214.0
Run total estimated duration= 215.000
script duration name:unknown400_120 seconds:556.0
script duration name:co2 seconds:0.0
Script duration 556.0
Run total estimated duration= 557.000
script duration name:unknown120_60 seconds:214.0
script duration name:cocktail_x1 seconds:108.0
Script duration 322.0
Run total estimated duration= 323.000
script duration name:unknown120_60 seconds:214.0
script duration name:co2 seconds:0.0
Script duration 214.0
Run total estimated duration= 215.000
script duration name:unknown120_60 seconds:214.0
script duration name:co2 seconds:0.0
Script duration 214.0
Run total estimated duration= 215.000
script duration name:unknown120_60 seconds:214.0
script duration name:co2 seconds:0.0
Script duration 214.0
Run total estimated duration= 215.000
script duration name:unknown120_60 seconds:214.0
script duration name:co2 seconds:0.0
Script duration 214.0
Run total estimated duration= 215.000
script duration name:unknown400_120 seconds:556.0
script duration name:cocktail_x1 seconds:108.0
Script duration 664.0
Run total estimated duration= 665.000
script duration name:unknown120_60 seconds:214.0
script duration name:co2 seconds:0.0
Script duration 214.0
Run total estimated duration= 215.000
script duration name:unknown120_60 seconds:214.0
script duration name:co2 seconds:0.0
Script duration 214.0
Run total estimated duration= 215.000
script duration name:unknown120_60 seconds:214.0
script duration name:co2 seconds:0.0
Script duration 214.0
Run total estimated duration= 215.000
script duration name:unknown120_60 seconds:214.0
script duration name:co2 seconds:0.0
Script duration 214.0
Run total estimated duration= 215.000
script duration name:unknown120_60 seconds:214.0
script duration name:co2 seconds:0.0
Script duration 214.0
Run total estimated duration= 215.000
script duration name:unknown120_60 seconds:214.0
script duration name:co2 seconds:0.0
Script duration 214.0
Run total estimated duration= 215.000
script duration name:unknown400_120 seconds:556.0
script duration name:co2 seconds:0.0
Script duration 556.0
Run total estimated duration= 557.000
script duration name:unknown400_120 seconds:556.0
script duration name:sniffair_x2 seconds:250.0
Script duration 806.0
Run total estimated duration= 807.000
script duration name:unknown400_120 seconds:556.0
script duration name:sniffair_x2 seconds:250.0
Script duration 806.0
Run total estimated duration= 807.000
script duration name:ic_peak_hop3 seconds:134.0
script duration name:sniffair_x1 seconds:140.0
Script duration 274.0
Run total estimated duration= 275.000
script duration name:unknown120_60 seconds:214.0
script duration name:co2 seconds:0.0
Script duration 214.0
Run total estimated duration= 215.000
script duration name:unknown120_60 seconds:214.0
script duration name:co2 seconds:0.0
Script duration 214.0
Run total estimated duration= 215.000
nruns=84 before=5.0, run_dur=26076.0, btw=3735.0
write rem/ex queues
/Users/jan/PychronDev/experiments/rem/CurrentExperiment.rem.txt
/Users/jan/PychronDev/experiments/rem/CurrentExperiment.ex.txt
doing event level: 3
