do run
loading script "jan_unknown120_60.py"
loading script "jan_pump_ms.py"
loading script "jan_co2.py"
loading script "jan_pump_extraction_line.py"
testing...
no interpolation path defined
executed snippet estimated_duration=213.652928, duration=0.000221967697144
script duration name:unknown120_60 seconds:214.0
loading script "jan_unknown120_60.py"
loading script "jan_pump_ms.py"
loading script "jan_co2.py"
loading script "jan_pump_extraction_line.py"
testing...
no interpolation path defined
executed snippet estimated_duration=0, duration=2.59876251221e-05
loading script "jan_unknown120_60.py"
loading script "jan_pump_ms.py"
loading script "jan_co2.py"
loading script "jan_pump_extraction_line.py"
testing...
no interpolation path defined
calculate duration
testing...
no interpolation path defined
executed snippet estimated_duration=0, duration=5.60283660889e-05
calculate duration
testing...
no interpolation path defined
executed snippet estimated_duration=0, duration=0.000102043151855
executed snippet estimated_duration=0.0, duration=0.00261497497559
script duration name:co2 seconds:0.0
loading script "jan_unknown120_60.py"
loading script "jan_pump_ms.py"
loading script "jan_co2.py"
loading script "jan_pump_extraction_line.py"
testing...
no interpolation path defined
calculate duration
testing...
no interpolation path defined
executed snippet estimated_duration=4.0, duration=0.000164985656738
executed snippet estimated_duration=4.0, duration=0.00143909454346
Script duration 214.0
Run total estimated duration= 215.000
run duration: 0:03:35
doing event level: 2
20:32:54 -- Setting default integration. t=1.048576
setting integration time = 1.048576
SetIntegrationTime 1.048576 ===>> OK
----------------- start -----------------
**************** Experiment Type: Ar/Ar, Ar/Ar
create new session 4419362736
close session 4419362736
$$$$$ Clearing conditionals
adding conditionals 
Add queue conditionals
add default conditionals
adding default conditionals from /Users/jan/PychronDev/setupfiles/spectrometer/default_conditionals.yaml
Start automated run 25324-06
loading script "jan_unknown120_60.py"
loading script "jan_pump_ms.py"
loading script "jan_co2.py"
loading script "jan_pump_extraction_line.py"
%%%%%%%%%%%%%%%%%% setting automated run 25324-06
No value "sensitivity_multiplier" in metadata
$$$$$$$$$$$$$$$ auto_save_detector_ic=False
============================= Pre Extraction Check =============================
loading queue conditionals pre_run_terminations
loading system conditionals pre_run_terminations
loading conditionals from /Users/jan/PychronDev/setupfiles/spectrometer/default_conditionals.yaml
20:32:54 -- ******* Pre Extraction Check *******
Get a measurement from the spectrometer
GetData ===>> H2,-0.176640397159533,H1,0.0747823369456448,AX,-0.0231288030872223,L1,0.0734245317853695,L2,0.035...
Pre Extraction Termination data. keys=H2,H1,AX,L1,L2,CDD, signals=-0.17664,0.07478,-0.02313,0.07342,0.03538,0.00387
20:32:54 -- testing system defined conditionals
Checking default pre extraction terminations n=2
testing CDD
evaluate ot="CDD.inactive" t="CDD", ctx="{'CDD': False}"
GetDeflection CDD ===>> 50
testing CDD==2000
evaluate ot="CDD.deflection==2000" t="CDD==2000", ctx="{'CDD': 50.0}"
20:32:54 -- ******* Pre Extraction Check Passed *******
=================================================================================
20:32:54 -- stopping status monitor
stop 4976433200
Alive clients [4982646160]
20:32:54 -- starting status monitor
start 4976433200
Monitor already running
start extraction
do extraction
Analysis started at 20:32:54.331891
Extraction Started jan_co2.py
20:32:54 -- ******* Extraction Started jan_co2.py *******
state changed from not run to extraction
DO EXTRACTION <pychron.extraction_line.pyscript_runner.RemotePyScriptRunner object at 0x12b9a8890>
testing...
no interpolation path defined
calculate duration
testing...
no interpolation path defined
executed snippet estimated_duration=0, duration=6.69956207275e-05
calculate duration
testing...
no interpolation path defined
executed snippet estimated_duration=0, duration=0.000132083892822
executed snippet estimated_duration=100.0, duration=0.00354099273682
Jan CO2 laser analysis
doing GOSUB
testing...
no interpolation path defined
executed snippet estimated_duration=0, duration=5.88893890381e-05
Waiting for CO2 access
wait ('FelixCO2Flag', 0) {}
waiting for FelixCO2Flag = 0
Read FelixCO2Flag ===>> 0
finished waiting
CO2 free
wait ('CO2PumpTimeFlag', 0) {}
waiting for CO2PumpTimeFlag = 0
Read CO2PumpTimeFlag ===>> 0
finished waiting
acquire ('JanCO2Flag',) {'clear': True}
acquire JanCO2Flag
Set JanCO2Flag 1 ===>> OK
JanCO2Flag acquired
set extraction state False (0.75, 'red', 1.5)
CO2 acquired
executed snippet estimated_duration=0, duration=0.0187759399414
WaitForCO2Access.py completed successfully
gosub finished
doing GOSUB
testing...
no interpolation path defined
executed snippet estimated_duration=0, duration=9.48905944824e-05
Prepare for CO2 analysis
close () {'description': 'Jan Inlet'}
closing name=--- desc=Jan Inlet
checking ownership. requestor=129.138.12.150
check software interlocks R
interlocks []
actuate state mode=None-script, software_lock=False
doing actuation None-script close_channel False
Close R ===>> OK
GetIndicatorState R ===>> False
change switch state (True, True)
update switch state R False args=() kw={} ncanvase=2
20:32:54 -- CLOSE  VALVE-R (Jan Inlet)
---------------------------------------- close None (Jan Inlet) result=[(True, True)]
action=close, ok=True, locked=[False]
open () {'description': 'Jan Ion Pump'}
opening name=--- desc=Jan Ion Pump
checking ownership. requestor=129.138.12.150
check software interlocks O
interlocks []
actuate state mode=None-script, software_lock=False
doing actuation None-script open_channel False
Open O ===>> OK
GetIndicatorState O ===>> OK
change switch state (True, True)
update switch state O True args=() kw={} ncanvase=2
20:32:55 -- OPEN   VALVE-O (Jan Ion Pump)
---------------------------------------- open None (Jan Ion Pump) result=[(True, True)], time=0.10 sec
action=open, ok=True, locked=[False]
close () {'description': 'Microbone to Minibone'}
closing name=--- desc=Microbone to Minibone
checking ownership. requestor=129.138.12.150
check software interlocks L
interlocks []
actuate state mode=None-script, software_lock=False
doing actuation None-script close_channel False
Close L ===>> OK
GetIndicatorState L ===>> ERROR 005 : L[13]GetIndicatorState L[13]GetIndicatorState L is not a registered valve name
change switch state (False, False)
---------------------------------------- close None (Microbone to Minibone) result=[(False, False)]
action=close, ok=False, locked=[False]
Failed to close valve Name="", Description="Microbone to Minibone"
checking ownership. requestor=129.138.12.150
check software interlocks L
interlocks []
actuate state mode=None-script, software_lock=False
doing actuation None-script close_channel False
Close L ===>> OK
GetIndicatorState L ===>> False
change switch state (True, True)
update switch state L False args=() kw={} ncanvase=2
20:33:14 -- CLOSE  VALVE-L (Microbone to Minibone)
action=close, ok=True, locked=[False]
open () {'description': 'Microbone to Turbo'}
opening name=--- desc=Microbone to Turbo
checking ownership. requestor=129.138.12.150
check software interlocks U
interlocks []
actuate state mode=None-script, software_lock=False
doing actuation None-script open_channel False
Open U ===>> OK
GetIndicatorState U ===>> OK
change switch state (True, True)
update switch state U True args=() kw={} ncanvase=2
20:33:14 -- OPEN   VALVE-U (Microbone to Turbo)
---------------------------------------- open None (Microbone to Turbo) result=[(True, True)], time=0.15 sec
action=open, ok=True, locked=[False]
open () {'description': 'Microbone to Inlet Pipette'}
opening name=--- desc=Microbone to Inlet Pipette
checking ownership. requestor=129.138.12.150
check software interlocks S
interlocks []
actuate state mode=None-script, software_lock=False
doing actuation None-script open_channel False
Open S ===>> OK
GetIndicatorState S ===>> OK
change switch state (True, True)
update switch state S True args=() kw={} ncanvase=2
20:33:15 -- OPEN   VALVE-S (Microbone to Inlet Pipette)
---------------------------------------- open None (Microbone to Inlet Pipette) result=[(True, True)], time=0.42 sec
action=open, ok=True, locked=[False]
open () {'description': 'Microbone to Getter D-50'}
opening name=--- desc=Microbone to Getter D-50
checking ownership. requestor=129.138.12.150
check software interlocks K
interlocks []
actuate state mode=None-script, software_lock=False
doing actuation None-script open_channel False
Open K ===>> OK
GetIndicatorState K ===>> OK
change switch state (True, True)
update switch state K True args=() kw={} ncanvase=2
20:33:16 -- OPEN   VALVE-K (Microbone to Getter D-50)
---------------------------------------- open None (Microbone to Getter D-50) result=[(True, True)], time=0.43 sec
action=open, ok=True, locked=[False]
open () {'description': 'Microbone to Getter NP-10'}
opening name=--- desc=Microbone to Getter NP-10
checking ownership. requestor=129.138.12.150
check software interlocks M
interlocks []
actuate state mode=None-script, software_lock=False
doing actuation None-script open_channel False
Open M ===>> OK
GetIndicatorState M ===>> OK
change switch state (True, True)
update switch state M True args=() kw={} ncanvase=2
20:33:16 -- OPEN   VALVE-M (Microbone to Getter NP-10)
---------------------------------------- open None (Microbone to Getter NP-10) result=[(True, True)], time=0.15 sec
action=open, ok=True, locked=[False]
close () {'description': 'CO2 Laser to Felix'}
closing name=--- desc=CO2 Laser to Felix
checking ownership. requestor=129.138.12.150
check software interlocks F
interlocks []
actuate state mode=None-script, software_lock=True
VALVE-F(CO2 Laser to Felix) software locked
change switch state (True, False)
---------------------------------------- close None (CO2 Laser to Felix) result=[(True, False)]
action=close, ok=True, locked=[True]
open () {'description': 'CO2 Laser to Jan'}
opening name=--- desc=CO2 Laser to Jan
checking ownership. requestor=129.138.12.150
check software interlocks A
interlocks []
actuate state mode=None-script, software_lock=False
doing actuation None-script open_channel False
Open A ===>> OK
GetIndicatorState A ===>> OK
change switch state (True, True)
update switch state A True args=() kw={} ncanvase=2
20:33:16 -- OPEN   VALVE-A (CO2 Laser to Jan)
---------------------------------------- open None (CO2 Laser to Jan) result=[(True, True)], time=0.14 sec
action=open, ok=True, locked=[False]
open () {'description': 'Microbone to CO2 Laser'}
opening name=--- desc=Microbone to CO2 Laser
checking ownership. requestor=129.138.12.150
check software interlocks T
interlocks []
actuate state mode=None-script, software_lock=False
doing actuation None-script open_channel False
Open T ===>> OK
GetIndicatorState T ===>> OK
change switch state (True, True)
update switch state T True args=() kw={} ncanvase=2
20:33:17 -- OPEN   VALVE-T (Microbone to CO2 Laser)
---------------------------------------- open None (Microbone to CO2 Laser) result=[(True, True)], time=0.44 sec
action=open, ok=True, locked=[False]
executed snippet estimated_duration=0, duration=23.5480101109
PrepareForCO2Analysis.py completed successfully
gosub finished
set_motor ('beam', '1.25') {}
setting motor "beam" to 1.25
set motor beam to 1.25
SetMotor beam,1.25 ===>> OK
GetMotorMoving beam ===>> False
GetMotorMoving beam ===>> False
Block completed
move_to_position ('174',) {'autocenter': True}
FusionsCO2 move to position 174
sending GoToHole 174,True
GoToHole 174,True ===>> OK
GetDriveMoving ===>> OK
GetDriveMoving ===>> OK
GetDriveMoving ===>> OK
GetDriveMoving ===>> OK
GetDriveMoving ===>> OK
GetDriveMoving ===>> OK
GetDriveMoving ===>> False
GetDriveMoving ===>> OK
GetDriveMoving ===>> OK
GetDriveMoving ===>> OK
GetDriveMoving ===>> OK
GetDriveMoving ===>> OK
GetDriveMoving ===>> False
Block completed
GetAutoCorrecting ===>> False
GetAutoCorrecting ===>> False
Block completed
update position
GetPosition ===>> -3.98780,-7.97560,1.00000
got position (-3.9878, -7.9756, 1.0)
move to position succeeded
sleep (5,) {}
SLEEP 5.0
block started
WaitControl setup for 5.0  
Join finished
block finished. duration 5.03557014465
close () {'description': 'Microbone to Turbo'}
closing name=--- desc=Microbone to Turbo
checking ownership. requestor=129.138.12.150
check software interlocks U
interlocks []
actuate state mode=None-script, software_lock=False
doing actuation None-script close_channel True
Close U ===>> OK
GetIndicatorState U ===>> False
change switch state (True, True)
update switch state U False args=() kw={} ncanvase=2
20:33:29 -- CLOSE  VALVE-U (Microbone to Turbo)
---------------------------------------- close None (Microbone to Turbo) result=[(True, True)]
action=close, ok=True, locked=[False]
enable laser
enable () {}
set extraction state FusionsCO2 Enabled (False, 'red', 1.5)
enabling laser
Enable ===>> OK
begin interval
BEGIN INTERVAL Interval 1 waiting for 30.0
block started
set extract to 5.0
WaitControl setup for 30.0  
extract (5.0,) {}
GetPosition ===>> -3.98780,-7.97560,1.00000
set extraction state FusionsCO2 ON! 5.0(watts) (0.75, 'red', 1.5)
extract sample to 5.0 (watts)
set laser output
SetLaserOutput 5.0,watts ===>> OK
executing pattern triangle.lp
execute_pattern ('triangle.lp',) {}
executing pattern triangle.lp
IsPatterning ===>> OK
IsPatterning ===>> OK
IsPatterning ===>> OK
IsPatterning ===>> OK
IsPatterning ===>> OK
IsPatterning ===>> OK
IsPatterning ===>> OK
IsPatterning ===>> OK
IsPatterning ===>> OK
IsPatterning ===>> OK
IsPatterning ===>> OK
IsPatterning ===>> OK
IsPatterning ===>> OK
IsPatterning ===>> OK
IsPatterning ===>> OK
IsPatterning ===>> OK
IsPatterning ===>> OK
IsPatterning ===>> OK
IsPatterning ===>> OK
IsPatterning ===>> OK
IsPatterning ===>> OK
IsPatterning ===>> OK
IsPatterning ===>> OK
IsPatterning ===>> OK
IsPatterning ===>> OK
IsPatterning ===>> OK
IsPatterning ===>> False
IsPatterning ===>> False
Block completed
COMPLETE INTERVAL waiting for Interval 1 to complete
Join finished
block finished. duration 30.1198179722
Interval 1 finished
end_extract () {}
ending extraction. set laser power to 0
set laser power 0
SetLaserPower 0 ===>> OK
disable () {}
%%%%%%%%%%%%%%%%%%%%%%%%%%%%%%%%%%% disable
set extraction state False (0.75, 'red', 1.5)
disabling laser
Disable ===>> OK
sleep (30.0,) {}
SLEEP 30.0
block started
WaitControl setup for 30.0  
Join finished
block finished. duration 30.0951611996
executed snippet estimated_duration=166.5, duration=96.0342981815
jan_co2.py completed successfully
GetAchievedOutput ===>> No Response
Requested Output= 0.000
Achieved Output=  0.000
GetResponseBlob ===>> No Response
GetOutputBlob ===>> No Response
persistence save...
persistence save - db
AutomatedRunPersister post_extraction_save deprecated
persistence save - dvc
no extraction position for 174
create new session 4982376208
close session 4982376208
Extraction Finished
20:34:30 -- ******* Extraction Finished *******
no overlap. not waiting for min ms pumptime
20:34:30 -- Sending spectrometer configuration
======== Sending configuration ========
SetDeflection CDD,50.0 ===>> OK
SetDeflection H2,0.0 ===>> OK
SetDeflection H1,0.0 ===>> OK
SetDeflection L2,825.0 ===>> OK
SetDeflection L1,400.0 ===>> OK
SetDeflection AX,190.0 ===>> OK
SetZFocus 74.64 ===>> OK
SetZSymmetry -50.72 ===>> OK
SetExtractionLens 26.13 ===>> OK
SetIonRepeller -3.81 ===>> OK
SetElectronEnergy 75.08 ===>> OK
SetYSymmetry -2.81 ===>> OK
SetIonCounterVoltage 1590.0 ===>> OK
send trap current 200.0
GetParameter Trap Current Readback ===>> 198.147042666178
SetParameter Trap Current Set,200.0 ===>> OK
updating mftable name mftable
Using mftable located at /Users/jan/PychronDev/setupfiles/spectrometer/mftables/mftable.csv
============ MFtable ===========
Isotope  H2     H1     AX     L1     L2     CDD    
Ar40     5.8008 5.8794 5.9929 6.1407 6.2313 6.3690
Ar39     5.7001 5.7716 5.8853 6.0268 6.1165 6.2555
Ar36     5.3776 5.4406 5.5487 5.6857 5.7714 5.9066
================================
get initial guess parabolic
get initial guess parabolic
get initial guess parabolic
get initial guess parabolic
get initial guess parabolic
get initial guess parabolic
======== Configuration Finished ========
GetYSymmetry ===>> -2.81
GetZSymmetry ===>> -50.72
GetParameter Trap Current Readback ===>> 197.811389855338
GetHighVoltage ===>> 4500
start measurement
do measurement
L#=25324 analysis type=unknown
Measurement Started jan_unknown120_60.py
20:34:30 -- ******* Measurement Started jan_unknown120_60.py *******
state changed from extraction to measurement
setting spec, defl, and gains
GetExtractionLens ===>> 26.13
GetYSymmetry ===>> -2.81
GetZSymmetry ===>> -50.72
GetZFocus ===>> 74.64
GetDeflection H2 ===>> 0
GetDeflection H1 ===>> 0
GetDeflection AX ===>> 190
GetDeflection L1 ===>> 400
GetDeflection L2 ===>> 825
GetDeflection CDD ===>> 50
GetGain H2 ===>> 0.0113
GetGain H1 ===>> 0.1
GetGain AX ===>> 0.097049
GetGain L1 ===>> 0.010355
GetGain L2 ===>> 0.095649
GetGain CDD ===>> 0
pre measurement save
New frame /Users/jan/PychronDev/data/isotopes/69/9f592f-d738-4984-b4d3-45cd410e2183.h5
flush and close file /Users/jan/PychronDev/data/isotopes/69/9f592f-d738-4984-b4d3-45cd410e2183.h5
testing...
no interpolation path defined
executed snippet estimated_duration=226.132928, duration=0.000216007232666
unknown measurement script
activate_detectors ('H2', 'H1', 'AX', 'L1', 'L2', 'CDD') {}
activate detectors
*************** Set Analysis View Ar/Ar
create graphs
clearing graphs
clear isotope group
setting isotope det=H2, iso=PM41
setting isotope det=H1, iso=Ar40
setting isotope det=AX, iso=Ar39
setting isotope det=L1, iso=Ar38
setting isotope det=L2, iso=Ar37
setting isotope det=CDD, iso=Ar36
setting previous blanks
 - setting Ar40 blank 0.205+/-0.007
 - setting Ar36 blank 0.00443+/-0.00018
 - setting Ar37 blank 0.053+/-0.005
 - setting Ar38 blank 0.0069+/-0.0021
 - setting PM41 blank 0.04+/-0.07
 - setting Ar39 blank 0.035+/-0.009
load analysis view
position_magnet ('Ar40',) {'detector': 'H1'}
detector Detector(H1)
POSITION Ar40 H1
setting detector H2 to PM41 (40.9624)
setting detector H1 to Ar40 (39.9624)
setting detector AX to Ar39 (38.9624)
setting detector L1 to Ar38 (37.9624)
setting detector L2 to Ar37 (36.9624)
setting detector CDD to Ar36 (35.9624)
Mapping mass to dac mass func: "parabolic"
H1 map mass coeffs = [-0.00063987  0.15840543  0.57096999]
H1 map mass to dac 39.9624 >> 5.87936
GetDeflection H1 ===>> 0
GetHighVoltage ===>> 4500
positioning Ar40 (5.87936) on H1
setting magnet DAC
current  : 5.879360
requested: 5.879360
Delta Dac: 0.000000
Checking detector protection. dv=0.00000
Checking detector "CDD". Protection Threshold: 0.1 (V)
SetMagnetDAC 5.87936 ===>> OK
equilibrate () {'delay': 3, 'inlet': 'R', 'outlet': 'O', 'eqtime': 12.0}
Equilibration Started
20:34:32 -- ******* Equilibration Started *******
checking ownership. requestor=129.138.12.150
check software interlocks O
interlocks []
actuate state mode=None-script, software_lock=False
doing actuation None-script close_channel True
Close O ===>> OK
GetIndicatorState O ===>> False
change switch state (True, True)
update switch state O False args=() kw={} ncanvase=2
20:34:32 -- CLOSE  VALVE-O (Jan Ion Pump)
waiting 3s before opening inlet value ('R',)
update labels <pychron.experiment.plot_panel.PlotPanel object at 0x1a1c43e30>
update labels "<pychron.graph.stacked_regression_graph.StackedRegressionGraph object at 0x19b02b0b0>"
setting label 0 H2 PM41
setting label 1 H1 Ar40
setting label 2 AX Ar39
setting label 3 L1 Ar38
setting label 4 L2 Ar37
setting label 5 CDD Ar36
update labels "<pychron.graph.stacked_graph.StackedGraph object at 0x1a2f9bfb0>"
setting label 0 H2 PM41
setting label 1 H1 Ar40
setting label 2 AX Ar39
setting label 3 L1 Ar38
setting label 4 L2 Ar37
setting label 5 CDD Ar36
checking ownership. requestor=129.138.12.150
check software interlocks R
interlocks []
actuate state mode=None-script, software_lock=False
doing actuation None-script open_channel True
Open R ===>> OK
set states for children of R. state=True
handle state [('R', True)]
update switch state R True args=() kw={'refresh': False} ncanvase=2
refresh_canvas_needed fired
GetIndicatorState R ===>> OK
change switch state (True, True)
update switch state R True args=() kw={} ncanvase=2
20:34:35 -- OPEN   VALVE-R (Jan Inlet)
equilibrating for 12.0sec
set_time_zero () {}
sniff (12.0,) {}
py_sniff
build tables- sniff [Detector(H2), Detector(H1), Detector(AX), Detector(L1), Detector(L2), Detector(CDD)]
add group /sniff/PM41 (Group) '' table H2
add group /sniff/Ar40 (Group) '' table H1
add group /sniff/Ar39 (Group) '' table AX
add group /sniff/Ar38 (Group) '' table L1
add group /sniff/Ar37 (Group) '' table L2
add group /sniff/Ar36 (Group) '' table CDD
flush and close file /Users/jan/PychronDev/data/isotopes/69/9f592f-d738-4984-b4d3-45cd410e2183.h5
measuring sniff. ncounts=12.0
"sniff" increment series count="1" fit count="0" regressing="False"
starting measurement
GetData ===>> H2,0.178464198755758,H1,349.806206998359,AX,46.7664396175376,L1,0.164724615321926,L2,0.4104242972...
GetData ===>> H2,0.832888797916884,H1,1607.53783986724,AX,207.02630535121,L1,1.2556224965271,L2,0.6997296174007...
GetData ===>> H2,0.42955636939205,H1,2133.62483176937,AX,267.024195997882,L1,2.27361547246083,L2,0.766136178538...
GetData ===>> H2,0.191832662178955,H1,2306.50862951206,AX,284.601870313731,L1,2.88075890567977,L2,0.75021684423...
GetData ===>> H2,0.12769433816741,H1,2370.48311664811,AX,290.693601636363,L1,3.23717611506317,L2,0.659294920933...
GetData ===>> H2,-0.000592370469814236,H1,2397.17473086068,AX,293.314999916868,L1,3.45742966087806,L2,0.6483544...
GetData ===>> H2,-0.0203833543601825,H1,2408.60801715428,AX,294.46976321042,L1,3.58534971416644,L2,0.6670466340...
GetData ===>> H2,0.0149872295917462,H1,2413.18102534365,AX,294.87244037791,L1,3.62332503565546,L2,0.68071083848...
GetData ===>> H2,0.000208262232693573,H1,2414.91240193597,AX,294.853038816837,L1,3.65405936192806,L2,0.59375632...
GetData ===>> H2,0.070444881322708,H1,2415.3530186963,AX,295.14694778454,L1,3.72134531222731,L2,0.6931074983006...
GetData ===>> H2,0.0132288018253476,H1,2415.51156649263,AX,295.119659370195,L1,3.74455486421038,L2,0.5625302416...
Equilibration Finished
20:34:47 -- ******* Equilibration Finished *******
checking ownership. requestor=129.138.12.150
check software interlocks R
interlocks []
actuate state mode=None-script, software_lock=False
doing actuation None-script close_channel True
GetData ===>> H2,-0.0261484181582672,H1,2414.48294001156,AX,295.194585757626,L1,3.79041953808908,L2,0.712860834...
Close R ===>> OK
GetIndicatorState R ===>> False
change switch state (True, True)
update switch state R False args=() kw={} ncanvase=2
20:34:48 -- CLOSE  VALVE-R (Jan Inlet)
Post Equilibration Started jan_pump_extraction_line.py
20:34:48 -- ******* Post Equilibration Started jan_pump_extraction_line.py *******
testing...
no interpolation path defined
calculate duration
testing...
no interpolation path defined
executed snippet estimated_duration=4.0, duration=0.000131130218506
executed snippet estimated_duration=4.0, duration=0.0013279914856
Pump after analysis
doing GOSUB
testing...
no interpolation path defined
executed snippet estimated_duration=4.0, duration=0.000131845474243
Pump Microbone
close () {'description': 'Jan Inlet'}
closing name=--- desc=Jan Inlet
checking ownership. requestor=129.138.12.150
check software interlocks R
interlocks []
actuate state mode=None-script, software_lock=False
doing actuation None-script close_channel False
measurement finished
estimated time: 12.583 actual time: :12.679
flush and close file /Users/jan/PychronDev/data/isotopes/69/9f592f-d738-4984-b4d3-45cd410e2183.h5
set_fits () {}
using default fits file=/Users/jan/PychronDev/scripts/measurement/fits/nominal_linear.yaml
Close R ===>> OK
set "Ar40" to "('Linear', 'SEM')"
No fit for "PM41". defaulting to linear. check the measurement script "jan_unknown120_60.py"
set "PM41" to "linear"
set "Ar36" to "('Linear', 'SEM')"
set "Ar37" to "('linear', 'SEM')"
set "Ar38" to "('linear', 'SEM')"
set "Ar39" to "('Linear', 'SEM')"
set_baseline_fits () {}
using default fits file=/Users/jan/PychronDev/scripts/measurement/fits/nominal_linear.yaml
set "H1" to "('average', 'SEM')"
set "H2" to "('average', 'SEM')"
set "CDD" to "('average', 'SEM')"
set "L2" to "('average', 'SEM')"
set "L1" to "('average', 'SEM')"
set "AX" to "('average', 'SEM')"
multicollect () {'integration_time': 1, 'ncounts': 120}
build tables- signal [Detector(H2), Detector(H1), Detector(AX), Detector(L1), Detector(L2), Detector(CDD)]
add group /signal/PM41 (Group) '' table H2
add group /signal/Ar40 (Group) '' table H1
add group /signal/Ar39 (Group) '' table AX
add group /signal/Ar38 (Group) '' table L1
add group /signal/Ar37 (Group) '' table L2
add group /signal/Ar36 (Group) '' table CDD
flush and close file /Users/jan/PychronDev/data/isotopes/69/9f592f-d738-4984-b4d3-45cd410e2183.h5
measuring signal. ncounts=120
GetIndicatorState R ===>> False
change switch state (True, True)
update switch state R False args=() kw={} ncanvase=2
20:34:48 -- CLOSE  VALVE-R (Jan Inlet)
---------------------------------------- close None (Jan Inlet) result=[(True, True)]
action=close, ok=True, locked=[False]
is_closed ('F',) {}
is F () closed?
is closed True
open () {'description': 'CO2 Laser to Jan'}
opening name=--- desc=CO2 Laser to Jan
checking ownership. requestor=129.138.12.150
check software interlocks A
interlocks []
actuate state mode=None-script, software_lock=False
doing actuation None-script open_channel False
Open A ===>> OK
"signal" increment series count="2" fit count="1" regressing="True"
GetIndicatorState A ===>> OK
change switch state (True, True)
update switch state A True args=() kw={} ncanvase=2
starting measurement
20:34:49 -- OPEN   VALVE-A (CO2 Laser to Jan)
---------------------------------------- open None (CO2 Laser to Jan) result=[(True, True)], time=0.28 sec
GetData ===>> H2,0.0489040597648498,H1,2415.73929470269,AX,295.159994763919,L1,3.77696676322852,L2,0.6573170766...
action=open, ok=True, locked=[False]
sleep (1,) {}
SLEEP 1.0
GetData ===>> H2,0.0263137204027005,H1,2414.83119636044,AX,295.017309451355,L1,3.76875266258061,L2,0.7323894071...
close () {'description': 'CO2 Laser to Roughing'}
closing name=--- desc=CO2 Laser to Roughing
checking ownership. requestor=129.138.12.150
check software interlocks G
interlocks []
actuate state mode=None-script, software_lock=True
VALVE-G(CO2 Laser to Roughing) software locked
change switch state (True, False)
---------------------------------------- close None (CO2 Laser to Roughing) result=[(True, False)]
action=close, ok=True, locked=[True]
open () {'description': 'Microbone to Turbo'}
opening name=--- desc=Microbone to Turbo
checking ownership. requestor=129.138.12.150
check software interlocks U
interlocks []
actuate state mode=None-script, software_lock=False
doing actuation None-script open_channel True
Open U ===>> OK
GetIndicatorState U ===>> OK
change switch state (True, True)
update switch state U True args=() kw={} ncanvase=2
20:34:51 -- OPEN   VALVE-U (Microbone to Turbo)
---------------------------------------- open None (Microbone to Turbo) result=[(True, True)], time=0.21 sec
action=open, ok=True, locked=[False]
open () {'description': 'Microbone to Getter NP-10'}
opening name=--- desc=Microbone to Getter NP-10
checking ownership. requestor=129.138.12.150
check software interlocks M
interlocks []
actuate state mode=None-script, software_lock=False
doing actuation None-script open_channel False
Open M ===>> OK
GetIndicatorState M ===>> OK
change switch state (True, True)
update switch state M True args=() kw={} ncanvase=2
20:34:51 -- OPEN   VALVE-M (Microbone to Getter NP-10)
---------------------------------------- open None (Microbone to Getter NP-10) result=[(True, True)], time=0.14 sec
GetData ===>> H2,-0.0432440207241319,H1,2413.30383824999,AX,294.844082524768,L1,3.80100134456478,L2,0.741153959...
action=open, ok=True, locked=[False]
open () {'description': 'Microbone to Getter D-50'}
opening name=--- desc=Microbone to Getter D-50
checking ownership. requestor=129.138.12.150
check software interlocks K
interlocks []
actuate state mode=None-script, software_lock=False
doing actuation None-script open_channel False
Open K ===>> OK
GetIndicatorState K ===>> OK
change switch state (True, True)
update switch state K True args=() kw={} ncanvase=2
20:34:52 -- OPEN   VALVE-K (Microbone to Getter D-50)
---------------------------------------- open None (Microbone to Getter D-50) result=[(True, True)], time=0.40 sec
action=open, ok=True, locked=[False]
open () {'description': 'Microbone to CO2 Laser'}
opening name=--- desc=Microbone to CO2 Laser
checking ownership. requestor=129.138.12.150
check software interlocks T
interlocks []
actuate state mode=None-script, software_lock=False
doing actuation None-script open_channel False
Open T ===>> OK
GetData ===>> H2,-0.108281033156946,H1,2412.97939269828,AX,294.760020215083,L1,3.80137498084663,L2,0.6031227003...
GetIndicatorState T ===>> OK
change switch state (True, True)
update switch state T True args=() kw={} ncanvase=2
20:34:52 -- OPEN   VALVE-T (Microbone to CO2 Laser)
---------------------------------------- open None (Microbone to CO2 Laser) result=[(True, True)], time=0.40 sec
action=open, ok=True, locked=[False]
open () {'description': 'Microbone to Inlet Pipette'}
opening name=--- desc=Microbone to Inlet Pipette
checking ownership. requestor=129.138.12.150
check software interlocks S
interlocks []
actuate state mode=None-script, software_lock=False
doing actuation None-script open_channel False
Open S ===>> OK
GetIndicatorState S ===>> OK
change switch state (True, True)
update switch state S True args=() kw={} ncanvase=2
20:34:53 -- OPEN   VALVE-S (Microbone to Inlet Pipette)
---------------------------------------- open None (Microbone to Inlet Pipette) result=[(True, True)], time=0.41 sec
action=open, ok=True, locked=[False]
sleep (1,) {}
SLEEP 1.0
GetData ===>> H2,-0.118720762649579,H1,2412.22332744595,AX,294.735831983415,L1,3.77075863963279,L2,0.6825176320...
set_resource () {'name': 'CO2PumpTimeFlag', 'value': 30}
Set CO2PumpTimeFlag 30 ===>> OK
release ('JanCO2Flag',) {}
release JanCO2Flag
Set JanCO2Flag 0 ===>> OK
executed snippet estimated_duration=6.0, duration=6.12345814705
PumpMicrobone.py completed successfully
gosub finished
get_resource_value () {'name': 'JanMiniboneFlag'}
Read JanMiniboneFlag ===>> 0
Get Resource Value JanMiniboneFlag=0.0
get resource value 0.0
get_resource_value () {'name': 'JanMiniboneFlag'}
Read JanMiniboneFlag ===>> 0
Get Resource Value JanMiniboneFlag=0.0
executed snippet estimated_duration=4.0, duration=6.13694000244
jan_pump_extraction_line.py completed successfully
Post Equilibration Finished
20:34:54 -- ******* Post Equilibration Finished *******
GetData ===>> H2,-0.103423275238143,H1,2411.7898703142,AX,294.223475045184,L1,3.72512794755336,L2,0.64476500388...
GetData ===>> H2,-0.0962316048573271,H1,2411.03443754949,AX,294.213686830261,L1,3.75643749336786,L2,0.715571945...
GetData ===>> H2,-0.0898619859303234,H1,2410.35959866008,AX,294.159307073089,L1,3.75998046889364,L2,0.623299538...
GetData ===>> H2,-0.0632229939952569,H1,2408.09583510707,AX,294.335339055361,L1,3.75143643705451,L2,0.650332068...
GetData ===>> H2,-0.0531148595036947,H1,2407.10688456212,AX,294.136407598442,L1,3.75500901684783,L2,0.691186139...
GetData ===>> H2,-0.111969208081986,H1,2406.90341028995,AX,294.011692661168,L1,3.78026940100296,L2,0.6555907835...
GetData ===>> H2,-0.169876561139094,H1,2405.33702843661,AX,293.654967030393,L1,3.75516994335308,L2,0.6225559860...
GetData ===>> H2,-0.0602767886546815,H1,2403.87685703106,AX,293.822053298395,L1,3.74582982643292,L2,0.565091061...
GetData ===>> H2,-0.00462294509845,H1,2402.91776184896,AX,293.542182966355,L1,3.767378021833,L2,0.6790756052809...
GetData ===>> H2,-0.0993514425441855,H1,2402.23868960441,AX,293.352427514276,L1,3.72278515943975,L2,0.659306353...
GetData ===>> H2,-0.10111274340966,H1,2401.38337294498,AX,293.410194187469,L1,3.69556797563513,L2,0.69410250257...
GetData ===>> H2,-0.133158423729178,H1,2400.18876374666,AX,293.336781091465,L1,3.67917457882053,L2,0.7542679557...
GetData ===>> H2,-0.029353335545623,H1,2398.62173540274,AX,293.279031793168,L1,3.69358219186591,L2,0.5060266999...
GetData ===>> H2,0.000106310975091067,H1,2398.38516573818,AX,293.12003093099,L1,3.68053368589474,L2,0.647920015...
GetData ===>> H2,-0.0999200706669285,H1,2396.92626033881,AX,293.295779427164,L1,3.6756409626616,L2,0.7057345244...
GetData ===>> H2,-0.0571019513958448,H1,2396.29032046732,AX,292.979960234728,L1,3.72310356964793,L2,0.725376053...
GetData ===>> H2,0.0317515793818551,H1,2395.2982063027,AX,292.840677248355,L1,3.75343119743633,L2,0.62185819546...
GetData ===>> H2,-0.0254839541432646,H1,2394.42330644369,AX,292.242348597294,L1,3.7091786468681,L2,0.6001262754...
GetData ===>> H2,-0.055852659063612,H1,2393.24154955176,AX,292.339595818583,L1,3.77769368284433,L2,0.6787211178...
20:35:14 -- collecting point 25
GetData ===>> H2,-0.106585789836842,H1,2392.71342646858,AX,292.19253087021,L1,3.76689657882432,L2,0.62848862201...
GetData ===>> H2,0.0515409779421501,H1,2392.06454793083,AX,292.123565793421,L1,3.75914203622969,L2,0.5371658172...
GetData ===>> H2,-0.029838274223358,H1,2391.05126075193,AX,292.172803895212,L1,3.73006380790977,L2,0.6215722171...
GetData ===>> H2,-0.0784641352865285,H1,2389.39612542862,AX,292.19432958569,L1,3.70346329356116,L2,0.6608269207...
GetData ===>> H2,-0.0521053163449685,H1,2388.36577313394,AX,291.962224057604,L1,3.69324131805731,L2,0.502553458...
GetData ===>> H2,-0.102306644533545,H1,2387.42138490171,AX,292.076886353962,L1,3.68119769021037,L2,0.7630917307...
GetData ===>> H2,-0.120203428772689,H1,2386.30630143224,AX,291.922141009273,L1,3.67978743462704,L2,0.6722719620...
GetData ===>> H2,-0.0512205355753729,H1,2385.68879407461,AX,291.751256324341,L1,3.71074186033178,L2,0.599531576...
GetData ===>> H2,-0.122145753056003,H1,2384.88304899951,AX,291.539557599828,L1,3.72374325869478,L2,0.5581175615...
GetData ===>> H2,-0.0907738921070791,H1,2383.60510934252,AX,291.426541777554,L1,3.76159629027846,L2,0.638981085...
GetData ===>> H2,-0.131920865201158,H1,2383.08527263706,AX,291.243004778402,L1,3.73867842216234,L2,0.7250099542...
GetData ===>> H2,-0.228956572173947,H1,2381.6024125844,AX,291.186499813511,L1,3.71942104935619,L2,0.58216112573...
GetData ===>> H2,-0.140113290374317,H1,2380.99044248579,AX,291.121324771413,L1,3.71303589177153,L2,0.6438276654...
GetData ===>> H2,-0.0817159480454134,H1,2379.6427020257,AX,291.105981791461,L1,3.6818503801,L2,0.67994467680166...
GetData ===>> H2,-0.0677048504989704,H1,2378.66706084303,AX,291.015649880823,L1,3.66223975446082,L2,0.648297251...
GetData ===>> H2,-0.0480200949292997,H1,2378.45927002796,AX,291.16046823469,L1,3.66074410174228,L2,0.5313714617...
GetData ===>> H2,-0.0896113005373066,H1,2377.70756958757,AX,290.70378204638,L1,3.68371641913012,L2,0.5971413804...
GetData ===>> H2,0.0160571176574897,H1,2376.47273186851,AX,290.657633080932,L1,3.68192700256325,L2,0.6565968313...
GetData ===>> H2,-0.0300542486744977,H1,2374.84063285996,AX,290.625409701377,L1,3.68274150143562,L2,0.703309640...
GetData ===>> H2,-0.0263631037744468,H1,2374.06252442517,AX,290.416178751094,L1,3.68365681488503,L2,0.583853434...
GetData ===>> H2,-0.103938918557877,H1,2373.10489416909,AX,289.990732162817,L1,3.68817339081718,L2,0.5679149009...
GetData ===>> H2,-0.0557509191237801,H1,2372.53286290617,AX,289.939242176373,L1,3.69227556188051,L2,0.610751425...
GetData ===>> H2,-0.0366605458702893,H1,2371.87651527117,AX,290.02227265561,L1,3.65898357544235,L2,0.5900054559...
GetData ===>> H2,-0.035790336013885,H1,2370.75317600271,AX,290.077305046825,L1,3.6661350043125,L2,0.68080232088...
GetData ===>> H2,-0.107699294209819,H1,2369.15917355077,AX,289.843928793334,L1,3.66611231259886,L2,0.6196619042...
20:35:41 -- collecting point 50
GetData ===>> H2,-0.0896316265859223,H1,2368.37909614201,AX,289.631608656499,L1,3.68622716401872,L2,0.681179686...
GetData ===>> H2,-0.0994624626512005,H1,2367.44349818777,AX,289.565296053533,L1,3.67743659637757,L2,0.566943124...
GetData ===>> H2,-0.06429119483559,H1,2366.26315376142,AX,289.632157008727,L1,3.66095532470875,L2,0.54880130005...
GetData ===>> H2,-0.0079736504966587,H1,2365.25048083124,AX,289.388650691664,L1,3.68564946131539,L2,0.540000264...
GetData ===>> H2,-0.0262245097252768,H1,2364.53924598678,AX,289.285793226716,L1,3.67594613032182,L2,0.740593278...
GetData ===>> H2,-0.0120043437424852,H1,2363.59904589464,AX,289.175460154608,L1,3.65931100331108,L2,0.717448033...
GetData ===>> H2,-0.107183821550143,H1,2363.00271597639,AX,289.103776197353,L1,3.653534724294,L2,0.626991424978...
GetData ===>> H2,-0.0272707172706511,H1,2362.62431364415,AX,288.940490673364,L1,3.657306958284,L2,0.65803732739...
GetData ===>> H2,-0.0824271581594547,H1,2361.41627287192,AX,288.759067158079,L1,3.6347109861852,L2,0.6743987633...
GetData ===>> H2,-0.0320657386623699,H1,2359.84394204904,AX,288.402229192696,L1,3.63744155337674,L2,0.693976696...
GetData ===>> H2,-0.168790276231588,H1,2358.83551235158,AX,288.530958715987,L1,3.60570506981135,L2,0.4900097051...
GetData ===>> H2,-0.0803787526070202,H1,2357.35082417607,AX,288.525372433763,L1,3.63484700374999,L2,0.647325584...
GetData ===>> H2,-0.0586142119960354,H1,2357.14393282585,AX,288.692405936972,L1,3.61526711009059,L2,0.632306008...
GetData ===>> H2,-0.185208607467912,H1,2356.35662111199,AX,288.482011151143,L1,3.59782875383071,L2,0.6273685792...
GetData ===>> H2,0.0106079948980884,H1,2355.77696359244,AX,288.431194965636,L1,3.62966385148549,L2,0.6649542958...
GetData ===>> H2,-0.0176924703788134,H1,2354.71443100032,AX,288.08349280649,L1,3.64338258067245,L2,0.6243971006...
GetData ===>> H2,-0.025251586421515,H1,2353.85656865285,AX,287.885846137621,L1,3.69189354170294,L2,0.5537851016...
GetData ===>> H2,-0.0647073322384989,H1,2353.2419189055,AX,287.864936466126,L1,3.68169713665221,L2,0.5929443861...
GetData ===>> H2,0.0438159131419267,H1,2352.63839666348,AX,287.795979032101,L1,3.58614826239497,L2,0.6185980936...
GetData ===>> H2,0.0521842874290463,H1,2351.14773270356,AX,287.675729366383,L1,3.57552843544231,L2,0.6343519161...
GetData ===>> H2,-0.0544960517740431,H1,2349.56128470282,AX,287.491123502693,L1,3.59827583880912,L2,0.664817094...
GetData ===>> H2,-0.0698219906614042,H1,2348.15975030185,AX,287.416014485206,L1,3.67569773744811,L2,0.560060944...
GetData ===>> H2,-0.0624285562839264,H1,2347.40365852059,AX,287.426960440688,L1,3.69803290997965,L2,0.608235137...
GetData ===>> H2,-0.123105971686546,H1,2347.29342272225,AX,287.246112231666,L1,3.65521080994789,L2,0.7035384005...
GetData ===>> H2,-0.0807513405921269,H1,2345.92466951636,AX,287.445693255195,L1,3.62132795444919,L2,0.634580511...
20:36:07 -- collecting point 75
GetData ===>> H2,-0.149735447629928,H1,2344.99639774606,AX,287.212110543205,L1,3.62818963703909,L2,0.6389582250...
GetData ===>> H2,-0.0926868958797021,H1,2344.02291893794,AX,287.054294211289,L1,3.63462172550409,L2,0.650263478...
GetData ===>> H2,-0.0606374787772216,H1,2343.01440347398,AX,286.810461330328,L1,3.65972773223979,L2,0.696103979...
GetData ===>> H2,0.00398109910382101,H1,2342.25829658513,AX,286.943303070333,L1,3.64533778545042,L2,0.671631643...
GetData ===>> H2,-0.0841596153090256,H1,2340.93695517987,AX,286.729139728819,L1,3.63718363178174,L2,0.644776434...
GetData ===>> H2,-0.0677062068967956,H1,2340.84532387903,AX,286.274436899703,L1,3.61236527784357,L2,0.698963303...
GetData ===>> H2,-0.136660726611032,H1,2339.90562117931,AX,286.233515325343,L1,3.64189514017936,L2,0.6712886181...
GetData ===>> H2,-0.088612569253614,H1,2338.30112689496,AX,286.021998764355,L1,3.66069023339778,L2,0.5838076958...
GetData ===>> H2,-0.10592007044816,H1,2337.50527213992,AX,285.976018349243,L1,3.63106601183187,L2,0.68650870795...
GetData ===>> H2,-0.0985783334312332,H1,2336.87984293927,AX,286.218878210713,L1,3.63085071989815,L2,0.673792734...
GetData ===>> H2,-0.114665439509264,H1,2335.58826692485,AX,286.197553578662,L1,3.6175621828888,L2,0.65257270318...
GetData ===>> H2,-0.229986343924905,H1,2335.48564507136,AX,285.920824821962,L1,3.61228601822724,L2,0.6434504464...
GetData ===>> H2,-0.15536167433294,H1,2334.6454827859,AX,285.776047521934,L1,3.56274903651967,L2,0.599016935827...
GetData ===>> H2,-0.0190223707477492,H1,2333.70450293761,AX,285.593834072561,L1,3.59457091835823,L2,0.659843694...
GetData ===>> H2,0.00368874464944435,H1,2332.29449300938,AX,285.502947802602,L1,3.63206887038518,L2,0.616539139...
GetData ===>> H2,-0.0695182100019282,H1,2330.85997732207,AX,285.373654243386,L1,3.65332912936875,L2,0.638043803...
GetData ===>> H2,0.0246940273167787,H1,2329.38788046467,AX,285.550132255321,L1,3.6357651630211,L2,0.62103458035...
GetData ===>> H2,-0.0451867237644432,H1,2328.95065579104,AX,285.275823958972,L1,3.57650649189973,L2,0.632306008...
GetData ===>> H2,-0.0374818218267408,H1,2328.03622873495,AX,285.09907703594,L1,3.60696268150097,L2,0.6584146037...
GetData ===>> H2,-0.0791240574869564,H1,2327.98232476545,AX,284.95350977529,L1,3.5632177618518,L2,0.54947569842...
GetData ===>> H2,-0.0710383881997532,H1,2326.77721984585,AX,284.753296877463,L1,3.61816257121314,L2,0.577061511...
GetData ===>> H2,-0.00826189573880052,H1,2325.8140864051,AX,285.004671229594,L1,3.63891124638346,L2,0.525143205...
GetData ===>> H2,-0.00184127542505299,H1,2324.47085804085,AX,284.909289061523,L1,3.65034911092782,L2,0.69294738...
GetData ===>> H2,-0.00152565931264743,H1,2323.78256095515,AX,284.58387887166,L1,3.62923473849994,L2,0.738247609...
GetData ===>> H2,-0.0137956079043347,H1,2323.33852083875,AX,284.675506512371,L1,3.6264366786323,L2,0.6570884268...
20:36:33 -- collecting point 100
GetData ===>> H2,-0.0353911847687835,H1,2322.16648280371,AX,284.579309831612,L1,3.59420742031659,L2,0.697064702...
GetData ===>> H2,-0.00338113919634792,H1,2321.69110122987,AX,284.491455094779,L1,3.65181776126151,L2,0.64434205...
GetData ===>> H2,-0.0777215076396389,H1,2319.98241474728,AX,284.669421671049,L1,3.59670121239995,L2,0.644684986...
GetData ===>> H2,-0.00913610445835895,H1,2319.1815198745,AX,284.006499176806,L1,3.57503237116631,L2,0.564427985...
GetData ===>> H2,-0.071800435002824,H1,2317.51265014241,AX,283.991415240302,L1,3.56062447493063,L2,0.5866435216...
GetData ===>> H2,-0.150630776560261,H1,2317.18942196741,AX,283.944287866449,L1,3.58073756012869,L2,0.6865315799...
GetData ===>> H2,-0.0912562378590246,H1,2316.65384686358,AX,283.761143822645,L1,3.62359822736246,L2,0.643690494...
GetData ===>> H2,-0.108235036278405,H1,2314.81416704133,AX,283.851629196301,L1,3.608946272334,L2,0.648102917656...
GetData ===>> H2,-0.102485312821203,H1,2314.69080079418,AX,283.724534830341,L1,3.60643500593336,L2,0.5415089561...
GetData ===>> H2,-0.0528746940435029,H1,2313.99743373339,AX,283.605362796258,L1,3.56553201190557,L2,0.642078753...
GetData ===>> H2,-0.0540591898204883,H1,2312.79179543034,AX,283.656321337351,L1,3.58692000786386,L2,0.683501090...
GetData ===>> H2,-0.0704742779753773,H1,2312.0431203635,AX,283.446655821384,L1,3.58518859767794,L2,0.6360206774...
GetData ===>> H2,-0.0955557979947698,H1,2310.730636316,AX,283.318105458271,L1,3.5829035231069,L2,0.645713782631...
GetData ===>> H2,-0.0676302483695526,H1,2309.63204507312,AX,283.069183888949,L1,3.58502041701104,L2,0.634477643...
GetData ===>> H2,-0.0099857765744854,H1,2308.46448138397,AX,283.258758787904,L1,3.58767342686785,L2,0.580971953...
GetData ===>> H2,0.0726327451315679,H1,2308.25670762911,AX,283.260980789558,L1,3.58356624833355,L2,0.6287514910...
GetData ===>> H2,-0.0230255082456517,H1,2307.19094775792,AX,282.636873174898,L1,3.59904978837391,L2,0.574065900...
GetData ===>> H2,-0.0348073669517131,H1,2306.63585520038,AX,282.932312897155,L1,3.56648947261743,L2,0.678286586...
GetData ===>> H2,-0.0503506150675262,H1,2305.3984734102,AX,282.633801023007,L1,3.54576523587119,L2,0.6601409476...
GetData ===>> H2,0.0220989138420088,H1,2305.03553219328,AX,282.561559962177,L1,3.58789394879847,L2,0.6798531952...
GetData ===>> H2,0.0654610049436446,H1,2304.17454379374,AX,282.325362264415,L1,3.58248810229236,L2,0.5861289502...
measurement finished
estimated time: 125.829 actual time: :126.393
flush and close file /Users/jan/PychronDev/data/isotopes/69/9f592f-d738-4984-b4d3-45cd410e2183.h5
baselines () {'settling_time': 15.0, 'detector': 'H1', 'mass': 34.2, 'ncounts': 60}
%%%%%%%%%%%%%%%%%%%%%%%%%%%%%%%% Baseline
build tables- baseline [Detector(H2), Detector(H1), Detector(AX), Detector(L1), Detector(L2), Detector(CDD)]
add group baseline table H2
add group baseline table H1
add group baseline table AX
add group baseline table L1
add group baseline table L2
add group baseline table CDD
flush and close file /Users/jan/PychronDev/data/isotopes/69/9f592f-d738-4984-b4d3-45cd410e2183.h5
detector Detector(H1)
POSITION 34.2 H1
Mapping mass to dac mass func: "parabolic"
H1 map mass coeffs = [-0.00063987  0.15840543  0.57096999]
H1 map mass to dac 34.2 >> 5.24001599104
GetDeflection H1 ===>> 0
GetHighVoltage ===>> 4500
positioning 34.2 (5.24001599104) on H1
setting magnet DAC
current  : 5.879360
requested: 5.240016
Delta Dac: 0.639344
Checking detector protection. dv=0.63934
Checking detector "CDD". Protection Threshold: 0.1 (V)
ProtectDetector CDD,On ===>> OK
GetDeflection CDD ===>> 2000
Protected = 2000
SetMagnetDAC 5.24001599104 ===>> OK
Magnet settling time: 0.500
GetMagnetMoving ===>> True
GetMagnetMoving ===>> True
GetMagnetMoving ===>> True
GetMagnetMoving ===>> True
GetMagnetMoving ===>> True
GetMagnetMoving ===>> True
GetMagnetMoving ===>> True
GetMagnetMoving ===>> True
GetMagnetMoving ===>> False
ProtectDetector CDD,Off ===>> OK
GetDeflection CDD ===>> 50
Delaying 15.0s for detectors to settle
Join finished
measuring baseline. ncounts=60
"baseline" increment series count="2" fit count="1" regressing="True"
starting measurement
GetData ===>> H2,-0.0637435510914328,H1,-0.161372426598816,AX,-0.188580130361775,L1,-0.0681404534668182,L2,-0.0...
GetData ===>> H2,-0.168138455285289,H1,-0.186176356325851,AX,-0.156692647659662,L1,-0.0714026317105919,L2,-0.04...
GetData ===>> H2,-0.0735277329004097,H1,-0.088580820535422,AX,-0.0144646934831579,L1,-0.0550272576206167,L2,-0....
GetData ===>> H2,-0.0968234107277686,H1,-0.00831646301333573,AX,-0.102067724099763,L1,-0.0521021020542725,L2,0....
GetData ===>> H2,-0.183147432030469,H1,-0.000360442767699376,AX,-0.155011628749575,L1,-0.0330167418313671,L2,0....
GetData ===>> H2,-0.267936829114783,H1,-0.0684730840071478,AX,-0.198407388302668,L1,-0.0308815468294981,L2,-0.0...
GetData ===>> H2,-0.23531946330053,H1,-0.107719345803026,AX,-0.161468901457809,L1,-0.054354446961187,L2,0.11899...
GetData ===>> H2,-0.18413355165647,H1,-0.0692717492962512,AX,-0.15384069496242,L1,-0.0279708200190415,L2,-0.021...
GetData ===>> H2,-0.188867348533652,H1,-0.00619332906566221,AX,-0.167728684770544,L1,-0.0334777311457812,L2,-0....
GetData ===>> H2,-0.243616898458448,H1,-0.0342436903702613,AX,-0.11928688849465,L1,-0.0342164673438367,L2,-0.03...
GetData ===>> H2,-0.188290227989198,H1,-0.0303800768317817,AX,-0.0455220111857598,L1,-0.0374893899040636,L2,-0....
GetData ===>> H2,-0.196844758023054,H1,0.0426392504298214,AX,-0.0184198914024944,L1,-0.052237283530405,L2,-0.08...
GetData ===>> H2,-0.228249811759088,H1,0.0726952844867459,AX,-0.120572989081418,L1,-0.0566468464632101,L2,-0.11...
GetData ===>> H2,-0.103827942182016,H1,0.133953460001846,AX,-0.161886232880093,L1,-0.0388838179811152,L2,-0.073...
GetData ===>> H2,-0.193647687625775,H1,0.044083234313841,AX,-0.0849150555520655,L1,-0.0161863483707715,L2,0.074...
GetData ===>> H2,-0.16008274026966,H1,0.00734569093314721,AX,-0.0349116822712999,L1,-0.0068409850696881,L2,-0.1...
GetData ===>> H2,-0.0521405975883431,H1,0.0181066410498644,AX,-0.114316123673775,L1,-0.0365105391795329,L2,-0.0...
GetData ===>> H2,-0.03961821948991,H1,-0.0637286423773585,AX,-0.14084354269741,L1,-0.0618569662087199,L2,0.0217...
GetData ===>> H2,-0.175233781636303,H1,0.12564830650017,AX,-0.0858075324769507,L1,-0.0480984701000905,L2,-0.062...
GetData ===>> H2,-0.178291125167573,H1,0.0681686143540584,AX,-0.0572558038014801,L1,-0.0117990548930969,L2,-0.0...
GetData ===>> H2,-0.165638785920004,H1,0.00272909686882556,AX,-0.108487607389442,L1,0.00359032169145325,L2,-0.0...
GetData ===>> H2,-0.242267075754953,H1,0.0566384181633019,AX,-0.0299597995435464,L1,0.00858052389137472,L2,-0.0...
GetData ===>> H2,-0.133685866667586,H1,-0.106575427241151,AX,-0.10488371784441,L1,-0.0175223997738991,L2,-0.007...
GetData ===>> H2,-0.165785919964486,H1,0.0243346816495517,AX,-0.0582876605693387,L1,-0.0286883984173974,L2,-0.0...
20:37:39 -- collecting point 25
GetData ===>> H2,-0.350165249370519,H1,0.0778474014050847,AX,-0.0116924794904056,L1,-0.0424085582191218,L2,0.02...
GetData ===>> H2,-0.372720705743415,H1,0.100462605210328,AX,-0.0497310343090274,L1,-0.0421690635414277,L2,-0.06...
GetData ===>> H2,-0.251469046789888,H1,0.13254535388969,AX,-0.0974669334395992,L1,-0.0223290381511851,L2,-0.032...
GetData ===>> H2,-0.213125467565313,H1,0.0254562473709587,AX,-0.0567340743047349,L1,-0.00994201323465765,L2,-0....
GetData ===>> H2,-0.170808928833577,H1,0.000546130406475909,AX,-0.104860541273811,L1,-0.020906109648472,L2,-0.0...
GetData ===>> H2,-0.181093977096468,H1,0.0654351454991488,AX,0.00800527241967842,L1,-0.0135886358804741,L2,0.07...
GetData ===>> H2,-0.246186902322711,H1,0.0383790226460291,AX,-0.0791311430193195,L1,-0.0289363643565243,L2,0.01...
GetData ===>> H2,-0.224617038828574,H1,-0.00329482069079108,AX,-0.101638944239313,L1,0.00154352718724424,L2,-0....
GetData ===>> H2,-0.176957603965006,H1,-0.0145424725620956,AX,-0.0432029123987369,L1,-0.0171662166986257,L2,-0....
GetData ===>> H2,-0.301814556310579,H1,0.0364220039804187,AX,-0.0704720180908143,L1,-0.0159476634197748,L2,-0.0...
GetData ===>> H2,-0.144709219939267,H1,-0.00724297394920619,AX,-0.0266429409407095,L1,-0.0193103202478404,L2,0....
GetData ===>> H2,-0.140516066090212,H1,0.0741025493681271,AX,-0.042518767700286,L1,-0.0173652970087406,L2,-0.13...
GetData ===>> H2,-0.127159633263127,H1,0.0619736544645424,AX,-0.132436754762242,L1,-0.0024528252912738,L2,0.053...
GetData ===>> H2,-0.127379987647948,H1,0.0382596911444157,AX,-0.10420000669109,L1,0.0064831310460635,L2,-0.1369...
GetData ===>> H2,-0.265193206739343,H1,0.0575932494119027,AX,-0.106842118114169,L1,0.000562893877976581,L2,-0.0...
GetData ===>> H2,-0.209767468341264,H1,0.0420306353620116,AX,-0.117873316884122,L1,-0.0100990777943419,L2,0.028...
GetData ===>> H2,-0.194244751124094,H1,0.0167465457993067,AX,-0.0137107518876564,L1,7.20404809192619E-06,L2,0.0...
GetData ===>> H2,-0.281316030634716,H1,-0.00141014881729336,AX,-0.0344246230113117,L1,-0.0178126136979255,L2,-0...
GetData ===>> H2,-0.34788799338391,H1,0.030324465493803,AX,-0.0490353405657148,L1,-0.0250005311385317,L2,-0.013...
GetData ===>> H2,-0.349791543126089,H1,0.0541320294564553,AX,-0.0569891424081746,L1,-0.0133920732183679,L2,-0.0...
GetData ===>> H2,-0.29030133951566,H1,0.0609949097350572,AX,-0.1297721677606,L1,-0.013698901058737,L2,0.0202329...
GetData ===>> H2,-0.251045436530547,H1,0.0525685520863518,AX,-0.140588451859342,L1,0.00398532288024685,L2,-0.02...
GetData ===>> H2,-0.214663375691277,H1,0.142151894639775,AX,-0.0634815599454849,L1,0.0178932758652743,L2,-0.097...
GetData ===>> H2,-0.203824882152339,H1,-0.0274226422350975,AX,-0.0592383503789458,L1,-0.0111708880587224,L2,-0....
GetData ===>> H2,-0.140141674366352,H1,0.0713677032379013,AX,-0.0633308480207968,L1,-0.0177034846507002,L2,-0.0...
20:38:05 -- collecting point 50
GetData ===>> H2,-0.0821440341287416,H1,0.0654470818820975,AX,-0.0687099598941561,L1,-0.00116288485120861,L2,-0...
GetData ===>> H2,-0.133710209595897,H1,0.0135730620741683,AX,-0.0953576821146804,L1,-0.000744068652924759,L2,-0...
GetData ===>> H2,-0.0852011298171888,H1,0.0485346545286759,AX,-0.015844971425176,L1,0.0151118751969345,L2,-0.01...
GetData ===>> H2,-0.198933718810304,H1,0.00583066114165938,AX,0.0184589964128847,L1,-0.0259184308805425,L2,-0.0...
GetData ===>> H2,-0.224533544031783,H1,0.0262676006189235,AX,-0.00992935671151191,L1,-0.0272292286079645,L2,-0....
GetData ===>> H2,-0.210263216488138,H1,0.0761419259452502,AX,-0.124083609535489,L1,-0.00346906197976306,L2,0.01...
GetData ===>> H2,-0.154814470865001,H1,0.020659852212135,AX,-0.118603278559248,L1,0.00700743832025741,L2,-0.058...
GetData ===>> H2,-0.115421947672277,H1,0.0343576294087768,AX,-0.146501749293742,L1,0.0256873090317911,L2,-0.048...
GetData ===>> H2,-0.222027066244367,H1,-0.0298792271193225,AX,-0.252937573074582,L1,0.00710702379249679,L2,0.00...
GetData ===>> H2,-0.117172955690223,H1,0.049751967438927,AX,-0.113713589466376,L1,0.00197325951035238,L2,-0.049...
GetData ===>> H2,-0.166159820819597,H1,0.129776931792702,AX,-0.0235579290320289,L1,0.00794694043373968,L2,-0.02...
measurement finished
estimated time: 62.915 actual time: :63.201
flush and close file /Users/jan/PychronDev/data/isotopes/69/9f592f-d738-4984-b4d3-45cd410e2183.h5
activate_detectors ('H1', 'AX', 'CDD') {'peak_center': True}
peak_center () {'detector': 'H1', 'integration_time': 0.262144, 'isotope': 'Ar40'}
peak center: mean=2307.75623431 threshold=3
peak center started
setup peak center. detector=['H1', 'AX', 'CDD'], isotope=Ar40
VersionedUnpickler [<apptools.sweet_pickle.versioned_unpickler.VersionedUnpickler object at 0x1a222d410>] using Updater [<apptools.sweet_pickle.updater.Updater object at 0x134a15590>]
VersionedUnpickler [<apptools.sweet_pickle.versioned_unpickler.VersionedUnpickler object at 0x1a222d410>] using Updater [<apptools.sweet_pickle.updater.Updater object at 0x134a15590>]
VersionedUnpickler [<apptools.sweet_pickle.versioned_unpickler.VersionedUnpickler object at 0x1a3883770>] using Updater [<apptools.sweet_pickle.updater.Updater object at 0x134a15590>]
setting integration time = 0.524288
SetIntegrationTime 0.524288 ===>> OK
Mapping mass to dac mass func: "parabolic"
H1 map mass coeffs = [-0.00063987  0.15840543  0.57096999]
H1 map mass to dac 39.9624 >> 5.87936
GetDeflection H1 ===>> 0
GetHighVoltage ===>> 4500
do peak center. <pychron.spectrometer.jobs.peak_center.PeakCenter object at 0x134a156b0>
doing pc
starting peak center. center dac= 5.87936 step_width=0.001
width = 0.001
get scan parameters. half-width=0.015,window=0.015, i=0, scalar=1
Scan parameters center=5.87936 width=0.03000 (5.86436 - 5.89436)
GetData ===>> H2,-0.167352981463309,H1,0.0585838964563436,AX,-0.0550645211176042,L1,0.0221869785536612,L2,-0.00...
Moving to starting dac 5.86436
setting magnet DAC
current  : 5.240016
requested: 5.864360
Delta Dac: 0.624344
Checking detector protection. dv=0.62434
Checking detector "CDD". Protection Threshold: 0.1 (V)
ProtectDetector CDD,On ===>> OK
GetDeflection CDD ===>> 2000
Protected = 2000
SetMagnetDAC 5.86436 ===>> OK
Magnet settling time: 0.500
GetMagnetMoving ===>> True
GetMagnetMoving ===>> True
GetMagnetMoving ===>> True
GetMagnetMoving ===>> True
GetMagnetMoving ===>> True
GetMagnetMoving ===>> True
GetMagnetMoving ===>> True
GetMagnetMoving ===>> True
GetMagnetMoving ===>> False
ProtectDetector CDD,Off ===>> OK
GetDeflection CDD ===>> 50
Wait until signal near baseline. tol= 0.0439379223423. timeout= 10
GetData ===>> H2,13.4534420919514,H1,4.82543346694839,AX,0.0890736078656167,L1,0.0500550956220758,L2,-0.0174657...
GetData ===>> H2,127.260242677717,H1,56.5991406372972,AX,4.51572907954296,L1,0.0666796265573464,L2,-0.112695345...
GetData ===>> H2,112.821230839909,H1,59.9224759216266,AX,5.87036326944937,L1,0.0105653092306266,L2,-0.182476117...
GetData ===>> H2,57.3917235271964,H1,29.2037657514135,AX,2.71546742200559,L1,-0.0192884813245069,L2,0.063491008...
GetData ===>> H2,22.7967699242735,H1,15.0133713210328,AX,1.21912591337563,L1,4.92097673328673E-05,L2,-0.0631302...
GetData ===>> H2,7.38936028898966,H1,8.293663062377,AX,0.500743582713628,L1,0.0558908847577477,L2,-0.0882068986...
GetData ===>> H2,2.15686454329154,H1,5.01872554117264,AX,0.201624990550457,L1,0.0560663952367693,L2,0.037150908...
GetData ===>> H2,0.876274264678889,H1,3.46045340194478,AX,0.181716682300387,L1,0.0626803140238146,L2,-0.1571258...
GetData ===>> H2,0.514737355848132,H1,2.71782578984967,AX,0.118097703186146,L1,0.0589110520249668,L2,0.02799281...
GetData ===>> H2,0.519135705441381,H1,2.20915977684963,AX,0.0298537899684977,L1,0.0518069201722287,L2,0.1067081...
GetData ===>> H2,0.514125832930707,H1,1.95892862442892,AX,-0.0486990868070266,L1,0.0422103794840437,L2,0.005670...
GetData ===>> H2,0.468668767199304,H1,1.93081152898851,AX,0.175916658408744,L1,0.0280388842071552,L2,-0.0848167...
GetData ===>> H2,0.449939756054649,H1,1.89270812331659,AX,0.15814753469375,L1,0.0113567254708751,L2,0.094693813...
GetData ===>> H2,0.37941264049579,H1,1.86415203230548,AX,0.046542259012306,L1,0.0138249043853407,L2,-0.00086539...
GetData ===>> H2,0.439908540377131,H1,1.84896232489733,AX,-0.00244732907555796,L1,0.0415608681912818,L2,-0.0172...
GetData ===>> H2,0.422529018334726,H1,1.92442784545255,AX,0.084437972055723,L1,0.016915177762451,L2,-0.09703448...
GetData ===>> H2,0.347167074226371,H1,1.9149373783333,AX,0.117402136490277,L1,-0.0120507901390551,L2,-0.0672267...
GetData ===>> H2,0.29928470548725,H1,1.88656764186541,AX,-0.0426695118605187,L1,-0.0332075895107705,L2,0.005215...
GetData ===>> H2,0.218302772139478,H1,1.78440146876959,AX,0.137459636299576,L1,-0.0252736165930731,L2,0.0909553...
GetData ===>> H2,0.0735259064671428,H1,1.79289332786274,AX,0.0190391471594945,L1,0.0123280940049833,L2,0.025714...
GetData ===>> H2,0.160281993791027,H1,1.92914932350499,AX,0.0591312915824967,L1,0.0263550141575793,L2,-0.094759...
Peak center failed to move to a baseline position
_do_sweep sm= 5.86436, em= 5.89436, stm= 0.001
calculated step values: start=5.86436, end=5.89436, width=0.001, nsteps=31.0
setting magnet DAC
current  : 5.864360
requested: 5.864360
Delta Dac: 0.000000
Checking detector protection. dv=0.00000
Checking detector "CDD". Protection Threshold: 0.1 (V)
SetMagnetDAC 5.86436 ===>> OK
GetData ===>> H2,0.160281993791027,H1,1.92914932350499,AX,0.0591312915824967,L1,0.0263550141575793,L2,-0.094759...
setting magnet DAC
current  : 5.864360
requested: 5.865394
Delta Dac: 0.001034
Checking detector protection. dv=0.00103
Checking detector "CDD". Protection Threshold: 0.1 (V)
SetMagnetDAC 5.86539448276 ===>> OK
Magnet settling time: 1.049
GetData ===>> H2,0.129678425548957,H1,3.63878923569267,AX,0.278140437756967,L1,0.0292977667443419,L2,-0.0577591...
setting magnet DAC
current  : 5.865394
requested: 5.866429
Delta Dac: 0.001034
Checking detector protection. dv=0.00103
Checking detector "CDD". Protection Threshold: 0.1 (V)
SetMagnetDAC 5.86642896552 ===>> OK
Magnet settling time: 1.049
GetData ===>> H2,0.0279162631525455,H1,11.4166583298918,AX,1.19019534092499,L1,-0.0390994339188874,L2,0.0669321...
setting magnet DAC
current  : 5.866429
requested: 5.867463
Delta Dac: 0.001034
Checking detector protection. dv=0.00103
Checking detector "CDD". Protection Threshold: 0.1 (V)
SetMagnetDAC 5.86746344828 ===>> OK
Magnet settling time: 1.049
GetData ===>> H2,0.0221346144784245,H1,42.6226513126766,AX,3.64062813537612,L1,0.00748177716384491,L2,-0.008653...
setting magnet DAC
current  : 5.867463
requested: 5.868498
Delta Dac: 0.001034
Checking detector protection. dv=0.00103
Checking detector "CDD". Protection Threshold: 0.1 (V)
SetMagnetDAC 5.86849793103 ===>> OK
Magnet settling time: 1.049
GetData ===>> H2,-0.0361636791153517,H1,149.602068104594,AX,12.0020346930151,L1,0.0628631602012045,L2,-0.073029...
setting magnet DAC
current  : 5.868498
requested: 5.869532
Delta Dac: 0.001034
Checking detector protection. dv=0.00103
Checking detector "CDD". Protection Threshold: 0.1 (V)
SetMagnetDAC 5.86953241379 ===>> OK
Magnet settling time: 1.049
GetData ===>> H2,-0.0485490172730335,H1,424.530935194177,AX,35.9439826353393,L1,0.126095203975755,L2,0.00740169...
setting magnet DAC
current  : 5.869532
requested: 5.870567
Delta Dac: 0.001034
Checking detector protection. dv=0.00103
Checking detector "CDD". Protection Threshold: 0.1 (V)
SetMagnetDAC 5.87056689655 ===>> OK
Magnet settling time: 1.049
GetData ===>> H2,-0.0311693723897432,H1,913.747861395769,AX,85.7094877516919,L1,0.49933533905134,L2,-0.01077129...
setting magnet DAC
current  : 5.870567
requested: 5.871601
Delta Dac: 0.001034
Checking detector protection. dv=0.00103
Checking detector "CDD". Protection Threshold: 0.1 (V)
SetMagnetDAC 5.87160137931 ===>> OK
Magnet settling time: 1.049
GetData ===>> H2,-0.0998899963469149,H1,1465.78946909101,AX,151.003905436604,L1,1.03666177866029,L2,0.055378578...
setting magnet DAC
current  : 5.871601
requested: 5.872636
Delta Dac: 0.001034
Checking detector protection. dv=0.00103
Checking detector "CDD". Protection Threshold: 0.1 (V)
SetMagnetDAC 5.87263586207 ===>> OK
Magnet settling time: 1.049
GetData ===>> H2,-0.00929511659082325,H1,1886.62285416223,AX,210.468500560331,L1,1.71736750455676,L2,0.07882902...
setting magnet DAC
current  : 5.872636
requested: 5.873670
Delta Dac: 0.001034
Checking detector protection. dv=0.00103
Checking detector "CDD". Protection Threshold: 0.1 (V)
SetMagnetDAC 5.87367034483 ===>> OK
Magnet settling time: 1.049
GetData ===>> H2,0.00108915902649243,H1,2146.89173452888,AX,257.488798232506,L1,2.55022857830056,L2,0.353813477...
setting magnet DAC
current  : 5.873670
requested: 5.874705
Delta Dac: 0.001034
Checking detector protection. dv=0.00103
Checking detector "CDD". Protection Threshold: 0.1 (V)
SetMagnetDAC 5.87470482759 ===>> OK
Magnet settling time: 1.049
GetData ===>> H2,0.0226702322296517,H1,2185.95403227873,AX,266.1482536763,L1,2.90804171376873,L2,0.689465422254...
setting magnet DAC
current  : 5.874705
requested: 5.875739
Delta Dac: 0.001034
Checking detector protection. dv=0.00103
Checking detector "CDD". Protection Threshold: 0.1 (V)
SetMagnetDAC 5.87573931034 ===>> OK
Magnet settling time: 1.049
GetData ===>> H2,-0.01243761523707,H1,2197.36858092408,AX,268.419783635004,L1,3.09514353596501,L2,0.60231068282...
setting magnet DAC
current  : 5.875739
requested: 5.876774
Delta Dac: 0.001034
Checking detector protection. dv=0.00103
Checking detector "CDD". Protection Threshold: 0.1 (V)
SetMagnetDAC 5.8767737931 ===>> OK
Magnet settling time: 1.049
GetData ===>> H2,0.0559630980056979,H1,2199.34343451103,AX,269.350514430567,L1,3.24254316868877,L2,0.6431119895...
setting magnet DAC
current  : 5.876774
requested: 5.877808
Delta Dac: 0.001034
Checking detector protection. dv=0.00103
Checking detector "CDD". Protection Threshold: 0.1 (V)
SetMagnetDAC 5.87780827586 ===>> OK
Magnet settling time: 1.049
GetData ===>> H2,-0.0331222738352032,H1,2198.25519345841,AX,269.240621800067,L1,3.32826559627698,L2,0.662756349...
setting magnet DAC
current  : 5.877808
requested: 5.878843
Delta Dac: 0.001034
Checking detector protection. dv=0.00103
Checking detector "CDD". Protection Threshold: 0.1 (V)
SetMagnetDAC 5.87884275862 ===>> OK
Magnet settling time: 1.049
GetData ===>> H2,-0.0418505577510833,H1,2198.38099216113,AX,269.427326449668,L1,3.37306039509866,L2,0.471425575...
setting magnet DAC
current  : 5.878843
requested: 5.879877
Delta Dac: 0.001034
Checking detector protection. dv=0.00103
Checking detector "CDD". Protection Threshold: 0.1 (V)
SetMagnetDAC 5.87987724138 ===>> OK
Magnet settling time: 1.049
GetData ===>> H2,-0.0960724191668497,H1,2197.74399282753,AX,269.357923553222,L1,3.35821192389784,L2,0.548595552...
setting magnet DAC
current  : 5.879877
requested: 5.880912
Delta Dac: 0.001034
Checking detector protection. dv=0.00103
Checking detector "CDD". Protection Threshold: 0.1 (V)
SetMagnetDAC 5.88091172414 ===>> OK
Magnet settling time: 1.049
GetData ===>> H2,-0.0280831602709756,H1,2197.82288029267,AX,269.000032171326,L1,3.3439592927495,L2,0.6229677992...
setting magnet DAC
current  : 5.880912
requested: 5.881946
Delta Dac: 0.001034
Checking detector protection. dv=0.00103
Checking detector "CDD". Protection Threshold: 0.1 (V)
SetMagnetDAC 5.8819462069 ===>> OK
Magnet settling time: 1.049
GetData ===>> H2,0.0261102035521365,H1,2197.01088232665,AX,268.756104418569,L1,3.41835254348194,L2,0.6624365253...
setting magnet DAC
current  : 5.881946
requested: 5.882981
Delta Dac: 0.001034
Checking detector protection. dv=0.00103
Checking detector "CDD". Protection Threshold: 0.1 (V)
SetMagnetDAC 5.88298068966 ===>> OK
Magnet settling time: 1.049
GetData ===>> H2,0.036221282377899,H1,2193.6428919022,AX,267.982427717185,L1,3.42815112875312,L2,0.529668650677...
setting magnet DAC
current  : 5.882981
requested: 5.884015
Delta Dac: 0.001034
Checking detector protection. dv=0.00103
Checking detector "CDD". Protection Threshold: 0.1 (V)
SetMagnetDAC 5.88401517241 ===>> OK
Magnet settling time: 1.049
GetData ===>> H2,0.00822584136927962,H1,2182.60760637998,AX,265.304897231468,L1,3.43018428217066,L2,0.550584465...
setting magnet DAC
current  : 5.884015
requested: 5.885050
Delta Dac: 0.001034
Checking detector protection. dv=0.00103
Checking detector "CDD". Protection Threshold: 0.1 (V)
SetMagnetDAC 5.88504965517 ===>> OK
Magnet settling time: 1.049
GetData ===>> H2,-0.11872482130654,H1,2143.91665938104,AX,256.618515847261,L1,3.2723517652128,L2,0.453747153584...
setting magnet DAC
current  : 5.885050
requested: 5.886084
Delta Dac: 0.001034
Checking detector protection. dv=0.00103
Checking detector "CDD". Protection Threshold: 0.1 (V)
SetMagnetDAC 5.88608413793 ===>> OK
Magnet settling time: 1.049
GetData ===>> H2,-0.230403451375009,H1,2015.74152779183,AX,230.469867163508,L1,3.00277235903858,L2,0.4888330984...
setting magnet DAC
current  : 5.886084
requested: 5.887119
Delta Dac: 0.001034
Checking detector protection. dv=0.00103
Checking detector "CDD". Protection Threshold: 0.1 (V)
SetMagnetDAC 5.88711862069 ===>> OK
Magnet settling time: 1.049
GetData ===>> H2,-0.22980638261531,H1,1712.5097344983,AX,179.003501557931,L1,2.49732979255712,L2,0.257984863900...
setting magnet DAC
current  : 5.887119
requested: 5.888153
Delta Dac: 0.001034
Checking detector protection. dv=0.00103
Checking detector "CDD". Protection Threshold: 0.1 (V)
SetMagnetDAC 5.88815310345 ===>> OK
Magnet settling time: 1.049
GetData ===>> H2,-0.272462868956029,H1,920.842103803912,AX,76.4444941001398,L1,1.4741415695418,L2,0.09186713622...
setting magnet DAC
current  : 5.888153
requested: 5.889188
Delta Dac: 0.001034
Checking detector protection. dv=0.00103
Checking detector "CDD". Protection Threshold: 0.1 (V)
SetMagnetDAC 5.88918758621 ===>> OK
Magnet settling time: 1.049
GetData ===>> H2,-0.250355522935951,H1,423.747835901433,AX,29.4702190580183,L1,0.916098354532758,L2,-0.10208496...
setting magnet DAC
current  : 5.889188
requested: 5.890222
Delta Dac: 0.001034
Checking detector protection. dv=0.00103
Checking detector "CDD". Protection Threshold: 0.1 (V)
SetMagnetDAC 5.89022206897 ===>> OK
Magnet settling time: 1.049
GetData ===>> H2,-0.215556128306882,H1,149.313749001866,AX,8.49490012361943,L1,0.562702809978805,L2,-0.04023243...
setting magnet DAC
current  : 5.890222
requested: 5.891257
Delta Dac: 0.001034
Checking detector protection. dv=0.00103
Checking detector "CDD". Protection Threshold: 0.1 (V)
SetMagnetDAC 5.89125655172 ===>> OK
Magnet settling time: 1.049
GetData ===>> H2,-0.151932814687827,H1,43.195191516592,AX,1.90069792627024,L1,0.321439076443128,L2,-0.046628905...
setting magnet DAC
current  : 5.891257
requested: 5.892291
Delta Dac: 0.001034
Checking detector protection. dv=0.00103
Checking detector "CDD". Protection Threshold: 0.1 (V)
SetMagnetDAC 5.89229103448 ===>> OK
Magnet settling time: 1.049
GetData ===>> H2,-0.267747834041867,H1,10.6476693504388,AX,0.130131793378196,L1,0.19552764838127,L2,-0.11467806...
setting magnet DAC
current  : 5.892291
requested: 5.893326
Delta Dac: 0.001034
Checking detector protection. dv=0.00103
Checking detector "CDD". Protection Threshold: 0.1 (V)
SetMagnetDAC 5.89332551724 ===>> OK
Magnet settling time: 1.049
GetData ===>> H2,-0.180369700734916,H1,2.23218843348796,AX,-0.0619396500019096,L1,0.111964940610775,L2,0.052803...
setting magnet DAC
current  : 5.893326
requested: 5.894360
Delta Dac: 0.001034
Checking detector protection. dv=0.00103
Checking detector "CDD". Protection Threshold: 0.1 (V)
SetMagnetDAC 5.89436 ===>> OK
Magnet settling time: 1.049
GetData ===>> H2,-0.246209774076253,H1,0.348243040355256,AX,-0.262391538820982,L1,0.0824155056797843,L2,-0.0746...
result of _do_sweep=True
result of _calculate_peak_center=([5.871993197429342, 5.8796263948586835, 5.8872595922880251], [1625.1832762623053, 2199.3347111358585, 1604.6271715978851], 5.8767820855504116, 2199.3347111358585)
Failed to find a valid peak. No peak greater than 1.0. max = 0.0328578573104
new center pos Detector(H1) (Ar40) @ 5.87962639486
GetHighVoltage ===>> 4500
GetDeflection H1 ===>> 0
dac uncorrected for HV and deflection 5.87962639486
update mftable H1 Ar40 5.87962639486 message=automated run peakcenter
get initial guess parabolic
get initial guess parabolic
get initial guess parabolic
get initial guess parabolic
get initial guess parabolic
get initial guess parabolic
dump mftable to /Users/jan/PychronDev/setupfiles/spectrometer/mftables/mftable.csv
add to repo msg=modified - automated run peakcenter
locally archiving mftable
setting magnet DAC
current  : 5.894360
requested: 5.879626
Delta Dac: 0.014734
Checking detector protection. dv=0.01473
Checking detector "CDD". Protection Threshold: 0.1 (V)
SetMagnetDAC 5.87962639486 ===>> OK
Magnet settling time: 0.500
sweep finished
setting integration time = 1.048576
SetIntegrationTime 1.048576 ===>> OK
Failed to find a valid peak. No peak greater than 1.0. max = 0.0330135848254
flush and close file /Users/jan/PychronDev/data/isotopes/69/9f592f-d738-4984-b4d3-45cd410e2183.h5
finished measure script
executed snippet estimated_duration=226.132928, duration=272.63203001
jan_unknown120_60.py completed successfully
Measurement Finished
20:39:03 -- ******* Measurement Finished *******
Post Measurement Started jan_pump_ms.py
20:39:03 -- ******* Post Measurement Started jan_pump_ms.py *******
testing...
no interpolation path defined
executed snippet estimated_duration=0, duration=2.88486480713e-05
Pumping spectrometer
open () {'name': 'O'}
opening name=O desc=---
checking ownership. requestor=129.138.12.150
check software interlocks O
interlocks []
actuate state mode=None-script, software_lock=False
doing actuation None-script open_channel True
Open O ===>> OK
GetIndicatorState O ===>> OK
change switch state (True, True)
update switch state O True args=() kw={} ncanvase=2
20:39:03 -- OPEN   VALVE-O (Jan Ion Pump)
---------------------------------------- open O () result=[(True, True)], time=0.10 sec
action=open, ok=True, locked=[False]
executed snippet estimated_duration=0, duration=0.347761869431
jan_pump_ms.py completed successfully
setting _ms_pumptime
Post Measurement Finished
20:39:03 -- ******* Post Measurement Finished *******
$$$$$$$$$$$$$$$$$$$$ state at run end measurement
state changed from measurement to success
post measurement save measured=True aborted=False
Set filtering
setting fod for Ar40= {'filter_outliers': True, 'std_devs': 2, 'iterations': 1}
setting fod for H1= {'filter_outliers': True, 'std_devs': 2, 'iterations': 1}
setting fod for PM41= {'filter_outliers': False, 'std_devs': 2, 'iterations': 1}
setting fod for H2= {'filter_outliers': True, 'std_devs': 2, 'iterations': 1}
setting fod for Ar36= {'filter_outliers': True, 'std_devs': 2, 'iterations': 1}
setting fod for CDD= {'filter_outliers': True, 'std_devs': 10, 'iterations': 1}
setting fod for Ar37= {'filter_outliers': True, 'std_devs': 2, 'iterations': 1}
setting fod for L2= {'filter_outliers': True, 'std_devs': 2, 'iterations': 1}
setting fod for Ar38= {'filter_outliers': True, 'std_devs': 2, 'iterations': 1}
setting fod for L1= {'filter_outliers': True, 'std_devs': 2, 'iterations': 1}
setting fod for Ar39= {'filter_outliers': True, 'std_devs': 2, 'iterations': 1}
setting fod for AX= {'filter_outliers': True, 'std_devs': 2, 'iterations': 1}
persistence save...
persistence save - db
post measurement save
7019889680 connecting to database sqlite:////Users/jan/PychronDev/.appdata/local_lab.db
connected to db sqlite:////Users/jan/PychronDev/.appdata/local_lab.db
create new session 7019889680
close session 7019889680
No database instance. Not saving post measurement to isotopedb database
$$$$$$$$$$$$$$$ auto_save_detector_ic=False
massspec enabled True
create new session 4979675504
MassSpec Database Version: 16.0
close session 4979675504
saving post measurement to secondary database
saving to massspec database 129.138.12.160/massspecdata
setting labnumber to 25324
setting aliquot to 6
setting step to 
setting uuid to 699f592f-d738-4984-b4d3-45cd410e2183
setting irradpos to 25324
setting extract_device to Fusions CO2
setting tray to 
setting position to 174
setting power_requested to 5.0
setting extract_value to 5.0
setting duration to 30.0
setting duration_at_request to 30.0
setting first_stage_delay to 30.0
setting cleanup to 30.0
setting comment to K:13
setting irradiation to NM-288
setting level to K
setting irradiation_level to K
setting sample to FC-2
setting material to Sanidine
setting project to Irradiation-NM-288
setting mass_spectrometer to Jan
no attribute chron_dosages
no attribute production_ratios
no attribute interference_corrections
no attribute production_name
no attribute j
Reference Isotope=Ar40
Reference Detector=H1
%%%%%%%%%%%%%%%%%%%% Comment: K:13 %%%%%%%%%%%%%%%%%%%
adding isotope PM41 H2
add baseline dbdet= PM41. original det= H2
get baseline data PM41 H2
Get data baseline <pychron.processing.isotope.Baseline object at 0x19ff1b790> len t=60
baseline PM41. v=-0.181017449119, e=0.00796459879028
get signal data PM41 H2
Get data signal PM41 0.10+/-0.06 len t=120
adding isotope Ar40 H1
add baseline dbdet= Ar40. original det= H1
get baseline data Ar40 H1
Get data baseline <pychron.processing.isotope.Baseline object at 0x19ff1b990> len t=60
baseline Ar40. v=0.0272135944779, e=0.00747359566027
get signal data Ar40 H1
Get data signal Ar40 2427.36+/-0.10 len t=120
adding isotope Ar39 AX
add baseline dbdet= Ar39. original det= AX
get baseline data Ar39 AX
Get data baseline <pychron.processing.isotope.Baseline object at 0x19ff1bb50> len t=60
baseline Ar39. v=-0.0852452900239, e=0.006834250259
get signal data Ar39 AX
Get data signal Ar39 296.438+/-0.030 len t=120
adding isotope Ar38 L1
add baseline dbdet= Ar38. original det= L1
get baseline data Ar38 L1
Get data baseline <pychron.processing.isotope.Baseline object at 0x19ff1bd10> len t=60
baseline Ar38. v=-0.0188059337938, e=0.00265870728057
get signal data Ar38 L1
Get data signal Ar38 3.794+/-0.006 len t=120
adding isotope Ar37 L2
add baseline dbdet= Ar37. original det= L2
get baseline data Ar37 L2
Get data baseline <pychron.processing.isotope.Baseline object at 0x19ff1bed0> len t=60
baseline Ar37. v=-0.0353905812302, e=0.00691127073972
get signal data Ar37 L2
Get data signal Ar37 0.692+/-0.011 len t=120
adding isotope Ar36 CDD
add baseline dbdet= Ar36. original det= CDD
get baseline data Ar36 CDD
Get data baseline <pychron.processing.isotope.Baseline object at 0x19ff1d0d0> len t=60
baseline Ar36. v=0.000535915497315, e=3.12903614051e-05
get signal data Ar36 CDD
Get data signal Ar36 0.0194+/-0.0004 len t=120
25324-06 added analysis time 0.481320142746s
analysis added to mass spec database
mass spec save time= 0.489
persistence save - dvc
================= post measurement started
create new session 4982376208
close session 4982376208
---------------- Experiment Queue saving disabled
DVC saving peakcenter
Failed to find a valid peak. No peak greater than 1.0. max = 0.0330135848254
Smart pull ahead: 0 behind: 0
Up-to-date with origin
add to repo msg=modified - ad8224ebc6dbfeb9f5997218dfa5fe690569839d.json
add to repo msg=modified - 24-06.json
add to repo msg=modified - 24-06.dat.json
add to repo msg=modified - 24-06.blan.json
add to repo msg=modified - 24-06.inte.json
add to repo msg=modified - 24-06.icfa.json
add to repo msg=modified - 24-06.base.json
not at valid file /Users/jan/PychronDev/data/.dvc/repositories/Load1788/253/tags/24-06.tags.json
add to repo msg=modified - 24-06.peak.json
add to repo msg=modified - 24-06.extr.json
not at valid file /Users/jan/PychronDev/data/.dvc/repositories/Load1788/253/monitor/24-06.moni.json
commit message=<COLLECTION>
add to repo msg=modified - 24-06.inte.json
add to repo msg=modified - 24-06.base.json
commit message=<ISOEVO> default collection fits
add to repo msg=modified - 24-06.blan.json
commit message=<BLANKS> preceding bc-02-J-343
add to repo msg=modified - 24-06.icfa.json
commit message=<ICFactor> default
push repository <pychron.git_archive.repo_manager.GitRepoManager object at 0x18a565d10>
pushing to remote=origin, url=https://github.com
no changes to meta repo
create new session 4982376208
add association Load1788
get identifier "25324"
setting analysis irradiation position=<pychron.dvc.dvc_orm.IrradiationPositionTbl object at 0x1a10bc290>
close session 4982376208
================= post measurement finished
20:39:18 -- ******* Post Run Check *******
loading queue conditionals post_run_actions
loading system conditionals post_run_actions
loading conditionals from /Users/jan/PychronDev/setupfiles/spectrometer/default_conditionals.yaml
loading queue conditionals post_run_terminations
loading system conditionals post_run_terminations
loading conditionals from /Users/jan/PychronDev/setupfiles/spectrometer/default_conditionals.yaml
Checking default post run terminations n=1
GetDeflection CDD ===>> 50
testing CDD==2000
evaluate ot="CDD.deflection==2000" t="CDD==2000", ctx="{'CDD': 50.0}"
20:39:18 -- ******* Post Run Check Passed *******
20:39:18 -- Automated run 25324-06 success duration: 384.209 s
----------------- finish -----------------
----------------- stop -----------------
retroactive repository identifiers disabled
finish run. runs completed=69
update duration runid=25324-06, duration=384.208567858, md5=301e91d8
loading script "jan_unknown120_60.py"
loading script "jan_pump_ms.py"
loading script "jan_co2.py"
loading script "jan_pump_extraction_line.py"
testing...
no interpolation path defined
executed snippet estimated_duration=213.652928, duration=0.000218868255615
script duration name:unknown120_60 seconds:214.0
loading script "jan_unknown120_60.py"
loading script "jan_pump_ms.py"
loading script "jan_co2.py"
loading script "jan_pump_extraction_line.py"
testing...
no interpolation path defined
executed snippet estimated_duration=0, duration=2.40802764893e-05
loading script "jan_unknown120_60.py"
loading script "jan_pump_ms.py"
loading script "jan_co2.py"
loading script "jan_pump_extraction_line.py"
testing...
no interpolation path defined
calculate duration
testing...
no interpolation path defined
executed snippet estimated_duration=0, duration=5.3882598877e-05
calculate duration
testing...
no interpolation path defined
executed snippet estimated_duration=0, duration=9.51290130615e-05
executed snippet estimated_duration=0.0, duration=0.00266480445862
script duration name:co2 seconds:0.0
loading script "jan_unknown120_60.py"
loading script "jan_pump_ms.py"
loading script "jan_co2.py"
loading script "jan_pump_extraction_line.py"
testing...
no interpolation path defined
calculate duration
testing...
no interpolation path defined
executed snippet estimated_duration=4.0, duration=0.000149011611938
executed snippet estimated_duration=4.0, duration=0.0013530254364
Script duration 214.0
Run total estimated duration= 215.000
unknown120_60 in script context. using previous estimated duration
script duration name:unknown120_60 seconds:214.0
pump_ms in script context. using previous estimated duration
co2 in script context. using previous estimated duration
script duration name:co2 seconds:0.0
pump_extraction_line in script context. using previous estimated duration
Script duration 214.0
Run total estimated duration= 215.000
script duration name:unknown120_60 seconds:214.0
script duration name:co2 seconds:0.0
Script duration 214.0
Run total estimated duration= 215.000
script duration name:unknown120_60 seconds:214.0
script duration name:co2 seconds:0.0
Script duration 214.0
Run total estimated duration= 215.000
script duration name:unknown120_60 seconds:214.0
script duration name:co2 seconds:0.0
Script duration 214.0
Run total estimated duration= 215.000
script duration name:unknown120_60 seconds:214.0
script duration name:co2 seconds:0.0
Script duration 214.0
Run total estimated duration= 215.000
loading script "jan_unknown400_120.py"
loading script "jan_pump_ms.py"
loading script "jan_co2.py"
loading script "jan_pump_extraction_line.py"
testing...
no interpolation path defined
executed snippet estimated_duration=556.052928, duration=0.000135183334351
script duration name:unknown400_120 seconds:556.0
script duration name:co2 seconds:0.0
Script duration 556.0
Run total estimated duration= 557.000
unknown400_120 in script context. using previous estimated duration
script duration name:unknown400_120 seconds:556.0
loading script "jan_unknown400_120.py"
loading script "jan_pump_ms.py"
loading script "jan_sniffair_x2.py"
loading script "jan_pump_extraction_line.py"
testing...
no interpolation path defined
calculate duration
testing...
no interpolation path defined
executed snippet estimated_duration=0, duration=4.6968460083e-05
calculate duration
testing...
no interpolation path defined
executed snippet estimated_duration=0, duration=0.000104904174805
calculate duration
testing...
no interpolation path defined
executed snippet estimated_duration=32.0, duration=8.98838043213e-05
calculate duration
testing...
no interpolation path defined
executed snippet estimated_duration=34.0, duration=0.000107049942017
calculate duration
testing...
no interpolation path defined
executed snippet estimated_duration=4.0, duration=7.00950622559e-05
calculate duration
testing...
no interpolation path defined
executed snippet estimated_duration=36.0, duration=0.000111818313599
calculate duration
testing...
no interpolation path defined
executed snippet estimated_duration=34.0, duration=8.98838043213e-05
calculate duration
testing...
no interpolation path defined
executed snippet estimated_duration=4.0, duration=9.29832458496e-05
calculate duration
testing...
no interpolation path defined
executed snippet estimated_duration=36.0, duration=8.70227813721e-05
calculate duration
testing...
no interpolation path defined
executed snippet estimated_duration=70.0, duration=0.000117063522339
executed snippet estimated_duration=250.0, duration=0.0127251148224
script duration name:sniffair_x2 seconds:250.0
Script duration 806.0
Run total estimated duration= 807.000
script duration name:unknown400_120 seconds:556.0
sniffair_x2 in script context. using previous estimated duration
script duration name:sniffair_x2 seconds:250.0
Script duration 806.0
Run total estimated duration= 807.000
script duration name:unknown120_60 seconds:214.0
loading script "jan_unknown120_60.py"
loading script "jan_pump_ms.py"
loading script "jan_cocktail_x1.py"
loading script "jan_pump_extraction_line.py"
testing...
no interpolation path defined
calculate duration
testing...
no interpolation path defined
executed snippet estimated_duration=0, duration=4.41074371338e-05
calculate duration
testing...
no interpolation path defined
executed snippet estimated_duration=0, duration=0.000144958496094
calculate duration
testing...
no interpolation path defined
executed snippet estimated_duration=32.0, duration=9.29832458496e-05
calculate duration
testing...
no interpolation path defined
executed snippet estimated_duration=34.0, duration=9.60826873779e-05
calculate duration
testing...
no interpolation path defined
executed snippet estimated_duration=4.0, duration=6.41345977783e-05
calculate duration
testing...
no interpolation path defined
executed snippet estimated_duration=38.0, duration=9.29832458496e-05
executed snippet estimated_duration=108.0, duration=0.00769400596619
script duration name:cocktail_x1 seconds:108.0
Script duration 322.0
Run total estimated duration= 323.000
loading script "jan_ic_peak_hop3.py"
loading script "jan_pump_ms.py"
loading script "jan_sniffair_x1.py"
loading script "jan_pump_extraction_line.py"
testing...
no interpolation path defined
executed snippet estimated_duration=133.8, duration=0.00730586051941
script duration name:ic_peak_hop3 seconds:134.0
loading script "jan_ic_peak_hop3.py"
loading script "jan_pump_ms.py"
loading script "jan_sniffair_x1.py"
loading script "jan_pump_extraction_line.py"
testing...
no interpolation path defined
calculate duration
testing...
no interpolation path defined
executed snippet estimated_duration=0, duration=4.50611114502e-05
calculate duration
testing...
no interpolation path defined
executed snippet estimated_duration=0, duration=0.000164985656738
calculate duration
testing...
no interpolation path defined
executed snippet estimated_duration=32.0, duration=9.29832458496e-05
calculate duration
testing...
no interpolation path defined
executed snippet estimated_duration=34.0, duration=0.000120162963867
calculate duration
testing...
no interpolation path defined
executed snippet estimated_duration=4.0, duration=6.19888305664e-05
calculate duration
testing...
no interpolation path defined
executed snippet estimated_duration=70.0, duration=0.000149011611938
executed snippet estimated_duration=140.0, duration=0.00809192657471
script duration name:sniffair_x1 seconds:140.0
Script duration 274.0
Run total estimated duration= 275.000
script duration name:unknown120_60 seconds:214.0
script duration name:co2 seconds:0.0
Script duration 214.0
Run total estimated duration= 215.000
script duration name:unknown120_60 seconds:214.0
script duration name:co2 seconds:0.0
Script duration 214.0
Run total estimated duration= 215.000
script duration name:unknown120_60 seconds:214.0
script duration name:co2 seconds:0.0
Script duration 214.0
Run total estimated duration= 215.000
script duration name:unknown120_60 seconds:214.0
script duration name:co2 seconds:0.0
Script duration 214.0
Run total estimated duration= 215.000
script duration name:unknown120_60 seconds:214.0
script duration name:co2 seconds:0.0
Script duration 214.0
Run total estimated duration= 215.000
script duration name:unknown400_120 seconds:556.0
cocktail_x1 in script context. using previous estimated duration
script duration name:cocktail_x1 seconds:108.0
Script duration 664.0
Run total estimated duration= 665.000
script duration name:unknown120_60 seconds:214.0
script duration name:co2 seconds:0.0
Script duration 214.0
Run total estimated duration= 215.000
script duration name:unknown120_60 seconds:214.0
script duration name:co2 seconds:0.0
Script duration 214.0
Run total estimated duration= 215.000
script duration name:unknown120_60 seconds:214.0
script duration name:co2 seconds:0.0
Script duration 214.0
Run total estimated duration= 215.000
script duration name:unknown120_60 seconds:214.0
script duration name:co2 seconds:0.0
Script duration 214.0
Run total estimated duration= 215.000
script duration name:unknown120_60 seconds:214.0
script duration name:co2 seconds:0.0
Script duration 214.0
Run total estimated duration= 215.000
script duration name:unknown400_120 seconds:556.0
script duration name:co2 seconds:0.0
Script duration 556.0
Run total estimated duration= 557.000
script duration name:unknown120_60 seconds:214.0
script duration name:co2 seconds:0.0
Script duration 214.0
Run total estimated duration= 215.000
script duration name:unknown120_60 seconds:214.0
script duration name:co2 seconds:0.0
Script duration 214.0
Run total estimated duration= 215.000
script duration name:unknown120_60 seconds:214.0
script duration name:co2 seconds:0.0
Script duration 214.0
Run total estimated duration= 215.000
script duration name:unknown120_60 seconds:214.0
script duration name:co2 seconds:0.0
Script duration 214.0
Run total estimated duration= 215.000
script duration name:unknown120_60 seconds:214.0
script duration name:co2 seconds:0.0
Script duration 214.0
Run total estimated duration= 215.000
script duration name:unknown120_60 seconds:214.0
script duration name:cocktail_x1 seconds:108.0
Script duration 322.0
Run total estimated duration= 323.000
script duration name:unknown120_60 seconds:214.0
script duration name:co2 seconds:0.0
Script duration 214.0
Run total estimated duration= 215.000
script duration name:unknown120_60 seconds:214.0
script duration name:co2 seconds:0.0
Script duration 214.0
Run total estimated duration= 215.000
script duration name:unknown120_60 seconds:214.0
script duration name:co2 seconds:0.0
Script duration 214.0
Run total estimated duration= 215.000
script duration name:unknown120_60 seconds:214.0
script duration name:co2 seconds:0.0
Script duration 214.0
Run total estimated duration= 215.000
script duration name:unknown120_60 seconds:214.0
script duration name:co2 seconds:0.0
Script duration 214.0
Run total estimated duration= 215.000
script duration name:unknown400_120 seconds:556.0
script duration name:co2 seconds:0.0
Script duration 556.0
Run total estimated duration= 557.000
script duration name:unknown400_120 seconds:556.0
script duration name:sniffair_x2 seconds:250.0
Script duration 806.0
Run total estimated duration= 807.000
script duration name:unknown400_120 seconds:556.0
script duration name:cocktail_x1 seconds:108.0
Script duration 664.0
Run total estimated duration= 665.000
script duration name:unknown400_120 seconds:556.0
script duration name:sniffair_x2 seconds:250.0
Script duration 806.0
Run total estimated duration= 807.000
ic_peak_hop3 in script context. using previous estimated duration
script duration name:ic_peak_hop3 seconds:134.0
sniffair_x1 in script context. using previous estimated duration
script duration name:sniffair_x1 seconds:140.0
Script duration 274.0
Run total estimated duration= 275.000
script duration name:unknown120_60 seconds:214.0
script duration name:co2 seconds:0.0
Script duration 214.0
Run total estimated duration= 215.000
script duration name:unknown120_60 seconds:214.0
script duration name:co2 seconds:0.0
Script duration 214.0
Run total estimated duration= 215.000
script duration name:unknown120_60 seconds:214.0
script duration name:co2 seconds:0.0
Script duration 214.0
Run total estimated duration= 215.000
script duration name:unknown120_60 seconds:214.0
script duration name:co2 seconds:0.0
Script duration 214.0
Run total estimated duration= 215.000
script duration name:unknown120_60 seconds:214.0
script duration name:co2 seconds:0.0
Script duration 214.0
Run total estimated duration= 215.000
script duration name:unknown120_60 seconds:214.0
script duration name:co2 seconds:0.0
Script duration 214.0
Run total estimated duration= 215.000
script duration name:unknown120_60 seconds:214.0
script duration name:co2 seconds:0.0
Script duration 214.0
Run total estimated duration= 215.000
script duration name:unknown120_60 seconds:214.0
script duration name:co2 seconds:0.0
Script duration 214.0
Run total estimated duration= 215.000
script duration name:unknown120_60 seconds:214.0
script duration name:co2 seconds:0.0
Script duration 214.0
Run total estimated duration= 215.000
script duration name:unknown120_60 seconds:214.0
script duration name:co2 seconds:0.0
Script duration 214.0
Run total estimated duration= 215.000
script duration name:unknown400_120 seconds:556.0
script duration name:co2 seconds:0.0
Script duration 556.0
Run total estimated duration= 557.000
script duration name:unknown120_60 seconds:214.0
script duration name:cocktail_x1 seconds:108.0
Script duration 322.0
Run total estimated duration= 323.000
script duration name:unknown120_60 seconds:214.0
script duration name:co2 seconds:0.0
Script duration 214.0
Run total estimated duration= 215.000
script duration name:unknown120_60 seconds:214.0
script duration name:co2 seconds:0.0
Script duration 214.0
Run total estimated duration= 215.000
script duration name:unknown120_60 seconds:214.0
script duration name:co2 seconds:0.0
Script duration 214.0
Run total estimated duration= 215.000
script duration name:unknown120_60 seconds:214.0
script duration name:co2 seconds:0.0
Script duration 214.0
Run total estimated duration= 215.000
script duration name:unknown400_120 seconds:556.0
script duration name:cocktail_x1 seconds:108.0
Script duration 664.0
Run total estimated duration= 665.000
script duration name:unknown120_60 seconds:214.0
script duration name:co2 seconds:0.0
Script duration 214.0
Run total estimated duration= 215.000
script duration name:unknown120_60 seconds:214.0
script duration name:co2 seconds:0.0
Script duration 214.0
Run total estimated duration= 215.000
script duration name:unknown120_60 seconds:214.0
script duration name:co2 seconds:0.0
Script duration 214.0
Run total estimated duration= 215.000
script duration name:unknown120_60 seconds:214.0
script duration name:co2 seconds:0.0
Script duration 214.0
Run total estimated duration= 215.000
script duration name:unknown120_60 seconds:214.0
script duration name:co2 seconds:0.0
Script duration 214.0
Run total estimated duration= 215.000
script duration name:unknown120_60 seconds:214.0
script duration name:co2 seconds:0.0
Script duration 214.0
Run total estimated duration= 215.000
script duration name:unknown400_120 seconds:556.0
script duration name:co2 seconds:0.0
Script duration 556.0
Run total estimated duration= 557.000
script duration name:unknown400_120 seconds:556.0
script duration name:sniffair_x2 seconds:250.0
Script duration 806.0
Run total estimated duration= 807.000
script duration name:unknown400_120 seconds:556.0
script duration name:sniffair_x2 seconds:250.0
Script duration 806.0
Run total estimated duration= 807.000
script duration name:ic_peak_hop3 seconds:134.0
script duration name:sniffair_x1 seconds:140.0
Script duration 274.0
Run total estimated duration= 275.000
script duration name:unknown120_60 seconds:214.0
script duration name:co2 seconds:0.0
Script duration 214.0
Run total estimated duration= 215.000
script duration name:unknown120_60 seconds:214.0
script duration name:co2 seconds:0.0
Script duration 214.0
Run total estimated duration= 215.000
nruns=68 before=5.0, run_dur=21736.0, btw=3015.0
write rem/ex queues
/Users/jan/PychronDev/experiments/rem/CurrentExperiment.rem.txt
/Users/jan/PychronDev/experiments/rem/CurrentExperiment.ex.txt
doing event level: 3
