do run
loading script "jan_unknown120_60.py"
loading script "jan_pump_ms.py"
loading script "jan_co2.py"
loading script "jan_pump_extraction_line.py"
testing...
no interpolation path defined
executed snippet estimated_duration=213.652928, duration=0.000255823135376
script duration name:unknown120_60 seconds:214.0
loading script "jan_unknown120_60.py"
loading script "jan_pump_ms.py"
loading script "jan_co2.py"
loading script "jan_pump_extraction_line.py"
testing...
no interpolation path defined
executed snippet estimated_duration=0, duration=2.31266021729e-05
loading script "jan_unknown120_60.py"
loading script "jan_pump_ms.py"
loading script "jan_co2.py"
loading script "jan_pump_extraction_line.py"
testing...
no interpolation path defined
calculate duration
testing...
no interpolation path defined
executed snippet estimated_duration=0, duration=0.000203847885132
calculate duration
testing...
no interpolation path defined
executed snippet estimated_duration=0, duration=0.000108003616333
executed snippet estimated_duration=0.0, duration=0.00313019752502
script duration name:co2 seconds:0.0
loading script "jan_unknown120_60.py"
loading script "jan_pump_ms.py"
loading script "jan_co2.py"
loading script "jan_pump_extraction_line.py"
testing...
no interpolation path defined
calculate duration
testing...
no interpolation path defined
executed snippet estimated_duration=4.0, duration=0.000252962112427
executed snippet estimated_duration=4.0, duration=0.00158286094666
Script duration 214.0
Run total estimated duration= 215.000
run duration: 0:03:35
doing event level: 2
20:25:56 -- Setting default integration. t=1.048576
setting integration time = 1.048576
SetIntegrationTime 1.048576 ===>> OK
----------------- start -----------------
**************** Experiment Type: Ar/Ar, Ar/Ar
create new session 4419362736
close session 4419362736
$$$$$ Clearing conditionals
adding conditionals 
Add queue conditionals
add default conditionals
adding default conditionals from /Users/jan/PychronDev/setupfiles/spectrometer/default_conditionals.yaml
Start automated run 25324-05
loading script "jan_unknown120_60.py"
loading script "jan_pump_ms.py"
loading script "jan_co2.py"
loading script "jan_pump_extraction_line.py"
%%%%%%%%%%%%%%%%%% setting automated run 25324-05
No value "sensitivity_multiplier" in metadata
$$$$$$$$$$$$$$$ auto_save_detector_ic=False
============================= Pre Extraction Check =============================
loading queue conditionals pre_run_terminations
loading system conditionals pre_run_terminations
loading conditionals from /Users/jan/PychronDev/setupfiles/spectrometer/default_conditionals.yaml
20:25:56 -- ******* Pre Extraction Check *******
Get a measurement from the spectrometer
GetData ===>> H2,-0.276261740500918,H1,0.00770357533419492,AX,-0.185195986197189,L1,-0.0108160283953272,L2,0.04...
Pre Extraction Termination data. keys=H2,H1,AX,L1,L2,CDD, signals=-0.27626,0.00770,-0.18520,-0.01082,0.04748,0.00313
20:25:56 -- testing system defined conditionals
Checking default pre extraction terminations n=2
testing CDD
evaluate ot="CDD.inactive" t="CDD", ctx="{'CDD': False}"
GetDeflection CDD ===>> 50
testing CDD==2000
evaluate ot="CDD.deflection==2000" t="CDD==2000", ctx="{'CDD': 50.0}"
20:25:56 -- ******* Pre Extraction Check Passed *******
=================================================================================
20:25:56 -- stopping status monitor
stop 4976433200
Alive clients [4982646160]
20:25:56 -- starting status monitor
start 4976433200
Monitor already running
start extraction
do extraction
Analysis started at 20:25:56.706563
Extraction Started jan_co2.py
20:25:56 -- ******* Extraction Started jan_co2.py *******
state changed from not run to extraction
DO EXTRACTION <pychron.extraction_line.pyscript_runner.RemotePyScriptRunner object at 0x12b9a8890>
testing...
no interpolation path defined
calculate duration
testing...
no interpolation path defined
executed snippet estimated_duration=0, duration=4.81605529785e-05
calculate duration
testing...
no interpolation path defined
executed snippet estimated_duration=0, duration=9.08374786377e-05
executed snippet estimated_duration=100.0, duration=0.00278806686401
Jan CO2 laser analysis
doing GOSUB
testing...
no interpolation path defined
executed snippet estimated_duration=0, duration=4.38690185547e-05
Waiting for CO2 access
wait ('FelixCO2Flag', 0) {}
waiting for FelixCO2Flag = 0
Read FelixCO2Flag ===>> 0
finished waiting
CO2 free
wait ('CO2PumpTimeFlag', 0) {}
waiting for CO2PumpTimeFlag = 0
Read CO2PumpTimeFlag ===>> 0
finished waiting
acquire ('JanCO2Flag',) {'clear': True}
acquire JanCO2Flag
Set JanCO2Flag 1 ===>> OK
JanCO2Flag acquired
set extraction state False (0.75, 'red', 1.5)
CO2 acquired
executed snippet estimated_duration=0, duration=0.0165548324585
WaitForCO2Access.py completed successfully
gosub finished
doing GOSUB
testing...
no interpolation path defined
executed snippet estimated_duration=0, duration=9.60826873779e-05
Prepare for CO2 analysis
close () {'description': 'Jan Inlet'}
closing name=--- desc=Jan Inlet
checking ownership. requestor=129.138.12.150
check software interlocks R
interlocks []
actuate state mode=None-script, software_lock=False
doing actuation None-script close_channel False
Close R ===>> OK
GetIndicatorState R ===>> False
change switch state (True, True)
update switch state R False args=() kw={} ncanvase=2
20:25:57 -- CLOSE  VALVE-R (Jan Inlet)
---------------------------------------- close None (Jan Inlet) result=[(True, True)]
action=close, ok=True, locked=[False]
open () {'description': 'Jan Ion Pump'}
opening name=--- desc=Jan Ion Pump
checking ownership. requestor=129.138.12.150
check software interlocks O
interlocks []
actuate state mode=None-script, software_lock=False
doing actuation None-script open_channel False
Open O ===>> OK
GetIndicatorState O ===>> OK
change switch state (True, True)
update switch state O True args=() kw={} ncanvase=2
20:25:57 -- OPEN   VALVE-O (Jan Ion Pump)
---------------------------------------- open None (Jan Ion Pump) result=[(True, True)], time=0.09 sec
action=open, ok=True, locked=[False]
close () {'description': 'Microbone to Minibone'}
closing name=--- desc=Microbone to Minibone
checking ownership. requestor=129.138.12.150
check software interlocks L
interlocks []
actuate state mode=None-script, software_lock=False
doing actuation None-script close_channel False
Close L ===>> OK
GetIndicatorState L ===>> False
change switch state (True, True)
update switch state L False args=() kw={} ncanvase=2
20:25:58 -- CLOSE  VALVE-L (Microbone to Minibone)
---------------------------------------- close None (Microbone to Minibone) result=[(True, True)]
action=close, ok=True, locked=[False]
open () {'description': 'Microbone to Turbo'}
opening name=--- desc=Microbone to Turbo
checking ownership. requestor=129.138.12.150
check software interlocks U
interlocks []
actuate state mode=None-script, software_lock=False
doing actuation None-script open_channel False
Open U ===>> OK
GetIndicatorState U ===>> OK
change switch state (True, True)
update switch state U True args=() kw={} ncanvase=2
20:25:58 -- OPEN   VALVE-U (Microbone to Turbo)
---------------------------------------- open None (Microbone to Turbo) result=[(True, True)], time=0.12 sec
action=open, ok=True, locked=[False]
open () {'description': 'Microbone to Inlet Pipette'}
opening name=--- desc=Microbone to Inlet Pipette
checking ownership. requestor=129.138.12.150
check software interlocks S
interlocks []
actuate state mode=None-script, software_lock=False
doing actuation None-script open_channel False
Open S ===>> OK
GetIndicatorState S ===>> OK
change switch state (True, True)
update switch state S True args=() kw={} ncanvase=2
20:25:59 -- OPEN   VALVE-S (Microbone to Inlet Pipette)
---------------------------------------- open None (Microbone to Inlet Pipette) result=[(True, True)], time=0.42 sec
action=open, ok=True, locked=[False]
open () {'description': 'Microbone to Getter D-50'}
opening name=--- desc=Microbone to Getter D-50
checking ownership. requestor=129.138.12.150
check software interlocks K
interlocks []
actuate state mode=None-script, software_lock=False
doing actuation None-script open_channel False
Open K ===>> OK
GetIndicatorState K ===>> OK
change switch state (True, True)
update switch state K True args=() kw={} ncanvase=2
20:25:59 -- OPEN   VALVE-K (Microbone to Getter D-50)
---------------------------------------- open None (Microbone to Getter D-50) result=[(True, True)], time=0.40 sec
action=open, ok=True, locked=[False]
open () {'description': 'Microbone to Getter NP-10'}
opening name=--- desc=Microbone to Getter NP-10
checking ownership. requestor=129.138.12.150
check software interlocks M
interlocks []
actuate state mode=None-script, software_lock=False
doing actuation None-script open_channel False
Open M ===>> OK
GetIndicatorState M ===>> OK
change switch state (True, True)
update switch state M True args=() kw={} ncanvase=2
20:26:00 -- OPEN   VALVE-M (Microbone to Getter NP-10)
---------------------------------------- open None (Microbone to Getter NP-10) result=[(True, True)], time=0.14 sec
action=open, ok=True, locked=[False]
close () {'description': 'CO2 Laser to Felix'}
closing name=--- desc=CO2 Laser to Felix
checking ownership. requestor=129.138.12.150
check software interlocks F
interlocks []
actuate state mode=None-script, software_lock=True
VALVE-F(CO2 Laser to Felix) software locked
change switch state (True, False)
---------------------------------------- close None (CO2 Laser to Felix) result=[(True, False)]
action=close, ok=True, locked=[True]
open () {'description': 'CO2 Laser to Jan'}
opening name=--- desc=CO2 Laser to Jan
checking ownership. requestor=129.138.12.150
check software interlocks A
interlocks []
actuate state mode=None-script, software_lock=False
doing actuation None-script open_channel False
Open A ===>> OK
GetIndicatorState A ===>> OK
change switch state (True, True)
update switch state A True args=() kw={} ncanvase=2
20:26:00 -- OPEN   VALVE-A (CO2 Laser to Jan)
---------------------------------------- open None (CO2 Laser to Jan) result=[(True, True)], time=0.13 sec
action=open, ok=True, locked=[False]
open () {'description': 'Microbone to CO2 Laser'}
opening name=--- desc=Microbone to CO2 Laser
checking ownership. requestor=129.138.12.150
check software interlocks T
interlocks []
actuate state mode=None-script, software_lock=False
doing actuation None-script open_channel False
Open T ===>> OK
GetIndicatorState T ===>> OK
change switch state (True, True)
update switch state T True args=() kw={} ncanvase=2
20:26:01 -- OPEN   VALVE-T (Microbone to CO2 Laser)
---------------------------------------- open None (Microbone to CO2 Laser) result=[(True, True)], time=0.41 sec
action=open, ok=True, locked=[False]
executed snippet estimated_duration=0, duration=4.85259318352
PrepareForCO2Analysis.py completed successfully
gosub finished
set_motor ('beam', '1.25') {}
setting motor "beam" to 1.25
set motor beam to 1.25
SetMotor beam,1.25 ===>> OK
GetMotorMoving beam ===>> False
GetMotorMoving beam ===>> False
Block completed
move_to_position ('173',) {'autocenter': True}
FusionsCO2 move to position 173
sending GoToHole 173,True
GoToHole 173,True ===>> OK
GetDriveMoving ===>> OK
GetDriveMoving ===>> OK
GetDriveMoving ===>> OK
GetDriveMoving ===>> OK
GetDriveMoving ===>> OK
GetDriveMoving ===>> OK
GetDriveMoving ===>> OK
GetDriveMoving ===>> False
GetDriveMoving ===>> OK
GetDriveMoving ===>> OK
GetDriveMoving ===>> OK
GetDriveMoving ===>> OK
GetDriveMoving ===>> False
Block completed
GetAutoCorrecting ===>> False
GetAutoCorrecting ===>> False
Block completed
update position
GetPosition ===>> -5.98170,-7.97560,1.00000
got position (-5.9817, -7.9756, 1.0)
move to position succeeded
sleep (5,) {}
SLEEP 5.0
block started
WaitControl setup for 5.0  
Join finished
block finished. duration 5.01544809341
close () {'description': 'Microbone to Turbo'}
closing name=--- desc=Microbone to Turbo
checking ownership. requestor=129.138.12.150
check software interlocks U
interlocks []
actuate state mode=None-script, software_lock=False
doing actuation None-script close_channel True
Close U ===>> OK
GetIndicatorState U ===>> False
change switch state (True, True)
update switch state U False args=() kw={} ncanvase=2
20:26:12 -- CLOSE  VALVE-U (Microbone to Turbo)
---------------------------------------- close None (Microbone to Turbo) result=[(True, True)]
action=close, ok=True, locked=[False]
enable laser
enable () {}
set extraction state FusionsCO2 Enabled (False, 'red', 1.5)
enabling laser
Enable ===>> OK
begin interval
BEGIN INTERVAL Interval 1 waiting for 30.0
block started
set extract to 5.0
WaitControl setup for 30.0  
extract (5.0,) {}
GetPosition ===>> -5.98170,-7.97560,1.00000
set extraction state FusionsCO2 ON! 5.0(watts) (0.75, 'red', 1.5)
extract sample to 5.0 (watts)
set laser output
SetLaserOutput 5.0,watts ===>> OK
executing pattern triangle.lp
execute_pattern ('triangle.lp',) {}
executing pattern triangle.lp
IsPatterning ===>> OK
IsPatterning ===>> OK
IsPatterning ===>> OK
IsPatterning ===>> OK
IsPatterning ===>> OK
IsPatterning ===>> OK
IsPatterning ===>> OK
IsPatterning ===>> OK
IsPatterning ===>> OK
IsPatterning ===>> OK
IsPatterning ===>> OK
IsPatterning ===>> OK
IsPatterning ===>> OK
IsPatterning ===>> OK
IsPatterning ===>> OK
IsPatterning ===>> OK
IsPatterning ===>> OK
IsPatterning ===>> OK
IsPatterning ===>> OK
IsPatterning ===>> OK
IsPatterning ===>> OK
IsPatterning ===>> OK
IsPatterning ===>> OK
IsPatterning ===>> OK
IsPatterning ===>> OK
IsPatterning ===>> OK
set states for children of V. state=True
handle state [('V', True)]
update switch state V True args=() kw={'refresh': False} ncanvase=2
refresh_canvas_needed fired
IsPatterning ===>> False
IsPatterning ===>> False
Block completed
COMPLETE INTERVAL waiting for Interval 1 to complete
Join finished
block finished. duration 30.1256451607
Interval 1 finished
end_extract () {}
ending extraction. set laser power to 0
set laser power 0
SetLaserPower 0 ===>> OK
disable () {}
%%%%%%%%%%%%%%%%%%%%%%%%%%%%%%%%%%% disable
set extraction state False (0.75, 'red', 1.5)
disabling laser
Disable ===>> OK
sleep (30.0,) {}
SLEEP 30.0
block started
WaitControl setup for 30.0  
Join finished
block finished. duration 30.1174170971
executed snippet estimated_duration=166.5, duration=77.2743079662
jan_co2.py completed successfully
GetAchievedOutput ===>> No Response
Requested Output= 0.000
Achieved Output=  0.000
GetResponseBlob ===>> No Response
GetOutputBlob ===>> No Response
persistence save...
persistence save - db
AutomatedRunPersister post_extraction_save deprecated
persistence save - dvc
no extraction position for 173
create new session 4982376208
close session 4982376208
Extraction Finished
20:27:14 -- ******* Extraction Finished *******
no overlap. not waiting for min ms pumptime
20:27:14 -- Sending spectrometer configuration
======== Sending configuration ========
SetDeflection CDD,50.0 ===>> OK
SetDeflection H2,0.0 ===>> OK
SetDeflection H1,0.0 ===>> OK
SetDeflection L2,825.0 ===>> OK
SetDeflection L1,400.0 ===>> OK
SetDeflection AX,190.0 ===>> OK
SetZFocus 74.64 ===>> OK
SetZSymmetry -50.72 ===>> OK
SetExtractionLens 26.13 ===>> OK
SetIonRepeller -3.81 ===>> OK
SetElectronEnergy 75.08 ===>> OK
SetYSymmetry -2.81 ===>> OK
SetIonCounterVoltage 1590.0 ===>> OK
send trap current 200.0
GetParameter Trap Current Readback ===>> 198.258926936459
SetParameter Trap Current Set,200.0 ===>> OK
updating mftable name mftable
Using mftable located at /Users/jan/PychronDev/setupfiles/spectrometer/mftables/mftable.csv
============ MFtable ===========
Isotope  H2     H1     AX     L1     L2     CDD    
Ar40     5.8010 5.8795 5.9930 6.1409 6.2315 6.3691
Ar39     5.7002 5.7718 5.8854 6.0269 6.1166 6.2556
Ar36     5.3777 5.4408 5.5488 5.6858 5.7716 5.9067
================================
get initial guess parabolic
get initial guess parabolic
get initial guess parabolic
get initial guess parabolic
get initial guess parabolic
get initial guess parabolic
======== Configuration Finished ========
GetYSymmetry ===>> -2.81
GetZSymmetry ===>> -50.72
GetParameter Trap Current Readback ===>> 198.147042666178
GetHighVoltage ===>> 4500
start measurement
do measurement
L#=25324 analysis type=unknown
Measurement Started jan_unknown120_60.py
20:27:14 -- ******* Measurement Started jan_unknown120_60.py *******
state changed from extraction to measurement
setting spec, defl, and gains
GetExtractionLens ===>> 26.13
GetYSymmetry ===>> -2.81
GetZSymmetry ===>> -50.72
GetZFocus ===>> 74.64
GetDeflection H2 ===>> 0
GetDeflection H1 ===>> 0
GetDeflection AX ===>> 190
GetDeflection L1 ===>> 400
GetDeflection L2 ===>> 825
GetDeflection CDD ===>> 50
GetGain H2 ===>> 0.0113
GetGain H1 ===>> 0.1
GetGain AX ===>> 0.097049
GetGain L1 ===>> 0.010355
GetGain L2 ===>> 0.095649
GetGain CDD ===>> 0
pre measurement save
New frame /Users/jan/PychronDev/data/isotopes/9b/8530f9-a6da-468e-bb7a-e8a64e5b66f1.h5
flush and close file /Users/jan/PychronDev/data/isotopes/9b/8530f9-a6da-468e-bb7a-e8a64e5b66f1.h5
testing...
no interpolation path defined
executed snippet estimated_duration=226.132928, duration=0.000183820724487
unknown measurement script
activate_detectors ('H2', 'H1', 'AX', 'L1', 'L2', 'CDD') {}
activate detectors
*************** Set Analysis View Ar/Ar
create graphs
clearing graphs
clear isotope group
setting isotope det=H2, iso=PM41
setting isotope det=H1, iso=Ar40
setting isotope det=AX, iso=Ar39
setting isotope det=L1, iso=Ar38
setting isotope det=L2, iso=Ar37
setting isotope det=CDD, iso=Ar36
setting previous blanks
 - setting Ar40 blank 0.205+/-0.007
 - setting Ar36 blank 0.00443+/-0.00018
 - setting Ar37 blank 0.053+/-0.005
 - setting Ar38 blank 0.0069+/-0.0021
 - setting PM41 blank 0.04+/-0.07
 - setting Ar39 blank 0.035+/-0.009
load analysis view
position_magnet ('Ar40',) {'detector': 'H1'}
detector Detector(H1)
POSITION Ar40 H1
setting detector H2 to PM41 (40.9624)
setting detector H1 to Ar40 (39.9624)
setting detector AX to Ar39 (38.9624)
setting detector L1 to Ar38 (37.9624)
setting detector L2 to Ar37 (36.9624)
setting detector CDD to Ar36 (35.9624)
Mapping mass to dac mass func: "parabolic"
H1 map mass coeffs = [-0.00063987  0.15840543  0.57110999]
H1 map mass to dac 39.9624 >> 5.8795
GetDeflection H1 ===>> 0
GetHighVoltage ===>> 4500
positioning Ar40 (5.8795) on H1
setting magnet DAC
current  : 5.879500
requested: 5.879500
Delta Dac: 0.000000
Checking detector protection. dv=0.00000
Checking detector "CDD". Protection Threshold: 0.1 (V)
SetMagnetDAC 5.8795 ===>> OK
equilibrate () {'delay': 3, 'inlet': 'R', 'outlet': 'O', 'eqtime': 12.0}
Equilibration Started
20:27:15 -- ******* Equilibration Started *******
checking ownership. requestor=129.138.12.150
check software interlocks O
interlocks []
actuate state mode=None-script, software_lock=False
doing actuation None-script close_channel True
Close O ===>> OK
GetIndicatorState O ===>> False
change switch state (True, True)
update switch state O False args=() kw={} ncanvase=2
20:27:15 -- CLOSE  VALVE-O (Jan Ion Pump)
waiting 3s before opening inlet value ('R',)
update labels <pychron.experiment.plot_panel.PlotPanel object at 0x1a3be8b30>
update labels "<pychron.graph.stacked_regression_graph.StackedRegressionGraph object at 0x18a5657d0>"
setting label 0 H2 PM41
setting label 1 H1 Ar40
setting label 2 AX Ar39
setting label 3 L1 Ar38
setting label 4 L2 Ar37
setting label 5 CDD Ar36
update labels "<pychron.graph.stacked_graph.StackedGraph object at 0x1a266ba10>"
setting label 0 H2 PM41
setting label 1 H1 Ar40
setting label 2 AX Ar39
setting label 3 L1 Ar38
setting label 4 L2 Ar37
setting label 5 CDD Ar36
checking ownership. requestor=129.138.12.150
check software interlocks R
interlocks []
actuate state mode=None-script, software_lock=False
doing actuation None-script open_channel True
Open R ===>> OK
State checksums do not match. Local:-598318598 Remote:-1449001502
State checksum failed
GetIndicatorState R ===>> OK
change switch state (True, True)
update switch state R True args=() kw={} ncanvase=2
20:27:19 -- OPEN   VALVE-R (Jan Inlet)
set_time_zero () {}
equilibrating for 12.0sec
sniff (12.0,) {}
py_sniff
build tables- sniff [Detector(H2), Detector(H1), Detector(AX), Detector(L1), Detector(L2), Detector(CDD)]
add group /sniff/PM41 (Group) '' table H2
add group /sniff/Ar40 (Group) '' table H1
add group /sniff/Ar39 (Group) '' table AX
add group /sniff/Ar38 (Group) '' table L1
add group /sniff/Ar37 (Group) '' table L2
add group /sniff/Ar36 (Group) '' table CDD
flush and close file /Users/jan/PychronDev/data/isotopes/9b/8530f9-a6da-468e-bb7a-e8a64e5b66f1.h5
measuring sniff. ncounts=12.0
starting measurement
GetData ===>> H2,0.260784968746929,H1,259.810868519639,AX,34.9445395462551,L1,0.10248775670098,L2,0.31688927633...
"sniff" increment series count="1" fit count="0" regressing="False"
GetData ===>> H2,0.938246072219704,H1,1270.79368240826,AX,163.77557383955,L1,0.993217550237152,L2,0.54308624998...
GetData ===>> H2,0.429538388234525,H1,1704.26729066104,AX,213.051237874505,L1,1.87518834935826,L2,0.46818200352...
GetData ===>> H2,0.247649400923018,H1,1846.07274668643,AX,227.277386726311,L1,2.36641782172386,L2,0.55562551586...
GetData ===>> H2,0.0834021986376548,H1,1898.2752118748,AX,232.371218201202,L1,2.58009428169065,L2,0.55884918361...
GetData ===>> H2,0.0592358038776156,H1,1919.89753669308,AX,234.139997213488,L1,2.73905305216667,L2,0.5268802199...
GetData ===>> H2,0.0740133331919402,H1,1929.16261755295,AX,235.263082974485,L1,2.82549871352938,L2,0.4654410420...
GetData ===>> H2,0.0936376653902684,H1,1933.67156944068,AX,236.406146042457,L1,2.89312720762073,L2,0.4309911747...
GetData ===>> H2,0.0213614485196277,H1,1935.47511247375,AX,236.372464889367,L1,2.97877658038901,L2,0.5181269026...
GetData ===>> H2,-0.0516805758742747,H1,1935.95509248884,AX,235.753143651203,L1,2.97964443588281,L2,0.532822874...
GetData ===>> H2,0.0974435404243502,H1,1935.80141188949,AX,235.745244071312,L1,2.97651908376385,L2,0.5284801293...
Equilibration Finished
20:27:31 -- ******* Equilibration Finished *******
checking ownership. requestor=129.138.12.150
check software interlocks R
interlocks []
actuate state mode=None-script, software_lock=False
doing actuation None-script close_channel True
GetData ===>> H2,-0.0359736150649316,H1,1935.08781971923,AX,235.956569694426,L1,2.96010423767908,L2,0.468707363...
Close R ===>> OK
GetIndicatorState R ===>> False
change switch state (True, True)
update switch state R False args=() kw={} ncanvase=2
20:27:31 -- CLOSE  VALVE-R (Jan Inlet)
Post Equilibration Started jan_pump_extraction_line.py
20:27:31 -- ******* Post Equilibration Started jan_pump_extraction_line.py *******
testing...
no interpolation path defined
calculate duration
testing...
no interpolation path defined
executed snippet estimated_duration=4.0, duration=0.000150203704834
executed snippet estimated_duration=4.0, duration=0.00138902664185
Pump after analysis
doing GOSUB
testing...
no interpolation path defined
executed snippet estimated_duration=4.0, duration=0.000150918960571
Pump Microbone
close () {'description': 'Jan Inlet'}
closing name=--- desc=Jan Inlet
checking ownership. requestor=129.138.12.150
check software interlocks R
interlocks []
actuate state mode=None-script, software_lock=False
doing actuation None-script close_channel False
Close R ===>> OK
measurement finished
estimated time: 12.583 actual time: :12.686
flush and close file /Users/jan/PychronDev/data/isotopes/9b/8530f9-a6da-468e-bb7a-e8a64e5b66f1.h5
set_fits () {}
using default fits file=/Users/jan/PychronDev/scripts/measurement/fits/nominal_linear.yaml
set "Ar40" to "('Linear', 'SEM')"
No fit for "PM41". defaulting to linear. check the measurement script "jan_unknown120_60.py"
set "PM41" to "linear"
set "Ar36" to "('Linear', 'SEM')"
set "Ar37" to "('linear', 'SEM')"
set "Ar38" to "('linear', 'SEM')"
set "Ar39" to "('Linear', 'SEM')"
set_baseline_fits () {}
using default fits file=/Users/jan/PychronDev/scripts/measurement/fits/nominal_linear.yaml
GetIndicatorState R ===>> False
change switch state (True, True)
set "H1" to "('average', 'SEM')"
update switch state R False args=() kw={} ncanvase=2
set "H2" to "('average', 'SEM')"
set "CDD" to "('average', 'SEM')"
set "L2" to "('average', 'SEM')"
set "L1" to "('average', 'SEM')"
set "AX" to "('average', 'SEM')"
multicollect () {'integration_time': 1, 'ncounts': 120}
build tables- signal [Detector(H2), Detector(H1), Detector(AX), Detector(L1), Detector(L2), Detector(CDD)]
20:27:32 -- CLOSE  VALVE-R (Jan Inlet)
add group /signal/PM41 (Group) '' table H2
---------------------------------------- close None (Jan Inlet) result=[(True, True)]
add group /signal/Ar40 (Group) '' table H1
add group /signal/Ar39 (Group) '' table AX
add group /signal/Ar38 (Group) '' table L1
add group /signal/Ar37 (Group) '' table L2
add group /signal/Ar36 (Group) '' table CDD
flush and close file /Users/jan/PychronDev/data/isotopes/9b/8530f9-a6da-468e-bb7a-e8a64e5b66f1.h5
measuring signal. ncounts=120
action=close, ok=True, locked=[False]
is_closed ('F',) {}
is F () closed?
is closed True
open () {'description': 'CO2 Laser to Jan'}
opening name=--- desc=CO2 Laser to Jan
checking ownership. requestor=129.138.12.150
check software interlocks A
interlocks []
actuate state mode=None-script, software_lock=False
doing actuation None-script open_channel False
Open A ===>> OK
GetIndicatorState A ===>> OK
change switch state (True, True)
update switch state A True args=() kw={} ncanvase=2
20:27:32 -- OPEN   VALVE-A (CO2 Laser to Jan)
---------------------------------------- open None (CO2 Laser to Jan) result=[(True, True)], time=0.12 sec
starting measurement
GetData ===>> H2,-0.0348942626609685,H1,1934.89239263076,AX,236.133697939878,L1,3.01011501694697,L2,0.504107261...
action=open, ok=True, locked=[False]
"signal" increment series count="2" fit count="1" regressing="True"
sleep (1,) {}
SLEEP 1.0
GetData ===>> H2,0.0208430742684288,H1,1935.1429257438,AX,235.945715079984,L1,3.04391147827606,L2,0.47840419651...
close () {'description': 'CO2 Laser to Roughing'}
closing name=--- desc=CO2 Laser to Roughing
checking ownership. requestor=129.138.12.150
check software interlocks G
interlocks []
actuate state mode=None-script, software_lock=True
VALVE-G(CO2 Laser to Roughing) software locked
change switch state (True, False)
---------------------------------------- close None (CO2 Laser to Roughing) result=[(True, False)]
action=close, ok=True, locked=[True]
open () {'description': 'Microbone to Turbo'}
opening name=--- desc=Microbone to Turbo
checking ownership. requestor=129.138.12.150
check software interlocks U
interlocks []
actuate state mode=None-script, software_lock=False
doing actuation None-script open_channel True
Open U ===>> OK
GetIndicatorState U ===>> OK
change switch state (True, True)
update switch state U True args=() kw={} ncanvase=2
20:27:34 -- OPEN   VALVE-U (Microbone to Turbo)
---------------------------------------- open None (Microbone to Turbo) result=[(True, True)], time=0.15 sec
action=open, ok=True, locked=[False]
open () {'description': 'Microbone to Getter NP-10'}
opening name=--- desc=Microbone to Getter NP-10
checking ownership. requestor=129.138.12.150
check software interlocks M
interlocks []
actuate state mode=None-script, software_lock=False
doing actuation None-script open_channel False
Open M ===>> OK
GetIndicatorState M ===>> OK
change switch state (True, True)
update switch state M True args=() kw={} ncanvase=2
20:27:34 -- OPEN   VALVE-M (Microbone to Getter NP-10)
---------------------------------------- open None (Microbone to Getter NP-10) result=[(True, True)], time=0.15 sec
action=open, ok=True, locked=[False]
open () {'description': 'Microbone to Getter D-50'}
opening name=--- desc=Microbone to Getter D-50
checking ownership. requestor=129.138.12.150
check software interlocks K
interlocks []
actuate state mode=None-script, software_lock=False
doing actuation None-script open_channel False
GetData ===>> H2,0.00937808315822675,H1,1934.73450242326,AX,235.960598614918,L1,3.01769719512753,L2,0.499194587...
Open K ===>> OK
GetIndicatorState K ===>> OK
change switch state (True, True)
update switch state K True args=() kw={} ncanvase=2
20:27:35 -- OPEN   VALVE-K (Microbone to Getter D-50)
---------------------------------------- open None (Microbone to Getter D-50) result=[(True, True)], time=0.40 sec
action=open, ok=True, locked=[False]
open () {'description': 'Microbone to CO2 Laser'}
opening name=--- desc=Microbone to CO2 Laser
checking ownership. requestor=129.138.12.150
check software interlocks T
interlocks []
actuate state mode=None-script, software_lock=False
doing actuation None-script open_channel False
Open T ===>> OK
GetIndicatorState T ===>> OK
change switch state (True, True)
update switch state T True args=() kw={} ncanvase=2
20:27:35 -- OPEN   VALVE-T (Microbone to CO2 Laser)
---------------------------------------- open None (Microbone to CO2 Laser) result=[(True, True)], time=0.40 sec
GetData ===>> H2,0.144793262705698,H1,1934.00570660429,AX,235.842136545486,L1,3.02796072043577,L2,0.49512754105...
action=open, ok=True, locked=[False]
open () {'description': 'Microbone to Inlet Pipette'}
opening name=--- desc=Microbone to Inlet Pipette
checking ownership. requestor=129.138.12.150
check software interlocks S
interlocks []
actuate state mode=None-script, software_lock=False
doing actuation None-script open_channel False
Open S ===>> OK
GetIndicatorState S ===>> OK
change switch state (True, True)
update switch state S True args=() kw={} ncanvase=2
20:27:36 -- OPEN   VALVE-S (Microbone to Inlet Pipette)
---------------------------------------- open None (Microbone to Inlet Pipette) result=[(True, True)], time=0.41 sec
action=open, ok=True, locked=[False]
sleep (1,) {}
SLEEP 1.0
GetData ===>> H2,0.0231494079051936,H1,1933.22030272883,AX,235.543582595097,L1,3.03471695267841,L2,0.5008740081...
set_resource () {'name': 'CO2PumpTimeFlag', 'value': 30}
Set CO2PumpTimeFlag 30 ===>> OK
release ('JanCO2Flag',) {}
release JanCO2Flag
Set JanCO2Flag 0 ===>> OK
executed snippet estimated_duration=6.0, duration=5.90133786201
PumpMicrobone.py completed successfully
gosub finished
get_resource_value () {'name': 'JanMiniboneFlag'}
Read JanMiniboneFlag ===>> 0
Get Resource Value JanMiniboneFlag=0.0
get resource value 0.0
get_resource_value () {'name': 'JanMiniboneFlag'}
Read JanMiniboneFlag ===>> 0
Get Resource Value JanMiniboneFlag=0.0
executed snippet estimated_duration=4.0, duration=5.91479110718
jan_pump_extraction_line.py completed successfully
Post Equilibration Finished
20:27:37 -- ******* Post Equilibration Finished *******
GetData ===>> H2,-0.0723007547014007,H1,1932.46033678158,AX,235.580473817909,L1,3.03494752081693,L2,0.451977206...
GetData ===>> H2,-0.0680588648456986,H1,1931.5290849742,AX,235.483798508876,L1,3.01844092149074,L2,0.4706260935...
GetData ===>> H2,-0.119715090239164,H1,1930.8575096329,AX,235.295806208949,L1,3.00177387591244,L2,0.61031678931...
GetData ===>> H2,-0.156211476239563,H1,1929.76051441226,AX,235.236744004826,L1,3.02989816225554,L2,0.4569788180...
GetData ===>> H2,-0.224309990409792,H1,1929.00347199487,AX,235.4551879427,L1,3.01122920448369,L2,0.510231318755...
GetData ===>> H2,-0.163216873980135,H1,1928.67455986438,AX,235.036616705874,L1,3.01548561586107,L2,0.5739515661...
GetData ===>> H2,0.0755851143223888,H1,1928.01529154063,AX,235.128847926509,L1,3.03342751245589,L2,0.6062450288...
GetData ===>> H2,0.0540967112399154,H1,1927.15205498663,AX,234.996519615179,L1,3.00836121622797,L2,0.4308769021...
GetData ===>> H2,-0.0455329568924745,H1,1925.76553185167,AX,235.141458742318,L1,3.01756611658278,L2,0.453781410...
GetData ===>> H2,-0.0106369224512365,H1,1925.0922026447,AX,234.996673229598,L1,3.00493235624961,L2,0.5436691695...
GetData ===>> H2,-0.0193823273226893,H1,1924.39908234818,AX,234.773243513759,L1,3.0044647364537,L2,0.4448292382...
GetData ===>> H2,-0.124333851248089,H1,1923.47105913505,AX,234.644948580469,L1,3.00581385025286,L2,0.4983034783...
State checksums do not match. Local:-860229079 Remote:1823859597
State checksum failed
GetData ===>> H2,-0.193047896863635,H1,1922.55591841289,AX,234.658865938439,L1,3.03531202112546,L2,0.4702491971...
set states for children of B. state=False
set states for children of D. state=False
handle state [('B', False), ('D', False)]
update switch state B False args=() kw={'refresh': True} ncanvase=2
update switch state D False args=() kw={'refresh': False} ncanvase=2
refresh_canvas_needed fired
GetData ===>> H2,-0.142521622159232,H1,1922.35899576583,AX,234.328805606754,L1,2.9996999542832,L2,0.54227474048...
GetData ===>> H2,-0.0521718078278883,H1,1921.2768658436,AX,234.466722301696,L1,2.99316622279733,L2,0.4645274056...
GetData ===>> H2,-0.0882602143494237,H1,1920.7584056954,AX,234.405178516037,L1,2.97308754181271,L2,0.4921344878...
GetData ===>> H2,-0.0173935950204621,H1,1920.23361561002,AX,234.25004836519,L1,2.93621995314451,L2,0.5240575878...
GetData ===>> H2,0.00243510486538285,H1,1919.13248989323,AX,234.150194081564,L1,2.94562451736467,L2,0.531897167...
GetData ===>> H2,0.0876930884980942,H1,1917.58839018926,AX,234.02957498839,L1,2.92889333761239,L2,0.59984036197...
20:27:58 -- collecting point 25
GetData ===>> H2,-0.0741662515204898,H1,1917.07237632223,AX,233.693948572752,L1,2.94897551399165,L2,0.409715961...
GetData ===>> H2,-0.0557319275676484,H1,1917.18473328321,AX,233.672381584388,L1,2.99045456749202,L2,0.544686429...
GetData ===>> H2,-0.082691310587736,H1,1915.74282887075,AX,233.644169028675,L1,2.93930811811121,L2,0.4148915049...
GetData ===>> H2,-0.0464263255258238,H1,1914.86292771125,AX,233.713858489679,L1,2.93989119480478,L2,0.436544988...
GetData ===>> H2,-0.0380695747229213,H1,1913.64544448235,AX,233.542407316891,L1,2.95835352856467,L2,0.389439205...
GetData ===>> H2,-0.166819853944819,H1,1913.13636481707,AX,233.441562790337,L1,2.94462565795782,L2,0.5075120061...
GetData ===>> H2,-0.125794151805196,H1,1912.59899199577,AX,233.485026565225,L1,2.97232205588677,L2,0.4974809233...
GetData ===>> H2,-0.0818080691962615,H1,1911.57461688681,AX,233.378776323891,L1,2.96777561894352,L2,0.446781745...
GetData ===>> H2,-0.0484164663158195,H1,1911.8272995835,AX,233.266365317344,L1,2.97156488048435,L2,0.3978578219...
GetData ===>> H2,-0.126018588752175,H1,1910.45652306364,AX,233.121945408681,L1,2.96522713636345,L2,0.4637850825...
GetData ===>> H2,0.0616022805640183,H1,1909.12365185121,AX,232.91820963085,L1,2.96207960940392,L2,0.49277421652...
GetData ===>> H2,-0.0715455211130101,H1,1908.03640703419,AX,233.067678643078,L1,2.98136380867958,L2,0.533371446...
GetData ===>> H2,-0.209996485131856,H1,1907.40302891642,AX,233.005278873612,L1,2.94682436359108,L2,0.5468124240...
GetData ===>> H2,-0.0465104995052369,H1,1907.20953218248,AX,232.83919370095,L1,2.94033402273147,L2,0.4797291638...
GetData ===>> H2,-0.148719845675416,H1,1906.03374881725,AX,232.825283374544,L1,2.98874770813515,L2,0.5216578444...
GetData ===>> H2,-0.11606744341054,H1,1905.00518801098,AX,232.743444786763,L1,2.98593075637605,L2,0.53851445508...
GetData ===>> H2,-0.0966297568214515,H1,1904.43841159401,AX,232.620405227359,L1,2.94886825496854,L2,0.433779468...
GetData ===>> H2,-0.0243574021205917,H1,1904.19939913809,AX,232.235405505688,L1,2.94773396315922,L2,0.595334477...
GetData ===>> H2,0.0122938966957127,H1,1903.42598941226,AX,232.28089482119,L1,2.95192002579593,L2,0.51938385733...
GetData ===>> H2,-0.0846648091628673,H1,1902.84568651958,AX,232.360074063808,L1,2.94997114529991,L2,0.508403200...
GetData ===>> H2,-0.15108584123818,H1,1901.90512683143,AX,232.213503873308,L1,2.95999825167247,L2,0.52988578598...
GetData ===>> H2,-0.265167662778377,H1,1901.42891618428,AX,232.171855963543,L1,2.94806384405801,L2,0.4648814387...
GetData ===>> H2,-0.219552367444166,H1,1900.51008516433,AX,231.97998637269,L1,2.93017526253179,L2,0.56833791242...
GetData ===>> H2,-0.0911410728962105,H1,1900.7376316327,AX,231.707205659586,L1,2.89424681062482,L2,0.5645651729...
GetData ===>> H2,-0.024974369610519,H1,1899.54479155553,AX,231.765679495278,L1,2.92882739034424,L2,0.4400991407...
20:28:24 -- collecting point 50
GetData ===>> H2,-0.0228875743788681,H1,1898.35313220212,AX,231.881161470803,L1,2.91641622446019,L2,0.486068700...
GetData ===>> H2,-0.0586996521148852,H1,1897.83772677135,AX,231.720037526836,L1,2.91379982366564,L2,0.445480069...
GetData ===>> H2,-0.154544237186726,H1,1896.39376820974,AX,231.535602923796,L1,2.9297465643887,L2,0.56980131799...
GetData ===>> H2,-0.13547493275642,H1,1895.67048287128,AX,231.370159213112,L1,2.94481138973529,L2,0.48401258880...
GetData ===>> H2,-0.0173935950204621,H1,1895.29215641737,AX,231.380544287095,L1,2.9681554525455,L2,0.5390516296...
GetData ===>> H2,-0.0466408321815331,H1,1894.54823487171,AX,231.48211839525,L1,2.93282200192951,L2,0.4473869166...
GetData ===>> H2,-0.0334943464490313,H1,1893.7929423817,AX,231.448526004545,L1,2.88895298095743,L2,0.5083917753...
GetData ===>> H2,-0.0574586731214142,H1,1892.9430790242,AX,231.222163837909,L1,2.88107440058526,L2,0.4748405820...
GetData ===>> H2,-0.137305627447467,H1,1891.54810189762,AX,231.069532891777,L1,2.87825445728477,L2,0.5050098497...
GetData ===>> H2,-0.141847286747167,H1,1890.63432505469,AX,231.280142600929,L1,2.90798314977974,L2,0.3937569379...
GetData ===>> H2,-0.0855193889524913,H1,1890.24612714338,AX,231.074453944841,L1,2.89558471429593,L2,0.450481341...
GetData ===>> H2,-0.0639089314351062,H1,1890.00655547444,AX,230.828110441111,L1,2.87621810882047,L2,0.504484290...
GetData ===>> H2,0.0231357998516131,H1,1889.43561192257,AX,230.825929557465,L1,2.89652065314212,L2,0.5825956345...
set states for children of C. state=False
handle state [('C', False)]
update switch state C False args=() kw={'refresh': False} ncanvase=2
refresh_canvas_needed fired
GetData ===>> H2,-0.0409807442178284,H1,1888.38249871666,AX,230.998252000483,L1,2.89282262857718,L2,0.452433964...
State checksums do not match. Local:968834110 Remote:-1735986017
State checksum failed
GetData ===>> H2,-0.0075752618296714,H1,1887.6392767135,AX,230.349957222526,L1,2.92182121238299,L2,0.4738811700...
set states for children of B. state=True
handle state [('B', True)]
update switch state B True args=() kw={'refresh': False} ncanvase=2
refresh_canvas_needed fired
GetData ===>> H2,-0.0704769901106768,H1,1886.91756104969,AX,230.504466345293,L1,2.96065482998565,L2,0.466697306...
GetData ===>> H2,-0.221096255092038,H1,1886.29725518449,AX,230.575940182708,L1,2.97572307356755,L2,0.5897195725...
GetData ===>> H2,-0.222529483822678,H1,1885.98332684063,AX,230.35904884479,L1,2.95107276562614,L2,0.58834734434...
GetData ===>> H2,-0.0792080694753311,H1,1885.36477698517,AX,230.281849038366,L1,2.9199661393975,L2,0.3810213276...
GetData ===>> H2,-0.0625383709426666,H1,1884.28304995594,AX,229.972241848729,L1,2.96969005237454,L2,0.415931217...
GetData ===>> H2,-0.00406802553729089,H1,1883.12091615196,AX,230.096988842815,L1,2.97801898203393,L2,0.50142239...
GetData ===>> H2,-0.118819522890303,H1,1882.8373209264,AX,230.13132040939,L1,2.94039866052702,L2,0.480460188193...
GetData ===>> H2,-0.215552088861057,H1,1882.29830182529,AX,230.039047923488,L1,2.88671361564592,L2,0.4247063829...
GetData ===>> H2,-0.107126996360938,H1,1881.65043411421,AX,229.886546418592,L1,2.88078496797473,L2,0.4845837265...
GetData ===>> H2,-0.0524839055185387,H1,1880.56952235278,AX,229.849456684809,L1,2.90296450119491,L2,0.517738392...
20:28:50 -- collecting point 75
GetData ===>> H2,-0.0992647919508941,H1,1879.30920874334,AX,229.93637222859,L1,2.88549498193934,L2,0.4894385350...
GetData ===>> H2,-0.0771617945417613,H1,1878.50033071533,AX,229.825779316449,L1,2.87117335657017,L2,0.499011795...
GetData ===>> H2,-0.122285057415388,H1,1877.87539626961,AX,229.657062743551,L1,2.88234881366831,L2,0.4740296498...
GetData ===>> H2,-0.116849567274966,H1,1877.10880562849,AX,229.615446327984,L1,2.89517852403447,L2,0.4573328232...
GetData ===>> H2,-0.100640292108987,H1,1876.46214896172,AX,229.172331233859,L1,2.88494608997248,L2,0.4818537187...
GetData ===>> H2,-0.0882642800452135,H1,1875.1479476471,AX,229.255369916322,L1,2.86177854328269,L2,0.4907293843...
GetData ===>> H2,-0.113159039719212,H1,1874.80334083835,AX,229.263326973519,L1,2.90185228881374,L2,0.4520228824...
GetData ===>> H2,-0.0784885273429711,H1,1874.79740422669,AX,229.115627524451,L1,2.97955351463288,L2,0.585111250...
GetData ===>> H2,-0.0760043343300185,H1,1873.49787899762,AX,228.966942623113,L1,2.97875040798145,L2,0.485828818...
GetData ===>> H2,-0.0261986930005363,H1,1872.76786324067,AX,228.783528636186,L1,2.90955853324639,L2,0.384653374...
set states for children of B. state=False
handle state [('B', False)]
update switch state B False args=() kw={'refresh': False} ncanvase=2
refresh_canvas_needed fired
GetData ===>> H2,0.026121795197108,H1,1871.75121435131,AX,228.893535016714,L1,2.89853139478689,L2,0.42261535263...
GetData ===>> H2,-0.0978837089329723,H1,1871.04913452099,AX,228.94735130948,L1,2.93880207542731,L2,0.5127907421...
GetData ===>> H2,-0.174379197645822,H1,1870.2846392607,AX,228.845863992854,L1,2.92165767913996,L2,0.46347673458...
GetData ===>> H2,-0.0510861840171013,H1,1869.66263177274,AX,228.695646845079,L1,2.92260867803253,L2,0.537828704...
GetData ===>> H2,-0.00203172920104386,H1,1869.06341439311,AX,228.62882238996,L1,2.91811136482279,L2,0.548252640...
GetData ===>> H2,-0.117957709364699,H1,1867.85393214013,AX,228.676652217731,L1,2.88595881605124,L2,0.4460623961...
GetData ===>> H2,-0.106737330262713,H1,1867.24983567326,AX,228.478029156189,L1,2.89468727251938,L2,0.4978350780...
GetData ===>> H2,-0.133936055385195,H1,1867.6924155225,AX,228.367002990491,L1,2.87256866730816,L2,0.57134477774...
GetData ===>> H2,-0.0213204642089224,H1,1866.8393125826,AX,228.091482096666,L1,2.91175106768326,L2,0.5264002523...
GetData ===>> H2,-0.103300112872529,H1,1865.20554194425,AX,228.08243602579,L1,2.90562051417253,L2,0.45356444789...
GetData ===>> H2,-0.262798545066273,H1,1864.48803511496,AX,228.064722974782,L1,2.88797080990277,L2,0.4239293827...
GetData ===>> H2,-0.0863847378998281,H1,1864.18040843582,AX,227.897414067472,L1,2.9236023632608,L2,0.4319053606...
GetData ===>> H2,-0.0540022065907793,H1,1863.46966885385,AX,227.978925136749,L1,2.89804411800243,L2,0.394339504...
GetData ===>> H2,-0.0535965320230673,H1,1862.41608473414,AX,227.875326743311,L1,2.89299961271667,L2,0.563501973...
GetData ===>> H2,-0.0143323887407062,H1,1861.47060401728,AX,227.694719663151,L1,2.85826208864079,L2,0.534811460...
20:29:17 -- collecting point 100
GetData ===>> H2,-0.11594430135366,H1,1861.17160339267,AX,227.652206277854,L1,2.86524534533396,L2,0.49275136899...
GetData ===>> H2,-0.104817217730746,H1,1860.65138147852,AX,227.466506139687,L1,2.89174843436298,L2,0.4530962661...
GetData ===>> H2,-0.0604503552530749,H1,1859.50736215089,AX,227.399774888457,L1,2.87168732659761,L2,0.507123539...
GetData ===>> H2,-0.100758068340139,H1,1858.56020922337,AX,227.376161155061,L1,2.91212179412604,L2,0.4258147617...
GetData ===>> H2,-0.146577599653205,H1,1858.52940953205,AX,227.460594302632,L1,2.90732788194449,L2,0.3637310193...
GetData ===>> H2,-0.128588481018867,H1,1857.15874507697,AX,227.428145039694,L1,2.89390378343383,L2,0.4290599858...
GetData ===>> H2,-0.101451163497754,H1,1856.57148956917,AX,227.297529308768,L1,2.87095955180069,L2,0.4522626799...
GetData ===>> H2,-0.0831803150430274,H1,1856.03203847115,AX,227.257774074455,L1,2.83813873385828,L2,0.588873362...
GetData ===>> H2,-0.0995951437953499,H1,1854.6264026073,AX,227.134045074604,L1,2.85190751626819,L2,0.4983491760...
GetData ===>> H2,0.126315346637159,H1,1854.16823253594,AX,226.998812584236,L1,2.86258723323146,L2,0.56422220394...
GetData ===>> H2,0.045976225769427,H1,1853.1976855885,AX,226.679718279625,L1,2.87753449493631,L2,0.442808263951...
GetData ===>> H2,-0.0800915128097104,H1,1852.82980859238,AX,226.692950319944,L1,2.86881330804951,L2,0.441390553...
GetData ===>> H2,-0.106101388131207,H1,1852.10419306155,AX,226.518560917253,L1,2.86073144281456,L2,0.4419505520...
GetData ===>> H2,-0.164183540820655,H1,1851.51853719449,AX,226.502748971764,L1,2.84834347463925,L2,0.4496021038...
GetData ===>> H2,-0.0887494426367274,H1,1850.5859411119,AX,226.478556483295,L1,2.85647549483717,L2,0.4574013405...
GetData ===>> H2,-0.0571521372572206,H1,1849.54632970636,AX,226.369604983193,L1,2.84065791861961,L2,0.466000648...
GetData ===>> H2,-0.0479087826754237,H1,1849.00004084,AX,226.651474294583,L1,2.83744331709313,L2,0.411086938982...
GetData ===>> H2,-0.151114197779729,H1,1848.44628963593,AX,226.370081742065,L1,2.87301827301962,L2,0.5116481340...
GetData ===>> H2,-0.0685186601410793,H1,1847.73030399979,AX,226.123764370055,L1,2.82590657615188,L2,0.515818719...
GetData ===>> H2,-0.0751747939062603,H1,1846.82392833509,AX,226.203490583523,L1,2.84661305713674,L2,0.517132777...
GetData ===>> H2,-0.0360523562704523,H1,1846.11848275088,AX,225.95159711531,L1,2.85552750717489,L2,0.5688752540...
measurement finished
estimated time: 125.829 actual time: :126.384
flush and close file /Users/jan/PychronDev/data/isotopes/9b/8530f9-a6da-468e-bb7a-e8a64e5b66f1.h5
baselines () {'settling_time': 15.0, 'detector': 'H1', 'mass': 34.2, 'ncounts': 60}
%%%%%%%%%%%%%%%%%%%%%%%%%%%%%%%% Baseline
build tables- baseline [Detector(H2), Detector(H1), Detector(AX), Detector(L1), Detector(L2), Detector(CDD)]
add group baseline table H2
add group baseline table H1
add group baseline table AX
add group baseline table L1
add group baseline table L2
add group baseline table CDD
flush and close file /Users/jan/PychronDev/data/isotopes/9b/8530f9-a6da-468e-bb7a-e8a64e5b66f1.h5
detector Detector(H1)
POSITION 34.2 H1
Mapping mass to dac mass func: "parabolic"
H1 map mass coeffs = [-0.00063987  0.15840543  0.57110999]
H1 map mass to dac 34.2 >> 5.24015599104
GetDeflection H1 ===>> 0
GetHighVoltage ===>> 4500
positioning 34.2 (5.24015599104) on H1
setting magnet DAC
current  : 5.879500
requested: 5.240156
Delta Dac: 0.639344
Checking detector protection. dv=0.63934
Checking detector "CDD". Protection Threshold: 0.1 (V)
ProtectDetector CDD,On ===>> OK
GetDeflection CDD ===>> 2000
Protected = 2000
SetMagnetDAC 5.24015599104 ===>> OK
Magnet settling time: 0.500
GetMagnetMoving ===>> True
GetMagnetMoving ===>> True
GetMagnetMoving ===>> True
GetMagnetMoving ===>> True
GetMagnetMoving ===>> True
GetMagnetMoving ===>> True
GetMagnetMoving ===>> True
GetMagnetMoving ===>> True
GetMagnetMoving ===>> False
ProtectDetector CDD,Off ===>> OK
GetDeflection CDD ===>> 50
Delaying 15.0s for detectors to settle
Join finished
measuring baseline. ncounts=60
"baseline" increment series count="2" fit count="1" regressing="True"
starting measurement
GetData ===>> H2,-0.216833867230335,H1,-0.165067779650951,AX,-0.0630642032745984,L1,-0.0468405743166576,L2,0.04...
GetData ===>> H2,-0.13994028164892,H1,-0.0948852596676318,AX,-0.0288580583495948,L1,-0.0371096023478718,L2,-0.1...
GetData ===>> H2,-0.163409943920088,H1,-0.134022570002679,AX,-0.0359321794834546,L1,-0.00572793148892714,L2,0.0...
GetData ===>> H2,-0.253932395205121,H1,-0.063788247310703,AX,-0.113794700057807,L1,-0.0125362617610714,L2,-0.10...
GetData ===>> H2,-0.215496882956818,H1,-0.102952932172084,AX,-0.0751088608791111,L1,-0.0256727870704625,L2,-0.0...
GetData ===>> H2,-0.190853335242415,H1,-0.0607721931322079,AX,-0.174416933933083,L1,-0.0318983058809718,L2,-0.0...
State checksums do not match. Local:968834110 Remote:2052577745
State checksum failed
GetData ===>> H2,-0.138671019763395,H1,-0.0242743093758822,AX,-0.123967749495908,L1,-0.0284907400284042,L2,-0.0...
set states for children of V. state=False
handle state [('V', False)]
update switch state V False args=() kw={'refresh': False} ncanvase=2
refresh_canvas_needed fired
GetData ===>> H2,-0.16035149143956,H1,0.0253011364693247,AX,-0.134338517347237,L1,-0.0256871663856472,L2,-0.044...
GetData ===>> H2,-0.202565892837329,H1,-0.0295453259185895,AX,-0.0595513803568173,L1,-0.0405870578300867,L2,0.0...
set states for children of H. state=True
handle state [('H', True)]
update switch state H True args=() kw={'refresh': False} ncanvase=2
refresh_canvas_needed fired
GetData ===>> H2,-0.285681473164417,H1,-0.0159379043337847,AX,-0.0570818942800288,L1,-0.0280942136061054,L2,-0....
GetData ===>> H2,-0.312705805404709,H1,-0.0903446733966139,AX,-0.0859350285122279,L1,-0.0407451498426487,L2,-0....
GetData ===>> H2,-0.238559952946014,H1,-0.0177865233043971,AX,-0.0260398635954642,L1,-0.0634108628964702,L2,-0....
GetData ===>> H2,-0.115343457218705,H1,-0.0110478443850369,AX,-0.0404547087887071,L1,-0.0682552274592235,L2,-0....
GetData ===>> H2,-0.152976754803627,H1,0.0108291534854256,AX,-0.165097306425576,L1,-0.0489565255723598,L2,-0.08...
GetData ===>> H2,-0.245390398238055,H1,0.00641519747832682,AX,0.00148531603005685,L1,0.0202885856158841,L2,-0.0...
GetData ===>> H2,-0.233929569048424,H1,-0.0663273844988542,AX,-0.0524673814467455,L1,-0.0225651744612365,L2,-0....
GetData ===>> H2,-0.165798068561659,H1,-0.0283528125367248,AX,-0.0812987016242695,L1,-0.0104587583925379,L2,-0....
GetData ===>> H2,-0.25070519201613,H1,0.0111035409598117,AX,-0.13066423327557,L1,-0.05135079485639,L2,-0.074716...
GetData ===>> H2,-0.298872618862772,H1,0.0961324003173615,AX,-0.0529311614715328,L1,-0.0484180055976719,L2,-0.0...
GetData ===>> H2,-0.356867080729948,H1,0.0847530849640289,AX,-0.0457075367013213,L1,-0.0396360579484251,L2,-0.0...
GetData ===>> H2,-0.242008666566622,H1,0.0078586589720377,AX,-0.0835705294038242,L1,-0.0526236771862282,L2,-0.0...
GetData ===>> H2,-0.217349335404667,H1,0.0897388312803173,AX,-0.056444223375621,L1,-0.0218639412889919,L2,-0.04...
GetData ===>> H2,-0.141759444513582,H1,0.0762015574643062,AX,-0.0293567427508141,L1,-0.0389437117611427,L2,-0.1...
GetData ===>> H2,-0.185896481713891,H1,0.00691623134077015,AX,-0.0445132100047017,L1,-0.0414098276864128,L2,0.0...
20:30:22 -- collecting point 25
GetData ===>> H2,-0.169863067555577,H1,-0.0391803128489297,AX,-0.132981248341952,L1,0.00924294920358025,L2,-0.1...
GetData ===>> H2,-0.178744594572692,H1,-0.102333281720823,AX,-0.0423216403692168,L1,0.00297083734827153,L2,0.02...
GetData ===>> H2,-0.204913916186158,H1,0.0115091586039952,AX,-0.0589716944183247,L1,-0.0227293878150461,L2,-0.0...
GetData ===>> H2,-0.240233289410232,H1,0.0508022100775165,AX,-0.088960112703617,L1,-0.017890562292697,L2,0.0234...
GetData ===>> H2,-0.158399861921869,H1,0.104709489381993,AX,-0.0651741547600553,L1,-0.0343823781382348,L2,-0.03...
GetData ===>> H2,-0.205846520399837,H1,0.037615303493488,AX,-0.182101477326045,L1,-0.0421127814638998,L2,-0.038...
GetData ===>> H2,-0.175887164125908,H1,0.0399661451428781,AX,-0.00932617579737379,L1,-0.00315832280453352,L2,0....
GetData ===>> H2,-0.199545904086196,H1,-0.0217221790024923,AX,-0.054635534075925,L1,-0.0151931898347767,L2,0.02...
GetData ===>> H2,-0.241530863168937,H1,0.052950467969093,AX,-0.0114604914757316,L1,-0.00601820085768775,L2,-0.0...
GetData ===>> H2,-0.20115172169148,H1,-0.0172259779330773,AX,0.00846934290273401,L1,-0.0354489115539597,L2,-0.1...
set states for children of C. state=True
set states for children of H. state=False
handle state [('C', True), ('H', False)]
update switch state C True args=() kw={'refresh': True} ncanvase=2
update switch state H False args=() kw={'refresh': False} ncanvase=2
refresh_canvas_needed fired
GetData ===>> H2,-0.158039212620344,H1,-0.00552536749986992,AX,-0.00919857935572205,L1,-0.062200303575409,L2,-0...
State checksums do not match. Local:-1990985319 Remote:678048056
State checksum failed
GetData ===>> H2,-0.179123821411262,H1,0.0327347983575922,AX,-0.238470997682315,L1,-0.0399103480050241,L2,-0.07...
set states for children of B. state=True
set states for children of D. state=True
handle state [('B', True), ('D', True)]
update switch state B True args=() kw={'refresh': True} ncanvase=2
update switch state D True args=() kw={'refresh': False} ncanvase=2
refresh_canvas_needed fired
GetData ===>> H2,-0.198692341501425,H1,0.0529265981837447,AX,-0.218313812893123,L1,0.0123648547097491,L2,0.0252...
GetData ===>> H2,-0.269557685794068,H1,0.0973372043668654,AX,0.0616095625450168,L1,-0.00920581538003973,L2,-0.0...
GetData ===>> H2,-0.25581584858885,H1,-0.0368074256732019,AX,-0.00250533150171794,L1,-0.0122773464769272,L2,0.0...
GetData ===>> H2,-0.182221939311906,H1,-0.00639610223054348,AX,-0.110121481174124,L1,-0.0135838417148819,L2,0.0...
GetData ===>> H2,-0.254314219865184,H1,-0.0461913291702086,AX,-0.0991937040537276,L1,-0.0525901823493835,L2,-0....
GetData ===>> H2,-0.223474991992966,H1,0.0776804304969626,AX,-0.0770678605592377,L1,-0.0621392932636019,L2,0.03...
GetData ===>> H2,-0.237373717868819,H1,0.0705082364823141,AX,-0.150142306564479,L1,-0.024896273520194,L2,-0.001...
GetData ===>> H2,-0.299210719154781,H1,0.0754621291380488,AX,-0.0904436445238851,L1,-0.00148328548304251,L2,0.0...
GetData ===>> H2,-0.17105044138069,H1,0.107441428596134,AX,-0.0915446886724088,L1,0.018444603155033,L2,-0.07881...
GetData ===>> H2,-0.265010364480805,H1,0.000987491370785376,AX,-0.021887806599369,L1,-0.0465545037227325,L2,0.0...
GetData ===>> H2,-0.257107600258991,H1,0.0146109949283658,AX,-0.0425071719859622,L1,-0.0292537997504339,L2,-0.0...
GetData ===>> H2,-0.201240702399618,H1,-0.01744065525473,AX,-0.117699515677949,L1,0.00882892827932398,L2,-0.068...
GetData ===>> H2,-0.274537069958372,H1,0.0477469893555905,AX,-0.029507507299355,L1,-0.0377230060357484,L2,-0.05...
20:30:49 -- collecting point 50
GetData ===>> H2,-0.348522992329979,H1,-0.0101652227477931,AX,-0.15257699812864,L1,-0.0217140988023499,L2,-0.03...
GetData ===>> H2,-0.25885344790572,H1,0.0722659533753724,AX,-0.0196261367901057,L1,-0.0314599983327628,L2,0.003...
GetData ===>> H2,-0.221985309354575,H1,0.00150042682840486,AX,0.062746084991852,L1,-0.0206567467752087,L2,-0.06...
GetData ===>> H2,-0.152437544814776,H1,-0.0248705921406465,AX,-0.0854250433686932,L1,-0.00717319812038188,L2,-0...
GetData ===>> H2,-0.19331207828528,H1,0.0424721792584794,AX,-0.12865997072555,L1,0.0338661391639691,L2,-0.01323...
GetData ===>> H2,-0.178118370141249,H1,-0.00886513075577506,AX,-0.128463017841947,L1,0.021200490516252,L2,-0.12...
GetData ===>> H2,-0.181273433147507,H1,0.0319591898662488,AX,-0.20734145078787,L1,0.0100542395358517,L2,0.00344...
GetData ===>> H2,-0.153118647906587,H1,-0.0139938359392076,AX,-0.10869618854947,L1,0.00638235199661207,L2,-0.13...
GetData ===>> H2,-0.168247769489921,H1,0.00314660953886228,AX,-0.0389008378038716,L1,-0.00117008497737885,L2,-0...
GetData ===>> H2,-0.222761154109604,H1,0.0702336861566401,AX,0.0375477704314364,L1,-0.0264097005021885,L2,-0.02...
GetData ===>> H2,-0.17036906593775,H1,0.00930214128020985,AX,-0.01844308857017,L1,-0.0188175046736652,L2,-0.065...
measurement finished
estimated time: 62.915 actual time: :63.249
flush and close file /Users/jan/PychronDev/data/isotopes/9b/8530f9-a6da-468e-bb7a-e8a64e5b66f1.h5
activate_detectors ('H1', 'AX', 'CDD') {'peak_center': True}
peak_center () {'detector': 'H1', 'integration_time': 0.262144, 'isotope': 'Ar40'}
peak center: mean=1849.47038552 threshold=3
peak center started
setup peak center. detector=['H1', 'AX', 'CDD'], isotope=Ar40
VersionedUnpickler [<apptools.sweet_pickle.versioned_unpickler.VersionedUnpickler object at 0x1a3883770>] using Updater [<apptools.sweet_pickle.updater.Updater object at 0x134a15590>]
VersionedUnpickler [<apptools.sweet_pickle.versioned_unpickler.VersionedUnpickler object at 0x1a3883770>] using Updater [<apptools.sweet_pickle.updater.Updater object at 0x134a15590>]
VersionedUnpickler [<apptools.sweet_pickle.versioned_unpickler.VersionedUnpickler object at 0x18277db30>] using Updater [<apptools.sweet_pickle.updater.Updater object at 0x134a15590>]
setting integration time = 0.524288
SetIntegrationTime 0.524288 ===>> OK
Mapping mass to dac mass func: "parabolic"
H1 map mass coeffs = [-0.00063987  0.15840543  0.57110999]
H1 map mass to dac 39.9624 >> 5.8795
GetDeflection H1 ===>> 0
GetHighVoltage ===>> 4500
do peak center. <pychron.spectrometer.jobs.peak_center.PeakCenter object at 0x134a156b0>
doing pc
starting peak center. center dac= 5.8795 step_width=0.001
width = 0.001
get scan parameters. half-width=0.015,window=0.015, i=0, scalar=1
Scan parameters center=5.87950 width=0.03000 (5.86450 - 5.89450)
GetData ===>> H2,-0.138235734315545,H1,-0.0170113001509485,AX,-0.138825987790699,L1,0.0348649201529374,L2,-0.06...
Moving to starting dac 5.8645
setting magnet DAC
current  : 5.240156
requested: 5.864500
Delta Dac: 0.624344
Checking detector protection. dv=0.62434
Checking detector "CDD". Protection Threshold: 0.1 (V)
ProtectDetector CDD,On ===>> OK
GetDeflection CDD ===>> 2000
Protected = 2000
SetMagnetDAC 5.8645 ===>> OK
Magnet settling time: 0.500
GetMagnetMoving ===>> True
GetMagnetMoving ===>> True
GetMagnetMoving ===>> True
GetMagnetMoving ===>> True
GetMagnetMoving ===>> True
GetMagnetMoving ===>> True
GetMagnetMoving ===>> True
GetMagnetMoving ===>> True
GetMagnetMoving ===>> True
GetMagnetMoving ===>> False
ProtectDetector CDD,Off ===>> OK
GetDeflection CDD ===>> 50
Wait until signal near baseline. tol= -0.0127584751132. timeout= 10
GetData ===>> H2,81.8541327298943,H1,26.5753838655746,AX,1.14519965658822,L1,0.00623041053837462,L2,-0.06658950...
GetData ===>> H2,117.461426363011,H1,63.1853715583583,AX,6.05168057739798,L1,-0.00776803597588912,L2,-0.2924999...
GetData ===>> H2,67.1689151807351,H1,30.2657646439804,AX,2.70947613196191,L1,0.00947661392433845,L2,0.061326107...
GetData ===>> H2,28.8292841777884,H1,15.5059976795408,AX,1.39963942137735,L1,0.029999349630853,L2,-0.0875470716...
GetData ===>> H2,9.98921647220512,H1,8.49487395596034,AX,0.643427087801722,L1,0.0235139708640557,L2,-0.03046618...
GetData ===>> H2,2.88148970570058,H1,5.21652702677919,AX,0.333033617066039,L1,-0.016264622349533,L2,-0.02381818...
GetData ===>> H2,0.827002932104777,H1,3.48572465594954,AX,0.277745634759745,L1,-0.0283641825950074,L2,-0.035224...
GetData ===>> H2,0.414214101710215,H1,2.70077551384291,AX,0.108244304911082,L1,-0.027504856395093,L2,-0.0592840...
GetData ===>> H2,0.456323233705731,H1,2.33408376152708,AX,0.118839646470215,L1,0.00618007145535031,L2,0.0245302...
GetData ===>> H2,0.524868280110532,H1,2.09342070174101,AX,0.174571102209148,L1,0.0081051212211248,L2,-0.1074534...
GetData ===>> H2,0.524868280110532,H1,2.09342070174101,AX,0.174571102209148,L1,0.0081051212211248,L2,-0.1074534...
GetData ===>> H2,0.547410217462729,H1,1.98060444052481,AX,0.100176852807802,L1,0.00274994517021275,L2,-0.016213...
GetData ===>> H2,0.522781864531528,H1,1.92136863815249,AX,0.172204824313792,L1,0.00467571169910333,L2,-0.028553...
GetData ===>> H2,0.455938079577152,H1,1.91346812172475,AX,0.271916670711597,L1,0.0206041124146106,L2,0.04961370...
GetData ===>> H2,0.448527596723616,H1,1.88025898682251,AX,0.232284314423876,L1,-0.00535488707701849,L2,0.100780...
GetData ===>> H2,0.374128462136107,H1,1.80867612970912,AX,0.132102836168315,L1,0.00057969707183393,L2,-0.059352...
GetData ===>> H2,0.352573049795121,H1,1.93994210168571,AX,0.0917623777465981,L1,0.0159265710866748,L2,0.0494997...
GetData ===>> H2,0.319815063722775,H1,1.92702944893093,AX,0.148522013007042,L1,0.0161953089349003,L2,0.07757545...
GetData ===>> H2,0.219829102340086,H1,1.86111872282126,AX,0.166127001351057,L1,-0.0321764073486319,L2,-0.114837...
GetData ===>> H2,0.133370141173119,H1,1.8185656967711,AX,0.0935935652465677,L1,-0.0525016597428818,L2,-0.048540...
GetData ===>> H2,0.0932103173808935,H1,1.9128418876958,AX,-0.00233132411954297,L1,-0.040464894117042,L2,-0.0056...
Peak center failed to move to a baseline position
_do_sweep sm= 5.8645, em= 5.8945, stm= 0.001
calculated step values: start=5.8645, end=5.8945, width=0.001, nsteps=31.0
setting magnet DAC
current  : 5.864500
requested: 5.864500
Delta Dac: 0.000000
Checking detector protection. dv=0.00000
Checking detector "CDD". Protection Threshold: 0.1 (V)
SetMagnetDAC 5.8645 ===>> OK
GetData ===>> H2,0.0932103173808935,H1,1.9128418876958,AX,-0.00233132411954297,L1,-0.040464894117042,L2,-0.0056...
setting magnet DAC
current  : 5.864500
requested: 5.865534
Delta Dac: 0.001034
Checking detector protection. dv=0.00103
Checking detector "CDD". Protection Threshold: 0.1 (V)
SetMagnetDAC 5.86553448276 ===>> OK
Magnet settling time: 1.049
GetData ===>> H2,-0.028862942400779,H1,3.50514917118658,AX,0.250322351817739,L1,0.0016551597986976,L2,-0.017488...
setting magnet DAC
current  : 5.865534
requested: 5.866569
Delta Dac: 0.001034
Checking detector protection. dv=0.00103
Checking detector "CDD". Protection Threshold: 0.1 (V)
SetMagnetDAC 5.86656896552 ===>> OK
Magnet settling time: 1.049
GetData ===>> H2,-0.070566490212799,H1,11.576673213667,AX,1.07048645539516,L1,-0.0128922594007686,L2,-0.0118187...
setting magnet DAC
current  : 5.866569
requested: 5.867603
Delta Dac: 0.001034
Checking detector protection. dv=0.00103
Checking detector "CDD". Protection Threshold: 0.1 (V)
SetMagnetDAC 5.86760344828 ===>> OK
Magnet settling time: 1.049
GetData ===>> H2,0.00353917084726232,H1,40.734172695382,AX,3.41448058565247,L1,0.00783180407857114,L2,-0.123542...
setting magnet DAC
current  : 5.867603
requested: 5.868638
Delta Dac: 0.001034
Checking detector protection. dv=0.00103
Checking detector "CDD". Protection Threshold: 0.1 (V)
SetMagnetDAC 5.86863793103 ===>> OK
Magnet settling time: 1.049
GetData ===>> H2,0.0573620652155149,H1,194.793806179713,AX,15.3769983160391,L1,0.0809451761611672,L2,-0.1352321...
setting magnet DAC
current  : 5.868638
requested: 5.869672
Delta Dac: 0.001034
Checking detector protection. dv=0.00103
Checking detector "CDD". Protection Threshold: 0.1 (V)
SetMagnetDAC 5.86967241379 ===>> OK
Magnet settling time: 1.049
GetData ===>> H2,-0.0836097005076872,H1,517.805266595322,AX,45.0616549188723,L1,0.277796964617716,L2,0.05770285...
setting magnet DAC
current  : 5.869672
requested: 5.870707
Delta Dac: 0.001034
Checking detector protection. dv=0.00103
Checking detector "CDD". Protection Threshold: 0.1 (V)
SetMagnetDAC 5.87070689655 ===>> OK
Magnet settling time: 1.049
GetData ===>> H2,0.00333792918769362,H1,971.963128260413,AX,94.8977422432853,L1,0.616277018924758,L2,-0.0241369...
setting magnet DAC
current  : 5.870707
requested: 5.871741
Delta Dac: 0.001034
Checking detector protection. dv=0.00103
Checking detector "CDD". Protection Threshold: 0.1 (V)
SetMagnetDAC 5.87174137931 ===>> OK
Magnet settling time: 1.049
GetData ===>> H2,-0.0437500755988527,H1,1381.57186244983,AX,148.289766573642,L1,1.14180968229462,L2,0.035829537...
setting magnet DAC
current  : 5.871741
requested: 5.872776
Delta Dac: 0.001034
Checking detector protection. dv=0.00103
Checking detector "CDD". Protection Threshold: 0.1 (V)
SetMagnetDAC 5.87277586207 ===>> OK
Magnet settling time: 1.049
GetData ===>> H2,-0.0843925761214811,H1,1621.7759399629,AX,186.814023810833,L1,1.62296848517654,L2,0.3172033047...
setting magnet DAC
current  : 5.872776
requested: 5.873810
Delta Dac: 0.001034
Checking detector protection. dv=0.00103
Checking detector "CDD". Protection Threshold: 0.1 (V)
SetMagnetDAC 5.87381034483 ===>> OK
Magnet settling time: 1.049
GetData ===>> H2,-0.119763789761606,H1,1722.1111214304,AX,206.404199132823,L1,2.06985392311103,L2,0.32940514141...
setting magnet DAC
current  : 5.873810
requested: 5.874845
Delta Dac: 0.001034
Checking detector protection. dv=0.00103
Checking detector "CDD". Protection Threshold: 0.1 (V)
SetMagnetDAC 5.87484482759 ===>> OK
Magnet settling time: 1.049
GetData ===>> H2,0.00517643078454067,H1,1752.53421891108,AX,212.955727291234,L1,2.34079251483792,L2,0.488399014...
setting magnet DAC
current  : 5.874845
requested: 5.875879
Delta Dac: 0.001034
Checking detector protection. dv=0.00103
Checking detector "CDD". Protection Threshold: 0.1 (V)
SetMagnetDAC 5.87587931034 ===>> OK
Magnet settling time: 1.049
GetData ===>> H2,-0.050043356693146,H1,1761.40252685529,AX,214.978427697365,L1,2.48349348575406,L2,0.5678691700...
setting magnet DAC
current  : 5.875879
requested: 5.876914
Delta Dac: 0.001034
Checking detector protection. dv=0.00103
Checking detector "CDD". Protection Threshold: 0.1 (V)
SetMagnetDAC 5.8769137931 ===>> OK
Magnet settling time: 1.049
GetData ===>> H2,0.00283484056039807,H1,1763.42707916313,AX,215.717671595242,L1,2.60013894287495,L2,0.373755368...
setting magnet DAC
current  : 5.876914
requested: 5.877948
Delta Dac: 0.001034
Checking detector protection. dv=0.00103
Checking detector "CDD". Protection Threshold: 0.1 (V)
SetMagnetDAC 5.87794827586 ===>> OK
Magnet settling time: 1.049
GetData ===>> H2,-0.0276620013954101,H1,1763.52421938458,AX,215.703539039851,L1,2.6735950404975,L2,0.4179206606...
setting magnet DAC
current  : 5.877948
requested: 5.878983
Delta Dac: 0.001034
Checking detector protection. dv=0.00103
Checking detector "CDD". Protection Threshold: 0.1 (V)
SetMagnetDAC 5.87898275862 ===>> OK
Magnet settling time: 1.049
GetData ===>> H2,-0.15033017105707,H1,1763.04166596141,AX,215.599115448753,L1,2.76257605008624,L2,0.50416438694...
setting magnet DAC
current  : 5.878983
requested: 5.880017
Delta Dac: 0.001034
Checking detector protection. dv=0.00103
Checking detector "CDD". Protection Threshold: 0.1 (V)
SetMagnetDAC 5.88001724138 ===>> OK
Magnet settling time: 1.049
GetData ===>> H2,-0.0552598030958764,H1,1762.30827247778,AX,215.578344621342,L1,2.74461467381726,L2,0.526628808...
setting magnet DAC
current  : 5.880017
requested: 5.881052
Delta Dac: 0.001034
Checking detector protection. dv=0.00103
Checking detector "CDD". Protection Threshold: 0.1 (V)
SetMagnetDAC 5.88105172414 ===>> OK
Magnet settling time: 1.049
GetData ===>> H2,-0.0352133271600437,H1,1761.60478983813,AX,214.956217951065,L1,2.72449403189054,L2,0.519246734...
setting magnet DAC
current  : 5.881052
requested: 5.882086
Delta Dac: 0.001034
Checking detector protection. dv=0.00103
Checking detector "CDD". Protection Threshold: 0.1 (V)
SetMagnetDAC 5.8820862069 ===>> OK
Magnet settling time: 1.049
GetData ===>> H2,-0.0577749896654867,H1,1760.02547456331,AX,214.843546699634,L1,2.72775084134465,L2,0.477638921...
setting magnet DAC
current  : 5.882086
requested: 5.883121
Delta Dac: 0.001034
Checking detector protection. dv=0.00103
Checking detector "CDD". Protection Threshold: 0.1 (V)
SetMagnetDAC 5.88312068966 ===>> OK
Magnet settling time: 1.049
GetData ===>> H2,-0.178684440412998,H1,1756.71706884436,AX,214.346798801932,L1,2.68196000930469,L2,0.3581483180...
setting magnet DAC
current  : 5.883121
requested: 5.884155
Delta Dac: 0.001034
Checking detector protection. dv=0.00103
Checking detector "CDD". Protection Threshold: 0.1 (V)
SetMagnetDAC 5.88415517241 ===>> OK
Magnet settling time: 1.049
GetData ===>> H2,-0.146530406950158,H1,1745.05119128756,AX,211.464591196251,L1,2.691504097024,L2,0.482230660794...
setting magnet DAC
current  : 5.884155
requested: 5.885190
Delta Dac: 0.001034
Checking detector protection. dv=0.00103
Checking detector "CDD". Protection Threshold: 0.1 (V)
SetMagnetDAC 5.88518965517 ===>> OK
Magnet settling time: 1.049
GetData ===>> H2,-0.0893161427111429,H1,1700.84976834055,AX,201.285611746285,L1,2.59673366900682,L2,0.393267755...
setting magnet DAC
current  : 5.885190
requested: 5.886224
Delta Dac: 0.001034
Checking detector protection. dv=0.00103
Checking detector "CDD". Protection Threshold: 0.1 (V)
SetMagnetDAC 5.88622413793 ===>> OK
Magnet settling time: 1.049
GetData ===>> H2,-0.187590559838869,H1,1570.7137758226,AX,176.088066681228,L1,2.27296359726424,L2,0.28662571558...
setting magnet DAC
current  : 5.886224
requested: 5.887259
Delta Dac: 0.001034
Checking detector protection. dv=0.00103
Checking detector "CDD". Protection Threshold: 0.1 (V)
SetMagnetDAC 5.88725862069 ===>> OK
Magnet settling time: 1.049
GetData ===>> H2,-0.200751299843421,H1,1288.39490018944,AX,130.112878823274,L1,1.83556903983627,L2,0.1967380463...
setting magnet DAC
current  : 5.887259
requested: 5.888293
Delta Dac: 0.001034
Checking detector protection. dv=0.00103
Checking detector "CDD". Protection Threshold: 0.1 (V)
SetMagnetDAC 5.88829310345 ===>> OK
Magnet settling time: 1.049
GetData ===>> H2,-0.313593385154485,H1,663.147040413503,AX,53.3394404855845,L1,1.07509286960076,L2,0.0051241908...
setting magnet DAC
current  : 5.888293
requested: 5.889328
Delta Dac: 0.001034
Checking detector protection. dv=0.00103
Checking detector "CDD". Protection Threshold: 0.1 (V)
SetMagnetDAC 5.88932758621 ===>> OK
Magnet settling time: 1.049
GetData ===>> H2,-0.28408959798149,H1,292.373980217932,AX,19.7081898654236,L1,0.643976324454919,L2,0.0458314034...
setting magnet DAC
current  : 5.889328
requested: 5.890362
Delta Dac: 0.001034
Checking detector protection. dv=0.00103
Checking detector "CDD". Protection Threshold: 0.1 (V)
SetMagnetDAC 5.89036206897 ===>> OK
Magnet settling time: 1.049
GetData ===>> H2,-0.288304554104911,H1,101.274128929499,AX,5.65687349435398,L1,0.436983555396487,L2,-0.17555271...
setting magnet DAC
current  : 5.890362
requested: 5.891397
Delta Dac: 0.001034
Checking detector protection. dv=0.00103
Checking detector "CDD". Protection Threshold: 0.1 (V)
SetMagnetDAC 5.89139655172 ===>> OK
Magnet settling time: 1.049
GetData ===>> H2,-0.217637597382749,H1,28.930311550267,AX,1.07148940929207,L1,0.267401098298627,L2,-0.027256081...
setting magnet DAC
current  : 5.891397
requested: 5.892431
Delta Dac: 0.001034
Checking detector protection. dv=0.00103
Checking detector "CDD". Protection Threshold: 0.1 (V)
SetMagnetDAC 5.89243103448 ===>> OK
Magnet settling time: 1.049
GetData ===>> H2,-0.273619845643195,H1,7.03081748914769,AX,0.0446620520607079,L1,0.189998968774421,L2,0.0676386...
setting magnet DAC
current  : 5.892431
requested: 5.893466
Delta Dac: 0.001034
Checking detector protection. dv=0.00103
Checking detector "CDD". Protection Threshold: 0.1 (V)
SetMagnetDAC 5.89346551724 ===>> OK
Magnet settling time: 1.049
GetData ===>> H2,-0.197984361590541,H1,1.4690112118821,AX,-0.189429849505858,L1,0.111159067909369,L2,-0.0041902...
setting magnet DAC
current  : 5.893466
requested: 5.894500
Delta Dac: 0.001034
Checking detector protection. dv=0.00103
Checking detector "CDD". Protection Threshold: 0.1 (V)
SetMagnetDAC 5.8945 ===>> OK
Magnet settling time: 1.049
GetData ===>> H2,-0.271244022665409,H1,0.180713832483526,AX,-0.259846208855894,L1,0.0721782571956857,L2,-0.1986...
result of _do_sweep=True
result of _calculate_peak_center=([5.8715527261419389, 5.8793600649575009, 5.8871674037730628], [1306.8736764553914, 1763.5205206587132, 1313.2887489427485], 5.8779088867389957, 1763.5205206587132)
Failed to find a valid peak. No peak greater than 1.0. max = 0.036300571517
new center pos Detector(H1) (Ar40) @ 5.87936006496
GetHighVoltage ===>> 4500
GetDeflection H1 ===>> 0
dac uncorrected for HV and deflection 5.87936006496
update mftable H1 Ar40 5.87936006496 message=automated run peakcenter
get initial guess parabolic
get initial guess parabolic
get initial guess parabolic
get initial guess parabolic
get initial guess parabolic
get initial guess parabolic
dump mftable to /Users/jan/PychronDev/setupfiles/spectrometer/mftables/mftable.csv
add to repo msg=modified - automated run peakcenter
locally archiving mftable
setting magnet DAC
current  : 5.894500
requested: 5.879360
Delta Dac: 0.015140
Checking detector protection. dv=0.01514
Checking detector "CDD". Protection Threshold: 0.1 (V)
SetMagnetDAC 5.87936006496 ===>> OK
Magnet settling time: 0.500
sweep finished
setting integration time = 1.048576
SetIntegrationTime 1.048576 ===>> OK
Failed to find a valid peak. No peak greater than 1.0. max = 0.0363142946447
flush and close file /Users/jan/PychronDev/data/isotopes/9b/8530f9-a6da-468e-bb7a-e8a64e5b66f1.h5
finished measure script
executed snippet estimated_duration=226.132928, duration=273.218556881
jan_unknown120_60.py completed successfully
Measurement Finished
20:31:47 -- ******* Measurement Finished *******
Post Measurement Started jan_pump_ms.py
20:31:47 -- ******* Post Measurement Started jan_pump_ms.py *******
testing...
no interpolation path defined
executed snippet estimated_duration=0, duration=2.90870666504e-05
Pumping spectrometer
open () {'name': 'O'}
opening name=O desc=---
checking ownership. requestor=129.138.12.150
check software interlocks O
interlocks []
actuate state mode=None-script, software_lock=False
doing actuation None-script open_channel True
Open O ===>> OK
GetIndicatorState O ===>> OK
change switch state (True, True)
update switch state O True args=() kw={} ncanvase=2
20:31:47 -- OPEN   VALVE-O (Jan Ion Pump)
---------------------------------------- open O () result=[(True, True)], time=0.10 sec
action=open, ok=True, locked=[False]
executed snippet estimated_duration=0, duration=0.357064008713
jan_pump_ms.py completed successfully
setting _ms_pumptime
Post Measurement Finished
20:31:47 -- ******* Post Measurement Finished *******
$$$$$$$$$$$$$$$$$$$$ state at run end measurement
state changed from measurement to success
post measurement save measured=True aborted=False
Set filtering
setting fod for Ar40= {'filter_outliers': True, 'std_devs': 2, 'iterations': 1}
setting fod for H1= {'filter_outliers': True, 'std_devs': 2, 'iterations': 1}
setting fod for PM41= {'filter_outliers': False, 'std_devs': 2, 'iterations': 1}
setting fod for H2= {'filter_outliers': True, 'std_devs': 2, 'iterations': 1}
setting fod for Ar36= {'filter_outliers': True, 'std_devs': 2, 'iterations': 1}
setting fod for CDD= {'filter_outliers': True, 'std_devs': 10, 'iterations': 1}
setting fod for Ar37= {'filter_outliers': True, 'std_devs': 2, 'iterations': 1}
setting fod for L2= {'filter_outliers': True, 'std_devs': 2, 'iterations': 1}
setting fod for Ar38= {'filter_outliers': True, 'std_devs': 2, 'iterations': 1}
setting fod for L1= {'filter_outliers': True, 'std_devs': 2, 'iterations': 1}
setting fod for Ar39= {'filter_outliers': True, 'std_devs': 2, 'iterations': 1}
setting fod for AX= {'filter_outliers': True, 'std_devs': 2, 'iterations': 1}
persistence save...
persistence save - db
post measurement save
6846709296 connecting to database sqlite:////Users/jan/PychronDev/.appdata/local_lab.db
connected to db sqlite:////Users/jan/PychronDev/.appdata/local_lab.db
create new session 6846709296
close session 6846709296
No database instance. Not saving post measurement to isotopedb database
$$$$$$$$$$$$$$$ auto_save_detector_ic=False
massspec enabled True
create new session 4979675504
MassSpec Database Version: 16.0
close session 4979675504
saving post measurement to secondary database
saving to massspec database 129.138.12.160/massspecdata
setting labnumber to 25324
setting aliquot to 5
setting step to 
setting uuid to 9b8530f9-a6da-468e-bb7a-e8a64e5b66f1
setting irradpos to 25324
setting extract_device to Fusions CO2
setting tray to 
setting position to 173
setting power_requested to 5.0
setting extract_value to 5.0
setting duration to 30.0
setting duration_at_request to 30.0
setting first_stage_delay to 30.0
setting cleanup to 30.0
setting comment to K:13
setting irradiation to NM-288
setting level to K
setting irradiation_level to K
setting sample to FC-2
setting material to Sanidine
setting project to Irradiation-NM-288
setting mass_spectrometer to Jan
no attribute chron_dosages
no attribute production_ratios
no attribute interference_corrections
no attribute production_name
no attribute j
Reference Isotope=Ar40
Reference Detector=H1
%%%%%%%%%%%%%%%%%%%% Comment: K:13 %%%%%%%%%%%%%%%%%%%
adding isotope PM41 H2
add baseline dbdet= PM41. original det= H2
get baseline data PM41 H2
Get data baseline <pychron.processing.isotope.Baseline object at 0x1a0b1b190> len t=60
baseline PM41. v=-0.208144771198, e=0.00605230897285
get signal data PM41 H2
Get data signal PM41 0.15+/-0.07 len t=120
adding isotope Ar40 H1
add baseline dbdet= Ar40. original det= H1
get baseline data Ar40 H1
Get data baseline <pychron.processing.isotope.Baseline object at 0x1a0b1b410> len t=60
baseline Ar40. v=0.00973079710399, e=0.00702175460728
get signal data Ar40 H1
Get data signal Ar40 1945.41+/-0.10 len t=120
adding isotope Ar39 AX
add baseline dbdet= Ar39. original det= AX
get baseline data Ar39 AX
Get data baseline <pychron.processing.isotope.Baseline object at 0x1a200eed0> len t=60
baseline Ar39. v=-0.0705752015361, e=0.00680265401051
get signal data Ar39 AX
Get data signal Ar39 237.140+/-0.024 len t=120
adding isotope Ar38 L1
add baseline dbdet= Ar38. original det= L1
get baseline data Ar38 L1
Get data baseline <pychron.processing.isotope.Baseline object at 0x1a200e7d0> len t=60
baseline Ar38. v=-0.0240280946022, e=0.0029227219274
get signal data Ar38 L1
Get data signal Ar38 3.054+/-0.005 len t=120
adding isotope Ar37 L2
add baseline dbdet= Ar37. original det= L2
get baseline data Ar37 L2
Get data baseline <pychron.processing.isotope.Baseline object at 0x1a200e0d0> len t=60
baseline Ar37. v=-0.0361096613777, e=0.00674341100335
get signal data Ar37 L2
Get data signal Ar37 0.534+/-0.011 len t=120
adding isotope Ar36 CDD
add baseline dbdet= Ar36. original det= CDD
get baseline data Ar36 CDD
Get data baseline <pychron.processing.isotope.Baseline object at 0x1a200e490> len t=60
baseline Ar36. v=0.000387050078636, e=3.08876363826e-05
get signal data Ar36 CDD
Get data signal Ar36 0.02389+/-0.00035 len t=120
25324-05 added analysis time 0.486845016479s
analysis added to mass spec database
mass spec save time= 0.494
persistence save - dvc
================= post measurement started
create new session 4982376208
close session 4982376208
---------------- Experiment Queue saving disabled
DVC saving peakcenter
Failed to find a valid peak. No peak greater than 1.0. max = 0.0363142946447
Smart pull ahead: 0 behind: 0
Up-to-date with origin
add to repo msg=modified - ad8224ebc6dbfeb9f5997218dfa5fe690569839d.json
add to repo msg=modified - 24-05.json
add to repo msg=modified - 24-05.dat.json
add to repo msg=modified - 24-05.blan.json
add to repo msg=modified - 24-05.inte.json
add to repo msg=modified - 24-05.icfa.json
add to repo msg=modified - 24-05.base.json
not at valid file /Users/jan/PychronDev/data/.dvc/repositories/Load1788/253/tags/24-05.tags.json
add to repo msg=modified - 24-05.peak.json
add to repo msg=modified - 24-05.extr.json
not at valid file /Users/jan/PychronDev/data/.dvc/repositories/Load1788/253/monitor/24-05.moni.json
commit message=<COLLECTION>
add to repo msg=modified - 24-05.inte.json
add to repo msg=modified - 24-05.base.json
commit message=<ISOEVO> default collection fits
add to repo msg=modified - 24-05.blan.json
commit message=<BLANKS> preceding bc-02-J-343
add to repo msg=modified - 24-05.icfa.json
commit message=<ICFactor> default
push repository <pychron.git_archive.repo_manager.GitRepoManager object at 0x19e212470>
pushing to remote=origin, url=https://github.com
no changes to meta repo
create new session 4982376208
add association Load1788
get identifier "25324"
setting analysis irradiation position=<pychron.dvc.dvc_orm.IrradiationPositionTbl object at 0x19b5477d0>
close session 4982376208
================= post measurement finished
20:32:02 -- ******* Post Run Check *******
loading queue conditionals post_run_actions
loading system conditionals post_run_actions
loading conditionals from /Users/jan/PychronDev/setupfiles/spectrometer/default_conditionals.yaml
loading queue conditionals post_run_terminations
loading system conditionals post_run_terminations
loading conditionals from /Users/jan/PychronDev/setupfiles/spectrometer/default_conditionals.yaml
Checking default post run terminations n=1
GetDeflection CDD ===>> 50
testing CDD==2000
evaluate ot="CDD.deflection==2000" t="CDD==2000", ctx="{'CDD': 50.0}"
20:32:02 -- ******* Post Run Check Passed *******
20:32:02 -- Automated run 25324-05 success duration: 365.672 s
----------------- finish -----------------
----------------- stop -----------------
retroactive repository identifiers disabled
finish run. runs completed=68
update duration runid=25324-05, duration=365.672012091, md5=301e91d8
loading script "jan_unknown120_60.py"
loading script "jan_pump_ms.py"
loading script "jan_co2.py"
loading script "jan_pump_extraction_line.py"
testing...
no interpolation path defined
executed snippet estimated_duration=213.652928, duration=0.000200986862183
script duration name:unknown120_60 seconds:214.0
loading script "jan_unknown120_60.py"
loading script "jan_pump_ms.py"
loading script "jan_co2.py"
loading script "jan_pump_extraction_line.py"
testing...
no interpolation path defined
executed snippet estimated_duration=0, duration=2.31266021729e-05
loading script "jan_unknown120_60.py"
loading script "jan_pump_ms.py"
loading script "jan_co2.py"
loading script "jan_pump_extraction_line.py"
testing...
no interpolation path defined
calculate duration
testing...
no interpolation path defined
executed snippet estimated_duration=0, duration=5.3882598877e-05
calculate duration
testing...
no interpolation path defined
executed snippet estimated_duration=0, duration=9.29832458496e-05
executed snippet estimated_duration=0.0, duration=0.00294899940491
script duration name:co2 seconds:0.0
loading script "jan_unknown120_60.py"
loading script "jan_pump_ms.py"
loading script "jan_co2.py"
loading script "jan_pump_extraction_line.py"
testing...
no interpolation path defined
calculate duration
testing...
no interpolation path defined
executed snippet estimated_duration=4.0, duration=0.000142812728882
executed snippet estimated_duration=4.0, duration=0.00129795074463
Script duration 214.0
Run total estimated duration= 215.000
unknown120_60 in script context. using previous estimated duration
script duration name:unknown120_60 seconds:214.0
pump_ms in script context. using previous estimated duration
co2 in script context. using previous estimated duration
script duration name:co2 seconds:0.0
pump_extraction_line in script context. using previous estimated duration
Script duration 214.0
Run total estimated duration= 215.000
script duration name:unknown120_60 seconds:214.0
script duration name:co2 seconds:0.0
Script duration 214.0
Run total estimated duration= 215.000
script duration name:unknown120_60 seconds:214.0
script duration name:co2 seconds:0.0
Script duration 214.0
Run total estimated duration= 215.000
script duration name:unknown120_60 seconds:214.0
script duration name:co2 seconds:0.0
Script duration 214.0
Run total estimated duration= 215.000
script duration name:unknown120_60 seconds:214.0
script duration name:co2 seconds:0.0
Script duration 214.0
Run total estimated duration= 215.000
script duration name:unknown120_60 seconds:214.0
script duration name:co2 seconds:0.0
Script duration 214.0
Run total estimated duration= 215.000
loading script "jan_unknown400_120.py"
loading script "jan_pump_ms.py"
loading script "jan_co2.py"
loading script "jan_pump_extraction_line.py"
testing...
no interpolation path defined
executed snippet estimated_duration=556.052928, duration=0.000136137008667
script duration name:unknown400_120 seconds:556.0
script duration name:co2 seconds:0.0
Script duration 556.0
Run total estimated duration= 557.000
unknown400_120 in script context. using previous estimated duration
script duration name:unknown400_120 seconds:556.0
loading script "jan_unknown400_120.py"
loading script "jan_pump_ms.py"
loading script "jan_sniffair_x2.py"
loading script "jan_pump_extraction_line.py"
testing...
no interpolation path defined
calculate duration
testing...
no interpolation path defined
executed snippet estimated_duration=0, duration=4.6968460083e-05
calculate duration
testing...
no interpolation path defined
executed snippet estimated_duration=0, duration=9.79900360107e-05
calculate duration
testing...
no interpolation path defined
executed snippet estimated_duration=32.0, duration=8.98838043213e-05
calculate duration
testing...
no interpolation path defined
executed snippet estimated_duration=34.0, duration=0.000101089477539
calculate duration
testing...
no interpolation path defined
executed snippet estimated_duration=4.0, duration=6.00814819336e-05
calculate duration
testing...
no interpolation path defined
executed snippet estimated_duration=36.0, duration=8.79764556885e-05
calculate duration
testing...
no interpolation path defined
executed snippet estimated_duration=34.0, duration=9.58442687988e-05
calculate duration
testing...
no interpolation path defined
executed snippet estimated_duration=4.0, duration=7.20024108887e-05
calculate duration
testing...
no interpolation path defined
executed snippet estimated_duration=36.0, duration=8.48770141602e-05
calculate duration
testing...
no interpolation path defined
executed snippet estimated_duration=70.0, duration=0.000124931335449
executed snippet estimated_duration=250.0, duration=0.0119180679321
script duration name:sniffair_x2 seconds:250.0
Script duration 806.0
Run total estimated duration= 807.000
script duration name:unknown400_120 seconds:556.0
sniffair_x2 in script context. using previous estimated duration
script duration name:sniffair_x2 seconds:250.0
Script duration 806.0
Run total estimated duration= 807.000
script duration name:unknown120_60 seconds:214.0
loading script "jan_unknown120_60.py"
loading script "jan_pump_ms.py"
loading script "jan_cocktail_x1.py"
loading script "jan_pump_extraction_line.py"
testing...
no interpolation path defined
calculate duration
testing...
no interpolation path defined
executed snippet estimated_duration=0, duration=4.72068786621e-05
calculate duration
testing...
no interpolation path defined
executed snippet estimated_duration=0, duration=9.70363616943e-05
calculate duration
testing...
no interpolation path defined
executed snippet estimated_duration=32.0, duration=8.9168548584e-05
calculate duration
testing...
no interpolation path defined
executed snippet estimated_duration=34.0, duration=9.3936920166e-05
calculate duration
testing...
no interpolation path defined
executed snippet estimated_duration=4.0, duration=6.103515625e-05
calculate duration
testing...
no interpolation path defined
executed snippet estimated_duration=38.0, duration=0.000108957290649
executed snippet estimated_duration=108.0, duration=0.00687003135681
script duration name:cocktail_x1 seconds:108.0
Script duration 322.0
Run total estimated duration= 323.000
loading script "jan_ic_peak_hop3.py"
loading script "jan_pump_ms.py"
loading script "jan_sniffair_x1.py"
loading script "jan_pump_extraction_line.py"
testing...
no interpolation path defined
executed snippet estimated_duration=133.8, duration=0.00811982154846
script duration name:ic_peak_hop3 seconds:134.0
loading script "jan_ic_peak_hop3.py"
loading script "jan_pump_ms.py"
loading script "jan_sniffair_x1.py"
loading script "jan_pump_extraction_line.py"
testing...
no interpolation path defined
calculate duration
testing...
no interpolation path defined
executed snippet estimated_duration=0, duration=4.38690185547e-05
calculate duration
testing...
no interpolation path defined
executed snippet estimated_duration=0, duration=9.70363616943e-05
calculate duration
testing...
no interpolation path defined
executed snippet estimated_duration=32.0, duration=9.17911529541e-05
calculate duration
testing...
no interpolation path defined
executed snippet estimated_duration=34.0, duration=9.60826873779e-05
calculate duration
testing...
no interpolation path defined
executed snippet estimated_duration=4.0, duration=6.50882720947e-05
calculate duration
testing...
no interpolation path defined
executed snippet estimated_duration=70.0, duration=9.98973846436e-05
executed snippet estimated_duration=140.0, duration=0.0069100856781
script duration name:sniffair_x1 seconds:140.0
Script duration 274.0
Run total estimated duration= 275.000
script duration name:unknown120_60 seconds:214.0
script duration name:co2 seconds:0.0
Script duration 214.0
Run total estimated duration= 215.000
script duration name:unknown120_60 seconds:214.0
script duration name:co2 seconds:0.0
Script duration 214.0
Run total estimated duration= 215.000
script duration name:unknown120_60 seconds:214.0
script duration name:co2 seconds:0.0
Script duration 214.0
Run total estimated duration= 215.000
script duration name:unknown120_60 seconds:214.0
script duration name:co2 seconds:0.0
Script duration 214.0
Run total estimated duration= 215.000
script duration name:unknown120_60 seconds:214.0
script duration name:co2 seconds:0.0
Script duration 214.0
Run total estimated duration= 215.000
script duration name:unknown400_120 seconds:556.0
cocktail_x1 in script context. using previous estimated duration
script duration name:cocktail_x1 seconds:108.0
Script duration 664.0
Run total estimated duration= 665.000
script duration name:unknown120_60 seconds:214.0
script duration name:co2 seconds:0.0
Script duration 214.0
Run total estimated duration= 215.000
script duration name:unknown120_60 seconds:214.0
script duration name:co2 seconds:0.0
Script duration 214.0
Run total estimated duration= 215.000
script duration name:unknown120_60 seconds:214.0
script duration name:co2 seconds:0.0
Script duration 214.0
Run total estimated duration= 215.000
script duration name:unknown120_60 seconds:214.0
script duration name:co2 seconds:0.0
Script duration 214.0
Run total estimated duration= 215.000
script duration name:unknown120_60 seconds:214.0
script duration name:co2 seconds:0.0
Script duration 214.0
Run total estimated duration= 215.000
script duration name:unknown400_120 seconds:556.0
script duration name:co2 seconds:0.0
Script duration 556.0
Run total estimated duration= 557.000
script duration name:unknown120_60 seconds:214.0
script duration name:co2 seconds:0.0
Script duration 214.0
Run total estimated duration= 215.000
script duration name:unknown120_60 seconds:214.0
script duration name:co2 seconds:0.0
Script duration 214.0
Run total estimated duration= 215.000
script duration name:unknown120_60 seconds:214.0
script duration name:co2 seconds:0.0
Script duration 214.0
Run total estimated duration= 215.000
script duration name:unknown120_60 seconds:214.0
script duration name:co2 seconds:0.0
Script duration 214.0
Run total estimated duration= 215.000
script duration name:unknown120_60 seconds:214.0
script duration name:co2 seconds:0.0
Script duration 214.0
Run total estimated duration= 215.000
script duration name:unknown120_60 seconds:214.0
script duration name:cocktail_x1 seconds:108.0
Script duration 322.0
Run total estimated duration= 323.000
script duration name:unknown120_60 seconds:214.0
script duration name:co2 seconds:0.0
Script duration 214.0
Run total estimated duration= 215.000
script duration name:unknown120_60 seconds:214.0
script duration name:co2 seconds:0.0
Script duration 214.0
Run total estimated duration= 215.000
script duration name:unknown120_60 seconds:214.0
script duration name:co2 seconds:0.0
Script duration 214.0
Run total estimated duration= 215.000
script duration name:unknown120_60 seconds:214.0
script duration name:co2 seconds:0.0
Script duration 214.0
Run total estimated duration= 215.000
script duration name:unknown120_60 seconds:214.0
script duration name:co2 seconds:0.0
Script duration 214.0
Run total estimated duration= 215.000
script duration name:unknown400_120 seconds:556.0
script duration name:co2 seconds:0.0
Script duration 556.0
Run total estimated duration= 557.000
script duration name:unknown400_120 seconds:556.0
script duration name:sniffair_x2 seconds:250.0
Script duration 806.0
Run total estimated duration= 807.000
script duration name:unknown400_120 seconds:556.0
script duration name:cocktail_x1 seconds:108.0
Script duration 664.0
Run total estimated duration= 665.000
script duration name:unknown400_120 seconds:556.0
script duration name:sniffair_x2 seconds:250.0
Script duration 806.0
Run total estimated duration= 807.000
ic_peak_hop3 in script context. using previous estimated duration
script duration name:ic_peak_hop3 seconds:134.0
sniffair_x1 in script context. using previous estimated duration
script duration name:sniffair_x1 seconds:140.0
Script duration 274.0
Run total estimated duration= 275.000
script duration name:unknown120_60 seconds:214.0
script duration name:co2 seconds:0.0
Script duration 214.0
Run total estimated duration= 215.000
script duration name:unknown120_60 seconds:214.0
script duration name:co2 seconds:0.0
Script duration 214.0
Run total estimated duration= 215.000
script duration name:unknown120_60 seconds:214.0
script duration name:co2 seconds:0.0
Script duration 214.0
Run total estimated duration= 215.000
script duration name:unknown120_60 seconds:214.0
script duration name:co2 seconds:0.0
Script duration 214.0
Run total estimated duration= 215.000
script duration name:unknown120_60 seconds:214.0
script duration name:co2 seconds:0.0
Script duration 214.0
Run total estimated duration= 215.000
script duration name:unknown120_60 seconds:214.0
script duration name:co2 seconds:0.0
Script duration 214.0
Run total estimated duration= 215.000
script duration name:unknown120_60 seconds:214.0
script duration name:co2 seconds:0.0
Script duration 214.0
Run total estimated duration= 215.000
script duration name:unknown120_60 seconds:214.0
script duration name:co2 seconds:0.0
Script duration 214.0
Run total estimated duration= 215.000
script duration name:unknown120_60 seconds:214.0
script duration name:co2 seconds:0.0
Script duration 214.0
Run total estimated duration= 215.000
script duration name:unknown120_60 seconds:214.0
script duration name:co2 seconds:0.0
Script duration 214.0
Run total estimated duration= 215.000
script duration name:unknown400_120 seconds:556.0
script duration name:co2 seconds:0.0
Script duration 556.0
Run total estimated duration= 557.000
script duration name:unknown120_60 seconds:214.0
script duration name:cocktail_x1 seconds:108.0
Script duration 322.0
Run total estimated duration= 323.000
script duration name:unknown120_60 seconds:214.0
script duration name:co2 seconds:0.0
Script duration 214.0
Run total estimated duration= 215.000
script duration name:unknown120_60 seconds:214.0
script duration name:co2 seconds:0.0
Script duration 214.0
Run total estimated duration= 215.000
script duration name:unknown120_60 seconds:214.0
script duration name:co2 seconds:0.0
Script duration 214.0
Run total estimated duration= 215.000
script duration name:unknown120_60 seconds:214.0
script duration name:co2 seconds:0.0
Script duration 214.0
Run total estimated duration= 215.000
script duration name:unknown400_120 seconds:556.0
script duration name:cocktail_x1 seconds:108.0
Script duration 664.0
Run total estimated duration= 665.000
script duration name:unknown120_60 seconds:214.0
script duration name:co2 seconds:0.0
Script duration 214.0
Run total estimated duration= 215.000
script duration name:unknown120_60 seconds:214.0
script duration name:co2 seconds:0.0
Script duration 214.0
Run total estimated duration= 215.000
script duration name:unknown120_60 seconds:214.0
script duration name:co2 seconds:0.0
Script duration 214.0
Run total estimated duration= 215.000
script duration name:unknown120_60 seconds:214.0
script duration name:co2 seconds:0.0
Script duration 214.0
Run total estimated duration= 215.000
script duration name:unknown120_60 seconds:214.0
script duration name:co2 seconds:0.0
Script duration 214.0
Run total estimated duration= 215.000
script duration name:unknown120_60 seconds:214.0
script duration name:co2 seconds:0.0
Script duration 214.0
Run total estimated duration= 215.000
script duration name:unknown400_120 seconds:556.0
script duration name:co2 seconds:0.0
Script duration 556.0
Run total estimated duration= 557.000
script duration name:unknown400_120 seconds:556.0
script duration name:sniffair_x2 seconds:250.0
Script duration 806.0
Run total estimated duration= 807.000
script duration name:unknown400_120 seconds:556.0
script duration name:sniffair_x2 seconds:250.0
Script duration 806.0
Run total estimated duration= 807.000
script duration name:ic_peak_hop3 seconds:134.0
script duration name:sniffair_x1 seconds:140.0
Script duration 274.0
Run total estimated duration= 275.000
script duration name:unknown120_60 seconds:214.0
script duration name:co2 seconds:0.0
Script duration 214.0
Run total estimated duration= 215.000
script duration name:unknown120_60 seconds:214.0
script duration name:co2 seconds:0.0
Script duration 214.0
Run total estimated duration= 215.000
nruns=69 before=5.0, run_dur=21951.0, btw=3060.0
write rem/ex queues
/Users/jan/PychronDev/experiments/rem/CurrentExperiment.rem.txt
/Users/jan/PychronDev/experiments/rem/CurrentExperiment.ex.txt
doing event level: 3
