do run
loading script "jan_unknown120_60.py"
loading script "jan_pump_ms.py"
loading script "jan_co2.py"
loading script "jan_pump_extraction_line.py"
testing...
no interpolation path defined
executed snippet estimated_duration=213.652928, duration=0.00040602684021
script duration name:unknown120_60 seconds:214.0
loading script "jan_unknown120_60.py"
loading script "jan_pump_ms.py"
loading script "jan_co2.py"
loading script "jan_pump_extraction_line.py"
testing...
no interpolation path defined
executed snippet estimated_duration=0, duration=2.69412994385e-05
loading script "jan_unknown120_60.py"
loading script "jan_pump_ms.py"
loading script "jan_co2.py"
loading script "jan_pump_extraction_line.py"
testing...
no interpolation path defined
calculate duration
testing...
no interpolation path defined
executed snippet estimated_duration=0, duration=6.00814819336e-05
calculate duration
testing...
no interpolation path defined
executed snippet estimated_duration=0, duration=9.58442687988e-05
executed snippet estimated_duration=0.0, duration=0.00265502929688
script duration name:co2 seconds:0.0
loading script "jan_unknown120_60.py"
loading script "jan_pump_ms.py"
loading script "jan_co2.py"
loading script "jan_pump_extraction_line.py"
testing...
no interpolation path defined
calculate duration
testing...
no interpolation path defined
executed snippet estimated_duration=4.0, duration=0.000248193740845
executed snippet estimated_duration=4.0, duration=0.00186586380005
Script duration 214.0
Run total estimated duration= 215.000
run duration: 0:03:35
doing event level: 2
19:59:23 -- Setting default integration. t=1.048576
setting integration time = 1.048576
SetIntegrationTime 1.048576 ===>> OK
----------------- start -----------------
**************** Experiment Type: Ar/Ar, Ar/Ar
create new session 4419362736
close session 4419362736
$$$$$ Clearing conditionals
adding conditionals 
Add queue conditionals
add default conditionals
adding default conditionals from /Users/jan/PychronDev/setupfiles/spectrometer/default_conditionals.yaml
Start automated run 25324-03
loading script "jan_unknown120_60.py"
loading script "jan_pump_ms.py"
loading script "jan_co2.py"
loading script "jan_pump_extraction_line.py"
%%%%%%%%%%%%%%%%%% setting automated run 25324-03
No value "sensitivity_multiplier" in metadata
$$$$$$$$$$$$$$$ auto_save_detector_ic=False
============================= Pre Extraction Check =============================
loading queue conditionals pre_run_terminations
loading system conditionals pre_run_terminations
loading conditionals from /Users/jan/PychronDev/setupfiles/spectrometer/default_conditionals.yaml
19:59:23 -- ******* Pre Extraction Check *******
Get a measurement from the spectrometer
GetData ===>> H2,-0.250781848789917,H1,0.0317086099456134,AX,0.0166141400169772,L1,-0.0230398276338296,L2,0.021...
Pre Extraction Termination data. keys=H2,H1,AX,L1,L2,CDD, signals=-0.25078,0.03171,0.01661,-0.02304,0.02126,0.00432
19:59:23 -- testing system defined conditionals
Checking default pre extraction terminations n=2
testing CDD
evaluate ot="CDD.inactive" t="CDD", ctx="{'CDD': False}"
GetDeflection CDD ===>> 50
testing CDD==2000
evaluate ot="CDD.deflection==2000" t="CDD==2000", ctx="{'CDD': 50.0}"
19:59:23 -- ******* Pre Extraction Check Passed *******
=================================================================================
19:59:23 -- stopping status monitor
stop 4976433200
Alive clients [4982646160]
19:59:23 -- starting status monitor
start 4976433200
Monitor already running
start extraction
do extraction
Analysis started at 19:59:23.696679
Extraction Started jan_co2.py
19:59:23 -- ******* Extraction Started jan_co2.py *******
state changed from not run to extraction
DO EXTRACTION <pychron.extraction_line.pyscript_runner.RemotePyScriptRunner object at 0x12b9a8890>
testing...
no interpolation path defined
calculate duration
testing...
no interpolation path defined
executed snippet estimated_duration=0, duration=6.79492950439e-05
calculate duration
testing...
no interpolation path defined
executed snippet estimated_duration=0, duration=0.000141143798828
executed snippet estimated_duration=100.0, duration=0.00377297401428
Jan CO2 laser analysis
doing GOSUB
testing...
no interpolation path defined
executed snippet estimated_duration=0, duration=5.10215759277e-05
Waiting for CO2 access
wait ('FelixCO2Flag', 0) {}
waiting for FelixCO2Flag = 0
Read FelixCO2Flag ===>> 0
finished waiting
CO2 free
wait ('CO2PumpTimeFlag', 0) {}
waiting for CO2PumpTimeFlag = 0
Read CO2PumpTimeFlag ===>> 0
finished waiting
acquire ('JanCO2Flag',) {'clear': True}
acquire JanCO2Flag
Set JanCO2Flag 1 ===>> OK
JanCO2Flag acquired
set extraction state False (0.75, 'red', 1.5)
CO2 acquired
executed snippet estimated_duration=0, duration=0.0199902057648
WaitForCO2Access.py completed successfully
gosub finished
doing GOSUB
testing...
no interpolation path defined
executed snippet estimated_duration=0, duration=0.000110149383545
Prepare for CO2 analysis
close () {'description': 'Jan Inlet'}
closing name=--- desc=Jan Inlet
checking ownership. requestor=129.138.12.150
check software interlocks R
interlocks []
actuate state mode=None-script, software_lock=False
doing actuation None-script close_channel False
Close R ===>> OK
GetIndicatorState R ===>> False
change switch state (True, True)
update switch state R False args=() kw={} ncanvase=2
19:59:24 -- CLOSE  VALVE-R (Jan Inlet)
---------------------------------------- close None (Jan Inlet) result=[(True, True)]
action=close, ok=True, locked=[False]
open () {'description': 'Jan Ion Pump'}
opening name=--- desc=Jan Ion Pump
checking ownership. requestor=129.138.12.150
check software interlocks O
interlocks []
actuate state mode=None-script, software_lock=False
doing actuation None-script open_channel False
Open O ===>> OK
GetIndicatorState O ===>> OK
change switch state (True, True)
update switch state O True args=() kw={} ncanvase=2
19:59:24 -- OPEN   VALVE-O (Jan Ion Pump)
---------------------------------------- open None (Jan Ion Pump) result=[(True, True)], time=0.09 sec
action=open, ok=True, locked=[False]
close () {'description': 'Microbone to Minibone'}
closing name=--- desc=Microbone to Minibone
checking ownership. requestor=129.138.12.150
check software interlocks L
interlocks []
actuate state mode=None-script, software_lock=False
doing actuation None-script close_channel False
Close L ===>> OK
GetIndicatorState L ===>> False
change switch state (True, True)
update switch state L False args=() kw={} ncanvase=2
19:59:25 -- CLOSE  VALVE-L (Microbone to Minibone)
---------------------------------------- close None (Microbone to Minibone) result=[(True, True)]
action=close, ok=True, locked=[False]
open () {'description': 'Microbone to Turbo'}
opening name=--- desc=Microbone to Turbo
checking ownership. requestor=129.138.12.150
check software interlocks U
interlocks []
actuate state mode=None-script, software_lock=False
doing actuation None-script open_channel False
Open U ===>> OK
GetIndicatorState U ===>> OK
change switch state (True, True)
update switch state U True args=() kw={} ncanvase=2
19:59:25 -- OPEN   VALVE-U (Microbone to Turbo)
---------------------------------------- open None (Microbone to Turbo) result=[(True, True)], time=0.14 sec
action=open, ok=True, locked=[False]
open () {'description': 'Microbone to Inlet Pipette'}
opening name=--- desc=Microbone to Inlet Pipette
checking ownership. requestor=129.138.12.150
check software interlocks S
interlocks []
actuate state mode=None-script, software_lock=False
doing actuation None-script open_channel False
Open S ===>> OK
GetIndicatorState S ===>> OK
change switch state (True, True)
update switch state S True args=() kw={} ncanvase=2
19:59:26 -- OPEN   VALVE-S (Microbone to Inlet Pipette)
---------------------------------------- open None (Microbone to Inlet Pipette) result=[(True, True)], time=0.43 sec
action=open, ok=True, locked=[False]
open () {'description': 'Microbone to Getter D-50'}
opening name=--- desc=Microbone to Getter D-50
checking ownership. requestor=129.138.12.150
check software interlocks K
interlocks []
actuate state mode=None-script, software_lock=False
doing actuation None-script open_channel False
Open K ===>> OK
GetIndicatorState K ===>> OK
change switch state (True, True)
update switch state K True args=() kw={} ncanvase=2
19:59:26 -- OPEN   VALVE-K (Microbone to Getter D-50)
---------------------------------------- open None (Microbone to Getter D-50) result=[(True, True)], time=0.40 sec
action=open, ok=True, locked=[False]
open () {'description': 'Microbone to Getter NP-10'}
opening name=--- desc=Microbone to Getter NP-10
checking ownership. requestor=129.138.12.150
check software interlocks M
interlocks []
actuate state mode=None-script, software_lock=False
doing actuation None-script open_channel False
Open M ===>> OK
GetIndicatorState M ===>> OK
change switch state (True, True)
update switch state M True args=() kw={} ncanvase=2
19:59:27 -- OPEN   VALVE-M (Microbone to Getter NP-10)
---------------------------------------- open None (Microbone to Getter NP-10) result=[(True, True)], time=0.15 sec
action=open, ok=True, locked=[False]
close () {'description': 'CO2 Laser to Felix'}
closing name=--- desc=CO2 Laser to Felix
checking ownership. requestor=129.138.12.150
check software interlocks F
interlocks []
actuate state mode=None-script, software_lock=True
VALVE-F(CO2 Laser to Felix) software locked
change switch state (True, False)
---------------------------------------- close None (CO2 Laser to Felix) result=[(True, False)]
action=close, ok=True, locked=[True]
open () {'description': 'CO2 Laser to Jan'}
opening name=--- desc=CO2 Laser to Jan
checking ownership. requestor=129.138.12.150
check software interlocks A
interlocks []
actuate state mode=None-script, software_lock=False
doing actuation None-script open_channel False
Open A ===>> OK
GetIndicatorState A ===>> OK
change switch state (True, True)
update switch state A True args=() kw={} ncanvase=2
19:59:27 -- OPEN   VALVE-A (CO2 Laser to Jan)
---------------------------------------- open None (CO2 Laser to Jan) result=[(True, True)], time=0.12 sec
action=open, ok=True, locked=[False]
open () {'description': 'Microbone to CO2 Laser'}
opening name=--- desc=Microbone to CO2 Laser
checking ownership. requestor=129.138.12.150
check software interlocks T
interlocks []
actuate state mode=None-script, software_lock=False
doing actuation None-script open_channel False
Open T ===>> OK
GetIndicatorState T ===>> OK
change switch state (True, True)
update switch state T True args=() kw={} ncanvase=2
19:59:28 -- OPEN   VALVE-T (Microbone to CO2 Laser)
---------------------------------------- open None (Microbone to CO2 Laser) result=[(True, True)], time=0.40 sec
action=open, ok=True, locked=[False]
executed snippet estimated_duration=0, duration=4.93714404106
PrepareForCO2Analysis.py completed successfully
gosub finished
set_motor ('beam', '1.25') {}
setting motor "beam" to 1.25
set motor beam to 1.25
SetMotor beam,1.25 ===>> OK
GetMotorMoving beam ===>> False
GetMotorMoving beam ===>> False
Block completed
move_to_position ('171',) {'autocenter': True}
FusionsCO2 move to position 171
sending GoToHole 171,True
GoToHole 171,True ===>> OK
GetDriveMoving ===>> OK
GetDriveMoving ===>> OK
GetDriveMoving ===>> OK
GetDriveMoving ===>> OK
GetDriveMoving ===>> OK
GetDriveMoving ===>> OK
GetDriveMoving ===>> False
GetDriveMoving ===>> OK
GetDriveMoving ===>> OK
GetDriveMoving ===>> OK
GetDriveMoving ===>> OK
GetDriveMoving ===>> OK
State checksums do not match. Local:-1965264452 Remote:-1943032484
State checksum failed
GetDriveMoving ===>> False
Block completed
GetAutoCorrecting ===>> False
set states for children of D. state=False
handle state [('D', False)]
update switch state D False args=() kw={'refresh': False} ncanvase=2
refresh_canvas_needed fired
GetAutoCorrecting ===>> False
Block completed
update position
GetPosition ===>> -9.96950,-7.97560,1.00000
got position (-9.9695, -7.9756, 1.0)
move to position succeeded
sleep (5,) {}
SLEEP 5.0
block started
WaitControl setup for 5.0  
set states for children of B. state=False
handle state [('B', False)]
update switch state B False args=() kw={'refresh': False} ncanvase=2
refresh_canvas_needed fired
Join finished
block finished. duration 5.03409314156
close () {'description': 'Microbone to Turbo'}
closing name=--- desc=Microbone to Turbo
checking ownership. requestor=129.138.12.150
check software interlocks U
interlocks []
actuate state mode=None-script, software_lock=False
doing actuation None-script close_channel True
Close U ===>> OK
GetIndicatorState U ===>> False
change switch state (True, True)
update switch state U False args=() kw={} ncanvase=2
19:59:39 -- CLOSE  VALVE-U (Microbone to Turbo)
---------------------------------------- close None (Microbone to Turbo) result=[(True, True)]
action=close, ok=True, locked=[False]
enable laser
enable () {}
set extraction state FusionsCO2 Enabled (False, 'red', 1.5)
enabling laser
Enable ===>> OK
begin interval
BEGIN INTERVAL Interval 1 waiting for 30.0
block started
set extract to 5.0
WaitControl setup for 30.0  
extract (5.0,) {}
GetPosition ===>> -9.96950,-7.97560,1.00000
set extraction state FusionsCO2 ON! 5.0(watts) (0.75, 'red', 1.5)
extract sample to 5.0 (watts)
set laser output
SetLaserOutput 5.0,watts ===>> OK
executing pattern triangle.lp
execute_pattern ('triangle.lp',) {}
executing pattern triangle.lp
IsPatterning ===>> OK
IsPatterning ===>> OK
IsPatterning ===>> OK
IsPatterning ===>> OK
IsPatterning ===>> OK
IsPatterning ===>> OK
IsPatterning ===>> OK
IsPatterning ===>> OK
IsPatterning ===>> OK
IsPatterning ===>> OK
IsPatterning ===>> OK
IsPatterning ===>> OK
IsPatterning ===>> OK
IsPatterning ===>> OK
IsPatterning ===>> OK
IsPatterning ===>> OK
IsPatterning ===>> OK
IsPatterning ===>> OK
IsPatterning ===>> OK
IsPatterning ===>> OK
IsPatterning ===>> OK
IsPatterning ===>> OK
IsPatterning ===>> OK
IsPatterning ===>> OK
IsPatterning ===>> OK
IsPatterning ===>> OK
IsPatterning ===>> False
IsPatterning ===>> False
Block completed
COMPLETE INTERVAL waiting for Interval 1 to complete
Join finished
block finished. duration 30.1185240746
Interval 1 finished
end_extract () {}
ending extraction. set laser power to 0
set laser power 0
SetLaserPower 0 ===>> OK
disable () {}
%%%%%%%%%%%%%%%%%%%%%%%%%%%%%%%%%%% disable
set extraction state False (0.75, 'red', 1.5)
disabling laser
Disable ===>> OK
sleep (30.0,) {}
SLEEP 30.0
block started
WaitControl setup for 30.0  
set states for children of C. state=False
handle state [('C', False)]
update switch state C False args=() kw={'refresh': False} ncanvase=2
refresh_canvas_needed fired
set states for children of B. state=True
handle state [('B', True)]
update switch state B True args=() kw={'refresh': False} ncanvase=2
refresh_canvas_needed fired
Join finished
block finished. duration 30.1135151386
executed snippet estimated_duration=166.5, duration=77.4085412025
jan_co2.py completed successfully
GetAchievedOutput ===>> No Response
Requested Output= 0.000
Achieved Output=  0.000
GetResponseBlob ===>> No Response
GetOutputBlob ===>> No Response
persistence save...
persistence save - db
AutomatedRunPersister post_extraction_save deprecated
persistence save - dvc
no extraction position for 171
create new session 4982376208
close session 4982376208
Extraction Finished
20:00:41 -- ******* Extraction Finished *******
no overlap. not waiting for min ms pumptime
20:00:41 -- Sending spectrometer configuration
======== Sending configuration ========
SetDeflection CDD,50.0 ===>> OK
SetDeflection H2,0.0 ===>> OK
SetDeflection H1,0.0 ===>> OK
SetDeflection L2,825.0 ===>> OK
SetDeflection L1,400.0 ===>> OK
SetDeflection AX,190.0 ===>> OK
SetZFocus 74.64 ===>> OK
SetZSymmetry -50.72 ===>> OK
SetExtractionLens 26.13 ===>> OK
SetIonRepeller -3.81 ===>> OK
SetElectronEnergy 75.08 ===>> OK
SetYSymmetry -2.81 ===>> OK
SetIonCounterVoltage 1590.0 ===>> OK
send trap current 200.0
GetParameter Trap Current Readback ===>> 198.147042666178
SetParameter Trap Current Set,200.0 ===>> OK
updating mftable name mftable
Using mftable located at /Users/jan/PychronDev/setupfiles/spectrometer/mftables/mftable.csv
============ MFtable ===========
Isotope  H2     H1     AX     L1     L2     CDD    
Ar40     5.8008 5.8794 5.9929 6.1407 6.2314 6.3690
Ar39     5.7001 5.7716 5.8853 6.0268 6.1165 6.2555
Ar36     5.3776 5.4406 5.5487 5.6857 5.7715 5.9066
================================
get initial guess parabolic
get initial guess parabolic
get initial guess parabolic
get initial guess parabolic
get initial guess parabolic
get initial guess parabolic
======== Configuration Finished ========
GetYSymmetry ===>> -2.81
GetZSymmetry ===>> -50.72
GetParameter Trap Current Readback ===>> 198.035158395898
GetHighVoltage ===>> 4500
start measurement
do measurement
L#=25324 analysis type=unknown
Measurement Started jan_unknown120_60.py
20:00:41 -- ******* Measurement Started jan_unknown120_60.py *******
state changed from extraction to measurement
setting spec, defl, and gains
GetExtractionLens ===>> 26.13
GetYSymmetry ===>> -2.81
GetZSymmetry ===>> -50.72
GetZFocus ===>> 74.64
GetDeflection H2 ===>> 0
GetDeflection H1 ===>> 0
GetDeflection AX ===>> 190
GetDeflection L1 ===>> 400
GetDeflection L2 ===>> 825
GetDeflection CDD ===>> 50
GetGain H2 ===>> 0.0113
GetGain H1 ===>> 0.1
GetGain AX ===>> 0.097049
GetGain L1 ===>> 0.010355
GetGain L2 ===>> 0.095649
GetGain CDD ===>> 0
pre measurement save
New frame /Users/jan/PychronDev/data/isotopes/35/90e15d-7d0b-46f6-bab5-0a4621906e0e.h5
flush and close file /Users/jan/PychronDev/data/isotopes/35/90e15d-7d0b-46f6-bab5-0a4621906e0e.h5
testing...
no interpolation path defined
executed snippet estimated_duration=226.132928, duration=0.000123977661133
unknown measurement script
activate_detectors ('H2', 'H1', 'AX', 'L1', 'L2', 'CDD') {}
activate detectors
*************** Set Analysis View Ar/Ar
create graphs
clearing graphs
clear isotope group
setting isotope det=H2, iso=PM41
setting isotope det=H1, iso=Ar40
setting isotope det=AX, iso=Ar39
setting isotope det=L1, iso=Ar38
setting isotope det=L2, iso=Ar37
setting isotope det=CDD, iso=Ar36
setting previous blanks
 - setting Ar40 blank 1.105+/-0.008
 - setting Ar36 blank 0.00804+/-0.00020
 - setting Ar37 blank 0.042+/-0.005
 - setting Ar38 blank 0.0128+/-0.0022
 - setting PM41 blank 0.02+/-0.06
 - setting Ar39 blank 0.043+/-0.009
load analysis view
position_magnet ('Ar40',) {'detector': 'H1'}
detector Detector(H1)
POSITION Ar40 H1
setting detector H2 to PM41 (40.9624)
setting detector H1 to Ar40 (39.9624)
setting detector AX to Ar39 (38.9624)
setting detector L1 to Ar38 (37.9624)
setting detector L2 to Ar37 (36.9624)
setting detector CDD to Ar36 (35.9624)
Mapping mass to dac mass func: "parabolic"
H1 map mass coeffs = [-0.00063987  0.15840543  0.57097999]
H1 map mass to dac 39.9624 >> 5.87937
GetDeflection H1 ===>> 0
GetHighVoltage ===>> 4500
positioning Ar40 (5.87937) on H1
setting magnet DAC
current  : 5.879370
requested: 5.879370
Delta Dac: 0.000000
Checking detector protection. dv=0.00000
Checking detector "CDD". Protection Threshold: 0.1 (V)
SetMagnetDAC 5.87937 ===>> OK
equilibrate () {'delay': 3, 'inlet': 'R', 'outlet': 'O', 'eqtime': 12.0}
Equilibration Started
20:00:42 -- ******* Equilibration Started *******
checking ownership. requestor=129.138.12.150
check software interlocks O
interlocks []
actuate state mode=None-script, software_lock=False
doing actuation None-script close_channel True
Close O ===>> OK
GetIndicatorState O ===>> False
change switch state (True, True)
update switch state O False args=() kw={} ncanvase=2
20:00:42 -- CLOSE  VALVE-O (Jan Ion Pump)
waiting 3s before opening inlet value ('R',)
update labels <pychron.experiment.plot_panel.PlotPanel object at 0x19c74e170>
update labels "<pychron.graph.stacked_regression_graph.StackedRegressionGraph object at 0x1a38d7050>"
setting label 0 H2 PM41
setting label 1 H1 Ar40
setting label 2 AX Ar39
setting label 3 L1 Ar38
setting label 4 L2 Ar37
setting label 5 CDD Ar36
update labels "<pychron.graph.stacked_graph.StackedGraph object at 0x19e6e75f0>"
setting label 0 H2 PM41
setting label 1 H1 Ar40
setting label 2 AX Ar39
setting label 3 L1 Ar38
setting label 4 L2 Ar37
setting label 5 CDD Ar36
set states for children of B. state=False
handle state [('B', False)]
update switch state B False args=() kw={'refresh': False} ncanvase=2
refresh_canvas_needed fired
checking ownership. requestor=129.138.12.150
check software interlocks R
interlocks []
actuate state mode=None-script, software_lock=False
doing actuation None-script open_channel True
Open R ===>> OK
GetIndicatorState R ===>> OK
change switch state (True, True)
update switch state R True args=() kw={} ncanvase=2
20:00:46 -- OPEN   VALVE-R (Jan Inlet)
set_time_zero () {}
equilibrating for 12.0sec
sniff (12.0,) {}
py_sniff
build tables- sniff [Detector(H2), Detector(H1), Detector(AX), Detector(L1), Detector(L2), Detector(CDD)]
add group /sniff/PM41 (Group) '' table H2
add group /sniff/Ar40 (Group) '' table H1
add group /sniff/Ar39 (Group) '' table AX
add group /sniff/Ar38 (Group) '' table L1
add group /sniff/Ar37 (Group) '' table L2
add group /sniff/Ar36 (Group) '' table CDD
flush and close file /Users/jan/PychronDev/data/isotopes/35/90e15d-7d0b-46f6-bab5-0a4621906e0e.h5
measuring sniff. ncounts=12.0
starting measurement
GetData ===>> H2,0.0278682972522638,H1,111.432960168042,AX,15.1068698315202,L1,-0.0208941211902381,L2,0.1670190...
"sniff" increment series count="1" fit count="0" regressing="False"
GetData ===>> H2,0.971477491685555,H1,956.193563138263,AX,123.782544899296,L1,0.698725328599779,L2,0.4632825900...
GetData ===>> H2,0.518444704505834,H1,1408.21849635973,AX,176.373506223312,L1,1.49849656264451,L2,0.44109341274...
GetData ===>> H2,0.129060521013824,H1,1553.98351883835,AX,191.022886356897,L1,1.98528761316791,L2,0.47807295753...
GetData ===>> H2,0.1104879699936,H1,1607.40058091911,AX,196.29620951077,L1,2.24799917523727,L2,0.37614455103382...
GetData ===>> H2,0.0844304050187059,H1,1629.35356952352,AX,198.452961798069,L1,2.39249081153284,L2,0.4859087793...
GetData ===>> H2,0.104424945076154,H1,1637.57753553694,AX,199.2310750311,L1,2.40210794611455,L2,0.5002113761281...
GetData ===>> H2,0.0262660790934201,H1,1641.12605420816,AX,199.514452461558,L1,2.47085927344797,L2,0.4255633757...
GetData ===>> H2,0.0118257924623579,H1,1642.31467684713,AX,199.709532524779,L1,2.48135594194959,L2,0.3893935158...
GetData ===>> H2,-0.0248180924567191,H1,1643.94779240535,AX,199.80115827198,L1,2.52015655634827,L2,0.4363849974...
GetData ===>> H2,-0.0550522803137111,H1,1643.87492114608,AX,199.654495722168,L1,2.55688891463175,L2,0.457732508...
GetData ===>> H2,-0.0262380974516571,H1,1643.52095196613,AX,199.348310250184,L1,2.58021203808949,L2,0.362943094...
Equilibration Finished
20:00:58 -- ******* Equilibration Finished *******
checking ownership. requestor=129.138.12.150
check software interlocks R
interlocks []
actuate state mode=None-script, software_lock=False
doing actuation None-script close_channel True
Close R ===>> OK
set states for children of R. state=False
handle state [('R', False)]
update switch state R False args=() kw={'refresh': False} ncanvase=2
refresh_canvas_needed fired
GetIndicatorState R ===>> False
change switch state (True, True)
update switch state R False args=() kw={} ncanvase=2
20:00:59 -- CLOSE  VALVE-R (Jan Inlet)
Post Equilibration Started jan_pump_extraction_line.py
20:00:59 -- ******* Post Equilibration Started jan_pump_extraction_line.py *******
testing...
no interpolation path defined
calculate duration
testing...
no interpolation path defined
executed snippet estimated_duration=4.0, duration=0.000148057937622
executed snippet estimated_duration=4.0, duration=0.00135016441345
Pump after analysis
doing GOSUB
testing...
no interpolation path defined
executed snippet estimated_duration=4.0, duration=0.000146865844727
Pump Microbone
close () {'description': 'Jan Inlet'}
closing name=--- desc=Jan Inlet
checking ownership. requestor=129.138.12.150
check software interlocks R
interlocks []
actuate state mode=None-script, software_lock=False
doing actuation None-script close_channel False
measurement finished
estimated time: 12.583 actual time: :12.674
flush and close file /Users/jan/PychronDev/data/isotopes/35/90e15d-7d0b-46f6-bab5-0a4621906e0e.h5
set_fits () {}
using default fits file=/Users/jan/PychronDev/scripts/measurement/fits/nominal_linear.yaml
Close R ===>> OK
set "Ar40" to "('Linear', 'SEM')"
No fit for "PM41". defaulting to linear. check the measurement script "jan_unknown120_60.py"
set "PM41" to "linear"
set "Ar36" to "('Linear', 'SEM')"
set "Ar37" to "('linear', 'SEM')"
set "Ar38" to "('linear', 'SEM')"
set "Ar39" to "('Linear', 'SEM')"
set_baseline_fits () {}
using default fits file=/Users/jan/PychronDev/scripts/measurement/fits/nominal_linear.yaml
set "H1" to "('average', 'SEM')"
set "H2" to "('average', 'SEM')"
set "CDD" to "('average', 'SEM')"
set "L2" to "('average', 'SEM')"
set "L1" to "('average', 'SEM')"
set "AX" to "('average', 'SEM')"
multicollect () {'integration_time': 1, 'ncounts': 120}
build tables- signal [Detector(H2), Detector(H1), Detector(AX), Detector(L1), Detector(L2), Detector(CDD)]
add group /signal/PM41 (Group) '' table H2
add group /signal/Ar40 (Group) '' table H1
add group /signal/Ar39 (Group) '' table AX
add group /signal/Ar38 (Group) '' table L1
add group /signal/Ar37 (Group) '' table L2
add group /signal/Ar36 (Group) '' table CDD
flush and close file /Users/jan/PychronDev/data/isotopes/35/90e15d-7d0b-46f6-bab5-0a4621906e0e.h5
measuring signal. ncounts=120
GetIndicatorState R ===>> False
change switch state (True, True)
update switch state R False args=() kw={} ncanvase=2
20:00:59 -- CLOSE  VALVE-R (Jan Inlet)
---------------------------------------- close None (Jan Inlet) result=[(True, True)]
action=close, ok=True, locked=[False]
is_closed ('F',) {}
is F () closed?
is closed True
open () {'description': 'CO2 Laser to Jan'}
opening name=--- desc=CO2 Laser to Jan
checking ownership. requestor=129.138.12.150
check software interlocks A
interlocks []
actuate state mode=None-script, software_lock=False
doing actuation None-script open_channel False
Open A ===>> OK
GetIndicatorState A ===>> OK
change switch state (True, True)
update switch state A True args=() kw={} ncanvase=2
20:01:00 -- OPEN   VALVE-A (CO2 Laser to Jan)
---------------------------------------- open None (CO2 Laser to Jan) result=[(True, True)], time=0.11 sec
"signal" increment series count="2" fit count="1" regressing="True"
starting measurement
GetData ===>> H2,0.0283202804678561,H1,1643.32660288062,AX,199.730663029661,L1,2.55468413751677,L2,0.5105512429...
action=open, ok=True, locked=[False]
sleep (1,) {}
SLEEP 1.0
GetData ===>> H2,0.0513038348427002,H1,1643.36824674938,AX,199.814249926654,L1,2.53109738745277,L2,0.3830657645...
close () {'description': 'CO2 Laser to Roughing'}
closing name=--- desc=CO2 Laser to Roughing
checking ownership. requestor=129.138.12.150
check software interlocks G
interlocks []
actuate state mode=None-script, software_lock=True
VALVE-G(CO2 Laser to Roughing) software locked
change switch state (True, False)
---------------------------------------- close None (CO2 Laser to Roughing) result=[(True, False)]
action=close, ok=True, locked=[True]
open () {'description': 'Microbone to Turbo'}
opening name=--- desc=Microbone to Turbo
checking ownership. requestor=129.138.12.150
check software interlocks U
interlocks []
actuate state mode=None-script, software_lock=False
doing actuation None-script open_channel True
Open U ===>> OK
GetIndicatorState U ===>> OK
change switch state (True, True)
update switch state U True args=() kw={} ncanvase=2
20:01:01 -- OPEN   VALVE-U (Microbone to Turbo)
---------------------------------------- open None (Microbone to Turbo) result=[(True, True)], time=0.15 sec
action=open, ok=True, locked=[False]
open () {'description': 'Microbone to Getter NP-10'}
opening name=--- desc=Microbone to Getter NP-10
checking ownership. requestor=129.138.12.150
check software interlocks M
interlocks []
actuate state mode=None-script, software_lock=False
doing actuation None-script open_channel False
Open M ===>> OK
GetIndicatorState M ===>> OK
change switch state (True, True)
update switch state M True args=() kw={} ncanvase=2
20:01:01 -- OPEN   VALVE-M (Microbone to Getter NP-10)
---------------------------------------- open None (Microbone to Getter NP-10) result=[(True, True)], time=0.14 sec
action=open, ok=True, locked=[False]
open () {'description': 'Microbone to Getter D-50'}
opening name=--- desc=Microbone to Getter D-50
checking ownership. requestor=129.138.12.150
check software interlocks K
interlocks []
actuate state mode=None-script, software_lock=False
doing actuation None-script open_channel False
GetData ===>> H2,-0.0840783487864569,H1,1642.20642405733,AX,199.399696005779,L1,2.56260765018561,L2,0.370297314...
Open K ===>> OK
GetIndicatorState K ===>> OK
change switch state (True, True)
update switch state K True args=() kw={} ncanvase=2
20:01:02 -- OPEN   VALVE-K (Microbone to Getter D-50)
---------------------------------------- open None (Microbone to Getter D-50) result=[(True, True)], time=0.42 sec
action=open, ok=True, locked=[False]
open () {'description': 'Microbone to CO2 Laser'}
opening name=--- desc=Microbone to CO2 Laser
checking ownership. requestor=129.138.12.150
check software interlocks T
interlocks []
actuate state mode=None-script, software_lock=False
doing actuation None-script open_channel False
Open T ===>> OK
GetIndicatorState T ===>> OK
change switch state (True, True)
update switch state T True args=() kw={} ncanvase=2
20:01:03 -- OPEN   VALVE-T (Microbone to CO2 Laser)
---------------------------------------- open None (Microbone to CO2 Laser) result=[(True, True)], time=0.40 sec
GetData ===>> H2,-0.15643979053598,H1,1641.51037216149,AX,199.540811096389,L1,2.56445952067149,L2,0.46162666781...
action=open, ok=True, locked=[False]
open () {'description': 'Microbone to Inlet Pipette'}
opening name=--- desc=Microbone to Inlet Pipette
checking ownership. requestor=129.138.12.150
check software interlocks S
interlocks []
actuate state mode=None-script, software_lock=False
doing actuation None-script open_channel False
Open S ===>> OK
GetIndicatorState S ===>> OK
change switch state (True, True)
update switch state S True args=() kw={} ncanvase=2
20:01:03 -- OPEN   VALVE-S (Microbone to Inlet Pipette)
---------------------------------------- open None (Microbone to Inlet Pipette) result=[(True, True)], time=0.41 sec
action=open, ok=True, locked=[False]
sleep (1,) {}
SLEEP 1.0
GetData ===>> H2,-0.13166927941819,H1,1640.56351345794,AX,199.417505571017,L1,2.56678391712075,L2,0.49239723301...
set_resource () {'name': 'CO2PumpTimeFlag', 'value': 30}
Set CO2PumpTimeFlag 30 ===>> OK
release ('JanCO2Flag',) {}
release JanCO2Flag
Set JanCO2Flag 0 ===>> OK
executed snippet estimated_duration=6.0, duration=5.91109514236
PumpMicrobone.py completed successfully
gosub finished
get_resource_value () {'name': 'JanMiniboneFlag'}
Read JanMiniboneFlag ===>> 0
Get Resource Value JanMiniboneFlag=0.0
get resource value 0.0
get_resource_value () {'name': 'JanMiniboneFlag'}
Read JanMiniboneFlag ===>> 0
Get Resource Value JanMiniboneFlag=0.0
executed snippet estimated_duration=4.0, duration=5.92392706871
jan_pump_extraction_line.py completed successfully
Post Equilibration Finished
20:01:05 -- ******* Post Equilibration Finished *******
GetData ===>> H2,-0.148991312020772,H1,1640.02585630328,AX,199.451318837416,L1,2.58174162864691,L2,0.4113954116...
GetData ===>> H2,-0.0621235100058937,H1,1639.32252041287,AX,199.384593591078,L1,2.57131772395848,L2,0.315371270...
GetData ===>> H2,-0.108837039513384,H1,1639.25114935302,AX,199.244217678103,L1,2.56646458882911,L2,0.3045633038...
GetData ===>> H2,-0.0951576084042016,H1,1638.80811432291,AX,199.102030103,L1,2.54244014636048,L2,0.397023923239...
GetData ===>> H2,-0.0173800095907901,H1,1637.51846823019,AX,199.186306917426,L1,2.57591269066527,L2,0.475091858...
GetData ===>> H2,-0.0393196365283916,H1,1637.04764263216,AX,198.94191397764,L1,2.60238936722633,L2,0.4504242482...
GetData ===>> H2,-0.0588705304287894,H1,1636.2577097633,AX,198.801709175777,L1,2.57122026190829,L2,0.4145715957...
GetData ===>> H2,-0.0784505841214623,H1,1635.43946467509,AX,198.903426737624,L1,2.57949469045303,L2,0.415828388...
GetData ===>> H2,-0.0787744525484394,H1,1635.12453791764,AX,198.764145637454,L1,2.57129335836751,L2,0.392260558...
GetData ===>> H2,-0.0721773716706255,H1,1634.51256626725,AX,198.708540384267,L1,2.54584883997735,L2,0.411578210...
GetData ===>> H2,-0.0529045453933363,H1,1633.77811112985,AX,198.541403118811,L1,2.5262611046642,L2,0.3644732736...
GetData ===>> H2,-0.051946549397032,H1,1633.01631766595,AX,198.476721895253,L1,2.54743594849625,L2,0.4863428523...
GetData ===>> H2,-0.0751991930174955,H1,1632.65202491348,AX,198.108507527855,L1,2.54193879530158,L2,0.433642337...
GetData ===>> H2,-0.155202244938386,H1,1631.95410426313,AX,198.051836133605,L1,2.5598121550821,L2,0.32248213870...
GetData ===>> H2,-0.170781943871633,H1,1631.10877391463,AX,198.065247588587,L1,2.53524902882875,L2,0.4454686514...
GetData ===>> H2,-0.182947769447699,H1,1630.83515176224,AX,197.966871394936,L1,2.53551373456734,L2,0.3388402814...
GetData ===>> H2,0.0302468552059691,H1,1629.97753387225,AX,197.942659316107,L1,2.52418537829718,L2,0.4318139416...
GetData ===>> H2,-0.0472313834317291,H1,1629.18465794815,AX,197.898250379625,L1,2.49427555197787,L2,0.366894204...
GetData ===>> H2,-0.0673142011964109,H1,1628.61533237274,AX,197.902789567524,L1,2.49788066176418,L2,0.444361099...
20:01:25 -- collecting point 25
GetData ===>> H2,-0.0977401749910605,H1,1627.94495677974,AX,197.812610433074,L1,2.53844752008598,L2,0.430899756...
GetData ===>> H2,-0.182731914045792,H1,1627.21035665651,AX,197.726045553512,L1,2.52352101010153,L2,0.3792167771...
GetData ===>> H2,-0.127254264504676,H1,1626.20857631001,AX,197.6657602692,L1,2.54876501852885,L2,0.385589961800...
GetData ===>> H2,-0.0718628066806186,H1,1625.30313809015,AX,197.377960863479,L1,2.49564519665026,L2,0.425654788...
GetData ===>> H2,-0.216409765475519,H1,1625.69766328062,AX,197.49197936011,L1,2.49754356095148,L2,0.43379089655...
GetData ===>> H2,-0.132396969265678,H1,1624.66720100169,AX,197.482023464245,L1,2.51412545256641,L2,0.3861496344...
GetData ===>> H2,-0.144764613787378,H1,1623.69911242147,AX,197.614796475151,L1,2.54922475346212,L2,0.6824032770...
GetData ===>> H2,-0.123054581760711,H1,1623.50295308112,AX,197.357907116359,L1,2.53070689587062,L2,0.3603053048...
GetData ===>> H2,-0.182033053951265,H1,1622.84972365022,AX,197.417696258293,L1,2.51612106992765,L2,0.2844913410...
GetData ===>> H2,-0.126220037413027,H1,1622.17516229486,AX,197.529984680521,L1,2.494245896151,L2,0.381535288128...
GetData ===>> H2,-0.0429034724836674,H1,1621.72182667069,AX,197.455804016467,L1,2.51421989576673,L2,0.444749311...
GetData ===>> H2,-0.0887738357399181,H1,1621.22978900739,AX,197.003001579904,L1,2.51420100706366,L2,0.335541031...
GetData ===>> H2,-0.0530795812789178,H1,1620.5799105821,AX,196.952673965558,L1,2.477550873776,L2,0.509340106984...
GetData ===>> H2,0.0365762028566676,H1,1619.72969157859,AX,196.792625861629,L1,2.49566002638739,L2,0.2973396514...
GetData ===>> H2,0.000516840255417318,H1,1619.64074843859,AX,196.753152092174,L1,2.52133913169055,L2,0.44368743...
GetData ===>> H2,-0.0945724881846476,H1,1618.56570064606,AX,196.673085856826,L1,2.53268381338003,L2,0.464870018...
GetData ===>> H2,-0.0779166553675748,H1,1618.51887218832,AX,196.585028838835,L1,2.52467557736357,L2,0.329057022...
GetData ===>> H2,-0.116670955498995,H1,1617.33121378616,AX,196.451134418912,L1,2.54410516926358,L2,0.5081861143...
GetData ===>> H2,-0.161184714605364,H1,1616.17251513609,AX,196.404863798195,L1,2.501795811672,L2,0.399891194410...
GetData ===>> H2,-0.0613805186428862,H1,1615.97768665845,AX,196.622085110229,L1,2.44751846902605,L2,0.542446185...
GetData ===>> H2,-0.13641195003276,H1,1615.48799966957,AX,196.583886245982,L1,2.49625592826579,L2,0.45206855813...
GetData ===>> H2,-0.135661531112532,H1,1615.01309072477,AX,196.365314384526,L1,2.50596060032105,L2,0.2938364332...
set states for children of V. state=False
handle state [('V', False)]
update switch state V False args=() kw={'refresh': False} ncanvase=2
refresh_canvas_needed fired
GetData ===>> H2,-0.0531989840601565,H1,1614.18559305744,AX,196.295673728895,L1,2.53098253559106,L2,0.384379252...
GetData ===>> H2,0.0313770819968096,H1,1613.37328674636,AX,196.358090547213,L1,2.5128634639666,L2,0.35467597981...
set states for children of H. state=True
handle state [('H', True)]
update switch state H True args=() kw={'refresh': False} ncanvase=2
refresh_canvas_needed fired
GetData ===>> H2,0.0196391135728027,H1,1612.92344893998,AX,196.235364727039,L1,2.47462518359429,L2,0.4371506705...
20:01:51 -- collecting point 50
GetData ===>> H2,0.0564307648910237,H1,1612.13058797213,AX,196.026869408208,L1,2.48298264883273,L2,0.4603362102...
GetData ===>> H2,-0.00219089170434381,H1,1611.38418249355,AX,195.86881062898,L1,2.53139195401751,L2,0.307188146...
GetData ===>> H2,-0.0157346944002827,H1,1610.94884801452,AX,195.96892200868,L1,2.52723765135966,L2,0.3758476124...
GetData ===>> H2,0.0246600026134954,H1,1610.37547829373,AX,196.065689112198,L1,2.47660519498863,L2,0.4094303433...
GetData ===>> H2,-0.0310186129548703,H1,1609.67502690393,AX,195.84416179702,L1,2.4615582269795,L2,0.27164475375...
GetData ===>> H2,-0.0565878726706518,H1,1609.41461471693,AX,195.759322848024,L1,2.47872432591266,L2,0.343064400...
GetData ===>> H2,-0.0265356645983019,H1,1607.97542124178,AX,195.825822664202,L1,2.50988259527014,L2,0.382643167...
GetData ===>> H2,-0.0134993484217497,H1,1607.63644124755,AX,195.737642010588,L1,2.520515635812,L2,0.46540678056...
GetData ===>> H2,-0.0825450115394042,H1,1607.44324316335,AX,195.594674293644,L1,2.51048194606846,L2,0.442853935...
GetData ===>> H2,-0.142163513155099,H1,1606.30667582126,AX,195.714777384331,L1,2.4931619520826,L2,0.41210376015...
GetData ===>> H2,-0.142921609791988,H1,1605.22164104001,AX,195.486413422411,L1,2.50538442714013,L2,0.4926371314...
GetData ===>> H2,-0.13010905325864,H1,1605.06620613544,AX,195.452001243095,L1,2.47357222908376,L2,0.50287335682...
GetData ===>> H2,-0.117769644029203,H1,1603.65249719996,AX,195.456767432783,L1,2.45130795630682,L2,0.3758704538...
GetData ===>> H2,-0.00897024107908371,H1,1602.9058350197,AX,195.334889899128,L1,2.43877586550873,L2,0.355954823...
GetData ===>> H2,-0.0992878085791817,H1,1602.54361958429,AX,195.017550792401,L1,2.47419151309868,L2,0.451509032...
GetData ===>> H2,-0.151490927958485,H1,1601.98787543967,AX,195.020360396316,L1,2.49090523753444,L2,0.5580946984...
GetData ===>> H2,-0.0849370356866801,H1,1601.87992998798,AX,195.038263865374,L1,2.46599833672484,L2,0.356206027...
GetData ===>> H2,-0.0353002197737222,H1,1600.40452851038,AX,194.929127542808,L1,2.48771180463156,L2,0.370251634...
GetData ===>> H2,-0.0171789433394328,H1,1599.6832636378,AX,194.690457358498,L1,2.50907136239223,L2,0.3837167954...
GetData ===>> H2,-0.0542355646764363,H1,1599.76735199077,AX,194.735708022019,L1,2.47543465656074,L2,0.397492276...
GetData ===>> H2,-0.0782188567001444,H1,1599.42796611084,AX,194.810113997838,L1,2.46468241714822,L2,0.389359248...
GetData ===>> H2,-0.171688603387143,H1,1599.17307326362,AX,194.769966287543,L1,2.46333029091779,L2,0.3958016464...
GetData ===>> H2,-0.135700743420319,H1,1598.23055748856,AX,194.666931169288,L1,2.46442921785567,L2,0.4260547217...
State checksums do not match. Local:1671910529 Remote:2052577745
State checksum failed
GetData ===>> H2,-0.0286809074430971,H1,1597.47158614358,AX,194.583683095505,L1,2.47508042082757,L2,0.464161953...
set states for children of C. state=True
set states for children of H. state=False
handle state [('C', True), ('H', False)]
update switch state C True args=() kw={'refresh': True} ncanvase=2
update switch state H False args=() kw={'refresh': False} ncanvase=2
refresh_canvas_needed fired
GetData ===>> H2,-0.125764406816509,H1,1596.0947962846,AX,194.39716913708,L1,2.49910105066282,L2,0.424409293884...
20:02:18 -- collecting point 75
GetData ===>> H2,-0.0810670146781038,H1,1596.24248267483,AX,194.416544740238,L1,2.50589582997623,L2,0.448642944...
set states for children of B. state=True
set states for children of D. state=True
handle state [('B', True), ('D', True)]
update switch state B True args=() kw={'refresh': True} ncanvase=2
update switch state D True args=() kw={'refresh': False} ncanvase=2
refresh_canvas_needed fired
GetData ===>> H2,-0.0936730780002534,H1,1595.49295939116,AX,194.074413681983,L1,2.49208277361635,L2,0.503433181...
GetData ===>> H2,-0.160737725678032,H1,1594.68961397882,AX,194.173713239046,L1,2.48475517657328,L2,0.4534274188...
GetData ===>> H2,-0.00247792274421787,H1,1594.43065008874,AX,194.316925534717,L1,2.47548583982754,L2,0.35802156...
GetData ===>> H2,0.018860264047146,H1,1593.93249822032,AX,194.315720162333,L1,2.50121445510765,L2,0.36627754657...
GetData ===>> H2,-0.0799275660884742,H1,1593.44585126415,AX,194.085439314076,L1,2.49185076368745,L2,0.425037752...
GetData ===>> H2,-0.113094069195608,H1,1592.35276002931,AX,194.044466959651,L1,2.46659236903359,L2,0.3392284359...
GetData ===>> H2,-0.148989961458024,H1,1591.60014228791,AX,194.003203021771,L1,2.43846250602332,L2,0.3554866735...
GetData ===>> H2,-0.102337776331252,H1,1591.10464117196,AX,193.916075914694,L1,2.42647743150763,L2,0.3818665085...
GetData ===>> H2,-0.0551852284774596,H1,1590.89469899457,AX,193.74852734867,L1,2.42109485780375,L2,0.4346479705...
GetData ===>> H2,-0.0631985922971755,H1,1590.06639200149,AX,193.708975457813,L1,2.41226881805668,L2,0.412743563...
GetData ===>> H2,-0.140837735751932,H1,1589.36122266101,AX,193.543670893563,L1,2.42086907167696,L2,0.4465647982...
GetData ===>> H2,-0.157998689509748,H1,1588.85782764655,AX,193.410170193035,L1,2.45761786198522,L2,0.4331509529...
GetData ===>> H2,-0.100232804005861,H1,1587.79866686819,AX,193.438526434849,L1,2.47854243959424,L2,0.4201016060...
GetData ===>> H2,-0.000679362830449665,H1,1586.97000997117,AX,193.239132959131,L1,2.42149805855637,L2,0.4446122...
GetData ===>> H2,-0.181996625697818,H1,1585.74651863566,AX,193.306957017663,L1,2.42895314820253,L2,0.3346505957...
GetData ===>> H2,-0.181996625697818,H1,1585.74651863566,AX,193.306957017663,L1,2.42895314820253,L2,0.3346505957...
GetData ===>> H2,-0.176331280703332,H1,1585.2405344687,AX,192.930310328468,L1,2.43738397033637,L2,0.38514451038...
GetData ===>> H2,-0.0614916992683315,H1,1583.49109691602,AX,193.109013121046,L1,2.46886506650619,L2,0.428957142...
GetData ===>> H2,-0.0175932989691339,H1,1583.04661263604,AX,192.95687013128,L1,2.46619230302572,L2,0.3870862368...
GetData ===>> H2,-0.0177603955042531,H1,1582.96865173679,AX,192.890923244408,L1,2.46951853476107,L2,0.256717527...
GetData ===>> H2,-0.143113490744162,H1,1582.26662240777,AX,193.075871127968,L1,2.424218696277,L2,0.474931955118...
GetData ===>> H2,-0.192793144651808,H1,1582.22009275293,AX,192.723845830048,L1,2.42726540624671,L2,0.5177383927...
GetData ===>> H2,-0.185381254344807,H1,1580.85678125794,AX,192.695632274567,L1,2.39042155781492,L2,0.3463753270...
GetData ===>> H2,-0.161801827443492,H1,1580.40452772962,AX,192.838334910473,L1,2.41539379802832,L2,0.3879086269...
20:02:44 -- collecting point 100
GetData ===>> H2,-0.126610756501975,H1,1579.80360344402,AX,192.685613064538,L1,2.43844233296389,L2,0.3939511262...
GetData ===>> H2,-0.055852659063612,H1,1579.49068194913,AX,192.723245498843,L1,2.46133202605002,L2,0.4464277792...
GetData ===>> H2,-0.118320301362646,H1,1578.31874778691,AX,192.397791369483,L1,2.46595927446967,L2,0.4170052179...
GetData ===>> H2,-0.170231436615571,H1,1577.77454639757,AX,192.188897385072,L1,2.44566659249537,L2,0.4636480388...
GetData ===>> H2,-0.0740998255636148,H1,1577.27983587873,AX,192.311700061517,L1,2.43384700947116,L2,0.378942671...
GetData ===>> H2,-0.147178712052646,H1,1576.6643808166,AX,192.267424872475,L1,2.42409904970034,L2,0.39976553531...
GetData ===>> H2,-0.118274301526629,H1,1576.00314763252,AX,191.869653640984,L1,2.40712879537377,L2,0.3708797382...
GetData ===>> H2,-0.0806443074751156,H1,1575.1337587055,AX,191.876194841219,L1,2.39402856287034,L2,0.3114679356...
GetData ===>> H2,0.0198066003910806,H1,1574.86600383009,AX,191.951757143528,L1,2.42726540624671,L2,0.4365449883...
GetData ===>> H2,-0.0341298292442262,H1,1574.54072370751,AX,192.035500413226,L1,2.40956749439159,L2,0.414365940...
GetData ===>> H2,-0.0783530152563371,H1,1574.14572729782,AX,191.89763955361,L1,2.4606601821275,L2,0.42560908224...
GetData ===>> H2,-0.113364777258476,H1,1573.284403251,AX,191.705701345439,L1,2.44610530905011,L2,0.364804435154...
GetData ===>> H2,-0.0525761762408771,H1,1572.40656273535,AX,191.800328047498,L1,2.42640078843706,L2,0.430842620...
GetData ===>> H2,-0.0395123591534418,H1,1572.55174949273,AX,191.579341289048,L1,2.44659787616591,L2,0.411932385...
GetData ===>> H2,0.0453673195579557,H1,1571.58167105927,AX,191.399140252072,L1,2.454110167435,L2,0.399091548407...
GetData ===>> H2,-0.113114372524161,H1,1571.60944370619,AX,191.489747311776,L1,2.46488040139772,L2,0.3829972351...
GetData ===>> H2,-0.0518515595663581,H1,1570.42817463927,AX,191.446475594628,L1,2.46644554181695,L2,0.458360587...
GetData ===>> H2,-0.00687226905678424,H1,1569.65306572093,AX,191.351218427026,L1,2.42510196925138,L2,0.38544147...
GetData ===>> H2,-0.095433904703793,H1,1569.47859135186,AX,190.986295755862,L1,2.40775891003328,L2,0.4783470862...
GetData ===>> H2,-0.0715970467215107,H1,1568.32521460807,AX,191.058978109457,L1,2.38029830333437,L2,0.397275234...
GetData ===>> H2,0.0162436096771047,H1,1567.09846967087,AX,191.186946310963,L1,2.41337910188768,L2,0.3787713553...
measurement finished
estimated time: 125.829 actual time: :126.417
flush and close file /Users/jan/PychronDev/data/isotopes/35/90e15d-7d0b-46f6-bab5-0a4621906e0e.h5
baselines () {'settling_time': 15.0, 'detector': 'H1', 'mass': 34.2, 'ncounts': 60}
%%%%%%%%%%%%%%%%%%%%%%%%%%%%%%%% Baseline
build tables- baseline [Detector(H2), Detector(H1), Detector(AX), Detector(L1), Detector(L2), Detector(CDD)]
add group baseline table H2
add group baseline table H1
add group baseline table AX
add group baseline table L1
add group baseline table L2
add group baseline table CDD
flush and close file /Users/jan/PychronDev/data/isotopes/35/90e15d-7d0b-46f6-bab5-0a4621906e0e.h5
detector Detector(H1)
POSITION 34.2 H1
Mapping mass to dac mass func: "parabolic"
H1 map mass coeffs = [-0.00063987  0.15840543  0.57097999]
H1 map mass to dac 34.2 >> 5.24002599104
GetDeflection H1 ===>> 0
GetHighVoltage ===>> 4500
positioning 34.2 (5.24002599104) on H1
setting magnet DAC
current  : 5.879370
requested: 5.240026
Delta Dac: 0.639344
Checking detector protection. dv=0.63934
Checking detector "CDD". Protection Threshold: 0.1 (V)
ProtectDetector CDD,On ===>> OK
GetDeflection CDD ===>> 2000
Protected = 2000
SetMagnetDAC 5.24002599104 ===>> OK
Magnet settling time: 0.500
GetMagnetMoving ===>> True
GetMagnetMoving ===>> True
GetMagnetMoving ===>> True
GetMagnetMoving ===>> True
GetMagnetMoving ===>> True
GetMagnetMoving ===>> True
GetMagnetMoving ===>> True
GetMagnetMoving ===>> True
GetMagnetMoving ===>> False
ProtectDetector CDD,Off ===>> OK
GetDeflection CDD ===>> 50
Delaying 15.0s for detectors to settle
Join finished
measuring baseline. ncounts=60
"baseline" increment series count="2" fit count="1" regressing="True"
starting measurement
GetData ===>> H2,-0.188077171379502,H1,-0.0901063167189296,AX,-0.160100969241381,L1,-0.0453766209902203,L2,-0.0...
GetData ===>> H2,-0.150151386001788,H1,-0.124530636526443,AX,-0.0216906374763284,L1,-0.0781430083397737,L2,-0.1...
GetData ===>> H2,-0.188728464736149,H1,-0.122384094544769,AX,-0.0376948312826245,L1,-0.0559023229072197,L2,-0.0...
GetData ===>> H2,-0.137010897442009,H1,-0.0428289642676603,AX,-0.0749697588103708,L1,-0.0567832965636325,L2,-0....
GetData ===>> H2,-0.121090771346899,H1,-0.111663381386884,AX,-0.102218376034476,L1,-0.0558041661657798,L2,-0.03...
GetData ===>> H2,-0.112922166225801,H1,-0.0447605494023005,AX,-0.154768168429868,L1,-0.0420385365390219,L2,0.04...
GetData ===>> H2,-0.125218166800887,H1,-0.0330393083230572,AX,-0.109866552319418,L1,-0.0173281196595801,L2,-0.0...
GetData ===>> H2,-0.135223425768257,H1,0.036398138135252,AX,-0.0801395853823361,L1,-0.0647624019055047,L2,-0.09...
GetData ===>> H2,-0.103000998711687,H1,-0.0683538796859782,AX,-0.0797570739921986,L1,-0.0432587182299484,L2,0.0...
GetData ===>> H2,-0.149978530349582,H1,-0.104871440964227,AX,-0.0526760827314044,L1,-0.0684919446732783,L2,-0.1...
GetData ===>> H2,-0.0446001400937517,H1,-0.0332778009683342,AX,-0.0504731021533305,L1,-0.0372449856778601,L2,-0...
GetData ===>> H2,-0.155475165078051,H1,-0.00177992900829409,AX,-0.1669636217554,L1,-0.0225687704028021,L2,-0.01...
GetData ===>> H2,-0.128737168180482,H1,0.0166391706455161,AX,-0.112033426291627,L1,-0.0460278252600975,L2,-0.09...
GetData ===>> H2,-0.21619030340009,H1,0.035336113783724,AX,-0.0848802835581002,L1,-0.0696515392417296,L2,0.0478...
GetData ===>> H2,-0.276246966406275,H1,-0.0609510131086342,AX,-0.123365275065664,L1,-0.0507513836857513,L2,-0.0...
GetData ===>> H2,-0.289581624428739,H1,0.00591416612361075,AX,-0.105671717959204,L1,-0.0308060941799308,L2,-0.0...
GetData ===>> H2,-0.248020531740454,H1,-0.0543940716871248,AX,-0.0529195669978399,L1,-0.00263880307310227,L2,-0...
GetData ===>> H2,-0.189826004770825,H1,-0.0027461224145096,AX,-0.0343318495425409,L1,-0.0208341786847605,L2,-0....
GetData ===>> H2,-0.215296254351837,H1,0.026458508221139,AX,-0.0782965621251781,L1,-0.0146169316160581,L2,0.060...
GetData ===>> H2,-0.236332511755675,H1,-0.0028176919254495,AX,-0.0725238482794711,L1,-0.0181555829978428,L2,-0....
GetData ===>> H2,-0.279636442245916,H1,0.0942954002586706,AX,-0.128880094064732,L1,-0.0323330018718414,L2,-0.00...
GetData ===>> H2,-0.196757091455681,H1,0.0781932706002799,AX,-0.0525485431106152,L1,-0.0165989361394267,L2,0.01...
GetData ===>> H2,-0.160297471615671,H1,-0.00876971049488233,AX,-0.176074435829324,L1,-0.0163938437528142,L2,0.1...
GetData ===>> H2,-0.179486841611292,H1,-0.0851483690817777,AX,-0.102763038775331,L1,-0.0483162819165439,L2,-0.0...
20:03:50 -- collecting point 25
GetData ===>> H2,-0.198782690035729,H1,-0.0317633630169788,AX,-0.0407446073457057,L1,-0.0267415934685946,L2,-0....
GetData ===>> H2,-0.340209883313579,H1,-0.0123359809144795,AX,-0.0549717673228714,L1,-0.0293520230120512,L2,0.0...
GetData ===>> H2,-0.391564410581846,H1,0.032937650800391,AX,-0.0521543286804153,L1,-0.0174396512949517,L2,0.026...
GetData ===>> H2,-0.297848864424741,H1,-0.00857886970015969,AX,-0.0328590588805597,L1,-0.0221875934428078,L2,0....
GetData ===>> H2,-0.302045264005892,H1,0.0355986356089356,AX,-0.0756189000963292,L1,-0.0246817630671036,L2,-0.0...
GetData ===>> H2,-0.273526860032247,H1,0.0892974992244834,AX,-0.104257948500624,L1,-0.0147325612981139,L2,-0.03...
GetData ===>> H2,-0.198508945242932,H1,-0.0598661670072829,AX,-0.162964330765985,L1,0.000775336320967683,L2,0.0...
GetData ===>> H2,-0.18128287812404,H1,-0.0150791793919634,AX,-0.147614800373079,L1,-0.0173161269369994,L2,-0.01...
GetData ===>> H2,-0.229302532107286,H1,0.0432836704165275,AX,-0.0555514770893994,L1,-0.00192246978402611,L2,-0....
GetData ===>> H2,-0.139748347006618,H1,0.065864856183784,AX,-0.0261906332820686,L1,0.00619639330201212,L2,0.043...
GetData ===>> H2,-0.242686978073812,H1,0.106391591610344,AX,-0.0785631651333211,L1,-0.0102909090462401,L2,-0.02...
GetData ===>> H2,-0.217837138528331,H1,-0.0179892729847751,AX,-0.096250063255884,L1,-0.0232867343170997,L2,-0.0...
GetData ===>> H2,-0.17478557184986,H1,0.000736988963035046,AX,-0.0699967292198746,L1,-0.0440992282625334,L2,-0....
GetData ===>> H2,-0.180906422244009,H1,0.0586913166043647,AX,-0.0929818222888552,L1,-0.0436478519850079,L2,-0.0...
GetData ===>> H2,-0.197164398061527,H1,-0.0461674830083634,AX,-0.223631545034282,L1,-0.0202599113808192,L2,0.01...
GetData ===>> H2,-0.177497510010138,H1,0.00673729038773736,AX,-0.0154622072346125,L1,0.0126913843610971,L2,-0.0...
GetData ===>> H2,-0.178918689609301,H1,0.00314660953886228,AX,0.00600979455222342,L1,-0.0227641479622033,L2,-0....
GetData ===>> H2,-0.236862543399203,H1,-0.0446293935667306,AX,-0.158814167984651,L1,-0.02466977910797,L2,0.1079...
GetData ===>> H2,-0.163609761093114,H1,0.00309889371703527,AX,-0.127408733861169,L1,-0.0300730961171792,L2,-0.0...
GetData ===>> H2,-0.192871323189163,H1,0.0395007457133502,AX,-0.158292486949357,L1,-0.0368747738404797,L2,-0.00...
GetData ===>> H2,-0.149459947580662,H1,0.0168419904772012,AX,-0.100989976531742,L1,-0.0405666973143679,L2,-0.02...
GetData ===>> H2,-0.0864890086789549,H1,0.0117000380640998,AX,-0.0655567234813405,L1,-0.012571023028144,L2,0.06...
GetData ===>> H2,-0.0969479975105036,H1,0.0616036400884258,AX,0.0215454381148023,L1,0.0152163439897484,L2,-0.10...
GetData ===>> H2,-0.134053709793832,H1,-0.0557651040544503,AX,-0.0844862000916965,L1,0.0108379888308999,L2,0.03...
GetData ===>> H2,-0.271492731977028,H1,-0.0549067207709751,AX,-0.048130931264238,L1,0.0176194251537285,L2,-0.04...
20:04:16 -- collecting point 50
GetData ===>> H2,-0.320031068876879,H1,-0.103679824925273,AX,0.0564605862238049,L1,0.0178067958893778,L2,-0.050...
GetData ===>> H2,-0.269899030557946,H1,-0.0338024827876591,AX,-0.0602585925254219,L1,0.00434071712746825,L2,0.0...
GetData ===>> H2,-0.314131541488566,H1,-0.0565757926170861,AX,-0.122171901236571,L1,-0.00347266121904323,L2,-0....
GetData ===>> H2,-0.150191898664068,H1,0.0167704069602649,AX,-0.0829793956483002,L1,-0.0112368234421452,L2,-0.1...
GetData ===>> H2,-0.134728508640403,H1,0.0910031987483741,AX,-0.0348073126350686,L1,-0.0172957392758053,L2,-0.0...
GetData ===>> H2,-0.251377602111173,H1,0.0546810425687606,AX,-0.163485986743086,L1,-0.0216253909984424,L2,-0.00...
GetData ===>> H2,-0.201112623886274,H1,0.0232011971440961,AX,-0.0806264158858137,L1,0.00958617944828221,L2,0.03...
GetData ===>> H2,-0.200257831201521,H1,0.0204570246453486,AX,0.0400197212643558,L1,-0.0203822006936921,L2,0.054...
GetData ===>> H2,-0.264089385988232,H1,0.0207075764052213,AX,0.0242026411235322,L1,-0.00911468616760618,L2,-0.1...
GetData ===>> H2,-0.157155775959805,H1,0.0144916917540929,AX,-0.0136759544422247,L1,-0.0042128774217578,L2,-0.0...
GetData ===>> H2,-0.179702758887072,H1,0.0596939102100126,AX,-0.162419487091482,L1,-0.0591158277264257,L2,0.021...
measurement finished
estimated time: 62.915 actual time: :63.221
flush and close file /Users/jan/PychronDev/data/isotopes/35/90e15d-7d0b-46f6-bab5-0a4621906e0e.h5
activate_detectors ('H1', 'AX', 'CDD') {'peak_center': True}
peak_center () {'detector': 'H1', 'integration_time': 0.262144, 'isotope': 'Ar40'}
peak center: mean=1570.64173462 threshold=3
peak center started
setup peak center. detector=['H1', 'AX', 'CDD'], isotope=Ar40
VersionedUnpickler [<apptools.sweet_pickle.versioned_unpickler.VersionedUnpickler object at 0x1a4177590>] using Updater [<apptools.sweet_pickle.updater.Updater object at 0x134a15590>]
VersionedUnpickler [<apptools.sweet_pickle.versioned_unpickler.VersionedUnpickler object at 0x1a4177590>] using Updater [<apptools.sweet_pickle.updater.Updater object at 0x134a15590>]
VersionedUnpickler [<apptools.sweet_pickle.versioned_unpickler.VersionedUnpickler object at 0x19a04f770>] using Updater [<apptools.sweet_pickle.updater.Updater object at 0x134a15590>]
setting integration time = 0.524288
SetIntegrationTime 0.524288 ===>> OK
Mapping mass to dac mass func: "parabolic"
H1 map mass coeffs = [-0.00063987  0.15840543  0.57097999]
H1 map mass to dac 39.9624 >> 5.87937
GetDeflection H1 ===>> 0
GetHighVoltage ===>> 4500
do peak center. <pychron.spectrometer.jobs.peak_center.PeakCenter object at 0x134a156b0>
doing pc
starting peak center. center dac= 5.87937 step_width=0.001
width = 0.001
get scan parameters. half-width=0.015,window=0.015, i=0, scalar=1
Scan parameters center=5.87937 width=0.03000 (5.86437 - 5.89437)
GetData ===>> H2,-0.197252061473095,H1,0.0682521713459618,AX,-0.116054182209432,L1,-0.0444607935720164,L2,0.026...
Moving to starting dac 5.86437
setting magnet DAC
current  : 5.240026
requested: 5.864370
Delta Dac: 0.624344
Checking detector protection. dv=0.62434
Checking detector "CDD". Protection Threshold: 0.1 (V)
ProtectDetector CDD,On ===>> OK
GetDeflection CDD ===>> 2000
Protected = 2000
SetMagnetDAC 5.86437 ===>> OK
Magnet settling time: 0.500
GetMagnetMoving ===>> True
GetMagnetMoving ===>> True
GetMagnetMoving ===>> True
GetMagnetMoving ===>> True
GetMagnetMoving ===>> True
GetMagnetMoving ===>> True
GetMagnetMoving ===>> True
GetMagnetMoving ===>> True
GetMagnetMoving ===>> True
GetMagnetMoving ===>> False
ProtectDetector CDD,Off ===>> OK
GetDeflection CDD ===>> 50
Wait until signal near baseline. tol= 0.0511891285095. timeout= 10
GetData ===>> H2,64.935403405042,H1,21.8012487570243,AX,1.21686431174952,L1,0.0246378043762737,L2,-0.1172532680...
GetData ===>> H2,92.6547489384541,H1,52.029781998171,AX,5.1421804691172,L1,0.00616089472798773,L2,-0.2186563958...
GetData ===>> H2,52.7566000657337,H1,24.824165068574,AX,2.47429569535432,L1,-0.00990484492679524,L2,0.028197837...
GetData ===>> H2,22.6264658291553,H1,12.6765563504047,AX,1.01638882576859,L1,-0.000937278289850026,L2,-0.049178...
GetData ===>> H2,7.97795848690494,H1,6.8030553679564,AX,0.409094187195607,L1,0.0207553467399058,L2,0.0242569290...
GetData ===>> H2,2.4456720942349,H1,4.02025831148001,AX,0.0946366621268845,L1,0.0133043537648824,L2,0.049590917...
GetData ===>> H2,0.800038169950323,H1,2.5968912418284,AX,0.0638815864037786,L1,0.00206328955482943,L2,-0.049496...
GetData ===>> H2,0.486732389243561,H1,1.99609808652668,AX,0.173387956077546,L1,-0.0333798416506254,L2,0.0863280...
GetData ===>> H2,0.486732389243561,H1,1.99609808652668,AX,0.173387956077546,L1,-0.0333798416506254,L2,0.0863280...
GetData ===>> H2,0.473562916428169,H1,1.68625566465932,AX,0.0945671219872546,L1,-0.0578546779345805,L2,-0.04339...
GetData ===>> H2,0.463102923769006,H1,1.37705946368449,AX,0.096166557761155,L1,-0.0454029572759634,L2,-0.019970...
GetData ===>> H2,0.480163840429426,H1,1.36796250607281,AX,0.140984617866914,L1,-0.037360000171635,L2,0.02204735...
GetData ===>> H2,0.554404422144445,H1,1.30886428304191,AX,0.107432893008166,L1,-0.0604105865423654,L2,0.0512314...
GetData ===>> H2,0.467464966259857,H1,1.36489036813219,AX,0.0784815039869804,L1,-0.0216336224762393,L2,-0.00182...
GetData ===>> H2,0.341570488776091,H1,1.37014666109556,AX,0.0471225771325536,L1,0.0337123044312709,L2,-0.131449...
GetData ===>> H2,0.230977990773923,H1,1.30555408016015,AX,-0.075085677214772,L1,0.0317030536896383,L2,-0.183273...
GetData ===>> H2,0.114532951079997,H1,1.33837307053024,AX,-0.0949288726807453,L1,0.00355430411663038,L2,-0.0615...
GetData ===>> H2,0.1798716118374,H1,1.30015724344739,AX,-0.0777053963273195,L1,0.000344454909197154,L2,-0.07434...
GetData ===>> H2,0.15640253887334,H1,1.3200430182436,AX,0.074657504464136,L1,-0.0183876484968028,L2,0.078259220...
GetData ===>> H2,0.0996563630365928,H1,1.36450635747412,AX,-0.0171788348723015,L1,-0.00437363031195957,L2,-0.03...
GetData ===>> H2,0.0339648331311961,H1,1.35339468281479,AX,-0.159576628325724,L1,0.00943105435055644,L2,0.03901...
Peak center failed to move to a baseline position
_do_sweep sm= 5.86437, em= 5.89437, stm= 0.001
calculated step values: start=5.86437, end=5.89437, width=0.001, nsteps=31.0
setting magnet DAC
current  : 5.864370
requested: 5.864370
Delta Dac: 0.000000
Checking detector protection. dv=0.00000
Checking detector "CDD". Protection Threshold: 0.1 (V)
SetMagnetDAC 5.86437 ===>> OK
GetData ===>> H2,0.0339648331311961,H1,1.35339468281479,AX,-0.159576628325724,L1,0.00943105435055644,L2,0.03901...
setting magnet DAC
current  : 5.864370
requested: 5.865404
Delta Dac: 0.001034
Checking detector protection. dv=0.00103
Checking detector "CDD". Protection Threshold: 0.1 (V)
SetMagnetDAC 5.86540448276 ===>> OK
Magnet settling time: 1.049
GetData ===>> H2,-0.122447351600471,H1,2.39746998316888,AX,0.246120142647291,L1,0.00473334629708931,L2,-0.04674...
setting magnet DAC
current  : 5.865404
requested: 5.866439
Delta Dac: 0.001034
Checking detector protection. dv=0.00103
Checking detector "CDD". Protection Threshold: 0.1 (V)
SetMagnetDAC 5.86643896552 ===>> OK
Magnet settling time: 1.049
GetData ===>> H2,0.0420699813706045,H1,6.94897185901209,AX,0.634586137447282,L1,-0.0231233056143813,L2,0.013710...
setting magnet DAC
current  : 5.866439
requested: 5.867473
Delta Dac: 0.001034
Checking detector protection. dv=0.00103
Checking detector "CDD". Protection Threshold: 0.1 (V)
SetMagnetDAC 5.86747344828 ===>> OK
Magnet settling time: 1.049
GetData ===>> H2,-0.0164995802841471,H1,36.7568662073485,AX,2.86285010982835,L1,-0.00316912085176545,L2,-0.0832...
setting magnet DAC
current  : 5.867473
requested: 5.868508
Delta Dac: 0.001034
Checking detector protection. dv=0.00103
Checking detector "CDD". Protection Threshold: 0.1 (V)
SetMagnetDAC 5.86850793103 ===>> OK
Magnet settling time: 1.049
GetData ===>> H2,-0.0157367145641524,H1,126.413679282136,AX,9.8428380930162,L1,0.02010001438298,L2,-0.030967043...
setting magnet DAC
current  : 5.868508
requested: 5.869542
Delta Dac: 0.001034
Checking detector protection. dv=0.00103
Checking detector "CDD". Protection Threshold: 0.1 (V)
SetMagnetDAC 5.86954241379 ===>> OK
Magnet settling time: 1.049
GetData ===>> H2,-0.0310145383478721,H1,351.34368342308,AX,29.6987054905563,L1,0.12081204016805,L2,-0.080675499...
setting magnet DAC
current  : 5.869542
requested: 5.870577
Delta Dac: 0.001034
Checking detector protection. dv=0.00103
Checking detector "CDD". Protection Threshold: 0.1 (V)
SetMagnetDAC 5.87057689655 ===>> OK
Magnet settling time: 1.049
GetData ===>> H2,-0.0747586454509789,H1,721.183834809722,AX,68.5049091877459,L1,0.386946905239232,L2,-0.0628571...
setting magnet DAC
current  : 5.870577
requested: 5.871611
Delta Dac: 0.001034
Checking detector protection. dv=0.00103
Checking detector "CDD". Protection Threshold: 0.1 (V)
SetMagnetDAC 5.87161137931 ===>> OK
Magnet settling time: 1.049
GetData ===>> H2,0.0413346452810641,H1,1091.19601682896,AX,113.854089015505,L1,0.802670325433083,L2,0.020316183...
setting magnet DAC
current  : 5.871611
requested: 5.872646
Delta Dac: 0.001034
Checking detector protection. dv=0.00103
Checking detector "CDD". Protection Threshold: 0.1 (V)
SetMagnetDAC 5.87264586207 ===>> OK
Magnet settling time: 1.049
GetData ===>> H2,0.0323755150466654,H1,1333.49249651387,AX,150.105319772225,L1,1.2349051897274,L2,0.21707321572...
setting magnet DAC
current  : 5.872646
requested: 5.873680
Delta Dac: 0.001034
Checking detector protection. dv=0.00103
Checking detector "CDD". Protection Threshold: 0.1 (V)
SetMagnetDAC 5.87368034483 ===>> OK
Magnet settling time: 1.049
GetData ===>> H2,-0.0614844176344335,H1,1444.82948790686,AX,170.797976232978,L1,1.62667088869013,L2,0.324592642...
setting magnet DAC
current  : 5.873680
requested: 5.874715
Delta Dac: 0.001034
Checking detector protection. dv=0.00103
Checking detector "CDD". Protection Threshold: 0.1 (V)
SetMagnetDAC 5.87471482759 ===>> OK
Magnet settling time: 1.049
GetData ===>> H2,-0.0574958530523638,H1,1484.07476257676,AX,179.437979512144,L1,1.91681505411966,L2,0.244444643...
setting magnet DAC
current  : 5.874715
requested: 5.875749
Delta Dac: 0.001034
Checking detector protection. dv=0.00103
Checking detector "CDD". Protection Threshold: 0.1 (V)
SetMagnetDAC 5.87574931034 ===>> OK
Magnet settling time: 1.049
GetData ===>> H2,-0.012725475890585,H1,1495.29327065348,AX,181.803479064284,L1,2.10595877673745,L2,0.2716255158...
setting magnet DAC
current  : 5.875749
requested: 5.876784
Delta Dac: 0.001034
Checking detector protection. dv=0.00103
Checking detector "CDD". Protection Threshold: 0.1 (V)
SetMagnetDAC 5.8767837931 ===>> OK
Magnet settling time: 1.049
GetData ===>> H2,-0.101637374852218,H1,1497.07664572366,AX,182.325452150777,L1,2.21457901872392,L2,0.4443839352...
setting magnet DAC
current  : 5.876784
requested: 5.877818
Delta Dac: 0.001034
Checking detector protection. dv=0.00103
Checking detector "CDD". Protection Threshold: 0.1 (V)
SetMagnetDAC 5.87781827586 ===>> OK
Magnet settling time: 1.049
GetData ===>> H2,-0.0991812306336701,H1,1497.35345019348,AX,182.458219447484,L1,2.24127814269486,L2,0.572808229...
setting magnet DAC
current  : 5.877818
requested: 5.878853
Delta Dac: 0.001034
Checking detector protection. dv=0.00103
Checking detector "CDD". Protection Threshold: 0.1 (V)
SetMagnetDAC 5.87885275862 ===>> OK
Magnet settling time: 1.049
GetData ===>> H2,-0.15267809780297,H1,1497.23991730225,AX,182.700778423518,L1,2.29271381056202,L2,0.33864307935...
setting magnet DAC
current  : 5.878853
requested: 5.879887
Delta Dac: 0.001034
Checking detector protection. dv=0.00103
Checking detector "CDD". Protection Threshold: 0.1 (V)
SetMagnetDAC 5.87988724138 ===>> OK
Magnet settling time: 1.049
GetData ===>> H2,-0.0105256016342049,H1,1496.63172978079,AX,182.408021968451,L1,2.33873495137355,L2,0.450549854...
setting magnet DAC
current  : 5.879887
requested: 5.880922
Delta Dac: 0.001034
Checking detector protection. dv=0.00103
Checking detector "CDD". Protection Threshold: 0.1 (V)
SetMagnetDAC 5.88092172414 ===>> OK
Magnet settling time: 1.049
GetData ===>> H2,-0.0746230889210619,H1,1495.64802592691,AX,182.305691073156,L1,2.37305903166636,L2,0.408949008...
setting magnet DAC
current  : 5.880922
requested: 5.881956
Delta Dac: 0.001034
Checking detector protection. dv=0.00103
Checking detector "CDD". Protection Threshold: 0.1 (V)
SetMagnetDAC 5.8819562069 ===>> OK
Magnet settling time: 1.049
GetData ===>> H2,-0.0795996655557855,H1,1495.32399069894,AX,181.914379683957,L1,2.35157880843805,L2,0.394249185...
setting magnet DAC
current  : 5.881956
requested: 5.882991
Delta Dac: 0.001034
Checking detector protection. dv=0.00103
Checking detector "CDD". Protection Threshold: 0.1 (V)
SetMagnetDAC 5.88299068966 ===>> OK
Magnet settling time: 1.049
GetData ===>> H2,-0.0769300408619822,H1,1493.78064233278,AX,181.65423016784,L1,2.34367748375965,L2,0.4108893710...
setting magnet DAC
current  : 5.882991
requested: 5.884025
Delta Dac: 0.001034
Checking detector protection. dv=0.00103
Checking detector "CDD". Protection Threshold: 0.1 (V)
SetMagnetDAC 5.88402517241 ===>> OK
Magnet settling time: 1.049
GetData ===>> H2,-0.228830026525248,H1,1482.67511508499,AX,179.285226740678,L1,2.30275148318209,L2,0.2810858545...
setting magnet DAC
current  : 5.884025
requested: 5.885060
Delta Dac: 0.001034
Checking detector protection. dv=0.00103
Checking detector "CDD". Protection Threshold: 0.1 (V)
SetMagnetDAC 5.88505965517 ===>> OK
Magnet settling time: 1.049
GetData ===>> H2,-0.297454365402469,H1,1447.90494511343,AX,171.128285653708,L1,2.21351855112384,L2,0.3827009050...
setting magnet DAC
current  : 5.885060
requested: 5.886094
Delta Dac: 0.001034
Checking detector protection. dv=0.00103
Checking detector "CDD". Protection Threshold: 0.1 (V)
SetMagnetDAC 5.88609413793 ===>> OK
Magnet settling time: 1.049
GetData ===>> H2,-0.248305706325678,H1,1338.91237129513,AX,149.303644561209,L1,1.95803400658913,L2,0.3309105224...
setting magnet DAC
current  : 5.886094
requested: 5.887129
Delta Dac: 0.001034
Checking detector protection. dv=0.00103
Checking detector "CDD". Protection Threshold: 0.1 (V)
SetMagnetDAC 5.88712862069 ===>> OK
Magnet settling time: 1.049
GetData ===>> H2,-0.294558265945564,H1,1090.25085913635,AX,109.023020842763,L1,1.59471286634658,L2,0.2090618758...
setting magnet DAC
current  : 5.887129
requested: 5.888163
Delta Dac: 0.001034
Checking detector protection. dv=0.00103
Checking detector "CDD". Protection Threshold: 0.1 (V)
SetMagnetDAC 5.88816310345 ===>> OK
Magnet settling time: 1.049
GetData ===>> H2,-0.293205245159096,H1,728.569173445498,AX,63.2341971666545,L1,1.17703962453004,L2,0.0824302853...
setting magnet DAC
current  : 5.888163
requested: 5.889198
Delta Dac: 0.001034
Checking detector protection. dv=0.00103
Checking detector "CDD". Protection Threshold: 0.1 (V)
SetMagnetDAC 5.88919758621 ===>> OK
Magnet settling time: 1.049
GetData ===>> H2,-0.276644604258327,H1,386.092271179248,AX,28.5470760851347,L1,0.713036058942331,L2,0.032480626...
setting magnet DAC
current  : 5.889198
requested: 5.890232
Delta Dac: 0.001034
Checking detector protection. dv=0.00103
Checking detector "CDD". Protection Threshold: 0.1 (V)
SetMagnetDAC 5.89023206897 ===>> OK
Magnet settling time: 1.049
GetData ===>> H2,-0.185372771815584,H1,156.310571753829,AX,9.48850783946513,L1,0.449314354822812,L2,-0.13867259...
setting magnet DAC
current  : 5.890232
requested: 5.891267
Delta Dac: 0.001034
Checking detector protection. dv=0.00103
Checking detector "CDD". Protection Threshold: 0.1 (V)
SetMagnetDAC 5.89126655172 ===>> OK
Magnet settling time: 1.049
GetData ===>> H2,-0.294552897136579,H1,50.321323625791,AX,2.45508882858166,L1,0.260346019548517,L2,0.0321616890...
setting magnet DAC
current  : 5.891267
requested: 5.892301
Delta Dac: 0.001034
Checking detector protection. dv=0.00103
Checking detector "CDD". Protection Threshold: 0.1 (V)
SetMagnetDAC 5.89230103448 ===>> OK
Magnet settling time: 1.049
GetData ===>> H2,-0.159081957499527,H1,6.34321866834406,AX,0.0862226657186029,L1,0.13851267370649,L2,-0.0530477...
setting magnet DAC
current  : 5.892301
requested: 5.893336
Delta Dac: 0.001034
Checking detector protection. dv=0.00103
Checking detector "CDD". Protection Threshold: 0.1 (V)
SetMagnetDAC 5.89333551724 ===>> OK
Magnet settling time: 1.049
GetData ===>> H2,-0.243629009796143,H1,1.23668815618199,AX,-0.187970983408742,L1,0.0508769013856144,L2,-0.03699...
setting magnet DAC
current  : 5.893336
requested: 5.894370
Delta Dac: 0.001034
Checking detector protection. dv=0.00103
Checking detector "CDD". Protection Threshold: 0.1 (V)
SetMagnetDAC 5.89437 ===>> OK
Magnet settling time: 1.049
GetData ===>> H2,-0.228144106088979,H1,0.14667878840251,AX,-0.0534761001763575,L1,0.00717251692754123,L2,0.0707...
result of _do_sweep=True
result of _calculate_peak_center=([5.8717129617856401, 5.8793751827793512, 5.8870374037730624], [1114.9886571187808, 1497.3514025060631, 1112.1769243367971], 5.8778369338677345, 1497.3514025060631)
Failed to find a valid peak. No peak greater than 1.0. max = 0.0555613033424
new center pos Detector(H1) (Ar40) @ 5.87937518278
GetHighVoltage ===>> 4500
GetDeflection H1 ===>> 0
dac uncorrected for HV and deflection 5.87937518278
update mftable H1 Ar40 5.87937518278 message=automated run peakcenter
get initial guess parabolic
get initial guess parabolic
get initial guess parabolic
get initial guess parabolic
get initial guess parabolic
get initial guess parabolic
dump mftable to /Users/jan/PychronDev/setupfiles/spectrometer/mftables/mftable.csv
add to repo msg=modified - automated run peakcenter
sweep finished
locally archiving mftable
setting magnet DAC
current  : 5.894370
requested: 5.879375
Delta Dac: 0.014995
Checking detector protection. dv=0.01499
Checking detector "CDD". Protection Threshold: 0.1 (V)
SetMagnetDAC 5.87937518278 ===>> OK
Magnet settling time: 0.500
setting integration time = 1.048576
SetIntegrationTime 1.048576 ===>> OK
Failed to find a valid peak. No peak greater than 1.0. max = 0.0555231171766
flush and close file /Users/jan/PychronDev/data/isotopes/35/90e15d-7d0b-46f6-bab5-0a4621906e0e.h5
finished measure script
executed snippet estimated_duration=226.132928, duration=273.951564074
jan_unknown120_60.py completed successfully
Measurement Finished
20:05:15 -- ******* Measurement Finished *******
Post Measurement Started jan_pump_ms.py
20:05:15 -- ******* Post Measurement Started jan_pump_ms.py *******
testing...
no interpolation path defined
executed snippet estimated_duration=0, duration=2.90870666504e-05
Pumping spectrometer
open () {'name': 'O'}
opening name=O desc=---
checking ownership. requestor=129.138.12.150
check software interlocks O
interlocks []
actuate state mode=None-script, software_lock=False
doing actuation None-script open_channel True
Open O ===>> OK
GetIndicatorState O ===>> OK
change switch state (True, True)
update switch state O True args=() kw={} ncanvase=2
20:05:15 -- OPEN   VALVE-O (Jan Ion Pump)
---------------------------------------- open O () result=[(True, True)], time=0.09 sec
action=open, ok=True, locked=[False]
executed snippet estimated_duration=0, duration=0.346806049347
jan_pump_ms.py completed successfully
setting _ms_pumptime
Post Measurement Finished
20:05:15 -- ******* Post Measurement Finished *******
$$$$$$$$$$$$$$$$$$$$ state at run end measurement
state changed from measurement to success
post measurement save measured=True aborted=False
Set filtering
setting fod for Ar40= {'filter_outliers': True, 'std_devs': 2, 'iterations': 1}
setting fod for H1= {'filter_outliers': True, 'std_devs': 2, 'iterations': 1}
setting fod for PM41= {'filter_outliers': False, 'std_devs': 2, 'iterations': 1}
setting fod for H2= {'filter_outliers': True, 'std_devs': 2, 'iterations': 1}
setting fod for Ar36= {'filter_outliers': True, 'std_devs': 2, 'iterations': 1}
setting fod for CDD= {'filter_outliers': True, 'std_devs': 10, 'iterations': 1}
setting fod for Ar37= {'filter_outliers': True, 'std_devs': 2, 'iterations': 1}
setting fod for L2= {'filter_outliers': True, 'std_devs': 2, 'iterations': 1}
setting fod for Ar38= {'filter_outliers': True, 'std_devs': 2, 'iterations': 1}
setting fod for L1= {'filter_outliers': True, 'std_devs': 2, 'iterations': 1}
setting fod for Ar39= {'filter_outliers': True, 'std_devs': 2, 'iterations': 1}
setting fod for AX= {'filter_outliers': True, 'std_devs': 2, 'iterations': 1}
persistence save...
persistence save - db
post measurement save
6986430032 connecting to database sqlite:////Users/jan/PychronDev/.appdata/local_lab.db
connected to db sqlite:////Users/jan/PychronDev/.appdata/local_lab.db
create new session 6986430032
close session 6986430032
No database instance. Not saving post measurement to isotopedb database
$$$$$$$$$$$$$$$ auto_save_detector_ic=False
massspec enabled True
create new session 4979675504
MassSpec Database Version: 16.0
close session 4979675504
saving post measurement to secondary database
saving to massspec database 129.138.12.160/massspecdata
setting labnumber to 25324
setting aliquot to 3
setting step to 
setting uuid to 3590e15d-7d0b-46f6-bab5-0a4621906e0e
setting irradpos to 25324
setting extract_device to Fusions CO2
setting tray to 
setting position to 171
setting power_requested to 5.0
setting extract_value to 5.0
setting duration to 30.0
setting duration_at_request to 30.0
setting first_stage_delay to 30.0
setting cleanup to 30.0
setting comment to K:13
setting irradiation to NM-288
setting level to K
setting irradiation_level to K
setting sample to FC-2
setting material to Sanidine
setting project to Irradiation-NM-288
setting mass_spectrometer to Jan
no attribute chron_dosages
no attribute production_ratios
no attribute interference_corrections
no attribute production_name
no attribute j
Reference Isotope=Ar40
Reference Detector=H1
%%%%%%%%%%%%%%%%%%%% Comment: K:13 %%%%%%%%%%%%%%%%%%%
adding isotope PM41 H2
add baseline dbdet= PM41. original det= H2
get baseline data PM41 H2
Get data baseline <pychron.processing.isotope.Baseline object at 0x1612d0250> len t=60
baseline PM41. v=-0.195589377099, e=0.00782086217433
get signal data PM41 H2
Get data signal PM41 0.11+/-0.07 len t=120
adding isotope Ar40 H1
add baseline dbdet= Ar40. original det= H1
get baseline data Ar40 H1
Get data baseline <pychron.processing.isotope.Baseline object at 0x164ba7790> len t=60
baseline Ar40. v=-0.00201682673416, e=0.00694013027736
get signal data Ar40 H1
Get data signal Ar40 1651.81+/-0.07 len t=120
adding isotope Ar39 AX
add baseline dbdet= Ar39. original det= AX
get baseline data Ar39 AX
Get data baseline <pychron.processing.isotope.Baseline object at 0x164ba7850> len t=60
baseline Ar39. v=-0.0830550111098, e=0.00660509609635
get signal data Ar39 AX
Get data signal Ar39 200.661+/-0.028 len t=120
adding isotope Ar38 L1
add baseline dbdet= Ar38. original det= L1
get baseline data Ar38 L1
Get data baseline <pychron.processing.isotope.Baseline object at 0x14ff32990> len t=60
baseline Ar38. v=-0.0235855570055, e=0.00289274966613
get signal data Ar38 L1
Get data signal Ar38 2.602+/-0.005 len t=120
adding isotope Ar37 L2
add baseline dbdet= Ar37. original det= L2
get baseline data Ar37 L2
Get data baseline <pychron.processing.isotope.Baseline object at 0x14ff32d50> len t=60
baseline Ar37. v=-0.032183511955, e=0.0070909135023
get signal data Ar37 L2
Get data signal Ar37 0.440+/-0.011 len t=120
adding isotope Ar36 CDD
add baseline dbdet= Ar36. original det= CDD
get baseline data Ar36 CDD
Get data baseline <pychron.processing.isotope.Baseline object at 0x14ff325d0> len t=60
baseline Ar36. v=0.000329985001597, e=2.78819949898e-05
get signal data Ar36 CDD
Get data signal Ar36 0.0434+/-0.0005 len t=120
25324-03 added analysis time 0.538795948029s
analysis added to mass spec database
mass spec save time= 0.549
persistence save - dvc
================= post measurement started
create new session 4982376208
close session 4982376208
---------------- Experiment Queue saving disabled
DVC saving peakcenter
Failed to find a valid peak. No peak greater than 1.0. max = 0.0555231171766
Smart pull ahead: 0 behind: 0
Up-to-date with origin
add to repo msg=modified - ad8224ebc6dbfeb9f5997218dfa5fe690569839d.json
add to repo msg=modified - 24-03.json
add to repo msg=modified - 24-03.dat.json
add to repo msg=modified - 24-03.blan.json
add to repo msg=modified - 24-03.inte.json
add to repo msg=modified - 24-03.icfa.json
add to repo msg=modified - 24-03.base.json
not at valid file /Users/jan/PychronDev/data/.dvc/repositories/Load1788/253/tags/24-03.tags.json
add to repo msg=modified - 24-03.peak.json
add to repo msg=modified - 24-03.extr.json
not at valid file /Users/jan/PychronDev/data/.dvc/repositories/Load1788/253/monitor/24-03.moni.json
commit message=<COLLECTION>
add to repo msg=modified - 24-03.inte.json
add to repo msg=modified - 24-03.base.json
commit message=<ISOEVO> default collection fits
add to repo msg=modified - 24-03.blan.json
commit message=<BLANKS> preceding bu-FC-J-7707
add to repo msg=modified - 24-03.icfa.json
commit message=<ICFactor> default
push repository <pychron.git_archive.repo_manager.GitRepoManager object at 0x1a217b2f0>
pushing to remote=origin, url=https://github.com
no changes to meta repo
create new session 4982376208
add association Load1788
get identifier "25324"
setting analysis irradiation position=<pychron.dvc.dvc_orm.IrradiationPositionTbl object at 0x1a420d1d0>
close session 4982376208
================= post measurement finished
20:05:29 -- ******* Post Run Check *******
loading queue conditionals post_run_actions
loading system conditionals post_run_actions
loading conditionals from /Users/jan/PychronDev/setupfiles/spectrometer/default_conditionals.yaml
loading queue conditionals post_run_terminations
loading system conditionals post_run_terminations
loading conditionals from /Users/jan/PychronDev/setupfiles/spectrometer/default_conditionals.yaml
Checking default post run terminations n=1
GetDeflection CDD ===>> 50
testing CDD==2000
evaluate ot="CDD.deflection==2000" t="CDD==2000", ctx="{'CDD': 50.0}"
20:05:29 -- ******* Post Run Check Passed *******
20:05:29 -- Automated run 25324-03 success duration: 366.149 s
----------------- finish -----------------
----------------- stop -----------------
retroactive repository identifiers disabled
finish run. runs completed=65
update duration runid=25324-03, duration=366.14880085, md5=301e91d8
loading script "jan_unknown400_120.py"
loading script "jan_pump_ms.py"
loading script "jan_cocktail_x1.py"
loading script "jan_pump_extraction_line.py"
testing...
no interpolation path defined
executed snippet estimated_duration=556.052928, duration=0.000209093093872
script duration name:unknown400_120 seconds:556.0
loading script "jan_unknown400_120.py"
loading script "jan_pump_ms.py"
loading script "jan_cocktail_x1.py"
loading script "jan_pump_extraction_line.py"
testing...
no interpolation path defined
executed snippet estimated_duration=0, duration=2.38418579102e-05
loading script "jan_unknown400_120.py"
loading script "jan_pump_ms.py"
loading script "jan_cocktail_x1.py"
loading script "jan_pump_extraction_line.py"
testing...
no interpolation path defined
calculate duration
testing...
no interpolation path defined
executed snippet estimated_duration=0, duration=6.79492950439e-05
calculate duration
testing...
no interpolation path defined
executed snippet estimated_duration=0, duration=0.000102043151855
calculate duration
testing...
no interpolation path defined
executed snippet estimated_duration=32.0, duration=9.08374786377e-05
calculate duration
testing...
no interpolation path defined
executed snippet estimated_duration=34.0, duration=0.000101089477539
calculate duration
testing...
no interpolation path defined
executed snippet estimated_duration=4.0, duration=6.41345977783e-05
calculate duration
testing...
no interpolation path defined
executed snippet estimated_duration=38.0, duration=9.51290130615e-05
executed snippet estimated_duration=108.0, duration=0.00662207603455
script duration name:cocktail_x1 seconds:108.0
loading script "jan_unknown400_120.py"
loading script "jan_pump_ms.py"
loading script "jan_cocktail_x1.py"
loading script "jan_pump_extraction_line.py"
testing...
no interpolation path defined
calculate duration
testing...
no interpolation path defined
executed snippet estimated_duration=4.0, duration=0.000174999237061
executed snippet estimated_duration=4.0, duration=0.00132703781128
Script duration 664.0
Run total estimated duration= 665.000
loading script "jan_unknown120_60.py"
loading script "jan_pump_ms.py"
loading script "jan_co2.py"
loading script "jan_pump_extraction_line.py"
testing...
no interpolation path defined
executed snippet estimated_duration=213.652928, duration=0.000190019607544
script duration name:unknown120_60 seconds:214.0
pump_ms in script context. using previous estimated duration
loading script "jan_unknown120_60.py"
loading script "jan_pump_ms.py"
loading script "jan_co2.py"
loading script "jan_pump_extraction_line.py"
testing...
no interpolation path defined
calculate duration
testing...
no interpolation path defined
executed snippet estimated_duration=0, duration=4.00543212891e-05
calculate duration
testing...
no interpolation path defined
executed snippet estimated_duration=0, duration=7.70092010498e-05
executed snippet estimated_duration=0.0, duration=0.00224494934082
script duration name:co2 seconds:0.0
pump_extraction_line in script context. using previous estimated duration
Script duration 214.0
Run total estimated duration= 215.000
unknown120_60 in script context. using previous estimated duration
script duration name:unknown120_60 seconds:214.0
co2 in script context. using previous estimated duration
script duration name:co2 seconds:0.0
Script duration 214.0
Run total estimated duration= 215.000
script duration name:unknown120_60 seconds:214.0
script duration name:co2 seconds:0.0
Script duration 214.0
Run total estimated duration= 215.000
script duration name:unknown120_60 seconds:214.0
script duration name:co2 seconds:0.0
Script duration 214.0
Run total estimated duration= 215.000
script duration name:unknown120_60 seconds:214.0
script duration name:co2 seconds:0.0
Script duration 214.0
Run total estimated duration= 215.000
script duration name:unknown120_60 seconds:214.0
script duration name:co2 seconds:0.0
Script duration 214.0
Run total estimated duration= 215.000
script duration name:unknown120_60 seconds:214.0
script duration name:co2 seconds:0.0
Script duration 214.0
Run total estimated duration= 215.000
script duration name:unknown120_60 seconds:214.0
script duration name:co2 seconds:0.0
Script duration 214.0
Run total estimated duration= 215.000
script duration name:unknown120_60 seconds:214.0
script duration name:co2 seconds:0.0
Script duration 214.0
Run total estimated duration= 215.000
unknown400_120 in script context. using previous estimated duration
script duration name:unknown400_120 seconds:556.0
script duration name:co2 seconds:0.0
Script duration 556.0
Run total estimated duration= 557.000
script duration name:unknown400_120 seconds:556.0
loading script "jan_unknown400_120.py"
loading script "jan_pump_ms.py"
loading script "jan_sniffair_x2.py"
loading script "jan_pump_extraction_line.py"
testing...
no interpolation path defined
calculate duration
testing...
no interpolation path defined
executed snippet estimated_duration=0, duration=5.00679016113e-05
calculate duration
testing...
no interpolation path defined
executed snippet estimated_duration=0, duration=9.70363616943e-05
calculate duration
testing...
no interpolation path defined
executed snippet estimated_duration=32.0, duration=9.20295715332e-05
calculate duration
testing...
no interpolation path defined
executed snippet estimated_duration=34.0, duration=7.58171081543e-05
calculate duration
testing...
no interpolation path defined
executed snippet estimated_duration=4.0, duration=7.48634338379e-05
calculate duration
testing...
no interpolation path defined
executed snippet estimated_duration=36.0, duration=7.79628753662e-05
calculate duration
testing...
no interpolation path defined
executed snippet estimated_duration=34.0, duration=0.000545978546143
calculate duration
testing...
no interpolation path defined
executed snippet estimated_duration=4.0, duration=4.72068786621e-05
calculate duration
testing...
no interpolation path defined
executed snippet estimated_duration=36.0, duration=6.60419464111e-05
calculate duration
testing...
no interpolation path defined
executed snippet estimated_duration=70.0, duration=7.20024108887e-05
executed snippet estimated_duration=250.0, duration=0.0128331184387
script duration name:sniffair_x2 seconds:250.0
Script duration 806.0
Run total estimated duration= 807.000
script duration name:unknown400_120 seconds:556.0
sniffair_x2 in script context. using previous estimated duration
script duration name:sniffair_x2 seconds:250.0
Script duration 806.0
Run total estimated duration= 807.000
script duration name:unknown120_60 seconds:214.0
cocktail_x1 in script context. using previous estimated duration
script duration name:cocktail_x1 seconds:108.0
Script duration 322.0
Run total estimated duration= 323.000
loading script "jan_ic_peak_hop3.py"
loading script "jan_pump_ms.py"
loading script "jan_sniffair_x1.py"
loading script "jan_pump_extraction_line.py"
testing...
no interpolation path defined
executed snippet estimated_duration=133.8, duration=0.00746917724609
script duration name:ic_peak_hop3 seconds:134.0
loading script "jan_ic_peak_hop3.py"
loading script "jan_pump_ms.py"
loading script "jan_sniffair_x1.py"
loading script "jan_pump_extraction_line.py"
testing...
no interpolation path defined
calculate duration
testing...
no interpolation path defined
executed snippet estimated_duration=0, duration=4.6968460083e-05
calculate duration
testing...
no interpolation path defined
executed snippet estimated_duration=0, duration=9.98973846436e-05
calculate duration
testing...
no interpolation path defined
executed snippet estimated_duration=32.0, duration=7.60555267334e-05
calculate duration
testing...
no interpolation path defined
executed snippet estimated_duration=34.0, duration=9.08374786377e-05
calculate duration
testing...
no interpolation path defined
executed snippet estimated_duration=4.0, duration=0.000158071517944
calculate duration
testing...
no interpolation path defined
executed snippet estimated_duration=70.0, duration=9.48905944824e-05
executed snippet estimated_duration=140.0, duration=0.00616216659546
script duration name:sniffair_x1 seconds:140.0
Script duration 274.0
Run total estimated duration= 275.000
script duration name:unknown120_60 seconds:214.0
script duration name:co2 seconds:0.0
Script duration 214.0
Run total estimated duration= 215.000
script duration name:unknown120_60 seconds:214.0
script duration name:co2 seconds:0.0
Script duration 214.0
Run total estimated duration= 215.000
script duration name:unknown120_60 seconds:214.0
script duration name:co2 seconds:0.0
Script duration 214.0
Run total estimated duration= 215.000
script duration name:unknown120_60 seconds:214.0
script duration name:co2 seconds:0.0
Script duration 214.0
Run total estimated duration= 215.000
script duration name:unknown120_60 seconds:214.0
script duration name:co2 seconds:0.0
Script duration 214.0
Run total estimated duration= 215.000
script duration name:unknown400_120 seconds:556.0
script duration name:cocktail_x1 seconds:108.0
Script duration 664.0
Run total estimated duration= 665.000
script duration name:unknown120_60 seconds:214.0
script duration name:co2 seconds:0.0
Script duration 214.0
Run total estimated duration= 215.000
script duration name:unknown120_60 seconds:214.0
script duration name:co2 seconds:0.0
Script duration 214.0
Run total estimated duration= 215.000
script duration name:unknown120_60 seconds:214.0
script duration name:co2 seconds:0.0
Script duration 214.0
Run total estimated duration= 215.000
script duration name:unknown120_60 seconds:214.0
script duration name:co2 seconds:0.0
Script duration 214.0
Run total estimated duration= 215.000
script duration name:unknown120_60 seconds:214.0
script duration name:co2 seconds:0.0
Script duration 214.0
Run total estimated duration= 215.000
script duration name:unknown400_120 seconds:556.0
script duration name:co2 seconds:0.0
Script duration 556.0
Run total estimated duration= 557.000
script duration name:unknown120_60 seconds:214.0
script duration name:co2 seconds:0.0
Script duration 214.0
Run total estimated duration= 215.000
script duration name:unknown120_60 seconds:214.0
script duration name:co2 seconds:0.0
Script duration 214.0
Run total estimated duration= 215.000
script duration name:unknown120_60 seconds:214.0
script duration name:co2 seconds:0.0
Script duration 214.0
Run total estimated duration= 215.000
script duration name:unknown120_60 seconds:214.0
script duration name:co2 seconds:0.0
Script duration 214.0
Run total estimated duration= 215.000
script duration name:unknown120_60 seconds:214.0
script duration name:co2 seconds:0.0
Script duration 214.0
Run total estimated duration= 215.000
script duration name:unknown120_60 seconds:214.0
script duration name:cocktail_x1 seconds:108.0
Script duration 322.0
Run total estimated duration= 323.000
script duration name:unknown120_60 seconds:214.0
script duration name:co2 seconds:0.0
Script duration 214.0
Run total estimated duration= 215.000
script duration name:unknown120_60 seconds:214.0
script duration name:co2 seconds:0.0
Script duration 214.0
Run total estimated duration= 215.000
script duration name:unknown120_60 seconds:214.0
script duration name:co2 seconds:0.0
Script duration 214.0
Run total estimated duration= 215.000
script duration name:unknown120_60 seconds:214.0
script duration name:co2 seconds:0.0
Script duration 214.0
Run total estimated duration= 215.000
script duration name:unknown120_60 seconds:214.0
script duration name:co2 seconds:0.0
Script duration 214.0
Run total estimated duration= 215.000
script duration name:unknown400_120 seconds:556.0
script duration name:co2 seconds:0.0
Script duration 556.0
Run total estimated duration= 557.000
script duration name:unknown400_120 seconds:556.0
script duration name:sniffair_x2 seconds:250.0
Script duration 806.0
Run total estimated duration= 807.000
script duration name:unknown400_120 seconds:556.0
script duration name:cocktail_x1 seconds:108.0
Script duration 664.0
Run total estimated duration= 665.000
script duration name:unknown400_120 seconds:556.0
script duration name:sniffair_x2 seconds:250.0
Script duration 806.0
Run total estimated duration= 807.000
ic_peak_hop3 in script context. using previous estimated duration
script duration name:ic_peak_hop3 seconds:134.0
sniffair_x1 in script context. using previous estimated duration
script duration name:sniffair_x1 seconds:140.0
Script duration 274.0
Run total estimated duration= 275.000
script duration name:unknown120_60 seconds:214.0
script duration name:co2 seconds:0.0
Script duration 214.0
Run total estimated duration= 215.000
script duration name:unknown120_60 seconds:214.0
script duration name:co2 seconds:0.0
Script duration 214.0
Run total estimated duration= 215.000
script duration name:unknown120_60 seconds:214.0
script duration name:co2 seconds:0.0
Script duration 214.0
Run total estimated duration= 215.000
script duration name:unknown120_60 seconds:214.0
script duration name:co2 seconds:0.0
Script duration 214.0
Run total estimated duration= 215.000
script duration name:unknown120_60 seconds:214.0
script duration name:co2 seconds:0.0
Script duration 214.0
Run total estimated duration= 215.000
script duration name:unknown120_60 seconds:214.0
script duration name:co2 seconds:0.0
Script duration 214.0
Run total estimated duration= 215.000
script duration name:unknown120_60 seconds:214.0
script duration name:co2 seconds:0.0
Script duration 214.0
Run total estimated duration= 215.000
script duration name:unknown120_60 seconds:214.0
script duration name:co2 seconds:0.0
Script duration 214.0
Run total estimated duration= 215.000
script duration name:unknown120_60 seconds:214.0
script duration name:co2 seconds:0.0
Script duration 214.0
Run total estimated duration= 215.000
script duration name:unknown120_60 seconds:214.0
script duration name:co2 seconds:0.0
Script duration 214.0
Run total estimated duration= 215.000
script duration name:unknown400_120 seconds:556.0
script duration name:co2 seconds:0.0
Script duration 556.0
Run total estimated duration= 557.000
script duration name:unknown120_60 seconds:214.0
script duration name:cocktail_x1 seconds:108.0
Script duration 322.0
Run total estimated duration= 323.000
script duration name:unknown120_60 seconds:214.0
script duration name:co2 seconds:0.0
Script duration 214.0
Run total estimated duration= 215.000
script duration name:unknown120_60 seconds:214.0
script duration name:co2 seconds:0.0
Script duration 214.0
Run total estimated duration= 215.000
script duration name:unknown120_60 seconds:214.0
script duration name:co2 seconds:0.0
Script duration 214.0
Run total estimated duration= 215.000
script duration name:unknown120_60 seconds:214.0
script duration name:co2 seconds:0.0
Script duration 214.0
Run total estimated duration= 215.000
script duration name:unknown400_120 seconds:556.0
script duration name:cocktail_x1 seconds:108.0
Script duration 664.0
Run total estimated duration= 665.000
script duration name:unknown120_60 seconds:214.0
script duration name:co2 seconds:0.0
Script duration 214.0
Run total estimated duration= 215.000
script duration name:unknown120_60 seconds:214.0
script duration name:co2 seconds:0.0
Script duration 214.0
Run total estimated duration= 215.000
script duration name:unknown120_60 seconds:214.0
script duration name:co2 seconds:0.0
Script duration 214.0
Run total estimated duration= 215.000
script duration name:unknown120_60 seconds:214.0
script duration name:co2 seconds:0.0
Script duration 214.0
Run total estimated duration= 215.000
script duration name:unknown120_60 seconds:214.0
script duration name:co2 seconds:0.0
Script duration 214.0
Run total estimated duration= 215.000
script duration name:unknown120_60 seconds:214.0
script duration name:co2 seconds:0.0
Script duration 214.0
Run total estimated duration= 215.000
script duration name:unknown400_120 seconds:556.0
script duration name:co2 seconds:0.0
Script duration 556.0
Run total estimated duration= 557.000
script duration name:unknown400_120 seconds:556.0
script duration name:sniffair_x2 seconds:250.0
Script duration 806.0
Run total estimated duration= 807.000
script duration name:unknown400_120 seconds:556.0
script duration name:sniffair_x2 seconds:250.0
Script duration 806.0
Run total estimated duration= 807.000
script duration name:ic_peak_hop3 seconds:134.0
script duration name:sniffair_x1 seconds:140.0
Script duration 274.0
Run total estimated duration= 275.000
script duration name:unknown120_60 seconds:214.0
script duration name:co2 seconds:0.0
Script duration 214.0
Run total estimated duration= 215.000
script duration name:unknown120_60 seconds:214.0
script duration name:co2 seconds:0.0
Script duration 214.0
Run total estimated duration= 215.000
nruns=72 before=5.0, run_dur=23046.0, btw=3195.0
write rem/ex queues
/Users/jan/PychronDev/experiments/rem/CurrentExperiment.rem.txt
/Users/jan/PychronDev/experiments/rem/CurrentExperiment.ex.txt
doing event level: 3
