do run
loading script "jan_unknown120_60.py"
loading script "jan_pump_ms.py"
loading script "jan_co2.py"
loading script "jan_pump_extraction_line.py"
testing...
no interpolation path defined
executed snippet estimated_duration=213.652928, duration=0.000323057174683
script duration name:unknown120_60 seconds:214.0
loading script "jan_unknown120_60.py"
loading script "jan_pump_ms.py"
loading script "jan_co2.py"
loading script "jan_pump_extraction_line.py"
testing...
no interpolation path defined
executed snippet estimated_duration=0, duration=2.50339508057e-05
loading script "jan_unknown120_60.py"
loading script "jan_pump_ms.py"
loading script "jan_co2.py"
loading script "jan_pump_extraction_line.py"
testing...
no interpolation path defined
calculate duration
testing...
no interpolation path defined
executed snippet estimated_duration=0, duration=5.79357147217e-05
calculate duration
testing...
no interpolation path defined
executed snippet estimated_duration=0, duration=9.48905944824e-05
executed snippet estimated_duration=0.0, duration=0.00267100334167
script duration name:co2 seconds:0.0
loading script "jan_unknown120_60.py"
loading script "jan_pump_ms.py"
loading script "jan_co2.py"
loading script "jan_pump_extraction_line.py"
testing...
no interpolation path defined
calculate duration
testing...
no interpolation path defined
executed snippet estimated_duration=4.0, duration=0.000148057937622
executed snippet estimated_duration=4.0, duration=0.00136995315552
Script duration 214.0
Run total estimated duration= 215.000
run duration: 0:03:35
doing event level: 2
20:40:10 -- Setting default integration. t=1.048576
setting integration time = 1.048576
SetIntegrationTime 1.048576 ===>> OK
----------------- start -----------------
**************** Experiment Type: Ar/Ar, Ar/Ar
create new session 4419362736
close session 4419362736
$$$$$ Clearing conditionals
adding conditionals 
Add queue conditionals
add default conditionals
adding default conditionals from /Users/jan/PychronDev/setupfiles/spectrometer/default_conditionals.yaml
Start automated run 25325-01
loading script "jan_unknown120_60.py"
loading script "jan_pump_ms.py"
loading script "jan_co2.py"
loading script "jan_pump_extraction_line.py"
%%%%%%%%%%%%%%%%%% setting automated run 25325-01
No value "sensitivity_multiplier" in metadata
$$$$$$$$$$$$$$$ auto_save_detector_ic=False
============================= Pre Extraction Check =============================
loading queue conditionals pre_run_terminations
loading system conditionals pre_run_terminations
loading conditionals from /Users/jan/PychronDev/setupfiles/spectrometer/default_conditionals.yaml
20:40:10 -- ******* Pre Extraction Check *******
Get a measurement from the spectrometer
GetData ===>> H2,-0.172025883793831,H1,0.0807813642163648,AX,-0.089446899075612,L1,-0.0507896704985733,L2,0.063...
Pre Extraction Termination data. keys=H2,H1,AX,L1,L2,CDD, signals=-0.17203,0.08078,-0.08945,-0.05079,0.06375,0.00447
20:40:10 -- testing system defined conditionals
Checking default pre extraction terminations n=2
testing CDD
evaluate ot="CDD.inactive" t="CDD", ctx="{'CDD': False}"
GetDeflection CDD ===>> 50
testing CDD==2000
evaluate ot="CDD.deflection==2000" t="CDD==2000", ctx="{'CDD': 50.0}"
20:40:10 -- ******* Pre Extraction Check Passed *******
=================================================================================
20:40:10 -- stopping status monitor
stop 4976433200
Alive clients [4982646160]
20:40:10 -- starting status monitor
start 4976433200
Monitor already running
start extraction
do extraction
Analysis started at 20:40:10.209934
Extraction Started jan_co2.py
20:40:10 -- ******* Extraction Started jan_co2.py *******
state changed from not run to extraction
DO EXTRACTION <pychron.extraction_line.pyscript_runner.RemotePyScriptRunner object at 0x12b9a8890>
testing...
no interpolation path defined
calculate duration
testing...
no interpolation path defined
executed snippet estimated_duration=0, duration=4.98294830322e-05
calculate duration
testing...
no interpolation path defined
executed snippet estimated_duration=0, duration=0.000100135803223
executed snippet estimated_duration=100.0, duration=0.00237584114075
Jan CO2 laser analysis
doing GOSUB
testing...
no interpolation path defined
executed snippet estimated_duration=0, duration=4.79221343994e-05
Waiting for CO2 access
wait ('FelixCO2Flag', 0) {}
waiting for FelixCO2Flag = 0
Read FelixCO2Flag ===>> 0
finished waiting
CO2 free
wait ('CO2PumpTimeFlag', 0) {}
waiting for CO2PumpTimeFlag = 0
Read CO2PumpTimeFlag ===>> 0
finished waiting
acquire ('JanCO2Flag',) {'clear': True}
acquire JanCO2Flag
Set JanCO2Flag 1 ===>> OK
JanCO2Flag acquired
set extraction state False (0.75, 'red', 1.5)
CO2 acquired
executed snippet estimated_duration=0, duration=0.0210030078888
WaitForCO2Access.py completed successfully
gosub finished
doing GOSUB
testing...
no interpolation path defined
executed snippet estimated_duration=0, duration=9.3936920166e-05
Prepare for CO2 analysis
close () {'description': 'Jan Inlet'}
closing name=--- desc=Jan Inlet
checking ownership. requestor=129.138.12.150
check software interlocks R
interlocks []
actuate state mode=None-script, software_lock=False
doing actuation None-script close_channel False
Close R ===>> OK
GetIndicatorState R ===>> False
change switch state (True, True)
update switch state R False args=() kw={} ncanvase=2
20:40:10 -- CLOSE  VALVE-R (Jan Inlet)
---------------------------------------- close None (Jan Inlet) result=[(True, True)]
action=close, ok=True, locked=[False]
open () {'description': 'Jan Ion Pump'}
opening name=--- desc=Jan Ion Pump
checking ownership. requestor=129.138.12.150
check software interlocks O
interlocks []
actuate state mode=None-script, software_lock=False
doing actuation None-script open_channel False
Open O ===>> OK
GetIndicatorState O ===>> OK
change switch state (True, True)
update switch state O True args=() kw={} ncanvase=2
20:40:11 -- OPEN   VALVE-O (Jan Ion Pump)
---------------------------------------- open None (Jan Ion Pump) result=[(True, True)], time=0.10 sec
action=open, ok=True, locked=[False]
close () {'description': 'Microbone to Minibone'}
closing name=--- desc=Microbone to Minibone
checking ownership. requestor=129.138.12.150
check software interlocks L
interlocks []
actuate state mode=None-script, software_lock=False
doing actuation None-script close_channel False
Close L ===>> OK
GetIndicatorState L ===>> False
change switch state (True, True)
update switch state L False args=() kw={} ncanvase=2
20:40:11 -- CLOSE  VALVE-L (Microbone to Minibone)
---------------------------------------- close None (Microbone to Minibone) result=[(True, True)]
action=close, ok=True, locked=[False]
open () {'description': 'Microbone to Turbo'}
opening name=--- desc=Microbone to Turbo
checking ownership. requestor=129.138.12.150
check software interlocks U
interlocks []
actuate state mode=None-script, software_lock=False
doing actuation None-script open_channel False
Open U ===>> OK
GetIndicatorState U ===>> OK
change switch state (True, True)
update switch state U True args=() kw={} ncanvase=2
20:40:12 -- OPEN   VALVE-U (Microbone to Turbo)
---------------------------------------- open None (Microbone to Turbo) result=[(True, True)], time=0.14 sec
action=open, ok=True, locked=[False]
open () {'description': 'Microbone to Inlet Pipette'}
opening name=--- desc=Microbone to Inlet Pipette
checking ownership. requestor=129.138.12.150
check software interlocks S
interlocks []
actuate state mode=None-script, software_lock=False
doing actuation None-script open_channel False
Open S ===>> OK
GetIndicatorState S ===>> OK
change switch state (True, True)
update switch state S True args=() kw={} ncanvase=2
20:40:12 -- OPEN   VALVE-S (Microbone to Inlet Pipette)
---------------------------------------- open None (Microbone to Inlet Pipette) result=[(True, True)], time=0.42 sec
action=open, ok=True, locked=[False]
open () {'description': 'Microbone to Getter D-50'}
opening name=--- desc=Microbone to Getter D-50
checking ownership. requestor=129.138.12.150
check software interlocks K
interlocks []
actuate state mode=None-script, software_lock=False
doing actuation None-script open_channel False
Open K ===>> OK
GetIndicatorState K ===>> OK
change switch state (True, True)
update switch state K True args=() kw={} ncanvase=2
20:40:13 -- OPEN   VALVE-K (Microbone to Getter D-50)
---------------------------------------- open None (Microbone to Getter D-50) result=[(True, True)], time=0.42 sec
action=open, ok=True, locked=[False]
open () {'description': 'Microbone to Getter NP-10'}
opening name=--- desc=Microbone to Getter NP-10
checking ownership. requestor=129.138.12.150
check software interlocks M
interlocks []
actuate state mode=None-script, software_lock=False
doing actuation None-script open_channel False
Open M ===>> OK
GetIndicatorState M ===>> OK
change switch state (True, True)
update switch state M True args=() kw={} ncanvase=2
20:40:13 -- OPEN   VALVE-M (Microbone to Getter NP-10)
---------------------------------------- open None (Microbone to Getter NP-10) result=[(True, True)], time=0.15 sec
action=open, ok=True, locked=[False]
close () {'description': 'CO2 Laser to Felix'}
closing name=--- desc=CO2 Laser to Felix
checking ownership. requestor=129.138.12.150
check software interlocks F
interlocks []
actuate state mode=None-script, software_lock=True
VALVE-F(CO2 Laser to Felix) software locked
change switch state (True, False)
---------------------------------------- close None (CO2 Laser to Felix) result=[(True, False)]
action=close, ok=True, locked=[True]
open () {'description': 'CO2 Laser to Jan'}
opening name=--- desc=CO2 Laser to Jan
checking ownership. requestor=129.138.12.150
check software interlocks A
interlocks []
actuate state mode=None-script, software_lock=False
doing actuation None-script open_channel False
Open A ===>> OK
GetIndicatorState A ===>> OK
change switch state (True, True)
update switch state A True args=() kw={} ncanvase=2
20:40:14 -- OPEN   VALVE-A (CO2 Laser to Jan)
---------------------------------------- open None (CO2 Laser to Jan) result=[(True, True)], time=0.15 sec
action=open, ok=True, locked=[False]
open () {'description': 'Microbone to CO2 Laser'}
opening name=--- desc=Microbone to CO2 Laser
checking ownership. requestor=129.138.12.150
check software interlocks T
interlocks []
actuate state mode=None-script, software_lock=False
doing actuation None-script open_channel False
Open T ===>> OK
GetIndicatorState T ===>> OK
change switch state (True, True)
update switch state T True args=() kw={} ncanvase=2
20:40:14 -- OPEN   VALVE-T (Microbone to CO2 Laser)
---------------------------------------- open None (Microbone to CO2 Laser) result=[(True, True)], time=0.42 sec
action=open, ok=True, locked=[False]
executed snippet estimated_duration=0, duration=4.93093204498
PrepareForCO2Analysis.py completed successfully
gosub finished
set_motor ('beam', '1.25') {}
setting motor "beam" to 1.25
set motor beam to 1.25
SetMotor beam,1.25 ===>> OK
GetMotorMoving beam ===>> False
GetMotorMoving beam ===>> False
Block completed
move_to_position ('175',) {'autocenter': True}
FusionsCO2 move to position 175
sending GoToHole 175,True
GoToHole 175,True ===>> OK
GetDriveMoving ===>> OK
GetDriveMoving ===>> OK
GetDriveMoving ===>> OK
GetDriveMoving ===>> OK
GetDriveMoving ===>> OK
GetDriveMoving ===>> OK
GetDriveMoving ===>> False
GetDriveMoving ===>> OK
GetDriveMoving ===>> OK
GetDriveMoving ===>> OK
GetDriveMoving ===>> OK
GetDriveMoving ===>> OK
GetDriveMoving ===>> False
Block completed
GetAutoCorrecting ===>> False
GetAutoCorrecting ===>> False
Block completed
update position
GetPosition ===>> -1.99390,-7.97560,1.00000
got position (-1.9939, -7.9756, 1.0)
move to position succeeded
sleep (5,) {}
SLEEP 5.0
block started
WaitControl setup for 5.0  
Join finished
block finished. duration 5.03458380699
close () {'description': 'Microbone to Turbo'}
closing name=--- desc=Microbone to Turbo
checking ownership. requestor=129.138.12.150
check software interlocks U
interlocks []
actuate state mode=None-script, software_lock=False
doing actuation None-script close_channel True
Close U ===>> OK
GetIndicatorState U ===>> False
change switch state (True, True)
update switch state U False args=() kw={} ncanvase=2
20:40:26 -- CLOSE  VALVE-U (Microbone to Turbo)
---------------------------------------- close None (Microbone to Turbo) result=[(True, True)]
action=close, ok=True, locked=[False]
enable laser
enable () {}
set extraction state FusionsCO2 Enabled (False, 'red', 1.5)
enabling laser
Enable ===>> OK
begin interval
BEGIN INTERVAL Interval 1 waiting for 30.0
block started
WaitControl setup for 30.0  
set extract to 5.0
extract (5.0,) {}
GetPosition ===>> -1.99390,-7.97560,1.00000
set extraction state FusionsCO2 ON! 5.0(watts) (0.75, 'red', 1.5)
extract sample to 5.0 (watts)
set laser output
SetLaserOutput 5.0,watts ===>> OK
executing pattern triangle.lp
execute_pattern ('triangle.lp',) {}
executing pattern triangle.lp
IsPatterning ===>> OK
IsPatterning ===>> OK
IsPatterning ===>> OK
IsPatterning ===>> OK
IsPatterning ===>> OK
IsPatterning ===>> OK
IsPatterning ===>> OK
IsPatterning ===>> OK
IsPatterning ===>> OK
IsPatterning ===>> OK
IsPatterning ===>> OK
IsPatterning ===>> OK
IsPatterning ===>> OK
IsPatterning ===>> OK
IsPatterning ===>> OK
IsPatterning ===>> OK
IsPatterning ===>> OK
IsPatterning ===>> OK
IsPatterning ===>> OK
IsPatterning ===>> OK
IsPatterning ===>> OK
IsPatterning ===>> OK
IsPatterning ===>> OK
IsPatterning ===>> OK
IsPatterning ===>> OK
IsPatterning ===>> OK
IsPatterning ===>> False
set states for children of V. state=True
handle state [('V', True)]
update switch state V True args=() kw={'refresh': False} ncanvase=2
refresh_canvas_needed fired
IsPatterning ===>> False
Block completed
COMPLETE INTERVAL waiting for Interval 1 to complete
Join finished
block finished. duration 30.0914058685
Interval 1 finished
end_extract () {}
ending extraction. set laser power to 0
set laser power 0
SetLaserPower 0 ===>> OK
disable () {}
%%%%%%%%%%%%%%%%%%%%%%%%%%%%%%%%%%% disable
set extraction state False (0.75, 'red', 1.5)
disabling laser
Disable ===>> OK
sleep (30.0,) {}
SLEEP 30.0
block started
WaitControl setup for 30.0  
Join finished
block finished. duration 30.1204390526
executed snippet estimated_duration=166.5, duration=77.3618330956
jan_co2.py completed successfully
GetAchievedOutput ===>> No Response
Requested Output= 0.000
Achieved Output=  0.000
GetResponseBlob ===>> No Response
GetOutputBlob ===>> No Response
persistence save...
persistence save - db
AutomatedRunPersister post_extraction_save deprecated
persistence save - dvc
no extraction position for 175
create new session 4982376208
close session 4982376208
Extraction Finished
20:41:27 -- ******* Extraction Finished *******
no overlap. not waiting for min ms pumptime
20:41:27 -- Sending spectrometer configuration
======== Sending configuration ========
SetDeflection CDD,50.0 ===>> OK
SetDeflection H2,0.0 ===>> OK
SetDeflection H1,0.0 ===>> OK
SetDeflection L2,825.0 ===>> OK
SetDeflection L1,400.0 ===>> OK
SetDeflection AX,190.0 ===>> OK
SetZFocus 74.64 ===>> OK
SetZSymmetry -50.72 ===>> OK
SetExtractionLens 26.13 ===>> OK
SetIonRepeller -3.81 ===>> OK
SetElectronEnergy 75.08 ===>> OK
SetYSymmetry -2.81 ===>> OK
SetIonCounterVoltage 1590.0 ===>> OK
send trap current 200.0
GetParameter Trap Current Readback ===>> 198.370811206739
SetParameter Trap Current Set,200.0 ===>> OK
updating mftable name mftable
Using mftable located at /Users/jan/PychronDev/setupfiles/spectrometer/mftables/mftable.csv
============ MFtable ===========
Isotope  H2     H1     AX     L1     L2     CDD    
Ar40     5.8011 5.8796 5.9931 6.1410 6.2316 6.3692
Ar39     5.7003 5.7719 5.8856 6.0271 6.1167 6.2557
Ar36     5.3778 5.4409 5.5489 5.6859 5.7717 5.9068
================================
get initial guess parabolic
get initial guess parabolic
get initial guess parabolic
get initial guess parabolic
get initial guess parabolic
get initial guess parabolic
======== Configuration Finished ========
GetYSymmetry ===>> -2.81
GetZSymmetry ===>> -50.72
GetParameter Trap Current Readback ===>> 198.035158395898
GetHighVoltage ===>> 4500
start measurement
do measurement
L#=25325 analysis type=unknown
Measurement Started jan_unknown120_60.py
20:41:27 -- ******* Measurement Started jan_unknown120_60.py *******
state changed from extraction to measurement
setting spec, defl, and gains
GetExtractionLens ===>> 26.13
GetYSymmetry ===>> -2.81
GetZSymmetry ===>> -50.72
GetZFocus ===>> 74.64
GetDeflection H2 ===>> 0
GetDeflection H1 ===>> 0
GetDeflection AX ===>> 190
GetDeflection L1 ===>> 400
GetDeflection L2 ===>> 825
GetDeflection CDD ===>> 50
GetGain H2 ===>> 0.0113
GetGain H1 ===>> 0.1
GetGain AX ===>> 0.097049
GetGain L1 ===>> 0.010355
GetGain L2 ===>> 0.095649
GetGain CDD ===>> 0
pre measurement save
New frame /Users/jan/PychronDev/data/isotopes/28/d8d171-10bd-49f2-a6fd-6ac0716d7c57.h5
flush and close file /Users/jan/PychronDev/data/isotopes/28/d8d171-10bd-49f2-a6fd-6ac0716d7c57.h5
testing...
no interpolation path defined
executed snippet estimated_duration=226.132928, duration=0.0001540184021
unknown measurement script
activate_detectors ('H2', 'H1', 'AX', 'L1', 'L2', 'CDD') {}
activate detectors
*************** Set Analysis View Ar/Ar
create graphs
clearing graphs
clear isotope group
setting isotope det=H2, iso=PM41
setting isotope det=H1, iso=Ar40
setting isotope det=AX, iso=Ar39
setting isotope det=L1, iso=Ar38
setting isotope det=L2, iso=Ar37
setting isotope det=CDD, iso=Ar36
setting previous blanks
 - setting Ar40 blank 0.205+/-0.007
 - setting Ar36 blank 0.00443+/-0.00018
 - setting Ar37 blank 0.053+/-0.005
 - setting Ar38 blank 0.0069+/-0.0021
 - setting PM41 blank 0.04+/-0.07
 - setting Ar39 blank 0.035+/-0.009
load analysis view
position_magnet ('Ar40',) {'detector': 'H1'}
detector Detector(H1)
POSITION Ar40 H1
setting detector H2 to PM41 (40.9624)
setting detector H1 to Ar40 (39.9624)
setting detector AX to Ar39 (38.9624)
setting detector L1 to Ar38 (37.9624)
setting detector L2 to Ar37 (36.9624)
setting detector CDD to Ar36 (35.9624)
Mapping mass to dac mass func: "parabolic"
H1 map mass coeffs = [-0.00063987  0.15840543  0.57123999]
H1 map mass to dac 39.9624 >> 5.87963
GetDeflection H1 ===>> 0
GetHighVoltage ===>> 4500
positioning Ar40 (5.87963) on H1
setting magnet DAC
current  : 5.879626
requested: 5.879630
Delta Dac: 0.000004
Checking detector protection. dv=0.00000
Checking detector "CDD". Protection Threshold: 0.1 (V)
SetMagnetDAC 5.87963 ===>> OK
Magnet settling time: 0.500
equilibrate () {'delay': 3, 'inlet': 'R', 'outlet': 'O', 'eqtime': 12.0}
Equilibration Started
20:41:29 -- ******* Equilibration Started *******
checking ownership. requestor=129.138.12.150
check software interlocks O
interlocks []
actuate state mode=None-script, software_lock=False
doing actuation None-script close_channel True
Close O ===>> OK
GetIndicatorState O ===>> False
change switch state (True, True)
update switch state O False args=() kw={} ncanvase=2
20:41:29 -- CLOSE  VALVE-O (Jan Ion Pump)
waiting 3s before opening inlet value ('R',)
update labels <pychron.experiment.plot_panel.PlotPanel object at 0x19ff929b0>
update labels "<pychron.graph.stacked_regression_graph.StackedRegressionGraph object at 0x1a4533230>"
setting label 0 H2 PM41
setting label 1 H1 Ar40
setting label 2 AX Ar39
setting label 3 L1 Ar38
setting label 4 L2 Ar37
setting label 5 CDD Ar36
update labels "<pychron.graph.stacked_graph.StackedGraph object at 0x1a24f0b30>"
setting label 0 H2 PM41
setting label 1 H1 Ar40
setting label 2 AX Ar39
setting label 3 L1 Ar38
setting label 4 L2 Ar37
setting label 5 CDD Ar36
checking ownership. requestor=129.138.12.150
check software interlocks R
interlocks []
actuate state mode=None-script, software_lock=False
doing actuation None-script open_channel True
Open R ===>> OK
GetIndicatorState R ===>> OK
change switch state (True, True)
update switch state R True args=() kw={} ncanvase=2
20:41:33 -- OPEN   VALVE-R (Jan Inlet)
set_time_zero () {}
equilibrating for 12.0sec
sniff (12.0,) {}
py_sniff
build tables- sniff [Detector(H2), Detector(H1), Detector(AX), Detector(L1), Detector(L2), Detector(CDD)]
add group /sniff/PM41 (Group) '' table H2
add group /sniff/Ar40 (Group) '' table H1
add group /sniff/Ar39 (Group) '' table AX
add group /sniff/Ar38 (Group) '' table L1
add group /sniff/Ar37 (Group) '' table L2
add group /sniff/Ar36 (Group) '' table CDD
flush and close file /Users/jan/PychronDev/data/isotopes/28/d8d171-10bd-49f2-a6fd-6ac0716d7c57.h5
measuring sniff. ncounts=12.0
"sniff" increment series count="1" fit count="0" regressing="False"
starting measurement
GetData ===>> H2,-0.222066129001595,H1,0.700250893010801,AX,0.0187490713540202,L1,-0.0239039745105115,L2,0.0192...
GetData ===>> H2,0.737612277440271,H1,526.828691003866,AX,69.7275492643591,L1,0.315389026160514,L2,0.3608191541...
GetData ===>> H2,0.249886289438895,H1,1451.65048235593,AX,180.293842187323,L1,1.75321296495564,L2,0.40006254799...
GetData ===>> H2,0.0245388754922547,H1,1531.53135468404,AX,188.311276108416,L1,2.02753030339388,L2,0.5005655409...
GetData ===>> H2,0.0747159690963153,H1,1561.93564775359,AX,191.241658580737,L1,2.17933513923611,L2,0.4110640891...
GetData ===>> H2,0.0141406462033627,H1,1575.2396207904,AX,192.507135493978,L1,2.26883828079776,L2,0.44191626633...
GetData ===>> H2,0.0473330998464027,H1,1580.28829915446,AX,193.009118998528,L1,2.360059294054,L2,0.354904343557...
GetData ===>> H2,0.0971553585505541,H1,1582.31464185892,AX,193.281582298529,L1,2.39775781485085,L2,0.4651098478...
GetData ===>> H2,0.13864588543164,H1,1583.6963917248,AX,193.223505803476,L1,2.42818119346581,L2,0.3491154905340...
GetData ===>> H2,-0.0130834849738694,H1,1584.27506928138,AX,192.885056293478,L1,2.47095495032672,L2,0.429848454...
Equilibration Finished
20:41:45 -- ******* Equilibration Finished *******
checking ownership. requestor=129.138.12.150
check software interlocks R
interlocks []
actuate state mode=None-script, software_lock=False
doing actuation None-script close_channel True
GetData ===>> H2,-0.0923319577492059,H1,1583.71616852839,AX,192.65890539875,L1,2.50679725057577,L2,0.4358478870...
Close R ===>> OK
GetIndicatorState R ===>> False
change switch state (True, True)
update switch state R False args=() kw={} ncanvase=2
20:41:46 -- CLOSE  VALVE-R (Jan Inlet)
Post Equilibration Started jan_pump_extraction_line.py
20:41:46 -- ******* Post Equilibration Started jan_pump_extraction_line.py *******
testing...
no interpolation path defined
calculate duration
testing...
no interpolation path defined
executed snippet estimated_duration=4.0, duration=0.000118970870972
executed snippet estimated_duration=4.0, duration=0.000884056091309
Pump after analysis
doing GOSUB
testing...
no interpolation path defined
executed snippet estimated_duration=4.0, duration=0.000136852264404
Pump Microbone
close () {'description': 'Jan Inlet'}
closing name=--- desc=Jan Inlet
checking ownership. requestor=129.138.12.150
check software interlocks R
interlocks []
actuate state mode=None-script, software_lock=False
doing actuation None-script close_channel False
Close R ===>> OK
GetData ===>> H2,-0.15568457954159,H1,1583.56189982657,AX,192.769647454066,L1,2.5358189641619,L2,0.540583165287...
GetIndicatorState R ===>> False
change switch state (True, True)
update switch state R False args=() kw={} ncanvase=2
20:41:46 -- CLOSE  VALVE-R (Jan Inlet)
---------------------------------------- close None (Jan Inlet) result=[(True, True)]
action=close, ok=True, locked=[False]
is_closed ('F',) {}
is F () closed?
is closed True
open () {'description': 'CO2 Laser to Jan'}
opening name=--- desc=CO2 Laser to Jan
checking ownership. requestor=129.138.12.150
check software interlocks A
interlocks []
actuate state mode=None-script, software_lock=False
doing actuation None-script open_channel False
Open A ===>> OK
GetIndicatorState A ===>> OK
change switch state (True, True)
update switch state A True args=() kw={} ncanvase=2
20:41:47 -- OPEN   VALVE-A (CO2 Laser to Jan)
---------------------------------------- open None (CO2 Laser to Jan) result=[(True, True)], time=0.12 sec
action=open, ok=True, locked=[False]
sleep (1,) {}
SLEEP 1.0
measurement finished
estimated time: 12.583 actual time: :13.757
flush and close file /Users/jan/PychronDev/data/isotopes/28/d8d171-10bd-49f2-a6fd-6ac0716d7c57.h5
set_fits () {}
using default fits file=/Users/jan/PychronDev/scripts/measurement/fits/nominal_linear.yaml
set "Ar40" to "('Linear', 'SEM')"
No fit for "PM41". defaulting to linear. check the measurement script "jan_unknown120_60.py"
set "PM41" to "linear"
set "Ar36" to "('Linear', 'SEM')"
set "Ar37" to "('linear', 'SEM')"
set "Ar38" to "('linear', 'SEM')"
set "Ar39" to "('Linear', 'SEM')"
set_baseline_fits () {}
using default fits file=/Users/jan/PychronDev/scripts/measurement/fits/nominal_linear.yaml
set "H1" to "('average', 'SEM')"
set "H2" to "('average', 'SEM')"
set "CDD" to "('average', 'SEM')"
set "L2" to "('average', 'SEM')"
set "L1" to "('average', 'SEM')"
set "AX" to "('average', 'SEM')"
multicollect () {'integration_time': 1, 'ncounts': 120}
build tables- signal [Detector(H2), Detector(H1), Detector(AX), Detector(L1), Detector(L2), Detector(CDD)]
add group /signal/PM41 (Group) '' table H2
add group /signal/Ar40 (Group) '' table H1
add group /signal/Ar39 (Group) '' table AX
add group /signal/Ar38 (Group) '' table L1
add group /signal/Ar37 (Group) '' table L2
add group /signal/Ar36 (Group) '' table CDD
flush and close file /Users/jan/PychronDev/data/isotopes/28/d8d171-10bd-49f2-a6fd-6ac0716d7c57.h5
measuring signal. ncounts=120
"signal" increment series count="2" fit count="1" regressing="True"
starting measurement
GetData ===>> H2,0.00845709662775633,H1,1583.23882231244,AX,193.190845415437,L1,2.52945038794852,L2,0.513213510...
close () {'description': 'CO2 Laser to Roughing'}
closing name=--- desc=CO2 Laser to Roughing
checking ownership. requestor=129.138.12.150
check software interlocks G
interlocks []
actuate state mode=None-script, software_lock=True
VALVE-G(CO2 Laser to Roughing) software locked
change switch state (True, False)
---------------------------------------- close None (CO2 Laser to Roughing) result=[(True, False)]
action=close, ok=True, locked=[True]
open () {'description': 'Microbone to Turbo'}
opening name=--- desc=Microbone to Turbo
checking ownership. requestor=129.138.12.150
check software interlocks U
interlocks []
actuate state mode=None-script, software_lock=False
doing actuation None-script open_channel True
Open U ===>> OK
GetIndicatorState U ===>> OK
change switch state (True, True)
update switch state U True args=() kw={} ncanvase=2
20:41:48 -- OPEN   VALVE-U (Microbone to Turbo)
---------------------------------------- open None (Microbone to Turbo) result=[(True, True)], time=0.20 sec
action=open, ok=True, locked=[False]
open () {'description': 'Microbone to Getter NP-10'}
opening name=--- desc=Microbone to Getter NP-10
checking ownership. requestor=129.138.12.150
check software interlocks M
interlocks []
actuate state mode=None-script, software_lock=False
doing actuation None-script open_channel False
Open M ===>> OK
GetIndicatorState M ===>> OK
change switch state (True, True)
update switch state M True args=() kw={} ncanvase=2
20:41:48 -- OPEN   VALVE-M (Microbone to Getter NP-10)
---------------------------------------- open None (Microbone to Getter NP-10) result=[(True, True)], time=0.14 sec
action=open, ok=True, locked=[False]
open () {'description': 'Microbone to Getter D-50'}
opening name=--- desc=Microbone to Getter D-50
checking ownership. requestor=129.138.12.150
check software interlocks K
interlocks []
actuate state mode=None-script, software_lock=False
doing actuation None-script open_channel False
GetData ===>> H2,-0.0650597494095082,H1,1582.7998880142,AX,193.12103581314,L1,2.51537081688671,L2,0.41378325244...
Open K ===>> OK
GetIndicatorState K ===>> OK
change switch state (True, True)
update switch state K True args=() kw={} ncanvase=2
20:41:49 -- OPEN   VALVE-K (Microbone to Getter D-50)
---------------------------------------- open None (Microbone to Getter D-50) result=[(True, True)], time=0.42 sec
action=open, ok=True, locked=[False]
open () {'description': 'Microbone to CO2 Laser'}
opening name=--- desc=Microbone to CO2 Laser
checking ownership. requestor=129.138.12.150
check software interlocks T
interlocks []
actuate state mode=None-script, software_lock=False
doing actuation None-script open_channel False
Open T ===>> OK
GetIndicatorState T ===>> OK
change switch state (True, True)
update switch state T True args=() kw={} ncanvase=2
20:41:50 -- OPEN   VALVE-T (Microbone to CO2 Laser)
---------------------------------------- open None (Microbone to CO2 Laser) result=[(True, True)], time=0.41 sec
GetData ===>> H2,-0.0534689925505847,H1,1581.66525847881,AX,193.125725972044,L1,2.45583592743768,L2,0.348944228...
action=open, ok=True, locked=[False]
open () {'description': 'Microbone to Inlet Pipette'}
opening name=--- desc=Microbone to Inlet Pipette
checking ownership. requestor=129.138.12.150
check software interlocks S
interlocks []
actuate state mode=None-script, software_lock=False
doing actuation None-script open_channel False
Open S ===>> OK
GetIndicatorState S ===>> OK
change switch state (True, True)
update switch state S True args=() kw={} ncanvase=2
20:41:50 -- OPEN   VALVE-S (Microbone to Inlet Pipette)
---------------------------------------- open None (Microbone to Inlet Pipette) result=[(True, True)], time=0.51 sec
action=open, ok=True, locked=[False]
sleep (1,) {}
SLEEP 1.0
GetData ===>> H2,-0.0750433089059405,H1,1581.72324408062,AX,192.840875081635,L1,2.4535216589032,L2,0.4054317821...
set_resource () {'name': 'CO2PumpTimeFlag', 'value': 30}
Set CO2PumpTimeFlag 30 ===>> OK
release ('JanCO2Flag',) {}
release JanCO2Flag
Set JanCO2Flag 0 ===>> OK
executed snippet estimated_duration=6.0, duration=6.06294107437
PumpMicrobone.py completed successfully
gosub finished
get_resource_value () {'name': 'JanMiniboneFlag'}
Read JanMiniboneFlag ===>> 0
Get Resource Value JanMiniboneFlag=0.0
get resource value 0.0
get_resource_value () {'name': 'JanMiniboneFlag'}
Read JanMiniboneFlag ===>> 0
Get Resource Value JanMiniboneFlag=0.0
executed snippet estimated_duration=4.0, duration=6.0777900219
jan_pump_extraction_line.py completed successfully
Post Equilibration Finished
20:41:52 -- ******* Post Equilibration Finished *******
GetData ===>> H2,-0.179952408104799,H1,1580.93115965735,AX,192.868518915395,L1,2.47657151842739,L2,0.4414134105...
GetData ===>> H2,-0.101092437883844,H1,1579.99326392387,AX,192.646049175366,L1,2.49006498601662,L2,0.5020736123...
GetData ===>> H2,-0.0561402390431593,H1,1579.37061374601,AX,192.463298153142,L1,2.48432246546971,L2,0.399091548...
GetData ===>> H2,-0.032280312857404,H1,1578.77176976649,AX,192.520034791237,L1,2.45747518920212,L2,0.4347736754...
GetData ===>> H2,-0.0522844353722957,H1,1578.41385385665,AX,192.226456288866,L1,2.45582650708039,L2,0.455357262...
GetData ===>> H2,-0.0619133622583212,H1,1578.03210467997,AX,192.266594809439,L1,2.48395447185395,L2,0.368470126...
GetData ===>> H2,-0.078145678638872,H1,1577.54418905292,AX,192.277731785154,L1,2.47553971720077,L2,0.4786554820...
GetData ===>> H2,0.0631179010774667,H1,1576.37051086057,AX,192.314329219525,L1,2.46820759430245,L2,0.4056374183...
GetData ===>> H2,-0.073567048245749,H1,1575.47860312647,AX,192.128307755033,L1,2.45139008715765,L2,0.4232666522...
GetData ===>> H2,-0.0677563935026878,H1,1574.64767070911,AX,192.170105191616,L1,2.46995914189429,L2,0.513373477...
GetData ===>> H2,-0.130969949848759,H1,1574.63920824072,AX,192.073498332647,L1,2.4359075386905,L2,0.40861919313...
GetData ===>> H2,-0.118623354447364,H1,1573.6267218055,AX,192.073267880067,L1,2.47577408676141,L2,0.40530611574...
GetData ===>> H2,-0.148969702997535,H1,1572.45664254512,AX,191.874513455231,L1,2.47236863688205,L2,0.4033525961...
set states for children of D. state=False
handle state [('D', False)]
update switch state D False args=() kw={'refresh': False} ncanvase=2
refresh_canvas_needed fired
GetData ===>> H2,-0.147866237505252,H1,1572.15023728106,AX,191.760412911191,L1,2.45356879232444,L2,0.3433384040...
GetData ===>> H2,-0.177758005470855,H1,1571.02154770066,AX,191.670800882465,L1,2.45060111711231,L2,0.4269002998...
set states for children of B. state=False
handle state [('B', False)]
update switch state B False args=() kw={'refresh': False} ncanvase=2
refresh_canvas_needed fired
GetData ===>> H2,-0.215922365397145,H1,1570.64643920818,AX,191.49011545267,L1,2.47070969572472,L2,0.42823724255...
GetData ===>> H2,-0.107390825192636,H1,1570.60253435981,AX,191.649900457765,L1,2.45295472658777,L2,0.3863666512...
GetData ===>> H2,-0.0529764596874798,H1,1569.56181276136,AX,191.767368100539,L1,2.46758114509449,L2,0.453278970...
GetData ===>> H2,-0.128762850311101,H1,1569.06583608962,AX,191.506843595053,L1,2.48626103238852,L2,0.5439663455...
GetData ===>> H2,-0.065452817225951,H1,1568.24105410063,AX,191.312553750415,L1,2.47861384646677,L2,0.4048948451...
20:42:13 -- collecting point 25
GetData ===>> H2,-0.0982046226036587,H1,1567.13080846718,AX,191.303653461212,L1,2.48235997117267,L2,0.329856084...
GetData ===>> H2,-0.0379989916813711,H1,1567.22283259691,AX,191.421759436945,L1,2.48170094059854,L2,0.521029350...
GetData ===>> H2,-0.0524011326166918,H1,1566.85623795944,AX,191.102321194979,L1,2.47041593622628,L2,0.423723707...
GetData ===>> H2,-0.0853040571504602,H1,1566.39750647852,AX,191.120204094297,L1,2.47928482363025,L2,0.379056881...
GetData ===>> H2,-0.137680112784724,H1,1565.78894170779,AX,191.084761709194,L1,2.46152052651017,L2,0.4675881218...
GetData ===>> H2,-0.0399303660378342,H1,1565.15277045986,AX,190.923818186662,L1,2.42510600261991,L2,0.436659267...
GetData ===>> H2,-0.100713394740996,H1,1564.02145771301,AX,190.807598039284,L1,2.43972003121847,L2,0.5161500891...
GetData ===>> H2,-0.069910139781,H1,1564.15676539202,AX,190.669769919147,L1,2.41147582510222,L2,0.4634310534929...
GetData ===>> H2,-0.0457013174339205,H1,1563.24089354061,AX,191.066588124534,L1,2.41900382109087,L2,0.404072309...
GetData ===>> H2,-0.0980922361467584,H1,1562.65106782431,AX,190.628595926185,L1,2.41745595105802,L2,0.406722727...
GetData ===>> H2,-0.0229670644407853,H1,1561.92325457576,AX,190.666026465258,L1,2.42627036195234,L2,0.506529416...
GetData ===>> H2,0.0227520594140414,H1,1561.18858835719,AX,190.493177032217,L1,2.41883585616915,L2,0.4189133124...
GetData ===>> H2,0.0252860733744958,H1,1560.78172871788,AX,190.407202378644,L1,2.42468250679705,L2,0.4638878653...
GetData ===>> H2,-0.0743777274939636,H1,1560.19286514011,AX,190.40263619222,L1,2.39307231203412,L2,0.3720217554...
GetData ===>> H2,-0.135451945790083,H1,1559.9023754421,AX,190.126665390839,L1,2.39091433067878,L2,0.55532830372...
GetData ===>> H2,-0.140372798514714,H1,1558.81019201507,AX,190.132559661559,L1,2.40179639941847,L2,0.4718710044...
GetData ===>> H2,-0.237301078696505,H1,1557.49798970802,AX,190.515652443309,L1,2.44880257913321,L2,0.4593769433...
GetData ===>> H2,-0.177222161143433,H1,1557.19164476046,AX,190.365399428013,L1,2.40153723135786,L2,0.4103214739...
GetData ===>> H2,-0.201716602486666,H1,1556.99169754102,AX,190.297990864248,L1,2.3687098102521,L2,0.43867060705...
GetData ===>> H2,-0.0774789235044192,H1,1556.12817937996,AX,190.075642773813,L1,2.39835652956466,L2,0.408756288...
GetData ===>> H2,-0.0808028245174493,H1,1555.43342212029,AX,189.934650279031,L1,2.41974155264383,L2,0.404860572...
GetData ===>> H2,-0.0748454007823973,H1,1554.7830028933,AX,189.960050305176,L1,2.44073287794243,L2,0.3697263145...
GetData ===>> H2,-0.037494038708186,H1,1553.87269522272,AX,189.788596488715,L1,2.37298657559616,L2,0.4066199085...
GetData ===>> H2,-0.00286152641670105,H1,1553.97546797195,AX,189.805249356882,L1,2.37310331060553,L2,0.49502472...
GetData ===>> H2,-0.114317618307243,H1,1553.75755328786,AX,189.627091626028,L1,2.37829834961323,L2,0.3904786415...
20:42:39 -- collecting point 50
GetData ===>> H2,-0.131933038565299,H1,1552.68563206769,AX,189.486099391095,L1,2.43957745982493,L2,0.4382363370...
GetData ===>> H2,-0.213211660594483,H1,1551.86841907284,AX,189.516730384974,L1,2.41525275247761,L2,0.3545503799...
GetData ===>> H2,-0.266686755673995,H1,1551.58977044652,AX,189.43135121853,L1,2.41014936664233,L2,0.57574663267...
GetData ===>> H2,-0.116834683067613,H1,1550.68624609595,AX,189.295373919344,L1,2.41555096514845,L2,0.4793864981...
GetData ===>> H2,-0.166584999938944,H1,1549.85198625644,AX,189.337019292055,L1,2.37480348523923,L2,0.3883769355...
GetData ===>> H2,-0.138880545623229,H1,1549.62059273027,AX,189.267508599324,L1,2.39419242298431,L2,0.4374820832...
GetData ===>> H2,-0.0738070044771548,H1,1549.10630669076,AX,189.079249541122,L1,2.38388596478738,L2,0.516230074...
GetData ===>> H2,-0.00593261146398711,H1,1548.4131391908,AX,189.243352777216,L1,2.39011006129289,L2,0.447112876...
GetData ===>> H2,0.00883255631737366,H1,1548.07242227092,AX,189.374942743887,L1,2.41464006524544,L2,0.420375829...
GetData ===>> H2,-0.0716539958067851,H1,1547.27105026894,AX,189.102756058918,L1,2.38681033830781,L2,0.368104692...
GetData ===>> H2,-0.0986067674476074,H1,1546.71156218494,AX,189.026562522965,L1,2.37452838037609,L2,0.359254776...
GetData ===>> H2,-0.121178690234039,H1,1545.64624861907,AX,188.957943094471,L1,2.38958241657815,L2,0.4576068926...
GetData ===>> H2,-0.0749999320776021,H1,1545.03706049327,AX,188.658629695208,L1,2.37582673133165,L2,0.469895144...
State checksums do not match. Local:-2064761812 Remote:968834110
State checksum failed
GetData ===>> H2,-0.142770264779103,H1,1544.81110986671,AX,188.647457438709,L1,2.4547930070119,L2,0.43302525023...
set states for children of C. state=False
handle state [('C', False)]
update switch state C False args=() kw={'refresh': False} ncanvase=2
refresh_canvas_needed fired
GetData ===>> H2,-0.122155220396707,H1,1543.87522373441,AX,188.563286629788,L1,2.4480635922755,L2,0.36115030302...
GetData ===>> H2,-0.0302634275749243,H1,1543.37517663038,AX,188.596059741208,L1,2.41869745495322,L2,0.460998566...
set states for children of B. state=True
handle state [('B', True)]
update switch state B True args=() kw={'refresh': False} ncanvase=2
refresh_canvas_needed fired
GetData ===>> H2,-0.057247082876247,H1,1542.89692835551,AX,188.446243215691,L1,2.35567088278088,L2,0.4916089995...
GetData ===>> H2,-0.089342993289524,H1,1542.03171586461,AX,188.145596850577,L1,2.35875666173104,L2,0.4263175357...
GetData ===>> H2,-0.134961095334773,H1,1541.81317047017,AX,188.099501461844,L1,2.38566814520405,L2,0.4914604925...
GetData ===>> H2,-0.0917128215818371,H1,1541.00310310946,AX,188.290236005492,L1,2.40480748277392,L2,0.350793879...
GetData ===>> H2,-0.0349540030767092,H1,1540.88936451323,AX,188.221222721214,L1,2.38730832243932,L2,0.384127975...
GetData ===>> H2,-0.0940835104522125,H1,1539.83070158577,AX,188.29594258218,L1,2.40951777459877,L2,0.4234494740...
GetData ===>> H2,-0.04264975064274,H1,1539.77511409319,AX,187.94372065887,L1,2.41904682051294,L2,0.449898988519...
GetData ===>> H2,-0.0586779530978295,H1,1538.700934788,AX,188.083942767239,L1,2.42983006677511,L2,0.30492849502...
GetData ===>> H2,-0.0814368705926179,H1,1538.25512442846,AX,187.914974930563,L1,2.38511118352941,L2,0.427837300...
20:43:06 -- collecting point 75
GetData ===>> H2,-0.0736416114585467,H1,1537.39787963854,AX,187.81523650742,L1,2.3768271148227,L2,0.51460751724...
GetData ===>> H2,-0.0955151670430329,H1,1536.84375007301,AX,187.806986194656,L1,2.37573018427732,L2,0.414114584...
GetData ===>> H2,-0.100412858690593,H1,1536.66949275489,AX,187.710870236561,L1,2.35551279792711,L2,0.4375049393...
GetData ===>> H2,-0.135423550061482,H1,1535.44897834528,AX,187.57479400364,L1,2.38916085561031,L2,0.41358902394...
GetData ===>> H2,-0.112689348606393,H1,1534.66578857682,AX,187.67219951662,L1,2.4118360251589,L2,0.424340735003...
GetData ===>> H2,-0.0871186755279948,H1,1534.15159493935,AX,187.717980848976,L1,2.407139543303,L2,0.36530688921...
GetData ===>> H2,-0.0974544558049027,H1,1533.92375324689,AX,187.842907281813,L1,2.38774055292902,L2,0.409361795...
GetData ===>> H2,-0.173552963792296,H1,1533.32913973152,AX,187.62392336838,L1,2.35615586882283,L2,0.39545895484...
GetData ===>> H2,-0.048199278223513,H1,1532.96441798859,AX,187.50541923428,L1,2.3777484581405,L2,0.518344011845...
GetData ===>> H2,-0.0580215382815478,H1,1532.24528983689,AX,187.125274623179,L1,2.37965844046152,L2,0.394305235...
GetData ===>> H2,-0.0551540264968111,H1,1532.01025126299,AX,187.178297156559,L1,2.36564141420123,L2,0.434819386...
set states for children of B. state=False
handle state [('B', False)]
update switch state B False args=() kw={'refresh': False} ncanvase=2
refresh_canvas_needed fired
GetData ===>> H2,-0.190148235257955,H1,1530.84626760433,AX,187.120997052156,L1,2.34556963975587,L2,0.3080326764...
GetData ===>> H2,-0.181014367862321,H1,1530.33897568694,AX,187.313261463833,L1,2.35284379625455,L2,0.4275744822...
GetData ===>> H2,-0.135132827799073,H1,1529.25890577228,AX,187.07538317351,L1,2.3638889951766,L2,0.392192022867...
GetData ===>> H2,-0.134128088388245,H1,1529.01108856372,AX,187.008222077682,L1,2.34785403282124,L2,0.3837739036...
GetData ===>> H2,-0.0538014062701553,H1,1528.50756092015,AX,186.97311253052,L1,2.37887509391457,L2,0.5073749000...
GetData ===>> H2,-0.0489865653526437,H1,1527.644160244,AX,186.926261139916,L1,2.36196392820714,L2,0.52076652649...
GetData ===>> H2,-0.0945995777487196,H1,1527.1802258163,AX,186.819014117861,L1,2.37576773025562,L2,0.4324424489...
GetData ===>> H2,-0.106711622654275,H1,1527.26393114987,AX,186.773655508025,L1,2.35717681938363,L2,0.4693697778...
GetData ===>> H2,-0.113915648239387,H1,1526.28176413173,AX,186.494866621618,L1,2.3577596870417,L2,0.43472796454...
GetData ===>> H2,-0.141582406560215,H1,1526.20129747106,AX,186.540521689436,L1,2.37668228168292,L2,0.4503214798...
GetData ===>> H2,-0.0398109370643696,H1,1525.39717459209,AX,186.574849690804,L1,2.37105056111744,L2,0.454969006...
GetData ===>> H2,-0.0551146847471664,H1,1524.09134892816,AX,186.46445869205,L1,2.38735530321086,L2,0.4507211354...
GetData ===>> H2,-0.139254978973496,H1,1523.7328230735,AX,186.231462733658,L1,2.37510141125875,L2,0.43944772673...
GetData ===>> H2,-0.0796213452217076,H1,1522.94590466173,AX,186.207445630422,L1,2.38269039788784,L2,0.399468523...
20:43:32 -- collecting point 100
GetData ===>> H2,-0.14132833199703,H1,1522.22285924626,AX,186.324858273608,L1,2.35639569008951,L2,0.47119715160...
GetData ===>> H2,-0.098751644426225,H1,1521.96972883813,AX,186.071472179684,L1,2.35222179789049,L2,0.3934827903...
GetData ===>> H2,-0.0950167488821224,H1,1521.73094490436,AX,186.205856703946,L1,2.33302852328822,L2,0.414662998...
GetData ===>> H2,-0.0701244071011037,H1,1521.26534349442,AX,185.992377790806,L1,2.30368688739636,L2,0.419004719...
GetData ===>> H2,-0.0383586891564431,H1,1520.72097070252,AX,185.904563900128,L1,2.32002143786093,L2,0.466834354...
GetData ===>> H2,-0.150172992773019,H1,1519.65492955958,AX,185.887573855428,L1,2.35995073559934,L2,0.4123665359...
GetData ===>> H2,-0.162121848658637,H1,1519.3123034183,AX,185.886802635723,L1,2.35036002994307,L2,0.33715068583...
GetData ===>> H2,-0.0813853895375951,H1,1518.11686390483,AX,185.890862915734,L1,2.33225707504171,L2,0.393734092...
GetData ===>> H2,-0.124018780284583,H1,1517.78850589784,AX,185.756443389436,L1,2.30352109495912,L2,0.4392534462...
GetData ===>> H2,-0.0944045314462661,H1,1517.26835056762,AX,185.665589073156,L1,2.34428093772549,L2,0.421301340...
GetData ===>> H2,-0.062844761795797,H1,1516.6586250386,AX,185.706236332643,L1,2.37249818017892,L2,0.57801052242...
GetData ===>> H2,-0.0891126234282283,H1,1516.38205148959,AX,185.695376565702,L1,2.3555328933361,L2,0.4728875033...
GetData ===>> H2,-0.0533889404498153,H1,1515.11937280179,AX,185.415379585332,L1,2.33586781780401,L2,0.385155932...
GetData ===>> H2,-0.148876513613097,H1,1514.79333567408,AX,185.555977734718,L1,2.33829617008966,L2,0.3702402144...
GetData ===>> H2,-0.0455587542336587,H1,1514.27951044162,AX,185.335056502057,L1,2.35241482818421,L2,0.380598740...
GetData ===>> H2,-0.14441873557437,H1,1513.45285202925,AX,185.224216048797,L1,2.32392720159525,L2,0.46161524775...
GetData ===>> H2,-0.176531059988776,H1,1512.64524268725,AX,185.256476515663,L1,2.3164273017201,L2,0.42531199039...
GetData ===>> H2,-0.229143688005745,H1,1512.66086182186,AX,185.230599790584,L1,2.3309567153354,L2,0.42322094688...
GetData ===>> H2,-0.139448273663713,H1,1512.15524123595,AX,185.285209922791,L1,2.35437615018644,L2,0.4344194167...
GetData ===>> H2,-0.130762983316742,H1,1511.40283719055,AX,185.132522673314,L1,2.36637625105191,L2,0.5244575508...
GetData ===>> H2,-0.192860539974737,H1,1510.46407797359,AX,185.077522480563,L1,2.3826219686059,L2,0.37566488149...
measurement finished
estimated time: 125.829 actual time: :126.406
flush and close file /Users/jan/PychronDev/data/isotopes/28/d8d171-10bd-49f2-a6fd-6ac0716d7c57.h5
baselines () {'settling_time': 15.0, 'detector': 'H1', 'mass': 34.2, 'ncounts': 60}
%%%%%%%%%%%%%%%%%%%%%%%%%%%%%%%% Baseline
build tables- baseline [Detector(H2), Detector(H1), Detector(AX), Detector(L1), Detector(L2), Detector(CDD)]
add group baseline table H2
add group baseline table H1
add group baseline table AX
add group baseline table L1
add group baseline table L2
add group baseline table CDD
flush and close file /Users/jan/PychronDev/data/isotopes/28/d8d171-10bd-49f2-a6fd-6ac0716d7c57.h5
detector Detector(H1)
POSITION 34.2 H1
Mapping mass to dac mass func: "parabolic"
H1 map mass coeffs = [-0.00063987  0.15840543  0.57123999]
H1 map mass to dac 34.2 >> 5.24028599104
GetDeflection H1 ===>> 0
GetHighVoltage ===>> 4500
positioning 34.2 (5.24028599104) on H1
setting magnet DAC
current  : 5.879630
requested: 5.240286
Delta Dac: 0.639344
Checking detector protection. dv=0.63934
Checking detector "CDD". Protection Threshold: 0.1 (V)
ProtectDetector CDD,On ===>> OK
GetDeflection CDD ===>> 2000
Protected = 2000
SetMagnetDAC 5.24028599104 ===>> OK
Magnet settling time: 0.500
GetMagnetMoving ===>> True
GetMagnetMoving ===>> True
GetMagnetMoving ===>> True
GetMagnetMoving ===>> True
GetMagnetMoving ===>> True
GetMagnetMoving ===>> True
GetMagnetMoving ===>> True
GetMagnetMoving ===>> True
GetMagnetMoving ===>> False
ProtectDetector CDD,Off ===>> OK
GetDeflection CDD ===>> 50
Delaying 15.0s for detectors to settle
Join finished
measuring baseline. ncounts=60
"baseline" increment series count="2" fit count="1" regressing="True"
starting measurement
GetData ===>> H2,-0.181765910704133,H1,-0.145826607598365,AX,-0.10203295823547,L1,-0.0793695712963659,L2,-0.053...
GetData ===>> H2,-0.219513295998186,H1,-0.0195516243928438,AX,-0.169676090743397,L1,-0.0635974578698662,L2,-0.0...
GetData ===>> H2,-0.113337706742568,H1,-0.0729312236525502,AX,-0.0533253727548158,L1,-0.0401355237662214,L2,0.0...
GetData ===>> H2,-0.164103888430541,H1,-0.102464361944032,AX,-0.077230142787425,L1,-0.0578784210001224,L2,-0.00...
GetData ===>> H2,-0.203246627158281,H1,-0.0863044509514353,AX,-0.0794093350599377,L1,-0.081674051963555,L2,-0.0...
set states for children of V. state=False
handle state [('V', False)]
update switch state V False args=() kw={'refresh': False} ncanvase=2
refresh_canvas_needed fired
GetData ===>> H2,-0.130907725013764,H1,0.00784672945288736,AX,-0.174857391738424,L1,-0.0324323925301288,L2,-0.0...
GetData ===>> H2,-0.163158817340881,H1,-0.0828719214049255,AX,-0.222971188884985,L1,-0.0452054334502546,L2,0.01...
GetData ===>> H2,-0.14797699409203,H1,-0.0158663442033856,AX,-0.0814957500121896,L1,0.000950574703416426,L2,-0....
GetData ===>> H2,-0.16678746057827,H1,-0.0626557475067234,AX,-0.0831184862668264,L1,-0.0139362068008106,L2,-0.1...
set states for children of H. state=True
handle state [('H', True)]
update switch state H True args=() kw={'refresh': False} ncanvase=2
refresh_canvas_needed fired
GetData ===>> H2,-0.12679461965443,H1,-0.0770792607673208,AX,-0.0950099989348292,L1,-0.0135838417148819,L2,-0.1...
GetData ===>> H2,-0.128707430904007,H1,0.0043037251824309,AX,-0.0383326250547915,L1,-0.0160196293278273,L2,0.03...
GetData ===>> H2,-0.227525504742796,H1,0.0298233144626848,AX,-0.120642507547718,L1,-0.066913724441502,L2,-0.098...
GetData ===>> H2,-0.265209339737515,H1,-0.0485759166607423,AX,-0.045035005024655,L1,-0.089743925793623,L2,-0.04...
GetData ===>> H2,-0.198136749579672,H1,-0.0910954932199058,AX,-0.0106949271043261,L1,-0.0427941326582419,L2,0.0...
GetData ===>> H2,-0.163018400053426,H1,-0.0675194454614612,AX,-0.092668899841526,L1,-0.0365249171137243,L2,-0.0...
GetData ===>> H2,-0.187475736779478,H1,-0.0388225947655972,AX,-0.118916117600415,L1,-0.00990964084520065,L2,0.0...
GetData ===>> H2,-0.145473901343217,H1,-0.0315487164138205,AX,-0.0354335287735151,L1,-0.0210823383358905,L2,0.1...
GetData ===>> H2,-0.244764726401615,H1,-0.00483354546469956,AX,-0.184489009702908,L1,-0.00416968964071596,L2,-0...
GetData ===>> H2,-0.254455384162342,H1,0.0141934344403129,AX,-0.129424607553108,L1,0.0213879278305699,L2,-0.041...
GetData ===>> H2,-0.223679706990894,H1,0.0486301295161475,AX,-0.10840649237314,L1,-0.0289423537963316,L2,-0.001...
GetData ===>> H2,-0.24475934412788,H1,0.0802923644448451,AX,-0.116807331264842,L1,-0.00665988236343151,L2,0.034...
GetData ===>> H2,-0.193853900476499,H1,0.0476992522715271,AX,-0.177592821864772,L1,-0.0227281891871384,L2,0.009...
GetData ===>> H2,-0.198286438437933,H1,-0.00772008162124287,AX,-0.0418578097797759,L1,-0.00573632782788209,L2,0...
GetData ===>> H2,-0.12527089903789,H1,0.0286181758243355,AX,-0.0531050784110401,L1,-0.0197359687713507,L2,-0.13...
20:44:38 -- collecting point 25
GetData ===>> H2,-0.188918586785889,H1,0.0157801735608977,AX,-0.180965640376891,L1,-0.0308695702562603,L2,-0.09...
GetData ===>> H2,-0.229442528447016,H1,-0.0582448366256426,AX,-0.0770678605592377,L1,-0.0166205245685251,L2,0.0...
GetData ===>> H2,-0.230145176179844,H1,0.093973332291575,AX,0.00946710193299333,L1,0.00194445006609514,L2,0.018...
GetData ===>> H2,-0.191864396226967,H1,-0.0272676130110614,AX,-0.125300131619867,L1,-0.0106373949791633,L2,-0.0...
GetData ===>> H2,-0.0991470002410333,H1,-0.00817333180325159,AX,-0.0444320416390286,L1,-0.0352967277516541,L2,-...
GetData ===>> H2,-0.132142688898533,H1,-0.0673406372224015,AX,-0.133375135414659,L1,-0.0235887672607333,L2,0.01...
GetData ===>> H2,-0.151308640725482,H1,0.058166152531647,AX,-0.070402463766893,L1,-0.0260202814324812,L2,-0.013...
GetData ===>> H2,-0.1782425380828,H1,0.0525566172384863,AX,-0.0555398829279115,L1,0.0071430187837195,L2,-0.0067...
GetData ===>> H2,-0.263177744908504,H1,-0.0082329698323445,AX,-0.0852975466650889,L1,-0.0275982340779641,L2,0.0...
set states for children of H. state=False
handle state [('H', False)]
update switch state H False args=() kw={'refresh': False} ncanvase=2
refresh_canvas_needed fired
GetData ===>> H2,-0.355520340272601,H1,0.0875918287521983,AX,-0.0462873016578678,L1,-0.060522983127252,L2,-0.05...
State checksums do not match. Local:2052577745 Remote:-1990985319
State checksum failed
GetData ===>> H2,-0.201817711824476,H1,0.0147660892675596,AX,0.00440880118764386,L1,-0.0413224041024802,L2,-0.1...
set states for children of C. state=True
set states for children of B. state=True
set states for children of D. state=True
handle state [('C', True), ('B', True), ('D', True)]
update switch state C True args=() kw={'refresh': True} ncanvase=2
update switch state B True args=() kw={'refresh': True} ncanvase=2
update switch state D True args=() kw={'refresh': False} ncanvase=2
refresh_canvas_needed fired
GetData ===>> H2,-0.154953638696173,H1,0.073875954534386,AX,-0.0923559763877626,L1,-0.0375277272826934,L2,0.005...
GetData ===>> H2,-0.152125534720882,H1,0.0293698942628097,AX,-0.0936424330392304,L1,0.000960176894680842,L2,-0....
GetData ===>> H2,-0.180790379556518,H1,-0.0529872537327723,AX,-0.00646101540889574,L1,-0.00784238823642778,L2,0...
GetData ===>> H2,-0.148599642083239,H1,-0.0752555759756966,AX,-0.0515977879426515,L1,-0.0212381842626843,L2,0.0...
GetData ===>> H2,-0.140822868867794,H1,-0.0260750724900614,AX,0.00124169623018649,L1,-0.0320456016690567,L2,-0....
GetData ===>> H2,-0.0411530838439543,H1,0.0493103914373407,AX,-0.0910579127959981,L1,-0.0068349883434906,L2,-0....
GetData ===>> H2,-0.0982100387903761,H1,-0.020243344708226,AX,-0.02165584288371,L1,-0.0260059025935631,L2,-0.02...
GetData ===>> H2,-0.242407044929549,H1,0.0590255133574804,AX,-0.0105673324569907,L1,0.00248344040396809,L2,-0.0...
GetData ===>> H2,-0.223631222194936,H1,0.0137400850253268,AX,-0.0490121506886531,L1,0.00328657751413592,L2,-0.0...
GetData ===>> H2,-0.226511666203931,H1,0.102037271592281,AX,-0.124338501136789,L1,0.0256272657736289,L2,-0.0212...
GetData ===>> H2,-0.218796513092948,H1,0.00654642039041877,AX,-0.123040864211562,L1,0.0221268973499162,L2,0.002...
GetData ===>> H2,-0.320190581332575,H1,0.0434388091808958,AX,-0.0975017009355122,L1,-0.0190513252914997,L2,-0.0...
GetData ===>> H2,-0.185617290736106,H1,0.00299153320100238,AX,-0.156298480315858,L1,-0.0219070955111626,L2,0.01...
GetData ===>> H2,-0.177844386062301,H1,0.0453840310146837,AX,-0.0678868823031507,L1,-0.0153923091849993,L2,-0.0...
20:45:04 -- collecting point 50
GetData ===>> H2,-0.292623986929656,H1,0.0298352466009401,AX,-0.142269720057593,L1,-0.0437651878217869,L2,-0.09...
GetData ===>> H2,-0.212305254146167,H1,0.00962424347876763,AX,-0.0560732129265679,L1,-0.0385508020550484,L2,-0....
GetData ===>> H2,-0.164176790639817,H1,0.000665416961687271,AX,-0.0937119707519886,L1,0.00884572879722433,L2,0....
GetData ===>> H2,-0.126526935546951,H1,0.029847178740572,AX,-0.128775825176732,L1,-0.0177118792348162,L2,0.0344...
GetData ===>> H2,-0.220414599460437,H1,-0.022759735182176,AX,-0.0933874610004308,L1,-0.0445038932046051,L2,-0.1...
GetData ===>> H2,-0.198453656081793,H1,0.0249670522666225,AX,-0.144217635837401,L1,-0.00847555942869565,L2,0.01...
GetData ===>> H2,-0.20526297792399,H1,-0.00961656213169777,AX,0.0207912234014206,L1,0.00236699684150433,L2,0.00...
GetData ===>> H2,-0.123888963094678,H1,-0.0120616569317054,AX,-0.0765926039053105,L1,0.019494490576043,L2,-0.00...
GetData ===>> H2,-0.243149929198567,H1,-0.0144709114340057,AX,0.0195960951289546,L1,-0.00807503531046602,L2,-0....
GetData ===>> H2,-0.289487628392934,H1,0.0150524179096002,AX,-0.100491659103861,L1,-0.0522851349443691,L2,-0.06...
GetData ===>> H2,-0.218204998231931,H1,-0.0268621508281662,AX,-0.0691852550503531,L1,-0.0516080162266102,L2,-0....
measurement finished
estimated time: 62.915 actual time: :63.189
flush and close file /Users/jan/PychronDev/data/isotopes/28/d8d171-10bd-49f2-a6fd-6ac0716d7c57.h5
activate_detectors ('H1', 'AX', 'CDD') {'peak_center': True}
peak_center () {'detector': 'H1', 'integration_time': 0.262144, 'isotope': 'Ar40'}
peak center: mean=1513.33553833 threshold=3
peak center started
setup peak center. detector=['H1', 'AX', 'CDD'], isotope=Ar40
VersionedUnpickler [<apptools.sweet_pickle.versioned_unpickler.VersionedUnpickler object at 0x1a89fef50>] using Updater [<apptools.sweet_pickle.updater.Updater object at 0x134a15590>]
VersionedUnpickler [<apptools.sweet_pickle.versioned_unpickler.VersionedUnpickler object at 0x1a89fef50>] using Updater [<apptools.sweet_pickle.updater.Updater object at 0x134a15590>]
VersionedUnpickler [<apptools.sweet_pickle.versioned_unpickler.VersionedUnpickler object at 0x1a222d410>] using Updater [<apptools.sweet_pickle.updater.Updater object at 0x134a15590>]
setting integration time = 0.524288
SetIntegrationTime 0.524288 ===>> OK
Mapping mass to dac mass func: "parabolic"
H1 map mass coeffs = [-0.00063987  0.15840543  0.57123999]
H1 map mass to dac 39.9624 >> 5.87963
GetDeflection H1 ===>> 0
GetHighVoltage ===>> 4500
do peak center. <pychron.spectrometer.jobs.peak_center.PeakCenter object at 0x134a156b0>
doing pc
starting peak center. center dac= 5.87963 step_width=0.001
width = 0.001
get scan parameters. half-width=0.015,window=0.015, i=0, scalar=1
Scan parameters center=5.87963 width=0.03000 (5.86463 - 5.89463)
GetData ===>> H2,-0.159302110279228,H1,-0.0104753339396744,AX,-0.17569193789908,L1,-0.00801867285306244,L2,0.01...
Moving to starting dac 5.86463
setting magnet DAC
current  : 5.240286
requested: 5.864630
Delta Dac: 0.624344
Checking detector protection. dv=0.62434
Checking detector "CDD". Protection Threshold: 0.1 (V)
ProtectDetector CDD,On ===>> OK
GetDeflection CDD ===>> 2000
Protected = 2000
SetMagnetDAC 5.86463 ===>> OK
Magnet settling time: 0.500
GetMagnetMoving ===>> True
GetMagnetMoving ===>> True
GetMagnetMoving ===>> True
GetMagnetMoving ===>> True
GetMagnetMoving ===>> True
GetMagnetMoving ===>> True
GetMagnetMoving ===>> True
GetMagnetMoving ===>> True
GetMagnetMoving ===>> False
ProtectDetector CDD,Off ===>> OK
GetDeflection CDD ===>> 50
Wait until signal near baseline. tol= -0.00785650045476. timeout= 10
GetData ===>> H2,88.3977092072401,H1,35.6558526377205,AX,2.34313894996356,L1,0.0574393290321854,L2,-0.119828398...
GetData ===>> H2,88.3977092072401,H1,35.6558526377205,AX,2.34313894996356,L1,0.0574393290321854,L2,-0.119828398...
GetData ===>> H2,94.4702526579419,H1,45.4388320092858,AX,4.37292404545858,L1,0.048108980369312,L2,-0.0981720069...
GetData ===>> H2,50.1694970548591,H1,22.1626291567991,AX,1.93314301889031,L1,0.0263165838864315,L2,-0.063813026...
GetData ===>> H2,20.7469828816648,H1,11.5544424456258,AX,0.971617679921933,L1,0.0593199020307732,L2,-0.01459674...
GetData ===>> H2,7.06989288626605,H1,6.43443801663823,AX,0.381192223877935,L1,0.0497090921556843,L2,0.006968966...
GetData ===>> H2,2.07307765927359,H1,4.04946538131135,AX,0.272474006784988,L1,0.0190486910325642,L2,0.050525122...
GetData ===>> H2,0.693307149069522,H1,2.83782972368598,AX,0.258193275248078,L1,0.0106636333210712,L2,0.03414367...
GetData ===>> H2,0.46978669377326,H1,2.12842003437153,AX,0.0600581601792229,L1,0.0281998394337266,L2,-0.0834742...
GetData ===>> H2,0.497737844534044,H1,1.94570032758097,AX,0.0465886843346407,L1,0.0172103388444321,L2,-0.032674...
GetData ===>> H2,0.536469984417643,H1,1.82886535062015,AX,0.105926003122984,L1,0.0103302945606356,L2,-0.0173063...
GetData ===>> H2,0.5213132515854,H1,1.69154281564901,AX,0.0350294625270028,L1,0.0382490107626263,L2,0.149009589...
GetData ===>> H2,0.462113164466609,H1,1.65357760472642,AX,0.106806951301886,L1,0.0577014339337706,L2,0.05517349...
GetData ===>> H2,0.316573763235407,H1,1.69817617853896,AX,0.08696436621237,L1,0.0255287956042704,L2,-0.14377606...
GetData ===>> H2,0.277712660733837,H1,1.66708004981928,AX,0.174199917562297,L1,-0.00598581584703986,L2,-0.07029...
GetData ===>> H2,0.283225996022696,H1,1.5659767354103,AX,0.223812000076679,L1,-0.0575772904391826,L2,-0.1057668...
GetData ===>> H2,0.230433892299943,H1,1.55517948142199,AX,0.0990873343476442,L1,-0.0834892943255797,L2,-0.03003...
GetData ===>> H2,0.150618619430479,H1,1.5680208890928,AX,0.071436191096889,L1,-0.0576992462301837,L2,-0.0080159...
GetData ===>> H2,0.062724993679095,H1,1.56484645645125,AX,0.13771472936829,L1,-0.0403810554155058,L2,-0.0625840...
GetData ===>> H2,0.0148361466052583,H1,1.53971905646639,AX,0.0745416280349176,L1,-0.00731471515145499,L2,-0.145...
GetData ===>> H2,-0.0131979861198197,H1,1.55763220827947,AX,0.137065402871036,L1,0.0162001078901724,L2,-0.14739...
Peak center failed to move to a baseline position
_do_sweep sm= 5.86463, em= 5.89463, stm= 0.001
calculated step values: start=5.86463, end=5.89463, width=0.001, nsteps=31.0
setting magnet DAC
current  : 5.864630
requested: 5.864630
Delta Dac: 0.000000
Checking detector protection. dv=0.00000
Checking detector "CDD". Protection Threshold: 0.1 (V)
SetMagnetDAC 5.86463 ===>> OK
GetData ===>> H2,-0.0131979861198197,H1,1.55763220827947,AX,0.137065402871036,L1,0.0162001078901724,L2,-0.14739...
setting magnet DAC
current  : 5.864630
requested: 5.865664
Delta Dac: 0.001034
Checking detector protection. dv=0.00103
Checking detector "CDD". Protection Threshold: 0.1 (V)
SetMagnetDAC 5.86566448276 ===>> OK
Magnet settling time: 1.049
GetData ===>> H2,-0.0489531320308848,H1,3.4729547274641,AX,0.265159224376174,L1,0.0278010595449347,L2,-0.008585...
setting magnet DAC
current  : 5.865664
requested: 5.866699
Delta Dac: 0.001034
Checking detector protection. dv=0.00103
Checking detector "CDD". Protection Threshold: 0.1 (V)
SetMagnetDAC 5.86669896552 ===>> OK
Magnet settling time: 1.049
GetData ===>> H2,-0.0803638488337189,H1,11.5482932613891,AX,1.02951408032315,L1,0.00611774722489641,L2,0.018106...
setting magnet DAC
current  : 5.866699
requested: 5.867733
Delta Dac: 0.001034
Checking detector protection. dv=0.00103
Checking detector "CDD". Protection Threshold: 0.1 (V)
SetMagnetDAC 5.86773344828 ===>> OK
Magnet settling time: 1.049
GetData ===>> H2,-0.0109846227691562,H1,42.4677644494106,AX,3.36618833269419,L1,-0.0440525351051208,L2,-0.11296...
setting magnet DAC
current  : 5.867733
requested: 5.868768
Delta Dac: 0.001034
Checking detector protection. dv=0.00103
Checking detector "CDD". Protection Threshold: 0.1 (V)
SetMagnetDAC 5.86876793103 ===>> OK
Magnet settling time: 1.049
GetData ===>> H2,-0.0853216630483582,H1,138.771620063431,AX,11.0799103521839,L1,0.031679022012164,L2,-0.0820179...
setting magnet DAC
current  : 5.868768
requested: 5.869802
Delta Dac: 0.001034
Checking detector protection. dv=0.00103
Checking detector "CDD". Protection Threshold: 0.1 (V)
SetMagnetDAC 5.86980241379 ===>> OK
Magnet settling time: 1.049
GetData ===>> H2,-0.0506047003280709,H1,362.335203143142,AX,31.497737420058,L1,0.165799784842045,L2,0.059001742...
setting magnet DAC
current  : 5.869802
requested: 5.870837
Delta Dac: 0.001034
Checking detector protection. dv=0.00103
Checking detector "CDD". Protection Threshold: 0.1 (V)
SetMagnetDAC 5.87083689655 ===>> OK
Magnet settling time: 1.049
GetData ===>> H2,-0.0633237805007918,H1,709.803760296867,AX,68.2920802259166,L1,0.468613997300695,L2,0.05998161...
setting magnet DAC
current  : 5.870837
requested: 5.871871
Delta Dac: 0.001034
Checking detector protection. dv=0.00103
Checking detector "CDD". Protection Threshold: 0.1 (V)
SetMagnetDAC 5.87187137931 ===>> OK
Magnet settling time: 1.049
GetData ===>> H2,-0.00620881309175114,H1,1057.43192714356,AX,111.366844059977,L1,0.827828036225444,L2,0.1572668...
setting magnet DAC
current  : 5.871871
requested: 5.872906
Delta Dac: 0.001034
Checking detector protection. dv=0.00103
Checking detector "CDD". Protection Threshold: 0.1 (V)
SetMagnetDAC 5.87290586207 ===>> OK
Magnet settling time: 1.049
GetData ===>> H2,-0.170060072279228,H1,1293.50368233622,AX,146.893151149519,L1,1.28579576137795,L2,0.1525222493...
setting magnet DAC
current  : 5.872906
requested: 5.873940
Delta Dac: 0.001034
Checking detector protection. dv=0.00103
Checking detector "CDD". Protection Threshold: 0.1 (V)
SetMagnetDAC 5.87394034483 ===>> OK
Magnet settling time: 1.049
GetData ===>> H2,-0.0231559863568942,H1,1398.91270607006,AX,166.482004848822,L1,1.6302669329191,L2,0.2878340405...
setting magnet DAC
current  : 5.873940
requested: 5.874975
Delta Dac: 0.001034
Checking detector protection. dv=0.00103
Checking detector "CDD". Protection Threshold: 0.1 (V)
SetMagnetDAC 5.87497482759 ===>> OK
Magnet settling time: 1.049
GetData ===>> H2,-0.129331897346944,H1,1438.39567944829,AX,175.375964520611,L1,1.96215076596503,L2,0.3510985981...
setting magnet DAC
current  : 5.874975
requested: 5.876009
Delta Dac: 0.001034
Checking detector protection. dv=0.00103
Checking detector "CDD". Protection Threshold: 0.1 (V)
SetMagnetDAC 5.87600931034 ===>> OK
Magnet settling time: 1.049
GetData ===>> H2,0.0062508402391763,H1,1442.98098841885,AX,175.986840559933,L1,2.08342188902316,L2,0.4722022220...
setting magnet DAC
current  : 5.876009
requested: 5.877044
Delta Dac: 0.001034
Checking detector protection. dv=0.00103
Checking detector "CDD". Protection Threshold: 0.1 (V)
SetMagnetDAC 5.8770437931 ===>> OK
Magnet settling time: 1.049
GetData ===>> H2,-0.0285287565913859,H1,1443.43607755443,AX,176.406275063911,L1,2.10616798209015,L2,0.454660687...
setting magnet DAC
current  : 5.877044
requested: 5.878078
Delta Dac: 0.001034
Checking detector protection. dv=0.00103
Checking detector "CDD". Protection Threshold: 0.1 (V)
SetMagnetDAC 5.87807827586 ===>> OK
Magnet settling time: 1.049
GetData ===>> H2,0.044505098438312,H1,1443.34772114613,AX,176.30537387038,L1,2.17835371398637,L2,0.379346230848...
setting magnet DAC
current  : 5.878078
requested: 5.879113
Delta Dac: 0.001034
Checking detector protection. dv=0.00103
Checking detector "CDD". Protection Threshold: 0.1 (V)
SetMagnetDAC 5.87911275862 ===>> OK
Magnet settling time: 1.049
GetData ===>> H2,0.0158134574904852,H1,1443.14591885622,AX,176.60204633583,L1,2.23882810350771,L2,0.49783507809...
setting magnet DAC
current  : 5.879113
requested: 5.880147
Delta Dac: 0.001034
Checking detector protection. dv=0.00103
Checking detector "CDD". Protection Threshold: 0.1 (V)
SetMagnetDAC 5.88014724138 ===>> OK
Magnet settling time: 1.049
GetData ===>> H2,-0.0519713343529364,H1,1442.86720180135,AX,176.571999327581,L1,2.2806079022346,L2,0.3426122447...
setting magnet DAC
current  : 5.880147
requested: 5.881182
Delta Dac: 0.001034
Checking detector protection. dv=0.00103
Checking detector "CDD". Protection Threshold: 0.1 (V)
SetMagnetDAC 5.88118172414 ===>> OK
Magnet settling time: 1.049
GetData ===>> H2,-0.0650409732340389,H1,1442.64890960886,AX,176.55292930201,L1,2.27689323493273,L2,0.3926515139...
setting magnet DAC
current  : 5.881182
requested: 5.882216
Delta Dac: 0.001034
Checking detector protection. dv=0.00103
Checking detector "CDD". Protection Threshold: 0.1 (V)
SetMagnetDAC 5.8822162069 ===>> OK
Magnet settling time: 1.049
GetData ===>> H2,-0.102692163690821,H1,1441.60401512918,AX,175.976950570504,L1,2.24099818724312,L2,0.2761390066...
setting magnet DAC
current  : 5.882216
requested: 5.883251
Delta Dac: 0.001034
Checking detector protection. dv=0.00103
Checking detector "CDD". Protection Threshold: 0.1 (V)
SetMagnetDAC 5.88325068966 ===>> OK
Magnet settling time: 1.049
GetData ===>> H2,-0.117631637268978,H1,1438.70482387768,AX,175.290174532827,L1,2.21436052219497,L2,0.4205917728...
setting magnet DAC
current  : 5.883251
requested: 5.884285
Delta Dac: 0.001034
Checking detector protection. dv=0.00103
Checking detector "CDD". Protection Threshold: 0.1 (V)
SetMagnetDAC 5.88428517241 ===>> OK
Magnet settling time: 1.049
GetData ===>> H2,-0.109675824805913,H1,1426.95626931706,AX,172.205363401168,L1,2.20820706954185,L2,0.3191646166...
setting magnet DAC
current  : 5.884285
requested: 5.885320
Delta Dac: 0.001034
Checking detector protection. dv=0.00103
Checking detector "CDD". Protection Threshold: 0.1 (V)
SetMagnetDAC 5.88531965517 ===>> OK
Magnet settling time: 1.049
GetData ===>> H2,-0.159484442165893,H1,1384.81047659603,AX,162.943712468749,L1,2.08917899176068,L2,0.3061887755...
setting magnet DAC
current  : 5.885320
requested: 5.886354
Delta Dac: 0.001034
Checking detector protection. dv=0.00103
Checking detector "CDD". Protection Threshold: 0.1 (V)
SetMagnetDAC 5.88635413793 ===>> OK
Magnet settling time: 1.049
GetData ===>> H2,-0.193972023145874,H1,1256.94452599294,AX,138.53063305224,L1,1.80574919755063,L2,0.36633942061...
setting magnet DAC
current  : 5.886354
requested: 5.887389
Delta Dac: 0.001034
Checking detector protection. dv=0.00103
Checking detector "CDD". Protection Threshold: 0.1 (V)
SetMagnetDAC 5.88738862069 ===>> OK
Magnet settling time: 1.049
GetData ===>> H2,-0.417765469567462,H1,990.167075537511,AX,97.4438079655816,L1,1.42318271765286,L2,0.2164797601...
setting magnet DAC
current  : 5.887389
requested: 5.888423
Delta Dac: 0.001034
Checking detector protection. dv=0.00103
Checking detector "CDD". Protection Threshold: 0.1 (V)
SetMagnetDAC 5.88842310345 ===>> OK
Magnet settling time: 1.049
GetData ===>> H2,-0.388221691827845,H1,634.50558241532,AX,53.7075762807958,L1,0.980140861096714,L2,0.0609614977...
setting magnet DAC
current  : 5.888423
requested: 5.889458
Delta Dac: 0.001034
Checking detector protection. dv=0.00103
Checking detector "CDD". Protection Threshold: 0.1 (V)
SetMagnetDAC 5.88945758621 ===>> OK
Magnet settling time: 1.049
GetData ===>> H2,-0.472166743255807,H1,326.401402347924,AX,23.4339824768217,L1,0.638490860837451,L2,-0.07789942...
setting magnet DAC
current  : 5.889458
requested: 5.890492
Delta Dac: 0.001034
Checking detector protection. dv=0.00103
Checking detector "CDD". Protection Threshold: 0.1 (V)
SetMagnetDAC 5.89049206897 ===>> OK
Magnet settling time: 1.049
GetData ===>> H2,-0.245084967071008,H1,65.3160336971084,AX,3.4324930466399,L1,0.28271811693056,L2,0.04341627850...
setting magnet DAC
current  : 5.890492
requested: 5.891527
Delta Dac: 0.001034
Checking detector protection. dv=0.00103
Checking detector "CDD". Protection Threshold: 0.1 (V)
SetMagnetDAC 5.89152655172 ===>> OK
Magnet settling time: 1.049
GetData ===>> H2,-0.311553819270412,H1,18.1577203434942,AX,0.574116889493944,L1,0.187269656013438,L2,0.02755999...
setting magnet DAC
current  : 5.891527
requested: 5.892561
Delta Dac: 0.001034
Checking detector protection. dv=0.00103
Checking detector "CDD". Protection Threshold: 0.1 (V)
SetMagnetDAC 5.89256103448 ===>> OK
Magnet settling time: 1.049
GetData ===>> H2,-0.307210805486618,H1,4.26772468859562,AX,-0.0982897608433216,L1,0.121794991668029,L2,0.045330...
setting magnet DAC
current  : 5.892561
requested: 5.893596
Delta Dac: 0.001034
Checking detector protection. dv=0.00103
Checking detector "CDD". Protection Threshold: 0.1 (V)
SetMagnetDAC 5.89359551724 ===>> OK
Magnet settling time: 1.049
GetData ===>> H2,-0.0748074454063168,H1,0.786746721302367,AX,-0.286707649652395,L1,0.0725033574901081,L2,-0.071...
setting magnet DAC
current  : 5.893596
requested: 5.894630
Delta Dac: 0.001034
Checking detector protection. dv=0.00103
Checking detector "CDD". Protection Threshold: 0.1 (V)
SetMagnetDAC 5.89463 ===>> OK
Magnet settling time: 1.049
GetData ===>> H2,-0.166805006996653,H1,-0.0102487143170514,AX,-0.151028906354911,L1,0.0528259538405356,L2,-0.00...
result of _do_sweep=True
result of _calculate_peak_center=([5.8719346092184352, 5.8795097595190366, 5.8870849098196381], [1071.8611626813915, 1443.4334215501726, 1068.48951339681], 5.8770748897795579, 1443.4334215501726)
Failed to find a valid peak. No peak greater than 1.0. max = 0.0267671802361
new center pos Detector(H1) (Ar40) @ 5.87950975952
GetHighVoltage ===>> 4500
GetDeflection H1 ===>> 0
dac uncorrected for HV and deflection 5.87950975952
update mftable H1 Ar40 5.87950975952 message=automated run peakcenter
get initial guess parabolic
get initial guess parabolic
get initial guess parabolic
get initial guess parabolic
get initial guess parabolic
get initial guess parabolic
dump mftable to /Users/jan/PychronDev/setupfiles/spectrometer/mftables/mftable.csv
add to repo msg=modified - automated run peakcenter
sweep finished
locally archiving mftable
setting magnet DAC
current  : 5.894630
requested: 5.879510
Delta Dac: 0.015120
Checking detector protection. dv=0.01512
Checking detector "CDD". Protection Threshold: 0.1 (V)
SetMagnetDAC 5.87950975952 ===>> OK
Magnet settling time: 0.500
setting integration time = 1.048576
SetIntegrationTime 1.048576 ===>> OK
Failed to find a valid peak. No peak greater than 1.0. max = 0.0267671802361
flush and close file /Users/jan/PychronDev/data/isotopes/28/d8d171-10bd-49f2-a6fd-6ac0716d7c57.h5
finished measure script
executed snippet estimated_duration=226.132928, duration=274.490426064
jan_unknown120_60.py completed successfully
Measurement Finished
20:46:02 -- ******* Measurement Finished *******
Post Measurement Started jan_pump_ms.py
20:46:02 -- ******* Post Measurement Started jan_pump_ms.py *******
testing...
no interpolation path defined
executed snippet estimated_duration=0, duration=2.69412994385e-05
Pumping spectrometer
open () {'name': 'O'}
opening name=O desc=---
checking ownership. requestor=129.138.12.150
check software interlocks O
interlocks []
actuate state mode=None-script, software_lock=False
doing actuation None-script open_channel True
Open O ===>> OK
GetIndicatorState O ===>> OK
change switch state (True, True)
update switch state O True args=() kw={} ncanvase=2
20:46:02 -- OPEN   VALVE-O (Jan Ion Pump)
---------------------------------------- open O () result=[(True, True)], time=0.10 sec
action=open, ok=True, locked=[False]
executed snippet estimated_duration=0, duration=0.350481033325
jan_pump_ms.py completed successfully
setting _ms_pumptime
Post Measurement Finished
20:46:02 -- ******* Post Measurement Finished *******
$$$$$$$$$$$$$$$$$$$$ state at run end measurement
state changed from measurement to success
post measurement save measured=True aborted=False
Set filtering
setting fod for Ar40= {'filter_outliers': True, 'std_devs': 2, 'iterations': 1}
setting fod for H1= {'filter_outliers': True, 'std_devs': 2, 'iterations': 1}
setting fod for PM41= {'filter_outliers': False, 'std_devs': 2, 'iterations': 1}
setting fod for H2= {'filter_outliers': True, 'std_devs': 2, 'iterations': 1}
setting fod for Ar36= {'filter_outliers': True, 'std_devs': 2, 'iterations': 1}
setting fod for CDD= {'filter_outliers': True, 'std_devs': 10, 'iterations': 1}
setting fod for Ar37= {'filter_outliers': True, 'std_devs': 2, 'iterations': 1}
setting fod for L2= {'filter_outliers': True, 'std_devs': 2, 'iterations': 1}
setting fod for Ar38= {'filter_outliers': True, 'std_devs': 2, 'iterations': 1}
setting fod for L1= {'filter_outliers': True, 'std_devs': 2, 'iterations': 1}
setting fod for Ar39= {'filter_outliers': True, 'std_devs': 2, 'iterations': 1}
setting fod for AX= {'filter_outliers': True, 'std_devs': 2, 'iterations': 1}
persistence save...
persistence save - db
post measurement save
6961279632 connecting to database sqlite:////Users/jan/PychronDev/.appdata/local_lab.db
connected to db sqlite:////Users/jan/PychronDev/.appdata/local_lab.db
create new session 6961279632
close session 6961279632
No database instance. Not saving post measurement to isotopedb database
$$$$$$$$$$$$$$$ auto_save_detector_ic=False
massspec enabled True
create new session 4979675504
MassSpec Database Version: 16.0
close session 4979675504
saving post measurement to secondary database
saving to massspec database 129.138.12.160/massspecdata
setting labnumber to 25325
setting aliquot to 1
setting step to 
setting uuid to 28d8d171-10bd-49f2-a6fd-6ac0716d7c57
setting irradpos to 25325
setting extract_device to Fusions CO2
setting tray to 
setting position to 175
setting power_requested to 5.0
setting extract_value to 5.0
setting duration to 30.0
setting duration_at_request to 30.0
setting first_stage_delay to 30.0
setting cleanup to 30.0
setting comment to K:14
setting irradiation to NM-288
setting level to K
setting irradiation_level to K
setting sample to FC-2
setting material to Sanidine
setting project to Irradiation-NM-288
setting mass_spectrometer to Jan
no attribute chron_dosages
no attribute production_ratios
no attribute interference_corrections
no attribute production_name
no attribute j
Reference Isotope=Ar40
Reference Detector=H1
%%%%%%%%%%%%%%%%%%%% Comment: K:14 %%%%%%%%%%%%%%%%%%%
adding isotope PM41 H2
add baseline dbdet= PM41. original det= H2
get baseline data PM41 H2
Get data baseline <pychron.processing.isotope.Baseline object at 0x1a895c290> len t=60
baseline PM41. v=-0.188231990638, e=0.00626831709782
get signal data PM41 H2
Get data signal PM41 0.11+/-0.06 len t=120
adding isotope Ar40 H1
add baseline dbdet= Ar40. original det= H1
get baseline data Ar40 H1
Get data baseline <pychron.processing.isotope.Baseline object at 0x1a895c490> len t=60
baseline Ar40. v=-0.00381925642655, e=0.00634232814903
get signal data Ar40 H1
Get data signal Ar40 1591.17+/-0.08 len t=120
adding isotope Ar39 AX
add baseline dbdet= Ar39. original det= AX
get baseline data Ar39 AX
Get data baseline <pychron.processing.isotope.Baseline object at 0x1a895c650> len t=60
baseline Ar39. v=-0.0820821627033, e=0.00676006140244
get signal data Ar39 AX
Get data signal Ar39 193.971+/-0.025 len t=120
adding isotope Ar38 L1
add baseline dbdet= Ar38. original det= L1
get baseline data Ar38 L1
Get data baseline <pychron.processing.isotope.Baseline object at 0x1a895c810> len t=60
baseline Ar38. v=-0.0202923937555, e=0.00292793516455
get signal data Ar38 L1
Get data signal Ar38 2.515+/-0.005 len t=120
adding isotope Ar37 L2
add baseline dbdet= Ar37. original det= L2
get baseline data Ar37 L2
Get data baseline <pychron.processing.isotope.Baseline object at 0x1a895c9d0> len t=60
baseline Ar37. v=-0.0282535501273, e=0.00716952382384
get signal data Ar37 L2
Get data signal Ar37 0.457+/-0.010 len t=120
adding isotope Ar36 CDD
add baseline dbdet= Ar36. original det= CDD
get baseline data Ar36 CDD
Get data baseline <pychron.processing.isotope.Baseline object at 0x1a895cb90> len t=60
baseline Ar36. v=0.00037712571699, e=2.86297331159e-05
get signal data Ar36 CDD
Get data signal Ar36 0.01273+/-0.00030 len t=120
25325-01 added analysis time 0.54557299614s
analysis added to mass spec database
mass spec save time= 0.555
persistence save - dvc
================= post measurement started
create new session 4982376208
close session 4982376208
---------------- Experiment Queue saving disabled
DVC saving peakcenter
Failed to find a valid peak. No peak greater than 1.0. max = 0.0267671802361
Smart pull ahead: 0 behind: 0
Up-to-date with origin
add to repo msg=modified - ad8224ebc6dbfeb9f5997218dfa5fe690569839d.json
add to repo msg=modified - 25-01.json
add to repo msg=modified - 25-01.dat.json
add to repo msg=modified - 25-01.blan.json
add to repo msg=modified - 25-01.inte.json
add to repo msg=modified - 25-01.icfa.json
add to repo msg=modified - 25-01.base.json
not at valid file /Users/jan/PychronDev/data/.dvc/repositories/Load1788/253/tags/25-01.tags.json
add to repo msg=modified - 25-01.peak.json
add to repo msg=modified - 25-01.extr.json
not at valid file /Users/jan/PychronDev/data/.dvc/repositories/Load1788/253/monitor/25-01.moni.json
commit message=<COLLECTION>
add to repo msg=modified - 25-01.inte.json
add to repo msg=modified - 25-01.base.json
commit message=<ISOEVO> default collection fits
add to repo msg=modified - 25-01.blan.json
commit message=<BLANKS> preceding bc-02-J-343
add to repo msg=modified - 25-01.icfa.json
commit message=<ICFactor> default
push repository <pychron.git_archive.repo_manager.GitRepoManager object at 0x198187cb0>
pushing to remote=origin, url=https://github.com
no changes to meta repo
create new session 4982376208
add association Load1788
get identifier "25325"
setting analysis irradiation position=<pychron.dvc.dvc_orm.IrradiationPositionTbl object at 0x18a0e5810>
close session 4982376208
================= post measurement finished
20:46:17 -- ******* Post Run Check *******
loading queue conditionals post_run_actions
loading system conditionals post_run_actions
loading conditionals from /Users/jan/PychronDev/setupfiles/spectrometer/default_conditionals.yaml
loading queue conditionals post_run_terminations
loading system conditionals post_run_terminations
loading conditionals from /Users/jan/PychronDev/setupfiles/spectrometer/default_conditionals.yaml
Checking default post run terminations n=1
GetDeflection CDD ===>> 50
testing CDD==2000
evaluate ot="CDD.deflection==2000" t="CDD==2000", ctx="{'CDD': 50.0}"
20:46:17 -- ******* Post Run Check Passed *******
20:46:17 -- Automated run 25325-01 success duration: 367.376 s
----------------- finish -----------------
----------------- stop -----------------
retroactive repository identifiers disabled
finish run. runs completed=70
update duration runid=25325-01, duration=367.375638008, md5=301e91d8
loading script "jan_unknown120_60.py"
loading script "jan_pump_ms.py"
loading script "jan_co2.py"
loading script "jan_pump_extraction_line.py"
testing...
no interpolation path defined
executed snippet estimated_duration=213.652928, duration=0.000216960906982
script duration name:unknown120_60 seconds:214.0
loading script "jan_unknown120_60.py"
loading script "jan_pump_ms.py"
loading script "jan_co2.py"
loading script "jan_pump_extraction_line.py"
testing...
no interpolation path defined
executed snippet estimated_duration=0, duration=2.69412994385e-05
loading script "jan_unknown120_60.py"
loading script "jan_pump_ms.py"
loading script "jan_co2.py"
loading script "jan_pump_extraction_line.py"
testing...
no interpolation path defined
calculate duration
testing...
no interpolation path defined
executed snippet estimated_duration=0, duration=9.29832458496e-05
calculate duration
testing...
no interpolation path defined
executed snippet estimated_duration=0, duration=9.89437103271e-05
executed snippet estimated_duration=0.0, duration=0.00292801856995
script duration name:co2 seconds:0.0
loading script "jan_unknown120_60.py"
loading script "jan_pump_ms.py"
loading script "jan_co2.py"
loading script "jan_pump_extraction_line.py"
testing...
no interpolation path defined
calculate duration
testing...
no interpolation path defined
executed snippet estimated_duration=4.0, duration=0.000175952911377
executed snippet estimated_duration=4.0, duration=0.00130200386047
Script duration 214.0
Run total estimated duration= 215.000
unknown120_60 in script context. using previous estimated duration
script duration name:unknown120_60 seconds:214.0
pump_ms in script context. using previous estimated duration
co2 in script context. using previous estimated duration
script duration name:co2 seconds:0.0
pump_extraction_line in script context. using previous estimated duration
Script duration 214.0
Run total estimated duration= 215.000
script duration name:unknown120_60 seconds:214.0
script duration name:co2 seconds:0.0
Script duration 214.0
Run total estimated duration= 215.000
script duration name:unknown120_60 seconds:214.0
script duration name:co2 seconds:0.0
Script duration 214.0
Run total estimated duration= 215.000
script duration name:unknown120_60 seconds:214.0
script duration name:co2 seconds:0.0
Script duration 214.0
Run total estimated duration= 215.000
loading script "jan_unknown400_120.py"
loading script "jan_pump_ms.py"
loading script "jan_co2.py"
loading script "jan_pump_extraction_line.py"
testing...
no interpolation path defined
executed snippet estimated_duration=556.052928, duration=0.000194072723389
script duration name:unknown400_120 seconds:556.0
script duration name:co2 seconds:0.0
Script duration 556.0
Run total estimated duration= 557.000
unknown400_120 in script context. using previous estimated duration
script duration name:unknown400_120 seconds:556.0
loading script "jan_unknown400_120.py"
loading script "jan_pump_ms.py"
loading script "jan_sniffair_x2.py"
loading script "jan_pump_extraction_line.py"
testing...
no interpolation path defined
calculate duration
testing...
no interpolation path defined
executed snippet estimated_duration=0, duration=4.91142272949e-05
calculate duration
testing...
no interpolation path defined
executed snippet estimated_duration=0, duration=9.91821289062e-05
calculate duration
testing...
no interpolation path defined
executed snippet estimated_duration=32.0, duration=0.000115871429443
calculate duration
testing...
no interpolation path defined
executed snippet estimated_duration=34.0, duration=0.00010085105896
calculate duration
testing...
no interpolation path defined
executed snippet estimated_duration=4.0, duration=6.48498535156e-05
calculate duration
testing...
no interpolation path defined
executed snippet estimated_duration=36.0, duration=8.9168548584e-05
calculate duration
testing...
no interpolation path defined
executed snippet estimated_duration=34.0, duration=0.000133037567139
calculate duration
testing...
no interpolation path defined
executed snippet estimated_duration=4.0, duration=6.19888305664e-05
calculate duration
testing...
no interpolation path defined
executed snippet estimated_duration=36.0, duration=8.51154327393e-05
calculate duration
testing...
no interpolation path defined
executed snippet estimated_duration=70.0, duration=9.48905944824e-05
executed snippet estimated_duration=250.0, duration=0.01305103302
script duration name:sniffair_x2 seconds:250.0
Script duration 806.0
Run total estimated duration= 807.000
script duration name:unknown400_120 seconds:556.0
sniffair_x2 in script context. using previous estimated duration
script duration name:sniffair_x2 seconds:250.0
Script duration 806.0
Run total estimated duration= 807.000
script duration name:unknown120_60 seconds:214.0
loading script "jan_unknown120_60.py"
loading script "jan_pump_ms.py"
loading script "jan_cocktail_x1.py"
loading script "jan_pump_extraction_line.py"
testing...
no interpolation path defined
calculate duration
testing...
no interpolation path defined
executed snippet estimated_duration=0, duration=6.98566436768e-05
calculate duration
testing...
no interpolation path defined
executed snippet estimated_duration=0, duration=0.000114917755127
calculate duration
testing...
no interpolation path defined
executed snippet estimated_duration=32.0, duration=8.98838043213e-05
calculate duration
testing...
no interpolation path defined
executed snippet estimated_duration=34.0, duration=9.70363616943e-05
calculate duration
testing...
no interpolation path defined
executed snippet estimated_duration=4.0, duration=6.89029693604e-05
calculate duration
testing...
no interpolation path defined
executed snippet estimated_duration=38.0, duration=9.60826873779e-05
executed snippet estimated_duration=108.0, duration=0.00809001922607
script duration name:cocktail_x1 seconds:108.0
Script duration 322.0
Run total estimated duration= 323.000
loading script "jan_ic_peak_hop3.py"
loading script "jan_pump_ms.py"
loading script "jan_sniffair_x1.py"
loading script "jan_pump_extraction_line.py"
testing...
no interpolation path defined
executed snippet estimated_duration=133.8, duration=0.00818991661072
script duration name:ic_peak_hop3 seconds:134.0
loading script "jan_ic_peak_hop3.py"
loading script "jan_pump_ms.py"
loading script "jan_sniffair_x1.py"
loading script "jan_pump_extraction_line.py"
testing...
no interpolation path defined
calculate duration
testing...
no interpolation path defined
executed snippet estimated_duration=0, duration=4.19616699219e-05
calculate duration
testing...
no interpolation path defined
executed snippet estimated_duration=0, duration=9.79900360107e-05
calculate duration
testing...
no interpolation path defined
executed snippet estimated_duration=32.0, duration=8.79764556885e-05
calculate duration
testing...
no interpolation path defined
executed snippet estimated_duration=34.0, duration=0.000144958496094
calculate duration
testing...
no interpolation path defined
executed snippet estimated_duration=4.0, duration=5.60283660889e-05
calculate duration
testing...
no interpolation path defined
executed snippet estimated_duration=70.0, duration=0.000100135803223
executed snippet estimated_duration=140.0, duration=0.00671005249023
script duration name:sniffair_x1 seconds:140.0
Script duration 274.0
Run total estimated duration= 275.000
script duration name:unknown120_60 seconds:214.0
script duration name:co2 seconds:0.0
Script duration 214.0
Run total estimated duration= 215.000
script duration name:unknown120_60 seconds:214.0
script duration name:co2 seconds:0.0
Script duration 214.0
Run total estimated duration= 215.000
script duration name:unknown120_60 seconds:214.0
script duration name:co2 seconds:0.0
Script duration 214.0
Run total estimated duration= 215.000
script duration name:unknown120_60 seconds:214.0
script duration name:co2 seconds:0.0
Script duration 214.0
Run total estimated duration= 215.000
script duration name:unknown120_60 seconds:214.0
script duration name:co2 seconds:0.0
Script duration 214.0
Run total estimated duration= 215.000
script duration name:unknown400_120 seconds:556.0
cocktail_x1 in script context. using previous estimated duration
script duration name:cocktail_x1 seconds:108.0
Script duration 664.0
Run total estimated duration= 665.000
script duration name:unknown120_60 seconds:214.0
script duration name:co2 seconds:0.0
Script duration 214.0
Run total estimated duration= 215.000
script duration name:unknown120_60 seconds:214.0
script duration name:co2 seconds:0.0
Script duration 214.0
Run total estimated duration= 215.000
script duration name:unknown120_60 seconds:214.0
script duration name:co2 seconds:0.0
Script duration 214.0
Run total estimated duration= 215.000
script duration name:unknown120_60 seconds:214.0
script duration name:co2 seconds:0.0
Script duration 214.0
Run total estimated duration= 215.000
script duration name:unknown120_60 seconds:214.0
script duration name:co2 seconds:0.0
Script duration 214.0
Run total estimated duration= 215.000
script duration name:unknown400_120 seconds:556.0
script duration name:co2 seconds:0.0
Script duration 556.0
Run total estimated duration= 557.000
script duration name:unknown120_60 seconds:214.0
script duration name:co2 seconds:0.0
Script duration 214.0
Run total estimated duration= 215.000
script duration name:unknown120_60 seconds:214.0
script duration name:co2 seconds:0.0
Script duration 214.0
Run total estimated duration= 215.000
script duration name:unknown120_60 seconds:214.0
script duration name:co2 seconds:0.0
Script duration 214.0
Run total estimated duration= 215.000
script duration name:unknown120_60 seconds:214.0
script duration name:co2 seconds:0.0
Script duration 214.0
Run total estimated duration= 215.000
script duration name:unknown120_60 seconds:214.0
script duration name:co2 seconds:0.0
Script duration 214.0
Run total estimated duration= 215.000
script duration name:unknown120_60 seconds:214.0
script duration name:cocktail_x1 seconds:108.0
Script duration 322.0
Run total estimated duration= 323.000
script duration name:unknown120_60 seconds:214.0
script duration name:co2 seconds:0.0
Script duration 214.0
Run total estimated duration= 215.000
script duration name:unknown120_60 seconds:214.0
script duration name:co2 seconds:0.0
Script duration 214.0
Run total estimated duration= 215.000
script duration name:unknown120_60 seconds:214.0
script duration name:co2 seconds:0.0
Script duration 214.0
Run total estimated duration= 215.000
script duration name:unknown120_60 seconds:214.0
script duration name:co2 seconds:0.0
Script duration 214.0
Run total estimated duration= 215.000
script duration name:unknown120_60 seconds:214.0
script duration name:co2 seconds:0.0
Script duration 214.0
Run total estimated duration= 215.000
script duration name:unknown400_120 seconds:556.0
script duration name:co2 seconds:0.0
Script duration 556.0
Run total estimated duration= 557.000
script duration name:unknown400_120 seconds:556.0
script duration name:sniffair_x2 seconds:250.0
Script duration 806.0
Run total estimated duration= 807.000
script duration name:unknown400_120 seconds:556.0
script duration name:cocktail_x1 seconds:108.0
Script duration 664.0
Run total estimated duration= 665.000
script duration name:unknown400_120 seconds:556.0
script duration name:sniffair_x2 seconds:250.0
Script duration 806.0
Run total estimated duration= 807.000
ic_peak_hop3 in script context. using previous estimated duration
script duration name:ic_peak_hop3 seconds:134.0
sniffair_x1 in script context. using previous estimated duration
script duration name:sniffair_x1 seconds:140.0
Script duration 274.0
Run total estimated duration= 275.000
script duration name:unknown120_60 seconds:214.0
script duration name:co2 seconds:0.0
Script duration 214.0
Run total estimated duration= 215.000
script duration name:unknown120_60 seconds:214.0
script duration name:co2 seconds:0.0
Script duration 214.0
Run total estimated duration= 215.000
script duration name:unknown120_60 seconds:214.0
script duration name:co2 seconds:0.0
Script duration 214.0
Run total estimated duration= 215.000
script duration name:unknown120_60 seconds:214.0
script duration name:co2 seconds:0.0
Script duration 214.0
Run total estimated duration= 215.000
script duration name:unknown120_60 seconds:214.0
script duration name:co2 seconds:0.0
Script duration 214.0
Run total estimated duration= 215.000
script duration name:unknown120_60 seconds:214.0
script duration name:co2 seconds:0.0
Script duration 214.0
Run total estimated duration= 215.000
script duration name:unknown120_60 seconds:214.0
script duration name:co2 seconds:0.0
Script duration 214.0
Run total estimated duration= 215.000
script duration name:unknown120_60 seconds:214.0
script duration name:co2 seconds:0.0
Script duration 214.0
Run total estimated duration= 215.000
script duration name:unknown120_60 seconds:214.0
script duration name:co2 seconds:0.0
Script duration 214.0
Run total estimated duration= 215.000
script duration name:unknown120_60 seconds:214.0
script duration name:co2 seconds:0.0
Script duration 214.0
Run total estimated duration= 215.000
script duration name:unknown400_120 seconds:556.0
script duration name:co2 seconds:0.0
Script duration 556.0
Run total estimated duration= 557.000
script duration name:unknown120_60 seconds:214.0
script duration name:cocktail_x1 seconds:108.0
Script duration 322.0
Run total estimated duration= 323.000
script duration name:unknown120_60 seconds:214.0
script duration name:co2 seconds:0.0
Script duration 214.0
Run total estimated duration= 215.000
script duration name:unknown120_60 seconds:214.0
script duration name:co2 seconds:0.0
Script duration 214.0
Run total estimated duration= 215.000
script duration name:unknown120_60 seconds:214.0
script duration name:co2 seconds:0.0
Script duration 214.0
Run total estimated duration= 215.000
script duration name:unknown120_60 seconds:214.0
script duration name:co2 seconds:0.0
Script duration 214.0
Run total estimated duration= 215.000
script duration name:unknown400_120 seconds:556.0
script duration name:cocktail_x1 seconds:108.0
Script duration 664.0
Run total estimated duration= 665.000
script duration name:unknown120_60 seconds:214.0
script duration name:co2 seconds:0.0
Script duration 214.0
Run total estimated duration= 215.000
script duration name:unknown120_60 seconds:214.0
script duration name:co2 seconds:0.0
Script duration 214.0
Run total estimated duration= 215.000
script duration name:unknown120_60 seconds:214.0
script duration name:co2 seconds:0.0
Script duration 214.0
Run total estimated duration= 215.000
script duration name:unknown120_60 seconds:214.0
script duration name:co2 seconds:0.0
Script duration 214.0
Run total estimated duration= 215.000
script duration name:unknown120_60 seconds:214.0
script duration name:co2 seconds:0.0
Script duration 214.0
Run total estimated duration= 215.000
script duration name:unknown120_60 seconds:214.0
script duration name:co2 seconds:0.0
Script duration 214.0
Run total estimated duration= 215.000
script duration name:unknown400_120 seconds:556.0
script duration name:co2 seconds:0.0
Script duration 556.0
Run total estimated duration= 557.000
script duration name:unknown400_120 seconds:556.0
script duration name:sniffair_x2 seconds:250.0
Script duration 806.0
Run total estimated duration= 807.000
script duration name:unknown400_120 seconds:556.0
script duration name:sniffair_x2 seconds:250.0
Script duration 806.0
Run total estimated duration= 807.000
script duration name:ic_peak_hop3 seconds:134.0
script duration name:sniffair_x1 seconds:140.0
Script duration 274.0
Run total estimated duration= 275.000
script duration name:unknown120_60 seconds:214.0
script duration name:co2 seconds:0.0
Script duration 214.0
Run total estimated duration= 215.000
script duration name:unknown120_60 seconds:214.0
script duration name:co2 seconds:0.0
Script duration 214.0
Run total estimated duration= 215.000
nruns=67 before=5.0, run_dur=21521.0, btw=2970.0
write rem/ex queues
/Users/jan/PychronDev/experiments/rem/CurrentExperiment.rem.txt
/Users/jan/PychronDev/experiments/rem/CurrentExperiment.ex.txt
doing event level: 3
