do run
loading script "jan_unknown120_60.py"
loading script "jan_pump_ms.py"
loading script "jan_co2.py"
loading script "jan_pump_extraction_line.py"
testing...
no interpolation path defined
executed snippet estimated_duration=213.652928, duration=0.00032901763916
script duration name:unknown120_60 seconds:214.0
loading script "jan_unknown120_60.py"
loading script "jan_pump_ms.py"
loading script "jan_co2.py"
loading script "jan_pump_extraction_line.py"
testing...
no interpolation path defined
executed snippet estimated_duration=0, duration=4.10079956055e-05
loading script "jan_unknown120_60.py"
loading script "jan_pump_ms.py"
loading script "jan_co2.py"
loading script "jan_pump_extraction_line.py"
testing...
no interpolation path defined
calculate duration
testing...
no interpolation path defined
executed snippet estimated_duration=0, duration=0.000105857849121
calculate duration
testing...
no interpolation path defined
executed snippet estimated_duration=0, duration=0.000196218490601
executed snippet estimated_duration=0.0, duration=0.00451707839966
script duration name:co2 seconds:0.0
loading script "jan_unknown120_60.py"
loading script "jan_pump_ms.py"
loading script "jan_co2.py"
loading script "jan_pump_extraction_line.py"
testing...
no interpolation path defined
calculate duration
testing...
no interpolation path defined
executed snippet estimated_duration=4.0, duration=0.000155925750732
executed snippet estimated_duration=4.0, duration=0.00111794471741
Script duration 214.0
Run total estimated duration= 215.000
run duration: 0:03:35
doing event level: 2
20:47:10 -- Setting default integration. t=1.048576
setting integration time = 1.048576
SetIntegrationTime 1.048576 ===>> OK
----------------- start -----------------
**************** Experiment Type: Ar/Ar, Ar/Ar
create new session 4419362736
close session 4419362736
$$$$$ Clearing conditionals
adding conditionals 
Add queue conditionals
add default conditionals
adding default conditionals from /Users/jan/PychronDev/setupfiles/spectrometer/default_conditionals.yaml
Start automated run 25325-02
loading script "jan_unknown120_60.py"
loading script "jan_pump_ms.py"
loading script "jan_co2.py"
loading script "jan_pump_extraction_line.py"
%%%%%%%%%%%%%%%%%% setting automated run 25325-02
No value "sensitivity_multiplier" in metadata
$$$$$$$$$$$$$$$ auto_save_detector_ic=False
============================= Pre Extraction Check =============================
loading queue conditionals pre_run_terminations
loading system conditionals pre_run_terminations
loading conditionals from /Users/jan/PychronDev/setupfiles/spectrometer/default_conditionals.yaml
20:47:10 -- ******* Pre Extraction Check *******
Get a measurement from the spectrometer
GetData ===>> H2,-0.187887035195848,H1,0.0334149522872586,AX,-0.0324879585054166,L1,-0.0305569766495518,L2,0.07...
Pre Extraction Termination data. keys=H2,H1,AX,L1,L2,CDD, signals=-0.18789,0.03341,-0.03249,-0.03056,0.07525,0.00238
20:47:10 -- testing system defined conditionals
Checking default pre extraction terminations n=2
testing CDD
evaluate ot="CDD.inactive" t="CDD", ctx="{'CDD': False}"
GetDeflection CDD ===>> 50
testing CDD==2000
evaluate ot="CDD.deflection==2000" t="CDD==2000", ctx="{'CDD': 50.0}"
20:47:10 -- ******* Pre Extraction Check Passed *******
=================================================================================
20:47:10 -- stopping status monitor
stop 4976433200
Alive clients [4982646160]
20:47:10 -- starting status monitor
start 4976433200
Monitor already running
start extraction
do extraction
Analysis started at 20:47:10.246779
Extraction Started jan_co2.py
20:47:10 -- ******* Extraction Started jan_co2.py *******
state changed from not run to extraction
DO EXTRACTION <pychron.extraction_line.pyscript_runner.RemotePyScriptRunner object at 0x12b9a8890>
testing...
no interpolation path defined
calculate duration
testing...
no interpolation path defined
executed snippet estimated_duration=0, duration=4.10079956055e-05
calculate duration
testing...
no interpolation path defined
executed snippet estimated_duration=0, duration=7.20024108887e-05
executed snippet estimated_duration=100.0, duration=0.00174808502197
Jan CO2 laser analysis
doing GOSUB
testing...
no interpolation path defined
executed snippet estimated_duration=0, duration=3.19480895996e-05
Waiting for CO2 access
wait ('FelixCO2Flag', 0) {}
waiting for FelixCO2Flag = 0
Read FelixCO2Flag ===>> 0
finished waiting
CO2 free
wait ('CO2PumpTimeFlag', 0) {}
waiting for CO2PumpTimeFlag = 0
Read CO2PumpTimeFlag ===>> 0
finished waiting
acquire ('JanCO2Flag',) {'clear': True}
acquire JanCO2Flag
Set JanCO2Flag 1 ===>> OK
JanCO2Flag acquired
set extraction state False (0.75, 'red', 1.5)
CO2 acquired
executed snippet estimated_duration=0, duration=0.0165028572083
WaitForCO2Access.py completed successfully
gosub finished
doing GOSUB
testing...
no interpolation path defined
executed snippet estimated_duration=0, duration=7.5101852417e-05
Prepare for CO2 analysis
close () {'description': 'Jan Inlet'}
closing name=--- desc=Jan Inlet
checking ownership. requestor=129.138.12.150
check software interlocks R
interlocks []
actuate state mode=None-script, software_lock=False
doing actuation None-script close_channel False
Close R ===>> OK
GetIndicatorState R ===>> False
change switch state (True, True)
update switch state R False args=() kw={} ncanvase=2
20:47:10 -- CLOSE  VALVE-R (Jan Inlet)
---------------------------------------- close None (Jan Inlet) result=[(True, True)]
action=close, ok=True, locked=[False]
open () {'description': 'Jan Ion Pump'}
opening name=--- desc=Jan Ion Pump
checking ownership. requestor=129.138.12.150
check software interlocks O
interlocks []
actuate state mode=None-script, software_lock=False
doing actuation None-script open_channel False
Open O ===>> OK
GetIndicatorState O ===>> OK
change switch state (True, True)
update switch state O True args=() kw={} ncanvase=2
20:47:11 -- OPEN   VALVE-O (Jan Ion Pump)
---------------------------------------- open None (Jan Ion Pump) result=[(True, True)], time=0.09 sec
action=open, ok=True, locked=[False]
close () {'description': 'Microbone to Minibone'}
closing name=--- desc=Microbone to Minibone
checking ownership. requestor=129.138.12.150
check software interlocks L
interlocks []
actuate state mode=None-script, software_lock=False
doing actuation None-script close_channel False
Close L ===>> OK
GetIndicatorState L ===>> False
change switch state (True, True)
update switch state L False args=() kw={} ncanvase=2
20:47:11 -- CLOSE  VALVE-L (Microbone to Minibone)
---------------------------------------- close None (Microbone to Minibone) result=[(True, True)]
action=close, ok=True, locked=[False]
open () {'description': 'Microbone to Turbo'}
opening name=--- desc=Microbone to Turbo
checking ownership. requestor=129.138.12.150
check software interlocks U
interlocks []
actuate state mode=None-script, software_lock=False
doing actuation None-script open_channel False
Open U ===>> OK
GetIndicatorState U ===>> OK
change switch state (True, True)
update switch state U True args=() kw={} ncanvase=2
20:47:12 -- OPEN   VALVE-U (Microbone to Turbo)
---------------------------------------- open None (Microbone to Turbo) result=[(True, True)], time=0.17 sec
action=open, ok=True, locked=[False]
open () {'description': 'Microbone to Inlet Pipette'}
opening name=--- desc=Microbone to Inlet Pipette
checking ownership. requestor=129.138.12.150
check software interlocks S
interlocks []
actuate state mode=None-script, software_lock=False
doing actuation None-script open_channel False
Open S ===>> OK
GetIndicatorState S ===>> OK
change switch state (True, True)
update switch state S True args=() kw={} ncanvase=2
20:47:12 -- OPEN   VALVE-S (Microbone to Inlet Pipette)
---------------------------------------- open None (Microbone to Inlet Pipette) result=[(True, True)], time=0.41 sec
action=open, ok=True, locked=[False]
open () {'description': 'Microbone to Getter D-50'}
opening name=--- desc=Microbone to Getter D-50
checking ownership. requestor=129.138.12.150
check software interlocks K
interlocks []
actuate state mode=None-script, software_lock=False
doing actuation None-script open_channel False
Open K ===>> OK
GetIndicatorState K ===>> OK
change switch state (True, True)
update switch state K True args=() kw={} ncanvase=2
20:47:13 -- OPEN   VALVE-K (Microbone to Getter D-50)
---------------------------------------- open None (Microbone to Getter D-50) result=[(True, True)], time=0.42 sec
action=open, ok=True, locked=[False]
open () {'description': 'Microbone to Getter NP-10'}
opening name=--- desc=Microbone to Getter NP-10
checking ownership. requestor=129.138.12.150
check software interlocks M
interlocks []
actuate state mode=None-script, software_lock=False
doing actuation None-script open_channel False
Open M ===>> OK
GetIndicatorState M ===>> OK
change switch state (True, True)
update switch state M True args=() kw={} ncanvase=2
20:47:13 -- OPEN   VALVE-M (Microbone to Getter NP-10)
---------------------------------------- open None (Microbone to Getter NP-10) result=[(True, True)], time=0.20 sec
action=open, ok=True, locked=[False]
close () {'description': 'CO2 Laser to Felix'}
closing name=--- desc=CO2 Laser to Felix
checking ownership. requestor=129.138.12.150
check software interlocks F
interlocks []
actuate state mode=None-script, software_lock=True
VALVE-F(CO2 Laser to Felix) software locked
change switch state (True, False)
---------------------------------------- close None (CO2 Laser to Felix) result=[(True, False)]
action=close, ok=True, locked=[True]
open () {'description': 'CO2 Laser to Jan'}
opening name=--- desc=CO2 Laser to Jan
checking ownership. requestor=129.138.12.150
check software interlocks A
interlocks []
actuate state mode=None-script, software_lock=False
doing actuation None-script open_channel False
Open A ===>> OK
GetIndicatorState A ===>> OK
change switch state (True, True)
update switch state A True args=() kw={} ncanvase=2
20:47:14 -- OPEN   VALVE-A (CO2 Laser to Jan)
---------------------------------------- open None (CO2 Laser to Jan) result=[(True, True)], time=0.13 sec
action=open, ok=True, locked=[False]
open () {'description': 'Microbone to CO2 Laser'}
opening name=--- desc=Microbone to CO2 Laser
checking ownership. requestor=129.138.12.150
check software interlocks T
interlocks []
actuate state mode=None-script, software_lock=False
doing actuation None-script open_channel False
Open T ===>> OK
GetIndicatorState T ===>> OK
change switch state (True, True)
update switch state T True args=() kw={} ncanvase=2
20:47:14 -- OPEN   VALVE-T (Microbone to CO2 Laser)
---------------------------------------- open None (Microbone to CO2 Laser) result=[(True, True)], time=0.40 sec
action=open, ok=True, locked=[False]
executed snippet estimated_duration=0, duration=4.97350311279
PrepareForCO2Analysis.py completed successfully
gosub finished
set_motor ('beam', '1.25') {}
setting motor "beam" to 1.25
set motor beam to 1.25
SetMotor beam,1.25 ===>> OK
GetMotorMoving beam ===>> False
GetMotorMoving beam ===>> False
Block completed
move_to_position ('176',) {'autocenter': True}
FusionsCO2 move to position 176
sending GoToHole 176,True
GoToHole 176,True ===>> OK
GetDriveMoving ===>> OK
GetDriveMoving ===>> OK
GetDriveMoving ===>> OK
GetDriveMoving ===>> OK
GetDriveMoving ===>> OK
GetDriveMoving ===>> OK
GetDriveMoving ===>> False
GetDriveMoving ===>> OK
GetDriveMoving ===>> OK
GetDriveMoving ===>> OK
GetDriveMoving ===>> OK
GetDriveMoving ===>> OK
GetDriveMoving ===>> False
Block completed
GetAutoCorrecting ===>> False
GetAutoCorrecting ===>> False
Block completed
update position
GetPosition ===>> 0.00000,-7.97560,1.00000
got position (0.0, -7.9756, 1.0)
move to position succeeded
sleep (5,) {}
SLEEP 5.0
block started
WaitControl setup for 5.0  
Join finished
block finished. duration 5.03092098236
close () {'description': 'Microbone to Turbo'}
closing name=--- desc=Microbone to Turbo
checking ownership. requestor=129.138.12.150
check software interlocks U
interlocks []
actuate state mode=None-script, software_lock=False
doing actuation None-script close_channel True
Close U ===>> OK
GetIndicatorState U ===>> False
change switch state (True, True)
update switch state U False args=() kw={} ncanvase=2
20:47:26 -- CLOSE  VALVE-U (Microbone to Turbo)
---------------------------------------- close None (Microbone to Turbo) result=[(True, True)]
action=close, ok=True, locked=[False]
enable laser
enable () {}
set extraction state FusionsCO2 Enabled (False, 'red', 1.5)
enabling laser
Enable ===>> OK
begin interval
BEGIN INTERVAL Interval 1 waiting for 30.0
block started
set extract to 5.0
WaitControl setup for 30.0  
extract (5.0,) {}
GetPosition ===>> 0.00000,-7.97560,1.00000
set extraction state FusionsCO2 ON! 5.0(watts) (0.75, 'red', 1.5)
extract sample to 5.0 (watts)
set laser output
SetLaserOutput 5.0,watts ===>> OK
executing pattern triangle.lp
execute_pattern ('triangle.lp',) {}
executing pattern triangle.lp
IsPatterning ===>> OK
IsPatterning ===>> OK
IsPatterning ===>> OK
IsPatterning ===>> OK
IsPatterning ===>> OK
IsPatterning ===>> OK
IsPatterning ===>> OK
IsPatterning ===>> OK
IsPatterning ===>> OK
IsPatterning ===>> OK
IsPatterning ===>> OK
IsPatterning ===>> OK
IsPatterning ===>> OK
IsPatterning ===>> OK
IsPatterning ===>> OK
IsPatterning ===>> OK
IsPatterning ===>> OK
IsPatterning ===>> OK
IsPatterning ===>> OK
IsPatterning ===>> OK
IsPatterning ===>> OK
IsPatterning ===>> OK
IsPatterning ===>> OK
IsPatterning ===>> OK
IsPatterning ===>> OK
IsPatterning ===>> OK
IsPatterning ===>> False
IsPatterning ===>> False
Block completed
COMPLETE INTERVAL waiting for Interval 1 to complete
Join finished
block finished. duration 30.1118428707
Interval 1 finished
end_extract () {}
ending extraction. set laser power to 0
set laser power 0
SetLaserPower 0 ===>> OK
disable () {}
%%%%%%%%%%%%%%%%%%%%%%%%%%%%%%%%%%% disable
set extraction state False (0.75, 'red', 1.5)
disabling laser
Disable ===>> OK
sleep (30.0,) {}
SLEEP 30.0
block started
WaitControl setup for 30.0  
Join finished
block finished. duration 30.0963058472
executed snippet estimated_duration=166.5, duration=77.3875288963
jan_co2.py completed successfully
GetAchievedOutput ===>> No Response
Requested Output= 0.000
Achieved Output=  0.000
GetResponseBlob ===>> No Response
GetOutputBlob ===>> No Response
persistence save...
persistence save - db
AutomatedRunPersister post_extraction_save deprecated
persistence save - dvc
no extraction position for 176
create new session 4982376208
close session 4982376208
Extraction Finished
20:48:27 -- ******* Extraction Finished *******
no overlap. not waiting for min ms pumptime
20:48:27 -- Sending spectrometer configuration
======== Sending configuration ========
SetDeflection CDD,50.0 ===>> OK
SetDeflection H2,0.0 ===>> OK
SetDeflection H1,0.0 ===>> OK
SetDeflection L2,825.0 ===>> OK
SetDeflection L1,400.0 ===>> OK
SetDeflection AX,190.0 ===>> OK
SetZFocus 74.64 ===>> OK
SetZSymmetry -50.72 ===>> OK
SetExtractionLens 26.13 ===>> OK
SetIonRepeller -3.81 ===>> OK
SetElectronEnergy 75.08 ===>> OK
SetYSymmetry -2.81 ===>> OK
SetIonCounterVoltage 1590.0 ===>> OK
send trap current 200.0
GetParameter Trap Current Readback ===>> 198.147042666178
SetParameter Trap Current Set,200.0 ===>> OK
updating mftable name mftable
Using mftable located at /Users/jan/PychronDev/setupfiles/spectrometer/mftables/mftable.csv
============ MFtable ===========
Isotope  H2     H1     AX     L1     L2     CDD    
Ar40     5.8010 5.8795 5.9930 6.1409 6.2315 6.3691
Ar39     5.7002 5.7718 5.8854 6.0270 6.1166 6.2556
Ar36     5.3777 5.4408 5.5488 5.6858 5.7716 5.9067
================================
get initial guess parabolic
get initial guess parabolic
get initial guess parabolic
get initial guess parabolic
get initial guess parabolic
get initial guess parabolic
======== Configuration Finished ========
GetYSymmetry ===>> -2.81
GetZSymmetry ===>> -50.72
GetParameter Trap Current Readback ===>> 197.475737044497
GetHighVoltage ===>> 4500
start measurement
do measurement
L#=25325 analysis type=unknown
Measurement Started jan_unknown120_60.py
20:48:27 -- ******* Measurement Started jan_unknown120_60.py *******
state changed from extraction to measurement
setting spec, defl, and gains
GetExtractionLens ===>> 26.13
GetYSymmetry ===>> -2.81
GetZSymmetry ===>> -50.72
GetZFocus ===>> 74.64
GetDeflection H2 ===>> 0
GetDeflection H1 ===>> 0
GetDeflection AX ===>> 190
GetDeflection L1 ===>> 400
GetDeflection L2 ===>> 825
GetDeflection CDD ===>> 50
GetGain H2 ===>> 0.0113
GetGain H1 ===>> 0.1
GetGain AX ===>> 0.097049
GetGain L1 ===>> 0.010355
GetGain L2 ===>> 0.095649
GetGain CDD ===>> 0
pre measurement save
New frame /Users/jan/PychronDev/data/isotopes/26/4fa0dc-29ad-4158-a6e1-6b30b0d76ecf.h5
flush and close file /Users/jan/PychronDev/data/isotopes/26/4fa0dc-29ad-4158-a6e1-6b30b0d76ecf.h5
testing...
no interpolation path defined
executed snippet estimated_duration=226.132928, duration=0.000140905380249
unknown measurement script
activate_detectors ('H2', 'H1', 'AX', 'L1', 'L2', 'CDD') {}
activate detectors
*************** Set Analysis View Ar/Ar
create graphs
clearing graphs
clear isotope group
setting isotope det=H2, iso=PM41
setting isotope det=H1, iso=Ar40
setting isotope det=AX, iso=Ar39
setting isotope det=L1, iso=Ar38
setting isotope det=L2, iso=Ar37
setting isotope det=CDD, iso=Ar36
setting previous blanks
 - setting Ar40 blank 0.205+/-0.007
 - setting Ar36 blank 0.00443+/-0.00018
 - setting Ar37 blank 0.053+/-0.005
 - setting Ar38 blank 0.0069+/-0.0021
 - setting PM41 blank 0.04+/-0.07
 - setting Ar39 blank 0.035+/-0.009
load analysis view
position_magnet ('Ar40',) {'detector': 'H1'}
detector Detector(H1)
POSITION Ar40 H1
setting detector H2 to PM41 (40.9624)
setting detector H1 to Ar40 (39.9624)
setting detector AX to Ar39 (38.9624)
setting detector L1 to Ar38 (37.9624)
setting detector L2 to Ar37 (36.9624)
setting detector CDD to Ar36 (35.9624)
Mapping mass to dac mass func: "parabolic"
H1 map mass coeffs = [-0.00063987  0.15840543  0.57111999]
H1 map mass to dac 39.9624 >> 5.87951
GetDeflection H1 ===>> 0
GetHighVoltage ===>> 4500
positioning Ar40 (5.87951) on H1
setting magnet DAC
current  : 5.879510
requested: 5.879510
Delta Dac: 0.000000
Checking detector protection. dv=0.00000
Checking detector "CDD". Protection Threshold: 0.1 (V)
SetMagnetDAC 5.87951 ===>> OK
Magnet settling time: 0.500
equilibrate () {'delay': 3, 'inlet': 'R', 'outlet': 'O', 'eqtime': 12.0}
Equilibration Started
20:48:29 -- ******* Equilibration Started *******
checking ownership. requestor=129.138.12.150
check software interlocks O
interlocks []
actuate state mode=None-script, software_lock=False
doing actuation None-script close_channel True
Close O ===>> OK
GetIndicatorState O ===>> False
change switch state (True, True)
update switch state O False args=() kw={} ncanvase=2
20:48:29 -- CLOSE  VALVE-O (Jan Ion Pump)
waiting 3s before opening inlet value ('R',)
update labels <pychron.experiment.plot_panel.PlotPanel object at 0x19eecb7d0>
update labels "<pychron.graph.stacked_regression_graph.StackedRegressionGraph object at 0x1901d2050>"
setting label 0 H2 PM41
setting label 1 H1 Ar40
setting label 2 AX Ar39
setting label 3 L1 Ar38
setting label 4 L2 Ar37
setting label 5 CDD Ar36
update labels "<pychron.graph.stacked_graph.StackedGraph object at 0x1a8c8d5f0>"
setting label 0 H2 PM41
setting label 1 H1 Ar40
setting label 2 AX Ar39
setting label 3 L1 Ar38
setting label 4 L2 Ar37
setting label 5 CDD Ar36
checking ownership. requestor=129.138.12.150
check software interlocks R
interlocks []
actuate state mode=None-script, software_lock=False
doing actuation None-script open_channel True
Open R ===>> OK
set states for children of R. state=True
handle state [('R', True)]
update switch state R True args=() kw={'refresh': False} ncanvase=2
refresh_canvas_needed fired
GetIndicatorState R ===>> OK
change switch state (True, True)
update switch state R True args=() kw={} ncanvase=2
20:48:33 -- OPEN   VALVE-R (Jan Inlet)
set_time_zero () {}
equilibrating for 12.0sec
sniff (12.0,) {}
py_sniff
build tables- sniff [Detector(H2), Detector(H1), Detector(AX), Detector(L1), Detector(L2), Detector(CDD)]
add group /sniff/PM41 (Group) '' table H2
add group /sniff/Ar40 (Group) '' table H1
add group /sniff/Ar39 (Group) '' table AX
add group /sniff/Ar38 (Group) '' table L1
add group /sniff/Ar37 (Group) '' table L2
add group /sniff/Ar36 (Group) '' table CDD
flush and close file /Users/jan/PychronDev/data/isotopes/26/4fa0dc-29ad-4158-a6e1-6b30b0d76ecf.h5
measuring sniff. ncounts=12.0
"sniff" increment series count="1" fit count="0" regressing="False"
starting measurement
GetData ===>> H2,-0.187203327634141,H1,37.7723440573832,AX,5.21125245707661,L1,-0.00482348483313879,L2,0.122987...
GetData ===>> H2,0.889120902133588,H1,1044.81589258353,AX,136.715688248322,L1,0.650768561244928,L2,0.5757466326...
GetData ===>> H2,0.665149694571668,H1,1829.7074235,AX,230.968851949353,L1,1.75819946476471,L2,0.660964115995851...
GetData ===>> H2,0.255840147986558,H1,2082.12670819707,AX,257.715322499822,L1,2.47830397085297,L2,0.61915859453...
GetData ===>> H2,0.188968447064967,H1,2171.1125632492,AX,266.244026591272,L1,2.87169829154165,L2,0.637312272939...
GetData ===>> H2,0.141489254218102,H1,2207.19560818859,AX,269.582417295339,L1,3.084108245052,L2,0.6286372000979...
GetData ===>> H2,0.0768637100119032,H1,2221.27615325311,AX,270.916528199318,L1,3.21702507299239,L2,0.6011326978...
GetData ===>> H2,-0.0199704583332154,H1,2227.85450964256,AX,271.774624677672,L1,3.30900899370194,L2,0.571321911...
GetData ===>> H2,-0.0519099105562195,H1,2230.13768869369,AX,272.209905751603,L1,3.35551653730919,L2,0.643439015...
GetData ===>> H2,0.0275715228159199,H1,2231.01687618695,AX,272.393122438352,L1,3.40696850325815,L2,0.5266630914...
GetData ===>> H2,0.0869452866768351,H1,2231.40369570766,AX,272.332878703038,L1,3.46521090388029,L2,0.5047813455...
Equilibration Finished
20:48:45 -- ******* Equilibration Finished *******
checking ownership. requestor=129.138.12.150
check software interlocks R
interlocks []
actuate state mode=None-script, software_lock=False
doing actuation None-script close_channel True
GetData ===>> H2,0.124416768326442,H1,2231.49398418576,AX,272.160918281829,L1,3.4630331272329,L2,0.578982410684...
Close R ===>> OK
GetIndicatorState R ===>> False
change switch state (True, True)
update switch state R False args=() kw={} ncanvase=2
20:48:45 -- CLOSE  VALVE-R (Jan Inlet)
Post Equilibration Started jan_pump_extraction_line.py
20:48:45 -- ******* Post Equilibration Started jan_pump_extraction_line.py *******
testing...
no interpolation path defined
calculate duration
testing...
no interpolation path defined
executed snippet estimated_duration=4.0, duration=0.000247955322266
executed snippet estimated_duration=4.0, duration=0.00148606300354
Pump after analysis
doing GOSUB
testing...
no interpolation path defined
executed snippet estimated_duration=4.0, duration=0.000139951705933
Pump Microbone
close () {'description': 'Jan Inlet'}
closing name=--- desc=Jan Inlet
checking ownership. requestor=129.138.12.150
check software interlocks R
interlocks []
actuate state mode=None-script, software_lock=False
doing actuation None-script close_channel False
measurement finished
estimated time: 12.583 actual time: :12.681
flush and close file /Users/jan/PychronDev/data/isotopes/26/4fa0dc-29ad-4158-a6e1-6b30b0d76ecf.h5
set_fits () {}
using default fits file=/Users/jan/PychronDev/scripts/measurement/fits/nominal_linear.yaml
set "Ar40" to "('Linear', 'SEM')"
No fit for "PM41". defaulting to linear. check the measurement script "jan_unknown120_60.py"
set "PM41" to "linear"
set "Ar36" to "('Linear', 'SEM')"
set "Ar37" to "('linear', 'SEM')"
set "Ar38" to "('linear', 'SEM')"
set "Ar39" to "('Linear', 'SEM')"
set_baseline_fits () {}
using default fits file=/Users/jan/PychronDev/scripts/measurement/fits/nominal_linear.yaml
set "H1" to "('average', 'SEM')"
set "H2" to "('average', 'SEM')"
set "CDD" to "('average', 'SEM')"
set "L2" to "('average', 'SEM')"
set "L1" to "('average', 'SEM')"
set "AX" to "('average', 'SEM')"
multicollect () {'integration_time': 1, 'ncounts': 120}
build tables- signal [Detector(H2), Detector(H1), Detector(AX), Detector(L1), Detector(L2), Detector(CDD)]
add group /signal/PM41 (Group) '' table H2
add group /signal/Ar40 (Group) '' table H1
add group /signal/Ar39 (Group) '' table AX
add group /signal/Ar38 (Group) '' table L1
Close R ===>> OK
add group /signal/Ar37 (Group) '' table L2
add group /signal/Ar36 (Group) '' table CDD
flush and close file /Users/jan/PychronDev/data/isotopes/26/4fa0dc-29ad-4158-a6e1-6b30b0d76ecf.h5
measuring signal. ncounts=120
GetIndicatorState R ===>> False
change switch state (True, True)
update switch state R False args=() kw={} ncanvase=2
20:48:46 -- CLOSE  VALVE-R (Jan Inlet)
---------------------------------------- close None (Jan Inlet) result=[(True, True)]
action=close, ok=True, locked=[False]
is_closed ('F',) {}
is F () closed?
is closed True
open () {'description': 'CO2 Laser to Jan'}
opening name=--- desc=CO2 Laser to Jan
checking ownership. requestor=129.138.12.150
check software interlocks A
interlocks []
actuate state mode=None-script, software_lock=False
doing actuation None-script open_channel False
Open A ===>> OK
GetIndicatorState A ===>> OK
change switch state (True, True)
update switch state A True args=() kw={} ncanvase=2
20:48:46 -- OPEN   VALVE-A (CO2 Laser to Jan)
---------------------------------------- open None (CO2 Laser to Jan) result=[(True, True)], time=0.13 sec
"signal" increment series count="2" fit count="1" regressing="True"
starting measurement
GetData ===>> H2,0.168548030156371,H1,2231.93833740424,AX,272.454638620669,L1,3.4949901346756,L2,0.548172627883...
action=open, ok=True, locked=[False]
sleep (1,) {}
SLEEP 1.0
GetData ===>> H2,0.1154807091614,H1,2230.2193405535,AX,272.071772142298,L1,3.48073832231068,L2,0.580811874108,C...
close () {'description': 'CO2 Laser to Roughing'}
closing name=--- desc=CO2 Laser to Roughing
checking ownership. requestor=129.138.12.150
check software interlocks G
interlocks []
actuate state mode=None-script, software_lock=True
VALVE-G(CO2 Laser to Roughing) software locked
change switch state (True, False)
---------------------------------------- close None (CO2 Laser to Roughing) result=[(True, False)]
action=close, ok=True, locked=[True]
open () {'description': 'Microbone to Turbo'}
opening name=--- desc=Microbone to Turbo
checking ownership. requestor=129.138.12.150
check software interlocks U
interlocks []
actuate state mode=None-script, software_lock=False
doing actuation None-script open_channel True
Open U ===>> OK
GetIndicatorState U ===>> OK
change switch state (True, True)
update switch state U True args=() kw={} ncanvase=2
20:48:48 -- OPEN   VALVE-U (Microbone to Turbo)
---------------------------------------- open None (Microbone to Turbo) result=[(True, True)], time=0.21 sec
action=open, ok=True, locked=[False]
open () {'description': 'Microbone to Getter NP-10'}
opening name=--- desc=Microbone to Getter NP-10
checking ownership. requestor=129.138.12.150
check software interlocks M
interlocks []
actuate state mode=None-script, software_lock=False
doing actuation None-script open_channel False
Open M ===>> OK
GetIndicatorState M ===>> OK
change switch state (True, True)
update switch state M True args=() kw={} ncanvase=2
20:48:48 -- OPEN   VALVE-M (Microbone to Getter NP-10)
---------------------------------------- open None (Microbone to Getter NP-10) result=[(True, True)], time=0.15 sec
action=open, ok=True, locked=[False]
open () {'description': 'Microbone to Getter D-50'}
opening name=--- desc=Microbone to Getter D-50
checking ownership. requestor=129.138.12.150
check software interlocks K
interlocks []
actuate state mode=None-script, software_lock=False
doing actuation None-script open_channel False
GetData ===>> H2,-0.0920420382280935,H1,2229.30422893567,AX,271.835156216182,L1,3.43789042083077,L2,0.604529451...
Open K ===>> OK
GetIndicatorState K ===>> OK
change switch state (True, True)
update switch state K True args=() kw={} ncanvase=2
20:48:49 -- OPEN   VALVE-K (Microbone to Getter D-50)
---------------------------------------- open None (Microbone to Getter D-50) result=[(True, True)], time=0.42 sec
action=open, ok=True, locked=[False]
open () {'description': 'Microbone to CO2 Laser'}
opening name=--- desc=Microbone to CO2 Laser
checking ownership. requestor=129.138.12.150
check software interlocks T
interlocks []
actuate state mode=None-script, software_lock=False
doing actuation None-script open_channel False
Open T ===>> OK
GetIndicatorState T ===>> OK
change switch state (True, True)
update switch state T True args=() kw={} ncanvase=2
20:48:50 -- OPEN   VALVE-T (Microbone to CO2 Laser)
---------------------------------------- open None (Microbone to CO2 Laser) result=[(True, True)], time=0.43 sec
GetData ===>> H2,-0.119621748903918,H1,2228.41297276864,AX,271.639628905577,L1,3.42909043573814,L2,0.6643826266...
action=open, ok=True, locked=[False]
open () {'description': 'Microbone to Inlet Pipette'}
opening name=--- desc=Microbone to Inlet Pipette
checking ownership. requestor=129.138.12.150
check software interlocks S
interlocks []
actuate state mode=None-script, software_lock=False
doing actuation None-script open_channel False
Open S ===>> OK
GetIndicatorState S ===>> OK
change switch state (True, True)
update switch state S True args=() kw={} ncanvase=2
20:48:50 -- OPEN   VALVE-S (Microbone to Inlet Pipette)
---------------------------------------- open None (Microbone to Inlet Pipette) result=[(True, True)], time=0.41 sec
action=open, ok=True, locked=[False]
sleep (1,) {}
SLEEP 1.0
GetData ===>> H2,-0.207314003396013,H1,2227.38290533329,AX,271.530808365804,L1,3.45978545352886,L2,0.6170653121...
set_resource () {'name': 'CO2PumpTimeFlag', 'value': 30}
Set CO2PumpTimeFlag 30 ===>> OK
release ('JanCO2Flag',) {}
release JanCO2Flag
Set JanCO2Flag 0 ===>> OK
executed snippet estimated_duration=6.0, duration=6.0899541378
PumpMicrobone.py completed successfully
gosub finished
get_resource_value () {'name': 'JanMiniboneFlag'}
Read JanMiniboneFlag ===>> 0
Get Resource Value JanMiniboneFlag=0.0
get resource value 0.0
get_resource_value () {'name': 'JanMiniboneFlag'}
Read JanMiniboneFlag ===>> 0
Get Resource Value JanMiniboneFlag=0.0
executed snippet estimated_duration=4.0, duration=6.10835719109
jan_pump_extraction_line.py completed successfully
Post Equilibration Finished
20:48:52 -- ******* Post Equilibration Finished *******
GetData ===>> H2,-0.16640548181255,H1,2226.76501171136,AX,271.690899750532,L1,3.47776097999605,L2,0.62840861853...
GetData ===>> H2,-0.192872671090244,H1,2226.01165900221,AX,271.775653358041,L1,3.47021048436344,L2,0.6507321780...
GetData ===>> H2,-0.212449368201764,H1,2224.7884531597,AX,271.692873000196,L1,3.45830582016502,L2,0.41181813513...
GetData ===>> H2,-0.112658215655958,H1,2223.96512121571,AX,271.457081080046,L1,3.44203366309472,L2,0.5686808961...
GetData ===>> H2,-0.133089448609037,H1,2223.0292414439,AX,271.271671564047,L1,3.43592899329065,L2,0.59149206310...
GetData ===>> H2,-0.0255831506170517,H1,2221.38821962272,AX,271.263286919517,L1,3.47540075549589,L2,0.609458960...
GetData ===>> H2,0.0317284282785632,H1,2220.9723357362,AX,271.300936893287,L1,3.48351844070998,L2,0.66524013166...
GetData ===>> H2,-0.0467250045756842,H1,2220.50574076627,AX,271.138333072684,L1,3.47331396128756,L2,0.595506017...
GetData ===>> H2,-0.0406482706439474,H1,2219.25212808314,AX,271.102942578136,L1,3.49389865482861,L2,0.491323409...
GetData ===>> H2,-0.0585789508076685,H1,2219.20295367188,AX,271.115904590047,L1,3.46282788301562,L2,0.561569952...
GetData ===>> H2,-0.0299863326215366,H1,2217.31093288922,AX,270.64263432038,L1,3.44328651559696,L2,0.6643597599...
GetData ===>> H2,-0.0596313146454052,H1,2216.08201018776,AX,270.579771272535,L1,3.45415342985194,L2,0.542914803...
GetData ===>> H2,-0.121365346537131,H1,2215.39455585258,AX,270.321658768201,L1,3.44629980569773,L2,0.6002978240...
GetData ===>> H2,-0.0706166642045019,H1,2214.9657359924,AX,270.079157227198,L1,3.40945985994605,L2,0.6574999969...
GetData ===>> H2,-0.0203697724918374,H1,2214.00591771783,AX,270.238228074847,L1,3.4074468140751,L2,0.5170299375...
GetData ===>> H2,-0.0781063791153506,H1,2213.27609983483,AX,270.227754980028,L1,3.40254119336752,L2,0.594739808...
GetData ===>> H2,-0.0626386945195758,H1,2212.22367678262,AX,270.126954793666,L1,3.39434649235895,L2,0.597404413...
GetData ===>> H2,-0.000872374762852885,H1,2211.34567544682,AX,269.925579220672,L1,3.45187747704532,L2,0.5438749...
GetData ===>> H2,-0.0280546306449412,H1,2210.31331105204,AX,270.109018985016,L1,3.49082756024796,L2,0.660861219...
20:49:12 -- collecting point 25
GetData ===>> H2,-0.125377714869794,H1,2209.52573431613,AX,269.905641822334,L1,3.4455594061978,L2,0.67490188458...
GetData ===>> H2,-0.129499497209968,H1,2208.42491410071,AX,269.771856315894,L1,3.43701082915321,L2,0.5605067854...
GetData ===>> H2,-0.156668100233596,H1,2207.74139070655,AX,269.672945492924,L1,3.43591072938155,L2,0.5413146536...
GetData ===>> H2,-0.199990863783412,H1,2206.70870530435,AX,269.298177790828,L1,3.45996690423151,L2,0.6371522513...
GetData ===>> H2,-0.0516412221213673,H1,2205.63277123448,AX,269.608255179565,L1,3.47440867314944,L2,0.546778133...
GetData ===>> H2,-0.119509467730242,H1,2204.25368447792,AX,269.259083521731,L1,3.44288901546451,L2,0.4418819806...
GetData ===>> H2,0.0763942836963089,H1,2204.13360820208,AX,269.012712770974,L1,3.43385411324524,L2,0.6540474351...
GetData ===>> H2,-0.0096513531816744,H1,2203.17695346795,AX,268.976717545879,L1,3.42627554690128,L2,0.634146180...
GetData ===>> H2,-0.0992891624970387,H1,2202.38410823501,AX,268.954141608079,L1,3.3700861125134,L2,0.6099393435...
GetData ===>> H2,-0.0928548780011084,H1,2201.5196556874,AX,268.801956174037,L1,3.37300952833822,L2,0.5349257487...
GetData ===>> H2,-0.0787487060234719,H1,2200.98676605654,AX,268.855049026795,L1,3.39978452260932,L2,0.528411561...
GetData ===>> H2,-0.0535951752276845,H1,2199.55124180916,AX,268.479855443697,L1,3.40768667813449,L2,0.582538462...
GetData ===>> H2,-0.0274256021760404,H1,2198.9157087222,AX,268.523931905205,L1,3.39576151294287,L2,0.5954030935...
GetData ===>> H2,-0.0214589869571389,H1,2198.29178808364,AX,268.753784450406,L1,3.36720543116203,L2,0.659454979...
GetData ===>> H2,-0.101497187851115,H1,2197.21048198357,AX,268.60142414174,L1,3.39855418853989,L2,0.61397694620...
GetData ===>> H2,-0.0471349966979957,H1,2195.30951632725,AX,268.212151950318,L1,3.40607084626253,L2,0.576592726...
GetData ===>> H2,0.00288106940099564,H1,2194.28553129019,AX,268.273490526713,L1,3.40473991522323,L2,0.596478083...
GetData ===>> H2,-0.0298477826186442,H1,2193.99812726187,AX,268.247631631383,L1,3.40153134091039,L2,0.635620629...
GetData ===>> H2,-0.110526082304537,H1,2192.87843974032,AX,268.06267240132,L1,3.41251726165935,L2,0.60782338738...
GetData ===>> H2,-0.0789289304743089,H1,2192.44464417189,AX,267.941378570953,L1,3.39753298268616,L2,0.550950246...
GetData ===>> H2,-0.0725109095303423,H1,2191.33664192132,AX,267.847140772596,L1,3.39437734332234,L2,0.540777466...
GetData ===>> H2,-0.101717831426505,H1,2190.47327502988,AX,267.71681970552,L1,3.40112162210218,L2,0.66694373108...
GetData ===>> H2,-0.125672467267721,H1,2189.57864210436,AX,267.498703643094,L1,3.36755970149007,L2,0.5065522672...
GetData ===>> H2,-0.0500357444637902,H1,2188.43187457012,AX,267.317988056068,L1,3.36839851056765,L2,0.620039388...
GetData ===>> H2,-0.068747872684888,H1,2188.3958565877,AX,267.424285943921,L1,3.36010956689752,L2,0.65706556184...
20:49:38 -- collecting point 50
GetData ===>> H2,-0.0657753937739933,H1,2186.73384972354,AX,267.36963091826,L1,3.38824099625286,L2,0.5753235884...
GetData ===>> H2,-0.0876638965554944,H1,2186.34002298354,AX,267.511320121841,L1,3.37400564485665,L2,0.628625771...
GetData ===>> H2,-0.0925785190000158,H1,2185.417821946,AX,267.329002572685,L1,3.39372247887243,L2,0.57337989595...
GetData ===>> H2,-0.047836836371521,H1,2184.55117277764,AX,267.436650511188,L1,3.38238280633914,L2,0.5233148036...
GetData ===>> H2,-0.0565241198652072,H1,2183.69132972534,AX,267.010110463941,L1,3.35206594499832,L2,0.511773820...
GetData ===>> H2,-0.0420337393427782,H1,2182.98822353118,AX,266.819262005591,L1,3.3952804709989,L2,0.5971528166...
GetData ===>> H2,-0.121254435190813,H1,2182.08500940459,AX,266.337418958266,L1,3.39414175619683,L2,0.7184661697...
GetData ===>> H2,-0.126513415980105,H1,2180.72499140955,AX,266.504902617977,L1,3.36697999196732,L2,0.6017731538...
GetData ===>> H2,-0.18010624326023,H1,2180.04383314143,AX,266.590225140931,L1,3.3391297596989,L2,0.515624469246...
GetData ===>> H2,-0.121580403255222,H1,2179.41719693963,AX,266.327089000001,L1,3.35210093577621,L2,0.5690238810...
GetData ===>> H2,0.000681327984783021,H1,2178.38047372059,AX,266.18066157766,L1,3.36414486815488,L2,0.589044891...
GetData ===>> H2,-0.0386165784699674,H1,2177.0705923865,AX,266.251743761301,L1,3.36574925422118,L2,0.5166528586...
GetData ===>> H2,-0.0457284721269014,H1,2176.54987631524,AX,265.970401791983,L1,3.36707240751176,L2,0.544172083...
GetData ===>> H2,-0.0274405470994458,H1,2176.67312179705,AX,266.102258761064,L1,3.30077498443008,L2,0.672432042...
GetData ===>> H2,-0.0795305613448508,H1,2175.65121844446,AX,266.171845078593,L1,3.32039746009847,L2,0.535622907...
GetData ===>> H2,-0.0943368062527997,H1,2175.50198157548,AX,265.94671174163,L1,3.331054587432,L2,0.545737990879...
GetData ===>> H2,-0.0747694899035919,H1,2174.21047723643,AX,265.691085976146,L1,3.30729657953085,L2,0.488833098...
GetData ===>> H2,-0.186653095109274,H1,2173.9228146768,AX,265.584261348505,L1,3.32663538833211,L2,0.56036960351...
GetData ===>> H2,-0.16476404132936,H1,2171.54335295561,AX,265.706172949954,L1,3.36031825630821,L2,0.63060302403...
GetData ===>> H2,-0.0990549323073134,H1,2171.43733450183,AX,265.544438962852,L1,3.35358884009863,L2,0.576787100...
GetData ===>> H2,0.0118584502745622,H1,2169.82620647037,AX,265.582451090561,L1,3.32780818024044,L2,0.5368458042...
GetData ===>> H2,-0.0748914892831055,H1,2169.20034745674,AX,265.289614062479,L1,3.32434745359589,L2,0.609241644...
GetData ===>> H2,-0.130756219640889,H1,2169.47426336746,AX,265.069797050321,L1,3.35724431397966,L2,0.5736314304...
GetData ===>> H2,-0.0960257521132196,H1,2168.61560113971,AX,264.890683351702,L1,3.35074057108365,L2,0.507991879...
GetData ===>> H2,-0.166531009824081,H1,2166.43014305126,AX,264.854641320809,L1,3.34229812063837,L2,0.6163218075...
20:50:04 -- collecting point 75
GetData ===>> H2,-0.0677808085282265,H1,2165.14376586873,AX,265.016071873507,L1,3.34552030468783,L2,0.523954740...
GetData ===>> H2,-0.0953594137157356,H1,2164.80728545024,AX,265.121479313067,L1,3.35727511943487,L2,0.539668812...
GetData ===>> H2,-0.152075577604334,H1,2164.5130755277,AX,264.842893278727,L1,3.36651372462015,L2,0.53193145322...
GetData ===>> H2,-0.0885258367519561,H1,2163.13286485328,AX,264.624104501675,L1,3.31987873638512,L2,0.665068630...
GetData ===>> H2,-0.0732362528265211,H1,2162.45914301754,AX,264.584231380109,L1,3.34699898137589,L2,0.622933481...
GetData ===>> H2,-0.0729474768307121,H1,2161.64475372039,AX,264.586776266132,L1,3.37081024505548,L2,0.598102026...
GetData ===>> H2,-0.106238051039303,H1,2161.32185082988,AX,264.568743757169,L1,3.37653344163687,L2,0.5292000972...
GetData ===>> H2,-0.0650407733782971,H1,2160.20143369688,AX,264.25035909266,L1,3.36037568156141,L2,0.6010183311...
GetData ===>> H2,0.00506491559566011,H1,2159.27368869636,AX,264.052404439635,L1,3.35868385518489,L2,0.572933995...
GetData ===>> H2,-0.062665808848033,H1,2158.42868590117,AX,264.036223333259,L1,3.32420351171632,L2,0.5864719974...
GetData ===>> H2,0.0174007450137403,H1,2157.34211786852,AX,263.913345993745,L1,3.29339112839034,L2,0.5716877721...
GetData ===>> H2,0.0134914599789361,H1,2156.6533899675,AX,264.133846626266,L1,3.32088264832203,L2,0.50457569223...
GetData ===>> H2,0.0846748395025324,H1,2155.66505582264,AX,263.797375923744,L1,3.33059455522826,L2,0.5742602694...
GetData ===>> H2,0.0158978531610026,H1,2155.17696474135,AX,263.610725067858,L1,3.31700170434746,L2,0.6266371298...
GetData ===>> H2,-0.135213960342632,H1,2154.6070077729,AX,263.393525302142,L1,3.30433885449691,L2,0.64492503819...
GetData ===>> H2,-0.156572183701864,H1,2153.68889570984,AX,263.387574088425,L1,3.29171305691198,L2,0.5434977222...
GetData ===>> H2,-0.139046811777283,H1,2152.49967400042,AX,263.196383785055,L1,3.28630912251838,L2,0.6149377605...
GetData ===>> H2,-0.0779031035502068,H1,2151.69075943294,AX,263.333201351923,L1,3.31958233313326,L2,0.558586256...
GetData ===>> H2,-0.0803055884415874,H1,2150.88117584813,AX,263.346820619809,L1,3.30199606631139,L2,0.561364176...
GetData ===>> H2,-0.060515442045163,H1,2150.14376674273,AX,263.406820544593,L1,3.273681118738,L2,0.543234836979...
GetData ===>> H2,-0.100985494849032,H1,2149.62032135629,AX,262.818298903667,L1,3.28381594684205,L2,0.5903942586...
GetData ===>> H2,-0.110577528964476,H1,2148.34924421091,AX,262.991779544375,L1,3.29859998550419,L2,0.6403641648...
GetData ===>> H2,0.0239849734471318,H1,2147.44264822158,AX,262.976943145937,L1,3.29074708815814,L2,0.4446579676...
GetData ===>> H2,0.1093309594629,H1,2146.36416779779,AX,262.527224280992,L1,3.27713284195251,L2,0.5888047515811...
GetData ===>> H2,-0.0573745800333323,H1,2145.50756935434,AX,262.49152774147,L1,3.3017529574881,L2,0.67769196817...
20:50:31 -- collecting point 100
GetData ===>> H2,-0.120350873120968,H1,2144.65807042728,AX,262.473681561887,L1,3.33388788840922,L2,0.5284915573...
GetData ===>> H2,0.062842318781291,H1,2143.86384665359,AX,262.424427887124,L1,3.31669279388356,L2,0.53524575532...
GetData ===>> H2,0.000138935278436741,H1,2142.88827402689,AX,262.23443701126,L1,3.31243876428759,L2,0.650480680...
GetData ===>> H2,-0.0484354700768355,H1,2142.11866255054,AX,262.324632379665,L1,3.30528697686523,L2,0.598204953...
GetData ===>> H2,-0.0610225638867374,H1,2141.73525430657,AX,262.285249225487,L1,3.34936077361859,L2,0.534388597...
GetData ===>> H2,0.0154064613191051,H1,2140.45345825195,AX,261.993643779357,L1,3.32628594976322,L2,0.6320202709...
GetData ===>> H2,-0.0152156439926319,H1,2139.91097359746,AX,262.006623249938,L1,3.32154684341423,L2,0.501422396...
GetData ===>> H2,-0.0315387924845135,H1,2138.68878226704,AX,261.849271592847,L1,3.32791721810168,L2,0.492214453...
GetData ===>> H2,-0.011481045810819,H1,2137.70867031683,AX,261.756309943614,L1,3.30232999986887,L2,0.6697907533...
GetData ===>> H2,-0.0343647316487313,H1,2137.04899389539,AX,261.616118317326,L1,3.28973513984642,L2,0.493848056...
GetData ===>> H2,0.0326640425650737,H1,2136.47735033119,AX,261.674088192388,L1,3.29500101849388,L2,0.5485612611...
GetData ===>> H2,-0.0268359413792163,H1,2135.00344463488,AX,261.615656140172,L1,3.29553025010326,L2,0.622327201...
GetData ===>> H2,0.0157848720015379,H1,2133.72625588363,AX,261.273866758035,L1,3.30219027755758,L2,0.5938821182...
GetData ===>> H2,-0.0202434603414667,H1,2133.29848771394,AX,261.254360835987,L1,3.33184465441889,L2,0.531165751...
GetData ===>> H2,-0.136539043096739,H1,2132.59983006094,AX,261.202039581647,L1,3.37250099506302,L2,0.6020247628...
GetData ===>> H2,-0.0510508995066625,H1,2132.4584581757,AX,260.894951772859,L1,3.34296908092364,L2,0.5431548285...
GetData ===>> H2,-0.0111466662504095,H1,2131.09748516028,AX,261.061692039985,L1,3.31556764582488,L2,0.515247395...
GetData ===>> H2,-0.0309058816239186,H1,2130.21816501741,AX,261.130401829599,L1,3.35444275553747,L2,0.589708137...
GetData ===>> H2,-0.0638953757596494,H1,2128.97099157429,AX,260.969721595741,L1,3.34090136145058,L2,0.534125736...
GetData ===>> H2,-0.123990382901153,H1,2128.77026902136,AX,260.699733981301,L1,3.32883848868108,L2,0.6188154303...
GetData ===>> H2,-0.0199446518351061,H1,2127.56402757056,AX,260.639110020499,L1,3.29022365570435,L2,0.580137255...
measurement finished
estimated time: 125.829 actual time: :126.374
flush and close file /Users/jan/PychronDev/data/isotopes/26/4fa0dc-29ad-4158-a6e1-6b30b0d76ecf.h5
baselines () {'settling_time': 15.0, 'detector': 'H1', 'mass': 34.2, 'ncounts': 60}
%%%%%%%%%%%%%%%%%%%%%%%%%%%%%%%% Baseline
build tables- baseline [Detector(H2), Detector(H1), Detector(AX), Detector(L1), Detector(L2), Detector(CDD)]
add group baseline table H2
add group baseline table H1
add group baseline table AX
add group baseline table L1
add group baseline table L2
add group baseline table CDD
flush and close file /Users/jan/PychronDev/data/isotopes/26/4fa0dc-29ad-4158-a6e1-6b30b0d76ecf.h5
detector Detector(H1)
POSITION 34.2 H1
Mapping mass to dac mass func: "parabolic"
H1 map mass coeffs = [-0.00063987  0.15840543  0.57111999]
H1 map mass to dac 34.2 >> 5.24016599104
GetDeflection H1 ===>> 0
GetHighVoltage ===>> 4500
positioning 34.2 (5.24016599104) on H1
setting magnet DAC
current  : 5.879510
requested: 5.240166
Delta Dac: 0.639344
Checking detector protection. dv=0.63934
Checking detector "CDD". Protection Threshold: 0.1 (V)
ProtectDetector CDD,On ===>> OK
GetDeflection CDD ===>> 2000
Protected = 2000
SetMagnetDAC 5.24016599104 ===>> OK
Magnet settling time: 0.500
GetMagnetMoving ===>> True
GetMagnetMoving ===>> True
GetMagnetMoving ===>> True
GetMagnetMoving ===>> True
GetMagnetMoving ===>> True
GetMagnetMoving ===>> True
GetMagnetMoving ===>> True
GetMagnetMoving ===>> True
GetMagnetMoving ===>> False
ProtectDetector CDD,Off ===>> OK
GetDeflection CDD ===>> 50
Delaying 15.0s for detectors to settle
Join finished
measuring baseline. ncounts=60
"baseline" increment series count="2" fit count="1" regressing="True"
starting measurement
GetData ===>> H2,-0.109900580588289,H1,-0.138422419579354,AX,-0.0854714057649303,L1,-0.0620495715432738,L2,0.03...
GetData ===>> H2,-0.242191707019215,H1,-0.0776037129851968,AX,-0.0259702775074517,L1,-0.058148892359631,L2,0.02...
GetData ===>> H2,-0.197206206850229,H1,0.0335223454353663,AX,-0.108985883863141,L1,-0.0712675753850811,L2,0.005...
GetData ===>> H2,-0.123234445483301,H1,-0.0565638707740178,AX,-0.0702401701511137,L1,-0.0766926970383495,L2,0.0...
GetData ===>> H2,-0.166244857919944,H1,-0.0271483595983611,AX,-0.180397716927465,L1,-0.0499904030065415,L2,-0.0...
GetData ===>> H2,-0.177639231081735,H1,0.0020491513905931,AX,-0.0792006911040128,L1,-0.0284727708912948,L2,-0.0...
GetData ===>> H2,-0.111660562449377,H1,-0.0936339375632088,AX,-0.186806946222813,L1,-0.0404636964262279,L2,-0.0...
GetData ===>> H2,-0.170232785930768,H1,-0.0256576799507301,AX,-0.0502991805100193,L1,-0.0555276462845783,L2,-0....
GetData ===>> H2,-0.127653058924899,H1,-0.00452341679337813,AX,-0.121650519725771,L1,-0.064893957930968,L2,-0.1...
GetData ===>> H2,-0.133558741637873,H1,-0.0504477780331801,AX,-0.0413823811314143,L1,-0.0692594439066849,L2,-0....
GetData ===>> H2,-0.176227340086712,H1,0.00116642204586195,AX,-0.0985099529118895,L1,-0.0865024208912846,L2,-0....
GetData ===>> H2,-0.103664182379075,H1,0.0598729458388238,AX,-0.110839913443386,L1,-0.0710476567705865,L2,-0.03...
GetData ===>> H2,-0.208135926286064,H1,-0.0586978580532137,AX,-0.0364192311988069,L1,-0.0385999166082971,L2,-0....
GetData ===>> H2,-0.182936976775345,H1,-0.0611775179533368,AX,-0.198453740939657,L1,-4.80032021488275E-05,L2,-0...
GetData ===>> H2,-0.191748465818841,H1,0.0254801106079007,AX,-0.107792333626337,L1,-0.0268098877743601,L2,-0.11...
GetData ===>> H2,-0.0878820982858815,H1,0.000271771868987258,AX,-0.133805109161378,L1,-0.0676179761018514,L2,0....
GetData ===>> H2,-0.167911726164891,H1,0.0093617897573008,AX,-0.106494475973791,L1,-0.0526643493379439,L2,0.017...
GetData ===>> H2,-0.0992160507018009,H1,0.00352833693255685,AX,-0.175900573320226,L1,-0.032798812251802,L2,-0.1...
GetData ===>> H2,-0.219494433872475,H1,0.0578319586467703,AX,-0.0269444782119655,L1,-0.0243090552547845,L2,0.00...
GetData ===>> H2,-0.248608360151756,H1,0.0178680265114696,AX,-0.0358162144300629,L1,-0.0317629834583163,L2,0.00...
GetData ===>> H2,-0.0843885128923965,H1,-0.0198974851480791,AX,-0.10534724809665,L1,-0.0576211074135198,L2,-0.0...
GetData ===>> H2,-0.0502026812560933,H1,0.102371294916837,AX,-0.0597484727892475,L1,0.00538301432760787,L2,-0.0...
GetData ===>> H2,-0.122117350986525,H1,0.0556835960199511,AX,-0.00073044160860885,L1,-0.00694292886851516,L2,0....
GetData ===>> H2,-0.155314386187113,H1,0.027603961479339,AX,-0.0639221011560824,L1,-0.0183018810301006,L2,-0.09...
20:51:36 -- collecting point 25
GetData ===>> H2,-0.23064857891188,H1,0.0575097013141736,AX,-0.127223364067977,L1,0.0579331822013703,L2,-0.0087...
GetData ===>> H2,-0.173086227972028,H1,0.0384386884501488,AX,0.0110913826947512,L1,0.224898527990698,L2,0.06308...
GetData ===>> H2,-0.101956067531427,H1,0.0322575001133753,AX,-0.0570818942800288,L1,0.125140456017071,L2,0.1223...
GetData ===>> H2,-0.0980570305219934,H1,-0.018323212739557,AX,-0.119020397057224,L1,0.0227373390421154,L2,-0.05...
GetData ===>> H2,-0.172243087059372,H1,0.0309926707710019,AX,-0.0612788239753457,L1,-0.0237349863007122,L2,0.00...
GetData ===>> H2,-0.143510755073245,H1,-0.00620525691028535,AX,-0.0980695682763637,L1,-0.00915305646286764,L2,-...
GetData ===>> H2,-0.0983224240822543,H1,-0.0041536467371593,AX,-0.0259586798212893,L1,0.00912894174433718,L2,-0...
GetData ===>> H2,-0.176640397159533,H1,0.0651009273526128,AX,-0.108082031631504,L1,0.00868252495205053,L2,-0.04...
GetData ===>> H2,-0.198789432434726,H1,-0.0353526630029631,AX,-0.0792006911040128,L1,0.00159154106202293,L2,-0....
GetData ===>> H2,-0.169363793665769,H1,0.0464461619550384,AX,-0.0854018621622997,L1,0.00766016102169697,L2,0.00...
GetData ===>> H2,-0.17401871397202,H1,-0.00231670427421875,AX,-0.111349765383645,L1,0.0101490543559315,L2,-0.06...
GetData ===>> H2,-0.178276279136012,H1,0.127784192558189,AX,-0.0953345032746916,L1,-0.0267379990186034,L2,-0.02...
GetData ===>> H2,-0.136637742047202,H1,0.0777877689059238,AX,-0.0620323971553063,L1,-0.0610374549990949,L2,-0.0...
GetData ===>> H2,-0.121159753915878,H1,0.085540291564601,AX,-0.129134973098319,L1,-0.0675426510347745,L2,-0.045...
GetData ===>> H2,-0.199265435648665,H1,0.044035498976558,AX,-0.11351660631993,L1,-0.0482109669026441,L2,-0.0216...
GetData ===>> H2,-0.169162728505887,H1,0.000307557722512186,AX,-0.066518935131358,L1,-0.0239315396938442,L2,-0....
GetData ===>> H2,-0.201259577005306,H1,-0.0223781065735061,AX,-0.0514702469086222,L1,-0.00500342101362296,L2,-0...
GetData ===>> H2,-0.245487273358014,H1,0.056531000217608,AX,-0.080707554066263,L1,-0.004813888146513,L2,-0.0454...
GetData ===>> H2,-0.295140766522042,H1,0.0311477904910042,AX,0.00966433457982026,L1,-0.0308611866465068,L2,0.00...
GetData ===>> H2,-0.263621473220423,H1,0.0611381400735358,AX,-0.0406170520870019,L1,-0.0378356190519966,L2,-0.0...
GetData ===>> H2,-0.341405840806547,H1,0.093484268099764,AX,-0.0483512368684226,L1,-0.00961228958282389,L2,-0.0...
GetData ===>> H2,-0.246708904923136,H1,0.0687057676612259,AX,-0.0441189630230458,L1,0.0345476071711593,L2,-0.03...
GetData ===>> H2,-0.301676397695624,H1,0.0110200316488342,AX,-0.017979144166438,L1,0.00835132527545712,L2,0.000...
GetData ===>> H2,-0.141433746602362,H1,-0.0392995519259419,AX,-0.0605948063439911,L1,0.0102198660061238,L2,-0.1...
GetData ===>> H2,-0.139098178063835,H1,0.0631075780036962,AX,-0.158269301060623,L1,-0.0102357579357827,L2,-0.05...
20:52:03 -- collecting point 50
GetData ===>> H2,-0.174685667251066,H1,0.0185122870704603,AX,-0.112995178418643,L1,-0.0133824846976199,L2,-0.03...
GetData ===>> H2,-0.0766264499501317,H1,0.0158994782707868,AX,-0.0121216558598821,L1,-0.0152183798497944,L2,-0....
GetData ===>> H2,-0.127905846775309,H1,0.0816639552138955,AX,-0.117699515677949,L1,0.0103938967525062,L2,-0.005...
GetData ===>> H2,-0.179009110006323,H1,0.00826426346838289,AX,-0.0661131843908864,L1,0.0336714424747509,L2,-0.0...
GetData ===>> H2,-0.137822062479291,H1,0.0524133991750332,AX,-0.0583688173790772,L1,0.00242341778096642,L2,0.08...
GetData ===>> H2,-0.166467571110362,H1,0.0759034002242089,AX,-0.127095922130303,L1,0.0308860087767621,L2,-0.052...
GetData ===>> H2,-0.169000794239072,H1,0.0348588031378717,AX,-0.0501948273747914,L1,0.00680347114902014,L2,0.02...
GetData ===>> H2,-0.116365143965293,H1,0.0344411581893802,AX,-0.0791659170678723,L1,0.0198524863447038,L2,-0.06...
GetData ===>> H2,-0.201696380510657,H1,-0.000288871499853771,AX,-0.0594934119183248,L1,-0.00108248309254516,L2,...
GetData ===>> H2,-0.273055308194127,H1,0.083655776997227,AX,-0.0112401023496658,L1,-0.00452718291472473,L2,0.00...
GetData ===>> H2,-0.216443424926209,H1,-0.0101532953750592,AX,-0.0790036380681873,L1,0.00469492319512187,L2,-0....
measurement finished
estimated time: 62.915 actual time: :63.213
flush and close file /Users/jan/PychronDev/data/isotopes/26/4fa0dc-29ad-4158-a6e1-6b30b0d76ecf.h5
activate_detectors ('H1', 'AX', 'CDD') {'peak_center': True}
peak_center () {'detector': 'H1', 'integration_time': 0.262144, 'isotope': 'Ar40'}
peak center: mean=2131.37074148 threshold=3
peak center started
setup peak center. detector=['H1', 'AX', 'CDD'], isotope=Ar40
VersionedUnpickler [<apptools.sweet_pickle.versioned_unpickler.VersionedUnpickler object at 0x1a437dc50>] using Updater [<apptools.sweet_pickle.updater.Updater object at 0x134a15590>]
VersionedUnpickler [<apptools.sweet_pickle.versioned_unpickler.VersionedUnpickler object at 0x1a437dc50>] using Updater [<apptools.sweet_pickle.updater.Updater object at 0x134a15590>]
VersionedUnpickler [<apptools.sweet_pickle.versioned_unpickler.VersionedUnpickler object at 0x1a89fef50>] using Updater [<apptools.sweet_pickle.updater.Updater object at 0x134a15590>]
setting integration time = 0.524288
SetIntegrationTime 0.524288 ===>> OK
Mapping mass to dac mass func: "parabolic"
H1 map mass coeffs = [-0.00063987  0.15840543  0.57111999]
H1 map mass to dac 39.9624 >> 5.87951
GetDeflection H1 ===>> 0
GetHighVoltage ===>> 4500
do peak center. <pychron.spectrometer.jobs.peak_center.PeakCenter object at 0x134a156b0>
doing pc
starting peak center. center dac= 5.87951 step_width=0.001
width = 0.001
get scan parameters. half-width=0.015,window=0.015, i=0, scalar=1
Scan parameters center=5.87951 width=0.03000 (5.86451 - 5.89451)
GetData ===>> H2,-0.217640402784777,H1,0.035013928848149,AX,0.0396947663981992,L1,0.0144430604252168,L2,-0.0335...
Moving to starting dac 5.86451
setting magnet DAC
current  : 5.240166
requested: 5.864510
Delta Dac: 0.624344
Checking detector protection. dv=0.62434
Checking detector "CDD". Protection Threshold: 0.1 (V)
ProtectDetector CDD,On ===>> OK
GetDeflection CDD ===>> 2000
Protected = 2000
SetMagnetDAC 5.86451 ===>> OK
Magnet settling time: 0.500
GetMagnetMoving ===>> True
GetMagnetMoving ===>> True
GetMagnetMoving ===>> True
GetMagnetMoving ===>> True
GetMagnetMoving ===>> True
GetMagnetMoving ===>> True
GetMagnetMoving ===>> True
GetMagnetMoving ===>> True
GetMagnetMoving ===>> False
ProtectDetector CDD,Off ===>> OK
GetDeflection CDD ===>> 50
Wait until signal near baseline. tol= 0.0262604466361. timeout= 10
GetData ===>> H2,13.8050057818734,H1,5.1021958336319,AX,0.113112918293977,L1,0.00610576184017049,L2,0.148370937...
GetData ===>> H2,125.802378747279,H1,59.6972081771398,AX,4.70478611251033,L1,0.0183958696181197,L2,-0.070981648...
GetData ===>> H2,109.09052411612,H1,54.1418588619561,AX,5.19238391964009,L1,-0.00429445383605573,L2,-0.06736326...
GetData ===>> H2,55.2451091146421,H1,26.7681289779771,AX,2.5379774916762,L1,0.00598830582451994,L2,-0.031923219...
GetData ===>> H2,21.9999458005892,H1,13.9992012075384,AX,1.14321558987743,L1,-0.0265832132653152,L2,0.067912117...
GetData ===>> H2,7.17506179403195,H1,7.95492673832949,AX,0.554821128406521,L1,-0.0273516540397471,L2,-0.0301474...
GetData ===>> H2,2.04144380209566,H1,4.95462922435797,AX,0.455682488573279,L1,0.00110060998807552,L2,-0.0422356...
GetData ===>> H2,0.764131746632465,H1,3.42259467235209,AX,0.139593162536317,L1,0.00226015805613737,L2,-0.106085...
GetData ===>> H2,0.550741196879803,H1,2.75979061441867,AX,0.0609850375989269,L1,0.0125487636133375,L2,-0.065087...
GetData ===>> H2,0.480741390977807,H1,2.40067673195969,AX,0.0655036913718574,L1,-0.00249242084877154,L2,-0.0675...
GetData ===>> H2,0.493782768172804,H1,2.26229032606298,AX,0.187331434323261,L1,-0.0134723767210134,L2,0.0781452...
GetData ===>> H2,0.48704632802026,H1,2.19765946736732,AX,0.16932825015521,L1,-0.000560456059417095,L2,0.0063312...
GetData ===>> H2,0.454946158551531,H1,2.08099439584506,AX,0.151838651637558,L1,0.00955334630377064,L2,0.0757293...
GetData ===>> H2,0.458096769659126,H1,2.15752711765924,AX,0.251552867250369,L1,0.0162528965489713,L2,-0.0769209...
GetData ===>> H2,0.439703402554314,H1,2.14663507620332,AX,0.207264096791363,L1,0.0493631005479553,L2,-0.0999465...
GetData ===>> H2,0.371971839032579,H1,2.13764761526887,AX,0.189883701299337,L1,0.0740784358635142,L2,-0.0523648...
GetData ===>> H2,0.365979029663833,H1,2.11020827164436,AX,0.285641998526671,L1,0.0553619675160926,L2,-0.0555286...
GetData ===>> H2,0.225683739516548,H1,2.16396168423223,AX,0.232121824755438,L1,0.044132696723827,L2,0.030977072...
GetData ===>> H2,0.12327406545848,H1,2.14581581076765,AX,0.072710798753275,L1,-0.00161168287489146,L2,0.0098159...
GetData ===>> H2,0.103460137768998,H1,2.15894895295439,AX,0.167333256665828,L1,-0.0154426081886475,L2,0.0331640...
GetData ===>> H2,0.154496121765177,H1,2.17345763484598,AX,0.159956775070795,L1,-0.038026099898999,L2,-0.1289205...
Peak center failed to move to a baseline position
_do_sweep sm= 5.86451, em= 5.89451, stm= 0.001
calculated step values: start=5.86451, end=5.89451, width=0.001, nsteps=31.0
setting magnet DAC
current  : 5.864510
requested: 5.864510
Delta Dac: 0.000000
Checking detector protection. dv=0.00000
Checking detector "CDD". Protection Threshold: 0.1 (V)
SetMagnetDAC 5.86451 ===>> OK
GetData ===>> H2,0.154496121765177,H1,2.17345763484598,AX,0.159956775070795,L1,-0.038026099898999,L2,-0.1289205...
setting magnet DAC
current  : 5.864510
requested: 5.865544
Delta Dac: 0.001034
Checking detector protection. dv=0.00103
Checking detector "CDD". Protection Threshold: 0.1 (V)
SetMagnetDAC 5.86554448276 ===>> OK
Magnet settling time: 1.049
GetData ===>> H2,0.0340845852274849,H1,4.63080777408249,AX,0.431813186845106,L1,-0.00764331482174643,L2,-0.0175...
setting magnet DAC
current  : 5.865544
requested: 5.866579
Delta Dac: 0.001034
Checking detector protection. dv=0.00103
Checking detector "CDD". Protection Threshold: 0.1 (V)
SetMagnetDAC 5.86657896552 ===>> OK
Magnet settling time: 1.049
GetData ===>> H2,0.0456411190105649,H1,15.8022885956768,AX,1.39662619038848,L1,-0.0527576554166116,L2,0.0612577...
setting magnet DAC
current  : 5.866579
requested: 5.867613
Delta Dac: 0.001034
Checking detector protection. dv=0.00103
Checking detector "CDD". Protection Threshold: 0.1 (V)
SetMagnetDAC 5.86761344828 ===>> OK
Magnet settling time: 1.049
GetData ===>> H2,-0.0440566823606863,H1,59.5237908041188,AX,4.6841261392346,L1,-0.0157781322835678,L2,-0.009017...
setting magnet DAC
current  : 5.867613
requested: 5.868648
Delta Dac: 0.001034
Checking detector protection. dv=0.00103
Checking detector "CDD". Protection Threshold: 0.1 (V)
SetMagnetDAC 5.86864793103 ===>> OK
Magnet settling time: 1.049
GetData ===>> H2,-0.101361490847347,H1,200.381958685221,AX,16.0337816160728,L1,0.0743578331942276,L2,0.05959422...
setting magnet DAC
current  : 5.868648
requested: 5.869682
Delta Dac: 0.001034
Checking detector protection. dv=0.00103
Checking detector "CDD". Protection Threshold: 0.1 (V)
SetMagnetDAC 5.86968241379 ===>> OK
Magnet settling time: 1.049
GetData ===>> H2,-0.0243329401663418,H1,532.712482236966,AX,46.4061523178133,L1,0.225811840557725,L2,-0.0807892...
setting magnet DAC
current  : 5.869682
requested: 5.870717
Delta Dac: 0.001034
Checking detector protection. dv=0.00103
Checking detector "CDD". Protection Threshold: 0.1 (V)
SetMagnetDAC 5.87071689655 ===>> OK
Magnet settling time: 1.049
GetData ===>> H2,-0.117639755360138,H1,1038.49176530262,AX,100.644694142877,L1,0.610247306275008,L2,-0.08784285...
setting magnet DAC
current  : 5.870717
requested: 5.871751
Delta Dac: 0.001034
Checking detector protection. dv=0.00103
Checking detector "CDD". Protection Threshold: 0.1 (V)
SetMagnetDAC 5.87175137931 ===>> OK
Magnet settling time: 1.049
GetData ===>> H2,-0.12763954069943,H1,1520.37918887288,AX,160.949279376902,L1,1.21975599669574,L2,0.12130058774...
setting magnet DAC
current  : 5.871751
requested: 5.872786
Delta Dac: 0.001034
Checking detector protection. dv=0.00103
Checking detector "CDD". Protection Threshold: 0.1 (V)
SetMagnetDAC 5.87278586207 ===>> OK
Magnet settling time: 1.049
GetData ===>> H2,-0.0561515653627991,H1,1827.54222956285,AX,207.319551524354,L1,1.81061013824325,L2,0.247184499...
setting magnet DAC
current  : 5.872786
requested: 5.873820
Delta Dac: 0.001034
Checking detector protection. dv=0.00103
Checking detector "CDD". Protection Threshold: 0.1 (V)
SetMagnetDAC 5.87382034483 ===>> OK
Magnet settling time: 1.049
GetData ===>> H2,0.0445868227696747,H1,1968.10747820548,AX,233.811205747999,L1,2.36832889743028,L2,0.5042557879...
setting magnet DAC
current  : 5.873820
requested: 5.874855
Delta Dac: 0.001034
Checking detector protection. dv=0.00103
Checking detector "CDD". Protection Threshold: 0.1 (V)
SetMagnetDAC 5.87485482759 ===>> OK
Magnet settling time: 1.049
GetData ===>> H2,0.0411303936486869,H1,2024.20714240847,AX,246.823337408709,L1,2.77305150329426,L2,0.3806470089...
setting magnet DAC
current  : 5.874855
requested: 5.875889
Delta Dac: 0.001034
Checking detector protection. dv=0.00103
Checking detector "CDD". Protection Threshold: 0.1 (V)
SetMagnetDAC 5.87588931034 ===>> OK
Magnet settling time: 1.049
GetData ===>> H2,0.0785699672084628,H1,2031.41411211778,AX,248.189340574895,L1,2.92706237530291,L2,0.5065865434...
setting magnet DAC
current  : 5.875889
requested: 5.876924
Delta Dac: 0.001034
Checking detector protection. dv=0.00103
Checking detector "CDD". Protection Threshold: 0.1 (V)
SetMagnetDAC 5.8769237931 ===>> OK
Magnet settling time: 1.049
GetData ===>> H2,0.0173054470856404,H1,2032.71535702651,AX,248.510642223716,L1,3.0171106898195,L2,0.38356811890...
setting magnet DAC
current  : 5.876924
requested: 5.877958
Delta Dac: 0.001034
Checking detector protection. dv=0.00103
Checking detector "CDD". Protection Threshold: 0.1 (V)
SetMagnetDAC 5.87795827586 ===>> OK
Magnet settling time: 1.049
GetData ===>> H2,-0.0157312847320189,H1,2032.45314831678,AX,248.787032252818,L1,3.08930819182923,L2,0.603843228...
setting magnet DAC
current  : 5.877958
requested: 5.878993
Delta Dac: 0.001034
Checking detector protection. dv=0.00103
Checking detector "CDD". Protection Threshold: 0.1 (V)
SetMagnetDAC 5.87899275862 ===>> OK
Magnet settling time: 1.049
GetData ===>> H2,-0.000373527380374367,H1,2031.90512959605,AX,248.60009316837,L1,3.10253733646347,L2,0.59261275...
setting magnet DAC
current  : 5.878993
requested: 5.880027
Delta Dac: 0.001034
Checking detector protection. dv=0.00103
Checking detector "CDD". Protection Threshold: 0.1 (V)
SetMagnetDAC 5.88002724138 ===>> OK
Magnet settling time: 1.049
GetData ===>> H2,0.0110801311635426,H1,2032.0229991539,AX,248.795119947445,L1,3.15630131389226,L2,0.65039820744...
setting magnet DAC
current  : 5.880027
requested: 5.881062
Delta Dac: 0.001034
Checking detector protection. dv=0.00103
Checking detector "CDD". Protection Threshold: 0.1 (V)
SetMagnetDAC 5.88106172414 ===>> OK
Magnet settling time: 1.049
GetData ===>> H2,0.0168425827449325,H1,2031.52583166151,AX,248.493643234732,L1,3.17690689751956,L2,0.6142057106...
setting magnet DAC
current  : 5.881062
requested: 5.882096
Delta Dac: 0.001034
Checking detector protection. dv=0.00103
Checking detector "CDD". Protection Threshold: 0.1 (V)
SetMagnetDAC 5.8820962069 ===>> OK
Magnet settling time: 1.049
GetData ===>> H2,-0.0763689334501795,H1,2030.30870487918,AX,248.345675118031,L1,3.21455348046145,L2,0.648456684...
setting magnet DAC
current  : 5.882096
requested: 5.883131
Delta Dac: 0.001034
Checking detector protection. dv=0.00103
Checking detector "CDD". Protection Threshold: 0.1 (V)
SetMagnetDAC 5.88313068966 ===>> OK
Magnet settling time: 1.049
GetData ===>> H2,-0.0304359293642383,H1,2026.17047045879,AX,247.462964726487,L1,3.17388108408722,L2,0.539337362...
setting magnet DAC
current  : 5.883131
requested: 5.884165
Delta Dac: 0.001034
Checking detector protection. dv=0.00103
Checking detector "CDD". Protection Threshold: 0.1 (V)
SetMagnetDAC 5.88416517241 ===>> OK
Magnet settling time: 1.049
GetData ===>> H2,-0.129083196214385,H1,2015.44201209492,AX,244.756822590197,L1,3.1293347148061,L2,0.47791304947...
setting magnet DAC
current  : 5.884165
requested: 5.885200
Delta Dac: 0.001034
Checking detector protection. dv=0.00103
Checking detector "CDD". Protection Threshold: 0.1 (V)
SetMagnetDAC 5.88519965517 ===>> OK
Magnet settling time: 1.049
GetData ===>> H2,-0.174031820150126,H1,1947.79969673952,AX,229.764270977525,L1,2.86328166060641,L2,0.2803563494...
setting magnet DAC
current  : 5.885200
requested: 5.886234
Delta Dac: 0.001034
Checking detector protection. dv=0.00103
Checking detector "CDD". Protection Threshold: 0.1 (V)
SetMagnetDAC 5.88623413793 ===>> OK
Magnet settling time: 1.049
GetData ===>> H2,-0.186434561731693,H1,1763.24944275013,AX,193.512930547966,L1,2.54664864156126,L2,0.4528564666...
setting magnet DAC
current  : 5.886234
requested: 5.887269
Delta Dac: 0.001034
Checking detector protection. dv=0.00103
Checking detector "CDD". Protection Threshold: 0.1 (V)
SetMagnetDAC 5.88726862069 ===>> OK
Magnet settling time: 1.049
GetData ===>> H2,-0.213703217654553,H1,1365.62571082003,AX,132.11392246131,L1,1.94367158529387,L2,0.21321582027...
setting magnet DAC
current  : 5.887269
requested: 5.888303
Delta Dac: 0.001034
Checking detector protection. dv=0.00103
Checking detector "CDD". Protection Threshold: 0.1 (V)
SetMagnetDAC 5.88830310345 ===>> OK
Magnet settling time: 1.049
GetData ===>> H2,-0.350556796470132,H1,826.584554272949,AX,68.3507540340502,L1,1.33271636506769,L2,-0.051317859...
setting magnet DAC
current  : 5.888303
requested: 5.889338
Delta Dac: 0.001034
Checking detector protection. dv=0.00103
Checking detector "CDD". Protection Threshold: 0.1 (V)
SetMagnetDAC 5.88933758621 ===>> OK
Magnet settling time: 1.049
GetData ===>> H2,-0.390292572992657,H1,383.412295480903,AX,26.6178841770426,L1,0.800279993317966,L2,0.147618246...
setting magnet DAC
current  : 5.889338
requested: 5.890372
Delta Dac: 0.001034
Checking detector protection. dv=0.00103
Checking detector "CDD". Protection Threshold: 0.1 (V)
SetMagnetDAC 5.89037206897 ===>> OK
Magnet settling time: 1.049
GetData ===>> H2,-0.184558845110514,H1,136.048663892869,AX,7.691936992866,L1,0.448799669645374,L2,-0.1438216313...
setting magnet DAC
current  : 5.890372
requested: 5.891407
Delta Dac: 0.001034
Checking detector protection. dv=0.00103
Checking detector "CDD". Protection Threshold: 0.1 (V)
SetMagnetDAC 5.89140655172 ===>> OK
Magnet settling time: 1.049
GetData ===>> H2,-0.1493992386759,H1,39.5458560521952,AX,1.69925450450021,L1,0.302354874098369,L2,0.17987522778...
setting magnet DAC
current  : 5.891407
requested: 5.892441
Delta Dac: 0.001034
Checking detector protection. dv=0.00103
Checking detector "CDD". Protection Threshold: 0.1 (V)
SetMagnetDAC 5.89244103448 ===>> OK
Magnet settling time: 1.049
GetData ===>> H2,-0.169800996864367,H1,9.70126355036938,AX,0.214945873543415,L1,0.148460511031039,L2,0.05731547...
setting magnet DAC
current  : 5.892441
requested: 5.893476
Delta Dac: 0.001034
Checking detector protection. dv=0.00103
Checking detector "CDD". Protection Threshold: 0.1 (V)
SetMagnetDAC 5.89347551724 ===>> OK
Magnet settling time: 1.049
GetData ===>> H2,-0.143930829182584,H1,1.96982098076919,AX,-0.248021120211789,L1,0.106211836210421,L2,-0.039959...
setting magnet DAC
current  : 5.893476
requested: 5.894510
Delta Dac: 0.001034
Checking detector protection. dv=0.00103
Checking detector "CDD". Protection Threshold: 0.1 (V)
SetMagnetDAC 5.89451 ===>> OK
Magnet settling time: 1.049
GetData ===>> H2,-0.221559842111841,H1,0.262330541326894,AX,-0.406105813618575,L1,0.0747697174820764,L2,-0.0518...
result of _do_sweep=True
result of _calculate_peak_center=([5.8716788203994206, 5.8792829942643925, 5.8868871681293644], [1486.5794697847327, 2032.7132551530854, 1512.2444817120413], 5.876932085550413, 2032.7132551530854)
Failed to find a valid peak. No peak greater than 1.0. max = 0.0285726645003
new center pos Detector(H1) (Ar40) @ 5.87928299426
GetHighVoltage ===>> 4500
GetDeflection H1 ===>> 0
dac uncorrected for HV and deflection 5.87928299426
update mftable H1 Ar40 5.87928299426 message=automated run peakcenter
get initial guess parabolic
get initial guess parabolic
get initial guess parabolic
get initial guess parabolic
get initial guess parabolic
get initial guess parabolic
dump mftable to /Users/jan/PychronDev/setupfiles/spectrometer/mftables/mftable.csv
add to repo msg=modified - automated run peakcenter
locally archiving mftable
setting magnet DAC
current  : 5.894510
requested: 5.879283
Delta Dac: 0.015227
Checking detector protection. dv=0.01523
Checking detector "CDD". Protection Threshold: 0.1 (V)
SetMagnetDAC 5.87928299426 ===>> OK
Magnet settling time: 0.500
sweep finished
setting integration time = 1.048576
SetIntegrationTime 1.048576 ===>> OK
Failed to find a valid peak. No peak greater than 1.0. max = 0.0285702778713
flush and close file /Users/jan/PychronDev/data/isotopes/26/4fa0dc-29ad-4158-a6e1-6b30b0d76ecf.h5
finished measure script
executed snippet estimated_duration=226.132928, duration=273.072767973
jan_unknown120_60.py completed successfully
Measurement Finished
20:53:01 -- ******* Measurement Finished *******
Post Measurement Started jan_pump_ms.py
20:53:01 -- ******* Post Measurement Started jan_pump_ms.py *******
testing...
no interpolation path defined
executed snippet estimated_duration=0, duration=2.8133392334e-05
Pumping spectrometer
open () {'name': 'O'}
opening name=O desc=---
checking ownership. requestor=129.138.12.150
check software interlocks O
interlocks []
actuate state mode=None-script, software_lock=False
doing actuation None-script open_channel True
Open O ===>> OK
set states for children of O. state=True
handle state [('O', True)]
update switch state O True args=() kw={'refresh': False} ncanvase=2
refresh_canvas_needed fired
GetIndicatorState O ===>> OK
change switch state (True, True)
update switch state O True args=() kw={} ncanvase=2
20:53:01 -- OPEN   VALVE-O (Jan Ion Pump)
---------------------------------------- open O () result=[(True, True)], time=0.10 sec
action=open, ok=True, locked=[False]
executed snippet estimated_duration=0, duration=0.349598169327
jan_pump_ms.py completed successfully
setting _ms_pumptime
Post Measurement Finished
20:53:01 -- ******* Post Measurement Finished *******
$$$$$$$$$$$$$$$$$$$$ state at run end measurement
state changed from measurement to success
post measurement save measured=True aborted=False
Set filtering
setting fod for Ar40= {'filter_outliers': True, 'std_devs': 2, 'iterations': 1}
setting fod for H1= {'filter_outliers': True, 'std_devs': 2, 'iterations': 1}
setting fod for PM41= {'filter_outliers': False, 'std_devs': 2, 'iterations': 1}
setting fod for H2= {'filter_outliers': True, 'std_devs': 2, 'iterations': 1}
setting fod for Ar36= {'filter_outliers': True, 'std_devs': 2, 'iterations': 1}
setting fod for CDD= {'filter_outliers': True, 'std_devs': 10, 'iterations': 1}
setting fod for Ar37= {'filter_outliers': True, 'std_devs': 2, 'iterations': 1}
setting fod for L2= {'filter_outliers': True, 'std_devs': 2, 'iterations': 1}
setting fod for Ar38= {'filter_outliers': True, 'std_devs': 2, 'iterations': 1}
setting fod for L1= {'filter_outliers': True, 'std_devs': 2, 'iterations': 1}
setting fod for Ar39= {'filter_outliers': True, 'std_devs': 2, 'iterations': 1}
setting fod for AX= {'filter_outliers': True, 'std_devs': 2, 'iterations': 1}
persistence save...
persistence save - db
post measurement save
7027447760 connecting to database sqlite:////Users/jan/PychronDev/.appdata/local_lab.db
connected to db sqlite:////Users/jan/PychronDev/.appdata/local_lab.db
create new session 7027447760
close session 7027447760
No database instance. Not saving post measurement to isotopedb database
$$$$$$$$$$$$$$$ auto_save_detector_ic=False
massspec enabled True
create new session 4979675504
MassSpec Database Version: 16.0
close session 4979675504
saving post measurement to secondary database
saving to massspec database 129.138.12.160/massspecdata
setting labnumber to 25325
setting aliquot to 2
setting step to 
setting uuid to 264fa0dc-29ad-4158-a6e1-6b30b0d76ecf
setting irradpos to 25325
setting extract_device to Fusions CO2
setting tray to 
setting position to 176
setting power_requested to 5.0
setting extract_value to 5.0
setting duration to 30.0
setting duration_at_request to 30.0
setting first_stage_delay to 30.0
setting cleanup to 30.0
setting comment to K:14
setting irradiation to NM-288
setting level to K
setting irradiation_level to K
setting sample to FC-2
setting material to Sanidine
setting project to Irradiation-NM-288
setting mass_spectrometer to Jan
no attribute chron_dosages
no attribute production_ratios
no attribute interference_corrections
no attribute production_name
no attribute j
Reference Isotope=Ar40
Reference Detector=H1
%%%%%%%%%%%%%%%%%%%% Comment: K:14 %%%%%%%%%%%%%%%%%%%
adding isotope PM41 H2
add baseline dbdet= PM41. original det= H2
get baseline data PM41 H2
Get data baseline <pychron.processing.isotope.Baseline object at 0x129702750> len t=60
baseline PM41. v=-0.164732024084, e=0.00648677746314
get signal data PM41 H2
Get data signal PM41 0.08+/-0.07 len t=120
adding isotope Ar40 H1
add baseline dbdet= Ar40. original det= H1
get baseline data Ar40 H1
Get data baseline <pychron.processing.isotope.Baseline object at 0x129702210> len t=60
baseline Ar40. v=0.0200980103192, e=0.00571363111139
get signal data Ar40 H1
Get data signal Ar40 2241.54+/-0.11 len t=120
adding isotope Ar39 AX
add baseline dbdet= Ar39. original det= AX
get baseline data Ar39 AX
Get data baseline <pychron.processing.isotope.Baseline object at 0x19f15d2d0> len t=60
baseline Ar39. v=-0.0725646380891, e=0.00528878408291
get signal data Ar39 AX
Get data signal Ar39 273.466+/-0.031 len t=120
adding isotope Ar38 L1
add baseline dbdet= Ar38. original det= L1
get baseline data Ar38 L1
Get data baseline <pychron.processing.isotope.Baseline object at 0x19e082090> len t=60
baseline Ar38. v=-0.0206828409905, e=0.00435662948568
get signal data Ar38 L1
Get data signal Ar38 3.503+/-0.005 len t=120
adding isotope Ar37 L2
add baseline dbdet= Ar37. original det= L2
get baseline data Ar37 L2
Get data baseline <pychron.processing.isotope.Baseline object at 0x18fe0a1d0> len t=60
baseline Ar37. v=-0.0305421371677, e=0.00530601343131
get signal data Ar37 L2
Get data signal Ar37 0.634+/-0.011 len t=120
adding isotope Ar36 CDD
add baseline dbdet= Ar36. original det= CDD
get baseline data Ar36 CDD
Get data baseline <pychron.processing.isotope.Baseline object at 0x18fe0a7d0> len t=60
baseline Ar36. v=0.000498699142527, e=3.18111996052e-05
get signal data Ar36 CDD
Get data signal Ar36 0.0167+/-0.0004 len t=120
25325-02 added analysis time 0.533169984818s
analysis added to mass spec database
mass spec save time= 0.551
persistence save - dvc
================= post measurement started
create new session 4982376208
close session 4982376208
---------------- Experiment Queue saving disabled
DVC saving peakcenter
Failed to find a valid peak. No peak greater than 1.0. max = 0.0285702778713
Smart pull ahead: 0 behind: 0
Up-to-date with origin
add to repo msg=modified - ad8224ebc6dbfeb9f5997218dfa5fe690569839d.json
add to repo msg=modified - 25-02.json
add to repo msg=modified - 25-02.dat.json
add to repo msg=modified - 25-02.blan.json
add to repo msg=modified - 25-02.inte.json
add to repo msg=modified - 25-02.icfa.json
add to repo msg=modified - 25-02.base.json
not at valid file /Users/jan/PychronDev/data/.dvc/repositories/Load1788/253/tags/25-02.tags.json
add to repo msg=modified - 25-02.peak.json
add to repo msg=modified - 25-02.extr.json
not at valid file /Users/jan/PychronDev/data/.dvc/repositories/Load1788/253/monitor/25-02.moni.json
commit message=<COLLECTION>
add to repo msg=modified - 25-02.inte.json
add to repo msg=modified - 25-02.base.json
commit message=<ISOEVO> default collection fits
add to repo msg=modified - 25-02.blan.json
commit message=<BLANKS> preceding bc-02-J-343
add to repo msg=modified - 25-02.icfa.json
commit message=<ICFactor> default
push repository <pychron.git_archive.repo_manager.GitRepoManager object at 0x1a282f0b0>
pushing to remote=origin, url=https://github.com
no changes to meta repo
create new session 4982376208
add association Load1788
get identifier "25325"
setting analysis irradiation position=<pychron.dvc.dvc_orm.IrradiationPositionTbl object at 0x19a3d0710>
close session 4982376208
================= post measurement finished
20:53:15 -- ******* Post Run Check *******
loading queue conditionals post_run_actions
loading system conditionals post_run_actions
loading conditionals from /Users/jan/PychronDev/setupfiles/spectrometer/default_conditionals.yaml
loading queue conditionals post_run_terminations
loading system conditionals post_run_terminations
loading conditionals from /Users/jan/PychronDev/setupfiles/spectrometer/default_conditionals.yaml
Checking default post run terminations n=1
GetDeflection CDD ===>> 50
testing CDD==2000
evaluate ot="CDD.deflection==2000" t="CDD==2000", ctx="{'CDD': 50.0}"
20:53:15 -- ******* Post Run Check Passed *******
20:53:15 -- Automated run 25325-02 success duration: 365.876 s
----------------- finish -----------------
----------------- stop -----------------
retroactive repository identifiers disabled
finish run. runs completed=71
update duration runid=25325-02, duration=365.875989914, md5=301e91d8
loading script "jan_unknown120_60.py"
loading script "jan_pump_ms.py"
loading script "jan_co2.py"
loading script "jan_pump_extraction_line.py"
testing...
no interpolation path defined
executed snippet estimated_duration=213.652928, duration=0.000207185745239
script duration name:unknown120_60 seconds:214.0
loading script "jan_unknown120_60.py"
loading script "jan_pump_ms.py"
loading script "jan_co2.py"
loading script "jan_pump_extraction_line.py"
testing...
no interpolation path defined
executed snippet estimated_duration=0, duration=2.09808349609e-05
loading script "jan_unknown120_60.py"
loading script "jan_pump_ms.py"
loading script "jan_co2.py"
loading script "jan_pump_extraction_line.py"
testing...
no interpolation path defined
calculate duration
testing...
no interpolation path defined
executed snippet estimated_duration=0, duration=9.3936920166e-05
calculate duration
testing...
no interpolation path defined
executed snippet estimated_duration=0, duration=9.3936920166e-05
executed snippet estimated_duration=0.0, duration=0.00323104858398
script duration name:co2 seconds:0.0
loading script "jan_unknown120_60.py"
loading script "jan_pump_ms.py"
loading script "jan_co2.py"
loading script "jan_pump_extraction_line.py"
testing...
no interpolation path defined
calculate duration
testing...
no interpolation path defined
executed snippet estimated_duration=4.0, duration=0.000144004821777
executed snippet estimated_duration=4.0, duration=0.00122904777527
Script duration 214.0
Run total estimated duration= 215.000
unknown120_60 in script context. using previous estimated duration
script duration name:unknown120_60 seconds:214.0
pump_ms in script context. using previous estimated duration
co2 in script context. using previous estimated duration
script duration name:co2 seconds:0.0
pump_extraction_line in script context. using previous estimated duration
Script duration 214.0
Run total estimated duration= 215.000
script duration name:unknown120_60 seconds:214.0
script duration name:co2 seconds:0.0
Script duration 214.0
Run total estimated duration= 215.000
script duration name:unknown120_60 seconds:214.0
script duration name:co2 seconds:0.0
Script duration 214.0
Run total estimated duration= 215.000
loading script "jan_unknown400_120.py"
loading script "jan_pump_ms.py"
loading script "jan_co2.py"
loading script "jan_pump_extraction_line.py"
testing...
no interpolation path defined
executed snippet estimated_duration=556.052928, duration=0.000149965286255
script duration name:unknown400_120 seconds:556.0
script duration name:co2 seconds:0.0
Script duration 556.0
Run total estimated duration= 557.000
unknown400_120 in script context. using previous estimated duration
script duration name:unknown400_120 seconds:556.0
loading script "jan_unknown400_120.py"
loading script "jan_pump_ms.py"
loading script "jan_sniffair_x2.py"
loading script "jan_pump_extraction_line.py"
testing...
no interpolation path defined
calculate duration
testing...
no interpolation path defined
executed snippet estimated_duration=0, duration=4.88758087158e-05
calculate duration
testing...
no interpolation path defined
executed snippet estimated_duration=0, duration=0.000149011611938
calculate duration
testing...
no interpolation path defined
executed snippet estimated_duration=32.0, duration=0.000121831893921
calculate duration
testing...
no interpolation path defined
executed snippet estimated_duration=34.0, duration=0.000110864639282
calculate duration
testing...
no interpolation path defined
executed snippet estimated_duration=4.0, duration=6.79492950439e-05
calculate duration
testing...
no interpolation path defined
executed snippet estimated_duration=36.0, duration=8.79764556885e-05
calculate duration
testing...
no interpolation path defined
executed snippet estimated_duration=34.0, duration=9.79900360107e-05
calculate duration
testing...
no interpolation path defined
executed snippet estimated_duration=4.0, duration=6.103515625e-05
calculate duration
testing...
no interpolation path defined
executed snippet estimated_duration=36.0, duration=8.58306884766e-05
calculate duration
testing...
no interpolation path defined
executed snippet estimated_duration=70.0, duration=9.3936920166e-05
executed snippet estimated_duration=250.0, duration=0.0126938819885
script duration name:sniffair_x2 seconds:250.0
Script duration 806.0
Run total estimated duration= 807.000
script duration name:unknown400_120 seconds:556.0
sniffair_x2 in script context. using previous estimated duration
script duration name:sniffair_x2 seconds:250.0
Script duration 806.0
Run total estimated duration= 807.000
script duration name:unknown120_60 seconds:214.0
loading script "jan_unknown120_60.py"
loading script "jan_pump_ms.py"
loading script "jan_cocktail_x1.py"
loading script "jan_pump_extraction_line.py"
testing...
no interpolation path defined
calculate duration
testing...
no interpolation path defined
executed snippet estimated_duration=0, duration=8.20159912109e-05
calculate duration
testing...
no interpolation path defined
executed snippet estimated_duration=0, duration=9.79900360107e-05
calculate duration
testing...
no interpolation path defined
executed snippet estimated_duration=32.0, duration=9.91821289062e-05
calculate duration
testing...
no interpolation path defined
executed snippet estimated_duration=34.0, duration=9.79900360107e-05
calculate duration
testing...
no interpolation path defined
executed snippet estimated_duration=4.0, duration=6.103515625e-05
calculate duration
testing...
no interpolation path defined
executed snippet estimated_duration=38.0, duration=0.000157117843628
executed snippet estimated_duration=108.0, duration=0.00720882415771
script duration name:cocktail_x1 seconds:108.0
Script duration 322.0
Run total estimated duration= 323.000
loading script "jan_ic_peak_hop3.py"
loading script "jan_pump_ms.py"
loading script "jan_sniffair_x1.py"
loading script "jan_pump_extraction_line.py"
testing...
no interpolation path defined
executed snippet estimated_duration=133.8, duration=0.00753998756409
script duration name:ic_peak_hop3 seconds:134.0
loading script "jan_ic_peak_hop3.py"
loading script "jan_pump_ms.py"
loading script "jan_sniffair_x1.py"
loading script "jan_pump_extraction_line.py"
testing...
no interpolation path defined
calculate duration
testing...
no interpolation path defined
executed snippet estimated_duration=0, duration=4.38690185547e-05
calculate duration
testing...
no interpolation path defined
executed snippet estimated_duration=0, duration=9.29832458496e-05
calculate duration
testing...
no interpolation path defined
executed snippet estimated_duration=32.0, duration=0.000114917755127
calculate duration
testing...
no interpolation path defined
executed snippet estimated_duration=34.0, duration=9.79900360107e-05
calculate duration
testing...
no interpolation path defined
executed snippet estimated_duration=4.0, duration=6.19888305664e-05
calculate duration
testing...
no interpolation path defined
executed snippet estimated_duration=70.0, duration=9.01222229004e-05
executed snippet estimated_duration=140.0, duration=0.00714206695557
script duration name:sniffair_x1 seconds:140.0
Script duration 274.0
Run total estimated duration= 275.000
script duration name:unknown120_60 seconds:214.0
script duration name:co2 seconds:0.0
Script duration 214.0
Run total estimated duration= 215.000
script duration name:unknown120_60 seconds:214.0
script duration name:co2 seconds:0.0
Script duration 214.0
Run total estimated duration= 215.000
script duration name:unknown120_60 seconds:214.0
script duration name:co2 seconds:0.0
Script duration 214.0
Run total estimated duration= 215.000
script duration name:unknown120_60 seconds:214.0
script duration name:co2 seconds:0.0
Script duration 214.0
Run total estimated duration= 215.000
script duration name:unknown120_60 seconds:214.0
script duration name:co2 seconds:0.0
Script duration 214.0
Run total estimated duration= 215.000
script duration name:unknown400_120 seconds:556.0
cocktail_x1 in script context. using previous estimated duration
script duration name:cocktail_x1 seconds:108.0
Script duration 664.0
Run total estimated duration= 665.000
script duration name:unknown120_60 seconds:214.0
script duration name:co2 seconds:0.0
Script duration 214.0
Run total estimated duration= 215.000
script duration name:unknown120_60 seconds:214.0
script duration name:co2 seconds:0.0
Script duration 214.0
Run total estimated duration= 215.000
script duration name:unknown120_60 seconds:214.0
script duration name:co2 seconds:0.0
Script duration 214.0
Run total estimated duration= 215.000
script duration name:unknown120_60 seconds:214.0
script duration name:co2 seconds:0.0
Script duration 214.0
Run total estimated duration= 215.000
script duration name:unknown120_60 seconds:214.0
script duration name:co2 seconds:0.0
Script duration 214.0
Run total estimated duration= 215.000
script duration name:unknown400_120 seconds:556.0
script duration name:co2 seconds:0.0
Script duration 556.0
Run total estimated duration= 557.000
script duration name:unknown120_60 seconds:214.0
script duration name:co2 seconds:0.0
Script duration 214.0
Run total estimated duration= 215.000
script duration name:unknown120_60 seconds:214.0
script duration name:co2 seconds:0.0
Script duration 214.0
Run total estimated duration= 215.000
script duration name:unknown120_60 seconds:214.0
script duration name:co2 seconds:0.0
Script duration 214.0
Run total estimated duration= 215.000
script duration name:unknown120_60 seconds:214.0
script duration name:co2 seconds:0.0
Script duration 214.0
Run total estimated duration= 215.000
script duration name:unknown120_60 seconds:214.0
script duration name:co2 seconds:0.0
Script duration 214.0
Run total estimated duration= 215.000
script duration name:unknown120_60 seconds:214.0
script duration name:cocktail_x1 seconds:108.0
Script duration 322.0
Run total estimated duration= 323.000
script duration name:unknown120_60 seconds:214.0
script duration name:co2 seconds:0.0
Script duration 214.0
Run total estimated duration= 215.000
script duration name:unknown120_60 seconds:214.0
script duration name:co2 seconds:0.0
Script duration 214.0
Run total estimated duration= 215.000
script duration name:unknown120_60 seconds:214.0
script duration name:co2 seconds:0.0
Script duration 214.0
Run total estimated duration= 215.000
script duration name:unknown120_60 seconds:214.0
script duration name:co2 seconds:0.0
Script duration 214.0
Run total estimated duration= 215.000
script duration name:unknown120_60 seconds:214.0
script duration name:co2 seconds:0.0
Script duration 214.0
Run total estimated duration= 215.000
script duration name:unknown400_120 seconds:556.0
script duration name:co2 seconds:0.0
Script duration 556.0
Run total estimated duration= 557.000
script duration name:unknown400_120 seconds:556.0
script duration name:sniffair_x2 seconds:250.0
Script duration 806.0
Run total estimated duration= 807.000
script duration name:unknown400_120 seconds:556.0
script duration name:cocktail_x1 seconds:108.0
Script duration 664.0
Run total estimated duration= 665.000
script duration name:unknown400_120 seconds:556.0
script duration name:sniffair_x2 seconds:250.0
Script duration 806.0
Run total estimated duration= 807.000
ic_peak_hop3 in script context. using previous estimated duration
script duration name:ic_peak_hop3 seconds:134.0
sniffair_x1 in script context. using previous estimated duration
script duration name:sniffair_x1 seconds:140.0
Script duration 274.0
Run total estimated duration= 275.000
script duration name:unknown120_60 seconds:214.0
script duration name:co2 seconds:0.0
Script duration 214.0
Run total estimated duration= 215.000
script duration name:unknown120_60 seconds:214.0
script duration name:co2 seconds:0.0
Script duration 214.0
Run total estimated duration= 215.000
script duration name:unknown120_60 seconds:214.0
script duration name:co2 seconds:0.0
Script duration 214.0
Run total estimated duration= 215.000
script duration name:unknown120_60 seconds:214.0
script duration name:co2 seconds:0.0
Script duration 214.0
Run total estimated duration= 215.000
script duration name:unknown120_60 seconds:214.0
script duration name:co2 seconds:0.0
Script duration 214.0
Run total estimated duration= 215.000
script duration name:unknown120_60 seconds:214.0
script duration name:co2 seconds:0.0
Script duration 214.0
Run total estimated duration= 215.000
script duration name:unknown120_60 seconds:214.0
script duration name:co2 seconds:0.0
Script duration 214.0
Run total estimated duration= 215.000
script duration name:unknown120_60 seconds:214.0
script duration name:co2 seconds:0.0
Script duration 214.0
Run total estimated duration= 215.000
script duration name:unknown120_60 seconds:214.0
script duration name:co2 seconds:0.0
Script duration 214.0
Run total estimated duration= 215.000
script duration name:unknown120_60 seconds:214.0
script duration name:co2 seconds:0.0
Script duration 214.0
Run total estimated duration= 215.000
script duration name:unknown400_120 seconds:556.0
script duration name:co2 seconds:0.0
Script duration 556.0
Run total estimated duration= 557.000
script duration name:unknown120_60 seconds:214.0
script duration name:cocktail_x1 seconds:108.0
Script duration 322.0
Run total estimated duration= 323.000
script duration name:unknown120_60 seconds:214.0
script duration name:co2 seconds:0.0
Script duration 214.0
Run total estimated duration= 215.000
script duration name:unknown120_60 seconds:214.0
script duration name:co2 seconds:0.0
Script duration 214.0
Run total estimated duration= 215.000
script duration name:unknown120_60 seconds:214.0
script duration name:co2 seconds:0.0
Script duration 214.0
Run total estimated duration= 215.000
script duration name:unknown120_60 seconds:214.0
script duration name:co2 seconds:0.0
Script duration 214.0
Run total estimated duration= 215.000
script duration name:unknown400_120 seconds:556.0
script duration name:cocktail_x1 seconds:108.0
Script duration 664.0
Run total estimated duration= 665.000
script duration name:unknown120_60 seconds:214.0
script duration name:co2 seconds:0.0
Script duration 214.0
Run total estimated duration= 215.000
script duration name:unknown120_60 seconds:214.0
script duration name:co2 seconds:0.0
Script duration 214.0
Run total estimated duration= 215.000
script duration name:unknown120_60 seconds:214.0
script duration name:co2 seconds:0.0
Script duration 214.0
Run total estimated duration= 215.000
script duration name:unknown120_60 seconds:214.0
script duration name:co2 seconds:0.0
Script duration 214.0
Run total estimated duration= 215.000
script duration name:unknown120_60 seconds:214.0
script duration name:co2 seconds:0.0
Script duration 214.0
Run total estimated duration= 215.000
script duration name:unknown120_60 seconds:214.0
script duration name:co2 seconds:0.0
Script duration 214.0
Run total estimated duration= 215.000
script duration name:unknown400_120 seconds:556.0
script duration name:co2 seconds:0.0
Script duration 556.0
Run total estimated duration= 557.000
script duration name:unknown400_120 seconds:556.0
script duration name:sniffair_x2 seconds:250.0
Script duration 806.0
Run total estimated duration= 807.000
script duration name:unknown400_120 seconds:556.0
script duration name:sniffair_x2 seconds:250.0
Script duration 806.0
Run total estimated duration= 807.000
script duration name:ic_peak_hop3 seconds:134.0
script duration name:sniffair_x1 seconds:140.0
Script duration 274.0
Run total estimated duration= 275.000
script duration name:unknown120_60 seconds:214.0
script duration name:co2 seconds:0.0
Script duration 214.0
Run total estimated duration= 215.000
script duration name:unknown120_60 seconds:214.0
script duration name:co2 seconds:0.0
Script duration 214.0
Run total estimated duration= 215.000
nruns=66 before=5.0, run_dur=21306.0, btw=2925.0
write rem/ex queues
/Users/jan/PychronDev/experiments/rem/CurrentExperiment.rem.txt
/Users/jan/PychronDev/experiments/rem/CurrentExperiment.ex.txt
doing event level: 3
