do run
loading script "jan_unknown120_60.py"
loading script "jan_pump_ms.py"
loading script "jan_co2.py"
loading script "jan_pump_extraction_line.py"
testing...
no interpolation path defined
executed snippet estimated_duration=213.652928, duration=0.000287055969238
script duration name:unknown120_60 seconds:214.0
loading script "jan_unknown120_60.py"
loading script "jan_pump_ms.py"
loading script "jan_co2.py"
loading script "jan_pump_extraction_line.py"
testing...
no interpolation path defined
executed snippet estimated_duration=0, duration=2.50339508057e-05
loading script "jan_unknown120_60.py"
loading script "jan_pump_ms.py"
loading script "jan_co2.py"
loading script "jan_pump_extraction_line.py"
testing...
no interpolation path defined
calculate duration
testing...
no interpolation path defined
executed snippet estimated_duration=0, duration=5.50746917725e-05
calculate duration
testing...
no interpolation path defined
executed snippet estimated_duration=0, duration=9.60826873779e-05
executed snippet estimated_duration=0.0, duration=0.00238800048828
script duration name:co2 seconds:0.0
loading script "jan_unknown120_60.py"
loading script "jan_pump_ms.py"
loading script "jan_co2.py"
loading script "jan_pump_extraction_line.py"
testing...
no interpolation path defined
calculate duration
testing...
no interpolation path defined
executed snippet estimated_duration=4.0, duration=0.000146865844727
executed snippet estimated_duration=4.0, duration=0.00183796882629
Script duration 214.0
Run total estimated duration= 215.000
run duration: 0:03:35
doing event level: 2
22:35:34 -- Setting default integration. t=1.048576
setting integration time = 1.048576
SetIntegrationTime 1.048576 ===>> OK
----------------- start -----------------
**************** Experiment Type: Ar/Ar, Ar/Ar
create new session 4419362736
close session 4419362736
$$$$$ Clearing conditionals
adding conditionals 
Add queue conditionals
add default conditionals
adding default conditionals from /Users/jan/PychronDev/setupfiles/spectrometer/default_conditionals.yaml
Start automated run 25326-03
loading script "jan_unknown120_60.py"
loading script "jan_pump_ms.py"
loading script "jan_co2.py"
loading script "jan_pump_extraction_line.py"
%%%%%%%%%%%%%%%%%% setting automated run 25326-03
No value "sensitivity_multiplier" in metadata
$$$$$$$$$$$$$$$ auto_save_detector_ic=False
============================= Pre Extraction Check =============================
loading queue conditionals pre_run_terminations
loading system conditionals pre_run_terminations
loading conditionals from /Users/jan/PychronDev/setupfiles/spectrometer/default_conditionals.yaml
22:35:34 -- ******* Pre Extraction Check *******
Get a measurement from the spectrometer
GetData ===>> H2,-0.229041380452903,H1,0.0449305403377178,AX,-0.00979016144766682,L1,-0.018691599013191,L2,0.12...
Pre Extraction Termination data. keys=H2,H1,AX,L1,L2,CDD, signals=-0.22904,0.04493,-0.00979,-0.01869,0.12412,0.00298
22:35:34 -- testing system defined conditionals
Checking default pre extraction terminations n=2
testing CDD
evaluate ot="CDD.inactive" t="CDD", ctx="{'CDD': False}"
GetDeflection CDD ===>> 50
testing CDD==2000
evaluate ot="CDD.deflection==2000" t="CDD==2000", ctx="{'CDD': 50.0}"
22:35:34 -- ******* Pre Extraction Check Passed *******
=================================================================================
22:35:34 -- stopping status monitor
stop 4976433200
Alive clients [4982646160]
22:35:34 -- starting status monitor
start 4976433200
Monitor already running
start extraction
do extraction
Analysis started at 22:35:34.709606
Extraction Started jan_co2.py
22:35:34 -- ******* Extraction Started jan_co2.py *******
state changed from not run to extraction
DO EXTRACTION <pychron.extraction_line.pyscript_runner.RemotePyScriptRunner object at 0x12b9a8890>
testing...
no interpolation path defined
calculate duration
testing...
no interpolation path defined
executed snippet estimated_duration=0, duration=5.00679016113e-05
calculate duration
testing...
no interpolation path defined
executed snippet estimated_duration=0, duration=9.89437103271e-05
executed snippet estimated_duration=100.0, duration=0.00267505645752
Jan CO2 laser analysis
doing GOSUB
testing...
no interpolation path defined
executed snippet estimated_duration=0, duration=5.98430633545e-05
Waiting for CO2 access
wait ('FelixCO2Flag', 0) {}
waiting for FelixCO2Flag = 0
Read FelixCO2Flag ===>> 0
finished waiting
CO2 free
wait ('CO2PumpTimeFlag', 0) {}
waiting for CO2PumpTimeFlag = 0
Read CO2PumpTimeFlag ===>> 0
finished waiting
acquire ('JanCO2Flag',) {'clear': True}
acquire JanCO2Flag
Set JanCO2Flag 1 ===>> OK
JanCO2Flag acquired
set extraction state False (0.75, 'red', 1.5)
CO2 acquired
executed snippet estimated_duration=0, duration=0.0190598964691
WaitForCO2Access.py completed successfully
gosub finished
doing GOSUB
testing...
no interpolation path defined
executed snippet estimated_duration=0, duration=9.3936920166e-05
Prepare for CO2 analysis
close () {'description': 'Jan Inlet'}
closing name=--- desc=Jan Inlet
checking ownership. requestor=129.138.12.150
check software interlocks R
interlocks []
actuate state mode=None-script, software_lock=False
doing actuation None-script close_channel False
Close R ===>> OK
GetIndicatorState R ===>> False
change switch state (True, True)
update switch state R False args=() kw={} ncanvase=2
22:35:35 -- CLOSE  VALVE-R (Jan Inlet)
---------------------------------------- close None (Jan Inlet) result=[(True, True)]
action=close, ok=True, locked=[False]
open () {'description': 'Jan Ion Pump'}
opening name=--- desc=Jan Ion Pump
checking ownership. requestor=129.138.12.150
check software interlocks O
interlocks []
actuate state mode=None-script, software_lock=False
doing actuation None-script open_channel False
Open O ===>> OK
GetIndicatorState O ===>> OK
change switch state (True, True)
update switch state O True args=() kw={} ncanvase=2
22:35:35 -- OPEN   VALVE-O (Jan Ion Pump)
---------------------------------------- open None (Jan Ion Pump) result=[(True, True)], time=0.11 sec
action=open, ok=True, locked=[False]
close () {'description': 'Microbone to Minibone'}
closing name=--- desc=Microbone to Minibone
checking ownership. requestor=129.138.12.150
check software interlocks L
interlocks []
actuate state mode=None-script, software_lock=False
doing actuation None-script close_channel False
Close L ===>> OK
GetIndicatorState L ===>> False
change switch state (True, True)
update switch state L False args=() kw={} ncanvase=2
22:35:36 -- CLOSE  VALVE-L (Microbone to Minibone)
---------------------------------------- close None (Microbone to Minibone) result=[(True, True)]
action=close, ok=True, locked=[False]
open () {'description': 'Microbone to Turbo'}
opening name=--- desc=Microbone to Turbo
checking ownership. requestor=129.138.12.150
check software interlocks U
interlocks []
actuate state mode=None-script, software_lock=False
doing actuation None-script open_channel False
Open U ===>> OK
GetIndicatorState U ===>> OK
change switch state (True, True)
update switch state U True args=() kw={} ncanvase=2
22:35:36 -- OPEN   VALVE-U (Microbone to Turbo)
---------------------------------------- open None (Microbone to Turbo) result=[(True, True)], time=0.16 sec
action=open, ok=True, locked=[False]
open () {'description': 'Microbone to Inlet Pipette'}
opening name=--- desc=Microbone to Inlet Pipette
checking ownership. requestor=129.138.12.150
check software interlocks S
interlocks []
actuate state mode=None-script, software_lock=False
doing actuation None-script open_channel False
Open S ===>> OK
set states for children of Y. state=False
handle state [('Y', False)]
update switch state Y False args=() kw={'refresh': False} ncanvase=2
refresh_canvas_needed fired
GetIndicatorState S ===>> OK
change switch state (True, True)
update switch state S True args=() kw={} ncanvase=2
22:35:37 -- OPEN   VALVE-S (Microbone to Inlet Pipette)
---------------------------------------- open None (Microbone to Inlet Pipette) result=[(True, True)], time=0.42 sec
action=open, ok=True, locked=[False]
open () {'description': 'Microbone to Getter D-50'}
opening name=--- desc=Microbone to Getter D-50
checking ownership. requestor=129.138.12.150
check software interlocks K
interlocks []
actuate state mode=None-script, software_lock=False
doing actuation None-script open_channel False
Open K ===>> OK
GetIndicatorState K ===>> OK
change switch state (True, True)
update switch state K True args=() kw={} ncanvase=2
22:35:38 -- OPEN   VALVE-K (Microbone to Getter D-50)
---------------------------------------- open None (Microbone to Getter D-50) result=[(True, True)], time=0.43 sec
action=open, ok=True, locked=[False]
open () {'description': 'Microbone to Getter NP-10'}
opening name=--- desc=Microbone to Getter NP-10
checking ownership. requestor=129.138.12.150
check software interlocks M
interlocks []
actuate state mode=None-script, software_lock=False
doing actuation None-script open_channel False
Open M ===>> OK
GetIndicatorState M ===>> OK
change switch state (True, True)
update switch state M True args=() kw={} ncanvase=2
22:35:38 -- OPEN   VALVE-M (Microbone to Getter NP-10)
---------------------------------------- open None (Microbone to Getter NP-10) result=[(True, True)], time=0.18 sec
action=open, ok=True, locked=[False]
close () {'description': 'CO2 Laser to Felix'}
closing name=--- desc=CO2 Laser to Felix
checking ownership. requestor=129.138.12.150
check software interlocks F
interlocks []
actuate state mode=None-script, software_lock=True
VALVE-F(CO2 Laser to Felix) software locked
change switch state (True, False)
---------------------------------------- close None (CO2 Laser to Felix) result=[(True, False)]
action=close, ok=True, locked=[True]
open () {'description': 'CO2 Laser to Jan'}
opening name=--- desc=CO2 Laser to Jan
checking ownership. requestor=129.138.12.150
check software interlocks A
interlocks []
actuate state mode=None-script, software_lock=False
doing actuation None-script open_channel False
Open A ===>> OK
GetIndicatorState A ===>> OK
change switch state (True, True)
update switch state A True args=() kw={} ncanvase=2
22:35:38 -- OPEN   VALVE-A (CO2 Laser to Jan)
---------------------------------------- open None (CO2 Laser to Jan) result=[(True, True)], time=0.14 sec
action=open, ok=True, locked=[False]
open () {'description': 'Microbone to CO2 Laser'}
opening name=--- desc=Microbone to CO2 Laser
checking ownership. requestor=129.138.12.150
check software interlocks T
interlocks []
actuate state mode=None-script, software_lock=False
doing actuation None-script open_channel False
Open T ===>> OK
set states for children of V. state=False
handle state [('V', False)]
update switch state V False args=() kw={'refresh': False} ncanvase=2
refresh_canvas_needed fired
GetIndicatorState T ===>> OK
change switch state (True, True)
update switch state T True args=() kw={} ncanvase=2
22:35:39 -- OPEN   VALVE-T (Microbone to CO2 Laser)
---------------------------------------- open None (Microbone to CO2 Laser) result=[(True, True)], time=0.46 sec
action=open, ok=True, locked=[False]
executed snippet estimated_duration=0, duration=5.12493300438
PrepareForCO2Analysis.py completed successfully
gosub finished
set_motor ('beam', '1.25') {}
setting motor "beam" to 1.25
set motor beam to 1.25
SetMotor beam,1.25 ===>> OK
GetMotorMoving beam ===>> False
GetMotorMoving beam ===>> False
Block completed
move_to_position ('183',) {'autocenter': True}
FusionsCO2 move to position 183
sending GoToHole 183,True
GoToHole 183,True ===>> OK
GetDriveMoving ===>> OK
GetDriveMoving ===>> OK
GetDriveMoving ===>> OK
GetDriveMoving ===>> OK
GetDriveMoving ===>> OK
GetDriveMoving ===>> OK
GetDriveMoving ===>> False
GetDriveMoving ===>> OK
set states for children of H. state=True
handle state [('H', True)]
update switch state H True args=() kw={'refresh': False} ncanvase=2
refresh_canvas_needed fired
GetDriveMoving ===>> OK
GetDriveMoving ===>> OK
GetDriveMoving ===>> OK
GetDriveMoving ===>> OK
GetDriveMoving ===>> OK
GetDriveMoving ===>> OK
GetDriveMoving ===>> OK
GetDriveMoving ===>> OK
GetDriveMoving ===>> OK
GetDriveMoving ===>> OK
GetDriveMoving ===>> OK
GetDriveMoving ===>> OK
GetDriveMoving ===>> OK
GetDriveMoving ===>> OK
GetDriveMoving ===>> OK
GetDriveMoving ===>> OK
GetDriveMoving ===>> OK
GetDriveMoving ===>> OK
GetDriveMoving ===>> OK
GetDriveMoving ===>> OK
GetDriveMoving ===>> OK
GetDriveMoving ===>> OK
GetDriveMoving ===>> OK
GetDriveMoving ===>> OK
GetDriveMoving ===>> OK
GetDriveMoving ===>> OK
GetDriveMoving ===>> OK
GetDriveMoving ===>> OK
GetDriveMoving ===>> OK
GetDriveMoving ===>> OK
GetDriveMoving ===>> OK
GetDriveMoving ===>> OK
GetDriveMoving ===>> OK
GetDriveMoving ===>> OK
GetDriveMoving ===>> OK
GetDriveMoving ===>> OK
GetDriveMoving ===>> OK
GetDriveMoving ===>> OK
GetDriveMoving ===>> OK
GetDriveMoving ===>> OK
GetDriveMoving ===>> OK
GetDriveMoving ===>> OK
GetDriveMoving ===>> False
Block completed
GetAutoCorrecting ===>> False
GetAutoCorrecting ===>> False
Block completed
update position
GetPosition ===>> 13.95730,-7.97560,1.00000
got position (13.9573, -7.9756, 1.0)
move to position succeeded
sleep (5,) {}
SLEEP 5.0
block started
WaitControl setup for 5.0  
Join finished
block finished. duration 5.04400801659
close () {'description': 'Microbone to Turbo'}
closing name=--- desc=Microbone to Turbo
checking ownership. requestor=129.138.12.150
check software interlocks U
interlocks []
actuate state mode=None-script, software_lock=False
doing actuation None-script close_channel True
Close U ===>> OK
GetIndicatorState U ===>> False
change switch state (True, True)
update switch state U False args=() kw={} ncanvase=2
22:36:00 -- CLOSE  VALVE-U (Microbone to Turbo)
---------------------------------------- close None (Microbone to Turbo) result=[(True, True)]
action=close, ok=True, locked=[False]
enable laser
enable () {}
set extraction state FusionsCO2 Enabled (False, 'red', 1.5)
enabling laser
Enable ===>> OK
begin interval
BEGIN INTERVAL Interval 1 waiting for 30.0
block started
WaitControl setup for 30.0  
set extract to 5.0
extract (5.0,) {}
GetPosition ===>> 13.95730,-7.97560,1.00000
set extraction state FusionsCO2 ON! 5.0(watts) (0.75, 'red', 1.5)
extract sample to 5.0 (watts)
set laser output
SetLaserOutput 5.0,watts ===>> OK
executing pattern triangle.lp
execute_pattern ('triangle.lp',) {}
executing pattern triangle.lp
IsPatterning ===>> OK
IsPatterning ===>> OK
IsPatterning ===>> OK
IsPatterning ===>> OK
IsPatterning ===>> OK
IsPatterning ===>> OK
IsPatterning ===>> OK
IsPatterning ===>> OK
IsPatterning ===>> OK
IsPatterning ===>> OK
IsPatterning ===>> OK
set states for children of H. state=False
handle state [('H', False)]
update switch state H False args=() kw={'refresh': False} ncanvase=2
refresh_canvas_needed fired
IsPatterning ===>> OK
State checksums do not match. Local:-487842390 Remote:-1709649880
State checksum failed
IsPatterning ===>> OK
set states for children of C. state=True
set states for children of B. state=True
handle state [('C', True), ('B', True)]
update switch state C True args=() kw={'refresh': True} ncanvase=2
update switch state B True args=() kw={'refresh': False} ncanvase=2
refresh_canvas_needed fired
IsPatterning ===>> OK
IsPatterning ===>> OK
set states for children of D. state=True
handle state [('D', True)]
update switch state D True args=() kw={'refresh': False} ncanvase=2
refresh_canvas_needed fired
IsPatterning ===>> OK
IsPatterning ===>> OK
set states for children of I. state=False
set states for children of Q. state=True
set states for children of P. state=True
handle state [('I', False), ('Q', True), ('P', True)]
update switch state I False args=() kw={'refresh': True} ncanvase=2
update switch state Q True args=() kw={'refresh': True} ncanvase=2
update switch state P True args=() kw={'refresh': False} ncanvase=2
refresh_canvas_needed fired
IsPatterning ===>> OK
IsPatterning ===>> OK
IsPatterning ===>> OK
IsPatterning ===>> OK
IsPatterning ===>> OK
IsPatterning ===>> OK
IsPatterning ===>> OK
IsPatterning ===>> OK
IsPatterning ===>> OK
IsPatterning ===>> False
IsPatterning ===>> False
Block completed
COMPLETE INTERVAL waiting for Interval 1 to complete
Join finished
block finished. duration 30.0906531811
Interval 1 finished
end_extract () {}
ending extraction. set laser power to 0
set laser power 0
SetLaserPower 0 ===>> OK
disable () {}
%%%%%%%%%%%%%%%%%%%%%%%%%%%%%%%%%%% disable
set extraction state False (0.75, 'red', 1.5)
disabling laser
Disable ===>> OK
sleep (30.0,) {}
SLEEP 30.0
block started
WaitControl setup for 30.0  
Join finished
block finished. duration 30.0865519047
executed snippet estimated_duration=166.5, duration=87.3694899082
jan_co2.py completed successfully
GetAchievedOutput ===>> No Response
Requested Output= 0.000
Achieved Output=  0.000
GetResponseBlob ===>> No Response
GetOutputBlob ===>> No Response
persistence save...
persistence save - db
AutomatedRunPersister post_extraction_save deprecated
persistence save - dvc
no extraction position for 183
create new session 4982376208
close session 4982376208
Extraction Finished
22:37:02 -- ******* Extraction Finished *******
no overlap. not waiting for min ms pumptime
22:37:02 -- Sending spectrometer configuration
======== Sending configuration ========
SetDeflection CDD,50.0 ===>> OK
SetDeflection H2,0.0 ===>> OK
SetDeflection H1,0.0 ===>> OK
SetDeflection L2,825.0 ===>> OK
SetDeflection L1,400.0 ===>> OK
SetDeflection AX,190.0 ===>> OK
SetZFocus 74.64 ===>> OK
SetZSymmetry -50.72 ===>> OK
SetExtractionLens 26.13 ===>> OK
SetIonRepeller -3.81 ===>> OK
SetElectronEnergy 75.08 ===>> OK
SetYSymmetry -2.81 ===>> OK
SetIonCounterVoltage 1590.0 ===>> OK
send trap current 200.0
GetParameter Trap Current Readback ===>> 198.147042666178
SetParameter Trap Current Set,200.0 ===>> OK
updating mftable name mftable
Using mftable located at /Users/jan/PychronDev/setupfiles/spectrometer/mftables/mftable.csv
============ MFtable ===========
Isotope  H2     H1     AX     L1     L2     CDD    
Ar40     5.8012 5.8793 5.9927 6.1411 6.2312 6.3693
Ar39     5.7004 5.7716 5.8852 6.0271 6.1163 6.2558
Ar36     5.3779 5.4406 5.5485 5.6860 5.7713 5.9069
================================
get initial guess parabolic
get initial guess parabolic
get initial guess parabolic
get initial guess parabolic
get initial guess parabolic
get initial guess parabolic
======== Configuration Finished ========
GetYSymmetry ===>> -2.81
GetZSymmetry ===>> -50.72
GetParameter Trap Current Readback ===>> 198.035158395898
GetHighVoltage ===>> 4500
start measurement
do measurement
L#=25326 analysis type=unknown
Measurement Started jan_unknown120_60.py
22:37:02 -- ******* Measurement Started jan_unknown120_60.py *******
state changed from extraction to measurement
setting spec, defl, and gains
GetExtractionLens ===>> 26.13
GetYSymmetry ===>> -2.81
GetZSymmetry ===>> -50.72
GetZFocus ===>> 74.64
GetDeflection H2 ===>> 0
GetDeflection H1 ===>> 0
GetDeflection AX ===>> 190
GetDeflection L1 ===>> 400
GetDeflection L2 ===>> 825
GetDeflection CDD ===>> 50
GetGain H2 ===>> 0.0113
GetGain H1 ===>> 0.1
GetGain AX ===>> 0.097049
GetGain L1 ===>> 0.010355
GetGain L2 ===>> 0.095649
GetGain CDD ===>> 0
pre measurement save
New frame /Users/jan/PychronDev/data/isotopes/8d/1e3d66-b1b7-4adb-9d1a-572aa670a882.h5
flush and close file /Users/jan/PychronDev/data/isotopes/8d/1e3d66-b1b7-4adb-9d1a-572aa670a882.h5
testing...
no interpolation path defined
executed snippet estimated_duration=226.132928, duration=0.000169038772583
unknown measurement script
activate_detectors ('H2', 'H1', 'AX', 'L1', 'L2', 'CDD') {}
activate detectors
*************** Set Analysis View Ar/Ar
create graphs
clearing graphs
clear isotope group
setting isotope det=H2, iso=PM41
setting isotope det=H1, iso=Ar40
setting isotope det=AX, iso=Ar39
setting isotope det=L1, iso=Ar38
setting isotope det=L2, iso=Ar37
setting isotope det=CDD, iso=Ar36
setting previous blanks
 - setting Ar40 blank 0.067+/-0.007
 - setting Ar36 blank 0.00454+/-0.00018
 - setting Ar37 blank 0.059+/-0.005
 - setting Ar38 blank 0.0125+/-0.0023
 - setting PM41 blank 0.04+/-0.07
 - setting Ar39 blank 0.033+/-0.008
load analysis view
position_magnet ('Ar40',) {'detector': 'H1'}
detector Detector(H1)
POSITION Ar40 H1
setting detector H2 to PM41 (40.9624)
setting detector H1 to Ar40 (39.9624)
setting detector AX to Ar39 (38.9624)
setting detector L1 to Ar38 (37.9624)
setting detector L2 to Ar37 (36.9624)
setting detector CDD to Ar36 (35.9624)
Mapping mass to dac mass func: "parabolic"
H1 map mass coeffs = [-0.00063987  0.15840543  0.57093999]
H1 map mass to dac 39.9624 >> 5.87933
GetDeflection H1 ===>> 0
GetHighVoltage ===>> 4500
positioning Ar40 (5.87933) on H1
setting magnet DAC
current  : 5.879330
requested: 5.879330
Delta Dac: 0.000000
Checking detector protection. dv=0.00000
Checking detector "CDD". Protection Threshold: 0.1 (V)
SetMagnetDAC 5.87933 ===>> OK
Magnet settling time: 0.500
equilibrate () {'delay': 3, 'inlet': 'R', 'outlet': 'O', 'eqtime': 12.0}
Equilibration Started
22:37:03 -- ******* Equilibration Started *******
checking ownership. requestor=129.138.12.150
check software interlocks O
interlocks []
actuate state mode=None-script, software_lock=False
doing actuation None-script close_channel True
Close O ===>> OK
GetIndicatorState O ===>> False
change switch state (True, True)
update switch state O False args=() kw={} ncanvase=2
22:37:04 -- CLOSE  VALVE-O (Jan Ion Pump)
waiting 3s before opening inlet value ('R',)
update labels <pychron.experiment.plot_panel.PlotPanel object at 0x19f4a69b0>
update labels "<pychron.graph.stacked_regression_graph.StackedRegressionGraph object at 0x1a76a1290>"
setting label 0 H2 PM41
setting label 1 H1 Ar40
setting label 2 AX Ar39
setting label 3 L1 Ar38
setting label 4 L2 Ar37
setting label 5 CDD Ar36
update labels "<pychron.graph.stacked_graph.StackedGraph object at 0x1a637eb90>"
setting label 0 H2 PM41
setting label 1 H1 Ar40
setting label 2 AX Ar39
setting label 3 L1 Ar38
setting label 4 L2 Ar37
setting label 5 CDD Ar36
checking ownership. requestor=129.138.12.150
check software interlocks R
interlocks []
actuate state mode=None-script, software_lock=False
doing actuation None-script open_channel True
Open R ===>> OK
GetIndicatorState R ===>> OK
change switch state (True, True)
update switch state R True args=() kw={} ncanvase=2
22:37:07 -- OPEN   VALVE-R (Jan Inlet)
equilibrating for 12.0sec
set_time_zero () {}
sniff (12.0,) {}
py_sniff
build tables- sniff [Detector(H2), Detector(H1), Detector(AX), Detector(L1), Detector(L2), Detector(CDD)]
add group /sniff/PM41 (Group) '' table H2
add group /sniff/Ar40 (Group) '' table H1
add group /sniff/Ar39 (Group) '' table AX
add group /sniff/Ar38 (Group) '' table L1
add group /sniff/Ar37 (Group) '' table L2
add group /sniff/Ar36 (Group) '' table CDD
flush and close file /Users/jan/PychronDev/data/isotopes/8d/1e3d66-b1b7-4adb-9d1a-572aa670a882.h5
measuring sniff. ncounts=12.0
"sniff" increment series count="1" fit count="0" regressing="False"
starting measurement
GetData ===>> H2,-0.109887041209218,H1,0.0984465912101441,AX,-0.118823424656031,L1,-0.0248818930742275,L2,-0.00...
GetData ===>> H2,0.546323346052004,H1,325.624739152809,AX,43.5365195332189,L1,0.211521827865601,L2,0.3740660003...
GetData ===>> H2,0.785668995183101,H1,944.139198349863,AX,120.621539544036,L1,0.956651850475276,L2,0.5184468532...
GetData ===>> H2,0.276298547446748,H1,1161.25547276597,AX,144.566716353563,L1,1.38866460862527,L2,0.38780582778...
GetData ===>> H2,0.0772335332481122,H1,1234.41306798141,AX,151.513193638061,L1,1.63595560136873,L2,0.3371278536...
GetData ===>> H2,-0.0161097004149253,H1,1262.92897578707,AX,154.144116814637,L1,1.7755087713933,L2,0.2809201363...
GetData ===>> H2,0.0517222458103889,H1,1274.68034805498,AX,155.24792763147,L1,1.84592141194152,L2,0.39700107680...
GetData ===>> H2,0.0229344025537462,H1,1279.95052774227,AX,155.687087656461,L1,1.89186781722804,L2,0.2518196021...
GetData ===>> H2,-0.0660105833912615,H1,1282.21747952912,AX,155.866553513636,L1,1.93270160282062,L2,0.354778743...
GetData ===>> H2,-0.0610062929485335,H1,1282.78219643018,AX,156.024465048864,L1,1.96020511154294,L2,0.368892660...
GetData ===>> H2,-0.0463991724965445,H1,1283.15142208844,AX,156.13824357254,L1,1.98425836137135,L2,0.3253928391...
Equilibration Finished
22:37:19 -- ******* Equilibration Finished *******
checking ownership. requestor=129.138.12.150
check software interlocks R
interlocks []
actuate state mode=None-script, software_lock=False
doing actuation None-script close_channel True
GetData ===>> H2,-0.0270478966977863,H1,1283.3687466476,AX,156.091083972918,L1,1.98809251379109,L2,0.4058430549...
Close R ===>> OK
set states for children of R. state=False
handle state [('R', False)]
update switch state R False args=() kw={'refresh': False} ncanvase=2
refresh_canvas_needed fired
GetIndicatorState R ===>> False
change switch state (True, True)
update switch state R False args=() kw={} ncanvase=2
22:37:20 -- CLOSE  VALVE-R (Jan Inlet)
Post Equilibration Started jan_pump_extraction_line.py
22:37:20 -- ******* Post Equilibration Started jan_pump_extraction_line.py *******
testing...
no interpolation path defined
calculate duration
testing...
no interpolation path defined
executed snippet estimated_duration=4.0, duration=0.000164985656738
executed snippet estimated_duration=4.0, duration=0.00142908096313
Pump after analysis
doing GOSUB
testing...
no interpolation path defined
executed snippet estimated_duration=4.0, duration=0.000140190124512
Pump Microbone
close () {'description': 'Jan Inlet'}
closing name=--- desc=Jan Inlet
checking ownership. requestor=129.138.12.150
check software interlocks R
interlocks []
actuate state mode=None-script, software_lock=False
doing actuation None-script close_channel False
Close R ===>> OK
measurement finished
estimated time: 12.583 actual time: :12.674
flush and close file /Users/jan/PychronDev/data/isotopes/8d/1e3d66-b1b7-4adb-9d1a-572aa670a882.h5
set_fits () {}
using default fits file=/Users/jan/PychronDev/scripts/measurement/fits/nominal_linear.yaml
set "Ar40" to "('Linear', 'SEM')"
No fit for "PM41". defaulting to linear. check the measurement script "jan_unknown120_60.py"
set "PM41" to "linear"
set "Ar36" to "('Linear', 'SEM')"
set "Ar37" to "('linear', 'SEM')"
set "Ar38" to "('linear', 'SEM')"
set "Ar39" to "('Linear', 'SEM')"
set_baseline_fits () {}
using default fits file=/Users/jan/PychronDev/scripts/measurement/fits/nominal_linear.yaml
GetIndicatorState R ===>> False
change switch state (True, True)
update switch state R False args=() kw={} ncanvase=2
set "H1" to "('average', 'SEM')"
set "H2" to "('average', 'SEM')"
set "CDD" to "('average', 'SEM')"
set "L2" to "('average', 'SEM')"
set "L1" to "('average', 'SEM')"
22:37:20 -- CLOSE  VALVE-R (Jan Inlet)
set "AX" to "('average', 'SEM')"
multicollect () {'integration_time': 1, 'ncounts': 120}
---------------------------------------- close None (Jan Inlet) result=[(True, True)]
build tables- signal [Detector(H2), Detector(H1), Detector(AX), Detector(L1), Detector(L2), Detector(CDD)]
add group /signal/PM41 (Group) '' table H2
add group /signal/Ar40 (Group) '' table H1
add group /signal/Ar39 (Group) '' table AX
add group /signal/Ar38 (Group) '' table L1
add group /signal/Ar37 (Group) '' table L2
add group /signal/Ar36 (Group) '' table CDD
flush and close file /Users/jan/PychronDev/data/isotopes/8d/1e3d66-b1b7-4adb-9d1a-572aa670a882.h5
measuring signal. ncounts=120
action=close, ok=True, locked=[False]
is_closed ('F',) {}
is F () closed?
is closed True
open () {'description': 'CO2 Laser to Jan'}
opening name=--- desc=CO2 Laser to Jan
checking ownership. requestor=129.138.12.150
check software interlocks A
interlocks []
actuate state mode=None-script, software_lock=False
doing actuation None-script open_channel False
Open A ===>> OK
GetIndicatorState A ===>> OK
change switch state (True, True)
update switch state A True args=() kw={} ncanvase=2
22:37:21 -- OPEN   VALVE-A (CO2 Laser to Jan)
---------------------------------------- open None (CO2 Laser to Jan) result=[(True, True)], time=0.15 sec
starting measurement
GetData ===>> H2,-0.0185021115439562,H1,1283.33090320828,AX,156.231867243655,L1,2.02231381534525,L2,0.287389477...
action=open, ok=True, locked=[False]
sleep (1,) {}
SLEEP 1.0
"signal" increment series count="2" fit count="1" regressing="True"
GetData ===>> H2,-0.0887386012407351,H1,1282.88410830605,AX,156.021309273361,L1,2.03263165895222,L2,0.304061168...
close () {'description': 'CO2 Laser to Roughing'}
closing name=--- desc=CO2 Laser to Roughing
checking ownership. requestor=129.138.12.150
check software interlocks G
interlocks []
actuate state mode=None-script, software_lock=True
VALVE-G(CO2 Laser to Roughing) software locked
change switch state (True, False)
---------------------------------------- close None (CO2 Laser to Roughing) result=[(True, False)]
action=close, ok=True, locked=[True]
open () {'description': 'Microbone to Turbo'}
opening name=--- desc=Microbone to Turbo
checking ownership. requestor=129.138.12.150
check software interlocks U
interlocks []
actuate state mode=None-script, software_lock=False
doing actuation None-script open_channel True
Open U ===>> OK
GetIndicatorState U ===>> OK
change switch state (True, True)
update switch state U True args=() kw={} ncanvase=2
22:37:22 -- OPEN   VALVE-U (Microbone to Turbo)
---------------------------------------- open None (Microbone to Turbo) result=[(True, True)], time=0.20 sec
action=open, ok=True, locked=[False]
open () {'description': 'Microbone to Getter NP-10'}
opening name=--- desc=Microbone to Getter NP-10
checking ownership. requestor=129.138.12.150
check software interlocks M
interlocks []
actuate state mode=None-script, software_lock=False
doing actuation None-script open_channel False
Open M ===>> OK
GetIndicatorState M ===>> OK
change switch state (True, True)
update switch state M True args=() kw={} ncanvase=2
22:37:22 -- OPEN   VALVE-M (Microbone to Getter NP-10)
---------------------------------------- open None (Microbone to Getter NP-10) result=[(True, True)], time=0.17 sec
action=open, ok=True, locked=[False]
open () {'description': 'Microbone to Getter D-50'}
opening name=--- desc=Microbone to Getter D-50
checking ownership. requestor=129.138.12.150
check software interlocks K
interlocks []
actuate state mode=None-script, software_lock=False
doing actuation None-script open_channel False
GetData ===>> H2,-0.182740008697635,H1,1282.31343292371,AX,155.784802971345,L1,2.00034990976439,L2,0.3914838215...
Open K ===>> OK
GetIndicatorState K ===>> OK
change switch state (True, True)
update switch state K True args=() kw={} ncanvase=2
22:37:23 -- OPEN   VALVE-K (Microbone to Getter D-50)
---------------------------------------- open None (Microbone to Getter D-50) result=[(True, True)], time=0.46 sec
action=open, ok=True, locked=[False]
open () {'description': 'Microbone to CO2 Laser'}
opening name=--- desc=Microbone to CO2 Laser
checking ownership. requestor=129.138.12.150
check software interlocks T
interlocks []
actuate state mode=None-script, software_lock=False
doing actuation None-script open_channel False
Open T ===>> OK
GetIndicatorState T ===>> OK
change switch state (True, True)
update switch state T True args=() kw={} ncanvase=2
22:37:24 -- OPEN   VALVE-T (Microbone to CO2 Laser)
---------------------------------------- open None (Microbone to CO2 Laser) result=[(True, True)], time=0.48 sec
GetData ===>> H2,-0.0383695477715633,H1,1281.30470327799,AX,155.979202869684,L1,1.99522263955732,L2,0.258772675...
action=open, ok=True, locked=[False]
open () {'description': 'Microbone to Inlet Pipette'}
opening name=--- desc=Microbone to Inlet Pipette
checking ownership. requestor=129.138.12.150
check software interlocks S
interlocks []
actuate state mode=None-script, software_lock=False
doing actuation None-script open_channel False
Open S ===>> OK
GetIndicatorState S ===>> OK
change switch state (True, True)
update switch state S True args=() kw={} ncanvase=2
22:37:25 -- OPEN   VALVE-S (Microbone to Inlet Pipette)
---------------------------------------- open None (Microbone to Inlet Pipette) result=[(True, True)], time=0.47 sec
action=open, ok=True, locked=[False]
sleep (1,) {}
SLEEP 1.0
GetData ===>> H2,-0.123769962699678,H1,1281.20695514557,AX,155.915968229656,L1,1.9850187596688,L2,0.32687675962...
set_resource () {'name': 'CO2PumpTimeFlag', 'value': 30}
Set CO2PumpTimeFlag 30 ===>> OK
release ('JanCO2Flag',) {}
release JanCO2Flag
Set JanCO2Flag 0 ===>> OK
executed snippet estimated_duration=6.0, duration=6.17376804352
PumpMicrobone.py completed successfully
gosub finished
get_resource_value () {'name': 'JanMiniboneFlag'}
Read JanMiniboneFlag ===>> 0
Get Resource Value JanMiniboneFlag=0.0
get resource value 0.0
get_resource_value () {'name': 'JanMiniboneFlag'}
Read JanMiniboneFlag ===>> 0
Get Resource Value JanMiniboneFlag=0.0
executed snippet estimated_duration=4.0, duration=6.1910469532
jan_pump_extraction_line.py completed successfully
Post Equilibration Finished
22:37:26 -- ******* Post Equilibration Finished *******
GetData ===>> H2,-0.113971139903377,H1,1280.08612713955,AX,155.823229748918,L1,1.98153348100166,L2,0.3606021952...
GetData ===>> H2,-0.0796945137890924,H1,1280.05057069801,AX,155.847898332933,L1,1.99222075427475,L2,0.323121343...
GetData ===>> H2,0.0527226780493745,H1,1279.42855515752,AX,155.864171890642,L1,1.97768005710937,L2,0.2726715046...
GetData ===>> H2,-0.0225684662886969,H1,1279.10494744513,AX,155.669235130904,L1,1.95912235292493,L2,0.359962740...
GetData ===>> H2,-0.1783113697247,H1,1278.82835418223,AX,155.38623153352,L1,1.94985606735644,L2,0.4512235620288...
GetData ===>> H2,-0.142722969048401,H1,1278.16530581227,AX,155.391508277953,L1,2.01382703618736,L2,0.3565714153...
GetData ===>> H2,-0.0622604429019691,H1,1277.23084198871,AX,155.249554011334,L1,1.98955851546325,L2,0.285096063...
GetData ===>> H2,-0.0870130564261525,H1,1277.04285427454,AX,155.171859138523,L1,1.95085631500233,L2,0.344913938...
GetData ===>> H2,-0.106993050147335,H1,1276.55266037907,AX,155.310867047582,L1,1.97638961940036,L2,0.3224935530...
GetData ===>> H2,-0.185903225372142,H1,1276.00390066378,AX,155.520869535713,L1,2.00069669229157,L2,0.2828825710...
GetData ===>> H2,-0.245290831276356,H1,1275.15913872859,AX,155.216591494628,L1,1.99128052446999,L2,0.3478595725...
GetData ===>> H2,-0.00367494118668052,H1,1274.44919239796,AX,155.072110653598,L1,1.9826586645519,L2,0.305784417...
GetData ===>> H2,-0.090380954878356,H1,1274.21602833831,AX,155.109732706581,L1,1.99479393738546,L2,0.3802789451...
GetData ===>> H2,-0.154564504936059,H1,1273.83899127787,AX,154.788443118385,L1,1.9761049261468,L2,0.20258025668...
GetData ===>> H2,-0.148941341092048,H1,1273.49471268275,AX,154.97152158939,L1,2.01110918126331,L2,0.30183582605...
GetData ===>> H2,-0.172753026183929,H1,1272.82322376654,AX,154.804568414288,L1,1.976737587775,L2,0.416856685290...
GetData ===>> H2,-0.104094554331984,H1,1272.08526099063,AX,154.789255461015,L1,1.92536397938569,L2,0.4446693856...
GetData ===>> H2,-0.0574952941107796,H1,1271.56917807427,AX,154.718429210269,L1,1.96067655820946,L2,0.314617982...
GetData ===>> H2,-0.0773705043409504,H1,1271.37960045188,AX,154.653917140457,L1,1.99556033665222,L2,0.278877877...
22:37:46 -- collecting point 25
GetData ===>> H2,-0.132932562460575,H1,1271.37337340936,AX,154.680247844049,L1,1.95963869173299,L2,0.3084663568...
GetData ===>> H2,-0.0724363389063589,H1,1270.69036656333,AX,154.542793455783,L1,1.95850067086439,L2,0.451657478...
GetData ===>> H2,-0.0233014133254358,H1,1270.35922198643,AX,154.46501926196,L1,1.94857693525621,L2,0.2820496723...
GetData ===>> H2,-0.148649614517892,H1,1269.37174106999,AX,154.506253163278,L1,1.96245747854152,L2,0.3244796686...
GetData ===>> H2,-0.173978209471429,H1,1268.50797717767,AX,154.458154825468,L1,1.94294367420457,L2,0.3141614476...
GetData ===>> H2,-0.0202719825622417,H1,1268.63105945412,AX,154.413540824551,L1,1.94872958109684,L2,0.318989414...
GetData ===>> H2,-0.0713529759843932,H1,1268.01659389438,AX,154.106623728291,L1,1.92794427869257,L2,0.321500510...
GetData ===>> H2,-0.185881645651587,H1,1267.56235495184,AX,154.289660545915,L1,1.93040552368557,L2,0.3067088220...
GetData ===>> H2,-0.0893646749184636,H1,1266.73274015159,AX,154.128611489996,L1,1.95448823860655,L2,0.313944594...
GetData ===>> H2,-0.0781903986211515,H1,1266.39602276418,AX,154.162741654121,L1,1.90895640056667,L2,0.345564710...
GetData ===>> H2,-0.166984518792732,H1,1266.21824268922,AX,153.974770317371,L1,1.92633529989642,L2,0.3160332547...
GetData ===>> H2,-0.150672637872093,H1,1265.68549521822,AX,153.875300589167,L1,1.90915474608343,L2,0.2493878580...
GetData ===>> H2,-0.139425294747179,H1,1264.56814215117,AX,154.102467563134,L1,1.95113534760913,L2,0.2901850066...
GetData ===>> H2,-0.12965898510375,H1,1264.33150344772,AX,154.087713976748,L1,1.96776245157461,L2,0.29331153211...
GetData ===>> H2,0.012621853243908,H1,1263.64618791148,AX,153.817183978385,L1,1.9284530487515,L2,0.378348777650...
GetData ===>> H2,0.109776264928272,H1,1263.76972933618,AX,153.839241662854,L1,1.93159558525349,L2,0.32333821788...
GetData ===>> H2,-0.0313527257716821,H1,1263.35828203308,AX,153.676742879775,L1,1.92815593470473,L2,0.366631553...
GetData ===>> H2,-0.0265723504210085,H1,1262.80418162965,AX,153.576756581618,L1,1.891257440445,L2,0.27192996123...
GetData ===>> H2,-0.0738761434689535,H1,1261.65594794725,AX,153.595246710344,L1,1.93713336032641,L2,0.396167185...
GetData ===>> H2,-0.124755735151592,H1,1261.85659998056,AX,153.351002506487,L1,1.94684797362669,L2,0.3130657726...
GetData ===>> H2,-0.251235054516825,H1,1261.13735636596,AX,153.618471101324,L1,1.97374858007077,L2,0.3181447884...
GetData ===>> H2,-0.204669970893388,H1,1260.3007252262,AX,153.633934991669,L1,1.94952969035691,L2,0.18967538131...
GetData ===>> H2,-0.122258008158959,H1,1259.56091742369,AX,153.450538853888,L1,1.94456284379531,L2,0.2739036202...
GetData ===>> H2,-0.0130970755222742,H1,1259.47468094203,AX,153.540840293301,L1,1.95005874179875,L2,0.383762482...
GetData ===>> H2,-0.022991529325789,H1,1258.98728289008,AX,153.574328730746,L1,1.95396160806944,L2,0.3640964361...
22:38:12 -- collecting point 50
GetData ===>> H2,-0.119896359625471,H1,1258.43416590199,AX,153.290553648184,L1,1.95883389863632,L2,0.1670760723...
GetData ===>> H2,-0.22023407507599,H1,1257.70160701873,AX,153.167428587277,L1,1.95162498789912,L2,0.35313453875...
GetData ===>> H2,-0.166861695239531,H1,1257.25283559755,AX,153.315068817786,L1,1.95532299944009,L2,0.3816495019...
GetData ===>> H2,-0.0433959752198599,H1,1256.82737689361,AX,153.304718929784,L1,1.92261477788705,L2,0.406836971...
GetData ===>> H2,-0.137953195380669,H1,1256.73322017895,AX,153.23852739459,L1,1.89567129205627,L2,0.45102944235...
GetData ===>> H2,-0.276066989517182,H1,1256.41141631357,AX,153.049630715037,L1,1.88842389746421,L2,0.2308150231...
GetData ===>> H2,-0.153267295919108,H1,1256.01867121238,AX,153.05257315987,L1,1.9195235946127,L2,0.309242421462...
GetData ===>> H2,-0.217547423741898,H1,1255.59061733363,AX,152.75033483075,L1,1.93904131343719,L2,0.22603255913...
GetData ===>> H2,-0.0857347166766009,H1,1254.34068618496,AX,152.867282614868,L1,1.92172393126573,L2,0.350211577...
GetData ===>> H2,-0.103818468538734,H1,1253.68789073431,AX,152.795017780128,L1,1.95403401827968,L2,0.2750444822...
GetData ===>> H2,-0.0444026225590866,H1,1253.27404386753,AX,152.585042186606,L1,1.93870180524869,L2,0.307564760...
GetData ===>> H2,-0.091893011297802,H1,1252.51852493856,AX,152.605007210504,L1,1.89831756245247,L2,0.2591266225...
GetData ===>> H2,-0.138181660422767,H1,1252.99142671417,AX,152.516791903372,L1,1.9220773706523,L2,0.38982756464...
GetData ===>> H2,-0.162599838199934,H1,1252.25162596844,AX,152.441679691744,L1,1.91198845543078,L2,0.3704686153...
GetData ===>> H2,-0.15536302541992,H1,1251.94973863772,AX,152.715590863032,L1,1.9243888017879,L2,0.401330574028...
GetData ===>> H2,-0.114079415540179,H1,1251.36805908975,AX,152.308248824387,L1,1.92721863175771,L2,0.4046435140...
GetData ===>> H2,-0.205372141738772,H1,1250.71318648726,AX,152.22062107006,L1,1.89786837401095,L2,0.29760211270...
GetData ===>> H2,-0.216144525497631,H1,1250.44108940647,AX,152.610904055649,L1,1.90574264975075,L2,0.4232437995...
GetData ===>> H2,-0.18023983525225,H1,1249.76806799574,AX,152.539594714095,L1,1.90828651824608,L2,0.36997755419...
GetData ===>> H2,-0.117657344537723,H1,1249.03001609679,AX,152.325370242012,L1,1.91628441794521,L2,0.2272195923...
GetData ===>> H2,-0.0902901708974567,H1,1248.79729666018,AX,152.253959464329,L1,1.91109372860515,L2,0.397309504...
GetData ===>> H2,-0.0889784647110615,H1,1248.41306802289,AX,152.208820855318,L1,1.91551945908339,L2,0.237835062...
GetData ===>> H2,-0.228236349226875,H1,1247.76466390238,AX,152.210246758063,L1,1.9255519278324,L2,0.28540413040...
GetData ===>> H2,-0.112494427858953,H1,1246.8752193733,AX,151.887633679812,L1,1.94972051444777,L2,0.28174161573...
GetData ===>> H2,-0.0492498871773421,H1,1247.0912254572,AX,151.941597780876,L1,1.91769749695198,L2,0.3187725506...
22:38:39 -- collecting point 75
GetData ===>> H2,-0.0669167560252899,H1,1246.75404742043,AX,151.853999808888,L1,1.9309196671371,L2,0.2089819941...
GetData ===>> H2,-0.0389491113371281,H1,1246.12143363775,AX,151.582801027819,L1,1.93459037419112,L2,0.372809755...
GetData ===>> H2,-0.0374709623655758,H1,1245.79495739773,AX,151.784737850448,L1,1.89195051603882,L2,0.259480570...
GetData ===>> H2,-0.0913470141250712,H1,1244.89133886285,AX,151.670222208306,L1,1.92692812344547,L2,0.331031859...
GetData ===>> H2,-0.134229512958475,H1,1244.29644814959,AX,151.808112637107,L1,1.91581912736737,L2,0.3228131550...
GetData ===>> H2,-0.15230240044727,H1,1244.26037692759,AX,151.769727614304,L1,1.94301075125229,L2,0.25979228180...
GetData ===>> H2,-0.116419270500338,H1,1243.67171597436,AX,151.486628902686,L1,1.96066076419116,L2,0.3490812380...
GetData ===>> H2,-0.0411042319312341,H1,1242.79676441447,AX,151.502014502576,L1,1.89070484891452,L2,0.429425651...
GetData ===>> H2,-0.129671149342632,H1,1242.44275024754,AX,151.56833672656,L1,1.8719485237034,L2,0.328999947400...
GetData ===>> H2,-0.0776916931085839,H1,1241.96460095706,AX,151.539184824637,L1,1.91720848540476,L2,0.285130292...
GetData ===>> H2,-0.0995288034169278,H1,1241.23800510168,AX,151.437747059667,L1,1.91475586750503,L2,0.396247147...
GetData ===>> H2,-0.204244064842602,H1,1240.70681768375,AX,151.362614062859,L1,1.95046015345673,L2,0.3054192228...
GetData ===>> H2,-0.134364744308433,H1,1239.99474385422,AX,151.353211845239,L1,1.98621151739761,L2,0.3352784660...
GetData ===>> H2,-0.228053257196304,H1,1239.66859053612,AX,151.052628377752,L1,1.92274617728209,L2,0.2713481388...
GetData ===>> H2,-0.0860258766109901,H1,1239.59929781414,AX,151.041234425954,L1,1.87839632264818,L2,0.291337473...
GetData ===>> H2,-0.0584907973589047,H1,1239.31333464132,AX,151.093698164238,L1,1.91255344515561,L2,0.295730665...
GetData ===>> H2,-0.0613913655809775,H1,1238.86923976983,AX,151.181438808037,L1,1.86794268972922,L2,0.373506398...
GetData ===>> H2,-0.107555884217451,H1,1238.39688646906,AX,151.21235491206,L1,1.90524103718423,L2,0.30980164837...
GetData ===>> H2,-0.151574644075977,H1,1237.83227025947,AX,151.021683083393,L1,1.9016700054172,L2,0.23929620893...
GetData ===>> H2,-0.184593531569713,H1,1237.58773499979,AX,151.060664346899,L1,1.90661199050799,L2,0.2083885886...
GetData ===>> H2,-0.228707528310327,H1,1237.05020050711,AX,150.959067745799,L1,1.94242022418295,L2,0.3024064216...
GetData ===>> H2,-0.134033424638007,H1,1236.22031697425,AX,150.896029726851,L1,1.92067935906869,L2,0.3639365661...
GetData ===>> H2,-0.0957250920634871,H1,1235.53849052328,AX,150.605544364118,L1,1.88753553038207,L2,0.357336451...
GetData ===>> H2,0.00626852124045943,H1,1235.34315059835,AX,150.593735669547,L1,1.87535233349962,L2,0.381843665...
GetData ===>> H2,-0.04535916275552,H1,1234.7434549389,AX,150.698231571436,L1,1.86507066357519,L2,0.410058703824...
22:39:05 -- collecting point 100
GetData ===>> H2,0.0575802431616381,H1,1234.38878526619,AX,150.49736221359,L1,1.85535554414223,L2,0.19014316692...
GetData ===>> H2,-0.0601574600830651,H1,1233.69743892647,AX,150.522646410596,L1,1.8657181476072,L2,0.3008772330...
GetData ===>> H2,-0.0146394975541796,H1,1233.22482160264,AX,150.530814676678,L1,1.8878858822549,L2,0.2855068197...
GetData ===>> H2,-0.101636613430811,H1,1233.35528589239,AX,150.439627736298,L1,1.86239986705511,L2,0.3910726102...
GetData ===>> H2,-0.0934793704079521,H1,1232.12482733519,AX,150.407385462434,L1,1.91637905571942,L2,0.315896292...
GetData ===>> H2,-0.0643806588837139,H1,1231.46460152894,AX,150.337468746372,L1,1.95610383440842,L2,0.319183451...
GetData ===>> H2,-0.226613996664531,H1,1230.89699000483,AX,150.246787213084,L1,1.92912487151204,L2,0.3205188926...
GetData ===>> H2,-0.145228020014296,H1,1231.07737989943,AX,150.297251328677,L1,1.90295386818787,L2,0.3456332128...
GetData ===>> H2,0.0492229105824228,H1,1230.48506910211,AX,150.161827751165,L1,1.88765887396507,L2,0.3288173057...
GetData ===>> H2,-0.0565580309763777,H1,1229.81791992398,AX,149.978165291886,L1,1.91822202537349,L2,0.317653995...
GetData ===>> H2,-0.124390644225376,H1,1229.40410243549,AX,150.075729903084,L1,1.90147573246351,L2,0.2701388723...
GetData ===>> H2,-0.135263991788627,H1,1229.08357732858,AX,150.002015828397,L1,1.89626615503734,L2,0.3444915100...
GetData ===>> H2,-0.149563936130869,H1,1228.74045481437,AX,150.136815902269,L1,1.85180680526209,L2,0.3375730819...
GetData ===>> H2,-0.0937706078461611,H1,1228.21032607724,AX,149.982746371088,L1,1.85245408951601,L2,0.329148344...
GetData ===>> H2,-0.138896766818712,H1,1228.19942827784,AX,149.881723845989,L1,1.85968949387737,L2,0.3323560498...
GetData ===>> H2,-0.140902609200148,H1,1227.38518708715,AX,149.897574652445,L1,1.9300202605332,L2,0.32180869513...
GetData ===>> H2,-0.149834031805547,H1,1226.44966798329,AX,149.654018295011,L1,1.90665007497875,L2,0.3672596334...
GetData ===>> H2,-0.0418817666748743,H1,1226.27160762542,AX,149.787766994164,L1,1.89128631772417,L2,0.418764776...
GetData ===>> H2,0.0576838791434808,H1,1225.17548352738,AX,149.603386828194,L1,1.94024546735776,L2,0.1802402911...
GetData ===>> H2,-0.104491077581354,H1,1224.870158648,AX,149.557428002048,L1,1.92158334699977,L2,0.426203268707...
GetData ===>> H2,0.0086706718211367,H1,1224.59205641717,AX,149.415232255231,L1,1.85323638469594,L2,0.2718729196...
measurement finished
estimated time: 125.829 actual time: :126.386
flush and close file /Users/jan/PychronDev/data/isotopes/8d/1e3d66-b1b7-4adb-9d1a-572aa670a882.h5
baselines () {'settling_time': 15.0, 'detector': 'H1', 'mass': 34.2, 'ncounts': 60}
%%%%%%%%%%%%%%%%%%%%%%%%%%%%%%%% Baseline
build tables- baseline [Detector(H2), Detector(H1), Detector(AX), Detector(L1), Detector(L2), Detector(CDD)]
add group baseline table H2
add group baseline table H1
add group baseline table AX
add group baseline table L1
add group baseline table L2
add group baseline table CDD
flush and close file /Users/jan/PychronDev/data/isotopes/8d/1e3d66-b1b7-4adb-9d1a-572aa670a882.h5
detector Detector(H1)
POSITION 34.2 H1
Mapping mass to dac mass func: "parabolic"
H1 map mass coeffs = [-0.00063987  0.15840543  0.57093999]
H1 map mass to dac 34.2 >> 5.23998599104
GetDeflection H1 ===>> 0
GetHighVoltage ===>> 4500
positioning 34.2 (5.23998599104) on H1
setting magnet DAC
current  : 5.879330
requested: 5.239986
Delta Dac: 0.639344
Checking detector protection. dv=0.63934
Checking detector "CDD". Protection Threshold: 0.1 (V)
ProtectDetector CDD,On ===>> OK
GetDeflection CDD ===>> 2000
Protected = 2000
SetMagnetDAC 5.23998599104 ===>> OK
Magnet settling time: 0.500
GetMagnetMoving ===>> True
GetMagnetMoving ===>> True
GetMagnetMoving ===>> True
GetMagnetMoving ===>> True
GetMagnetMoving ===>> True
GetMagnetMoving ===>> True
GetMagnetMoving ===>> True
GetMagnetMoving ===>> True
GetMagnetMoving ===>> False
ProtectDetector CDD,Off ===>> OK
GetDeflection CDD ===>> 50
Delaying 15.0s for detectors to settle
Join finished
measuring baseline. ncounts=60
"baseline" increment series count="2" fit count="1" regressing="True"
starting measurement
GetData ===>> H2,-0.130933426617404,H1,-0.0615470773888792,AX,-0.118568518603661,L1,-0.0553289303261245,L2,-0.0...
GetData ===>> H2,-0.16513932582958,H1,-0.0626915108544289,AX,-0.172295753934934,L1,-0.0467699551364476,L2,-0.08...
GetData ===>> H2,-0.196276936361767,H1,-0.0741828046894931,AX,-0.135706811927068,L1,-0.0726813935509241,L2,-0.0...
GetData ===>> H2,-0.130764336051426,H1,-0.109733087325536,AX,-0.0864334205017001,L1,-0.0607993654797223,L2,-0.0...
GetData ===>> H2,-0.129738728210104,H1,0.0247880790451795,AX,-0.137434546231209,L1,-0.0653328641983646,L2,0.118...
GetData ===>> H2,-0.148763064633066,H1,-0.0230936590211116,AX,-0.168853084643308,L1,-0.0375624704057795,L2,-0.0...
GetData ===>> H2,-0.142490541448474,H1,-0.0749456654521417,AX,-0.0753175136092696,L1,-0.043374861266791,L2,0.02...
GetData ===>> H2,-0.0578750603885658,H1,-0.013528685142483,AX,-0.0789340898426485,L1,-0.0141375527391024,L2,-0....
GetData ===>> H2,-0.0915665000117673,H1,9.28427930759313E-05,AX,-0.178125989963461,L1,-0.0359809376069251,L2,-0...
GetData ===>> H2,-0.156841018127489,H1,0.0494416705857371,AX,-0.136205422963711,L1,-0.00967104113343206,L2,-0.0...
GetData ===>> H2,-0.216314172089078,H1,-0.0211139514138424,AX,-0.0684201446350996,L1,-0.03184321909686,L2,-0.02...
GetData ===>> H2,-0.21948096090627,H1,-0.0410165788826465,AX,-0.0966672776048614,L1,-0.0368615945269671,L2,-0.0...
GetData ===>> H2,-0.235794383119282,H1,-0.00760080491641875,AX,-0.193853133983939,L1,-0.0267679527292876,L2,-0....
GetData ===>> H2,-0.192946805402418,H1,0.0583093788237622,AX,-0.134454475261506,L1,-0.0201472120703633,L2,-0.14...
GetData ===>> H2,-0.163393742373254,H1,-0.00959270725411336,AX,-0.0817971173629933,L1,-0.0134831637098582,L2,-0...
GetData ===>> H2,-0.140928288170892,H1,-0.0530587873263098,AX,-0.200388943817457,L1,-0.00863624426622542,L2,-0....
GetData ===>> H2,-0.194860650435878,H1,-0.0653141215153362,AX,-0.0548210422179126,L1,0.00105259845378779,L2,-0....
GetData ===>> H2,-0.213384044681596,H1,0.0326990009103635,AX,-0.0828982593623711,L1,0.00374399812448786,L2,0.03...
GetData ===>> H2,-0.196918936895687,H1,0.00876530658577859,AX,-0.069892397205757,L1,-0.0412433629473099,L2,0.08...
GetData ===>> H2,-0.175021829219115,H1,-0.0166177230212615,AX,0.0582116714909746,L1,-0.0479859720377865,L2,0.07...
GetData ===>> H2,-0.11803076987791,H1,0.000474558541596792,AX,-0.0971424362120956,L1,-0.02131610632069,L2,-0.00...
GetData ===>> H2,-0.179003711793928,H1,0.0289284081467002,AX,-0.0175499936240738,L1,-0.00270359452574801,L2,0.0...
GetData ===>> H2,-0.236145514961164,H1,0.00264559454377107,AX,0.0252005614236165,L1,-0.030358157268876,L2,-0.02...
GetData ===>> H2,-0.164483244796889,H1,0.0314580306520764,AX,0.0436639322599196,L1,-0.0227485658421251,L2,-0.05...
22:40:11 -- collecting point 25
GetData ===>> H2,-0.270917627925902,H1,0.048582392011043,AX,-0.0457655133524319,L1,-0.0278546130235528,L2,-0.07...
GetData ===>> H2,-0.210505694079694,H1,-0.0223423288168377,AX,-0.0500440948708692,L1,-0.0592642105563279,L2,-0....
GetData ===>> H2,-0.242466262134966,H1,0.0690041874103155,AX,-0.0414171686722271,L1,-0.0255553552269722,L2,-0.1...
GetData ===>> H2,-0.259640939732198,H1,-0.0168443282243523,AX,-0.0215050661721503,L1,-0.00264360245426397,L2,-0...
GetData ===>> H2,-0.206567483958095,H1,-0.0369028192078289,AX,0.0370371405222717,L1,-0.0256092781825001,L2,0.15...
GetData ===>> H2,-0.268413971151897,H1,-0.0415173728627092,AX,-0.133712342221758,L1,-0.000190820553997806,L2,0....
GetData ===>> H2,-0.215391856345935,H1,-0.00407015008374574,AX,-0.0931208986090517,L1,0.00516348524066349,L2,-0...
GetData ===>> H2,-0.209764773998472,H1,0.0285943118393696,AX,-0.0958792045547942,L1,-0.024158050730726,L2,-0.01...
GetData ===>> H2,-0.228790992270791,H1,-0.0574341615840133,AX,-0.0323140047174121,L1,-0.0312671848626295,L2,0.1...
GetData ===>> H2,-0.250254654842139,H1,0.00841934797481971,AX,-0.0944305242073104,L1,-0.0227329836979089,L2,0.0...
GetData ===>> H2,-0.119405302274972,H1,-0.0131708753663194,AX,0.0345072409318799,L1,-0.00668746775418655,L2,-0....
GetData ===>> H2,-0.211493063020244,H1,0.0475560411558941,AX,-0.133955855249532,L1,-0.00108008303018352,L2,-0.1...
GetData ===>> H2,-0.146416847341809,H1,0.0284511280489454,AX,-0.0641191847361848,L1,-0.0021564535983642,L2,-0.0...
GetData ===>> H2,-0.0944641292826918,H1,0.0461597435133189,AX,-0.016390117825437,L1,0.00249544497149403,L2,-0.0...
GetData ===>> H2,-0.220068367319447,H1,-0.0579467950943212,AX,0.0519728492176024,L1,-0.0167248679895273,L2,-0.0...
GetData ===>> H2,-0.282338947390378,H1,0.0526879006432115,AX,-0.0719210551982609,L1,-0.0715185635666765,L2,0.03...
GetData ===>> H2,-0.211969878812308,H1,0.0651964181377586,AX,-0.10687688225987,L1,-0.0191100793616615,L2,-0.092...
GetData ===>> H2,-0.155334652559479,H1,-0.0734199381108301,AX,-0.0257847143628808,L1,-0.0303330051393889,L2,-0....
GetData ===>> H2,-0.223438627756789,H1,0.0442741758905243,AX,-0.19760780183612,L1,-0.0229571245256694,L2,-0.066...
GetData ===>> H2,-0.208325903241529,H1,-0.0143993502547122,AX,-0.127814229052183,L1,-0.0115209400625193,L2,-0.0...
GetData ===>> H2,-0.201104534668322,H1,-0.0130873862345336,AX,-0.165155267067824,L1,-0.0590344555661338,L2,-0.0...
GetData ===>> H2,-0.156546515759937,H1,0.0149092534862174,AX,-0.0960878127481293,L1,-0.0543101500160167,L2,0.14...
GetData ===>> H2,-0.185889738051614,H1,0.0321739731546035,AX,-0.0458466806059073,L1,0.0121019580106021,L2,-0.04...
GetData ===>> H2,-0.166563403923871,H1,-0.0418870049072371,AX,-0.12819655154124,L1,0.0288112524766432,L2,-0.067...
GetData ===>> H2,-0.216755779848318,H1,-0.0308451493204796,AX,-0.0317805444956487,L1,-0.00899237987527026,L2,-0...
22:40:37 -- collecting point 50
GetData ===>> H2,-0.116817092615588,H1,-0.000372371307366493,AX,-0.0832228041002298,L1,-0.000630061227446557,L2...
GetData ===>> H2,-0.0968179938801431,H1,0.00356412395035051,AX,-0.0702169853267808,L1,0.00265510708028743,L2,-0...
GetData ===>> H2,-0.13872779489477,H1,0.0128214622424184,AX,-0.0565833519293278,L1,0.0304678996298654,L2,-0.001...
GetData ===>> H2,-0.148885967643531,H1,0.0019656496327737,AX,-0.00608981436977898,L1,-0.00735309230849792,L2,-0...
GetData ===>> H2,-0.179836355639571,H1,0.0351213237115068,AX,-0.0310151399395399,L1,-0.00018001931247258,L2,-0....
GetData ===>> H2,-0.176622849289659,H1,0.00826426346838289,AX,-0.0946739040132331,L1,0.0063751535316565,L2,-0.0...
GetData ===>> H2,-0.103143112756442,H1,-0.0052152409719451,AX,-0.105729658892203,L1,0.00380763045898744,L2,-0.0...
GetData ===>> H2,-0.193495384218853,H1,-0.0734556976116128,AX,-0.00865339267568371,L1,-0.0222271502141273,L2,-0...
GetData ===>> H2,-0.239550791927075,H1,0.0675479074544462,AX,-0.0943957556139394,L1,0.0137106571071703,L2,-0.01...
GetData ===>> H2,-0.219913435105648,H1,-0.037785205093299,AX,-0.158106999684715,L1,-0.0129042456341442,L2,-0.06...
GetData ===>> H2,-0.205664587754099,H1,0.0907049974353537,AX,-0.131533120393086,L1,-0.020443344792685,L2,-0.012...
measurement finished
estimated time: 62.915 actual time: :63.202
flush and close file /Users/jan/PychronDev/data/isotopes/8d/1e3d66-b1b7-4adb-9d1a-572aa670a882.h5
activate_detectors ('H1', 'AX', 'CDD') {'peak_center': True}
peak_center () {'detector': 'H1', 'integration_time': 0.262144, 'isotope': 'Ar40'}
peak center: mean=1226.89779478 threshold=3
peak center started
setup peak center. detector=['H1', 'AX', 'CDD'], isotope=Ar40
VersionedUnpickler [<apptools.sweet_pickle.versioned_unpickler.VersionedUnpickler object at 0x19e16a170>] using Updater [<apptools.sweet_pickle.updater.Updater object at 0x134a15590>]
VersionedUnpickler [<apptools.sweet_pickle.versioned_unpickler.VersionedUnpickler object at 0x19e16a170>] using Updater [<apptools.sweet_pickle.updater.Updater object at 0x134a15590>]
VersionedUnpickler [<apptools.sweet_pickle.versioned_unpickler.VersionedUnpickler object at 0x19eb6ba70>] using Updater [<apptools.sweet_pickle.updater.Updater object at 0x134a15590>]
setting integration time = 0.524288
SetIntegrationTime 0.524288 ===>> OK
Mapping mass to dac mass func: "parabolic"
H1 map mass coeffs = [-0.00063987  0.15840543  0.57093999]
H1 map mass to dac 39.9624 >> 5.87933
GetDeflection H1 ===>> 0
GetHighVoltage ===>> 4500
do peak center. <pychron.spectrometer.jobs.peak_center.PeakCenter object at 0x134a156b0>
doing pc
starting peak center. center dac= 5.87933 step_width=0.001
width = 0.001
get scan parameters. half-width=0.015,window=0.015, i=0, scalar=1
Scan parameters center=5.87933 width=0.03000 (5.86433 - 5.89433)
GetData ===>> H2,-0.195454151329493,H1,0.0891424370719875,AX,-0.0808582390789655,L1,-0.0182215372921216,L2,-0.0...
Moving to starting dac 5.86433
setting magnet DAC
current  : 5.239986
requested: 5.864330
Delta Dac: 0.624344
Checking detector protection. dv=0.62434
Checking detector "CDD". Protection Threshold: 0.1 (V)
ProtectDetector CDD,On ===>> OK
GetDeflection CDD ===>> 2000
Protected = 2000
SetMagnetDAC 5.86433 ===>> OK
Magnet settling time: 0.500
GetMagnetMoving ===>> True
GetMagnetMoving ===>> True
GetMagnetMoving ===>> True
GetMagnetMoving ===>> True
GetMagnetMoving ===>> True
GetMagnetMoving ===>> True
GetMagnetMoving ===>> True
GetMagnetMoving ===>> True
GetMagnetMoving ===>> False
ProtectDetector CDD,Off ===>> OK
GetDeflection CDD ===>> 50
Wait until signal near baseline. tol= 0.066856827804. timeout= 10
GetData ===>> H2,6.64811572075819,H1,2.31474882307372,AX,-0.0692200326535768,L1,0.0439690810005271,L2,-0.050726...
GetData ===>> H2,103.913941844328,H1,36.5554495631188,AX,2.17124553890984,L1,0.00714854366232188,L2,-0.09048212...
GetData ===>> H2,105.41502393415,H1,36.8605539408638,AX,3.30527759572205,L1,-0.0210946956191523,L2,-0.091028176...
GetData ===>> H2,55.2779112667834,H1,17.844414160498,AX,1.53459116647353,L1,-0.0451491683771964,L2,-0.148013562...
GetData ===>> H2,22.5584388717765,H1,9.0403781047953,AX,0.642798888599453,L1,-0.0220862987245018,L2,-0.16097549...
GetData ===>> H2,7.54876242908022,H1,5.08589762770295,AX,0.275469742776761,L1,0.0109322308490769,L2,-0.16881102...
GetData ===>> H2,2.1925266537904,H1,3.05743395354898,AX,0.082166591060615,L1,0.0183694696416005,L2,-0.082518585...
GetData ===>> H2,0.716378380668792,H1,1.98322664535049,AX,0.091785557120016,L1,0.00512780250296957,L2,-0.203903...
GetData ===>> H2,0.411111021990672,H1,1.62042979659696,AX,-0.0288232663192633,L1,-0.0155720259506765,L2,-0.1085...
GetData ===>> H2,0.479092115737285,H1,1.29037171688411,AX,0.0412499173685131,L1,-0.0111349231220643,L2,-0.01370...
GetData ===>> H2,0.511977417841387,H1,1.19592070750805,AX,0.181159865024323,L1,-0.00371380732000183,L2,0.112385...
GetData ===>> H2,0.445196245603224,H1,1.06608469923908,AX,0.0543580580270141,L1,-0.0123408772327864,L2,0.055196...
GetData ===>> H2,0.476835152705916,H1,1.19472042119344,AX,-0.0830141683215825,L1,-0.0258266846179834,L2,-0.0691...
GetData ===>> H2,0.375818695435778,H1,1.07716172517496,AX,-0.0619628367985552,L1,-0.00165488162930261,L2,-0.169...
GetData ===>> H2,0.278274498678005,H1,1.0337956533691,AX,0.0667087011268697,L1,-0.0117127442163947,L2,-0.001184...
GetData ===>> H2,0.271410381426604,H1,0.96869774105508,AX,0.0586215176149398,L1,-0.019949679622077,L2,-0.025161...
GetData ===>> H2,0.296985304257012,H1,1.05196445787399,AX,0.0761175592871324,L1,-0.0166264790159824,L2,-0.14805...
GetData ===>> H2,0.220131098100688,H1,1.02761229670307,AX,0.0722241284064334,L1,0.0143070973833607,L2,-0.099377...
GetData ===>> H2,0.215829777791703,H1,0.901750987327943,AX,0.0105460854169426,L1,0.0214131224214191,L2,-0.09498...
GetData ===>> H2,0.152620100390088,H1,1.01213160530984,AX,0.000174416674428592,L1,0.0231249807563082,L2,0.05494...
GetData ===>> H2,0.102000781861764,H1,1.04717025944165,AX,-0.083732800786899,L1,0.0101624302953788,L2,-0.027096...
Peak center failed to move to a baseline position
_do_sweep sm= 5.86433, em= 5.89433, stm= 0.001
calculated step values: start=5.86433, end=5.89433, width=0.001, nsteps=31.0
setting magnet DAC
current  : 5.864330
requested: 5.864330
Delta Dac: 0.000000
Checking detector protection. dv=0.00000
Checking detector "CDD". Protection Threshold: 0.1 (V)
SetMagnetDAC 5.86433 ===>> OK
GetData ===>> H2,0.102000781861764,H1,1.04717025944165,AX,-0.083732800786899,L1,0.0101624302953788,L2,-0.027096...
setting magnet DAC
current  : 5.864330
requested: 5.865364
Delta Dac: 0.001034
Checking detector protection. dv=0.00103
Checking detector "CDD". Protection Threshold: 0.1 (V)
SetMagnetDAC 5.86536448276 ===>> OK
Magnet settling time: 1.049
GetData ===>> H2,0.18471322171245,H1,2.15576792537229,AX,0.10509142798804,L1,-0.00820214948147471,L2,-0.1062683...
setting magnet DAC
current  : 5.865364
requested: 5.866399
Delta Dac: 0.001034
Checking detector protection. dv=0.00103
Checking detector "CDD". Protection Threshold: 0.1 (V)
SetMagnetDAC 5.86639896552 ===>> OK
Magnet settling time: 1.049
GetData ===>> H2,-0.0269908321920101,H1,7.16095660488365,AX,0.674586184978039,L1,-0.0522600129804645,L2,-0.1052...
setting magnet DAC
current  : 5.866399
requested: 5.867433
Delta Dac: 0.001034
Checking detector protection. dv=0.00103
Checking detector "CDD". Protection Threshold: 0.1 (V)
SetMagnetDAC 5.86743344828 ===>> OK
Magnet settling time: 1.049
GetData ===>> H2,-0.10728611437416,H1,26.5673081577157,AX,2.09188428763076,L1,-0.0312480136805014,L2,-0.0176706...
setting magnet DAC
current  : 5.867433
requested: 5.868468
Delta Dac: 0.001034
Checking detector protection. dv=0.00103
Checking detector "CDD". Protection Threshold: 0.1 (V)
SetMagnetDAC 5.86846793103 ===>> OK
Magnet settling time: 1.049
GetData ===>> H2,-0.0810412733425706,H1,91.913634968786,AX,7.17472928670437,L1,-0.0234897051208447,L2,0.0089504...
setting magnet DAC
current  : 5.868468
requested: 5.869502
Delta Dac: 0.001034
Checking detector protection. dv=0.00103
Checking detector "CDD". Protection Threshold: 0.1 (V)
SetMagnetDAC 5.86950241379 ===>> OK
Magnet settling time: 1.049
GetData ===>> H2,-0.0178134357746747,H1,253.164456860492,AX,21.4927854238203,L1,0.0711693088024076,L2,-0.025252...
setting magnet DAC
current  : 5.869502
requested: 5.870537
Delta Dac: 0.001034
Checking detector protection. dv=0.00103
Checking detector "CDD". Protection Threshold: 0.1 (V)
SetMagnetDAC 5.87053689655 ===>> OK
Magnet settling time: 1.049
GetData ===>> H2,-0.0928734330587436,H1,524.727831356084,AX,49.345121051875,L1,0.310317131773821,L2,0.036809172...
setting magnet DAC
current  : 5.870537
requested: 5.871571
Delta Dac: 0.001034
Checking detector protection. dv=0.00103
Checking detector "CDD". Protection Threshold: 0.1 (V)
SetMagnetDAC 5.87157137931 ===>> OK
Magnet settling time: 1.049
GetData ===>> H2,0.00629708291576139,H1,815.189618098881,AX,84.7080197303873,L1,0.583034754692469,L2,0.03197943...
setting magnet DAC
current  : 5.871571
requested: 5.872606
Delta Dac: 0.001034
Checking detector protection. dv=0.00103
Checking detector "CDD". Protection Threshold: 0.1 (V)
SetMagnetDAC 5.87260586207 ===>> OK
Magnet settling time: 1.049
GetData ===>> H2,0.00568506265644564,H1,1022.40857893091,AX,114.321763074983,L1,0.900824303944319,L2,-0.0769664...
setting magnet DAC
current  : 5.872606
requested: 5.873640
Delta Dac: 0.001034
Checking detector protection. dv=0.00103
Checking detector "CDD". Protection Threshold: 0.1 (V)
SetMagnetDAC 5.87364034483 ===>> OK
Magnet settling time: 1.049
GetData ===>> H2,-0.164429244665938,H1,1123.99674447642,AX,132.845135917485,L1,1.25452520847356,L2,0.1687186489...
setting magnet DAC
current  : 5.873640
requested: 5.874675
Delta Dac: 0.001034
Checking detector protection. dv=0.00103
Checking detector "CDD". Protection Threshold: 0.1 (V)
SetMagnetDAC 5.87467482759 ===>> OK
Magnet settling time: 1.049
GetData ===>> H2,-0.0951252666869867,H1,1158.86646666559,AX,140.08048727948,L1,1.50898951335884,L2,0.1831152141...
setting magnet DAC
current  : 5.874675
requested: 5.875709
Delta Dac: 0.001034
Checking detector protection. dv=0.00103
Checking detector "CDD". Protection Threshold: 0.1 (V)
SetMagnetDAC 5.87570931034 ===>> OK
Magnet settling time: 1.049
GetData ===>> H2,-0.0802988139580142,H1,1168.00844009052,AX,142.317998717528,L1,1.60436582251477,L2,0.291117113...
setting magnet DAC
current  : 5.875709
requested: 5.876744
Delta Dac: 0.001034
Checking detector protection. dv=0.00103
Checking detector "CDD". Protection Threshold: 0.1 (V)
SetMagnetDAC 5.8767437931 ===>> OK
Magnet settling time: 1.049
GetData ===>> H2,0.0775746117060534,H1,1169.8560089538,AX,142.474584008379,L1,1.76442234982673,L2,0.33038591725...
setting magnet DAC
current  : 5.876744
requested: 5.877778
Delta Dac: 0.001034
Checking detector protection. dv=0.00103
Checking detector "CDD". Protection Threshold: 0.1 (V)
SetMagnetDAC 5.87777827586 ===>> OK
Magnet settling time: 1.049
GetData ===>> H2,0.0403569938674836,H1,1170.25555942409,AX,142.856543421057,L1,1.74742166611641,L2,0.2361570553...
setting magnet DAC
current  : 5.877778
requested: 5.878813
Delta Dac: 0.001034
Checking detector protection. dv=0.00103
Checking detector "CDD". Protection Threshold: 0.1 (V)
SetMagnetDAC 5.87881275862 ===>> OK
Magnet settling time: 1.049
GetData ===>> H2,-0.0124104581966466,H1,1170.14383621187,AX,142.854129880409,L1,1.77505956242231,L2,0.341950705...
setting magnet DAC
current  : 5.878813
requested: 5.879847
Delta Dac: 0.001034
Checking detector protection. dv=0.00103
Checking detector "CDD". Protection Threshold: 0.1 (V)
SetMagnetDAC 5.87984724138 ===>> OK
Magnet settling time: 1.049
GetData ===>> H2,-0.107561854545199,H1,1169.9050011741,AX,142.673735019604,L1,1.80927636837345,L2,0.30128623503...
setting magnet DAC
current  : 5.879847
requested: 5.880882
Delta Dac: 0.001034
Checking detector protection. dv=0.00103
Checking detector "CDD". Protection Threshold: 0.1 (V)
SetMagnetDAC 5.88088172414 ===>> OK
Magnet settling time: 1.049
GetData ===>> H2,-0.0825152096506555,H1,1169.83690293756,AX,142.725457703035,L1,1.80257858771164,L2,0.435797982...
setting magnet DAC
current  : 5.880882
requested: 5.881916
Delta Dac: 0.001034
Checking detector protection. dv=0.00103
Checking detector "CDD". Protection Threshold: 0.1 (V)
SetMagnetDAC 5.8819162069 ===>> OK
Magnet settling time: 1.049
GetData ===>> H2,-0.0565093348455317,H1,1168.97664905457,AX,142.553594497652,L1,1.84618201593087,L2,0.310635482...
setting magnet DAC
current  : 5.881916
requested: 5.882951
Delta Dac: 0.001034
Checking detector protection. dv=0.00103
Checking detector "CDD". Protection Threshold: 0.1 (V)
SetMagnetDAC 5.88295068966 ===>> OK
Magnet settling time: 1.049
GetData ===>> H2,-0.118654471047252,H1,1166.80188932992,AX,141.915761821217,L1,1.77504911592116,L2,0.2851210302...
setting magnet DAC
current  : 5.882951
requested: 5.883985
Delta Dac: 0.001034
Checking detector protection. dv=0.00103
Checking detector "CDD". Protection Threshold: 0.1 (V)
SetMagnetDAC 5.88398517241 ===>> OK
Magnet settling time: 1.049
GetData ===>> H2,-0.147971660556931,H1,1159.82856593931,AX,140.452783739255,L1,1.78917439920745,L2,0.2635792642...
setting magnet DAC
current  : 5.883985
requested: 5.885020
Delta Dac: 0.001034
Checking detector protection. dv=0.00103
Checking detector "CDD". Protection Threshold: 0.1 (V)
SetMagnetDAC 5.88501965517 ===>> OK
Magnet settling time: 1.049
GetData ===>> H2,-0.182006185496561,H1,1134.54332047203,AX,134.328182152739,L1,1.71500201181927,L2,0.2393076242...
setting magnet DAC
current  : 5.885020
requested: 5.886054
Delta Dac: 0.001034
Checking detector protection. dv=0.00103
Checking detector "CDD". Protection Threshold: 0.1 (V)
SetMagnetDAC 5.88605413793 ===>> OK
Magnet settling time: 1.049
GetData ===>> H2,-0.181515534497604,H1,1053.91294239646,AX,118.181662541025,L1,1.55395151270141,L2,0.1330217707...
setting magnet DAC
current  : 5.886054
requested: 5.887089
Delta Dac: 0.001034
Checking detector protection. dv=0.00103
Checking detector "CDD". Protection Threshold: 0.1 (V)
SetMagnetDAC 5.88708862069 ===>> OK
Magnet settling time: 1.049
GetData ===>> H2,-0.206568831510496,H1,868.944426994085,AX,87.9890311545436,L1,1.25774219967669,L2,0.0202478478...
setting magnet DAC
current  : 5.887089
requested: 5.888123
Delta Dac: 0.001034
Checking detector protection. dv=0.00103
Checking detector "CDD". Protection Threshold: 0.1 (V)
SetMagnetDAC 5.88812310345 ===>> OK
Magnet settling time: 1.049
GetData ===>> H2,-0.331743474581058,H1,586.0975637693,AX,51.3283508362673,L1,0.893123759908244,L2,0.14736735062...
setting magnet DAC
current  : 5.888123
requested: 5.889158
Delta Dac: 0.001034
Checking detector protection. dv=0.00103
Checking detector "CDD". Protection Threshold: 0.1 (V)
SetMagnetDAC 5.88915758621 ===>> OK
Magnet settling time: 1.049
GetData ===>> H2,-0.278437068468388,H1,303.329834738743,AX,22.4563372150929,L1,0.579663067554482,L2,-0.00387142...
setting magnet DAC
current  : 5.889158
requested: 5.890192
Delta Dac: 0.001034
Checking detector protection. dv=0.00103
Checking detector "CDD". Protection Threshold: 0.1 (V)
SetMagnetDAC 5.89019206897 ===>> OK
Magnet settling time: 1.049
GetData ===>> H2,-0.253260137298404,H1,120.209322910018,AX,7.31982774996394,L1,0.364951332603632,L2,0.160711354...
setting magnet DAC
current  : 5.890192
requested: 5.891227
Delta Dac: 0.001034
Checking detector protection. dv=0.00103
Checking detector "CDD". Protection Threshold: 0.1 (V)
SetMagnetDAC 5.89122655172 ===>> OK
Magnet settling time: 1.049
GetData ===>> H2,-0.229752591087548,H1,36.80895273217,AX,1.7397207149155,L1,0.220112557305989,L2,0.029268516671...
setting magnet DAC
current  : 5.891227
requested: 5.892261
Delta Dac: 0.001034
Checking detector protection. dv=0.00103
Checking detector "CDD". Protection Threshold: 0.1 (V)
SetMagnetDAC 5.89226103448 ===>> OK
Magnet settling time: 1.049
GetData ===>> H2,-0.201039820716498,H1,4.55326897458932,AX,-0.0681303285128681,L1,0.111455833928922,L2,-0.08040...
setting magnet DAC
current  : 5.892261
requested: 5.893296
Delta Dac: 0.001034
Checking detector protection. dv=0.00103
Checking detector "CDD". Protection Threshold: 0.1 (V)
SetMagnetDAC 5.89329551724 ===>> OK
Magnet settling time: 1.049
GetData ===>> H2,-0.156134469788844,H1,0.877195863303215,AX,-0.230709002982447,L1,0.0811861991350036,L2,0.04487...
setting magnet DAC
current  : 5.893296
requested: 5.894330
Delta Dac: 0.001034
Checking detector protection. dv=0.00103
Checking detector "CDD". Protection Threshold: 0.1 (V)
SetMagnetDAC 5.89433 ===>> OK
Magnet settling time: 1.049
GetData ===>> H2,-0.210163529747852,H1,0.0915365164361194,AX,-0.130084970885489,L1,0.021775637583324,L2,-0.0260...
result of _do_sweep=True
result of _calculate_peak_center=([5.8718149699398818, 5.8794502404809634, 5.887085511022045], [863.98366198225676, 1170.2535443761742, 868.22547611681705], 5.8777969338677369, 1170.2535443761742)
Failed to find a valid peak. No peak greater than 1.0. max = 0.0332361380942
new center pos Detector(H1) (Ar40) @ 5.87945024048
GetHighVoltage ===>> 4500
GetDeflection H1 ===>> 0
dac uncorrected for HV and deflection 5.87945024048
update mftable H1 Ar40 5.87945024048 message=automated run peakcenter
get initial guess parabolic
get initial guess parabolic
get initial guess parabolic
get initial guess parabolic
get initial guess parabolic
get initial guess parabolic
dump mftable to /Users/jan/PychronDev/setupfiles/spectrometer/mftables/mftable.csv
add to repo msg=modified - automated run peakcenter
sweep finished
locally archiving mftable
setting magnet DAC
current  : 5.894330
requested: 5.879450
Delta Dac: 0.014880
Checking detector protection. dv=0.01488
Checking detector "CDD". Protection Threshold: 0.1 (V)
SetMagnetDAC 5.87945024048 ===>> OK
Magnet settling time: 0.500
setting integration time = 1.048576
SetIntegrationTime 1.048576 ===>> OK
Failed to find a valid peak. No peak greater than 1.0. max = 0.0332361380942
flush and close file /Users/jan/PychronDev/data/isotopes/8d/1e3d66-b1b7-4adb-9d1a-572aa670a882.h5
finished measure script
executed snippet estimated_duration=226.132928, duration=272.56258297
jan_unknown120_60.py completed successfully
Measurement Finished
22:41:35 -- ******* Measurement Finished *******
Post Measurement Started jan_pump_ms.py
22:41:35 -- ******* Post Measurement Started jan_pump_ms.py *******
testing...
no interpolation path defined
executed snippet estimated_duration=0, duration=3.91006469727e-05
Pumping spectrometer
open () {'name': 'O'}
opening name=O desc=---
checking ownership. requestor=129.138.12.150
check software interlocks O
interlocks []
actuate state mode=None-script, software_lock=False
doing actuation None-script open_channel True
Open O ===>> OK
GetIndicatorState O ===>> OK
change switch state (True, True)
update switch state O True args=() kw={} ncanvase=2
22:41:35 -- OPEN   VALVE-O (Jan Ion Pump)
---------------------------------------- open O () result=[(True, True)], time=0.10 sec
action=open, ok=True, locked=[False]
executed snippet estimated_duration=0, duration=0.347051858902
jan_pump_ms.py completed successfully
setting _ms_pumptime
Post Measurement Finished
22:41:35 -- ******* Post Measurement Finished *******
$$$$$$$$$$$$$$$$$$$$ state at run end measurement
state changed from measurement to success
post measurement save measured=True aborted=False
Set filtering
setting fod for Ar40= {'filter_outliers': True, 'std_devs': 2, 'iterations': 1}
setting fod for H1= {'filter_outliers': True, 'std_devs': 2, 'iterations': 1}
setting fod for PM41= {'filter_outliers': False, 'std_devs': 2, 'iterations': 1}
setting fod for H2= {'filter_outliers': True, 'std_devs': 2, 'iterations': 1}
setting fod for Ar36= {'filter_outliers': True, 'std_devs': 2, 'iterations': 1}
setting fod for CDD= {'filter_outliers': True, 'std_devs': 10, 'iterations': 1}
setting fod for Ar37= {'filter_outliers': True, 'std_devs': 2, 'iterations': 1}
setting fod for L2= {'filter_outliers': True, 'std_devs': 2, 'iterations': 1}
setting fod for Ar38= {'filter_outliers': True, 'std_devs': 2, 'iterations': 1}
setting fod for L1= {'filter_outliers': True, 'std_devs': 2, 'iterations': 1}
setting fod for Ar39= {'filter_outliers': True, 'std_devs': 2, 'iterations': 1}
setting fod for AX= {'filter_outliers': True, 'std_devs': 2, 'iterations': 1}
persistence save...
persistence save - db
post measurement save
7088233072 connecting to database sqlite:////Users/jan/PychronDev/.appdata/local_lab.db
connected to db sqlite:////Users/jan/PychronDev/.appdata/local_lab.db
create new session 7088233072
close session 7088233072
No database instance. Not saving post measurement to isotopedb database
$$$$$$$$$$$$$$$ auto_save_detector_ic=False
massspec enabled True
create new session 4979675504
MassSpec Database Version: 16.0
close session 4979675504
saving post measurement to secondary database
saving to massspec database 129.138.12.160/massspecdata
setting labnumber to 25326
setting aliquot to 3
setting step to 
setting uuid to 8d1e3d66-b1b7-4adb-9d1a-572aa670a882
setting irradpos to 25326
setting extract_device to Fusions CO2
setting tray to 
setting position to 183
setting power_requested to 5.0
setting extract_value to 5.0
setting duration to 30.0
setting duration_at_request to 30.0
setting first_stage_delay to 30.0
setting cleanup to 30.0
setting comment to K:15
setting irradiation to NM-288
setting level to K
setting irradiation_level to K
setting sample to FC-2
setting material to Sanidine
setting project to Irradiation-NM-288
setting mass_spectrometer to Jan
no attribute chron_dosages
no attribute production_ratios
no attribute interference_corrections
no attribute production_name
no attribute j
Reference Isotope=Ar40
Reference Detector=H1
%%%%%%%%%%%%%%%%%%%% Comment: K:15 %%%%%%%%%%%%%%%%%%%
adding isotope PM41 H2
add baseline dbdet= PM41. original det= H2
get baseline data PM41 H2
Get data baseline <pychron.processing.isotope.Baseline object at 0x1984367d0> len t=60
baseline PM41. v=-0.183434263759, e=0.0060055234253
get signal data PM41 H2
Get data signal PM41 0.07+/-0.07 len t=120
adding isotope Ar40 H1
add baseline dbdet= Ar40. original det= H1
get baseline data Ar40 H1
Get data baseline <pychron.processing.isotope.Baseline object at 0x198436a10> len t=60
baseline Ar40. v=-0.00365696168236, e=0.00531510095193
get signal data Ar40 H1
Get data signal Ar40 1289.14+/-0.06 len t=120
adding isotope Ar39 AX
add baseline dbdet= Ar39. original det= AX
get baseline data Ar39 AX
Get data baseline <pychron.processing.isotope.Baseline object at 0x1984362d0> len t=60
baseline Ar39. v=-0.0845741024081, e=0.00780672800657
get signal data Ar39 AX
Get data signal Ar39 156.752+/-0.025 len t=120
adding isotope Ar38 L1
add baseline dbdet= Ar38. original det= L1
get baseline data Ar38 L1
Get data baseline <pychron.processing.isotope.Baseline object at 0x198436910> len t=60
baseline Ar38. v=-0.0203190733992, e=0.00271361423516
get signal data Ar38 L1
Get data signal Ar38 2.018+/-0.005 len t=120
adding isotope Ar37 L2
add baseline dbdet= Ar37. original det= L2
get baseline data Ar37 L2
Get data baseline <pychron.processing.isotope.Baseline object at 0x198436e10> len t=60
baseline Ar37. v=-0.0408583326391, e=0.00635835535834
get signal data Ar37 L2
Get data signal Ar37 0.362+/-0.011 len t=120
adding isotope Ar36 CDD
add baseline dbdet= Ar36. original det= CDD
get baseline data Ar36 CDD
Get data baseline <pychron.processing.isotope.Baseline object at 0x19dd43350> len t=60
baseline Ar36. v=0.000317579550143, e=2.72862579306e-05
get signal data Ar36 CDD
Get data signal Ar36 0.0204+/-0.0004 len t=120
25326-03 added analysis time 0.491248130798s
analysis added to mass spec database
mass spec save time= 0.506
persistence save - dvc
================= post measurement started
create new session 4982376208
close session 4982376208
---------------- Experiment Queue saving disabled
DVC saving peakcenter
Failed to find a valid peak. No peak greater than 1.0. max = 0.0332361380942
Smart pull ahead: 0 behind: 0
Up-to-date with origin
add to repo msg=modified - ad8224ebc6dbfeb9f5997218dfa5fe690569839d.json
add to repo msg=modified - 26-03.json
add to repo msg=modified - 26-03.dat.json
add to repo msg=modified - 26-03.blan.json
add to repo msg=modified - 26-03.inte.json
add to repo msg=modified - 26-03.icfa.json
add to repo msg=modified - 26-03.base.json
not at valid file /Users/jan/PychronDev/data/.dvc/repositories/Load1788/253/tags/26-03.tags.json
add to repo msg=modified - 26-03.peak.json
add to repo msg=modified - 26-03.extr.json
not at valid file /Users/jan/PychronDev/data/.dvc/repositories/Load1788/253/monitor/26-03.moni.json
commit message=<COLLECTION>
add to repo msg=modified - 26-03.inte.json
add to repo msg=modified - 26-03.base.json
commit message=<ISOEVO> default collection fits
add to repo msg=modified - 26-03.blan.json
commit message=<BLANKS> preceding ba-01-J-2293
add to repo msg=modified - 26-03.icfa.json
commit message=<ICFactor> default
push repository <pychron.git_archive.repo_manager.GitRepoManager object at 0x19685c710>
pushing to remote=origin, url=https://github.com
no changes to meta repo
create new session 4982376208
add association Load1788
get identifier "25326"
setting analysis irradiation position=<pychron.dvc.dvc_orm.IrradiationPositionTbl object at 0x1a9d5b0d0>
close session 4982376208
================= post measurement finished
22:41:49 -- ******* Post Run Check *******
loading queue conditionals post_run_actions
loading system conditionals post_run_actions
loading conditionals from /Users/jan/PychronDev/setupfiles/spectrometer/default_conditionals.yaml
loading queue conditionals post_run_terminations
loading system conditionals post_run_terminations
loading conditionals from /Users/jan/PychronDev/setupfiles/spectrometer/default_conditionals.yaml
Checking default post run terminations n=1
GetDeflection CDD ===>> 50
testing CDD==2000
evaluate ot="CDD.deflection==2000" t="CDD==2000", ctx="{'CDD': 50.0}"
22:41:49 -- ******* Post Run Check Passed *******
22:41:49 -- Automated run 25326-03 success duration: 375.229 s
----------------- finish -----------------
----------------- stop -----------------
retroactive repository identifiers disabled
finish run. runs completed=83
update duration runid=25326-03, duration=375.228911877, md5=301e91d8
loading script "jan_unknown120_60.py"
loading script "jan_pump_ms.py"
loading script "jan_co2.py"
loading script "jan_pump_extraction_line.py"
testing...
no interpolation path defined
executed snippet estimated_duration=213.652928, duration=0.000292062759399
script duration name:unknown120_60 seconds:214.0
loading script "jan_unknown120_60.py"
loading script "jan_pump_ms.py"
loading script "jan_co2.py"
loading script "jan_pump_extraction_line.py"
testing...
no interpolation path defined
executed snippet estimated_duration=0, duration=2.8133392334e-05
loading script "jan_unknown120_60.py"
loading script "jan_pump_ms.py"
loading script "jan_co2.py"
loading script "jan_pump_extraction_line.py"
testing...
no interpolation path defined
calculate duration
testing...
no interpolation path defined
executed snippet estimated_duration=0, duration=5.19752502441e-05
calculate duration
testing...
no interpolation path defined
executed snippet estimated_duration=0, duration=9.3936920166e-05
executed snippet estimated_duration=0.0, duration=0.00252985954285
script duration name:co2 seconds:0.0
loading script "jan_unknown120_60.py"
loading script "jan_pump_ms.py"
loading script "jan_co2.py"
loading script "jan_pump_extraction_line.py"
testing...
no interpolation path defined
calculate duration
testing...
no interpolation path defined
executed snippet estimated_duration=4.0, duration=0.000159025192261
executed snippet estimated_duration=4.0, duration=0.00131106376648
Script duration 214.0
Run total estimated duration= 215.000
unknown120_60 in script context. using previous estimated duration
script duration name:unknown120_60 seconds:214.0
pump_ms in script context. using previous estimated duration
co2 in script context. using previous estimated duration
script duration name:co2 seconds:0.0
pump_extraction_line in script context. using previous estimated duration
Script duration 214.0
Run total estimated duration= 215.000
loading script "jan_unknown400_120.py"
loading script "jan_pump_ms.py"
loading script "jan_cocktail_x1.py"
loading script "jan_pump_extraction_line.py"
testing...
no interpolation path defined
executed snippet estimated_duration=556.052928, duration=0.00023889541626
script duration name:unknown400_120 seconds:556.0
loading script "jan_unknown400_120.py"
loading script "jan_pump_ms.py"
loading script "jan_cocktail_x1.py"
loading script "jan_pump_extraction_line.py"
testing...
no interpolation path defined
calculate duration
testing...
no interpolation path defined
executed snippet estimated_duration=0, duration=4.60147857666e-05
calculate duration
testing...
no interpolation path defined
executed snippet estimated_duration=0, duration=9.89437103271e-05
calculate duration
testing...
no interpolation path defined
executed snippet estimated_duration=32.0, duration=8.60691070557e-05
calculate duration
testing...
no interpolation path defined
executed snippet estimated_duration=34.0, duration=9.58442687988e-05
calculate duration
testing...
no interpolation path defined
executed snippet estimated_duration=4.0, duration=6.60419464111e-05
calculate duration
testing...
no interpolation path defined
executed snippet estimated_duration=38.0, duration=0.000185012817383
executed snippet estimated_duration=108.0, duration=0.0111668109894
script duration name:cocktail_x1 seconds:108.0
Script duration 664.0
Run total estimated duration= 665.000
script duration name:unknown120_60 seconds:214.0
script duration name:co2 seconds:0.0
Script duration 214.0
Run total estimated duration= 215.000
script duration name:unknown120_60 seconds:214.0
script duration name:co2 seconds:0.0
Script duration 214.0
Run total estimated duration= 215.000
script duration name:unknown120_60 seconds:214.0
script duration name:co2 seconds:0.0
Script duration 214.0
Run total estimated duration= 215.000
script duration name:unknown120_60 seconds:214.0
script duration name:co2 seconds:0.0
Script duration 214.0
Run total estimated duration= 215.000
script duration name:unknown120_60 seconds:214.0
script duration name:co2 seconds:0.0
Script duration 214.0
Run total estimated duration= 215.000
unknown400_120 in script context. using previous estimated duration
script duration name:unknown400_120 seconds:556.0
script duration name:co2 seconds:0.0
Script duration 556.0
Run total estimated duration= 557.000
script duration name:unknown120_60 seconds:214.0
script duration name:co2 seconds:0.0
Script duration 214.0
Run total estimated duration= 215.000
script duration name:unknown120_60 seconds:214.0
script duration name:co2 seconds:0.0
Script duration 214.0
Run total estimated duration= 215.000
script duration name:unknown120_60 seconds:214.0
script duration name:co2 seconds:0.0
Script duration 214.0
Run total estimated duration= 215.000
script duration name:unknown120_60 seconds:214.0
script duration name:co2 seconds:0.0
Script duration 214.0
Run total estimated duration= 215.000
script duration name:unknown120_60 seconds:214.0
script duration name:co2 seconds:0.0
Script duration 214.0
Run total estimated duration= 215.000
script duration name:unknown120_60 seconds:214.0
cocktail_x1 in script context. using previous estimated duration
script duration name:cocktail_x1 seconds:108.0
Script duration 322.0
Run total estimated duration= 323.000
script duration name:unknown120_60 seconds:214.0
script duration name:co2 seconds:0.0
Script duration 214.0
Run total estimated duration= 215.000
script duration name:unknown120_60 seconds:214.0
script duration name:co2 seconds:0.0
Script duration 214.0
Run total estimated duration= 215.000
script duration name:unknown120_60 seconds:214.0
script duration name:co2 seconds:0.0
Script duration 214.0
Run total estimated duration= 215.000
script duration name:unknown120_60 seconds:214.0
script duration name:co2 seconds:0.0
Script duration 214.0
Run total estimated duration= 215.000
script duration name:unknown120_60 seconds:214.0
script duration name:co2 seconds:0.0
Script duration 214.0
Run total estimated duration= 215.000
script duration name:unknown400_120 seconds:556.0
script duration name:co2 seconds:0.0
Script duration 556.0
Run total estimated duration= 557.000
script duration name:unknown400_120 seconds:556.0
loading script "jan_unknown400_120.py"
loading script "jan_pump_ms.py"
loading script "jan_sniffair_x2.py"
loading script "jan_pump_extraction_line.py"
testing...
no interpolation path defined
calculate duration
testing...
no interpolation path defined
executed snippet estimated_duration=0, duration=4.48226928711e-05
calculate duration
testing...
no interpolation path defined
executed snippet estimated_duration=0, duration=9.3936920166e-05
calculate duration
testing...
no interpolation path defined
executed snippet estimated_duration=32.0, duration=0.000128984451294
calculate duration
testing...
no interpolation path defined
executed snippet estimated_duration=34.0, duration=9.58442687988e-05
calculate duration
testing...
no interpolation path defined
executed snippet estimated_duration=4.0, duration=0.000108003616333
calculate duration
testing...
no interpolation path defined
executed snippet estimated_duration=36.0, duration=9.29832458496e-05
calculate duration
testing...
no interpolation path defined
executed snippet estimated_duration=34.0, duration=9.89437103271e-05
calculate duration
testing...
no interpolation path defined
executed snippet estimated_duration=4.0, duration=6.103515625e-05
calculate duration
testing...
no interpolation path defined
executed snippet estimated_duration=36.0, duration=8.20159912109e-05
calculate duration
testing...
no interpolation path defined
executed snippet estimated_duration=70.0, duration=9.20295715332e-05
executed snippet estimated_duration=250.0, duration=0.0153930187225
script duration name:sniffair_x2 seconds:250.0
Script duration 806.0
Run total estimated duration= 807.000
script duration name:unknown400_120 seconds:556.0
script duration name:cocktail_x1 seconds:108.0
Script duration 664.0
Run total estimated duration= 665.000
script duration name:unknown400_120 seconds:556.0
sniffair_x2 in script context. using previous estimated duration
script duration name:sniffair_x2 seconds:250.0
Script duration 806.0
Run total estimated duration= 807.000
loading script "jan_ic_peak_hop3.py"
loading script "jan_pump_ms.py"
loading script "jan_sniffair_x1.py"
loading script "jan_pump_extraction_line.py"
testing...
no interpolation path defined
executed snippet estimated_duration=133.8, duration=0.00945496559143
script duration name:ic_peak_hop3 seconds:134.0
loading script "jan_ic_peak_hop3.py"
loading script "jan_pump_ms.py"
loading script "jan_sniffair_x1.py"
loading script "jan_pump_extraction_line.py"
testing...
no interpolation path defined
calculate duration
testing...
no interpolation path defined
executed snippet estimated_duration=0, duration=8.70227813721e-05
calculate duration
testing...
no interpolation path defined
executed snippet estimated_duration=0, duration=0.000104904174805
calculate duration
testing...
no interpolation path defined
executed snippet estimated_duration=32.0, duration=9.58442687988e-05
calculate duration
testing...
no interpolation path defined
executed snippet estimated_duration=34.0, duration=0.0001060962677
calculate duration
testing...
no interpolation path defined
executed snippet estimated_duration=4.0, duration=6.41345977783e-05
calculate duration
testing...
no interpolation path defined
executed snippet estimated_duration=70.0, duration=0.000102996826172
executed snippet estimated_duration=140.0, duration=0.0169849395752
script duration name:sniffair_x1 seconds:140.0
Script duration 274.0
Run total estimated duration= 275.000
script duration name:unknown120_60 seconds:214.0
script duration name:co2 seconds:0.0
Script duration 214.0
Run total estimated duration= 215.000
script duration name:unknown120_60 seconds:214.0
script duration name:co2 seconds:0.0
Script duration 214.0
Run total estimated duration= 215.000
script duration name:unknown120_60 seconds:214.0
script duration name:co2 seconds:0.0
Script duration 214.0
Run total estimated duration= 215.000
script duration name:unknown120_60 seconds:214.0
script duration name:co2 seconds:0.0
Script duration 214.0
Run total estimated duration= 215.000
script duration name:unknown120_60 seconds:214.0
script duration name:co2 seconds:0.0
Script duration 214.0
Run total estimated duration= 215.000
script duration name:unknown120_60 seconds:214.0
script duration name:co2 seconds:0.0
Script duration 214.0
Run total estimated duration= 215.000
script duration name:unknown120_60 seconds:214.0
script duration name:co2 seconds:0.0
Script duration 214.0
Run total estimated duration= 215.000
script duration name:unknown120_60 seconds:214.0
script duration name:co2 seconds:0.0
Script duration 214.0
Run total estimated duration= 215.000
script duration name:unknown120_60 seconds:214.0
script duration name:co2 seconds:0.0
Script duration 214.0
Run total estimated duration= 215.000
script duration name:unknown120_60 seconds:214.0
script duration name:co2 seconds:0.0
Script duration 214.0
Run total estimated duration= 215.000
script duration name:unknown400_120 seconds:556.0
script duration name:co2 seconds:0.0
Script duration 556.0
Run total estimated duration= 557.000
script duration name:unknown120_60 seconds:214.0
script duration name:cocktail_x1 seconds:108.0
Script duration 322.0
Run total estimated duration= 323.000
script duration name:unknown120_60 seconds:214.0
script duration name:co2 seconds:0.0
Script duration 214.0
Run total estimated duration= 215.000
script duration name:unknown120_60 seconds:214.0
script duration name:co2 seconds:0.0
Script duration 214.0
Run total estimated duration= 215.000
script duration name:unknown120_60 seconds:214.0
script duration name:co2 seconds:0.0
Script duration 214.0
Run total estimated duration= 215.000
script duration name:unknown120_60 seconds:214.0
script duration name:co2 seconds:0.0
Script duration 214.0
Run total estimated duration= 215.000
script duration name:unknown400_120 seconds:556.0
script duration name:cocktail_x1 seconds:108.0
Script duration 664.0
Run total estimated duration= 665.000
script duration name:unknown120_60 seconds:214.0
script duration name:co2 seconds:0.0
Script duration 214.0
Run total estimated duration= 215.000
script duration name:unknown120_60 seconds:214.0
script duration name:co2 seconds:0.0
Script duration 214.0
Run total estimated duration= 215.000
script duration name:unknown120_60 seconds:214.0
script duration name:co2 seconds:0.0
Script duration 214.0
Run total estimated duration= 215.000
script duration name:unknown120_60 seconds:214.0
script duration name:co2 seconds:0.0
Script duration 214.0
Run total estimated duration= 215.000
script duration name:unknown120_60 seconds:214.0
script duration name:co2 seconds:0.0
Script duration 214.0
Run total estimated duration= 215.000
script duration name:unknown120_60 seconds:214.0
script duration name:co2 seconds:0.0
Script duration 214.0
Run total estimated duration= 215.000
script duration name:unknown400_120 seconds:556.0
script duration name:co2 seconds:0.0
Script duration 556.0
Run total estimated duration= 557.000
script duration name:unknown400_120 seconds:556.0
script duration name:sniffair_x2 seconds:250.0
Script duration 806.0
Run total estimated duration= 807.000
script duration name:unknown400_120 seconds:556.0
script duration name:sniffair_x2 seconds:250.0
Script duration 806.0
Run total estimated duration= 807.000
ic_peak_hop3 in script context. using previous estimated duration
script duration name:ic_peak_hop3 seconds:134.0
sniffair_x1 in script context. using previous estimated duration
script duration name:sniffair_x1 seconds:140.0
Script duration 274.0
Run total estimated duration= 275.000
script duration name:unknown120_60 seconds:214.0
script duration name:co2 seconds:0.0
Script duration 214.0
Run total estimated duration= 215.000
script duration name:unknown120_60 seconds:214.0
script duration name:co2 seconds:0.0
Script duration 214.0
Run total estimated duration= 215.000
nruns=54 before=5.0, run_dur=17032.0, btw=2385.0
write rem/ex queues
/Users/jan/PychronDev/experiments/rem/CurrentExperiment.rem.txt
/Users/jan/PychronDev/experiments/rem/CurrentExperiment.ex.txt
doing event level: 3
