do run
loading script "jan_unknown120_60.py"
loading script "jan_pump_ms.py"
loading script "jan_co2.py"
loading script "jan_pump_extraction_line.py"
testing...
no interpolation path defined
executed snippet estimated_duration=213.652928, duration=0.000349044799805
script duration name:unknown120_60 seconds:214.0
loading script "jan_unknown120_60.py"
loading script "jan_pump_ms.py"
loading script "jan_co2.py"
loading script "jan_pump_extraction_line.py"
testing...
no interpolation path defined
executed snippet estimated_duration=0, duration=2.59876251221e-05
loading script "jan_unknown120_60.py"
loading script "jan_pump_ms.py"
loading script "jan_co2.py"
loading script "jan_pump_extraction_line.py"
testing...
no interpolation path defined
calculate duration
testing...
no interpolation path defined
executed snippet estimated_duration=0, duration=5.60283660889e-05
calculate duration
testing...
no interpolation path defined
executed snippet estimated_duration=0, duration=9.10758972168e-05
executed snippet estimated_duration=0.0, duration=0.00211882591248
script duration name:co2 seconds:0.0
loading script "jan_unknown120_60.py"
loading script "jan_pump_ms.py"
loading script "jan_co2.py"
loading script "jan_pump_extraction_line.py"
testing...
no interpolation path defined
calculate duration
testing...
no interpolation path defined
executed snippet estimated_duration=4.0, duration=0.000153064727783
executed snippet estimated_duration=4.0, duration=0.00616979598999
Script duration 214.0
Run total estimated duration= 215.000
run duration: 0:03:35
doing event level: 2
22:42:41 -- Setting default integration. t=1.048576
setting integration time = 1.048576
SetIntegrationTime 1.048576 ===>> OK
----------------- start -----------------
**************** Experiment Type: Ar/Ar, Ar/Ar
create new session 4419362736
close session 4419362736
$$$$$ Clearing conditionals
adding conditionals 
Add queue conditionals
add default conditionals
adding default conditionals from /Users/jan/PychronDev/setupfiles/spectrometer/default_conditionals.yaml
Start automated run 25326-04
loading script "jan_unknown120_60.py"
loading script "jan_pump_ms.py"
loading script "jan_co2.py"
loading script "jan_pump_extraction_line.py"
%%%%%%%%%%%%%%%%%% setting automated run 25326-04
No value "sensitivity_multiplier" in metadata
$$$$$$$$$$$$$$$ auto_save_detector_ic=False
============================= Pre Extraction Check =============================
loading queue conditionals pre_run_terminations
loading system conditionals pre_run_terminations
loading conditionals from /Users/jan/PychronDev/setupfiles/spectrometer/default_conditionals.yaml
22:42:41 -- ******* Pre Extraction Check *******
Get a measurement from the spectrometer
GetData ===>> H2,-0.185234234905116,H1,0.0510528377898336,AX,-0.0731382296926778,L1,-0.0147169667338542,L2,0.10...
Pre Extraction Termination data. keys=H2,H1,AX,L1,L2,CDD, signals=-0.18523,0.05105,-0.07314,-0.01472,0.10707,0.00208
22:42:41 -- testing system defined conditionals
Checking default pre extraction terminations n=2
testing CDD
evaluate ot="CDD.inactive" t="CDD", ctx="{'CDD': False}"
GetDeflection CDD ===>> 50
testing CDD==2000
evaluate ot="CDD.deflection==2000" t="CDD==2000", ctx="{'CDD': 50.0}"
22:42:41 -- ******* Pre Extraction Check Passed *******
=================================================================================
22:42:41 -- stopping status monitor
stop 4976433200
Alive clients [4982646160]
22:42:41 -- starting status monitor
start 4976433200
Monitor already running
start extraction
do extraction
Analysis started at 22:42:41.582832
Extraction Started jan_co2.py
22:42:41 -- ******* Extraction Started jan_co2.py *******
state changed from not run to extraction
DO EXTRACTION <pychron.extraction_line.pyscript_runner.RemotePyScriptRunner object at 0x12b9a8890>
testing...
no interpolation path defined
calculate duration
testing...
no interpolation path defined
executed snippet estimated_duration=0, duration=4.81605529785e-05
calculate duration
testing...
no interpolation path defined
executed snippet estimated_duration=0, duration=9.3936920166e-05
executed snippet estimated_duration=100.0, duration=0.0025098323822
Jan CO2 laser analysis
doing GOSUB
testing...
no interpolation path defined
executed snippet estimated_duration=0, duration=4.38690185547e-05
Waiting for CO2 access
wait ('FelixCO2Flag', 0) {}
waiting for FelixCO2Flag = 0
Read FelixCO2Flag ===>> 0
finished waiting
CO2 free
wait ('CO2PumpTimeFlag', 0) {}
waiting for CO2PumpTimeFlag = 0
Read CO2PumpTimeFlag ===>> 0
finished waiting
acquire ('JanCO2Flag',) {'clear': True}
acquire JanCO2Flag
Set JanCO2Flag 1 ===>> OK
JanCO2Flag acquired
set extraction state False (0.75, 'red', 1.5)
CO2 acquired
executed snippet estimated_duration=0, duration=0.0194420814514
WaitForCO2Access.py completed successfully
gosub finished
doing GOSUB
testing...
no interpolation path defined
executed snippet estimated_duration=0, duration=9.70363616943e-05
Prepare for CO2 analysis
close () {'description': 'Jan Inlet'}
closing name=--- desc=Jan Inlet
checking ownership. requestor=129.138.12.150
check software interlocks R
interlocks []
actuate state mode=None-script, software_lock=False
doing actuation None-script close_channel False
Close R ===>> OK
GetIndicatorState R ===>> False
change switch state (True, True)
update switch state R False args=() kw={} ncanvase=2
22:42:42 -- CLOSE  VALVE-R (Jan Inlet)
---------------------------------------- close None (Jan Inlet) result=[(True, True)]
action=close, ok=True, locked=[False]
open () {'description': 'Jan Ion Pump'}
opening name=--- desc=Jan Ion Pump
checking ownership. requestor=129.138.12.150
check software interlocks O
interlocks []
actuate state mode=None-script, software_lock=False
doing actuation None-script open_channel False
Open O ===>> OK
GetIndicatorState O ===>> OK
change switch state (True, True)
update switch state O True args=() kw={} ncanvase=2
22:42:42 -- OPEN   VALVE-O (Jan Ion Pump)
---------------------------------------- open None (Jan Ion Pump) result=[(True, True)], time=0.08 sec
action=open, ok=True, locked=[False]
close () {'description': 'Microbone to Minibone'}
closing name=--- desc=Microbone to Minibone
checking ownership. requestor=129.138.12.150
check software interlocks L
interlocks []
actuate state mode=None-script, software_lock=False
doing actuation None-script close_channel False
Close L ===>> OK
GetIndicatorState L ===>> False
change switch state (True, True)
update switch state L False args=() kw={} ncanvase=2
22:42:43 -- CLOSE  VALVE-L (Microbone to Minibone)
---------------------------------------- close None (Microbone to Minibone) result=[(True, True)]
action=close, ok=True, locked=[False]
open () {'description': 'Microbone to Turbo'}
opening name=--- desc=Microbone to Turbo
checking ownership. requestor=129.138.12.150
check software interlocks U
interlocks []
actuate state mode=None-script, software_lock=False
doing actuation None-script open_channel False
Open U ===>> OK
GetIndicatorState U ===>> OK
change switch state (True, True)
update switch state U True args=() kw={} ncanvase=2
22:42:43 -- OPEN   VALVE-U (Microbone to Turbo)
---------------------------------------- open None (Microbone to Turbo) result=[(True, True)], time=0.15 sec
action=open, ok=True, locked=[False]
open () {'description': 'Microbone to Inlet Pipette'}
opening name=--- desc=Microbone to Inlet Pipette
checking ownership. requestor=129.138.12.150
check software interlocks S
interlocks []
actuate state mode=None-script, software_lock=False
doing actuation None-script open_channel False
Open S ===>> OK
GetIndicatorState S ===>> OK
change switch state (True, True)
update switch state S True args=() kw={} ncanvase=2
22:42:44 -- OPEN   VALVE-S (Microbone to Inlet Pipette)
---------------------------------------- open None (Microbone to Inlet Pipette) result=[(True, True)], time=0.42 sec
action=open, ok=True, locked=[False]
open () {'description': 'Microbone to Getter D-50'}
opening name=--- desc=Microbone to Getter D-50
checking ownership. requestor=129.138.12.150
check software interlocks K
interlocks []
actuate state mode=None-script, software_lock=False
doing actuation None-script open_channel False
Open K ===>> OK
GetIndicatorState K ===>> OK
change switch state (True, True)
update switch state K True args=() kw={} ncanvase=2
22:42:44 -- OPEN   VALVE-K (Microbone to Getter D-50)
---------------------------------------- open None (Microbone to Getter D-50) result=[(True, True)], time=0.42 sec
action=open, ok=True, locked=[False]
open () {'description': 'Microbone to Getter NP-10'}
opening name=--- desc=Microbone to Getter NP-10
checking ownership. requestor=129.138.12.150
check software interlocks M
interlocks []
actuate state mode=None-script, software_lock=False
doing actuation None-script open_channel False
Open M ===>> OK
GetIndicatorState M ===>> OK
change switch state (True, True)
update switch state M True args=() kw={} ncanvase=2
22:42:45 -- OPEN   VALVE-M (Microbone to Getter NP-10)
---------------------------------------- open None (Microbone to Getter NP-10) result=[(True, True)], time=0.13 sec
action=open, ok=True, locked=[False]
close () {'description': 'CO2 Laser to Felix'}
closing name=--- desc=CO2 Laser to Felix
checking ownership. requestor=129.138.12.150
check software interlocks F
interlocks []
actuate state mode=None-script, software_lock=True
VALVE-F(CO2 Laser to Felix) software locked
change switch state (True, False)
---------------------------------------- close None (CO2 Laser to Felix) result=[(True, False)]
action=close, ok=True, locked=[True]
open () {'description': 'CO2 Laser to Jan'}
opening name=--- desc=CO2 Laser to Jan
checking ownership. requestor=129.138.12.150
check software interlocks A
interlocks []
actuate state mode=None-script, software_lock=False
doing actuation None-script open_channel False
Open A ===>> OK
GetIndicatorState A ===>> OK
change switch state (True, True)
update switch state A True args=() kw={} ncanvase=2
22:42:45 -- OPEN   VALVE-A (CO2 Laser to Jan)
---------------------------------------- open None (CO2 Laser to Jan) result=[(True, True)], time=0.13 sec
action=open, ok=True, locked=[False]
open () {'description': 'Microbone to CO2 Laser'}
opening name=--- desc=Microbone to CO2 Laser
checking ownership. requestor=129.138.12.150
check software interlocks T
interlocks []
actuate state mode=None-script, software_lock=False
doing actuation None-script open_channel False
Open T ===>> OK
GetIndicatorState T ===>> OK
change switch state (True, True)
update switch state T True args=() kw={} ncanvase=2
22:42:46 -- OPEN   VALVE-T (Microbone to CO2 Laser)
---------------------------------------- open None (Microbone to CO2 Laser) result=[(True, True)], time=0.42 sec
action=open, ok=True, locked=[False]
executed snippet estimated_duration=0, duration=4.93374609947
PrepareForCO2Analysis.py completed successfully
gosub finished
set_motor ('beam', '1.25') {}
setting motor "beam" to 1.25
set motor beam to 1.25
SetMotor beam,1.25 ===>> OK
GetMotorMoving beam ===>> False
GetMotorMoving beam ===>> False
Block completed
move_to_position ('184',) {'autocenter': True}
FusionsCO2 move to position 184
sending GoToHole 184,True
GoToHole 184,True ===>> OK
GetDriveMoving ===>> OK
GetDriveMoving ===>> OK
GetDriveMoving ===>> OK
GetDriveMoving ===>> OK
GetDriveMoving ===>> OK
GetDriveMoving ===>> OK
GetDriveMoving ===>> OK
GetDriveMoving ===>> OK
GetDriveMoving ===>> OK
GetDriveMoving ===>> OK
GetDriveMoving ===>> OK
GetDriveMoving ===>> OK
GetDriveMoving ===>> OK
GetDriveMoving ===>> OK
GetDriveMoving ===>> OK
GetDriveMoving ===>> OK
GetDriveMoving ===>> OK
GetDriveMoving ===>> OK
GetDriveMoving ===>> OK
GetDriveMoving ===>> OK
GetDriveMoving ===>> OK
GetDriveMoving ===>> OK
GetDriveMoving ===>> OK
GetDriveMoving ===>> OK
GetDriveMoving ===>> OK
GetDriveMoving ===>> OK
GetDriveMoving ===>> OK
GetDriveMoving ===>> OK
GetDriveMoving ===>> OK
GetDriveMoving ===>> OK
GetDriveMoving ===>> OK
GetDriveMoving ===>> OK
GetDriveMoving ===>> OK
GetDriveMoving ===>> OK
GetDriveMoving ===>> OK
GetDriveMoving ===>> OK
GetDriveMoving ===>> OK
GetDriveMoving ===>> OK
GetDriveMoving ===>> OK
GetDriveMoving ===>> OK
GetDriveMoving ===>> OK
GetDriveMoving ===>> OK
GetDriveMoving ===>> False
GetDriveMoving ===>> False
Block completed
GetAutoCorrecting ===>> OK
GetAutoCorrecting ===>> OK
GetAutoCorrecting ===>> OK
GetAutoCorrecting ===>> False
GetAutoCorrecting ===>> False
Block completed
update position
GetPosition ===>> -11.96340,-9.96950,1.00000
got position (-11.9634, -9.9695, 1.0)
move to position succeeded
sleep (5,) {}
SLEEP 5.0
block started
WaitControl setup for 5.0  
Join finished
block finished. duration 5.02442789078
close () {'description': 'Microbone to Turbo'}
closing name=--- desc=Microbone to Turbo
checking ownership. requestor=129.138.12.150
check software interlocks U
interlocks []
actuate state mode=None-script, software_lock=False
doing actuation None-script close_channel True
Close U ===>> OK
GetIndicatorState U ===>> False
change switch state (True, True)
update switch state U False args=() kw={} ncanvase=2
22:43:07 -- CLOSE  VALVE-U (Microbone to Turbo)
---------------------------------------- close None (Microbone to Turbo) result=[(True, True)]
action=close, ok=True, locked=[False]
enable laser
enable () {}
set extraction state FusionsCO2 Enabled (False, 'red', 1.5)
enabling laser
Enable ===>> OK
begin interval
BEGIN INTERVAL Interval 1 waiting for 30.0
block started
set extract to 5.0
WaitControl setup for 30.0  
extract (5.0,) {}
GetPosition ===>> -11.96340,-9.96950,1.00000
set extraction state FusionsCO2 ON! 5.0(watts) (0.75, 'red', 1.5)
extract sample to 5.0 (watts)
set laser output
SetLaserOutput 5.0,watts ===>> OK
executing pattern triangle.lp
execute_pattern ('triangle.lp',) {}
executing pattern triangle.lp
IsPatterning ===>> OK
IsPatterning ===>> OK
IsPatterning ===>> OK
IsPatterning ===>> OK
IsPatterning ===>> OK
IsPatterning ===>> OK
IsPatterning ===>> OK
IsPatterning ===>> OK
IsPatterning ===>> OK
IsPatterning ===>> OK
IsPatterning ===>> OK
IsPatterning ===>> OK
IsPatterning ===>> OK
IsPatterning ===>> OK
IsPatterning ===>> OK
IsPatterning ===>> OK
IsPatterning ===>> OK
IsPatterning ===>> OK
IsPatterning ===>> OK
IsPatterning ===>> OK
IsPatterning ===>> OK
IsPatterning ===>> OK
IsPatterning ===>> OK
IsPatterning ===>> OK
IsPatterning ===>> OK
IsPatterning ===>> OK
IsPatterning ===>> False
IsPatterning ===>> False
Block completed
COMPLETE INTERVAL waiting for Interval 1 to complete
Join finished
block finished. duration 30.0978288651
Interval 1 finished
end_extract () {}
ending extraction. set laser power to 0
set laser power 0
SetLaserPower 0 ===>> OK
disable () {}
%%%%%%%%%%%%%%%%%%%%%%%%%%%%%%%%%%% disable
set extraction state False (0.75, 'red', 1.5)
disabling laser
Disable ===>> OK
sleep (30.0,) {}
SLEEP 30.0
block started
WaitControl setup for 30.0  
Join finished
block finished. duration 30.1139631271
executed snippet estimated_duration=166.5, duration=86.998748064
jan_co2.py completed successfully
GetAchievedOutput ===>> No Response
Requested Output= 0.000
Achieved Output=  0.000
GetResponseBlob ===>> No Response
GetOutputBlob ===>> No Response
persistence save...
persistence save - db
AutomatedRunPersister post_extraction_save deprecated
persistence save - dvc
no extraction position for 184
create new session 4982376208
close session 4982376208
Extraction Finished
22:44:08 -- ******* Extraction Finished *******
no overlap. not waiting for min ms pumptime
22:44:08 -- Sending spectrometer configuration
======== Sending configuration ========
SetDeflection CDD,50.0 ===>> OK
SetDeflection H2,0.0 ===>> OK
SetDeflection H1,0.0 ===>> OK
SetDeflection L2,825.0 ===>> OK
SetDeflection L1,400.0 ===>> OK
SetDeflection AX,190.0 ===>> OK
SetZFocus 74.64 ===>> OK
SetZSymmetry -50.72 ===>> OK
SetExtractionLens 26.13 ===>> OK
SetIonRepeller -3.81 ===>> OK
SetElectronEnergy 75.08 ===>> OK
SetYSymmetry -2.81 ===>> OK
SetIonCounterVoltage 1590.0 ===>> OK
send trap current 200.0
GetParameter Trap Current Readback ===>> 198.482695477019
SetParameter Trap Current Set,200.0 ===>> OK
updating mftable name mftable
Using mftable located at /Users/jan/PychronDev/setupfiles/spectrometer/mftables/mftable.csv
============ MFtable ===========
Isotope  H2     H1     AX     L1     L2     CDD    
Ar40     5.8013 5.8795 5.9928 6.1412 6.2313 6.3694
Ar39     5.7005 5.7717 5.8853 6.0273 6.1164 6.2559
Ar36     5.3780 5.4407 5.5486 5.6861 5.7714 5.9070
================================
get initial guess parabolic
get initial guess parabolic
get initial guess parabolic
get initial guess parabolic
get initial guess parabolic
get initial guess parabolic
======== Configuration Finished ========
GetYSymmetry ===>> -2.81
GetZSymmetry ===>> -50.72
GetParameter Trap Current Readback ===>> 197.923274125618
GetHighVoltage ===>> 4500
start measurement
do measurement
L#=25326 analysis type=unknown
Measurement Started jan_unknown120_60.py
22:44:08 -- ******* Measurement Started jan_unknown120_60.py *******
state changed from extraction to measurement
setting spec, defl, and gains
GetExtractionLens ===>> 26.13
GetYSymmetry ===>> -2.81
GetZSymmetry ===>> -50.72
GetZFocus ===>> 74.64
GetDeflection H2 ===>> 0
GetDeflection H1 ===>> 0
GetDeflection AX ===>> 190
GetDeflection L1 ===>> 400
GetDeflection L2 ===>> 825
GetDeflection CDD ===>> 50
GetGain H2 ===>> 0.0113
GetGain H1 ===>> 0.1
GetGain AX ===>> 0.097049
GetGain L1 ===>> 0.010355
GetGain L2 ===>> 0.095649
GetGain CDD ===>> 0
pre measurement save
New frame /Users/jan/PychronDev/data/isotopes/b1/7884d3-0399-441d-af62-2c647db7dde7.h5
flush and close file /Users/jan/PychronDev/data/isotopes/b1/7884d3-0399-441d-af62-2c647db7dde7.h5
testing...
no interpolation path defined
executed snippet estimated_duration=226.132928, duration=0.000236034393311
unknown measurement script
activate_detectors ('H2', 'H1', 'AX', 'L1', 'L2', 'CDD') {}
activate detectors
*************** Set Analysis View Ar/Ar
create graphs
clearing graphs
clear isotope group
setting isotope det=H2, iso=PM41
setting isotope det=H1, iso=Ar40
setting isotope det=AX, iso=Ar39
setting isotope det=L1, iso=Ar38
setting isotope det=L2, iso=Ar37
setting isotope det=CDD, iso=Ar36
setting previous blanks
 - setting Ar40 blank 0.067+/-0.007
 - setting Ar36 blank 0.00454+/-0.00018
 - setting Ar37 blank 0.059+/-0.005
 - setting Ar38 blank 0.0125+/-0.0023
 - setting PM41 blank 0.04+/-0.07
 - setting Ar39 blank 0.033+/-0.008
load analysis view
position_magnet ('Ar40',) {'detector': 'H1'}
detector Detector(H1)
POSITION Ar40 H1
setting detector H2 to PM41 (40.9624)
setting detector H1 to Ar40 (39.9624)
setting detector AX to Ar39 (38.9624)
setting detector L1 to Ar38 (37.9624)
setting detector L2 to Ar37 (36.9624)
setting detector CDD to Ar36 (35.9624)
Mapping mass to dac mass func: "parabolic"
H1 map mass coeffs = [-0.00063987  0.15840543  0.57105999]
H1 map mass to dac 39.9624 >> 5.87945
GetDeflection H1 ===>> 0
GetHighVoltage ===>> 4500
positioning Ar40 (5.87945) on H1
setting magnet DAC
current  : 5.879450
requested: 5.879450
Delta Dac: 0.000000
Checking detector protection. dv=0.00000
Checking detector "CDD". Protection Threshold: 0.1 (V)
SetMagnetDAC 5.87945 ===>> OK
Magnet settling time: 0.500
equilibrate () {'delay': 3, 'inlet': 'R', 'outlet': 'O', 'eqtime': 12.0}
Equilibration Started
22:44:10 -- ******* Equilibration Started *******
checking ownership. requestor=129.138.12.150
check software interlocks O
interlocks []
actuate state mode=None-script, software_lock=False
doing actuation None-script close_channel True
Close O ===>> OK
GetIndicatorState O ===>> False
change switch state (True, True)
update switch state O False args=() kw={} ncanvase=2
22:44:10 -- CLOSE  VALVE-O (Jan Ion Pump)
waiting 3s before opening inlet value ('R',)
update labels <pychron.experiment.plot_panel.PlotPanel object at 0x19685c890>
update labels "<pychron.graph.stacked_regression_graph.StackedRegressionGraph object at 0x1a98644d0>"
setting label 0 H2 PM41
setting label 1 H1 Ar40
setting label 2 AX Ar39
setting label 3 L1 Ar38
setting label 4 L2 Ar37
setting label 5 CDD Ar36
update labels "<pychron.graph.stacked_graph.StackedGraph object at 0x1a2c57cb0>"
setting label 0 H2 PM41
setting label 1 H1 Ar40
setting label 2 AX Ar39
setting label 3 L1 Ar38
setting label 4 L2 Ar37
setting label 5 CDD Ar36
checking ownership. requestor=129.138.12.150
check software interlocks R
interlocks []
actuate state mode=None-script, software_lock=False
doing actuation None-script open_channel True
Open R ===>> OK
GetIndicatorState R ===>> OK
change switch state (True, True)
update switch state R True args=() kw={} ncanvase=2
22:44:13 -- OPEN   VALVE-R (Jan Inlet)
set_time_zero () {}
equilibrating for 12.0sec
sniff (12.0,) {}
py_sniff
build tables- sniff [Detector(H2), Detector(H1), Detector(AX), Detector(L1), Detector(L2), Detector(CDD)]
add group /sniff/PM41 (Group) '' table H2
add group /sniff/Ar40 (Group) '' table H1
add group /sniff/Ar39 (Group) '' table AX
add group /sniff/Ar38 (Group) '' table L1
add group /sniff/Ar37 (Group) '' table L2
add group /sniff/Ar36 (Group) '' table CDD
flush and close file /Users/jan/PychronDev/data/isotopes/b1/7884d3-0399-441d-af62-2c647db7dde7.h5
measuring sniff. ncounts=12.0
"sniff" increment series count="1" fit count="0" regressing="False"
starting measurement
GetData ===>> H2,-0.169783455085649,H1,19.6771021918998,AX,2.6713845851842,L1,-0.0021888509287315,L2,-0.0364996...
GetData ===>> H2,0.754200116545571,H1,1004.01300518815,AX,132.069940483166,L1,0.591269885513551,L2,0.6063250898...
GetData ===>> H2,0.769871008618724,H1,1893.6290465972,AX,239.878922244691,L1,1.77391442402707,L2,0.576592726634...
GetData ===>> H2,0.327388878356143,H1,2180.94097252134,AX,270.472068625013,L1,2.59817069480702,L2,0.67126574982...
GetData ===>> H2,0.147702507688684,H1,2281.36285437423,AX,280.408061426471,L1,3.05310598935086,L2,0.62820289558...
GetData ===>> H2,-0.0182277094006484,H1,2322.1667834811,AX,284.490484166046,L1,3.31983539393265,L2,0.4515204517...
GetData ===>> H2,0.041472375698838,H1,2338.33002470942,AX,285.58307244166,L1,3.44252945091575,L2,0.594030783984...
GetData ===>> H2,0.0329514154573403,H1,2345.08939077321,AX,286.163793445424,L1,3.48643704218746,L2,0.5830758833...
GetData ===>> H2,0.0378637489700592,H1,2348.41892790122,AX,286.602645049794,L1,3.57437098441195,L2,0.5124593844...
GetData ===>> H2,0.0501604379803186,H1,2349.48635846632,AX,286.828450509078,L1,3.61215014582985,L2,0.6570655618...
GetData ===>> H2,-0.0152754311071946,H1,2349.51325739315,AX,286.863600710095,L1,3.62518937538839,L2,0.648480154...
Equilibration Finished
22:44:26 -- ******* Equilibration Finished *******
checking ownership. requestor=129.138.12.150
check software interlocks R
interlocks []
actuate state mode=None-script, software_lock=False
doing actuation None-script close_channel True
GetData ===>> H2,-0.134267377898939,H1,2349.08499241017,AX,286.640815917843,L1,3.67190151975005,L2,0.6816485372...
Close R ===>> OK
GetIndicatorState R ===>> False
change switch state (True, True)
update switch state R False args=() kw={} ncanvase=2
22:44:26 -- CLOSE  VALVE-R (Jan Inlet)
Post Equilibration Started jan_pump_extraction_line.py
22:44:26 -- ******* Post Equilibration Started jan_pump_extraction_line.py *******
testing...
no interpolation path defined
calculate duration
testing...
no interpolation path defined
executed snippet estimated_duration=4.0, duration=0.000126838684082
executed snippet estimated_duration=4.0, duration=0.00168085098267
Pump after analysis
doing GOSUB
testing...
no interpolation path defined
executed snippet estimated_duration=4.0, duration=0.0001220703125
Pump Microbone
close () {'description': 'Jan Inlet'}
closing name=--- desc=Jan Inlet
checking ownership. requestor=129.138.12.150
check software interlocks R
interlocks []
actuate state mode=None-script, software_lock=False
doing actuation None-script close_channel False
Close R ===>> OK
measurement finished
estimated time: 12.583 actual time: :12.678
flush and close file /Users/jan/PychronDev/data/isotopes/b1/7884d3-0399-441d-af62-2c647db7dde7.h5
set_fits () {}
GetIndicatorState R ===>> False
change switch state (True, True)
update switch state R False args=() kw={} ncanvase=2
using default fits file=/Users/jan/PychronDev/scripts/measurement/fits/nominal_linear.yaml
set "Ar40" to "('Linear', 'SEM')"
No fit for "PM41". defaulting to linear. check the measurement script "jan_unknown120_60.py"
22:44:27 -- CLOSE  VALVE-R (Jan Inlet)
set "PM41" to "linear"
---------------------------------------- close None (Jan Inlet) result=[(True, True)]
set "Ar36" to "('Linear', 'SEM')"
set "Ar37" to "('linear', 'SEM')"
set "Ar38" to "('linear', 'SEM')"
set "Ar39" to "('Linear', 'SEM')"
set_baseline_fits () {}
using default fits file=/Users/jan/PychronDev/scripts/measurement/fits/nominal_linear.yaml
set "H1" to "('average', 'SEM')"
set "H2" to "('average', 'SEM')"
set "CDD" to "('average', 'SEM')"
set "L2" to "('average', 'SEM')"
set "L1" to "('average', 'SEM')"
set "AX" to "('average', 'SEM')"
multicollect () {'integration_time': 1, 'ncounts': 120}
build tables- signal [Detector(H2), Detector(H1), Detector(AX), Detector(L1), Detector(L2), Detector(CDD)]
add group /signal/PM41 (Group) '' table H2
add group /signal/Ar40 (Group) '' table H1
add group /signal/Ar39 (Group) '' table AX
add group /signal/Ar38 (Group) '' table L1
add group /signal/Ar37 (Group) '' table L2
add group /signal/Ar36 (Group) '' table CDD
flush and close file /Users/jan/PychronDev/data/isotopes/b1/7884d3-0399-441d-af62-2c647db7dde7.h5
measuring signal. ncounts=120
action=close, ok=True, locked=[False]
is_closed ('F',) {}
is F () closed?
is closed True
open () {'description': 'CO2 Laser to Jan'}
opening name=--- desc=CO2 Laser to Jan
checking ownership. requestor=129.138.12.150
check software interlocks A
interlocks []
actuate state mode=None-script, software_lock=False
doing actuation None-script open_channel False
Open A ===>> OK
GetIndicatorState A ===>> OK
change switch state (True, True)
update switch state A True args=() kw={} ncanvase=2
22:44:27 -- OPEN   VALVE-A (CO2 Laser to Jan)
---------------------------------------- open None (CO2 Laser to Jan) result=[(True, True)], time=0.12 sec
starting measurement
GetData ===>> H2,0.18150261746231,H1,2350.52781639585,AX,286.853786831486,L1,3.67027554778051,L2,0.549121352931...
action=open, ok=True, locked=[False]
sleep (1,) {}
SLEEP 1.0
"signal" increment series count="2" fit count="1" regressing="True"
close () {'description': 'CO2 Laser to Roughing'}
closing name=--- desc=CO2 Laser to Roughing
checking ownership. requestor=129.138.12.150
check software interlocks G
interlocks []
actuate state mode=None-script, software_lock=True
VALVE-G(CO2 Laser to Roughing) software locked
change switch state (True, False)
---------------------------------------- close None (CO2 Laser to Roughing) result=[(True, False)]
action=close, ok=True, locked=[True]
open () {'description': 'Microbone to Turbo'}
opening name=--- desc=Microbone to Turbo
checking ownership. requestor=129.138.12.150
check software interlocks U
interlocks []
actuate state mode=None-script, software_lock=False
doing actuation None-script open_channel True
GetData ===>> H2,0.13980339911116,H1,2348.70277462462,AX,286.641332169424,L1,3.67751467355087,L2,0.741886281958...
Open U ===>> OK
GetIndicatorState U ===>> OK
change switch state (True, True)
update switch state U True args=() kw={} ncanvase=2
22:44:29 -- OPEN   VALVE-U (Microbone to Turbo)
---------------------------------------- open None (Microbone to Turbo) result=[(True, True)], time=0.18 sec
action=open, ok=True, locked=[False]
open () {'description': 'Microbone to Getter NP-10'}
opening name=--- desc=Microbone to Getter NP-10
checking ownership. requestor=129.138.12.150
check software interlocks M
interlocks []
actuate state mode=None-script, software_lock=False
doing actuation None-script open_channel False
Open M ===>> OK
GetIndicatorState M ===>> OK
change switch state (True, True)
update switch state M True args=() kw={} ncanvase=2
22:44:29 -- OPEN   VALVE-M (Microbone to Getter NP-10)
---------------------------------------- open None (Microbone to Getter NP-10) result=[(True, True)], time=0.14 sec
action=open, ok=True, locked=[False]
open () {'description': 'Microbone to Getter D-50'}
opening name=--- desc=Microbone to Getter D-50
checking ownership. requestor=129.138.12.150
check software interlocks K
interlocks []
actuate state mode=None-script, software_lock=False
doing actuation None-script open_channel False
GetData ===>> H2,-0.0395435744831159,H1,2347.24967143006,AX,286.47230650782,L1,3.70284688669917,L2,0.6228076494...
Open K ===>> OK
GetIndicatorState K ===>> OK
change switch state (True, True)
update switch state K True args=() kw={} ncanvase=2
22:44:30 -- OPEN   VALVE-K (Microbone to Getter D-50)
---------------------------------------- open None (Microbone to Getter D-50) result=[(True, True)], time=0.41 sec
action=open, ok=True, locked=[False]
open () {'description': 'Microbone to CO2 Laser'}
opening name=--- desc=Microbone to CO2 Laser
checking ownership. requestor=129.138.12.150
check software interlocks T
interlocks []
actuate state mode=None-script, software_lock=False
doing actuation None-script open_channel False
Open T ===>> OK
GetIndicatorState T ===>> OK
change switch state (True, True)
update switch state T True args=() kw={} ncanvase=2
22:44:30 -- OPEN   VALVE-T (Microbone to CO2 Laser)
---------------------------------------- open None (Microbone to CO2 Laser) result=[(True, True)], time=0.41 sec
GetData ===>> H2,-0.0796281201088299,H1,2346.05169042324,AX,286.302581687646,L1,3.73632651394758,L2,0.580891913...
action=open, ok=True, locked=[False]
open () {'description': 'Microbone to Inlet Pipette'}
opening name=--- desc=Microbone to Inlet Pipette
checking ownership. requestor=129.138.12.150
check software interlocks S
interlocks []
actuate state mode=None-script, software_lock=False
doing actuation None-script open_channel False
Open S ===>> OK
GetIndicatorState S ===>> OK
change switch state (True, True)
update switch state S True args=() kw={} ncanvase=2
22:44:31 -- OPEN   VALVE-S (Microbone to Inlet Pipette)
---------------------------------------- open None (Microbone to Inlet Pipette) result=[(True, True)], time=0.40 sec
action=open, ok=True, locked=[False]
sleep (1,) {}
SLEEP 1.0
GetData ===>> H2,0.0342235699281401,H1,2345.84350841992,AX,286.24907501942,L1,3.75296273341723,L2,0.62303643493...
set_resource () {'name': 'CO2PumpTimeFlag', 'value': 30}
Set CO2PumpTimeFlag 30 ===>> OK
release ('JanCO2Flag',) {}
release JanCO2Flag
Set JanCO2Flag 0 ===>> OK
executed snippet estimated_duration=6.0, duration=5.95369791985
PumpMicrobone.py completed successfully
gosub finished
get_resource_value () {'name': 'JanMiniboneFlag'}
Read JanMiniboneFlag ===>> 0
Get Resource Value JanMiniboneFlag=0.0
get resource value 0.0
get_resource_value () {'name': 'JanMiniboneFlag'}
Read JanMiniboneFlag ===>> 0
Get Resource Value JanMiniboneFlag=0.0
executed snippet estimated_duration=4.0, duration=5.96920013428
jan_pump_extraction_line.py completed successfully
Post Equilibration Finished
22:44:32 -- ******* Post Equilibration Finished *******
GetData ===>> H2,-0.0872865807983849,H1,2344.99518417888,AX,285.988422167986,L1,3.71897058360744,L2,0.567743410...
GetData ===>> H2,0.0433256089695706,H1,2343.60858302941,AX,286.005324475746,L1,3.68464032306811,L2,0.6302601448...
GetData ===>> H2,0.00208024919256615,H1,2342.49578416028,AX,286.020394315152,L1,3.69678119949577,L2,0.543737748...
GetData ===>> H2,0.0300289930118509,H1,2342.11782668063,AX,285.833663399644,L1,3.65748567272219,L2,0.5072492195...
GetData ===>> H2,0.0105331624120494,H1,2341.10193803121,AX,285.72050652752,L1,3.66150537257631,L2,0.51547592502...
GetData ===>> H2,0.0297485015528387,H1,2339.99903598131,AX,285.690794505659,L1,3.70610539828531,L2,0.5574659653...
GetData ===>> H2,0.0159795269843318,H1,2339.1573932392,AX,285.57969522075,L1,3.65993184969265,L2,0.683192329493...
GetData ===>> H2,-0.0103514559741336,H1,2337.81306711009,AX,285.51865584788,L1,3.61819797241546,L2,0.5835675692...
GetData ===>> H2,0.0103943834633498,H1,2337.29971688206,AX,285.411332338424,L1,3.65597944934069,L2,0.5702700698...
GetData ===>> H2,-0.0215472603795753,H1,2336.12176363815,AX,285.03028463784,L1,3.6758552888985,L2,0.51269933303...
GetData ===>> H2,0.0437723296975024,H1,2334.90123204022,AX,285.278713198129,L1,3.62185726857992,L2,0.5945339618...
GetData ===>> H2,-0.102965808292684,H1,2334.14906126225,AX,285.024738645568,L1,3.61907878829524,L2,0.6317116750...
GetData ===>> H2,-0.0945914508862787,H1,2333.65677772714,AX,284.886565438415,L1,3.65170576319926,L2,0.643621909...
GetData ===>> H2,0.0216390129062625,H1,2332.87573752931,AX,284.65531000454,L1,3.62923048993398,L2,0.56242735304...
GetData ===>> H2,0.0336773706308855,H1,2331.68593853847,AX,284.493168508025,L1,3.62315234776477,L2,0.5781934653...
GetData ===>> H2,-0.0735101087359835,H1,2330.57748298954,AX,284.625632510392,L1,3.64120956358611,L2,0.570853154...
GetData ===>> H2,-0.0967164275091485,H1,2329.42316055677,AX,284.573484431897,L1,3.61337022241971,L2,0.539371650...
GetData ===>> H2,-0.102175348622131,H1,2327.94314573461,AX,284.32099111072,L1,3.63825078326925,L2,0.59507145024...
GetData ===>> H2,-0.149149326751518,H1,2326.92502158338,AX,284.235021480871,L1,3.64299157828873,L2,0.5714248096...
22:44:53 -- collecting point 25
GetData ===>> H2,-0.0253453494055372,H1,2326.49718511453,AX,284.275547806514,L1,3.65425646150411,L2,0.650000550...
GetData ===>> H2,-0.00548247310471825,H1,2326.05841899877,AX,284.212278371844,L1,3.68089122208028,L2,0.67614826...
GetData ===>> H2,-0.0315184203647683,H1,2324.9942783799,AX,283.908834343726,L1,3.61471783085866,L2,0.5434862924...
GetData ===>> H2,-0.0896749887015069,H1,2323.46938371899,AX,283.870677048645,L1,3.58482256045549,L2,0.612249792...
GetData ===>> H2,-0.132749976711641,H1,2322.69986865658,AX,283.741840719576,L1,3.59084453069398,L2,0.5912633528...
GetData ===>> H2,-0.123172237300131,H1,2321.70160592903,AX,283.549667932484,L1,3.58605921807137,L2,0.6583345752...
GetData ===>> H2,-0.10607161975494,H1,2320.34288946196,AX,283.64990861617,L1,3.59693039031594,L2,0.472293592596...
GetData ===>> H2,-0.13604012704215,H1,2320.0560165474,AX,283.415423577872,L1,3.5917707151199,L2,0.5505387427729...
GetData ===>> H2,-0.0637977744197277,H1,2319.01436198233,AX,283.269916891524,L1,3.65931667299449,L2,0.582321207...
GetData ===>> H2,-0.0589546124670381,H1,2317.72768276915,AX,283.402886233773,L1,3.66643425533291,L2,0.618323563...
GetData ===>> H2,-0.163247927409264,H1,2316.84142493593,AX,282.96054608124,L1,3.65324972814178,L2,0.54926994927...
GetData ===>> H2,-0.0809261140228369,H1,2316.33283658481,AX,282.678948567691,L1,3.60817656579224,L2,0.612112536...
GetData ===>> H2,-0.0994827710900057,H1,2315.60633621875,AX,282.94469296515,L1,3.63146827826353,L2,0.6234940075...
GetData ===>> H2,-0.135664235413972,H1,2313.82408597577,AX,282.878986332154,L1,3.61290454034676,L2,0.5366172241...
GetData ===>> H2,-0.109899226651107,H1,2313.20799960329,AX,282.724961138888,L1,3.62132653920237,L2,0.5488127305...
GetData ===>> H2,-0.0423159689188411,H1,2312.63881229744,AX,282.514217784767,L1,3.63457355335148,L2,0.598982626...
GetData ===>> H2,-0.0534323586082157,H1,2311.72739347301,AX,282.44306539861,L1,3.60107894087287,L2,0.5273944736...
GetData ===>> H2,-0.019440734299278,H1,2310.59153757014,AX,282.512027726566,L1,3.5741745539984,L2,0.46672014766...
GetData ===>> H2,0.0469311976722272,H1,2309.50713964382,AX,282.107466771234,L1,3.55230254963464,L2,0.5818066594...
GetData ===>> H2,-0.0714438251482875,H1,2308.69932448997,AX,282.057857557446,L1,3.5828893929082,L2,0.6458623873...
GetData ===>> H2,-0.0325329076820394,H1,2307.39335858711,AX,281.850041820971,L1,3.58071778146733,L2,0.613061893...
GetData ===>> H2,0.0159863331626361,H1,2307.00499571801,AX,281.770314403836,L1,3.5707636842888,L2,0.63285462767...
GetData ===>> H2,-0.0178962445414187,H1,2305.73736241343,AX,281.732122293517,L1,3.5832906971005,L2,0.5489956177...
GetData ===>> H2,-0.0724160013786224,H1,2304.88272731012,AX,281.766849885543,L1,3.59726992128893,L2,0.537737271...
GetData ===>> H2,-0.0934996895411458,H1,2304.1111392017,AX,281.478615956888,L1,3.58933592398424,L2,0.6838441603...
22:45:19 -- collecting point 50
GetData ===>> H2,-0.010242704960961,H1,2304.43094833013,AX,281.747795935521,L1,3.52456485911789,L2,0.4999029110...
GetData ===>> H2,0.0584979997028773,H1,2303.84503571439,AX,281.416853424525,L1,3.57332245110412,L2,0.5524248181...
GetData ===>> H2,0.031449256901859,H1,2301.95835356588,AX,281.413506165792,L1,3.62525308236996,L2,0.61803759612...
GetData ===>> H2,0.0387262816016732,H1,2301.0020310346,AX,281.065376680403,L1,3.65110042483573,L2,0.50013140360...
GetData ===>> H2,-0.079899112284603,H1,2300.21438145946,AX,281.017122212767,L1,3.58188619182294,L2,0.6394840212...
GetData ===>> H2,-0.124788187110066,H1,2298.75619537162,AX,280.97533467809,L1,3.57366158919872,L2,0.58919354944...
GetData ===>> H2,-0.113972493355209,H1,2297.61940280306,AX,280.644464958196,L1,3.57137118246432,L2,0.5808118741...
GetData ===>> H2,-0.0506152625048338,H1,2297.86552141402,AX,280.569317655849,L1,3.59205777626586,L2,0.525428896...
GetData ===>> H2,-0.0359016614185925,H1,2296.41831832897,AX,280.736478581942,L1,3.58729600461307,L2,0.624077100...
GetData ===>> H2,0.019520648769489,H1,2295.61197300996,AX,280.482450633479,L1,3.51846611668235,L2,0.60961908774...
GetData ===>> H2,-0.0601330518120295,H1,2295.16041869718,AX,280.553203594246,L1,3.54098590943786,L2,0.557797478...
GetData ===>> H2,-0.0686637834121547,H1,2293.9477848602,AX,280.205184996017,L1,3.53262768550748,L2,0.4884561304...
GetData ===>> H2,-0.0172672498999022,H1,2292.80000035761,AX,280.512824120883,L1,3.53177150747042,L2,0.627242861...
GetData ===>> H2,-0.0208356213372604,H1,2291.13512660699,AX,280.27642574011,L1,3.57930259528689,L2,0.5346857445...
GetData ===>> H2,-0.0330761033935705,H1,2290.08172420588,AX,280.165257637218,L1,3.58253755638831,L2,0.587352491...
GetData ===>> H2,-0.0654799248507997,H1,2290.26636226018,AX,280.020003455612,L1,3.5511125238081,L2,0.5687723586...
GetData ===>> H2,-0.0316678150639278,H1,2289.74019697205,AX,279.961566518327,L1,3.52733927283066,L2,0.567834871...
GetData ===>> H2,-0.0368356658742259,H1,2288.54391824708,AX,279.78381487365,L1,3.52382343390009,L2,0.6445592458...
GetData ===>> H2,-0.10185590068683,H1,2287.68164395162,AX,279.708894540356,L1,3.55219667060589,L2,0.58569442540...
GetData ===>> H2,-0.0588217083151222,H1,2286.40685547802,AX,279.805500046084,L1,3.61734978862522,L2,0.602516545...
GetData ===>> H2,0.00233041449665172,H1,2284.70250437392,AX,279.244540141257,L1,3.59577181399386,L2,0.493185472...
GetData ===>> H2,-0.0858633696600228,H1,2284.66328829304,AX,279.326309728493,L1,3.55488629121222,L2,0.574820511...
GetData ===>> H2,-0.0915732742001093,H1,2282.8993348211,AX,279.386628466706,L1,3.54616877380314,L2,0.5985137344...
GetData ===>> H2,-0.157813632129771,H1,2281.71073081774,AX,279.15446763625,L1,3.49733398817144,L2,0.62446635663...
GetData ===>> H2,-0.0923414409731303,H1,2280.97208154524,AX,279.250414183018,L1,3.50982568292698,L2,0.561478496...
22:45:45 -- collecting point 75
GetData ===>> H2,-0.0872730401426909,H1,2280.60570874267,AX,279.016750373866,L1,3.52659767376074,L2,0.657088426...
GetData ===>> H2,-0.0829283652351113,H1,2280.05481070599,AX,278.86715075964,L1,3.53923658598801,L2,0.5922811178...
GetData ===>> H2,0.0569884451453095,H1,2278.57137167838,AX,278.665824535142,L1,3.54248664717228,L2,0.5095114932...
GetData ===>> H2,0.0360421522060449,H1,2277.37513770515,AX,278.792467725346,L1,3.53648195872272,L2,0.6144230373...
GetData ===>> H2,-0.0376677884930383,H1,2276.87837112262,AX,278.400933467375,L1,3.5290722016361,L2,0.6093331459...
GetData ===>> H2,-0.0602578046474252,H1,2275.50488091035,AX,278.305795040177,L1,3.55692262010503,L2,0.639575464...
GetData ===>> H2,-0.0395408601100168,H1,2275.2675236742,AX,278.178083635166,L1,3.53865935947121,L2,0.4558711327...
GetData ===>> H2,0.0417622238453847,H1,2274.74283692182,AX,278.091363651223,L1,3.51242842493137,L2,0.4517830856...
GetData ===>> H2,-0.0742584338384166,H1,2273.36834561104,AX,278.27383711665,L1,3.53853234518883,L2,0.6370379503...
GetData ===>> H2,-0.0776063147009572,H1,2272.58096249518,AX,278.174279460031,L1,3.55311149664828,L2,0.619639026...
GetData ===>> H2,-0.11822694855958,H1,2272.01187458465,AX,278.064401046612,L1,3.51749745379097,L2,0.49413365423...
GetData ===>> H2,-0.035121003032013,H1,2270.89019021444,AX,277.904467403589,L1,3.51222266486313,L2,0.6850792204...
GetData ===>> H2,0.0443702545684415,H1,2270.23863672192,AX,277.598691958277,L1,3.53311292757407,L2,0.5459551625...
GetData ===>> H2,-0.108258034740955,H1,2269.30282969826,AX,277.603448229472,L1,3.55448528016917,L2,0.4860001629...
GetData ===>> H2,-0.0311299849820829,H1,2268.5359582924,AX,277.652902239623,L1,3.56605592256621,L2,0.6013614316...
GetData ===>> H2,-0.127208300857331,H1,2267.38484692059,AX,277.747719423282,L1,3.53560715998463,L2,0.6073315772...
GetData ===>> H2,-0.0725204003019628,H1,2265.97253015438,AX,277.631903426666,L1,3.53960777585196,L2,0.652149722...
GetData ===>> H2,-0.196829922190178,H1,2266.38580125418,AX,277.627371756228,L1,3.50228279985506,L2,0.4877593146...
GetData ===>> H2,-0.213781326123723,H1,2265.07985138898,AX,277.370450520948,L1,3.53566500758255,L2,0.6667493591...
GetData ===>> H2,-0.120680925088004,H1,2264.13123236111,AX,277.16611826963,L1,3.51171391732337,L2,0.51600154407...
GetData ===>> H2,-0.0596435193254036,H1,2262.50778411492,AX,277.221733989722,L1,3.52994933799477,L2,0.499662994...
GetData ===>> H2,-0.0751463282103451,H1,2261.35724107612,AX,277.078223775481,L1,3.56051719820142,L2,0.573151228...
GetData ===>> H2,0.0439357684706292,H1,2260.29638931667,AX,276.814640147311,L1,3.53035972475475,L2,0.5440463546...
GetData ===>> H2,-0.0288819608107171,H1,2260.16153725391,AX,276.663858760217,L1,3.56215750902123,L2,0.494362133...
GetData ===>> H2,-0.112162784176697,H1,2259.41226799803,AX,276.893119753029,L1,3.49919362570282,L2,0.5364686474...
22:46:12 -- collecting point 100
GetData ===>> H2,-0.0574763054643303,H1,2257.97787779384,AX,276.481635896247,L1,3.51747630483102,L2,0.684701839...
GetData ===>> H2,-0.0845347882248326,H1,2257.032410391,AX,276.576665491793,L1,3.55215996609682,L2,0.56152422420...
GetData ===>> H2,-0.120563243725056,H1,2256.38406668968,AX,276.322397751943,L1,3.54148096261102,L2,0.5435091520...
GetData ===>> H2,-0.088533967952096,H1,2255.29326078655,AX,276.102258806852,L1,3.53859867469964,L2,0.5578432047...
GetData ===>> H2,-0.0730898321109316,H1,2254.60518017582,AX,275.913389065935,L1,3.51372930602996,L2,0.609802090...
GetData ===>> H2,-0.0775859864142057,H1,2253.35829370508,AX,275.913248857334,L1,3.48642015331591,L2,0.612672999...
GetData ===>> H2,-0.0769625679790922,H1,2253.38110738733,AX,276.181241842874,L1,3.49905414273835,L2,0.610156660...
GetData ===>> H2,-0.112039599770908,H1,2252.53017023802,AX,275.902761490772,L1,3.54844916258111,L2,0.5512245840...
GetData ===>> H2,-0.0671717736354578,H1,2251.37515050413,AX,275.635314616988,L1,3.50059418225874,L2,0.529085816...
GetData ===>> H2,-0.0838480904850904,H1,2251.68526826793,AX,275.396460374203,L1,3.52127672436301,L2,0.633231805...
GetData ===>> H2,-0.167041206137427,H1,2250.47002014987,AX,275.34635009372,L1,3.51733813255653,L2,0.54421780286...
GetData ===>> H2,-0.175893913748299,H1,2248.82980558919,AX,275.179526470895,L1,3.57018729619465,L2,0.5754379245...
GetData ===>> H2,-0.0807689535401707,H1,2247.4437489141,AX,275.274152043136,L1,3.59111035943759,L2,0.4964755879...
GetData ===>> H2,-0.147167905818871,H1,2245.60370108041,AX,275.102301458721,L1,3.56177634942551,L2,0.6423073676...
GetData ===>> H2,-0.0558295980902677,H1,2245.83086790825,AX,275.02374602614,L1,3.5193911439319,L2,0.58858748287...
GetData ===>> H2,-0.176081551640419,H1,2245.7414619824,AX,274.929097632304,L1,3.49176527889336,L2,0.56506819627...
GetData ===>> H2,-0.121846851525599,H1,2244.77570866853,AX,275.113445804011,L1,3.51831524257441,L2,0.6464911023...
GetData ===>> H2,-0.0575115700682353,H1,2244.25057708148,AX,275.070747349119,L1,3.54235828716466,L2,0.556391412...
GetData ===>> H2,-0.215842925271246,H1,2242.973071026,AX,274.75534038933,L1,3.52171781410201,L2,0.6780578867918...
GetData ===>> H2,-0.182020911213141,H1,2241.67773588936,AX,274.509641803715,L1,3.50604025848415,L2,0.5165957256...
GetData ===>> H2,-0.0508201903977855,H1,2240.38308593049,AX,274.359163677904,L1,3.50663468854763,L2,0.546206625...
measurement finished
estimated time: 125.829 actual time: :126.374
flush and close file /Users/jan/PychronDev/data/isotopes/b1/7884d3-0399-441d-af62-2c647db7dde7.h5
baselines () {'settling_time': 15.0, 'detector': 'H1', 'mass': 34.2, 'ncounts': 60}
%%%%%%%%%%%%%%%%%%%%%%%%%%%%%%%% Baseline
build tables- baseline [Detector(H2), Detector(H1), Detector(AX), Detector(L1), Detector(L2), Detector(CDD)]
add group baseline table H2
add group baseline table H1
add group baseline table AX
add group baseline table L1
add group baseline table L2
add group baseline table CDD
flush and close file /Users/jan/PychronDev/data/isotopes/b1/7884d3-0399-441d-af62-2c647db7dde7.h5
detector Detector(H1)
POSITION 34.2 H1
Mapping mass to dac mass func: "parabolic"
H1 map mass coeffs = [-0.00063987  0.15840543  0.57105999]
H1 map mass to dac 34.2 >> 5.24010599104
GetDeflection H1 ===>> 0
GetHighVoltage ===>> 4500
positioning 34.2 (5.24010599104) on H1
setting magnet DAC
current  : 5.879450
requested: 5.240106
Delta Dac: 0.639344
Checking detector protection. dv=0.63934
Checking detector "CDD". Protection Threshold: 0.1 (V)
ProtectDetector CDD,On ===>> OK
GetDeflection CDD ===>> 2000
Protected = 2000
SetMagnetDAC 5.24010599104 ===>> OK
Magnet settling time: 0.500
GetMagnetMoving ===>> True
GetMagnetMoving ===>> True
GetMagnetMoving ===>> True
GetMagnetMoving ===>> True
GetMagnetMoving ===>> True
GetMagnetMoving ===>> True
GetMagnetMoving ===>> True
GetMagnetMoving ===>> True
GetMagnetMoving ===>> False
ProtectDetector CDD,Off ===>> OK
GetDeflection CDD ===>> 50
Delaying 15.0s for detectors to settle
set states for children of V. state=True
handle state [('V', True)]
update switch state V True args=() kw={'refresh': False} ncanvase=2
refresh_canvas_needed fired
Join finished
measuring baseline. ncounts=60
"baseline" increment series count="2" fit count="1" regressing="True"
starting measurement
GetData ===>> H2,-0.167931970020839,H1,-0.0999380583111663,AX,-0.0297858412368456,L1,-0.079551271571737,L2,-0.0...
GetData ===>> H2,-0.0561741512977838,H1,-0.138398572677745,AX,-0.0314674251775238,L1,-0.0763387557749807,L2,-0....
GetData ===>> H2,-0.133052932199208,H1,-0.10892282933781,AX,0.0309794173133911,L1,-0.0698069386415842,L2,0.0205...
GetData ===>> H2,-0.17060114296836,H1,-0.0590555051000362,AX,-0.142420453028271,L1,-0.0852038528529469,L2,0.019...
GetData ===>> H2,-0.216442078550112,H1,-0.0851006953159093,AX,-0.0608962384350771,L1,-0.0622792575461856,L2,-0....
GetData ===>> H2,-0.238284358220815,H1,-0.118442946267616,AX,-0.0439914121870149,L1,-0.0877829047196528,L2,-0.0...
GetData ===>> H2,-0.215565553674857,H1,-0.149546379279264,AX,-0.0327662839194201,L1,-0.0186100592686376,L2,-0.0...
GetData ===>> H2,-0.291787620510386,H1,0.0207672316785647,AX,-0.0642583023170355,L1,-0.0516259616577964,L2,0.05...
GetData ===>> H2,-0.22415780981195,H1,-0.0491243637465775,AX,-0.129297168499278,L1,-0.0632146952102411,L2,0.031...
GetData ===>> H2,-0.190461019257278,H1,0.000701202955944069,AX,-0.0305280611787693,L1,-0.0315797563905866,L2,-0...
GetData ===>> H2,-0.310821088782218,H1,0.0295369435712402,AX,-0.0969106518155324,L1,-0.0185872759865993,L2,-0.0...
GetData ===>> H2,-0.215332610134993,H1,-0.0250136994756066,AX,-0.0770330857607727,L1,-0.0302803052354899,L2,0.0...
GetData ===>> H2,-0.14338238886962,H1,0.0707231024795753,AX,-0.0590412569132743,L1,-0.0450941001282579,L2,-0.10...
GetData ===>> H2,-0.225482924299504,H1,0.0823199400487031,AX,-0.0227460675401232,L1,-0.0197227799325364,L2,-0.0...
GetData ===>> H2,-0.296376802768166,H1,-0.0364258506251989,AX,-0.136831582040677,L1,-0.0380584453446707,L2,0.01...
GetData ===>> H2,-0.325412616742048,H1,-0.0138507128473851,AX,-0.0544036484011066,L1,-0.0284212591869628,L2,-0....
GetData ===>> H2,-0.184315657376109,H1,0.0330211783963421,AX,-0.0312934695654651,L1,-0.0479273289313388,L2,0.06...
GetData ===>> H2,-0.121276076514208,H1,0.0267329385370775,AX,-0.0381470854794501,L1,-0.0543017694908997,L2,0.01...
GetData ===>> H2,-0.155109018236506,H1,-0.0281262333878594,AX,-0.141376912288037,L1,-0.0176591131611559,L2,-0.0...
GetData ===>> H2,-0.0251333624294461,H1,0.0220677254719305,AX,-0.155568107191943,L1,-0.0165845438276331,L2,-0.0...
GetData ===>> H2,-0.10725011724494,H1,-0.014888350626596,AX,-0.147151030637952,L1,-0.0352044577102622,L2,-0.072...
GetData ===>> H2,-0.214111261117226,H1,-0.0216506230074074,AX,-0.188499004995863,L1,-0.0192815433597212,L2,0.02...
GetData ===>> H2,-0.235232011298526,H1,0.0350019960926541,AX,-0.0282549947300738,L1,-0.0437831472677365,L2,-0.0...
GetData ===>> H2,-0.178774285388403,H1,0.0595029392253867,AX,-0.0996109057796968,L1,-0.0333699693030265,L2,-0.1...
22:47:17 -- collecting point 25
GetData ===>> H2,-0.145226669003256,H1,0.0592045477912031,AX,-0.102589210572268,L1,-0.0520997094453869,L2,-0.01...
GetData ===>> H2,-0.25475652876169,H1,0.0294653509763655,AX,0.00329508220309559,L1,-0.0123684470586595,L2,-0.00...
GetData ===>> H2,-0.340613014219188,H1,-0.00418943099582665,AX,-0.0779372264800461,L1,0.00997982852981313,L2,-0...
GetData ===>> H2,-0.267490582239172,H1,-0.00766044328661657,AX,-0.11654083303489,L1,-0.0383423620121236,L2,0.06...
GetData ===>> H2,-0.249886142410989,H1,0.0595148749013009,AX,-0.0452553176375467,L1,-0.0159392673636419,L2,-0.0...
GetData ===>> H2,-0.22974001490935,H1,0.0498116400209138,AX,-0.0566297280696922,L1,-0.00907751480458165,L2,-0.0...
GetData ===>> H2,-0.249264754789,H1,0.0856714932662818,AX,-0.0578934693877591,L1,-0.0178234066163003,L2,-0.0366...
GetData ===>> H2,-0.174067319181517,H1,0.0709499059769804,AX,-0.0146618772447041,L1,-0.0162870981080242,L2,-0.0...
GetData ===>> H2,-0.204450280850872,H1,0.0911463356939592,AX,-0.0431101472977385,L1,0.000939772249181633,L2,-0....
GetData ===>> H2,-0.160454128395542,H1,0.0708902207962716,AX,-0.0994950165908481,L1,-0.0141435451160109,L2,0.04...
GetData ===>> H2,-0.240742106848792,H1,0.0654828910396478,AX,-0.140936302836316,L1,-0.0622684911321913,L2,-0.04...
GetData ===>> H2,-0.305790503026354,H1,-0.0426381884042868,AX,-0.098057979180103,L1,-0.0492568875059192,L2,0.04...
GetData ===>> H2,-0.278656231072583,H1,0.0185958026316381,AX,-0.142617565022123,L1,-0.0429773352038393,L2,-0.09...
GetData ===>> H2,-0.323677843151897,H1,0.103862484060957,AX,-0.121256585175377,L1,-0.0184301898483404,L2,-0.074...
GetData ===>> H2,-0.117846764723419,H1,0.0222347625963295,AX,-0.0788761329500056,L1,-0.00198486599948634,L2,0.0...
GetData ===>> H2,-0.0532464734546692,H1,0.101572026675245,AX,-0.062658438128439,L1,0.0406949181609102,L2,-0.017...
GetData ===>> H2,-0.275794332488474,H1,0.0665452352059283,AX,-0.136564885148846,L1,0.00570811810315564,L2,-0.03...
GetData ===>> H2,-0.243306036344999,H1,0.0593597112260149,AX,-0.0641423710134514,L1,-0.00272519158398151,L2,-0....
GetData ===>> H2,-0.237991131971765,H1,0.0331524361879111,AX,-0.133758725702644,L1,-0.0162763035415704,L2,0.034...
GetData ===>> H2,-0.212870924940587,H1,3.31998388115817E-05,AX,-0.0600151266212379,L1,0.00641114590785984,L2,-0...
GetData ===>> H2,-0.205524430238727,H1,0.0707350394929974,AX,-0.0146850753080507,L1,-0.0113878737831623,L2,-0.0...
GetData ===>> H2,-0.155916957514515,H1,0.0682999182297419,AX,-0.162593373702161,L1,-0.0106733616937012,L2,-0.06...
GetData ===>> H2,-0.145409054037807,H1,0.045563041057828,AX,-0.133851492598002,L1,-0.00207845959771846,L2,0.035...
GetData ===>> H2,-0.136933833746582,H1,0.0809960477970552,AX,-0.0281158256717881,L1,0.0246049433310705,L2,0.001...
GetData ===>> H2,-0.187460902786874,H1,0.0345008216467992,AX,-0.0236391148087717,L1,0.00809213312338544,L2,0.00...
22:47:44 -- collecting point 50
GetData ===>> H2,-0.251388360347122,H1,-0.0909167271063492,AX,-0.0622874513713165,L1,0.00360232757834966,L2,-0....
GetData ===>> H2,-0.329649671574248,H1,0.0460881390308867,AX,-0.0436435454208939,L1,0.0211980874963853,L2,-0.06...
GetData ===>> H2,-0.251030643504052,H1,0.0388563500747676,AX,-0.100561191921415,L1,0.0114105364217464,L2,-0.064...
GetData ===>> H2,-0.180771488773903,H1,0.0175936204954709,AX,0.00316746938314157,L1,0.000678116341732584,L2,0.0...
GetData ===>> H2,-0.223163871968205,H1,0.0363026748113839,AX,-0.0812523372397301,L1,0.00846532393525785,L2,0.09...
GetData ===>> H2,-0.265864051111686,H1,0.0175578284618229,AX,-0.0765578289370807,L1,0.00804893507969533,L2,-0.1...
GetData ===>> H2,-0.196183870236171,H1,0.0573664761658989,AX,-0.13435011314487,L1,-0.00170647989863214,L2,0.057...
GetData ===>> H2,-0.174670816492223,H1,0.0726237291736932,AX,0.0622474051420838,L1,-0.0111541044376077,L2,-0.07...
set states for children of I. state=True
set states for children of Q. state=False
handle state [('I', True), ('Q', False)]
update switch state I True args=() kw={'refresh': True} ncanvase=2
update switch state Q False args=() kw={'refresh': False} ncanvase=2
refresh_canvas_needed fired
GetData ===>> H2,-0.182640174253752,H1,0.0366725956983728,AX,0.0126228722368378,L1,-0.0142238426222934,L2,-0.17...
GetData ===>> H2,-0.129973899531874,H1,0.0291073887699113,AX,-0.122079211394454,L1,-0.0202802930361955,L2,-0.09...
set states for children of B. state=False
set states for children of D. state=False
handle state [('B', False), ('D', False)]
update switch state B False args=() kw={'refresh': True} ncanvase=2
update switch state D False args=() kw={'refresh': False} ncanvase=2
refresh_canvas_needed fired
GetData ===>> H2,-0.142571621384778,H1,0.0935677666951353,AX,0.0320934530667549,L1,-0.00871298835816007,L2,0.05...
measurement finished
estimated time: 62.915 actual time: :63.210
flush and close file /Users/jan/PychronDev/data/isotopes/b1/7884d3-0399-441d-af62-2c647db7dde7.h5
activate_detectors ('H1', 'AX', 'CDD') {'peak_center': True}
peak_center () {'detector': 'H1', 'integration_time': 0.262144, 'isotope': 'Ar40'}
peak center: mean=2244.75097641 threshold=3
peak center started
setup peak center. detector=['H1', 'AX', 'CDD'], isotope=Ar40
VersionedUnpickler [<apptools.sweet_pickle.versioned_unpickler.VersionedUnpickler object at 0x1b067b590>] using Updater [<apptools.sweet_pickle.updater.Updater object at 0x134a15590>]
VersionedUnpickler [<apptools.sweet_pickle.versioned_unpickler.VersionedUnpickler object at 0x1b067b590>] using Updater [<apptools.sweet_pickle.updater.Updater object at 0x134a15590>]
VersionedUnpickler [<apptools.sweet_pickle.versioned_unpickler.VersionedUnpickler object at 0x19e16a170>] using Updater [<apptools.sweet_pickle.updater.Updater object at 0x134a15590>]
setting integration time = 0.524288
SetIntegrationTime 0.524288 ===>> OK
Mapping mass to dac mass func: "parabolic"
H1 map mass coeffs = [-0.00063987  0.15840543  0.57105999]
H1 map mass to dac 39.9624 >> 5.87945
GetDeflection H1 ===>> 0
GetHighVoltage ===>> 4500
do peak center. <pychron.spectrometer.jobs.peak_center.PeakCenter object at 0x134a156b0>
doing pc
starting peak center. center dac= 5.87945 step_width=0.001
width = 0.001
get scan parameters. half-width=0.015,window=0.015, i=0, scalar=1
Scan parameters center=5.87945 width=0.03000 (5.86445 - 5.89445)
GetData ===>> H2,-0.119270021036378,H1,-0.0707379391295724,AX,-0.136808391035644,L1,-0.0293831667727126,L2,-0.0...
Moving to starting dac 5.86445
setting magnet DAC
current  : 5.240106
requested: 5.864450
Delta Dac: 0.624344
Checking detector protection. dv=0.62434
Checking detector "CDD". Protection Threshold: 0.1 (V)
ProtectDetector CDD,On ===>> OK
GetDeflection CDD ===>> 2000
Protected = 2000
SetMagnetDAC 5.86445 ===>> OK
Magnet settling time: 0.500
GetMagnetMoving ===>> True
set states for children of Y. state=True
handle state [('Y', True)]
update switch state Y True args=() kw={'refresh': False} ncanvase=2
refresh_canvas_needed fired
GetMagnetMoving ===>> True
GetMagnetMoving ===>> True
GetMagnetMoving ===>> True
GetMagnetMoving ===>> True
GetMagnetMoving ===>> True
GetMagnetMoving ===>> True
GetMagnetMoving ===>> True
GetMagnetMoving ===>> False
ProtectDetector CDD,Off ===>> OK
GetDeflection CDD ===>> 50
Wait until signal near baseline. tol= -0.0530534543472. timeout= 10
GetData ===>> H2,8.62030262205802,H1,2.68834633841595,AX,-0.0319776931790941,L1,0.0575379181511535,L2,-0.017625...
GetData ===>> H2,119.460568942628,H1,49.9488058886021,AX,3.38330483332323,L1,0.0563476992164102,L2,-0.043829080...
GetData ===>> H2,121.7325920487,H1,64.5963913395388,AX,6.29945813437465,L1,0.0307562489107325,L2,-0.25234251085...
GetData ===>> H2,64.4858600972919,H1,31.3397177014828,AX,2.92145985102635,L1,0.00135027365612882,L2,-0.11397158...
GetData ===>> H2,26.4396722077543,H1,16.2791153512349,AX,1.37233685800592,L1,-0.0170146816324216,L2,-0.06208337...
GetData ===>> H2,8.78867541744533,H1,8.99201726691488,AX,0.673934511349319,L1,-0.0378655691098781,L2,-0.0914604...
GetData ===>> H2,2.46659192133028,H1,5.56923099822966,AX,0.338842998248272,L1,-0.0289242609796263,L2,0.11931679...
GetData ===>> H2,0.676024710780263,H1,3.78295789110215,AX,0.267365212054482,L1,0.00289880675789336,L2,-0.049383...
GetData ===>> H2,0.399148057006134,H1,2.94423347770756,AX,0.17185684711764,L1,0.0196655501156878,L2,-0.06149164...
GetData ===>> H2,0.525925539667266,H1,2.53163732948705,AX,0.126978207872626,L1,0.013582617110786,L2,-0.04817674...
GetData ===>> H2,0.558868093531467,H1,2.24062956748334,AX,0.0561422004655784,L1,0.0240086342832868,L2,0.0327995...
GetData ===>> H2,0.541293372538104,H1,2.15473170313445,AX,0.0809150364163733,L1,-0.0122953269202186,L2,-0.09794...
GetData ===>> H2,0.496549916193988,H1,2.18770323187865,AX,0.170511346986364,L1,-0.0168589231224917,L2,-0.081380...
GetData ===>> H2,0.475425119722805,H1,2.07774357938992,AX,0.239666273653994,L1,0.000111618588036163,L2,-0.07473...
GetData ===>> H2,0.372642806836958,H1,2.03214684205675,AX,0.235627019143787,L1,0.0114598539830855,L2,0.03459931...
GetData ===>> H2,0.3361420666656,H1,2.03840494455767,AX,0.14550698496508,L1,0.00410178515424274,L2,0.0117291083...
GetData ===>> H2,0.33848910568579,H1,2.05388337692567,AX,0.00913064716369148,L1,0.0013430717328568,L2,0.1210041...
GetData ===>> H2,0.35135524279771,H1,2.08561795922957,AX,0.00425798432922221,L1,0.0212426727781936,L2,0.1025360...
GetData ===>> H2,0.278511360117038,H1,2.06881039227438,AX,0.0461708572305614,L1,0.0181270730893418,L2,0.0776894...
GetData ===>> H2,0.140787240647273,H1,2.02357868374017,AX,0.0805905619120774,L1,0.0143670732502087,L2,-0.249315...
GetData ===>> H2,0.107528479082818,H1,2.02815148688036,AX,0.0749819591996206,L1,0.0100257428881193,L2,-0.040596...
Peak center failed to move to a baseline position
_do_sweep sm= 5.86445, em= 5.89445, stm= 0.001
calculated step values: start=5.86445, end=5.89445, width=0.001, nsteps=31.0
setting magnet DAC
current  : 5.864450
requested: 5.864450
Delta Dac: 0.000000
Checking detector protection. dv=0.00000
Checking detector "CDD". Protection Threshold: 0.1 (V)
SetMagnetDAC 5.86445 ===>> OK
GetData ===>> H2,0.107528479082818,H1,2.02815148688036,AX,0.0749819591996206,L1,0.0100257428881193,L2,-0.040596...
setting magnet DAC
current  : 5.864450
requested: 5.865484
Delta Dac: 0.001034
Checking detector protection. dv=0.00103
Checking detector "CDD". Protection Threshold: 0.1 (V)
SetMagnetDAC 5.86548448276 ===>> OK
Magnet settling time: 1.049
GetData ===>> H2,0.101563557832233,H1,4.58308651870898,AX,0.418419872746262,L1,0.00933753797614342,L2,-0.066248...
setting magnet DAC
current  : 5.865484
requested: 5.866519
Delta Dac: 0.001034
Checking detector protection. dv=0.00103
Checking detector "CDD". Protection Threshold: 0.1 (V)
SetMagnetDAC 5.86651896552 ===>> OK
Magnet settling time: 1.049
GetData ===>> H2,0.188868322172209,H1,15.2270298725084,AX,1.46462160214764,L1,-0.0414253961900719,L2,-0.0116821...
setting magnet DAC
current  : 5.866519
requested: 5.867553
Delta Dac: 0.001034
Checking detector protection. dv=0.00103
Checking detector "CDD". Protection Threshold: 0.1 (V)
SetMagnetDAC 5.86755344828 ===>> OK
Magnet settling time: 1.049
GetData ===>> H2,0.142782549460881,H1,56.1184451540033,AX,4.36829981351331,L1,0.0537922081123545,L2,-0.10479208...
setting magnet DAC
current  : 5.867553
requested: 5.868588
Delta Dac: 0.001034
Checking detector protection. dv=0.00103
Checking detector "CDD". Protection Threshold: 0.1 (V)
SetMagnetDAC 5.86858793103 ===>> OK
Magnet settling time: 1.049
set states for children of Y. state=False
handle state [('Y', False)]
update switch state Y False args=() kw={'refresh': False} ncanvase=2
refresh_canvas_needed fired
GetData ===>> H2,-0.00420607276828522,H1,191.051981314953,AX,15.101708721788,L1,0.120961771094135,L2,-0.0199247...
setting magnet DAC
current  : 5.868588
requested: 5.869622
Delta Dac: 0.001034
Checking detector protection. dv=0.00103
Checking detector "CDD". Protection Threshold: 0.1 (V)
SetMagnetDAC 5.86962241379 ===>> OK
Magnet settling time: 1.049
State checksums do not match. Local:611344307 Remote:378530779
State checksum failed
GetData ===>> H2,0.088399997141224,H1,517.199341573478,AX,44.3948795389067,L1,0.216469113393845,L2,-0.083633521...
setting magnet DAC
current  : 5.869622
requested: 5.870657
Delta Dac: 0.001034
Checking detector protection. dv=0.00103
Checking detector "CDD". Protection Threshold: 0.1 (V)
SetMagnetDAC 5.87065689655 ===>> OK
Magnet settling time: 1.049
set states for children of Z. state=True
handle state [('Z', True)]
update switch state Z True args=() kw={'refresh': False} ncanvase=2
refresh_canvas_needed fired
GetData ===>> H2,0.162120951738191,H1,1030.59226173215,AX,98.9555727596621,L1,0.573857747933112,L2,0.1114960314...
setting magnet DAC
current  : 5.870657
requested: 5.871691
Delta Dac: 0.001034
Checking detector protection. dv=0.00103
Checking detector "CDD". Protection Threshold: 0.1 (V)
SetMagnetDAC 5.87169137931 ===>> OK
Magnet settling time: 1.049
GetData ===>> H2,0.0629787448311651,H1,1550.0874872943,AX,163.240493189107,L1,1.18872348147184,L2,0.15279596859...
setting magnet DAC
current  : 5.871691
requested: 5.872726
Delta Dac: 0.001034
Checking detector protection. dv=0.00103
Checking detector "CDD". Protection Threshold: 0.1 (V)
SetMagnetDAC 5.87272586207 ===>> OK
Magnet settling time: 1.049
GetData ===>> H2,-0.112545865603352,H1,1903.21755284591,AX,215.506904183096,L1,1.78730037225269,L2,0.1666198060...
setting magnet DAC
current  : 5.872726
requested: 5.873760
Delta Dac: 0.001034
Checking detector protection. dv=0.00103
Checking detector "CDD". Protection Threshold: 0.1 (V)
SetMagnetDAC 5.87376034483 ===>> OK
Magnet settling time: 1.049
GetData ===>> H2,-0.0871227377815548,H1,2067.04064459875,AX,245.618763180931,L1,2.38024137676615,L2,0.366111246...
setting magnet DAC
current  : 5.873760
requested: 5.874795
Delta Dac: 0.001034
Checking detector protection. dv=0.00103
Checking detector "CDD". Protection Threshold: 0.1 (V)
SetMagnetDAC 5.87479482759 ===>> OK
Magnet settling time: 1.049
GetData ===>> H2,0.0267956021993751,H1,2121.69246442284,AX,257.503668297311,L1,2.71655893324814,L2,0.5040501357...
setting magnet DAC
current  : 5.874795
requested: 5.875829
Delta Dac: 0.001034
Checking detector protection. dv=0.00103
Checking detector "CDD". Protection Threshold: 0.1 (V)
SetMagnetDAC 5.87582931034 ===>> OK
Magnet settling time: 1.049
GetData ===>> H2,-0.0104848592209108,H1,2138.49443079554,AX,261.454983997027,L1,3.12296943991503,L2,0.617294083...
setting magnet DAC
current  : 5.875829
requested: 5.876864
Delta Dac: 0.001034
Checking detector protection. dv=0.00103
Checking detector "CDD". Protection Threshold: 0.1 (V)
SetMagnetDAC 5.8768637931 ===>> OK
Magnet settling time: 1.049
GetData ===>> H2,-0.0901960936412439,H1,2141.07055552132,AX,261.641920162348,L1,3.22487964302241,L2,0.585065511...
setting magnet DAC
current  : 5.876864
requested: 5.877898
Delta Dac: 0.001034
Checking detector protection. dv=0.00103
Checking detector "CDD". Protection Threshold: 0.1 (V)
SetMagnetDAC 5.87789827586 ===>> OK
Magnet settling time: 1.049
GetData ===>> H2,-0.0307021474744922,H1,2140.11091373811,AX,261.855214792036,L1,3.29345002371337,L2,0.618506583...
setting magnet DAC
current  : 5.877898
requested: 5.878933
Delta Dac: 0.001034
Checking detector protection. dv=0.00103
Checking detector "CDD". Protection Threshold: 0.1 (V)
SetMagnetDAC 5.87893275862 ===>> OK
Magnet settling time: 1.049
GetData ===>> H2,-0.0518764345116401,H1,2139.40759175774,AX,261.655189265105,L1,3.3367192471829,L2,0.5438177573...
setting magnet DAC
current  : 5.878933
requested: 5.879967
Delta Dac: 0.001034
Checking detector protection. dv=0.00103
Checking detector "CDD". Protection Threshold: 0.1 (V)
SetMagnetDAC 5.87996724138 ===>> OK
Magnet settling time: 1.049
GetData ===>> H2,-0.140922889770299,H1,2139.31562480443,AX,261.819322374456,L1,3.36136315969705,L2,0.5273144784...
setting magnet DAC
current  : 5.879967
requested: 5.881002
Delta Dac: 0.001034
Checking detector protection. dv=0.00103
Checking detector "CDD". Protection Threshold: 0.1 (V)
SetMagnetDAC 5.88100172414 ===>> OK
Magnet settling time: 1.049
GetData ===>> H2,0.0118965511735129,H1,2139.13687161373,AX,261.832754178973,L1,3.35051805728485,L2,0.5155901897...
setting magnet DAC
current  : 5.881002
requested: 5.882036
Delta Dac: 0.001034
Checking detector protection. dv=0.00103
Checking detector "CDD". Protection Threshold: 0.1 (V)
SetMagnetDAC 5.8820362069 ===>> OK
Magnet settling time: 1.049
GetData ===>> H2,-0.0225518304048239,H1,2137.13246640091,AX,261.551667237328,L1,3.31562914181214,L2,0.476725169...
setting magnet DAC
current  : 5.882036
requested: 5.883071
Delta Dac: 0.001034
Checking detector protection. dv=0.00103
Checking detector "CDD". Protection Threshold: 0.1 (V)
SetMagnetDAC 5.88307068966 ===>> OK
Magnet settling time: 1.049
GetData ===>> H2,-0.0340021923814727,H1,2133.05116540975,AX,260.271236394524,L1,3.31982001439124,L2,0.516641432...
setting magnet DAC
current  : 5.883071
requested: 5.884105
Delta Dac: 0.001034
Checking detector protection. dv=0.00103
Checking detector "CDD". Protection Threshold: 0.1 (V)
SetMagnetDAC 5.88410517241 ===>> OK
Magnet settling time: 1.049
set states for children of Z. state=False
handle state [('Z', False)]
update switch state Z False args=() kw={'refresh': False} ncanvase=2
refresh_canvas_needed fired
GetData ===>> H2,-0.0333015220123026,H1,2118.85423208922,AX,257.059191160461,L1,3.29234244774138,L2,0.427509614...
setting magnet DAC
current  : 5.884105
requested: 5.885140
Delta Dac: 0.001034
Checking detector protection. dv=0.00103
Checking detector "CDD". Protection Threshold: 0.1 (V)
SetMagnetDAC 5.88513965517 ===>> OK
Magnet settling time: 1.049
GetData ===>> H2,-0.0788001990151205,H1,2068.37314993284,AX,245.831633626672,L1,3.132099209138,L2,0.42582006233...
setting magnet DAC
current  : 5.885140
requested: 5.886174
Delta Dac: 0.001034
Checking detector protection. dv=0.00103
Checking detector "CDD". Protection Threshold: 0.1 (V)
SetMagnetDAC 5.88617413793 ===>> OK
Magnet settling time: 1.049
set states for children of C. state=False
handle state [('C', False)]
update switch state C False args=() kw={'refresh': False} ncanvase=2
refresh_canvas_needed fired
GetData ===>> H2,-0.155113071587313,H1,1920.67332967219,AX,215.928813373961,L1,2.8762592436075,L2,0.38361376195...
setting magnet DAC
current  : 5.886174
requested: 5.887209
Delta Dac: 0.001034
Checking detector protection. dv=0.00103
Checking detector "CDD". Protection Threshold: 0.1 (V)
SetMagnetDAC 5.88720862069 ===>> OK
Magnet settling time: 1.049
GetData ===>> H2,-0.225852022840623,H1,1598.55198708148,AX,163.653635207652,L1,2.36103770763767,L2,0.2462483735...
setting magnet DAC
current  : 5.887209
requested: 5.888243
Delta Dac: 0.001034
Checking detector protection. dv=0.00103
Checking detector "CDD". Protection Threshold: 0.1 (V)
SetMagnetDAC 5.88824310345 ===>> OK
Magnet settling time: 1.049
set states for children of P. state=False
handle state [('P', False)]
update switch state P False args=() kw={'refresh': False} ncanvase=2
refresh_canvas_needed fired
GetData ===>> H2,-0.292582371448798,H1,823.090294975441,AX,66.7461562103784,L1,1.34352663901172,L2,0.2366364830...
setting magnet DAC
current  : 5.888243
requested: 5.889278
Delta Dac: 0.001034
Checking detector protection. dv=0.00103
Checking detector "CDD". Protection Threshold: 0.1 (V)
SetMagnetDAC 5.88927758621 ===>> OK
Magnet settling time: 1.049
GetData ===>> H2,-0.371373236226883,H1,375.159623595083,AX,25.6616937222088,L1,0.816769173493122,L2,0.045557989...
setting magnet DAC
current  : 5.889278
requested: 5.890312
Delta Dac: 0.001034
Checking detector protection. dv=0.00103
Checking detector "CDD". Protection Threshold: 0.1 (V)
SetMagnetDAC 5.89031206897 ===>> OK
Magnet settling time: 1.049
GetData ===>> H2,-0.244196882378655,H1,134.189660229411,AX,7.47134218587122,L1,0.476167550138143,L2,0.074635327...
setting magnet DAC
current  : 5.890312
requested: 5.891347
Delta Dac: 0.001034
Checking detector protection. dv=0.00103
Checking detector "CDD". Protection Threshold: 0.1 (V)
SetMagnetDAC 5.89134655172 ===>> OK
Magnet settling time: 1.049
set states for children of Y. state=True
handle state [('Y', True)]
update switch state Y True args=() kw={'refresh': False} ncanvase=2
refresh_canvas_needed fired
GetData ===>> H2,-0.16923694760459,H1,39.4411003060163,AX,1.68470945621502,L1,0.260873219817991,L2,-0.069456938...
setting magnet DAC
current  : 5.891347
requested: 5.892381
Delta Dac: 0.001034
Checking detector protection. dv=0.00103
Checking detector "CDD". Protection Threshold: 0.1 (V)
SetMagnetDAC 5.89238103448 ===>> OK
Magnet settling time: 1.049
GetData ===>> H2,-0.198976869518453,H1,9.7935591812157,AX,0.060127675679662,L1,0.186063857723852,L2,-0.08577234...
setting magnet DAC
current  : 5.892381
requested: 5.893416
Delta Dac: 0.001034
Checking detector protection. dv=0.00103
Checking detector "CDD". Protection Threshold: 0.1 (V)
SetMagnetDAC 5.89341551724 ===>> OK
Magnet settling time: 1.049
GetData ===>> H2,-0.164388744398833,H1,2.07090516587176,AX,-0.054635534075925,L1,0.0854458726047084,L2,-0.16320...
setting magnet DAC
current  : 5.893416
requested: 5.894450
Delta Dac: 0.001034
Checking detector protection. dv=0.00103
Checking detector "CDD". Protection Threshold: 0.1 (V)
SetMagnetDAC 5.89445 ===>> OK
Magnet settling time: 1.049
GetData ===>> H2,-0.259395022418517,H1,0.276059178074362,AX,-0.166432794597348,L1,0.087775704261892,L2,-0.09430...
result of _do_sweep=True
result of _calculate_peak_center=([5.8718147294589169, 5.8795401803607206, 5.8872656312625242], [1592.194178477358, 2141.0417085739291, 1555.8161222862045], 5.8768948897795585, 2141.0417085739291)
Failed to find a valid peak. No peak greater than 1.0. max = 0.0273316177892
new center pos Detector(H1) (Ar40) @ 5.87954018036
GetHighVoltage ===>> 4500
GetDeflection H1 ===>> 0
dac uncorrected for HV and deflection 5.87954018036
update mftable H1 Ar40 5.87954018036 message=automated run peakcenter
get initial guess parabolic
get initial guess parabolic
get initial guess parabolic
get initial guess parabolic
get initial guess parabolic
get initial guess parabolic
dump mftable to /Users/jan/PychronDev/setupfiles/spectrometer/mftables/mftable.csv
add to repo msg=modified - automated run peakcenter
locally archiving mftable
setting magnet DAC
current  : 5.894450
requested: 5.879540
Delta Dac: 0.014910
Checking detector protection. dv=0.01491
Checking detector "CDD". Protection Threshold: 0.1 (V)
SetMagnetDAC 5.87954018036 ===>> OK
Magnet settling time: 0.500
sweep finished
setting integration time = 1.048576
SetIntegrationTime 1.048576 ===>> OK
Failed to find a valid peak. No peak greater than 1.0. max = 0.0273316177892
flush and close file /Users/jan/PychronDev/data/isotopes/b1/7884d3-0399-441d-af62-2c647db7dde7.h5
finished measure script
executed snippet estimated_duration=226.132928, duration=272.991605997
jan_unknown120_60.py completed successfully
Measurement Finished
22:48:42 -- ******* Measurement Finished *******
Post Measurement Started jan_pump_ms.py
22:48:42 -- ******* Post Measurement Started jan_pump_ms.py *******
testing...
no interpolation path defined
executed snippet estimated_duration=0, duration=2.50339508057e-05
Pumping spectrometer
open () {'name': 'O'}
opening name=O desc=---
checking ownership. requestor=129.138.12.150
check software interlocks O
interlocks []
actuate state mode=None-script, software_lock=False
doing actuation None-script open_channel True
Open O ===>> OK
GetIndicatorState O ===>> OK
change switch state (True, True)
update switch state O True args=() kw={} ncanvase=2
22:48:42 -- OPEN   VALVE-O (Jan Ion Pump)
---------------------------------------- open O () result=[(True, True)], time=0.10 sec
action=open, ok=True, locked=[False]
executed snippet estimated_duration=0, duration=0.350088119507
jan_pump_ms.py completed successfully
setting _ms_pumptime
Post Measurement Finished
22:48:42 -- ******* Post Measurement Finished *******
$$$$$$$$$$$$$$$$$$$$ state at run end measurement
state changed from measurement to success
post measurement save measured=True aborted=False
Set filtering
setting fod for Ar40= {'filter_outliers': True, 'std_devs': 2, 'iterations': 1}
setting fod for H1= {'filter_outliers': True, 'std_devs': 2, 'iterations': 1}
setting fod for PM41= {'filter_outliers': False, 'std_devs': 2, 'iterations': 1}
setting fod for H2= {'filter_outliers': True, 'std_devs': 2, 'iterations': 1}
setting fod for Ar36= {'filter_outliers': True, 'std_devs': 2, 'iterations': 1}
setting fod for CDD= {'filter_outliers': True, 'std_devs': 10, 'iterations': 1}
setting fod for Ar37= {'filter_outliers': True, 'std_devs': 2, 'iterations': 1}
setting fod for L2= {'filter_outliers': True, 'std_devs': 2, 'iterations': 1}
setting fod for Ar38= {'filter_outliers': True, 'std_devs': 2, 'iterations': 1}
setting fod for L1= {'filter_outliers': True, 'std_devs': 2, 'iterations': 1}
setting fod for Ar39= {'filter_outliers': True, 'std_devs': 2, 'iterations': 1}
setting fod for AX= {'filter_outliers': True, 'std_devs': 2, 'iterations': 1}
persistence save...
persistence save - db
post measurement save
7262907472 connecting to database sqlite:////Users/jan/PychronDev/.appdata/local_lab.db
connected to db sqlite:////Users/jan/PychronDev/.appdata/local_lab.db
create new session 7262907472
close session 7262907472
No database instance. Not saving post measurement to isotopedb database
$$$$$$$$$$$$$$$ auto_save_detector_ic=False
massspec enabled True
create new session 4979675504
MassSpec Database Version: 16.0
close session 4979675504
saving post measurement to secondary database
saving to massspec database 129.138.12.160/massspecdata
setting labnumber to 25326
setting aliquot to 4
setting step to 
setting uuid to b17884d3-0399-441d-af62-2c647db7dde7
setting irradpos to 25326
setting extract_device to Fusions CO2
setting tray to 
setting position to 184
setting power_requested to 5.0
setting extract_value to 5.0
setting duration to 30.0
setting duration_at_request to 30.0
setting first_stage_delay to 30.0
setting cleanup to 30.0
setting comment to K:15
setting irradiation to NM-288
setting level to K
setting irradiation_level to K
setting sample to FC-2
setting material to Sanidine
setting project to Irradiation-NM-288
setting mass_spectrometer to Jan
no attribute chron_dosages
no attribute production_ratios
no attribute interference_corrections
no attribute production_name
no attribute j
Reference Isotope=Ar40
Reference Detector=H1
%%%%%%%%%%%%%%%%%%%% Comment: K:15 %%%%%%%%%%%%%%%%%%%
adding isotope PM41 H2
add baseline dbdet= PM41. original det= H2
get baseline data PM41 H2
Get data baseline <pychron.processing.isotope.Baseline object at 0x1acbc12d0> len t=60
baseline PM41. v=-0.214612987734, e=0.00791285601305
get signal data PM41 H2
Get data signal PM41 0.22+/-0.06 len t=120
adding isotope Ar40 H1
add baseline dbdet= Ar40. original det= H1
get baseline data Ar40 H1
Get data baseline <pychron.processing.isotope.Baseline object at 0x1acbc14d0> len t=60
baseline Ar40. v=0.0274128691555, e=0.00652015057236
get signal data Ar40 H1
Get data signal Ar40 2360.53+/-0.13 len t=120
adding isotope Ar39 AX
add baseline dbdet= Ar39. original det= AX
get baseline data Ar39 AX
Get data baseline <pychron.processing.isotope.Baseline object at 0x1acbc1690> len t=60
baseline Ar39. v=-0.0725557791299, e=0.0066094405144
get signal data Ar39 AX
Get data signal Ar39 288.035+/-0.029 len t=120
adding isotope Ar38 L1
add baseline dbdet= Ar38. original det= L1
get baseline data Ar38 L1
Get data baseline <pychron.processing.isotope.Baseline object at 0x1acbc1850> len t=60
baseline Ar38. v=-0.0207644681076, e=0.00320902115464
get signal data Ar38 L1
Get data signal Ar38 3.705+/-0.006 len t=120
adding isotope Ar37 L2
add baseline dbdet= Ar37. original det= L2
get baseline data Ar37 L2
Get data baseline <pychron.processing.isotope.Baseline object at 0x1acbc1a10> len t=60
baseline Ar37. v=-0.0221758147102, e=0.00673038736585
get signal data Ar37 L2
Get data signal Ar37 0.608+/-0.011 len t=120
adding isotope Ar36 CDD
add baseline dbdet= Ar36. original det= CDD
get baseline data Ar36 CDD
Get data baseline <pychron.processing.isotope.Baseline object at 0x1acbc1bd0> len t=60
baseline Ar36. v=0.000468926059577, e=3.51755265456e-05
get signal data Ar36 CDD
Get data signal Ar36 0.01459+/-0.00030 len t=120
25326-04 added analysis time 0.546564102173s
analysis added to mass spec database
mass spec save time= 0.556
persistence save - dvc
================= post measurement started
create new session 4982376208
close session 4982376208
---------------- Experiment Queue saving disabled
DVC saving peakcenter
Failed to find a valid peak. No peak greater than 1.0. max = 0.0273316177892
Smart pull ahead: 0 behind: 0
Up-to-date with origin
add to repo msg=modified - ad8224ebc6dbfeb9f5997218dfa5fe690569839d.json
add to repo msg=modified - 26-04.json
add to repo msg=modified - 26-04.dat.json
add to repo msg=modified - 26-04.blan.json
add to repo msg=modified - 26-04.inte.json
add to repo msg=modified - 26-04.icfa.json
add to repo msg=modified - 26-04.base.json
not at valid file /Users/jan/PychronDev/data/.dvc/repositories/Load1788/253/tags/26-04.tags.json
add to repo msg=modified - 26-04.peak.json
add to repo msg=modified - 26-04.extr.json
not at valid file /Users/jan/PychronDev/data/.dvc/repositories/Load1788/253/monitor/26-04.moni.json
commit message=<COLLECTION>
add to repo msg=modified - 26-04.inte.json
add to repo msg=modified - 26-04.base.json
commit message=<ISOEVO> default collection fits
add to repo msg=modified - 26-04.blan.json
commit message=<BLANKS> preceding ba-01-J-2293
add to repo msg=modified - 26-04.icfa.json
commit message=<ICFactor> default
State checksums do not match. Local:1006475879 Remote:308250487
State checksum failed
push repository <pychron.git_archive.repo_manager.GitRepoManager object at 0x19f5cf170>
pushing to remote=origin, url=https://github.com
set states for children of Y. state=False
handle state [('Y', False)]
update switch state Y False args=() kw={'refresh': False} ncanvase=2
refresh_canvas_needed fired
set states for children of Z. state=True
handle state [('Z', True)]
update switch state Z True args=() kw={'refresh': False} ncanvase=2
refresh_canvas_needed fired
no changes to meta repo
create new session 4982376208
add association Load1788
get identifier "25326"
setting analysis irradiation position=<pychron.dvc.dvc_orm.IrradiationPositionTbl object at 0x1b0e98bd0>
close session 4982376208
================= post measurement finished
22:48:56 -- ******* Post Run Check *******
loading queue conditionals post_run_actions
loading system conditionals post_run_actions
loading conditionals from /Users/jan/PychronDev/setupfiles/spectrometer/default_conditionals.yaml
loading queue conditionals post_run_terminations
loading system conditionals post_run_terminations
loading conditionals from /Users/jan/PychronDev/setupfiles/spectrometer/default_conditionals.yaml
Checking default post run terminations n=1
GetDeflection CDD ===>> 50
testing CDD==2000
evaluate ot="CDD.deflection==2000" t="CDD==2000", ctx="{'CDD': 50.0}"
22:48:56 -- ******* Post Run Check Passed *******
22:48:56 -- Automated run 25326-04 success duration: 375.239 s
----------------- finish -----------------
----------------- stop -----------------
retroactive repository identifiers disabled
finish run. runs completed=84
update duration runid=25326-04, duration=375.239276886, md5=301e91d8
loading script "jan_unknown120_60.py"
loading script "jan_pump_ms.py"
loading script "jan_co2.py"
loading script "jan_pump_extraction_line.py"
testing...
no interpolation path defined
executed snippet estimated_duration=213.652928, duration=0.000245094299316
script duration name:unknown120_60 seconds:214.0
loading script "jan_unknown120_60.py"
loading script "jan_pump_ms.py"
loading script "jan_co2.py"
loading script "jan_pump_extraction_line.py"
testing...
no interpolation path defined
executed snippet estimated_duration=0, duration=2.47955322266e-05
loading script "jan_unknown120_60.py"
loading script "jan_pump_ms.py"
loading script "jan_co2.py"
loading script "jan_pump_extraction_line.py"
testing...
no interpolation path defined
calculate duration
testing...
no interpolation path defined
executed snippet estimated_duration=0, duration=5.29289245605e-05
calculate duration
testing...
no interpolation path defined
executed snippet estimated_duration=0, duration=8.89301300049e-05
executed snippet estimated_duration=0.0, duration=0.00211501121521
script duration name:co2 seconds:0.0
loading script "jan_unknown120_60.py"
loading script "jan_pump_ms.py"
loading script "jan_co2.py"
loading script "jan_pump_extraction_line.py"
testing...
no interpolation path defined
calculate duration
testing...
no interpolation path defined
executed snippet estimated_duration=4.0, duration=0.000198125839233
executed snippet estimated_duration=4.0, duration=0.00156116485596
Script duration 214.0
Run total estimated duration= 215.000
loading script "jan_unknown400_120.py"
loading script "jan_pump_ms.py"
loading script "jan_cocktail_x1.py"
loading script "jan_pump_extraction_line.py"
testing...
no interpolation path defined
executed snippet estimated_duration=556.052928, duration=0.000226020812988
script duration name:unknown400_120 seconds:556.0
pump_ms in script context. using previous estimated duration
loading script "jan_unknown400_120.py"
loading script "jan_pump_ms.py"
loading script "jan_cocktail_x1.py"
loading script "jan_pump_extraction_line.py"
testing...
no interpolation path defined
calculate duration
testing...
no interpolation path defined
executed snippet estimated_duration=0, duration=6.19888305664e-05
calculate duration
testing...
no interpolation path defined
executed snippet estimated_duration=0, duration=0.000152111053467
calculate duration
testing...
no interpolation path defined
executed snippet estimated_duration=32.0, duration=9.98973846436e-05
calculate duration
testing...
no interpolation path defined
executed snippet estimated_duration=34.0, duration=0.000123023986816
calculate duration
testing...
no interpolation path defined
executed snippet estimated_duration=4.0, duration=6.22272491455e-05
calculate duration
testing...
no interpolation path defined
executed snippet estimated_duration=38.0, duration=9.60826873779e-05
executed snippet estimated_duration=108.0, duration=0.00696611404419
script duration name:cocktail_x1 seconds:108.0
pump_extraction_line in script context. using previous estimated duration
Script duration 664.0
Run total estimated duration= 665.000
unknown120_60 in script context. using previous estimated duration
script duration name:unknown120_60 seconds:214.0
co2 in script context. using previous estimated duration
script duration name:co2 seconds:0.0
Script duration 214.0
Run total estimated duration= 215.000
script duration name:unknown120_60 seconds:214.0
script duration name:co2 seconds:0.0
Script duration 214.0
Run total estimated duration= 215.000
script duration name:unknown120_60 seconds:214.0
script duration name:co2 seconds:0.0
Script duration 214.0
Run total estimated duration= 215.000
script duration name:unknown120_60 seconds:214.0
script duration name:co2 seconds:0.0
Script duration 214.0
Run total estimated duration= 215.000
script duration name:unknown120_60 seconds:214.0
script duration name:co2 seconds:0.0
Script duration 214.0
Run total estimated duration= 215.000
unknown400_120 in script context. using previous estimated duration
script duration name:unknown400_120 seconds:556.0
script duration name:co2 seconds:0.0
Script duration 556.0
Run total estimated duration= 557.000
script duration name:unknown120_60 seconds:214.0
script duration name:co2 seconds:0.0
Script duration 214.0
Run total estimated duration= 215.000
script duration name:unknown120_60 seconds:214.0
script duration name:co2 seconds:0.0
Script duration 214.0
Run total estimated duration= 215.000
script duration name:unknown120_60 seconds:214.0
script duration name:co2 seconds:0.0
Script duration 214.0
Run total estimated duration= 215.000
script duration name:unknown120_60 seconds:214.0
script duration name:co2 seconds:0.0
Script duration 214.0
Run total estimated duration= 215.000
script duration name:unknown120_60 seconds:214.0
script duration name:co2 seconds:0.0
Script duration 214.0
Run total estimated duration= 215.000
script duration name:unknown120_60 seconds:214.0
cocktail_x1 in script context. using previous estimated duration
script duration name:cocktail_x1 seconds:108.0
Script duration 322.0
Run total estimated duration= 323.000
script duration name:unknown120_60 seconds:214.0
script duration name:co2 seconds:0.0
Script duration 214.0
Run total estimated duration= 215.000
script duration name:unknown120_60 seconds:214.0
script duration name:co2 seconds:0.0
Script duration 214.0
Run total estimated duration= 215.000
script duration name:unknown120_60 seconds:214.0
script duration name:co2 seconds:0.0
Script duration 214.0
Run total estimated duration= 215.000
script duration name:unknown120_60 seconds:214.0
script duration name:co2 seconds:0.0
Script duration 214.0
Run total estimated duration= 215.000
script duration name:unknown120_60 seconds:214.0
script duration name:co2 seconds:0.0
Script duration 214.0
Run total estimated duration= 215.000
script duration name:unknown400_120 seconds:556.0
script duration name:co2 seconds:0.0
Script duration 556.0
Run total estimated duration= 557.000
script duration name:unknown400_120 seconds:556.0
loading script "jan_unknown400_120.py"
loading script "jan_pump_ms.py"
loading script "jan_sniffair_x2.py"
loading script "jan_pump_extraction_line.py"
testing...
no interpolation path defined
calculate duration
testing...
no interpolation path defined
executed snippet estimated_duration=0, duration=4.31537628174e-05
calculate duration
testing...
no interpolation path defined
executed snippet estimated_duration=0, duration=6.98566436768e-05
calculate duration
testing...
no interpolation path defined
executed snippet estimated_duration=32.0, duration=9.48905944824e-05
calculate duration
testing...
no interpolation path defined
executed snippet estimated_duration=34.0, duration=7.29560852051e-05
calculate duration
testing...
no interpolation path defined
executed snippet estimated_duration=4.0, duration=4.6968460083e-05
calculate duration
testing...
no interpolation path defined
executed snippet estimated_duration=36.0, duration=6.50882720947e-05
calculate duration
testing...
no interpolation path defined
executed snippet estimated_duration=34.0, duration=7.20024108887e-05
calculate duration
testing...
no interpolation path defined
executed snippet estimated_duration=4.0, duration=5.81741333008e-05
calculate duration
testing...
no interpolation path defined
executed snippet estimated_duration=36.0, duration=0.000119924545288
calculate duration
testing...
no interpolation path defined
executed snippet estimated_duration=70.0, duration=0.000109910964966
executed snippet estimated_duration=250.0, duration=0.00880718231201
script duration name:sniffair_x2 seconds:250.0
Script duration 806.0
Run total estimated duration= 807.000
script duration name:unknown400_120 seconds:556.0
script duration name:cocktail_x1 seconds:108.0
Script duration 664.0
Run total estimated duration= 665.000
script duration name:unknown400_120 seconds:556.0
sniffair_x2 in script context. using previous estimated duration
script duration name:sniffair_x2 seconds:250.0
Script duration 806.0
Run total estimated duration= 807.000
loading script "jan_ic_peak_hop3.py"
loading script "jan_pump_ms.py"
loading script "jan_sniffair_x1.py"
loading script "jan_pump_extraction_line.py"
testing...
no interpolation path defined
executed snippet estimated_duration=133.8, duration=0.00767087936401
script duration name:ic_peak_hop3 seconds:134.0
loading script "jan_ic_peak_hop3.py"
loading script "jan_pump_ms.py"
loading script "jan_sniffair_x1.py"
loading script "jan_pump_extraction_line.py"
testing...
no interpolation path defined
calculate duration
testing...
no interpolation path defined
executed snippet estimated_duration=0, duration=4.2200088501e-05
calculate duration
testing...
no interpolation path defined
executed snippet estimated_duration=0, duration=8.29696655273e-05
calculate duration
testing...
no interpolation path defined
executed snippet estimated_duration=32.0, duration=8.39233398438e-05
calculate duration
testing...
no interpolation path defined
executed snippet estimated_duration=34.0, duration=9.41753387451e-05
calculate duration
testing...
no interpolation path defined
executed snippet estimated_duration=4.0, duration=5.48362731934e-05
calculate duration
testing...
no interpolation path defined
executed snippet estimated_duration=70.0, duration=8.89301300049e-05
executed snippet estimated_duration=140.0, duration=0.00603199005127
script duration name:sniffair_x1 seconds:140.0
Script duration 274.0
Run total estimated duration= 275.000
script duration name:unknown120_60 seconds:214.0
script duration name:co2 seconds:0.0
Script duration 214.0
Run total estimated duration= 215.000
script duration name:unknown120_60 seconds:214.0
script duration name:co2 seconds:0.0
Script duration 214.0
Run total estimated duration= 215.000
script duration name:unknown120_60 seconds:214.0
script duration name:co2 seconds:0.0
Script duration 214.0
Run total estimated duration= 215.000
script duration name:unknown120_60 seconds:214.0
script duration name:co2 seconds:0.0
Script duration 214.0
Run total estimated duration= 215.000
script duration name:unknown120_60 seconds:214.0
script duration name:co2 seconds:0.0
Script duration 214.0
Run total estimated duration= 215.000
script duration name:unknown120_60 seconds:214.0
script duration name:co2 seconds:0.0
Script duration 214.0
Run total estimated duration= 215.000
script duration name:unknown120_60 seconds:214.0
script duration name:co2 seconds:0.0
Script duration 214.0
Run total estimated duration= 215.000
script duration name:unknown120_60 seconds:214.0
script duration name:co2 seconds:0.0
Script duration 214.0
Run total estimated duration= 215.000
script duration name:unknown120_60 seconds:214.0
script duration name:co2 seconds:0.0
Script duration 214.0
Run total estimated duration= 215.000
script duration name:unknown120_60 seconds:214.0
script duration name:co2 seconds:0.0
Script duration 214.0
Run total estimated duration= 215.000
script duration name:unknown400_120 seconds:556.0
script duration name:co2 seconds:0.0
Script duration 556.0
Run total estimated duration= 557.000
script duration name:unknown120_60 seconds:214.0
script duration name:cocktail_x1 seconds:108.0
Script duration 322.0
Run total estimated duration= 323.000
script duration name:unknown120_60 seconds:214.0
script duration name:co2 seconds:0.0
Script duration 214.0
Run total estimated duration= 215.000
script duration name:unknown120_60 seconds:214.0
script duration name:co2 seconds:0.0
Script duration 214.0
Run total estimated duration= 215.000
script duration name:unknown120_60 seconds:214.0
script duration name:co2 seconds:0.0
Script duration 214.0
Run total estimated duration= 215.000
script duration name:unknown120_60 seconds:214.0
script duration name:co2 seconds:0.0
Script duration 214.0
Run total estimated duration= 215.000
script duration name:unknown400_120 seconds:556.0
script duration name:cocktail_x1 seconds:108.0
Script duration 664.0
Run total estimated duration= 665.000
script duration name:unknown120_60 seconds:214.0
script duration name:co2 seconds:0.0
Script duration 214.0
Run total estimated duration= 215.000
script duration name:unknown120_60 seconds:214.0
script duration name:co2 seconds:0.0
Script duration 214.0
Run total estimated duration= 215.000
script duration name:unknown120_60 seconds:214.0
script duration name:co2 seconds:0.0
Script duration 214.0
Run total estimated duration= 215.000
script duration name:unknown120_60 seconds:214.0
script duration name:co2 seconds:0.0
Script duration 214.0
Run total estimated duration= 215.000
script duration name:unknown120_60 seconds:214.0
script duration name:co2 seconds:0.0
Script duration 214.0
Run total estimated duration= 215.000
script duration name:unknown120_60 seconds:214.0
script duration name:co2 seconds:0.0
Script duration 214.0
Run total estimated duration= 215.000
script duration name:unknown400_120 seconds:556.0
script duration name:co2 seconds:0.0
Script duration 556.0
Run total estimated duration= 557.000
script duration name:unknown400_120 seconds:556.0
script duration name:sniffair_x2 seconds:250.0
Script duration 806.0
Run total estimated duration= 807.000
script duration name:unknown400_120 seconds:556.0
script duration name:sniffair_x2 seconds:250.0
Script duration 806.0
Run total estimated duration= 807.000
ic_peak_hop3 in script context. using previous estimated duration
script duration name:ic_peak_hop3 seconds:134.0
sniffair_x1 in script context. using previous estimated duration
script duration name:sniffair_x1 seconds:140.0
Script duration 274.0
Run total estimated duration= 275.000
script duration name:unknown120_60 seconds:214.0
script duration name:co2 seconds:0.0
Script duration 214.0
Run total estimated duration= 215.000
script duration name:unknown120_60 seconds:214.0
script duration name:co2 seconds:0.0
Script duration 214.0
Run total estimated duration= 215.000
nruns=53 before=5.0, run_dur=16817.0, btw=2340.0
write rem/ex queues
/Users/jan/PychronDev/experiments/rem/CurrentExperiment.rem.txt
/Users/jan/PychronDev/experiments/rem/CurrentExperiment.ex.txt
doing event level: 3
