do run
loading script "jan_unknown120_60.py"
loading script "jan_pump_ms.py"
loading script "jan_co2.py"
loading script "jan_pump_extraction_line.py"
testing...
no interpolation path defined
executed snippet estimated_duration=213.652928, duration=0.000315189361572
script duration name:unknown120_60 seconds:214.0
loading script "jan_unknown120_60.py"
loading script "jan_pump_ms.py"
loading script "jan_co2.py"
loading script "jan_pump_extraction_line.py"
testing...
no interpolation path defined
executed snippet estimated_duration=0, duration=2.50339508057e-05
loading script "jan_unknown120_60.py"
loading script "jan_pump_ms.py"
loading script "jan_co2.py"
loading script "jan_pump_extraction_line.py"
testing...
no interpolation path defined
calculate duration
testing...
no interpolation path defined
executed snippet estimated_duration=0, duration=5.69820404053e-05
calculate duration
testing...
no interpolation path defined
executed snippet estimated_duration=0, duration=9.29832458496e-05
executed snippet estimated_duration=0.0, duration=0.00289916992188
script duration name:co2 seconds:0.0
loading script "jan_unknown120_60.py"
loading script "jan_pump_ms.py"
loading script "jan_co2.py"
loading script "jan_pump_extraction_line.py"
testing...
no interpolation path defined
calculate duration
testing...
no interpolation path defined
executed snippet estimated_duration=4.0, duration=0.000141859054565
executed snippet estimated_duration=4.0, duration=0.00136113166809
Script duration 214.0
Run total estimated duration= 215.000
run duration: 0:03:35
doing event level: 2
22:28:37 -- Setting default integration. t=1.048576
setting integration time = 1.048576
SetIntegrationTime 1.048576 ===>> OK
----------------- start -----------------
**************** Experiment Type: Ar/Ar, Ar/Ar
create new session 4419362736
close session 4419362736
$$$$$ Clearing conditionals
adding conditionals 
Add queue conditionals
add default conditionals
adding default conditionals from /Users/jan/PychronDev/setupfiles/spectrometer/default_conditionals.yaml
Start automated run 25326-02
loading script "jan_unknown120_60.py"
loading script "jan_pump_ms.py"
loading script "jan_co2.py"
loading script "jan_pump_extraction_line.py"
%%%%%%%%%%%%%%%%%% setting automated run 25326-02
No value "sensitivity_multiplier" in metadata
$$$$$$$$$$$$$$$ auto_save_detector_ic=False
============================= Pre Extraction Check =============================
loading queue conditionals pre_run_terminations
loading system conditionals pre_run_terminations
loading conditionals from /Users/jan/PychronDev/setupfiles/spectrometer/default_conditionals.yaml
22:28:37 -- ******* Pre Extraction Check *******
Get a measurement from the spectrometer
GetData ===>> H2,-0.154546939555399,H1,-0.00799441750294323,AX,-0.0103005431085031,L1,-0.0179565183242849,L2,0....
Pre Extraction Termination data. keys=H2,H1,AX,L1,L2,CDD, signals=-0.15455,-0.00799,-0.01030,-0.01796,0.06040,0.00283
22:28:37 -- testing system defined conditionals
Checking default pre extraction terminations n=2
testing CDD
evaluate ot="CDD.inactive" t="CDD", ctx="{'CDD': False}"
GetDeflection CDD ===>> 50
testing CDD==2000
evaluate ot="CDD.deflection==2000" t="CDD==2000", ctx="{'CDD': 50.0}"
22:28:37 -- ******* Pre Extraction Check Passed *******
=================================================================================
22:28:37 -- stopping status monitor
stop 4976433200
Alive clients [4982646160]
22:28:37 -- starting status monitor
start 4976433200
Monitor already running
start extraction
do extraction
Analysis started at 22:28:37.565838
Extraction Started jan_co2.py
22:28:37 -- ******* Extraction Started jan_co2.py *******
state changed from not run to extraction
DO EXTRACTION <pychron.extraction_line.pyscript_runner.RemotePyScriptRunner object at 0x12b9a8890>
testing...
no interpolation path defined
calculate duration
testing...
no interpolation path defined
executed snippet estimated_duration=0, duration=4.79221343994e-05
calculate duration
testing...
no interpolation path defined
executed snippet estimated_duration=0, duration=0.000108003616333
executed snippet estimated_duration=100.0, duration=0.0023090839386
Jan CO2 laser analysis
doing GOSUB
testing...
no interpolation path defined
executed snippet estimated_duration=0, duration=4.10079956055e-05
Waiting for CO2 access
wait ('FelixCO2Flag', 0) {}
waiting for FelixCO2Flag = 0
Read FelixCO2Flag ===>> 0
finished waiting
CO2 free
wait ('CO2PumpTimeFlag', 0) {}
waiting for CO2PumpTimeFlag = 0
Read CO2PumpTimeFlag ===>> 0
finished waiting
acquire ('JanCO2Flag',) {'clear': True}
acquire JanCO2Flag
Set JanCO2Flag 1 ===>> OK
JanCO2Flag acquired
set extraction state False (0.75, 'red', 1.5)
CO2 acquired
executed snippet estimated_duration=0, duration=0.0211598873138
WaitForCO2Access.py completed successfully
gosub finished
doing GOSUB
testing...
no interpolation path defined
executed snippet estimated_duration=0, duration=9.29832458496e-05
Prepare for CO2 analysis
close () {'description': 'Jan Inlet'}
closing name=--- desc=Jan Inlet
checking ownership. requestor=129.138.12.150
check software interlocks R
interlocks []
actuate state mode=None-script, software_lock=False
doing actuation None-script close_channel False
Close R ===>> OK
GetIndicatorState R ===>> False
change switch state (True, True)
update switch state R False args=() kw={} ncanvase=2
22:28:38 -- CLOSE  VALVE-R (Jan Inlet)
---------------------------------------- close None (Jan Inlet) result=[(True, True)]
action=close, ok=True, locked=[False]
open () {'description': 'Jan Ion Pump'}
opening name=--- desc=Jan Ion Pump
checking ownership. requestor=129.138.12.150
check software interlocks O
interlocks []
actuate state mode=None-script, software_lock=False
doing actuation None-script open_channel False
Open O ===>> OK
GetIndicatorState O ===>> OK
change switch state (True, True)
update switch state O True args=() kw={} ncanvase=2
22:28:38 -- OPEN   VALVE-O (Jan Ion Pump)
---------------------------------------- open None (Jan Ion Pump) result=[(True, True)], time=0.10 sec
action=open, ok=True, locked=[False]
close () {'description': 'Microbone to Minibone'}
closing name=--- desc=Microbone to Minibone
checking ownership. requestor=129.138.12.150
check software interlocks L
interlocks []
actuate state mode=None-script, software_lock=False
doing actuation None-script close_channel False
Close L ===>> OK
GetIndicatorState L ===>> False
change switch state (True, True)
update switch state L False args=() kw={} ncanvase=2
22:28:39 -- CLOSE  VALVE-L (Microbone to Minibone)
---------------------------------------- close None (Microbone to Minibone) result=[(True, True)]
action=close, ok=True, locked=[False]
open () {'description': 'Microbone to Turbo'}
opening name=--- desc=Microbone to Turbo
checking ownership. requestor=129.138.12.150
check software interlocks U
interlocks []
actuate state mode=None-script, software_lock=False
doing actuation None-script open_channel False
Open U ===>> OK
GetIndicatorState U ===>> OK
change switch state (True, True)
update switch state U True args=() kw={} ncanvase=2
22:28:39 -- OPEN   VALVE-U (Microbone to Turbo)
---------------------------------------- open None (Microbone to Turbo) result=[(True, True)], time=0.13 sec
action=open, ok=True, locked=[False]
open () {'description': 'Microbone to Inlet Pipette'}
opening name=--- desc=Microbone to Inlet Pipette
checking ownership. requestor=129.138.12.150
check software interlocks S
interlocks []
actuate state mode=None-script, software_lock=False
doing actuation None-script open_channel False
Open S ===>> OK
GetIndicatorState S ===>> OK
change switch state (True, True)
update switch state S True args=() kw={} ncanvase=2
22:28:40 -- OPEN   VALVE-S (Microbone to Inlet Pipette)
---------------------------------------- open None (Microbone to Inlet Pipette) result=[(True, True)], time=0.43 sec
action=open, ok=True, locked=[False]
open () {'description': 'Microbone to Getter D-50'}
opening name=--- desc=Microbone to Getter D-50
checking ownership. requestor=129.138.12.150
check software interlocks K
interlocks []
actuate state mode=None-script, software_lock=False
doing actuation None-script open_channel False
Open K ===>> OK
GetIndicatorState K ===>> OK
change switch state (True, True)
update switch state K True args=() kw={} ncanvase=2
22:28:40 -- OPEN   VALVE-K (Microbone to Getter D-50)
---------------------------------------- open None (Microbone to Getter D-50) result=[(True, True)], time=0.42 sec
action=open, ok=True, locked=[False]
open () {'description': 'Microbone to Getter NP-10'}
opening name=--- desc=Microbone to Getter NP-10
checking ownership. requestor=129.138.12.150
check software interlocks M
interlocks []
actuate state mode=None-script, software_lock=False
doing actuation None-script open_channel False
Open M ===>> OK
GetIndicatorState M ===>> OK
change switch state (True, True)
update switch state M True args=() kw={} ncanvase=2
22:28:41 -- OPEN   VALVE-M (Microbone to Getter NP-10)
---------------------------------------- open None (Microbone to Getter NP-10) result=[(True, True)], time=0.14 sec
action=open, ok=True, locked=[False]
close () {'description': 'CO2 Laser to Felix'}
closing name=--- desc=CO2 Laser to Felix
checking ownership. requestor=129.138.12.150
check software interlocks F
interlocks []
actuate state mode=None-script, software_lock=True
VALVE-F(CO2 Laser to Felix) software locked
change switch state (True, False)
---------------------------------------- close None (CO2 Laser to Felix) result=[(True, False)]
action=close, ok=True, locked=[True]
open () {'description': 'CO2 Laser to Jan'}
opening name=--- desc=CO2 Laser to Jan
checking ownership. requestor=129.138.12.150
check software interlocks A
interlocks []
actuate state mode=None-script, software_lock=False
doing actuation None-script open_channel False
Open A ===>> OK
GetIndicatorState A ===>> OK
change switch state (True, True)
update switch state A True args=() kw={} ncanvase=2
22:28:41 -- OPEN   VALVE-A (CO2 Laser to Jan)
---------------------------------------- open None (CO2 Laser to Jan) result=[(True, True)], time=0.15 sec
action=open, ok=True, locked=[False]
open () {'description': 'Microbone to CO2 Laser'}
opening name=--- desc=Microbone to CO2 Laser
checking ownership. requestor=129.138.12.150
check software interlocks T
interlocks []
actuate state mode=None-script, software_lock=False
doing actuation None-script open_channel False
Open T ===>> OK
GetIndicatorState T ===>> OK
change switch state (True, True)
update switch state T True args=() kw={} ncanvase=2
22:28:42 -- OPEN   VALVE-T (Microbone to CO2 Laser)
---------------------------------------- open None (Microbone to CO2 Laser) result=[(True, True)], time=0.42 sec
action=open, ok=True, locked=[False]
executed snippet estimated_duration=0, duration=4.94864916801
PrepareForCO2Analysis.py completed successfully
gosub finished
set_motor ('beam', '1.25') {}
setting motor "beam" to 1.25
set motor beam to 1.25
SetMotor beam,1.25 ===>> OK
GetMotorMoving beam ===>> False
GetMotorMoving beam ===>> False
Block completed
move_to_position ('182',) {'autocenter': True}
FusionsCO2 move to position 182
sending GoToHole 182,True
GoToHole 182,True ===>> OK
GetDriveMoving ===>> OK
GetDriveMoving ===>> OK
GetDriveMoving ===>> OK
GetDriveMoving ===>> OK
GetDriveMoving ===>> OK
GetDriveMoving ===>> OK
GetDriveMoving ===>> False
GetDriveMoving ===>> False
Block completed
GetAutoCorrecting ===>> OK
GetAutoCorrecting ===>> OK
GetAutoCorrecting ===>> False
GetAutoCorrecting ===>> False
Block completed
update position
GetPosition ===>> 11.96340,-7.97560,1.00000
got position (11.9634, -7.9756, 1.0)
move to position succeeded
sleep (5,) {}
SLEEP 5.0
block started
WaitControl setup for 5.0  
Join finished
block finished. duration 5.02256608009
close () {'description': 'Microbone to Turbo'}
closing name=--- desc=Microbone to Turbo
checking ownership. requestor=129.138.12.150
check software interlocks U
interlocks []
actuate state mode=None-script, software_lock=False
doing actuation None-script close_channel True
Close U ===>> OK
set states for children of U. state=False
handle state [('U', False)]
update switch state U False args=() kw={'refresh': False} ncanvase=2
refresh_canvas_needed fired
GetIndicatorState U ===>> False
change switch state (True, True)
update switch state U False args=() kw={} ncanvase=2
22:28:53 -- CLOSE  VALVE-U (Microbone to Turbo)
---------------------------------------- close None (Microbone to Turbo) result=[(True, True)]
action=close, ok=True, locked=[False]
enable laser
enable () {}
set extraction state FusionsCO2 Enabled (False, 'red', 1.5)
enabling laser
Enable ===>> OK
begin interval
BEGIN INTERVAL Interval 1 waiting for 30.0
block started
WaitControl setup for 30.0  
set extract to 5.0
extract (5.0,) {}
GetPosition ===>> 11.96340,-7.97560,1.00000
set extraction state FusionsCO2 ON! 5.0(watts) (0.75, 'red', 1.5)
extract sample to 5.0 (watts)
set laser output
SetLaserOutput 5.0,watts ===>> OK
executing pattern triangle.lp
execute_pattern ('triangle.lp',) {}
executing pattern triangle.lp
IsPatterning ===>> OK
IsPatterning ===>> OK
IsPatterning ===>> OK
IsPatterning ===>> OK
IsPatterning ===>> OK
IsPatterning ===>> OK
IsPatterning ===>> OK
IsPatterning ===>> OK
IsPatterning ===>> OK
IsPatterning ===>> OK
IsPatterning ===>> OK
IsPatterning ===>> OK
IsPatterning ===>> OK
IsPatterning ===>> OK
IsPatterning ===>> OK
IsPatterning ===>> OK
IsPatterning ===>> OK
IsPatterning ===>> OK
IsPatterning ===>> OK
IsPatterning ===>> OK
IsPatterning ===>> OK
IsPatterning ===>> OK
IsPatterning ===>> OK
IsPatterning ===>> OK
IsPatterning ===>> OK
IsPatterning ===>> OK
IsPatterning ===>> False
IsPatterning ===>> False
Block completed
COMPLETE INTERVAL waiting for Interval 1 to complete
Join finished
block finished. duration 30.0872769356
Interval 1 finished
end_extract () {}
ending extraction. set laser power to 0
set laser power 0
SetLaserPower 0 ===>> OK
disable () {}
%%%%%%%%%%%%%%%%%%%%%%%%%%%%%%%%%%% disable
set extraction state False (0.75, 'red', 1.5)
disabling laser
Disable ===>> OK
sleep (30.0,) {}
SLEEP 30.0
block started
WaitControl setup for 30.0  
Join finished
block finished. duration 30.0861320496
executed snippet estimated_duration=166.5, duration=77.0628798008
jan_co2.py completed successfully
GetAchievedOutput ===>> No Response
Requested Output= 0.000
Achieved Output=  0.000
GetResponseBlob ===>> No Response
GetOutputBlob ===>> No Response
persistence save...
persistence save - db
AutomatedRunPersister post_extraction_save deprecated
persistence save - dvc
no extraction position for 182
create new session 4982376208
close session 4982376208
Extraction Finished
22:29:54 -- ******* Extraction Finished *******
no overlap. not waiting for min ms pumptime
22:29:54 -- Sending spectrometer configuration
======== Sending configuration ========
SetDeflection CDD,50.0 ===>> OK
SetDeflection H2,0.0 ===>> OK
SetDeflection H1,0.0 ===>> OK
SetDeflection L2,825.0 ===>> OK
SetDeflection L1,400.0 ===>> OK
SetDeflection AX,190.0 ===>> OK
SetZFocus 74.64 ===>> OK
SetZSymmetry -50.72 ===>> OK
SetExtractionLens 26.13 ===>> OK
SetIonRepeller -3.81 ===>> OK
SetElectronEnergy 75.08 ===>> OK
SetYSymmetry -2.81 ===>> OK
SetIonCounterVoltage 1590.0 ===>> OK
send trap current 200.0
GetParameter Trap Current Readback ===>> 198.482695477019
SetParameter Trap Current Set,200.0 ===>> OK
updating mftable name mftable
Using mftable located at /Users/jan/PychronDev/setupfiles/spectrometer/mftables/mftable.csv
============ MFtable ===========
Isotope  H2     H1     AX     L1     L2     CDD    
Ar40     5.8012 5.8794 5.9928 6.1412 6.2312 6.3694
Ar39     5.7005 5.7717 5.8852 6.0272 6.1164 6.2559
Ar36     5.3780 5.4407 5.5486 5.6861 5.7713 5.9070
================================
get initial guess parabolic
get initial guess parabolic
get initial guess parabolic
get initial guess parabolic
get initial guess parabolic
get initial guess parabolic
======== Configuration Finished ========
GetYSymmetry ===>> -2.81
GetZSymmetry ===>> -50.72
GetParameter Trap Current Readback ===>> 198.147042666178
GetHighVoltage ===>> 4500
start measurement
do measurement
L#=25326 analysis type=unknown
Measurement Started jan_unknown120_60.py
22:29:54 -- ******* Measurement Started jan_unknown120_60.py *******
state changed from extraction to measurement
setting spec, defl, and gains
GetExtractionLens ===>> 26.13
GetYSymmetry ===>> -2.81
GetZSymmetry ===>> -50.72
GetZFocus ===>> 74.64
GetDeflection H2 ===>> 0
GetDeflection H1 ===>> 0
GetDeflection AX ===>> 190
GetDeflection L1 ===>> 400
GetDeflection L2 ===>> 825
GetDeflection CDD ===>> 50
GetGain H2 ===>> 0.0113
GetGain H1 ===>> 0.1
GetGain AX ===>> 0.097049
GetGain L1 ===>> 0.010355
GetGain L2 ===>> 0.095649
GetGain CDD ===>> 0
pre measurement save
New frame /Users/jan/PychronDev/data/isotopes/0d/5d9dd8-4eda-4aa1-82ac-c07dda69f0a5.h5
flush and close file /Users/jan/PychronDev/data/isotopes/0d/5d9dd8-4eda-4aa1-82ac-c07dda69f0a5.h5
testing...
no interpolation path defined
executed snippet estimated_duration=226.132928, duration=0.000135898590088
unknown measurement script
activate_detectors ('H2', 'H1', 'AX', 'L1', 'L2', 'CDD') {}
activate detectors
*************** Set Analysis View Ar/Ar
create graphs
clearing graphs
clear isotope group
setting isotope det=H2, iso=PM41
setting isotope det=H1, iso=Ar40
setting isotope det=AX, iso=Ar39
setting isotope det=L1, iso=Ar38
setting isotope det=L2, iso=Ar37
setting isotope det=CDD, iso=Ar36
setting previous blanks
 - setting Ar40 blank 0.067+/-0.007
 - setting Ar36 blank 0.00454+/-0.00018
 - setting Ar37 blank 0.059+/-0.005
 - setting Ar38 blank 0.0125+/-0.0023
 - setting PM41 blank 0.04+/-0.07
 - setting Ar39 blank 0.033+/-0.008
load analysis view
position_magnet ('Ar40',) {'detector': 'H1'}
detector Detector(H1)
POSITION Ar40 H1
setting detector H2 to PM41 (40.9624)
setting detector H1 to Ar40 (39.9624)
setting detector AX to Ar39 (38.9624)
setting detector L1 to Ar38 (37.9624)
setting detector L2 to Ar37 (36.9624)
setting detector CDD to Ar36 (35.9624)
Mapping mass to dac mass func: "parabolic"
H1 map mass coeffs = [-0.00063987  0.15840543  0.57102999]
H1 map mass to dac 39.9624 >> 5.87942
GetDeflection H1 ===>> 0
GetHighVoltage ===>> 4500
positioning Ar40 (5.87942) on H1
setting magnet DAC
current  : 5.879424
requested: 5.879420
Delta Dac: 0.000004
Checking detector protection. dv=0.00000
Checking detector "CDD". Protection Threshold: 0.1 (V)
SetMagnetDAC 5.87942 ===>> OK
Magnet settling time: 0.500
equilibrate () {'delay': 3, 'inlet': 'R', 'outlet': 'O', 'eqtime': 12.0}
Equilibration Started
22:29:56 -- ******* Equilibration Started *******
checking ownership. requestor=129.138.12.150
check software interlocks O
interlocks []
actuate state mode=None-script, software_lock=False
doing actuation None-script close_channel True
Close O ===>> OK
GetIndicatorState O ===>> False
change switch state (True, True)
update switch state O False args=() kw={} ncanvase=2
22:29:56 -- CLOSE  VALVE-O (Jan Ion Pump)
waiting 3s before opening inlet value ('R',)
update labels <pychron.experiment.plot_panel.PlotPanel object at 0x19f4a6710>
update labels "<pychron.graph.stacked_regression_graph.StackedRegressionGraph object at 0x1a21e6110>"
setting label 0 H2 PM41
setting label 1 H1 Ar40
setting label 2 AX Ar39
setting label 3 L1 Ar38
setting label 4 L2 Ar37
setting label 5 CDD Ar36
update labels "<pychron.graph.stacked_graph.StackedGraph object at 0x1a2d89ad0>"
setting label 0 H2 PM41
setting label 1 H1 Ar40
setting label 2 AX Ar39
setting label 3 L1 Ar38
setting label 4 L2 Ar37
setting label 5 CDD Ar36
checking ownership. requestor=129.138.12.150
check software interlocks R
interlocks []
actuate state mode=None-script, software_lock=False
doing actuation None-script open_channel True
Open R ===>> OK
GetIndicatorState R ===>> OK
change switch state (True, True)
update switch state R True args=() kw={} ncanvase=2
22:30:00 -- OPEN   VALVE-R (Jan Inlet)
equilibrating for 12.0sec
set_time_zero () {}
sniff (12.0,) {}
py_sniff
build tables- sniff [Detector(H2), Detector(H1), Detector(AX), Detector(L1), Detector(L2), Detector(CDD)]
add group /sniff/PM41 (Group) '' table H2
add group /sniff/Ar40 (Group) '' table H1
add group /sniff/Ar39 (Group) '' table AX
add group /sniff/Ar38 (Group) '' table L1
add group /sniff/Ar37 (Group) '' table L2
add group /sniff/Ar36 (Group) '' table CDD
flush and close file /Users/jan/PychronDev/data/isotopes/0d/5d9dd8-4eda-4aa1-82ac-c07dda69f0a5.h5
measuring sniff. ncounts=12.0
"sniff" increment series count="1" fit count="0" regressing="False"
starting measurement
GetData ===>> H2,0.136358565607944,H1,190.789130978975,AX,25.7578553794714,L1,0.0642007274442585,L2,0.265940782...
GetData ===>> H2,1.03735094378551,H1,1237.35178465238,AX,159.948562392576,L1,0.942075932063359,L2,0.68144270013...
GetData ===>> H2,0.455546545719321,H1,1738.90946893526,AX,217.693355373373,L1,1.87954328513123,L2,0.68146557089...
GetData ===>> H2,0.167313338864533,H1,1901.59421370045,AX,234.312852437496,L1,2.41154571376578,L2,0.69671014892...
GetData ===>> H2,0.0821761183207973,H1,1961.58417289171,AX,239.976082611905,L1,2.69636484831731,L2,0.7271150426...
GetData ===>> H2,-0.0389219661607423,H1,1985.75806607273,AX,242.476738390145,L1,2.86297926272038,L2,0.718740725...
GetData ===>> H2,-0.0484069644234185,H1,1996.30960567675,AX,243.343973573993,L1,2.98563579337736,L2,0.728316336...
GetData ===>> H2,-0.0779898349023488,H1,2001.62305093111,AX,243.79899914933,L1,3.04379126843085,L2,0.7293345880...
GetData ===>> H2,0.0290418569900182,H1,2002.84775044252,AX,243.858816240968,L1,3.09793758834302,L2,0.6951890132...
GetData ===>> H2,0.122827566052724,H1,2003.06460608086,AX,243.815881826397,L1,3.08358365765102,L2,0.74551364949...
GetData ===>> H2,-0.0252230497080948,H1,2003.11752873726,AX,243.985998141461,L1,3.10188447802432,L2,0.709760882...
Equilibration Finished
22:30:12 -- ******* Equilibration Finished *******
checking ownership. requestor=129.138.12.150
check software interlocks R
interlocks []
actuate state mode=None-script, software_lock=False
doing actuation None-script close_channel True
GetData ===>> H2,0.0210076997625001,H1,2002.70232381162,AX,244.15997361544,L1,3.14731290291101,L2,0.66931052676...
Close R ===>> OK
GetIndicatorState R ===>> False
change switch state (True, True)
update switch state R False args=() kw={} ncanvase=2
22:30:12 -- CLOSE  VALVE-R (Jan Inlet)
Post Equilibration Started jan_pump_extraction_line.py
22:30:12 -- ******* Post Equilibration Started jan_pump_extraction_line.py *******
testing...
no interpolation path defined
calculate duration
testing...
no interpolation path defined
executed snippet estimated_duration=4.0, duration=0.000144004821777
executed snippet estimated_duration=4.0, duration=0.00120997428894
Pump after analysis
doing GOSUB
testing...
no interpolation path defined
executed snippet estimated_duration=4.0, duration=0.000226020812988
Pump Microbone
close () {'description': 'Jan Inlet'}
closing name=--- desc=Jan Inlet
checking ownership. requestor=129.138.12.150
check software interlocks R
interlocks []
actuate state mode=None-script, software_lock=False
doing actuation None-script close_channel False
Close R ===>> OK
measurement finished
estimated time: 12.583 actual time: :12.705
flush and close file /Users/jan/PychronDev/data/isotopes/0d/5d9dd8-4eda-4aa1-82ac-c07dda69f0a5.h5
set_fits () {}
using default fits file=/Users/jan/PychronDev/scripts/measurement/fits/nominal_linear.yaml
set "Ar40" to "('Linear', 'SEM')"
No fit for "PM41". defaulting to linear. check the measurement script "jan_unknown120_60.py"
set "PM41" to "linear"
set "Ar36" to "('Linear', 'SEM')"
set "Ar37" to "('linear', 'SEM')"
set "Ar38" to "('linear', 'SEM')"
set "Ar39" to "('Linear', 'SEM')"
set_baseline_fits () {}
using default fits file=/Users/jan/PychronDev/scripts/measurement/fits/nominal_linear.yaml
set "H1" to "('average', 'SEM')"
set "H2" to "('average', 'SEM')"
set "CDD" to "('average', 'SEM')"
set "L2" to "('average', 'SEM')"
set "L1" to "('average', 'SEM')"
set "AX" to "('average', 'SEM')"
GetIndicatorState R ===>> False
multicollect () {'integration_time': 1, 'ncounts': 120}
change switch state (True, True)
update switch state R False args=() kw={} ncanvase=2
build tables- signal [Detector(H2), Detector(H1), Detector(AX), Detector(L1), Detector(L2), Detector(CDD)]
add group /signal/PM41 (Group) '' table H2
add group /signal/Ar40 (Group) '' table H1
22:30:13 -- CLOSE  VALVE-R (Jan Inlet)
add group /signal/Ar39 (Group) '' table AX
---------------------------------------- close None (Jan Inlet) result=[(True, True)]
add group /signal/Ar38 (Group) '' table L1
add group /signal/Ar37 (Group) '' table L2
add group /signal/Ar36 (Group) '' table CDD
flush and close file /Users/jan/PychronDev/data/isotopes/0d/5d9dd8-4eda-4aa1-82ac-c07dda69f0a5.h5
measuring signal. ncounts=120
action=close, ok=True, locked=[False]
is_closed ('F',) {}
is F () closed?
is closed True
open () {'description': 'CO2 Laser to Jan'}
opening name=--- desc=CO2 Laser to Jan
checking ownership. requestor=129.138.12.150
check software interlocks A
interlocks []
actuate state mode=None-script, software_lock=False
doing actuation None-script open_channel False
Open A ===>> OK
GetIndicatorState A ===>> OK
change switch state (True, True)
update switch state A True args=() kw={} ncanvase=2
22:30:13 -- OPEN   VALVE-A (CO2 Laser to Jan)
---------------------------------------- open None (CO2 Laser to Jan) result=[(True, True)], time=0.13 sec
starting measurement
GetData ===>> H2,0.0455852688387694,H1,2002.67540802515,AX,244.133899493099,L1,3.15166748921322,L2,0.5790167128...
"signal" increment series count="2" fit count="1" regressing="True"
action=open, ok=True, locked=[False]
sleep (1,) {}
SLEEP 1.0
GetData ===>> H2,0.20060199725707,H1,2003.32690903818,AX,244.025451844576,L1,3.20504945662095,L2,0.685124963701...
close () {'description': 'CO2 Laser to Roughing'}
closing name=--- desc=CO2 Laser to Roughing
checking ownership. requestor=129.138.12.150
check software interlocks G
interlocks []
actuate state mode=None-script, software_lock=True
VALVE-G(CO2 Laser to Roughing) software locked
change switch state (True, False)
---------------------------------------- close None (CO2 Laser to Roughing) result=[(True, False)]
action=close, ok=True, locked=[True]
open () {'description': 'Microbone to Turbo'}
opening name=--- desc=Microbone to Turbo
checking ownership. requestor=129.138.12.150
check software interlocks U
interlocks []
actuate state mode=None-script, software_lock=False
doing actuation None-script open_channel True
Open U ===>> OK
GetIndicatorState U ===>> OK
change switch state (True, True)
update switch state U True args=() kw={} ncanvase=2
22:30:15 -- OPEN   VALVE-U (Microbone to Turbo)
---------------------------------------- open None (Microbone to Turbo) result=[(True, True)], time=0.19 sec
action=open, ok=True, locked=[False]
open () {'description': 'Microbone to Getter NP-10'}
opening name=--- desc=Microbone to Getter NP-10
checking ownership. requestor=129.138.12.150
check software interlocks M
interlocks []
actuate state mode=None-script, software_lock=False
doing actuation None-script open_channel False
Open M ===>> OK
GetIndicatorState M ===>> OK
change switch state (True, True)
update switch state M True args=() kw={} ncanvase=2
22:30:15 -- OPEN   VALVE-M (Microbone to Getter NP-10)
---------------------------------------- open None (Microbone to Getter NP-10) result=[(True, True)], time=0.14 sec
action=open, ok=True, locked=[False]
open () {'description': 'Microbone to Getter D-50'}
opening name=--- desc=Microbone to Getter D-50
checking ownership. requestor=129.138.12.150
check software interlocks K
interlocks []
actuate state mode=None-script, software_lock=False
doing actuation None-script open_channel False
GetData ===>> H2,-0.0248873982414595,H1,2002.21415356746,AX,243.9782333839,L1,3.20393528154728,L2,0.68696614845...
Open K ===>> OK
GetIndicatorState K ===>> OK
change switch state (True, True)
update switch state K True args=() kw={} ncanvase=2
22:30:16 -- OPEN   VALVE-K (Microbone to Getter D-50)
---------------------------------------- open None (Microbone to Getter D-50) result=[(True, True)], time=0.42 sec
action=open, ok=True, locked=[False]
open () {'description': 'Microbone to CO2 Laser'}
opening name=--- desc=Microbone to CO2 Laser
checking ownership. requestor=129.138.12.150
check software interlocks T
interlocks []
actuate state mode=None-script, software_lock=False
doing actuation None-script open_channel False
Open T ===>> OK
GetIndicatorState T ===>> OK
change switch state (True, True)
update switch state T True args=() kw={} ncanvase=2
22:30:17 -- OPEN   VALVE-T (Microbone to CO2 Laser)
---------------------------------------- open None (Microbone to CO2 Laser) result=[(True, True)], time=0.43 sec
GetData ===>> H2,-0.0192071045979555,H1,2000.58490815421,AX,244.076191768319,L1,3.17330786191974,L2,0.771034966...
action=open, ok=True, locked=[False]
open () {'description': 'Microbone to Inlet Pipette'}
opening name=--- desc=Microbone to Inlet Pipette
checking ownership. requestor=129.138.12.150
check software interlocks S
interlocks []
actuate state mode=None-script, software_lock=False
doing actuation None-script open_channel False
Open S ===>> OK
GetIndicatorState S ===>> OK
change switch state (True, True)
update switch state S True args=() kw={} ncanvase=2
22:30:17 -- OPEN   VALVE-S (Microbone to Inlet Pipette)
---------------------------------------- open None (Microbone to Inlet Pipette) result=[(True, True)], time=0.41 sec
action=open, ok=True, locked=[False]
sleep (1,) {}
SLEEP 1.0
GetData ===>> H2,-0.017885376678002,H1,1999.51777552276,AX,243.705383996486,L1,3.20109858613693,L2,0.6953033835...
set_resource () {'name': 'CO2PumpTimeFlag', 'value': 30}
Set CO2PumpTimeFlag 30 ===>> OK
release ('JanCO2Flag',) {}
release JanCO2Flag
Set JanCO2Flag 0 ===>> OK
executed snippet estimated_duration=6.0, duration=6.00915002823
PumpMicrobone.py completed successfully
gosub finished
get_resource_value () {'name': 'JanMiniboneFlag'}
Read JanMiniboneFlag ===>> 0
Get Resource Value JanMiniboneFlag=0.0
get resource value 0.0
get_resource_value () {'name': 'JanMiniboneFlag'}
Read JanMiniboneFlag ===>> 0
Get Resource Value JanMiniboneFlag=0.0
executed snippet estimated_duration=4.0, duration=6.02561593056
jan_pump_extraction_line.py completed successfully
Post Equilibration Finished
22:30:19 -- ******* Post Equilibration Finished *******
GetData ===>> H2,-0.139180633984818,H1,1999.20171819915,AX,243.739345241751,L1,3.20436522836092,L2,0.6710141984...
GetData ===>> H2,-0.155669717997528,H1,1998.64200328925,AX,243.577445221931,L1,3.1739523360679,L2,0.64265028981...
GetData ===>> H2,-0.117091771179892,H1,1997.8973226662,AX,243.504614807123,L1,3.19934877657032,L2,0.64048990032...
GetData ===>> H2,-0.090039494946615,H1,1996.82643753398,AX,243.330244881566,L1,3.16802562819331,L2,0.6780007119...
GetData ===>> H2,-0.087380010883105,H1,1995.45729712861,AX,243.290890586403,L1,3.12101471664565,L2,0.7335907671...
GetData ===>> H2,-0.0816319545810262,H1,1994.3636818164,AX,243.209069621335,L1,3.13056015195703,L2,0.6822088737...
GetData ===>> H2,-0.0668367227247352,H1,1993.99503426046,AX,243.261111117564,L1,3.13921586377756,L2,0.668510154...
GetData ===>> H2,-0.0184993947234169,H1,1993.88243579579,AX,243.090494360958,L1,3.15490084125213,L2,0.649611875...
GetData ===>> H2,0.0122707631869457,H1,1992.79821948829,AX,243.089555020695,L1,3.17381482674013,L2,0.6764570031...
GetData ===>> H2,-0.0483499529025377,H1,1991.9902269541,AX,242.842255486438,L1,3.1855833982382,L2,0.71203722136...
GetData ===>> H2,-0.144397117835806,H1,1990.94735128577,AX,242.626347611395,L1,3.14860149104993,L2,0.6883499192...
GetData ===>> H2,-0.0481544826642549,H1,1989.91105162832,AX,242.585047080873,L1,3.12320513796265,L2,0.738487894...
GetData ===>> H2,-0.00143178904340637,H1,1989.30650873961,AX,242.567122212277,L1,3.12438092661805,L2,0.60597053...
GetData ===>> H2,-0.0391323395861094,H1,1988.56853101668,AX,242.491250267978,L1,3.14833238766699,L2,0.681008156...
GetData ===>> H2,0.103882401797526,H1,1987.37202332353,AX,242.492292450683,L1,3.14751124465224,L2,0.61410276658...
GetData ===>> H2,0.0196064335043488,H1,1986.17445071824,AX,242.391822838703,L1,3.12656588631119,L2,0.6838327246...
GetData ===>> H2,-0.0869670170234165,H1,1986.35358474257,AX,242.233828143432,L1,3.13763317089736,L2,0.745136030...
GetData ===>> H2,-0.0867625456586622,H1,1985.62908656027,AX,242.123917167217,L1,3.11920723655961,L2,0.698174121...
GetData ===>> H2,-0.0258766584156838,H1,1984.34040483087,AX,242.038650420074,L1,3.14787880995769,L2,0.701056383...
22:30:39 -- collecting point 25
GetData ===>> H2,-0.0374641751970868,H1,1983.46123497067,AX,241.942785979121,L1,3.16954173424736,L2,0.728922709...
GetData ===>> H2,-0.116401679404749,H1,1983.21129286669,AX,242.020877694036,L1,3.12015113858561,L2,0.6512580387...
GetData ===>> H2,-0.188745993853105,H1,1982.48469120335,AX,241.571153561254,L1,3.11859741401953,L2,0.6882927382...
GetData ===>> H2,-0.0889581374945885,H1,1982.00048561685,AX,241.595750936084,L1,3.10755130466152,L2,0.698562993...
GetData ===>> H2,0.0159209940183129,H1,1981.42481962981,AX,241.383960876828,L1,3.08837644170073,L2,0.6556250804...
GetData ===>> H2,0.0286892318272012,H1,1979.66223753208,AX,241.216150019505,L1,3.08580674203121,L2,0.6212976788...
GetData ===>> H2,0.0417989909016343,H1,1979.16997312084,AX,241.230569248759,L1,3.09958819454967,L2,0.6471655465...
GetData ===>> H2,0.0190917347586276,H1,1978.5375915084,AX,241.275900635691,L1,3.10772576656594,L2,0.76380133029...
GetData ===>> H2,-0.0308990905442733,H1,1977.73247210129,AX,241.208745921123,L1,3.14848774556227,L2,0.669756451...
GetData ===>> H2,0.0245579291116116,H1,1977.134590142,AX,241.114878570979,L1,3.0869570582042,L2,0.6497490548639...
GetData ===>> H2,-0.01723872016283,H1,1975.601904375,AX,240.796959389021,L1,3.11143716382926,L2,0.7120829774809...
GetData ===>> H2,-0.1716494782099,H1,1974.59798116458,AX,240.889313000471,L1,3.09441698633921,L2,0.718900882828...
GetData ===>> H2,-0.154509106335369,H1,1974.27343229777,AX,240.854346445588,L1,3.08118248487608,L2,0.6397697813...
GetData ===>> H2,-0.0593939988222694,H1,1973.57439985829,AX,240.92762123932,L1,3.04470323633066,L2,0.6332318050...
GetData ===>> H2,0.00889241335101583,H1,1973.26474377848,AX,240.845390888643,L1,3.02815803765308,L2,0.786717345...
GetData ===>> H2,-0.106297586841574,H1,1972.20988191395,AX,240.607242829441,L1,3.058331180382,L2,0.733007247572...
GetData ===>> H2,-0.0459226262954956,H1,1971.3469136787,AX,240.586361932431,L1,3.13418139994095,L2,0.7796427872...
GetData ===>> H2,0.0285353871924811,H1,1970.12039416806,AX,240.399199523706,L1,3.08681595938284,L2,0.6676068853...
GetData ===>> H2,0.00791705488603254,H1,1969.43414541839,AX,239.973699998957,L1,3.08072029880862,L2,0.702257351...
GetData ===>> H2,-0.0263902788806199,H1,1969.06266001209,AX,240.028325375796,L1,3.11667113922945,L2,0.570635926...
GetData ===>> H2,-0.1411837231882,H1,1967.87815104438,AX,239.80548918462,L1,3.08363486962521,L2,0.6582774121582...
GetData ===>> H2,-0.0616001671246273,H1,1966.95374820343,AX,240.008923895041,L1,3.05195236998071,L2,0.624100294...
GetData ===>> H2,-0.0494942009509435,H1,1966.37900500789,AX,239.71056925788,L1,3.03783070019531,L2,0.7348836761...
GetData ===>> H2,-0.0530850087052319,H1,1966.22469655494,AX,239.69218918608,L1,3.05049082306551,L2,0.6071485787...
GetData ===>> H2,-0.039179842725213,H1,1965.10887848401,AX,239.658565446715,L1,3.08814539962373,L2,0.6245456724...
22:31:05 -- collecting point 50
GetData ===>> H2,-0.117240609005426,H1,1964.01882961694,AX,239.717507492185,L1,3.10256043076892,L2,0.6381352454...
GetData ===>> H2,-0.108893856148496,H1,1962.92099010326,AX,239.55604927216,L1,3.10787807671856,L2,0.72981511499...
GetData ===>> H2,-0.0980949442672154,H1,1962.47390816253,AX,239.408344142,L1,3.09106904332481,L2,0.631597380553...
GetData ===>> H2,-0.11429731712982,H1,1961.98458456511,AX,239.718517179084,L1,3.09265639332884,L2,0.59654669977...
GetData ===>> H2,-0.163301933170263,H1,1961.34241872625,AX,239.269539825179,L1,3.04336156296982,L2,0.6094589602...
GetData ===>> H2,-0.192917151735824,H1,1960.21310485952,AX,239.129490864189,L1,3.05970938684818,L2,0.6313345036...
GetData ===>> H2,-0.19082906866884,H1,1959.02200013768,AX,239.118865808339,L1,3.06650668731019,L2,0.71957583603...
GetData ===>> H2,-0.188763522942917,H1,1957.95738849128,AX,239.161576004147,L1,3.07353525723999,L2,0.6825633740...
GetData ===>> H2,-0.131570537237174,H1,1957.34017627644,AX,238.993703431337,L1,3.06035500226259,L2,0.6343862055...
GetData ===>> H2,0.0517576819699114,H1,1956.35824690239,AX,238.623826395521,L1,3.08813571532566,L2,0.6898595101...
GetData ===>> H2,-0.04554653444775,H1,1956.41429008496,AX,238.628681581793,L1,3.05931539937868,L2,0.54049172963...
GetData ===>> H2,-0.113018269781617,H1,1955.19897845751,AX,238.763143082784,L1,3.03991344259778,L2,0.7024403575...
GetData ===>> H2,-0.0202258036928548,H1,1953.55804983045,AX,238.548249308823,L1,3.03962200187506,L2,0.636272137...
GetData ===>> H2,-0.106982226141912,H1,1953.3674451021,AX,238.533405524612,L1,3.07047114006895,L2,0.69958092922...
GetData ===>> H2,-0.0633328009891861,H1,1953.20058816339,AX,238.528552473212,L1,3.0958497412334,L2,0.7434653714...
GetData ===>> H2,0.0135690337498258,H1,1951.92610125795,AX,238.598364274685,L1,3.08096661124938,L2,0.5919151785...
GetData ===>> H2,0.0101045858033735,H1,1950.78663077557,AX,238.405177015065,L1,3.05473783139433,L2,0.6203482398...
GetData ===>> H2,-0.0592787293515839,H1,1950.59590665509,AX,238.032130247354,L1,3.02406664027257,L2,0.730993560...
GetData ===>> H2,0.0986619059490528,H1,1949.56546842657,AX,237.687561024536,L1,3.05090385025923,L2,0.6479314466...
GetData ===>> H2,0.0599777473600221,H1,1948.10945077832,AX,237.891005968197,L1,3.07417002885989,L2,0.6213663133...
GetData ===>> H2,-0.0353748925842394,H1,1948.57247784081,AX,237.700265378783,L1,3.02820357287282,L2,0.635734928...
GetData ===>> H2,-0.0762144207517814,H1,1947.62893756519,AX,237.766154281097,L1,3.01078379239128,L2,0.753020561...
GetData ===>> H2,-0.0796945137890924,H1,1947.147130374,AX,237.510817699167,L1,3.02726392778335,L2,0.59405365564...
GetData ===>> H2,-0.220103395177794,H1,1946.14311475553,AX,237.498402368341,L1,3.05161390463561,L2,0.6073887643...
GetData ===>> H2,-0.196927029106919,H1,1945.32020854403,AX,237.462293780084,L1,3.03127692394749,L2,0.6567111556...
22:31:31 -- collecting point 75
GetData ===>> H2,-0.129164295008648,H1,1944.70071716422,AX,237.551493458414,L1,3.02917641350865,L2,0.6672067054...
GetData ===>> H2,-0.118912870821231,H1,1943.47318710528,AX,237.458250611987,L1,3.02502201408858,L2,0.6326031769...
GetData ===>> H2,0.0240407707169377,H1,1942.61154731771,AX,237.345886501627,L1,3.01386065717466,L2,0.5999890368...
GetData ===>> H2,0.0595726729888538,H1,1942.5609730228,AX,237.241572453689,L1,3.02102984810048,L2,0.68095097997...
GetData ===>> H2,-0.0314342152168534,H1,1941.76285048081,AX,237.234674880044,L1,3.03176691381427,L2,0.683638318...
GetData ===>> H2,-0.0503872589256837,H1,1940.621344704,AX,236.962871958157,L1,3.05904168964584,L2,0.63798665269...
GetData ===>> H2,-0.088612569253614,H1,1939.78228244393,AX,236.876088310119,L1,3.0237850133198,L2,0.68684035210...
GetData ===>> H2,-0.026792462878033,H1,1939.4845543488,AX,236.791431589123,L1,3.04741775495379,L2,0.65475622909...
GetData ===>> H2,0.0169079271617715,H1,1939.11153008955,AX,236.757950571501,L1,3.02691504669297,L2,0.5887704459...
GetData ===>> H2,-0.0484164663158195,H1,1937.61519897396,AX,236.646872993172,L1,3.06107116589128,L2,0.660438202...
GetData ===>> H2,-0.137966714150292,H1,1936.73086903949,AX,236.538296905247,L1,3.03929189540563,L2,0.7110191533...
GetData ===>> H2,-0.138081623041616,H1,1935.63168547695,AX,236.619812766315,L1,3.01860236747525,L2,0.7224930612...
GetData ===>> H2,0.00691185629639033,H1,1934.33206864088,AX,236.395740547743,L1,3.01481105099432,L2,0.630145852...
GetData ===>> H2,-0.00696201522689479,H1,1934.5573949685,AX,236.374571412832,L1,3.01557252584914,L2,0.744689755...
GetData ===>> H2,-0.179902478701587,H1,1934.20368213721,AX,236.27065701107,L1,3.01752886295138,L2,0.70801076834...
GetData ===>> H2,-0.150544352717878,H1,1932.4213152468,AX,236.156726736158,L1,3.02970909561766,L2,0.67299232494...
GetData ===>> H2,-0.0545503191692705,H1,1932.05982887685,AX,236.08559444036,L1,3.03711536177598,L2,0.5779647867...
GetData ===>> H2,-0.154519915839691,H1,1930.98968278372,AX,236.10140529126,L1,3.01772617058505,L2,0.68347821967...
GetData ===>> H2,-0.145515781697547,H1,1930.73468880907,AX,236.085543108319,L1,3.07809144660194,L2,0.7096236170...
GetData ===>> H2,-0.185881645651587,H1,1930.49585573123,AX,236.141271241103,L1,3.02656154665405,L2,0.7059976051...
GetData ===>> H2,-0.154960394372646,H1,1929.3221276768,AX,235.625500448933,L1,3.01050110939635,L2,0.62999727167...
GetData ===>> H2,-0.0236670112491516,H1,1928.66681994559,AX,235.462801673335,L1,3.03396039005494,L2,0.679029864...
GetData ===>> H2,-0.0953174276709578,H1,1928.24147805098,AX,235.437116024952,L1,3.0403872220665,L2,0.7095664233...
GetData ===>> H2,-0.162209616611016,H1,1927.32971961619,AX,235.498489821415,L1,3.06860624097079,L2,0.6278143090...
GetData ===>> H2,-0.146949077369276,H1,1926.11516462124,AX,235.280123034938,L1,3.04232121668182,L2,0.7326296779...
22:31:58 -- collecting point 100
GetData ===>> H2,-0.194969810711554,H1,1925.62853176444,AX,235.478414509476,L1,3.05090523164577,L2,0.6121354123...
GetData ===>> H2,-0.0949016220146937,H1,1924.75899980444,AX,235.640528517621,L1,3.00957726678089,L2,0.637426574...
GetData ===>> H2,-0.041273855729076,H1,1924.27040669726,AX,235.438064442453,L1,2.98244819208174,L2,0.6577515129...
GetData ===>> H2,-0.0244606853488077,H1,1922.75031159555,AX,235.334045411838,L1,3.00134085891114,L2,0.743362386...
GetData ===>> H2,-0.0846918966711501,H1,1921.99083017163,AX,235.347035430877,L1,3.00982269837302,L2,0.700381560...
GetData ===>> H2,-0.123460285369802,H1,1920.66663006725,AX,235.186329764822,L1,3.04986647543744,L2,0.6764798727...
GetData ===>> H2,-0.058402643227489,H1,1920.27961833083,AX,234.655847023128,L1,3.07119008409566,L2,0.6008353446...
GetData ===>> H2,-0.0354984410688976,H1,1920.56097248592,AX,234.867039662684,L1,3.03200846574044,L2,0.590188421...
GetData ===>> H2,-0.0232348161588533,H1,1919.7480026249,AX,234.617193308916,L1,3.04735423045313,L2,0.6690361126...
GetData ===>> H2,0.000602482331082338,H1,1918.98887764383,AX,234.781917618369,L1,3.03274005372501,L2,0.57959985...
GetData ===>> H2,4.36062819797982E-06,H1,1918.0342230912,AX,234.847022967013,L1,3.02815803765308,L2,0.671300052...
GetData ===>> H2,-0.0648388122285445,H1,1917.36283355864,AX,234.715747167661,L1,3.03273729292881,L2,0.601258501...
GetData ===>> H2,-0.092791207650463,H1,1916.59654768964,AX,234.538157725402,L1,3.00583040477315,L2,0.6947658444...
GetData ===>> H2,-0.158489009418437,H1,1916.35790645873,AX,234.445984139355,L1,3.05417958016507,L2,0.6738499069...
GetData ===>> H2,-0.104815864471468,H1,1915.29870528933,AX,234.339134894,L1,3.03842040425661,L2,0.7133184009208...
GetData ===>> H2,-0.145758954892226,H1,1913.84159122684,AX,234.088049272043,L1,3.00641534635707,L2,0.6627362384...
GetData ===>> H2,-0.144002586868374,H1,1913.54856192732,AX,233.983814249064,L1,2.99311799166729,L2,0.6422959368...
GetData ===>> H2,-0.0793517014373743,H1,1912.20924210035,AX,233.731064190571,L1,2.98092429723376,L2,0.801703850...
GetData ===>> H2,-0.0443619242575174,H1,1911.21165428424,AX,233.68118677885,L1,2.96603412084144,L2,0.6118380250...
GetData ===>> H2,-0.0443619242575174,H1,1911.21165428424,AX,233.68118677885,L1,2.96603412084144,L2,0.6118380250...
GetData ===>> H2,-0.189207134717294,H1,1909.299925972,AX,233.305119466637,L1,2.9920500681728,L2,0.6286829164764...
measurement finished
estimated time: 125.829 actual time: :126.383
flush and close file /Users/jan/PychronDev/data/isotopes/0d/5d9dd8-4eda-4aa1-82ac-c07dda69f0a5.h5
baselines () {'settling_time': 15.0, 'detector': 'H1', 'mass': 34.2, 'ncounts': 60}
%%%%%%%%%%%%%%%%%%%%%%%%%%%%%%%% Baseline
build tables- baseline [Detector(H2), Detector(H1), Detector(AX), Detector(L1), Detector(L2), Detector(CDD)]
add group baseline table H2
add group baseline table H1
add group baseline table AX
add group baseline table L1
add group baseline table L2
add group baseline table CDD
flush and close file /Users/jan/PychronDev/data/isotopes/0d/5d9dd8-4eda-4aa1-82ac-c07dda69f0a5.h5
detector Detector(H1)
POSITION 34.2 H1
Mapping mass to dac mass func: "parabolic"
H1 map mass coeffs = [-0.00063987  0.15840543  0.57102999]
H1 map mass to dac 34.2 >> 5.24007599104
GetDeflection H1 ===>> 0
GetHighVoltage ===>> 4500
positioning 34.2 (5.24007599104) on H1
setting magnet DAC
current  : 5.879420
requested: 5.240076
Delta Dac: 0.639344
Checking detector protection. dv=0.63934
Checking detector "CDD". Protection Threshold: 0.1 (V)
ProtectDetector CDD,On ===>> OK
GetDeflection CDD ===>> 2000
Protected = 2000
SetMagnetDAC 5.24007599104 ===>> OK
Magnet settling time: 0.500
GetMagnetMoving ===>> True
GetMagnetMoving ===>> True
GetMagnetMoving ===>> True
GetMagnetMoving ===>> True
GetMagnetMoving ===>> True
GetMagnetMoving ===>> True
GetMagnetMoving ===>> True
GetMagnetMoving ===>> True
GetMagnetMoving ===>> False
ProtectDetector CDD,Off ===>> OK
GetDeflection CDD ===>> 50
Delaying 15.0s for detectors to settle
Join finished
measuring baseline. ncounts=60
"baseline" increment series count="2" fit count="1" regressing="True"
starting measurement
GetData ===>> H2,-0.128387074393401,H1,-0.183923874720348,AX,-0.193540238452259,L1,-0.00785198203649033,L2,0.00...
GetData ===>> H2,-0.175650924807879,H1,-0.0514611915557016,AX,-0.198743444420478,L1,-0.0243306271445789,L2,-0.0...
GetData ===>> H2,-0.133443786927233,H1,0.0310046030486124,AX,-0.077206959628501,L1,-0.0508482968978906,L2,-0.08...
GetData ===>> H2,-0.189815218654414,H1,-0.0822044714296365,AX,-0.0140123292266458,L1,-0.034271541125895,L2,0.01...
GetData ===>> H2,-0.107818350186507,H1,-0.0390729975582314,AX,-0.119993666597279,L1,-0.0498384392673684,L2,-0.0...
GetData ===>> H2,-0.191198454212274,H1,-0.124578336936243,AX,-0.0762796287436219,L1,-0.0541688773722046,L2,0.06...
GetData ===>> H2,-0.120818894787628,H1,-0.0543463832667566,AX,-0.129181314669058,L1,-0.0169587372439267,L2,0.01...
GetData ===>> H2,-0.225864000611535,H1,-0.033516293045399,AX,-0.139382558841301,L1,-0.0435245281491502,L2,0.001...
set states for children of V. state=True
handle state [('V', True)]
update switch state V True args=() kw={'refresh': False} ncanvase=2
refresh_canvas_needed fired
GetData ===>> H2,-0.21624685231778,H1,0.0248954629396227,AX,-0.119483859957418,L1,-0.0501399713711153,L2,0.0598...
GetData ===>> H2,-0.176026205535069,H1,-0.0650757052045979,AX,-0.134047056739908,L1,-0.0295041473893922,L2,-0.1...
GetData ===>> H2,-0.126060501184231,H1,-0.0694624743925008,AX,-0.0915910481526502,L1,-0.0237062220673508,L2,-0....
GetData ===>> H2,-0.203791185120013,H1,-0.0168204750692567,AX,-0.0774156078596592,L1,-0.0152939495164977,L2,0.0...
GetData ===>> H2,-0.0740510225726223,H1,-0.0208992819706875,AX,0.0181689223361309,L1,-0.00773325811712332,L2,0....
GetData ===>> H2,-0.160417665372898,H1,-0.0434132130868513,AX,-0.156055023217327,L1,-0.00294475904651632,L2,0.0...
GetData ===>> H2,-0.180610915849108,H1,-0.0163911173051588,AX,-0.0984056514678645,L1,-0.0343002751532847,L2,-0....
GetData ===>> H2,-0.22478671990197,H1,0.0210655085784996,AX,-0.137620072922538,L1,-0.0186136566242415,L2,-0.017...
GetData ===>> H2,-0.219874364907742,H1,-0.0283647377409267,AX,0.053839815455917,L1,-0.0299952418766714,L2,-0.05...
GetData ===>> H2,-0.147479931674641,H1,-0.0036526657722245,AX,0.0373620865182144,L1,0.0118678776812757,L2,-0.09...
GetData ===>> H2,-0.225213604667841,H1,-0.0222230695355428,AX,-0.111593102867701,L1,-0.0341302642966469,L2,0.03...
GetData ===>> H2,-0.233178712817239,H1,-0.0665419565201607,AX,-0.113134226132224,L1,-0.0532827849996268,L2,0.07...
GetData ===>> H2,-0.196185219026067,H1,0.043796822631559,AX,-0.0631221695859255,L1,-0.000211222867488134,L2,-0....
GetData ===>> H2,-0.187311213228216,H1,-0.0289729212685551,AX,-0.108139971129024,L1,0.00451961965227363,L2,-0.0...
GetData ===>> H2,-0.125537260696008,H1,0.0508976872273027,AX,0.034426006713296,L1,0.00709022617393922,L2,-0.029...
GetData ===>> H2,-0.207747878332532,H1,-0.0364735475857579,AX,-0.0712950738153223,L1,-0.0414553355524076,L2,-0....
22:33:03 -- collecting point 25
GetData ===>> H2,-0.266647772661771,H1,-0.0730623424000541,AX,-0.0796063872741349,L1,-0.0743212913005453,L2,0.0...
GetData ===>> H2,-0.138931912662683,H1,0.0281051014009438,AX,-0.0824462131019881,L1,-0.0326024321008488,L2,0.00...
GetData ===>> H2,-0.231460167633466,H1,-0.0107735168718868,AX,-0.0818318904587695,L1,0.018815775112896,L2,0.035...
GetData ===>> H2,-0.157416491494137,H1,0.0161977406674787,AX,-0.090397284496897,L1,0.0160077002461712,L2,-0.008...
GetData ===>> H2,-0.166244857919944,H1,0.0495848843985015,AX,-0.110631336879546,L1,0.00670988759375237,L2,0.087...
GetData ===>> H2,-0.257810541379681,H1,0.0856237835366926,AX,-0.00867659217106134,L1,-0.0255661398412047,L2,-0....
GetData ===>> H2,-0.313727847152567,H1,0.0731126914986781,AX,-0.0647220261503265,L1,-0.0179625143057137,L2,-0.0...
GetData ===>> H2,-0.304810692963797,H1,0.0608397437662724,AX,-0.208963630888724,L1,-0.0369167079048737,L2,-0.04...
GetData ===>> H2,-0.304441564324254,H1,0.054669107469141,AX,-0.0995761390375318,L1,-0.0419822537304451,L2,0.011...
GetData ===>> H2,-0.230368614385503,H1,0.0610426531584498,AX,-0.123423205461445,L1,-0.043115034264907,L2,-0.037...
GetData ===>> H2,-0.146682965478087,H1,0.0736732122231355,AX,-0.172515987890419,L1,-0.0463330627328955,L2,-0.09...
GetData ===>> H2,-0.152325375103406,H1,0.101846401621297,AX,-0.0379963343140441,L1,-0.0122150140248037,L2,-0.00...
GetData ===>> H2,-0.233828650415225,H1,0.0352287186900171,AX,0.0842149344208968,L1,0.00361433347955438,L2,0.023...
GetData ===>> H2,-0.242407044929549,H1,0.0944623988716532,AX,-0.102299496210391,L1,-0.00822853146675707,L2,0.02...
GetData ===>> H2,-0.229582523052081,H1,-0.00129086459323953,AX,-0.0236391148087717,L1,0.012652968558796,L2,-0.0...
GetData ===>> H2,-0.244649006950844,H1,-0.039490334153691,AX,-0.0701474308205531,L1,0.00617839748149388,L2,0.07...
GetData ===>> H2,-0.233577022696568,H1,0.0315415570135482,AX,-0.0301337575393784,L1,0.00490505132498549,L2,-0.0...
GetData ===>> H2,-0.320504237886243,H1,0.0330092458783906,AX,-0.0384485871097402,L1,0.00326616815475911,L2,-0.0...
GetData ===>> H2,-0.261882765230075,H1,0.0275920296070044,AX,-0.102786215845612,L1,-0.00991923267515044,L2,-0.1...
GetData ===>> H2,-0.219525421633805,H1,0.0474366987160082,AX,-0.0427970644291059,L1,-0.0401019872704652,L2,0.01...
GetData ===>> H2,-0.218987839292858,H1,0.00456616564286101,AX,-0.1977005078504,L1,-0.00265800058401567,L2,-0.04...
GetData ===>> H2,-0.0981477524872752,H1,0.0141815041662554,AX,-0.0982897608433216,L1,0.0302011838846584,L2,-0.0...
GetData ===>> H2,-0.122815209829972,H1,0.00971968136627162,AX,-0.154582674443899,L1,-0.000853274555386657,L2,-0...
GetData ===>> H2,-0.223449402357487,H1,0.017176047566392,AX,-0.0993791272639122,L1,-0.017490020015363,L2,-0.005...
GetData ===>> H2,-0.147858133322277,H1,0.0585838964563436,AX,-0.00125247140730021,L1,-0.0315079017270651,L2,-0....
22:33:30 -- collecting point 50
GetData ===>> H2,-0.114884683197416,H1,0.0507425369051574,AX,-0.184732395633503,L1,-0.0282319813561248,L2,0.053...
GetData ===>> H2,-0.164510244765854,H1,-0.0640028247766321,AX,-0.102971632209011,L1,-0.0202215457998491,L2,0.01...
GetData ===>> H2,-0.197044365519378,H1,0.0297039931583811,AX,-0.0856220834001326,L1,-0.0250544570687816,L2,0.02...
GetData ===>> H2,-0.145537397303785,H1,-0.00539416023992418,AX,-0.109518920986398,L1,-0.00910029726916901,L2,0....
GetData ===>> H2,-0.136378148446269,H1,0.00339711797676685,AX,-0.0420897253508434,L1,0.00639434944962978,L2,-0....
GetData ===>> H2,-0.206880111813566,H1,0.0279857821444686,AX,-0.0913708404247047,L1,-0.00316312193806371,L2,-0....
GetData ===>> H2,-0.263542141258032,H1,-0.0277804010664571,AX,-0.163578725290548,L1,-0.0174708319611295,L2,-0.1...
GetData ===>> H2,-0.205731970556714,H1,0.0999377219181643,AX,-0.0827012138147656,L1,-0.0395102892621576,L2,-0.0...
GetData ===>> H2,-0.134813700831838,H1,0.0603503757474535,AX,0.0578753679037107,L1,-0.00940965405270387,L2,-0.1...
GetData ===>> H2,-0.226327199743233,H1,0.114540046975553,AX,0.114344256104291,L1,-0.0159368684891761,L2,0.04812...
GetData ===>> H2,-0.176849619667039,H1,-0.00108808108623111,AX,-0.0286377086141431,L1,-0.00627847660448767,L2,-...
measurement finished
estimated time: 62.915 actual time: :63.236
flush and close file /Users/jan/PychronDev/data/isotopes/0d/5d9dd8-4eda-4aa1-82ac-c07dda69f0a5.h5
activate_detectors ('H1', 'AX', 'CDD') {'peak_center': True}
peak_center () {'detector': 'H1', 'integration_time': 0.262144, 'isotope': 'Ar40'}
peak center: mean=1913.69386228 threshold=3
peak center started
setup peak center. detector=['H1', 'AX', 'CDD'], isotope=Ar40
VersionedUnpickler [<apptools.sweet_pickle.versioned_unpickler.VersionedUnpickler object at 0x19eb6ba70>] using Updater [<apptools.sweet_pickle.updater.Updater object at 0x134a15590>]
VersionedUnpickler [<apptools.sweet_pickle.versioned_unpickler.VersionedUnpickler object at 0x19eb6ba70>] using Updater [<apptools.sweet_pickle.updater.Updater object at 0x134a15590>]
VersionedUnpickler [<apptools.sweet_pickle.versioned_unpickler.VersionedUnpickler object at 0x1aecab710>] using Updater [<apptools.sweet_pickle.updater.Updater object at 0x134a15590>]
setting integration time = 0.524288
SetIntegrationTime 0.524288 ===>> OK
Mapping mass to dac mass func: "parabolic"
H1 map mass coeffs = [-0.00063987  0.15840543  0.57102999]
H1 map mass to dac 39.9624 >> 5.87942
GetDeflection H1 ===>> 0
GetHighVoltage ===>> 4500
do peak center. <pychron.spectrometer.jobs.peak_center.PeakCenter object at 0x134a156b0>
doing pc
starting peak center. center dac= 5.87942 step_width=0.001
width = 0.001
get scan parameters. half-width=0.015,window=0.015, i=0, scalar=1
Scan parameters center=5.87942 width=0.03000 (5.86442 - 5.89442)
GetData ===>> H2,-0.0824867623203581,H1,0.0269119152353837,AX,-0.175807846521606,L1,-0.013334541956818,L2,0.023...
Moving to starting dac 5.86442
setting magnet DAC
current  : 5.240076
requested: 5.864420
Delta Dac: 0.624344
Checking detector protection. dv=0.62434
Checking detector "CDD". Protection Threshold: 0.1 (V)
ProtectDetector CDD,On ===>> OK
GetDeflection CDD ===>> 2000
Protected = 2000
SetMagnetDAC 5.86442 ===>> OK
Magnet settling time: 0.500
GetMagnetMoving ===>> True
GetMagnetMoving ===>> True
GetMagnetMoving ===>> True
GetMagnetMoving ===>> True
GetMagnetMoving ===>> True
GetMagnetMoving ===>> True
GetMagnetMoving ===>> True
GetMagnetMoving ===>> True
GetMagnetMoving ===>> False
ProtectDetector CDD,Off ===>> OK
GetDeflection CDD ===>> 50
Wait until signal near baseline. tol= 0.0201839364265. timeout= 10
GetData ===>> H2,4.57258023407338,H1,1.61764395512132,AX,0.0167417704658201,L1,0.0494904433022901,L2,-0.0443071...
GetData ===>> H2,90.6600493706787,H1,36.181551277759,AX,2.2905516524321,L1,0.0343324650320178,L2,-0.03410872727...
GetData ===>> H2,109.336498446324,H1,59.2375282003784,AX,5.88905093569564,L1,0.00398172097571737,L2,-0.15079289...
GetData ===>> H2,59.845832368817,H1,28.6448709487754,AX,2.70235754248147,L1,0.00773350762098077,L2,-0.099673508...
GetData ===>> H2,25.1094027484132,H1,14.6374238507394,AX,1.22122435334046,L1,0.0332363930831163,L2,0.0542392478...
GetData ===>> H2,8.53000952622129,H1,8.16046360203149,AX,0.5831383849091,L1,0.0499709964664197,L2,-0.0880021252...
GetData ===>> H2,2.41971964638436,H1,4.94348187448426,AX,0.332290041260862,L1,0.0222918240511976,L2,0.054148101...
GetData ===>> H2,0.785210406258547,H1,3.35225365507805,AX,0.190347757023384,L1,0.0114622523331426,L2,0.04027215...
GetData ===>> H2,0.522587151434051,H1,2.6199405932007,AX,0.206591099884905,L1,0.00195285281215749,L2,-0.0454452...
GetData ===>> H2,0.517589699611505,H1,2.16143118788377,AX,0.131499924727785,L1,-0.0116288303488511,L2,-0.138102...
GetData ===>> H2,0.506270613919276,H1,1.95365155528393,AX,0.140196124072547,L1,-0.0425390804154631,L2,-0.150884...
GetData ===>> H2,0.560444569321137,H1,1.88726595232314,AX,0.181670280739156,L1,-0.0548986721319108,L2,-0.067340...
GetData ===>> H2,0.580352619483105,H1,1.82251216899758,AX,0.100547755490047,L1,-0.0309249700070751,L2,0.0058302...
GetData ===>> H2,0.45464139532282,H1,1.74911858616567,AX,0.0604520820045517,L1,0.000860554605525167,L2,-0.01607...
GetData ===>> H2,0.412897542435173,H1,1.78825038158632,AX,0.22543677040336,L1,-0.0121442901981521,L2,-0.0855903...
GetData ===>> H2,0.322998066839338,H1,1.77598248334709,AX,0.20394557088743,L1,-0.0187542205240714,L2,-0.2240287...
GetData ===>> H2,0.25052925273839,H1,1.73029166306502,AX,0.13184775779573,L1,0.0292208839159121,L2,-0.143593803...
GetData ===>> H2,0.141816327826879,H1,1.79217161235845,AX,0.197285653616718,L1,0.0340007464796074,L2,-0.0176023...
GetData ===>> H2,0.0740683771753561,H1,1.83791451127793,AX,-0.00177449840631862,L1,-0.00141728618660506,L2,0.11...
GetData ===>> H2,0.108898464004109,H1,1.70935293885852,AX,0.0412731287651298,L1,-0.0356562133417634,L2,0.001799...
GetData ===>> H2,0.065844118902139,H1,1.75664552869657,AX,0.0669404354816921,L1,-0.00311153113270863,L2,-0.0011...
Peak center failed to move to a baseline position
_do_sweep sm= 5.86442, em= 5.89442, stm= 0.001
calculated step values: start=5.86442, end=5.89442, width=0.001, nsteps=31.0
setting magnet DAC
current  : 5.864420
requested: 5.864420
Delta Dac: 0.000000
Checking detector protection. dv=0.00000
Checking detector "CDD". Protection Threshold: 0.1 (V)
SetMagnetDAC 5.86442 ===>> OK
GetData ===>> H2,0.065844118902139,H1,1.75664552869657,AX,0.0669404354816921,L1,-0.00311153113270863,L2,-0.0011...
setting magnet DAC
current  : 5.864420
requested: 5.865454
Delta Dac: 0.001034
Checking detector protection. dv=0.00103
Checking detector "CDD". Protection Threshold: 0.1 (V)
SetMagnetDAC 5.86545448276 ===>> OK
Magnet settling time: 1.049
GetData ===>> H2,0.00369962282059666,H1,3.8477981967276,AX,0.386399984489146,L1,0.0198887807980677,L2,0.0829545...
setting magnet DAC
current  : 5.865454
requested: 5.866489
Delta Dac: 0.001034
Checking detector protection. dv=0.00103
Checking detector "CDD". Protection Threshold: 0.1 (V)
SetMagnetDAC 5.86648896552 ===>> OK
Magnet settling time: 1.049
GetData ===>> H2,0.0339729980069998,H1,13.1086504752069,AX,1.30368198779578,L1,0.0154251062284352,L2,-0.0784000...
setting magnet DAC
current  : 5.866489
requested: 5.867523
Delta Dac: 0.001034
Checking detector protection. dv=0.00103
Checking detector "CDD". Protection Threshold: 0.1 (V)
SetMagnetDAC 5.86752344828 ===>> OK
Magnet settling time: 1.049
set states for children of Q. state=False
handle state [('Q', False)]
update switch state Q False args=() kw={'refresh': False} ncanvase=2
refresh_canvas_needed fired
GetData ===>> H2,0.0559876398159574,H1,49.1614937382598,AX,3.95631674387875,L1,-0.0277322618379587,L2,-0.047971...
setting magnet DAC
current  : 5.867523
requested: 5.868558
Delta Dac: 0.001034
Checking detector protection. dv=0.00103
Checking detector "CDD". Protection Threshold: 0.1 (V)
SetMagnetDAC 5.86855793103 ===>> OK
Magnet settling time: 1.049
GetData ===>> H2,0.054438882074753,H1,167.357564020823,AX,13.203633124045,L1,0.0591611700630563,L2,-0.043419343...
setting magnet DAC
current  : 5.868558
requested: 5.869592
Delta Dac: 0.001034
Checking detector protection. dv=0.00103
Checking detector "CDD". Protection Threshold: 0.1 (V)
SetMagnetDAC 5.86959241379 ===>> OK
Magnet settling time: 1.049
set states for children of I. state=True
handle state [('I', True)]
update switch state I True args=() kw={'refresh': False} ncanvase=2
refresh_canvas_needed fired
State checksums do not match. Local:1814532534 Remote:-869564398
State checksum failed
GetData ===>> H2,-0.11003326564909,H1,454.457464160292,AX,39.2069945567101,L1,0.197861643792598,L2,0.1629697540...
setting magnet DAC
current  : 5.869592
requested: 5.870627
Delta Dac: 0.001034
Checking detector protection. dv=0.00103
Checking detector "CDD". Protection Threshold: 0.1 (V)
SetMagnetDAC 5.87062689655 ===>> OK
Magnet settling time: 1.049
set states for children of B. state=False
set states for children of D. state=False
handle state [('B', False), ('D', False)]
update switch state B False args=() kw={'refresh': True} ncanvase=2
update switch state D False args=() kw={'refresh': False} ncanvase=2
refresh_canvas_needed fired
GetData ===>> H2,-0.0450578451983871,H1,900.29529440514,AX,86.5587426268356,L1,0.527680859070627,L2,0.163243503...
setting magnet DAC
current  : 5.870627
requested: 5.871661
Delta Dac: 0.001034
Checking detector protection. dv=0.00103
Checking detector "CDD". Protection Threshold: 0.1 (V)
SetMagnetDAC 5.87166137931 ===>> OK
Magnet settling time: 1.049
GetData ===>> H2,0.0137473193257621,H1,1341.51206991866,AX,141.343481494129,L1,1.05476071408662,L2,0.0752279045...
setting magnet DAC
current  : 5.871661
requested: 5.872696
Delta Dac: 0.001034
Checking detector protection. dv=0.00103
Checking detector "CDD". Protection Threshold: 0.1 (V)
SetMagnetDAC 5.87269586207 ===>> OK
Magnet settling time: 1.049
set states for children of Y. state=True
handle state [('Y', True)]
update switch state Y True args=() kw={'refresh': False} ncanvase=2
refresh_canvas_needed fired
GetData ===>> H2,-0.0485490172730335,H1,1634.52153285072,AX,185.500625971983,L1,1.56734466529689,L2,0.300602179...
setting magnet DAC
current  : 5.872696
requested: 5.873730
Delta Dac: 0.001034
Checking detector protection. dv=0.00103
Checking detector "CDD". Protection Threshold: 0.1 (V)
SetMagnetDAC 5.87373034483 ===>> OK
Magnet settling time: 1.049
GetData ===>> H2,-0.0971899575756167,H1,1766.87359301683,AX,210.289227064369,L1,2.06030173577001,L2,0.578662258...
setting magnet DAC
current  : 5.873730
requested: 5.874765
Delta Dac: 0.001034
Checking detector protection. dv=0.00103
Checking detector "CDD". Protection Threshold: 0.1 (V)
SetMagnetDAC 5.87476482759 ===>> OK
Magnet settling time: 1.049
GetData ===>> H2,-0.0376650736730226,H1,1809.81742913002,AX,219.71822618066,L1,2.37763615777758,L2,0.6215264607...
setting magnet DAC
current  : 5.874765
requested: 5.875799
Delta Dac: 0.001034
Checking detector protection. dv=0.00103
Checking detector "CDD". Protection Threshold: 0.1 (V)
SetMagnetDAC 5.87579931034 ===>> OK
Magnet settling time: 1.049
GetData ===>> H2,-0.0307293122381635,H1,1822.08851247774,AX,222.082113367614,L1,2.58652937611565,L2,0.445297379...
setting magnet DAC
current  : 5.875799
requested: 5.876834
Delta Dac: 0.001034
Checking detector protection. dv=0.00103
Checking detector "CDD". Protection Threshold: 0.1 (V)
SetMagnetDAC 5.8768337931 ===>> OK
Magnet settling time: 1.049
GetData ===>> H2,-0.207477045308887,H1,1824.14376366731,AX,222.905479753831,L1,2.72696040065924,L2,0.5390173418...
setting magnet DAC
current  : 5.876834
requested: 5.877868
Delta Dac: 0.001034
Checking detector protection. dv=0.00103
Checking detector "CDD". Protection Threshold: 0.1 (V)
SetMagnetDAC 5.87786827586 ===>> OK
Magnet settling time: 1.049
GetData ===>> H2,-0.190408652530764,H1,1824.49287084155,AX,223.069018495748,L1,2.79893400686811,L2,0.6435916295...
setting magnet DAC
current  : 5.877868
requested: 5.878903
Delta Dac: 0.001034
Checking detector protection. dv=0.00103
Checking detector "CDD". Protection Threshold: 0.1 (V)
SetMagnetDAC 5.87890275862 ===>> OK
Magnet settling time: 1.049
GetData ===>> H2,-0.129902267404038,H1,1823.03559630127,AX,222.859589079607,L1,2.826824277688,L2,0.620016510325...
setting magnet DAC
current  : 5.878903
requested: 5.879937
Delta Dac: 0.001034
Checking detector protection. dv=0.00103
Checking detector "CDD". Protection Threshold: 0.1 (V)
SetMagnetDAC 5.87993724138 ===>> OK
Magnet settling time: 1.049
GetData ===>> H2,-0.106050608093225,H1,1822.71105073097,AX,223.055082434519,L1,2.86020591382708,L2,0.6253213243...
setting magnet DAC
current  : 5.879937
requested: 5.880972
Delta Dac: 0.001034
Checking detector protection. dv=0.00103
Checking detector "CDD". Protection Threshold: 0.1 (V)
SetMagnetDAC 5.88097172414 ===>> OK
Magnet settling time: 1.049
GetData ===>> H2,0.0545588487745744,H1,1823.08672753327,AX,222.776593397323,L1,2.9056289408796,L2,0.56558265471...
setting magnet DAC
current  : 5.880972
requested: 5.882006
Delta Dac: 0.001034
Checking detector protection. dv=0.00103
Checking detector "CDD". Protection Threshold: 0.1 (V)
SetMagnetDAC 5.8820062069 ===>> OK
Magnet settling time: 1.049
GetData ===>> H2,-0.0818378729382344,H1,1822.00607875166,AX,222.68477931719,L1,2.91628848086948,L2,0.7030398607...
setting magnet DAC
current  : 5.882006
requested: 5.883041
Delta Dac: 0.001034
Checking detector protection. dv=0.00103
Checking detector "CDD". Protection Threshold: 0.1 (V)
SetMagnetDAC 5.88304068966 ===>> OK
Magnet settling time: 1.049
GetData ===>> H2,-0.158131064467972,H1,1818.53731166427,AX,221.644357253908,L1,2.88256557395854,L2,0.6471775852...
setting magnet DAC
current  : 5.883041
requested: 5.884075
Delta Dac: 0.001034
Checking detector protection. dv=0.00103
Checking detector "CDD". Protection Threshold: 0.1 (V)
SetMagnetDAC 5.88407517241 ===>> OK
Magnet settling time: 1.049
GetData ===>> H2,-0.203153618350533,H1,1808.05496732593,AX,219.083327835646,L1,2.8663911097289,L2,0.52649167457...
setting magnet DAC
current  : 5.884075
requested: 5.885110
Delta Dac: 0.001034
Checking detector protection. dv=0.00103
Checking detector "CDD". Protection Threshold: 0.1 (V)
SetMagnetDAC 5.88510965517 ===>> OK
Magnet settling time: 1.049
GetData ===>> H2,-0.141706002868582,H1,1771.96580736074,AX,210.862512794508,L1,2.76896177050142,L2,0.4821164357...
setting magnet DAC
current  : 5.885110
requested: 5.886144
Delta Dac: 0.001034
Checking detector protection. dv=0.00103
Checking detector "CDD". Protection Threshold: 0.1 (V)
SetMagnetDAC 5.88614413793 ===>> OK
Magnet settling time: 1.049
GetData ===>> H2,-0.194136293600625,H1,1664.75058026393,AX,189.434440687355,L1,2.47938587785693,L2,0.5010339545...
setting magnet DAC
current  : 5.886144
requested: 5.887179
Delta Dac: 0.001034
Checking detector protection. dv=0.00103
Checking detector "CDD". Protection Threshold: 0.1 (V)
SetMagnetDAC 5.88717862069 ===>> OK
Magnet settling time: 1.049
GetData ===>> H2,-0.271976957040459,H1,1239.06949348528,AX,119.81727149479,L1,1.76114060392814,L2,0.31430702215...
setting magnet DAC
current  : 5.887179
requested: 5.888213
Delta Dac: 0.001034
Checking detector protection. dv=0.00103
Checking detector "CDD". Protection Threshold: 0.1 (V)
SetMagnetDAC 5.88821310345 ===>> OK
Magnet settling time: 1.049
set states for children of Y. state=False
handle state [('Y', False)]
update switch state Y False args=() kw={'refresh': False} ncanvase=2
refresh_canvas_needed fired
GetData ===>> H2,-0.362050521607462,H1,765.081819218705,AX,63.6234066522993,L1,1.19973421685044,L2,0.0368319551...
setting magnet DAC
current  : 5.888213
requested: 5.889248
Delta Dac: 0.001034
Checking detector protection. dv=0.00103
Checking detector "CDD". Protection Threshold: 0.1 (V)
SetMagnetDAC 5.88924758621 ===>> OK
Magnet settling time: 1.049
GetData ===>> H2,-0.287063602660619,H1,354.745901713789,AX,24.6326108772898,L1,0.781171634021171,L2,-0.01254741...
setting magnet DAC
current  : 5.889248
requested: 5.890282
Delta Dac: 0.001034
Checking detector protection. dv=0.00103
Checking detector "CDD". Protection Threshold: 0.1 (V)
SetMagnetDAC 5.89028206897 ===>> OK
Magnet settling time: 1.049
set states for children of Z. state=True
handle state [('Z', True)]
update switch state Z True args=() kw={'refresh': False} ncanvase=2
refresh_canvas_needed fired
GetData ===>> H2,-0.0835501022324342,H1,127.45948874487,AX,7.20380921753212,L1,0.482368349063147,L2,-0.15040561...
setting magnet DAC
current  : 5.890282
requested: 5.891317
Delta Dac: 0.001034
Checking detector protection. dv=0.00103
Checking detector "CDD". Protection Threshold: 0.1 (V)
SetMagnetDAC 5.89131655172 ===>> OK
Magnet settling time: 1.049
GetData ===>> H2,-0.156658643710197,H1,36.8796983951739,AX,1.3919079837236,L1,0.275952470326642,L2,0.1111768302...
setting magnet DAC
current  : 5.891317
requested: 5.892351
Delta Dac: 0.001034
Checking detector protection. dv=0.00103
Checking detector "CDD". Protection Threshold: 0.1 (V)
SetMagnetDAC 5.89235103448 ===>> OK
Magnet settling time: 1.049
GetData ===>> H2,-0.126944682225708,H1,9.2449186044685,AX,0.0604057381776971,L1,0.158188286397375,L2,0.02013395...
setting magnet DAC
current  : 5.892351
requested: 5.893386
Delta Dac: 0.001034
Checking detector protection. dv=0.00103
Checking detector "CDD". Protection Threshold: 0.1 (V)
SetMagnetDAC 5.89338551724 ===>> OK
Magnet settling time: 1.049
GetData ===>> H2,-0.188512040197747,H1,1.90458077897253,AX,-0.112867717839914,L1,0.0902986891859041,L2,-0.03567...
setting magnet DAC
current  : 5.893386
requested: 5.894420
Delta Dac: 0.001034
Checking detector protection. dv=0.00103
Checking detector "CDD". Protection Threshold: 0.1 (V)
SetMagnetDAC 5.89442 ===>> OK
Magnet settling time: 1.049
GetData ===>> H2,-0.22850724562465,H1,0.188299951950621,AX,-0.103713294128835,L1,0.0598129490512128,L2,-0.19775...
result of _do_sweep=True
result of _calculate_peak_center=([5.8717246092184361, 5.8793298196392776, 5.8869350300601191], [1359.4214659495819, 1824.4788785700375, 1339.3050199313238], 5.8778268136272542, 1824.4788785700375)
Failed to find a valid peak. No peak greater than 1.0. max = 0.030955713454
new center pos Detector(H1) (Ar40) @ 5.87932981964
GetHighVoltage ===>> 4500
GetDeflection H1 ===>> 0
dac uncorrected for HV and deflection 5.87932981964
update mftable H1 Ar40 5.87932981964 message=automated run peakcenter
get initial guess parabolic
get initial guess parabolic
get initial guess parabolic
get initial guess parabolic
get initial guess parabolic
get initial guess parabolic
dump mftable to /Users/jan/PychronDev/setupfiles/spectrometer/mftables/mftable.csv
add to repo msg=modified - automated run peakcenter
sweep finished
locally archiving mftable
setting magnet DAC
current  : 5.894420
requested: 5.879330
Delta Dac: 0.015090
Checking detector protection. dv=0.01509
Checking detector "CDD". Protection Threshold: 0.1 (V)
SetMagnetDAC 5.87932981964 ===>> OK
Magnet settling time: 0.500
setting integration time = 1.048576
SetIntegrationTime 1.048576 ===>> OK
Failed to find a valid peak. No peak greater than 1.0. max = 0.030955713454
flush and close file /Users/jan/PychronDev/data/isotopes/0d/5d9dd8-4eda-4aa1-82ac-c07dda69f0a5.h5
finished measure script
executed snippet estimated_duration=226.132928, duration=273.043681145
jan_unknown120_60.py completed successfully
Measurement Finished
22:34:28 -- ******* Measurement Finished *******
Post Measurement Started jan_pump_ms.py
22:34:28 -- ******* Post Measurement Started jan_pump_ms.py *******
testing...
no interpolation path defined
executed snippet estimated_duration=0, duration=2.71797180176e-05
Pumping spectrometer
open () {'name': 'O'}
opening name=O desc=---
checking ownership. requestor=129.138.12.150
check software interlocks O
interlocks []
actuate state mode=None-script, software_lock=False
doing actuation None-script open_channel True
Open O ===>> OK
GetIndicatorState O ===>> OK
change switch state (True, True)
update switch state O True args=() kw={} ncanvase=2
22:34:28 -- OPEN   VALVE-O (Jan Ion Pump)
---------------------------------------- open O () result=[(True, True)], time=0.10 sec
action=open, ok=True, locked=[False]
executed snippet estimated_duration=0, duration=0.357429027557
jan_pump_ms.py completed successfully
setting _ms_pumptime
Post Measurement Finished
22:34:28 -- ******* Post Measurement Finished *******
$$$$$$$$$$$$$$$$$$$$ state at run end measurement
state changed from measurement to success
post measurement save measured=True aborted=False
Set filtering
setting fod for Ar40= {'filter_outliers': True, 'std_devs': 2, 'iterations': 1}
setting fod for H1= {'filter_outliers': True, 'std_devs': 2, 'iterations': 1}
setting fod for PM41= {'filter_outliers': False, 'std_devs': 2, 'iterations': 1}
setting fod for H2= {'filter_outliers': True, 'std_devs': 2, 'iterations': 1}
setting fod for Ar36= {'filter_outliers': True, 'std_devs': 2, 'iterations': 1}
setting fod for CDD= {'filter_outliers': True, 'std_devs': 10, 'iterations': 1}
setting fod for Ar37= {'filter_outliers': True, 'std_devs': 2, 'iterations': 1}
setting fod for L2= {'filter_outliers': True, 'std_devs': 2, 'iterations': 1}
setting fod for Ar38= {'filter_outliers': True, 'std_devs': 2, 'iterations': 1}
setting fod for L1= {'filter_outliers': True, 'std_devs': 2, 'iterations': 1}
setting fod for Ar39= {'filter_outliers': True, 'std_devs': 2, 'iterations': 1}
setting fod for AX= {'filter_outliers': True, 'std_devs': 2, 'iterations': 1}
persistence save...
persistence save - db
post measurement save
6968638064 connecting to database sqlite:////Users/jan/PychronDev/.appdata/local_lab.db
connected to db sqlite:////Users/jan/PychronDev/.appdata/local_lab.db
create new session 6968638064
close session 6968638064
No database instance. Not saving post measurement to isotopedb database
$$$$$$$$$$$$$$$ auto_save_detector_ic=False
massspec enabled True
create new session 4979675504
MassSpec Database Version: 16.0
close session 4979675504
saving post measurement to secondary database
saving to massspec database 129.138.12.160/massspecdata
setting labnumber to 25326
setting aliquot to 2
setting step to 
setting uuid to 0d5d9dd8-4eda-4aa1-82ac-c07dda69f0a5
setting irradpos to 25326
setting extract_device to Fusions CO2
setting tray to 
setting position to 182
setting power_requested to 5.0
setting extract_value to 5.0
setting duration to 30.0
setting duration_at_request to 30.0
setting first_stage_delay to 30.0
setting cleanup to 30.0
setting comment to K:15
setting irradiation to NM-288
setting level to K
setting irradiation_level to K
setting sample to FC-2
setting material to Sanidine
setting project to Irradiation-NM-288
setting mass_spectrometer to Jan
no attribute chron_dosages
no attribute production_ratios
no attribute interference_corrections
no attribute production_name
no attribute j
Reference Isotope=Ar40
Reference Detector=H1
%%%%%%%%%%%%%%%%%%%% Comment: K:15 %%%%%%%%%%%%%%%%%%%
adding isotope PM41 H2
add baseline dbdet= PM41. original det= H2
get baseline data PM41 H2
Get data baseline <pychron.processing.isotope.Baseline object at 0x1a4445b50> len t=60
baseline PM41. v=-0.191400285027, e=0.00663967343278
get signal data PM41 H2
Get data signal PM41 0.16+/-0.07 len t=120
adding isotope Ar40 H1
add baseline dbdet= Ar40. original det= H1
get baseline data Ar40 H1
Get data baseline <pychron.processing.isotope.Baseline object at 0x1a4445850> len t=60
baseline Ar40. v=0.0109437223357, e=0.00648564092244
get signal data Ar40 H1
Get data signal Ar40 2012.74+/-0.10 len t=120
adding isotope Ar39 AX
add baseline dbdet= Ar39. original det= AX
get baseline data Ar39 AX
Get data baseline <pychron.processing.isotope.Baseline object at 0x1a2a76ed0> len t=60
baseline Ar39. v=-0.0869316773779, e=0.00819965304972
get signal data Ar39 AX
Get data signal Ar39 245.272+/-0.032 len t=120
adding isotope Ar38 L1
add baseline dbdet= Ar38. original det= L1
get baseline data Ar38 L1
Get data baseline <pychron.processing.isotope.Baseline object at 0x1a2a769d0> len t=60
baseline Ar38. v=-0.0183260585208, e=0.00261791582278
get signal data Ar38 L1
Get data signal Ar38 3.200+/-0.006 len t=120
adding isotope Ar37 L2
add baseline dbdet= Ar37. original det= L2
get baseline data Ar37 L2
Get data baseline <pychron.processing.isotope.Baseline object at 0x1a2a76290> len t=60
baseline Ar37. v=-0.0157278579339, e=0.00764460280815
get signal data Ar37 L2
Get data signal Ar37 0.699+/-0.010 len t=120
adding isotope Ar36 CDD
add baseline dbdet= Ar36. original det= CDD
get baseline data Ar36 CDD
Get data baseline <pychron.processing.isotope.Baseline object at 0x1a2a76150> len t=60
baseline Ar36. v=0.00042922861323, e=2.91980718087e-05
get signal data Ar36 CDD
Get data signal Ar36 0.01991+/-0.00033 len t=120
25326-02 added analysis time 0.551142215729s
analysis added to mass spec database
mass spec save time= 0.568
persistence save - dvc
================= post measurement started
create new session 4982376208
close session 4982376208
---------------- Experiment Queue saving disabled
DVC saving peakcenter
Failed to find a valid peak. No peak greater than 1.0. max = 0.030955713454
Smart pull ahead: 0 behind: 0
Up-to-date with origin
add to repo msg=modified - ad8224ebc6dbfeb9f5997218dfa5fe690569839d.json
add to repo msg=modified - 26-02.json
add to repo msg=modified - 26-02.dat.json
add to repo msg=modified - 26-02.blan.json
add to repo msg=modified - 26-02.inte.json
add to repo msg=modified - 26-02.icfa.json
add to repo msg=modified - 26-02.base.json
not at valid file /Users/jan/PychronDev/data/.dvc/repositories/Load1788/253/tags/26-02.tags.json
add to repo msg=modified - 26-02.peak.json
add to repo msg=modified - 26-02.extr.json
not at valid file /Users/jan/PychronDev/data/.dvc/repositories/Load1788/253/monitor/26-02.moni.json
commit message=<COLLECTION>
add to repo msg=modified - 26-02.inte.json
add to repo msg=modified - 26-02.base.json
commit message=<ISOEVO> default collection fits
add to repo msg=modified - 26-02.blan.json
commit message=<BLANKS> preceding ba-01-J-2293
add to repo msg=modified - 26-02.icfa.json
set states for children of Z. state=False
handle state [('Z', False)]
update switch state Z False args=() kw={'refresh': False} ncanvase=2
refresh_canvas_needed fired
commit message=<ICFactor> default
State checksums do not match. Local:1104366075 Remote:-1390328053
State checksum failed
push repository <pychron.git_archive.repo_manager.GitRepoManager object at 0x19685c830>
pushing to remote=origin, url=https://github.com
set states for children of C. state=False
handle state [('C', False)]
update switch state C False args=() kw={'refresh': False} ncanvase=2
refresh_canvas_needed fired
set states for children of P. state=False
handle state [('P', False)]
update switch state P False args=() kw={'refresh': False} ncanvase=2
refresh_canvas_needed fired
no changes to meta repo
set states for children of Y. state=True
handle state [('Y', True)]
update switch state Y True args=() kw={'refresh': False} ncanvase=2
refresh_canvas_needed fired
create new session 4982376208
add association Load1788
get identifier "25326"
setting analysis irradiation position=<pychron.dvc.dvc_orm.IrradiationPositionTbl object at 0x1a46bc890>
close session 4982376208
================= post measurement finished
22:34:42 -- ******* Post Run Check *******
loading queue conditionals post_run_actions
loading system conditionals post_run_actions
loading conditionals from /Users/jan/PychronDev/setupfiles/spectrometer/default_conditionals.yaml
loading queue conditionals post_run_terminations
loading system conditionals post_run_terminations
loading conditionals from /Users/jan/PychronDev/setupfiles/spectrometer/default_conditionals.yaml
Checking default post run terminations n=1
GetDeflection CDD ===>> 50
testing CDD==2000
evaluate ot="CDD.deflection==2000" t="CDD==2000", ctx="{'CDD': 50.0}"
22:34:42 -- ******* Post Run Check Passed *******
22:34:42 -- Automated run 25326-02 success duration: 365.252 s
----------------- finish -----------------
----------------- stop -----------------
retroactive repository identifiers disabled
finish run. runs completed=82
update duration runid=25326-02, duration=365.252496004, md5=301e91d8
loading script "jan_unknown120_60.py"
loading script "jan_pump_ms.py"
loading script "jan_co2.py"
loading script "jan_pump_extraction_line.py"
testing...
no interpolation path defined
executed snippet estimated_duration=213.652928, duration=0.000332117080688
script duration name:unknown120_60 seconds:214.0
loading script "jan_unknown120_60.py"
loading script "jan_pump_ms.py"
loading script "jan_co2.py"
loading script "jan_pump_extraction_line.py"
testing...
no interpolation path defined
executed snippet estimated_duration=0, duration=4.10079956055e-05
loading script "jan_unknown120_60.py"
loading script "jan_pump_ms.py"
loading script "jan_co2.py"
loading script "jan_pump_extraction_line.py"
testing...
no interpolation path defined
calculate duration
testing...
no interpolation path defined
executed snippet estimated_duration=0, duration=5.41210174561e-05
calculate duration
testing...
no interpolation path defined
executed snippet estimated_duration=0, duration=9.82284545898e-05
executed snippet estimated_duration=0.0, duration=0.00273299217224
script duration name:co2 seconds:0.0
loading script "jan_unknown120_60.py"
loading script "jan_pump_ms.py"
loading script "jan_co2.py"
loading script "jan_pump_extraction_line.py"
testing...
no interpolation path defined
calculate duration
testing...
no interpolation path defined
executed snippet estimated_duration=4.0, duration=0.000148057937622
executed snippet estimated_duration=4.0, duration=0.00142502784729
Script duration 214.0
Run total estimated duration= 215.000
unknown120_60 in script context. using previous estimated duration
script duration name:unknown120_60 seconds:214.0
pump_ms in script context. using previous estimated duration
co2 in script context. using previous estimated duration
script duration name:co2 seconds:0.0
pump_extraction_line in script context. using previous estimated duration
Script duration 214.0
Run total estimated duration= 215.000
script duration name:unknown120_60 seconds:214.0
script duration name:co2 seconds:0.0
Script duration 214.0
Run total estimated duration= 215.000
loading script "jan_unknown400_120.py"
loading script "jan_pump_ms.py"
loading script "jan_cocktail_x1.py"
loading script "jan_pump_extraction_line.py"
testing...
no interpolation path defined
executed snippet estimated_duration=556.052928, duration=0.000293016433716
script duration name:unknown400_120 seconds:556.0
loading script "jan_unknown400_120.py"
loading script "jan_pump_ms.py"
loading script "jan_cocktail_x1.py"
loading script "jan_pump_extraction_line.py"
testing...
no interpolation path defined
calculate duration
testing...
no interpolation path defined
executed snippet estimated_duration=0, duration=4.88758087158e-05
calculate duration
testing...
no interpolation path defined
executed snippet estimated_duration=0, duration=9.89437103271e-05
calculate duration
testing...
no interpolation path defined
executed snippet estimated_duration=32.0, duration=0.000127077102661
calculate duration
testing...
no interpolation path defined
executed snippet estimated_duration=34.0, duration=0.000101089477539
calculate duration
testing...
no interpolation path defined
executed snippet estimated_duration=4.0, duration=6.31809234619e-05
calculate duration
testing...
no interpolation path defined
executed snippet estimated_duration=38.0, duration=9.51290130615e-05
executed snippet estimated_duration=108.0, duration=0.0101101398468
script duration name:cocktail_x1 seconds:108.0
Script duration 664.0
Run total estimated duration= 665.000
script duration name:unknown120_60 seconds:214.0
script duration name:co2 seconds:0.0
Script duration 214.0
Run total estimated duration= 215.000
script duration name:unknown120_60 seconds:214.0
script duration name:co2 seconds:0.0
Script duration 214.0
Run total estimated duration= 215.000
script duration name:unknown120_60 seconds:214.0
script duration name:co2 seconds:0.0
Script duration 214.0
Run total estimated duration= 215.000
script duration name:unknown120_60 seconds:214.0
script duration name:co2 seconds:0.0
Script duration 214.0
Run total estimated duration= 215.000
script duration name:unknown120_60 seconds:214.0
script duration name:co2 seconds:0.0
Script duration 214.0
Run total estimated duration= 215.000
unknown400_120 in script context. using previous estimated duration
script duration name:unknown400_120 seconds:556.0
script duration name:co2 seconds:0.0
Script duration 556.0
Run total estimated duration= 557.000
script duration name:unknown120_60 seconds:214.0
script duration name:co2 seconds:0.0
Script duration 214.0
Run total estimated duration= 215.000
script duration name:unknown120_60 seconds:214.0
script duration name:co2 seconds:0.0
Script duration 214.0
Run total estimated duration= 215.000
script duration name:unknown120_60 seconds:214.0
script duration name:co2 seconds:0.0
Script duration 214.0
Run total estimated duration= 215.000
script duration name:unknown120_60 seconds:214.0
script duration name:co2 seconds:0.0
Script duration 214.0
Run total estimated duration= 215.000
script duration name:unknown120_60 seconds:214.0
script duration name:co2 seconds:0.0
Script duration 214.0
Run total estimated duration= 215.000
script duration name:unknown120_60 seconds:214.0
cocktail_x1 in script context. using previous estimated duration
script duration name:cocktail_x1 seconds:108.0
Script duration 322.0
Run total estimated duration= 323.000
script duration name:unknown120_60 seconds:214.0
script duration name:co2 seconds:0.0
Script duration 214.0
Run total estimated duration= 215.000
script duration name:unknown120_60 seconds:214.0
script duration name:co2 seconds:0.0
Script duration 214.0
Run total estimated duration= 215.000
script duration name:unknown120_60 seconds:214.0
script duration name:co2 seconds:0.0
Script duration 214.0
Run total estimated duration= 215.000
script duration name:unknown120_60 seconds:214.0
script duration name:co2 seconds:0.0
Script duration 214.0
Run total estimated duration= 215.000
script duration name:unknown120_60 seconds:214.0
script duration name:co2 seconds:0.0
Script duration 214.0
Run total estimated duration= 215.000
script duration name:unknown400_120 seconds:556.0
script duration name:co2 seconds:0.0
Script duration 556.0
Run total estimated duration= 557.000
script duration name:unknown400_120 seconds:556.0
loading script "jan_unknown400_120.py"
loading script "jan_pump_ms.py"
loading script "jan_sniffair_x2.py"
loading script "jan_pump_extraction_line.py"
testing...
no interpolation path defined
calculate duration
testing...
no interpolation path defined
executed snippet estimated_duration=0, duration=4.50611114502e-05
calculate duration
testing...
no interpolation path defined
executed snippet estimated_duration=0, duration=0.000101089477539
calculate duration
testing...
no interpolation path defined
executed snippet estimated_duration=32.0, duration=0.000108003616333
calculate duration
testing...
no interpolation path defined
executed snippet estimated_duration=34.0, duration=0.00019097328186
calculate duration
testing...
no interpolation path defined
executed snippet estimated_duration=4.0, duration=6.103515625e-05
calculate duration
testing...
no interpolation path defined
executed snippet estimated_duration=36.0, duration=0.000102996826172
calculate duration
testing...
no interpolation path defined
executed snippet estimated_duration=34.0, duration=0.000133991241455
calculate duration
testing...
no interpolation path defined
executed snippet estimated_duration=4.0, duration=8.58306884766e-05
calculate duration
testing...
no interpolation path defined
executed snippet estimated_duration=36.0, duration=8.51154327393e-05
calculate duration
testing...
no interpolation path defined
executed snippet estimated_duration=70.0, duration=0.000148057937622
executed snippet estimated_duration=250.0, duration=0.0162198543549
script duration name:sniffair_x2 seconds:250.0
Script duration 806.0
Run total estimated duration= 807.000
script duration name:unknown400_120 seconds:556.0
script duration name:cocktail_x1 seconds:108.0
Script duration 664.0
Run total estimated duration= 665.000
script duration name:unknown400_120 seconds:556.0
sniffair_x2 in script context. using previous estimated duration
script duration name:sniffair_x2 seconds:250.0
Script duration 806.0
Run total estimated duration= 807.000
loading script "jan_ic_peak_hop3.py"
loading script "jan_pump_ms.py"
loading script "jan_sniffair_x1.py"
loading script "jan_pump_extraction_line.py"
testing...
no interpolation path defined
executed snippet estimated_duration=133.8, duration=0.00727701187134
script duration name:ic_peak_hop3 seconds:134.0
loading script "jan_ic_peak_hop3.py"
loading script "jan_pump_ms.py"
loading script "jan_sniffair_x1.py"
loading script "jan_pump_extraction_line.py"
testing...
no interpolation path defined
calculate duration
testing...
no interpolation path defined
executed snippet estimated_duration=0, duration=4.50611114502e-05
calculate duration
testing...
no interpolation path defined
executed snippet estimated_duration=0, duration=9.60826873779e-05
calculate duration
testing...
no interpolation path defined
executed snippet estimated_duration=32.0, duration=8.48770141602e-05
calculate duration
testing...
no interpolation path defined
executed snippet estimated_duration=34.0, duration=0.00010085105896
calculate duration
testing...
no interpolation path defined
executed snippet estimated_duration=4.0, duration=6.41345977783e-05
calculate duration
testing...
no interpolation path defined
executed snippet estimated_duration=70.0, duration=0.000114917755127
executed snippet estimated_duration=140.0, duration=0.0105528831482
script duration name:sniffair_x1 seconds:140.0
Script duration 274.0
Run total estimated duration= 275.000
script duration name:unknown120_60 seconds:214.0
script duration name:co2 seconds:0.0
Script duration 214.0
Run total estimated duration= 215.000
script duration name:unknown120_60 seconds:214.0
script duration name:co2 seconds:0.0
Script duration 214.0
Run total estimated duration= 215.000
script duration name:unknown120_60 seconds:214.0
script duration name:co2 seconds:0.0
Script duration 214.0
Run total estimated duration= 215.000
script duration name:unknown120_60 seconds:214.0
script duration name:co2 seconds:0.0
Script duration 214.0
Run total estimated duration= 215.000
script duration name:unknown120_60 seconds:214.0
script duration name:co2 seconds:0.0
Script duration 214.0
Run total estimated duration= 215.000
script duration name:unknown120_60 seconds:214.0
script duration name:co2 seconds:0.0
Script duration 214.0
Run total estimated duration= 215.000
script duration name:unknown120_60 seconds:214.0
script duration name:co2 seconds:0.0
Script duration 214.0
Run total estimated duration= 215.000
script duration name:unknown120_60 seconds:214.0
script duration name:co2 seconds:0.0
Script duration 214.0
Run total estimated duration= 215.000
script duration name:unknown120_60 seconds:214.0
script duration name:co2 seconds:0.0
Script duration 214.0
Run total estimated duration= 215.000
script duration name:unknown120_60 seconds:214.0
script duration name:co2 seconds:0.0
Script duration 214.0
Run total estimated duration= 215.000
script duration name:unknown400_120 seconds:556.0
script duration name:co2 seconds:0.0
Script duration 556.0
Run total estimated duration= 557.000
script duration name:unknown120_60 seconds:214.0
script duration name:cocktail_x1 seconds:108.0
Script duration 322.0
Run total estimated duration= 323.000
script duration name:unknown120_60 seconds:214.0
script duration name:co2 seconds:0.0
Script duration 214.0
Run total estimated duration= 215.000
script duration name:unknown120_60 seconds:214.0
script duration name:co2 seconds:0.0
Script duration 214.0
Run total estimated duration= 215.000
script duration name:unknown120_60 seconds:214.0
script duration name:co2 seconds:0.0
Script duration 214.0
Run total estimated duration= 215.000
script duration name:unknown120_60 seconds:214.0
script duration name:co2 seconds:0.0
Script duration 214.0
Run total estimated duration= 215.000
script duration name:unknown400_120 seconds:556.0
script duration name:cocktail_x1 seconds:108.0
Script duration 664.0
Run total estimated duration= 665.000
script duration name:unknown120_60 seconds:214.0
script duration name:co2 seconds:0.0
Script duration 214.0
Run total estimated duration= 215.000
script duration name:unknown120_60 seconds:214.0
script duration name:co2 seconds:0.0
Script duration 214.0
Run total estimated duration= 215.000
script duration name:unknown120_60 seconds:214.0
script duration name:co2 seconds:0.0
Script duration 214.0
Run total estimated duration= 215.000
script duration name:unknown120_60 seconds:214.0
script duration name:co2 seconds:0.0
Script duration 214.0
Run total estimated duration= 215.000
script duration name:unknown120_60 seconds:214.0
script duration name:co2 seconds:0.0
Script duration 214.0
Run total estimated duration= 215.000
script duration name:unknown120_60 seconds:214.0
script duration name:co2 seconds:0.0
Script duration 214.0
Run total estimated duration= 215.000
script duration name:unknown400_120 seconds:556.0
script duration name:co2 seconds:0.0
Script duration 556.0
Run total estimated duration= 557.000
script duration name:unknown400_120 seconds:556.0
script duration name:sniffair_x2 seconds:250.0
Script duration 806.0
Run total estimated duration= 807.000
script duration name:unknown400_120 seconds:556.0
script duration name:sniffair_x2 seconds:250.0
Script duration 806.0
Run total estimated duration= 807.000
ic_peak_hop3 in script context. using previous estimated duration
script duration name:ic_peak_hop3 seconds:134.0
sniffair_x1 in script context. using previous estimated duration
script duration name:sniffair_x1 seconds:140.0
Script duration 274.0
Run total estimated duration= 275.000
script duration name:unknown120_60 seconds:214.0
script duration name:co2 seconds:0.0
Script duration 214.0
Run total estimated duration= 215.000
script duration name:unknown120_60 seconds:214.0
script duration name:co2 seconds:0.0
Script duration 214.0
Run total estimated duration= 215.000
nruns=55 before=5.0, run_dur=17247.0, btw=2430.0
write rem/ex queues
/Users/jan/PychronDev/experiments/rem/CurrentExperiment.rem.txt
/Users/jan/PychronDev/experiments/rem/CurrentExperiment.ex.txt
doing event level: 3
