do run
loading script "jan_unknown120_60.py"
loading script "jan_pump_ms.py"
loading script "jan_co2.py"
loading script "jan_pump_extraction_line.py"
testing...
no interpolation path defined
executed snippet estimated_duration=213.652928, duration=0.000247001647949
script duration name:unknown120_60 seconds:214.0
loading script "jan_unknown120_60.py"
loading script "jan_pump_ms.py"
loading script "jan_co2.py"
loading script "jan_pump_extraction_line.py"
testing...
no interpolation path defined
executed snippet estimated_duration=0, duration=2.28881835938e-05
loading script "jan_unknown120_60.py"
loading script "jan_pump_ms.py"
loading script "jan_co2.py"
loading script "jan_pump_extraction_line.py"
testing...
no interpolation path defined
calculate duration
testing...
no interpolation path defined
executed snippet estimated_duration=0, duration=5.10215759277e-05
calculate duration
testing...
no interpolation path defined
executed snippet estimated_duration=0, duration=0.000144004821777
executed snippet estimated_duration=0.0, duration=0.00283002853394
script duration name:co2 seconds:0.0
loading script "jan_unknown120_60.py"
loading script "jan_pump_ms.py"
loading script "jan_co2.py"
loading script "jan_pump_extraction_line.py"
testing...
no interpolation path defined
calculate duration
testing...
no interpolation path defined
executed snippet estimated_duration=4.0, duration=0.000162124633789
executed snippet estimated_duration=4.0, duration=0.00122809410095
Script duration 214.0
Run total estimated duration= 215.000
run duration: 0:03:35
doing event level: 2
23:16:22 -- Setting default integration. t=1.048576
setting integration time = 1.048576
SetIntegrationTime 1.048576 ===>> OK
----------------- start -----------------
**************** Experiment Type: Ar/Ar, Ar/Ar
create new session 4419362736
close session 4419362736
$$$$$ Clearing conditionals
adding conditionals 
Add queue conditionals
add default conditionals
adding default conditionals from /Users/jan/PychronDev/setupfiles/spectrometer/default_conditionals.yaml
Start automated run 25327-01
loading script "jan_unknown120_60.py"
loading script "jan_pump_ms.py"
loading script "jan_co2.py"
loading script "jan_pump_extraction_line.py"
%%%%%%%%%%%%%%%%%% setting automated run 25327-01
No value "sensitivity_multiplier" in metadata
$$$$$$$$$$$$$$$ auto_save_detector_ic=False
============================= Pre Extraction Check =============================
loading queue conditionals pre_run_terminations
loading system conditionals pre_run_terminations
loading conditionals from /Users/jan/PychronDev/setupfiles/spectrometer/default_conditionals.yaml
23:16:22 -- ******* Pre Extraction Check *******
Get a measurement from the spectrometer
GetData ===>> H2,-0.208243715021272,H1,0.043880359287596,AX,-0.0580325958695098,L1,-0.0284512078843813,L2,-0.00...
Pre Extraction Termination data. keys=H2,H1,AX,L1,L2,CDD, signals=-0.20824,0.04388,-0.05803,-0.02845,-0.00204,0.00461
23:16:22 -- testing system defined conditionals
Checking default pre extraction terminations n=2
testing CDD
evaluate ot="CDD.inactive" t="CDD", ctx="{'CDD': False}"
GetDeflection CDD ===>> 50
testing CDD==2000
evaluate ot="CDD.deflection==2000" t="CDD==2000", ctx="{'CDD': 50.0}"
23:16:22 -- ******* Pre Extraction Check Passed *******
=================================================================================
23:16:22 -- stopping status monitor
stop 4976433200
Alive clients [4982646160]
23:16:22 -- starting status monitor
start 4976433200
Monitor already running
start extraction
do extraction
Analysis started at 23:16:22.398971
Extraction Started jan_co2.py
23:16:22 -- ******* Extraction Started jan_co2.py *******
state changed from not run to extraction
DO EXTRACTION <pychron.extraction_line.pyscript_runner.RemotePyScriptRunner object at 0x12b9a8890>
testing...
no interpolation path defined
calculate duration
testing...
no interpolation path defined
executed snippet estimated_duration=0, duration=5.10215759277e-05
calculate duration
testing...
no interpolation path defined
executed snippet estimated_duration=0, duration=9.41753387451e-05
executed snippet estimated_duration=100.0, duration=0.00261878967285
Jan CO2 laser analysis
doing GOSUB
testing...
no interpolation path defined
executed snippet estimated_duration=0, duration=4.60147857666e-05
Waiting for CO2 access
wait ('FelixCO2Flag', 0) {}
waiting for FelixCO2Flag = 0
Read FelixCO2Flag ===>> 0
finished waiting
CO2 free
wait ('CO2PumpTimeFlag', 0) {}
waiting for CO2PumpTimeFlag = 0
Read CO2PumpTimeFlag ===>> 0
finished waiting
acquire ('JanCO2Flag',) {'clear': True}
acquire JanCO2Flag
Set JanCO2Flag 1 ===>> OK
JanCO2Flag acquired
set extraction state False (0.75, 'red', 1.5)
CO2 acquired
executed snippet estimated_duration=0, duration=0.0162959098816
WaitForCO2Access.py completed successfully
gosub finished
doing GOSUB
testing...
no interpolation path defined
executed snippet estimated_duration=0, duration=0.000143051147461
Prepare for CO2 analysis
close () {'description': 'Jan Inlet'}
closing name=--- desc=Jan Inlet
checking ownership. requestor=129.138.12.150
check software interlocks R
interlocks []
actuate state mode=None-script, software_lock=False
doing actuation None-script close_channel False
Close R ===>> OK
GetIndicatorState R ===>> False
change switch state (True, True)
update switch state R False args=() kw={} ncanvase=2
23:16:22 -- CLOSE  VALVE-R (Jan Inlet)
---------------------------------------- close None (Jan Inlet) result=[(True, True)]
action=close, ok=True, locked=[False]
open () {'description': 'Jan Ion Pump'}
opening name=--- desc=Jan Ion Pump
checking ownership. requestor=129.138.12.150
check software interlocks O
interlocks []
actuate state mode=None-script, software_lock=False
doing actuation None-script open_channel False
Open O ===>> OK
GetIndicatorState O ===>> OK
change switch state (True, True)
update switch state O True args=() kw={} ncanvase=2
23:16:23 -- OPEN   VALVE-O (Jan Ion Pump)
---------------------------------------- open None (Jan Ion Pump) result=[(True, True)], time=0.08 sec
action=open, ok=True, locked=[False]
close () {'description': 'Microbone to Minibone'}
closing name=--- desc=Microbone to Minibone
checking ownership. requestor=129.138.12.150
check software interlocks L
interlocks []
actuate state mode=None-script, software_lock=False
doing actuation None-script close_channel False
Close L ===>> OK
GetIndicatorState L ===>> False
change switch state (True, True)
update switch state L False args=() kw={} ncanvase=2
23:16:23 -- CLOSE  VALVE-L (Microbone to Minibone)
---------------------------------------- close None (Microbone to Minibone) result=[(True, True)]
action=close, ok=True, locked=[False]
open () {'description': 'Microbone to Turbo'}
opening name=--- desc=Microbone to Turbo
checking ownership. requestor=129.138.12.150
check software interlocks U
interlocks []
actuate state mode=None-script, software_lock=False
doing actuation None-script open_channel False
Open U ===>> OK
GetIndicatorState U ===>> OK
change switch state (True, True)
update switch state U True args=() kw={} ncanvase=2
23:16:24 -- OPEN   VALVE-U (Microbone to Turbo)
---------------------------------------- open None (Microbone to Turbo) result=[(True, True)], time=0.12 sec
action=open, ok=True, locked=[False]
open () {'description': 'Microbone to Inlet Pipette'}
opening name=--- desc=Microbone to Inlet Pipette
checking ownership. requestor=129.138.12.150
check software interlocks S
interlocks []
actuate state mode=None-script, software_lock=False
doing actuation None-script open_channel False
Open S ===>> OK
GetIndicatorState S ===>> OK
change switch state (True, True)
update switch state S True args=() kw={} ncanvase=2
23:16:24 -- OPEN   VALVE-S (Microbone to Inlet Pipette)
---------------------------------------- open None (Microbone to Inlet Pipette) result=[(True, True)], time=0.41 sec
action=open, ok=True, locked=[False]
open () {'description': 'Microbone to Getter D-50'}
opening name=--- desc=Microbone to Getter D-50
checking ownership. requestor=129.138.12.150
check software interlocks K
interlocks []
actuate state mode=None-script, software_lock=False
doing actuation None-script open_channel False
Open K ===>> OK
GetIndicatorState K ===>> OK
change switch state (True, True)
update switch state K True args=() kw={} ncanvase=2
23:16:25 -- OPEN   VALVE-K (Microbone to Getter D-50)
---------------------------------------- open None (Microbone to Getter D-50) result=[(True, True)], time=0.42 sec
action=open, ok=True, locked=[False]
open () {'description': 'Microbone to Getter NP-10'}
opening name=--- desc=Microbone to Getter NP-10
checking ownership. requestor=129.138.12.150
check software interlocks M
interlocks []
actuate state mode=None-script, software_lock=False
doing actuation None-script open_channel False
Open M ===>> OK
GetIndicatorState M ===>> OK
change switch state (True, True)
update switch state M True args=() kw={} ncanvase=2
23:16:25 -- OPEN   VALVE-M (Microbone to Getter NP-10)
---------------------------------------- open None (Microbone to Getter NP-10) result=[(True, True)], time=0.14 sec
action=open, ok=True, locked=[False]
close () {'description': 'CO2 Laser to Felix'}
closing name=--- desc=CO2 Laser to Felix
checking ownership. requestor=129.138.12.150
check software interlocks F
interlocks []
actuate state mode=None-script, software_lock=True
VALVE-F(CO2 Laser to Felix) software locked
change switch state (True, False)
---------------------------------------- close None (CO2 Laser to Felix) result=[(True, False)]
action=close, ok=True, locked=[True]
open () {'description': 'CO2 Laser to Jan'}
opening name=--- desc=CO2 Laser to Jan
checking ownership. requestor=129.138.12.150
check software interlocks A
interlocks []
actuate state mode=None-script, software_lock=False
doing actuation None-script open_channel False
Open A ===>> OK
GetIndicatorState A ===>> OK
change switch state (True, True)
update switch state A True args=() kw={} ncanvase=2
23:16:26 -- OPEN   VALVE-A (CO2 Laser to Jan)
---------------------------------------- open None (CO2 Laser to Jan) result=[(True, True)], time=0.12 sec
action=open, ok=True, locked=[False]
open () {'description': 'Microbone to CO2 Laser'}
opening name=--- desc=Microbone to CO2 Laser
checking ownership. requestor=129.138.12.150
check software interlocks T
interlocks []
actuate state mode=None-script, software_lock=False
doing actuation None-script open_channel False
Open T ===>> OK
GetIndicatorState T ===>> OK
change switch state (True, True)
update switch state T True args=() kw={} ncanvase=2
23:16:27 -- OPEN   VALVE-T (Microbone to CO2 Laser)
---------------------------------------- open None (Microbone to CO2 Laser) result=[(True, True)], time=0.42 sec
action=open, ok=True, locked=[False]
executed snippet estimated_duration=0, duration=4.88662981987
PrepareForCO2Analysis.py completed successfully
gosub finished
set_motor ('beam', '1.25') {}
setting motor "beam" to 1.25
set motor beam to 1.25
SetMotor beam,1.25 ===>> OK
GetMotorMoving beam ===>> False
GetMotorMoving beam ===>> False
Block completed
move_to_position ('187',) {'autocenter': True}
FusionsCO2 move to position 187
sending GoToHole 187,True
GoToHole 187,True ===>> OK
GetDriveMoving ===>> OK
GetDriveMoving ===>> OK
GetDriveMoving ===>> OK
GetDriveMoving ===>> OK
GetDriveMoving ===>> OK
GetDriveMoving ===>> OK
GetDriveMoving ===>> False
GetDriveMoving ===>> OK
GetDriveMoving ===>> OK
GetDriveMoving ===>> OK
GetDriveMoving ===>> OK
GetDriveMoving ===>> OK
GetDriveMoving ===>> OK
GetDriveMoving ===>> False
Block completed
GetAutoCorrecting ===>> False
set states for children of W. state=False
handle state [('W', False)]
update switch state W False args=() kw={'refresh': False} ncanvase=2
refresh_canvas_needed fired
GetAutoCorrecting ===>> False
Block completed
update position
GetPosition ===>> -5.98170,-9.96950,1.00000
got position (-5.9817, -9.9695, 1.0)
move to position succeeded
sleep (5,) {}
SLEEP 5.0
block started
WaitControl setup for 5.0  
set states for children of X. state=True
handle state [('X', True)]
update switch state X True args=() kw={'refresh': False} ncanvase=2
refresh_canvas_needed fired
Join finished
block finished. duration 5.03622603416
close () {'description': 'Microbone to Turbo'}
closing name=--- desc=Microbone to Turbo
checking ownership. requestor=129.138.12.150
check software interlocks U
interlocks []
actuate state mode=None-script, software_lock=False
doing actuation None-script close_channel True
Close U ===>> OK
GetIndicatorState U ===>> False
change switch state (True, True)
update switch state U False args=() kw={} ncanvase=2
23:16:38 -- CLOSE  VALVE-U (Microbone to Turbo)
---------------------------------------- close None (Microbone to Turbo) result=[(True, True)]
action=close, ok=True, locked=[False]
enable laser
enable () {}
set extraction state FusionsCO2 Enabled (False, 'red', 1.5)
enabling laser
Enable ===>> OK
begin interval
BEGIN INTERVAL Interval 1 waiting for 30.0
block started
set extract to 5.0
WaitControl setup for 30.0  
extract (5.0,) {}
GetPosition ===>> -5.98170,-9.96950,1.00000
set extraction state FusionsCO2 ON! 5.0(watts) (0.75, 'red', 1.5)
extract sample to 5.0 (watts)
set laser output
SetLaserOutput 5.0,watts ===>> OK
executing pattern triangle.lp
execute_pattern ('triangle.lp',) {}
executing pattern triangle.lp
IsPatterning ===>> OK
IsPatterning ===>> OK
IsPatterning ===>> OK
IsPatterning ===>> OK
IsPatterning ===>> OK
IsPatterning ===>> OK
IsPatterning ===>> OK
IsPatterning ===>> OK
IsPatterning ===>> OK
IsPatterning ===>> OK
set states for children of X. state=False
handle state [('X', False)]
update switch state X False args=() kw={'refresh': False} ncanvase=2
refresh_canvas_needed fired
IsPatterning ===>> OK
IsPatterning ===>> OK
set states for children of C. state=False
handle state [('C', False)]
update switch state C False args=() kw={'refresh': False} ncanvase=2
refresh_canvas_needed fired
IsPatterning ===>> OK
IsPatterning ===>> OK
set states for children of P. state=False
handle state [('P', False)]
update switch state P False args=() kw={'refresh': False} ncanvase=2
refresh_canvas_needed fired
IsPatterning ===>> OK
IsPatterning ===>> OK
set states for children of W. state=True
handle state [('W', True)]
update switch state W True args=() kw={'refresh': False} ncanvase=2
refresh_canvas_needed fired
IsPatterning ===>> OK
IsPatterning ===>> OK
IsPatterning ===>> OK
IsPatterning ===>> OK
IsPatterning ===>> OK
IsPatterning ===>> OK
IsPatterning ===>> OK
IsPatterning ===>> OK
IsPatterning ===>> OK
IsPatterning ===>> OK
IsPatterning ===>> False
IsPatterning ===>> False
Block completed
COMPLETE INTERVAL waiting for Interval 1 to complete
Join finished
block finished. duration 30.0853850842
Interval 1 finished
end_extract () {}
ending extraction. set laser power to 0
set laser power 0
SetLaserPower 0 ===>> OK
disable () {}
%%%%%%%%%%%%%%%%%%%%%%%%%%%%%%%%%%% disable
set extraction state False (0.75, 'red', 1.5)
disabling laser
Disable ===>> OK
sleep (30.0,) {}
SLEEP 30.0
block started
WaitControl setup for 30.0  
set states for children of W. state=False
handle state [('W', False)]
update switch state W False args=() kw={'refresh': False} ncanvase=2
refresh_canvas_needed fired
set states for children of X. state=True
handle state [('X', True)]
update switch state X True args=() kw={'refresh': False} ncanvase=2
refresh_canvas_needed fired
set states for children of X. state=False
handle state [('X', False)]
update switch state X False args=() kw={'refresh': False} ncanvase=2
refresh_canvas_needed fired
set states for children of W. state=True
handle state [('W', True)]
update switch state W True args=() kw={'refresh': False} ncanvase=2
refresh_canvas_needed fired
Join finished
block finished. duration 30.0799438953
executed snippet estimated_duration=166.5, duration=77.6564459801
jan_co2.py completed successfully
GetAchievedOutput ===>> No Response
Requested Output= 0.000
Achieved Output=  0.000
GetResponseBlob ===>> No Response
GetOutputBlob ===>> No Response
persistence save...
persistence save - db
AutomatedRunPersister post_extraction_save deprecated
persistence save - dvc
no extraction position for 187
create new session 4982376208
close session 4982376208
Extraction Finished
23:17:40 -- ******* Extraction Finished *******
no overlap. not waiting for min ms pumptime
23:17:40 -- Sending spectrometer configuration
======== Sending configuration ========
SetDeflection CDD,50.0 ===>> OK
SetDeflection H2,0.0 ===>> OK
SetDeflection H1,0.0 ===>> OK
SetDeflection L2,825.0 ===>> OK
SetDeflection L1,400.0 ===>> OK
SetDeflection AX,190.0 ===>> OK
SetZFocus 74.64 ===>> OK
SetZSymmetry -50.72 ===>> OK
SetExtractionLens 26.13 ===>> OK
SetIonRepeller -3.81 ===>> OK
SetElectronEnergy 75.08 ===>> OK
SetYSymmetry -2.81 ===>> OK
SetIonCounterVoltage 1590.0 ===>> OK
send trap current 200.0
GetParameter Trap Current Readback ===>> 198.147042666178
SetParameter Trap Current Set,200.0 ===>> OK
updating mftable name mftable
Using mftable located at /Users/jan/PychronDev/setupfiles/spectrometer/mftables/mftable.csv
============ MFtable ===========
Isotope  H2     H1     AX     L1     L2     CDD    
Ar40     5.8011 5.8792 5.9926 6.1410 6.2310 6.3692
Ar39     5.7003 5.7715 5.8850 6.0270 6.1162 6.2557
Ar36     5.3778 5.4405 5.5484 5.6859 5.7711 5.9068
================================
get initial guess parabolic
get initial guess parabolic
get initial guess parabolic
get initial guess parabolic
get initial guess parabolic
get initial guess parabolic
======== Configuration Finished ========
GetYSymmetry ===>> -2.81
GetZSymmetry ===>> -50.72
GetParameter Trap Current Readback ===>> 198.147042666178
GetHighVoltage ===>> 4500
start measurement
do measurement
L#=25327 analysis type=unknown
Measurement Started jan_unknown120_60.py
23:17:40 -- ******* Measurement Started jan_unknown120_60.py *******
state changed from extraction to measurement
setting spec, defl, and gains
GetExtractionLens ===>> 26.13
GetYSymmetry ===>> -2.81
GetZSymmetry ===>> -50.72
GetZFocus ===>> 74.64
GetDeflection H2 ===>> 0
GetDeflection H1 ===>> 0
GetDeflection AX ===>> 190
GetDeflection L1 ===>> 400
GetDeflection L2 ===>> 825
GetDeflection CDD ===>> 50
GetGain H2 ===>> 0.0113
GetGain H1 ===>> 0.1
GetGain AX ===>> 0.097049
GetGain L1 ===>> 0.010355
GetGain L2 ===>> 0.095649
GetGain CDD ===>> 0
pre measurement save
New frame /Users/jan/PychronDev/data/isotopes/36/205600-4a59-4b13-b5ad-fd0e9414bffa.h5
flush and close file /Users/jan/PychronDev/data/isotopes/36/205600-4a59-4b13-b5ad-fd0e9414bffa.h5
testing...
no interpolation path defined
executed snippet estimated_duration=226.132928, duration=0.000194072723389
unknown measurement script
activate_detectors ('H2', 'H1', 'AX', 'L1', 'L2', 'CDD') {}
activate detectors
*************** Set Analysis View Ar/Ar
create graphs
clearing graphs
clear isotope group
setting isotope det=H2, iso=PM41
setting isotope det=H1, iso=Ar40
setting isotope det=AX, iso=Ar39
setting isotope det=L1, iso=Ar38
setting isotope det=L2, iso=Ar37
setting isotope det=CDD, iso=Ar36
setting previous blanks
 - setting Ar40 blank 0.213+/-0.007
 - setting Ar36 blank 0.00421+/-0.00016
 - setting Ar37 blank 0.044+/-0.005
 - setting Ar38 blank 0.0165+/-0.0022
 - setting PM41 blank 0.03+/-0.07
 - setting Ar39 blank 0.032+/-0.009
load analysis view
position_magnet ('Ar40',) {'detector': 'H1'}
detector Detector(H1)
POSITION Ar40 H1
setting detector H2 to PM41 (40.9624)
setting detector H1 to Ar40 (39.9624)
setting detector AX to Ar39 (38.9624)
setting detector L1 to Ar38 (37.9624)
setting detector L2 to Ar37 (36.9624)
setting detector CDD to Ar36 (35.9624)
Mapping mass to dac mass func: "parabolic"
H1 map mass coeffs = [-0.00063987  0.15840543  0.57082999]
H1 map mass to dac 39.9624 >> 5.87922
GetDeflection H1 ===>> 0
GetHighVoltage ===>> 4500
positioning Ar40 (5.87922) on H1
setting magnet DAC
current  : 5.879224
requested: 5.879220
Delta Dac: 0.000004
Checking detector protection. dv=0.00000
Checking detector "CDD". Protection Threshold: 0.1 (V)
SetMagnetDAC 5.87922 ===>> OK
Magnet settling time: 0.500
equilibrate () {'delay': 3, 'inlet': 'R', 'outlet': 'O', 'eqtime': 12.0}
Equilibration Started
23:17:42 -- ******* Equilibration Started *******
checking ownership. requestor=129.138.12.150
check software interlocks O
interlocks []
actuate state mode=None-script, software_lock=False
doing actuation None-script close_channel True
Close O ===>> OK
GetIndicatorState O ===>> False
change switch state (True, True)
update switch state O False args=() kw={} ncanvase=2
23:17:42 -- CLOSE  VALVE-O (Jan Ion Pump)
waiting 3s before opening inlet value ('R',)
update labels <pychron.experiment.plot_panel.PlotPanel object at 0x1b10124d0>
update labels "<pychron.graph.stacked_regression_graph.StackedRegressionGraph object at 0x1a08a2170>"
setting label 0 H2 PM41
setting label 1 H1 Ar40
setting label 2 AX Ar39
setting label 3 L1 Ar38
setting label 4 L2 Ar37
setting label 5 CDD Ar36
update labels "<pychron.graph.stacked_graph.StackedGraph object at 0x1a4217dd0>"
setting label 0 H2 PM41
setting label 1 H1 Ar40
setting label 2 AX Ar39
setting label 3 L1 Ar38
setting label 4 L2 Ar37
setting label 5 CDD Ar36
checking ownership. requestor=129.138.12.150
check software interlocks R
interlocks []
actuate state mode=None-script, software_lock=False
doing actuation None-script open_channel True
Open R ===>> OK
set states for children of R. state=True
handle state [('R', True)]
update switch state R True args=() kw={'refresh': False} ncanvase=2
refresh_canvas_needed fired
GetIndicatorState R ===>> OK
change switch state (True, True)
update switch state R True args=() kw={} ncanvase=2
23:17:45 -- OPEN   VALVE-R (Jan Inlet)
set_time_zero () {}
equilibrating for 12.0sec
sniff (12.0,) {}
py_sniff
build tables- sniff [Detector(H2), Detector(H1), Detector(AX), Detector(L1), Detector(L2), Detector(CDD)]
add group /sniff/PM41 (Group) '' table H2
add group /sniff/Ar40 (Group) '' table H1
add group /sniff/Ar39 (Group) '' table AX
add group /sniff/Ar38 (Group) '' table L1
add group /sniff/Ar37 (Group) '' table L2
add group /sniff/Ar36 (Group) '' table CDD
flush and close file /Users/jan/PychronDev/data/isotopes/36/205600-4a59-4b13-b5ad-fd0e9414bffa.h5
measuring sniff. ncounts=12.0
"sniff" increment series count="1" fit count="0" regressing="False"
starting measurement
GetData ===>> H2,-0.116865804569823,H1,0.0257306749394949,AX,-0.239432414144619,L1,-0.0175020125306736,L2,-0.02...
GetData ===>> H2,0.446799391291581,H1,501.057858636562,AX,66.4264741072372,L1,0.260586180973887,L2,0.4238493977...
GetData ===>> H2,0.815866564281707,H1,1420.35184730061,AX,182.008600687722,L1,1.2197661773278,L2,0.572488097268...
GetData ===>> H2,0.366349731852574,H1,1742.80180737839,AX,217.34223690991,L1,1.97343891867367,L2,0.519635250246...
GetData ===>> H2,0.219856556173081,H1,1851.79555327853,AX,228.011844616415,L1,2.39481968003107,L2,0.59432811604...
State checksums do not match. Local:663752344 Remote:1097908818
State checksum failed
GetData ===>> H2,0.108646643357864,H1,1893.91452260316,AX,231.999300445129,L1,2.62931734483911,L2,0.47400680674...
set states for children of W. state=False
handle state [('W', False)]
update switch state W False args=() kw={'refresh': False} ncanvase=2
refresh_canvas_needed fired
GetData ===>> H2,-0.0221081201598164,H1,1910.94881927937,AX,233.817496516056,L1,2.77193065603414,L2,0.551316029...
GetData ===>> H2,-0.0518040643538655,H1,1918.69421042791,AX,234.40921782437,L1,2.81726654522317,L2,0.5255660286...
set states for children of X. state=True
handle state [('X', True)]
update switch state X True args=() kw={'refresh': False} ncanvase=2
refresh_canvas_needed fired
GetData ===>> H2,-0.0475884145075001,H1,1921.44635007665,AX,234.717487361861,L1,2.88637738062374,L2,0.522297770...
GetData ===>> H2,-0.086348175192393,H1,1923.00532098294,AX,234.697783046026,L1,2.95478686701641,L2,0.3920892191...
GetData ===>> H2,-0.132827068830675,H1,1922.84926312085,AX,235.076593221198,L1,2.95531794357171,L2,0.5765126903...
Equilibration Finished
23:17:57 -- ******* Equilibration Finished *******
checking ownership. requestor=129.138.12.150
check software interlocks R
interlocks []
actuate state mode=None-script, software_lock=False
doing actuation None-script close_channel True
GetData ===>> H2,-0.0502420399807151,H1,1922.93546789633,AX,234.998900651028,L1,2.97308341135691,L2,0.455825455...
Close R ===>> OK
GetIndicatorState R ===>> False
change switch state (True, True)
update switch state R False args=() kw={} ncanvase=2
23:17:58 -- CLOSE  VALVE-R (Jan Inlet)
Post Equilibration Started jan_pump_extraction_line.py
23:17:58 -- ******* Post Equilibration Started jan_pump_extraction_line.py *******
testing...
no interpolation path defined
calculate duration
testing...
no interpolation path defined
executed snippet estimated_duration=4.0, duration=0.000204086303711
executed snippet estimated_duration=4.0, duration=0.00179386138916
Pump after analysis
doing GOSUB
testing...
no interpolation path defined
executed snippet estimated_duration=4.0, duration=0.000135898590088
Pump Microbone
close () {'description': 'Jan Inlet'}
closing name=--- desc=Jan Inlet
checking ownership. requestor=129.138.12.150
check software interlocks R
interlocks []
actuate state mode=None-script, software_lock=False
doing actuation None-script close_channel False
Close R ===>> OK
measurement finished
estimated time: 12.583 actual time: :12.679
flush and close file /Users/jan/PychronDev/data/isotopes/36/205600-4a59-4b13-b5ad-fd0e9414bffa.h5
set_fits () {}
using default fits file=/Users/jan/PychronDev/scripts/measurement/fits/nominal_linear.yaml
set "Ar40" to "('Linear', 'SEM')"
No fit for "PM41". defaulting to linear. check the measurement script "jan_unknown120_60.py"
set "PM41" to "linear"
set "Ar36" to "('Linear', 'SEM')"
set "Ar37" to "('linear', 'SEM')"
set "Ar38" to "('linear', 'SEM')"
set "Ar39" to "('Linear', 'SEM')"
set_baseline_fits () {}
GetIndicatorState R ===>> False
using default fits file=/Users/jan/PychronDev/scripts/measurement/fits/nominal_linear.yaml
change switch state (True, True)
update switch state R False args=() kw={} ncanvase=2
set "H1" to "('average', 'SEM')"
set "H2" to "('average', 'SEM')"
set "CDD" to "('average', 'SEM')"
set "L2" to "('average', 'SEM')"
set "L1" to "('average', 'SEM')"
set "AX" to "('average', 'SEM')"
multicollect () {'integration_time': 1, 'ncounts': 120}
23:17:58 -- CLOSE  VALVE-R (Jan Inlet)
build tables- signal [Detector(H2), Detector(H1), Detector(AX), Detector(L1), Detector(L2), Detector(CDD)]
---------------------------------------- close None (Jan Inlet) result=[(True, True)]
add group /signal/PM41 (Group) '' table H2
add group /signal/Ar40 (Group) '' table H1
add group /signal/Ar39 (Group) '' table AX
add group /signal/Ar38 (Group) '' table L1
add group /signal/Ar37 (Group) '' table L2
add group /signal/Ar36 (Group) '' table CDD
flush and close file /Users/jan/PychronDev/data/isotopes/36/205600-4a59-4b13-b5ad-fd0e9414bffa.h5
measuring signal. ncounts=120
action=close, ok=True, locked=[False]
is_closed ('F',) {}
is F () closed?
is closed True
open () {'description': 'CO2 Laser to Jan'}
opening name=--- desc=CO2 Laser to Jan
checking ownership. requestor=129.138.12.150
check software interlocks A
interlocks []
actuate state mode=None-script, software_lock=False
doing actuation None-script open_channel False
Open A ===>> OK
GetIndicatorState A ===>> OK
change switch state (True, True)
update switch state A True args=() kw={} ncanvase=2
23:17:59 -- OPEN   VALVE-A (CO2 Laser to Jan)
---------------------------------------- open None (CO2 Laser to Jan) result=[(True, True)], time=0.13 sec
starting measurement
GetData ===>> H2,0.0309944264354489,H1,1923.45118767005,AX,235.189352236645,L1,3.05028224301668,L2,0.5645423082...
action=open, ok=True, locked=[False]
"signal" increment series count="2" fit count="1" regressing="True"
sleep (1,) {}
SLEEP 1.0
GetData ===>> H2,0.0403370617866411,H1,1922.94824864289,AX,234.86332798615,L1,3.0512036149943,L2,0.433276655815...
close () {'description': 'CO2 Laser to Roughing'}
closing name=--- desc=CO2 Laser to Roughing
checking ownership. requestor=129.138.12.150
check software interlocks G
interlocks []
actuate state mode=None-script, software_lock=True
VALVE-G(CO2 Laser to Roughing) software locked
change switch state (True, False)
---------------------------------------- close None (CO2 Laser to Roughing) result=[(True, False)]
action=close, ok=True, locked=[True]
open () {'description': 'Microbone to Turbo'}
opening name=--- desc=Microbone to Turbo
checking ownership. requestor=129.138.12.150
check software interlocks U
interlocks []
actuate state mode=None-script, software_lock=False
doing actuation None-script open_channel True
Open U ===>> OK
GetIndicatorState U ===>> OK
change switch state (True, True)
update switch state U True args=() kw={} ncanvase=2
23:18:00 -- OPEN   VALVE-U (Microbone to Turbo)
---------------------------------------- open None (Microbone to Turbo) result=[(True, True)], time=0.17 sec
action=open, ok=True, locked=[False]
open () {'description': 'Microbone to Getter NP-10'}
opening name=--- desc=Microbone to Getter NP-10
checking ownership. requestor=129.138.12.150
check software interlocks M
interlocks []
actuate state mode=None-script, software_lock=False
doing actuation None-script open_channel False
Open M ===>> OK
GetIndicatorState M ===>> OK
change switch state (True, True)
update switch state M True args=() kw={} ncanvase=2
23:18:01 -- OPEN   VALVE-M (Microbone to Getter NP-10)
---------------------------------------- open None (Microbone to Getter NP-10) result=[(True, True)], time=0.14 sec
action=open, ok=True, locked=[False]
open () {'description': 'Microbone to Getter D-50'}
opening name=--- desc=Microbone to Getter D-50
checking ownership. requestor=129.138.12.150
check software interlocks K
interlocks []
actuate state mode=None-script, software_lock=False
doing actuation None-script open_channel False
GetData ===>> H2,-0.149384318945114,H1,1921.27648650603,AX,234.840444997336,L1,3.00610079862331,L2,0.5473953661...
Open K ===>> OK
GetIndicatorState K ===>> OK
change switch state (True, True)
update switch state K True args=() kw={} ncanvase=2
23:18:01 -- OPEN   VALVE-K (Microbone to Getter D-50)
---------------------------------------- open None (Microbone to Getter D-50) result=[(True, True)], time=0.41 sec
action=open, ok=True, locked=[False]
open () {'description': 'Microbone to CO2 Laser'}
opening name=--- desc=Microbone to CO2 Laser
checking ownership. requestor=129.138.12.150
check software interlocks T
interlocks []
actuate state mode=None-script, software_lock=False
doing actuation None-script open_channel False
Open T ===>> OK
GetIndicatorState T ===>> OK
change switch state (True, True)
update switch state T True args=() kw={} ncanvase=2
23:18:02 -- OPEN   VALVE-T (Microbone to CO2 Laser)
---------------------------------------- open None (Microbone to CO2 Laser) result=[(True, True)], time=0.40 sec
GetData ===>> H2,-0.0898104942466707,H1,1920.77316403231,AX,234.57295050186,L1,2.95317314953253,L2,0.5236690538...
action=open, ok=True, locked=[False]
open () {'description': 'Microbone to Inlet Pipette'}
opening name=--- desc=Microbone to Inlet Pipette
checking ownership. requestor=129.138.12.150
check software interlocks S
interlocks []
actuate state mode=None-script, software_lock=False
doing actuation None-script open_channel False
Open S ===>> OK
GetIndicatorState S ===>> OK
change switch state (True, True)
update switch state S True args=() kw={} ncanvase=2
23:18:03 -- OPEN   VALVE-S (Microbone to Inlet Pipette)
---------------------------------------- open None (Microbone to Inlet Pipette) result=[(True, True)], time=0.41 sec
action=open, ok=True, locked=[False]
sleep (1,) {}
SLEEP 1.0
GetData ===>> H2,0.00496564079529278,H1,1920.06665209226,AX,234.457081747576,L1,3.01575048643171,L2,0.549338532...
set_resource () {'name': 'CO2PumpTimeFlag', 'value': 30}
Set CO2PumpTimeFlag 30 ===>> OK
release ('JanCO2Flag',) {}
release JanCO2Flag
Set JanCO2Flag 0 ===>> OK
executed snippet estimated_duration=6.0, duration=5.93100404739
PumpMicrobone.py completed successfully
gosub finished
get_resource_value () {'name': 'JanMiniboneFlag'}
Read JanMiniboneFlag ===>> 0
Get Resource Value JanMiniboneFlag=0.0
get resource value 0.0
get_resource_value () {'name': 'JanMiniboneFlag'}
Read JanMiniboneFlag ===>> 0
Get Resource Value JanMiniboneFlag=0.0
executed snippet estimated_duration=4.0, duration=5.94443202019
jan_pump_extraction_line.py completed successfully
Post Equilibration Finished
23:18:04 -- ******* Post Equilibration Finished *******
GetData ===>> H2,-0.0986582192963731,H1,1919.56397027081,AX,234.56691252735,L1,3.02879692694642,L2,0.4764624670...
GetData ===>> H2,-0.105427521238001,H1,1918.31340264163,AX,234.378922637901,L1,2.98375868182547,L2,0.4621177314...
GetData ===>> H2,-0.132049361164046,H1,1917.72041623191,AX,234.389433357663,L1,3.00501098444265,L2,0.4615924076...
GetData ===>> H2,-0.101248112654456,H1,1916.34466025818,AX,234.139843880827,L1,2.95766818171067,L2,0.4434704994...
GetData ===>> H2,-0.0540184875426568,H1,1915.32077050959,AX,233.98917936827,L1,2.97000112615181,L2,0.4664346315...
State checksums do not match. Local:-1731030918 Remote:610848153
State checksum failed
GetData ===>> H2,-0.0646842891972093,H1,1915.4548781956,AX,234.308608685214,L1,2.99834603847244,L2,0.5650567638...
set states for children of X. state=False
handle state [('X', False)]
update switch state X False args=() kw={'refresh': False} ncanvase=2
refresh_canvas_needed fired
GetData ===>> H2,-0.123527901228272,H1,1914.37143100658,AX,234.066793340373,L1,2.9941267531842,L2,0.48838759097...
GetData ===>> H2,-0.159291305334621,H1,1913.59164774081,AX,234.176212348126,L1,2.96963224312629,L2,0.5436234501...
GetData ===>> H2,-0.186914728615672,H1,1912.86590528395,AX,233.72205272382,L1,2.99598051292054,L2,0.53172574169...
set states for children of W. state=True
handle state [('W', True)]
update switch state W True args=() kw={'refresh': False} ncanvase=2
refresh_canvas_needed fired
GetData ===>> H2,-0.120770199790987,H1,1911.8818055019,AX,233.758356185734,L1,2.98851491149074,L2,0.42858005138...
GetData ===>> H2,-0.142837829766548,H1,1911.96778706902,AX,233.571932886036,L1,2.98214780631657,L2,0.5118080983...
GetData ===>> H2,-0.144317402068679,H1,1910.65681854066,AX,233.54825086178,L1,2.98840884593454,L2,0.46283720129...
GetData ===>> H2,-0.180627108180058,H1,1909.86621195802,AX,233.560806091527,L1,2.97341522934378,L2,0.5379087086...
GetData ===>> H2,-0.0442805272181414,H1,1908.54491495182,AX,233.490536899174,L1,2.97091237275553,L2,0.455357262...
GetData ===>> H2,-0.0580947765212718,H1,1907.91001538217,AX,233.392959709598,L1,2.97066597119281,L2,0.420832871...
GetData ===>> H2,-0.0485264162084074,H1,1907.51097314747,AX,233.038209816408,L1,2.94814084506967,L2,0.484149661...
GetData ===>> H2,-0.0357482492970887,H1,1907.11809192017,AX,233.011013386769,L1,2.97889642322262,L2,0.559089248...
GetData ===>> H2,-0.149708438117149,H1,1905.78427365971,AX,233.087335282278,L1,2.95236431206437,L2,0.5110082793...
GetData ===>> H2,-0.154592879724249,H1,1905.35011638993,AX,232.86951421573,L1,2.96254218427956,L2,0.43078548417...
23:18:24 -- collecting point 25
GetData ===>> H2,-0.117808880939087,H1,1904.63390263558,AX,232.76221420507,L1,2.98360571479768,L2,0.49007824580...
GetData ===>> H2,-0.0951020774549183,H1,1904.05897042483,AX,232.677041488211,L1,2.97198338584709,L2,0.493208320...
GetData ===>> H2,-0.0934739519662978,H1,1902.67489613229,AX,232.773904540145,L1,2.91889308158149,L2,0.470568987...
GetData ===>> H2,-0.0752100370501346,H1,1901.9434646877,AX,232.866507451589,L1,2.92529581116942,L2,0.4696781446...
set states for children of W. state=False
handle state [('W', False)]
update switch state W False args=() kw={'refresh': False} ncanvase=2
refresh_canvas_needed fired
GetData ===>> H2,-0.0626888559764273,H1,1901.39572223519,AX,232.488877759215,L1,2.94518011056398,L2,0.430659784...
GetData ===>> H2,0.0346376635979458,H1,1900.71371388593,AX,232.549249196214,L1,2.98073830212389,L2,0.5704301319...
GetData ===>> H2,-0.0529262554167876,H1,1900.2000472509,AX,232.511434669501,L1,2.95151564386839,L2,0.4463935245...
set states for children of V. state=False
handle state [('V', False)]
update switch state V False args=() kw={'refresh': False} ncanvase=2
refresh_canvas_needed fired
GetData ===>> H2,-0.100175944038984,H1,1900.13738648112,AX,232.448505310363,L1,2.93482326306721,L2,0.4748063171...
GetData ===>> H2,-0.0892115475288012,H1,1898.91292286062,AX,232.433004928619,L1,2.926197618662,L2,0.48457230379...
GetData ===>> H2,-0.0865892160591107,H1,1897.2485326312,AX,232.180210574579,L1,2.92644095380043,L2,0.5060609759...
GetData ===>> H2,0.0128613627321555,H1,1896.88594815923,AX,231.924402854542,L1,2.92612063234266,L2,0.4588973134...
set states for children of H. state=True
handle state [('H', True)]
update switch state H True args=() kw={'refresh': False} ncanvase=2
refresh_canvas_needed fired
GetData ===>> H2,0.0766262652262598,H1,1896.00208200537,AX,231.980749284762,L1,2.94185241892148,L2,0.4494879177...
GetData ===>> H2,0.0492297237310784,H1,1895.20671341723,AX,231.909022051572,L1,2.95986060895971,L2,0.4801289421...
GetData ===>> H2,-0.0546425731475598,H1,1894.70899470199,AX,231.739934800664,L1,2.96428526672927,L2,0.508346072...
GetData ===>> H2,-0.152697017484402,H1,1894.18787826049,AX,231.621671144568,L1,2.98045173773754,L2,0.4882390889...
GetData ===>> H2,-0.102984756993379,H1,1893.1749705348,AX,231.437177391429,L1,2.92810869378572,L2,0.48281321053...
GetData ===>> H2,-0.0896533076643896,H1,1891.78155784468,AX,231.326567738677,L1,2.9065504007289,L2,0.4728075536...
GetData ===>> H2,-0.120080331565677,H1,1891.18035156266,AX,231.648544642283,L1,2.91375862525271,L2,0.4756515211...
GetData ===>> H2,-0.106703504450055,H1,1890.40533512287,AX,231.642422876484,L1,2.88266298022826,L2,0.6137138677...
GetData ===>> H2,-0.0346648022434094,H1,1889.96569316963,AX,231.47356110065,L1,2.88566651604583,L2,0.4789867230...
GetData ===>> H2,-0.11470739387586,H1,1889.83762599391,AX,231.377852752326,L1,2.89938246283343,L2,0.44517178053...
GetData ===>> H2,-0.162283881270532,H1,1888.47885066636,AX,231.143487508354,L1,2.90292193306609,L2,0.5200351948...
GetData ===>> H2,-0.119302488680651,H1,1887.98002423321,AX,231.019131293179,L1,2.89403962097964,L2,0.5707159578...
GetData ===>> H2,-0.0654135110552359,H1,1887.16576524168,AX,230.819032026119,L1,2.94656429459101,L2,0.535954345...
GetData ===>> H2,0.0188194167614428,H1,1886.00148089693,AX,230.554883505982,L1,2.92028354183313,L2,0.5536936534...
23:18:51 -- collecting point 50
GetData ===>> H2,-0.0705000432346002,H1,1885.53262735308,AX,230.958072102655,L1,2.9134166841082,L2,0.5523333712...
GetData ===>> H2,-0.134823166591399,H1,1885.40443012134,AX,230.894545509907,L1,2.91260238318817,L2,0.4367621192...
GetData ===>> H2,-0.129623843895951,H1,1884.58274642496,AX,230.633723725462,L1,2.89664005257023,L2,0.5367772301...
GetData ===>> H2,-0.0627186816027202,H1,1883.65559058131,AX,230.567147309605,L1,2.90992781634946,L2,0.484355271...
GetData ===>> H2,-0.037253770968729,H1,1882.08896348586,AX,230.378018412084,L1,2.88566239919734,L2,0.4900097051...
GetData ===>> H2,-0.172462984259197,H1,1881.68345035802,AX,230.473626483854,L1,2.87560796007815,L2,0.5773930926...
GetData ===>> H2,-0.185785885145298,H1,1881.88335163544,AX,230.42361308211,L1,2.87781561773186,L2,0.50746630411...
GetData ===>> H2,-0.176958953762212,H1,1880.20630670842,AX,230.465518142315,L1,2.88450562309546,L2,0.6074002017...
GetData ===>> H2,-0.131086282320669,H1,1879.67802054213,AX,230.270553397525,L1,2.89263878746728,L2,0.6022992460...
GetData ===>> H2,-0.0636676379978061,H1,1878.9276284873,AX,230.11415393244,L1,2.88971555942161,L2,0.52132645603...
GetData ===>> H2,-0.0543535986309277,H1,1878.75424786737,AX,230.003288876083,L1,2.89843668303751,L2,0.491026396...
GetData ===>> H2,-0.0921233248211209,H1,1878.18676599577,AX,229.961742047703,L1,2.90189347995031,L2,0.460119232...
GetData ===>> H2,-0.103669595964007,H1,1876.92662878221,AX,229.776535814639,L1,2.88817532282306,L2,0.4744750906...
GetData ===>> H2,-0.151326194438412,H1,1874.71812898087,AX,229.698712614493,L1,2.85754823987416,L2,0.5218292527...
GetData ===>> H2,-0.177895674226709,H1,1874.01752974878,AX,229.527996128081,L1,2.90355360531936,L2,0.4684446831...
set states for children of H. state=False
handle state [('H', False)]
update switch state H False args=() kw={'refresh': False} ncanvase=2
refresh_canvas_needed fired
GetData ===>> H2,-0.169402926738389,H1,1874.09970958302,AX,229.637669388398,L1,2.92953222129165,L2,0.4025414974...
GetData ===>> H2,-0.126774340776404,H1,1873.78934086014,AX,229.417418445911,L1,2.89839275901224,L2,0.4504585044...
set states for children of C. state=True
set states for children of B. state=True
set states for children of D. state=True
handle state [('C', True), ('B', True), ('D', True)]
update switch state C True args=() kw={'refresh': True} ncanvase=2
update switch state B True args=() kw={'refresh': True} ncanvase=2
update switch state D True args=() kw={'refresh': False} ncanvase=2
refresh_canvas_needed fired
GetData ===>> H2,-0.153711876978479,H1,1872.86102473258,AX,229.455551754826,L1,2.86308069909978,L2,0.5096371766...
GetData ===>> H2,-0.171015361665566,H1,1871.60710241909,AX,229.225464156612,L1,2.90158592301928,L2,0.5255546009...
set states for children of P. state=True
handle state [('P', True)]
update switch state P True args=() kw={'refresh': False} ncanvase=2
refresh_canvas_needed fired
GetData ===>> H2,-0.102765491523785,H1,1870.79630636483,AX,229.14904172733,L1,2.87550650027817,L2,0.53045719701...
GetData ===>> H2,-0.0254309584131181,H1,1870.43636379891,AX,229.060277114109,L1,2.86421575094802,L2,0.400519492...
set states for children of I. state=False
set states for children of Q. state=True
handle state [('I', False), ('Q', True)]
update switch state I False args=() kw={'refresh': True} ncanvase=2
update switch state Q True args=() kw={'refresh': False} ncanvase=2
refresh_canvas_needed fired
GetData ===>> H2,-0.0994516314689929,H1,1869.96525596248,AX,228.904388046257,L1,2.86516308407287,L2,0.445559996...
GetData ===>> H2,-0.0664786007227715,H1,1869.4988046593,AX,228.974037347242,L1,2.88204425863779,L2,0.5118080983...
GetData ===>> H2,-0.0987909098312658,H1,1868.53151625187,AX,228.810180452709,L1,2.91265593578162,L2,0.540971767...
GetData ===>> H2,-0.0671337926514616,H1,1867.51388669499,AX,228.807252627027,L1,2.89157421307175,L2,0.495401718...
23:19:17 -- collecting point 75
GetData ===>> H2,-0.0236384705691792,H1,1867.05159565506,AX,228.434246848392,L1,2.88544283607753,L2,0.419244662...
GetData ===>> H2,0.0356375437082722,H1,1866.89869499852,AX,228.43775208251,L1,2.88906544439066,L2,0.49406511069...
GetData ===>> H2,-0.0553181750887803,H1,1865.76307594046,AX,228.37116256391,L1,2.90757789588395,L2,0.4913234093...
GetData ===>> H2,-0.129583296213278,H1,1864.46945261941,AX,228.454295554,L1,2.92223761422055,L2,0.4955273834870...
GetData ===>> H2,-0.0556695265172984,H1,1864.34098411853,AX,228.518220093163,L1,2.9109794456968,L2,0.4625859572...
GetData ===>> H2,-0.0654392633893162,H1,1863.00238003497,AX,228.265542084193,L1,2.86547842210178,L2,0.473949699...
GetData ===>> H2,-0.10974081488681,H1,1862.59312011288,AX,228.04129262732,L1,2.83782798140089,L2,0.364964306616...
GetData ===>> H2,-0.0526779445528144,H1,1861.52307289954,AX,227.926546636244,L1,2.8282856072185,L2,0.4659321252...
GetData ===>> H2,-0.142952689321465,H1,1860.99647906749,AX,227.823958090052,L1,2.87966845727896,L2,0.4814996229...
GetData ===>> H2,-0.00508671746093505,H1,1861.00077891055,AX,227.993784863732,L1,2.88415024310146,L2,0.54908706...
GetData ===>> H2,-0.0167129450881003,H1,1860.56810339124,AX,227.82441128826,L1,2.91117989768737,L2,0.4840811251...
GetData ===>> H2,-0.0585599639686925,H1,1858.63166309542,AX,228.020207535117,L1,2.87338838846508,L2,0.527257339...
GetData ===>> H2,-0.053797335956766,H1,1857.77323967235,AX,227.523972791019,L1,2.89633126348441,L2,0.5815665379...
GetData ===>> H2,-0.0835744833827951,H1,1857.38932754279,AX,227.517631569489,L1,2.89988352423349,L2,0.428465781...
GetData ===>> H2,-0.00316214297745298,H1,1856.50701115333,AX,227.677602528514,L1,2.86274623658826,L2,0.48435527...
GetData ===>> H2,-0.0227572164082842,H1,1855.46438961497,AX,227.523066890567,L1,2.8643665512892,L2,0.4602105914...
GetData ===>> H2,-0.0221597233057038,H1,1854.74557107398,AX,227.318051070649,L1,2.8458143853883,L2,0.5628732045...
GetData ===>> H2,-0.0741635402645359,H1,1854.1676202977,AX,227.16094609684,L1,2.8200801691112,L2,0.508837375792...
GetData ===>> H2,0.00935495555608646,H1,1854.2333286607,AX,227.34732821507,L1,2.87574644043799,L2,0.45029864239...
GetData ===>> H2,-0.125548077281021,H1,1852.9101597186,AX,227.236503951545,L1,2.89603620609217,L2,0.48173949415...
GetData ===>> H2,-0.0945155998899308,H1,1852.3777557226,AX,227.117730144838,L1,2.86815228755259,L2,0.4759484864...
GetData ===>> H2,0.0129021887142256,H1,1851.83603579548,AX,227.174071018413,L1,2.85412073890927,L2,0.5013766976...
GetData ===>> H2,-0.0649811342170534,H1,1851.14477344281,AX,226.994164802345,L1,2.87219446619396,L2,0.443093709...
GetData ===>> H2,-0.05760651268964,H1,1850.42968845286,AX,226.780774879182,L1,2.84507467032653,L2,0.41077846727...
GetData ===>> H2,-0.0972797708682246,H1,1849.22326294481,AX,226.764824605333,L1,2.82259755857161,L2,0.539645954...
23:19:43 -- collecting point 100
GetData ===>> H2,-0.147852730530411,H1,1848.64850022268,AX,226.617776591287,L1,2.84597329335459,L2,0.4977322588...
GetData ===>> H2,-0.129429213697796,H1,1848.42577592643,AX,226.523631030502,L1,2.86220344108175,L2,0.5120937495...
GetData ===>> H2,-0.123145190157636,H1,1847.54275911023,AX,226.563593819,L1,2.87399430685402,L2,0.4887874053061...
GetData ===>> H2,-0.080109126779657,H1,1846.11945847586,AX,226.247216144312,L1,2.90158317701223,L2,0.5305600513...
GetData ===>> H2,-0.148395698242052,H1,1845.3990979814,AX,226.225665808302,L1,2.89205984433923,L2,0.43645356493...
GetData ===>> H2,-0.119468883900267,H1,1844.81032536385,AX,226.230908934885,L1,2.8772917749245,L2,0.56153565616...
GetData ===>> H2,-0.0699440431066967,H1,1843.87007548857,AX,226.054362753423,L1,2.84908202983463,L2,0.492111640...
GetData ===>> H2,-0.19572527235096,H1,1843.51565482735,AX,225.809863693706,L1,2.83606355962365,L2,0.50223356072...
GetData ===>> H2,-0.250413353569878,H1,1842.3527450945,AX,225.864800016409,L1,2.8512775926698,L2,0.442203121731...
GetData ===>> H2,-0.140374150104072,H1,1842.04089593116,AX,225.916058258758,L1,2.86678511049176,L2,0.5990398086...
GetData ===>> H2,-0.0954528659682544,H1,1842.0731517692,AX,225.710027618518,L1,2.86143452462925,L2,0.5183097314...
GetData ===>> H2,-0.0210624271516445,H1,1841.76898566488,AX,225.779018429579,L1,2.88063408182203,L2,0.410732767...
GetData ===>> H2,0.0451016994880369,H1,1840.24240579279,AX,225.705919947514,L1,2.88920533946252,L2,0.5628846367...
GetData ===>> H2,-0.120453677221582,H1,1839.21994876179,AX,225.472489711208,L1,2.87840119799323,L2,0.5061295281...
GetData ===>> H2,-0.211889063991534,H1,1838.47296722912,AX,225.702839246939,L1,2.89553393972986,L2,0.4410705557...
GetData ===>> H2,-0.174971878071892,H1,1837.54848485192,AX,225.743142386131,L1,2.83758568245315,L2,0.5108368904...
GetData ===>> H2,-0.0739981524294507,H1,1837.05385780096,AX,225.142853375777,L1,2.85050529866434,L2,0.437824925...
GetData ===>> H2,-0.139064384480437,H1,1836.22673339364,AX,225.332933816641,L1,2.88230902899507,L2,0.5765469916...
GetData ===>> H2,-0.19695535180065,H1,1835.83774895047,AX,225.093979984547,L1,2.9126476969049,L2,0.490443796717...
GetData ===>> H2,-0.119205085469285,H1,1834.47838765136,AX,225.07596800662,L1,2.88245444950241,L2,0.47344715342...
GetData ===>> H2,-0.0226730260934998,H1,1834.29226828687,AX,225.117748154268,L1,2.85149395384011,L2,0.500028581...
measurement finished
estimated time: 125.829 actual time: :126.402
flush and close file /Users/jan/PychronDev/data/isotopes/36/205600-4a59-4b13-b5ad-fd0e9414bffa.h5
baselines () {'settling_time': 15.0, 'detector': 'H1', 'mass': 34.2, 'ncounts': 60}
%%%%%%%%%%%%%%%%%%%%%%%%%%%%%%%% Baseline
build tables- baseline [Detector(H2), Detector(H1), Detector(AX), Detector(L1), Detector(L2), Detector(CDD)]
add group baseline table H2
add group baseline table H1
add group baseline table AX
add group baseline table L1
add group baseline table L2
add group baseline table CDD
flush and close file /Users/jan/PychronDev/data/isotopes/36/205600-4a59-4b13-b5ad-fd0e9414bffa.h5
detector Detector(H1)
POSITION 34.2 H1
Mapping mass to dac mass func: "parabolic"
H1 map mass coeffs = [-0.00063987  0.15840543  0.57082999]
H1 map mass to dac 34.2 >> 5.23987599104
GetDeflection H1 ===>> 0
GetHighVoltage ===>> 4500
positioning 34.2 (5.23987599104) on H1
setting magnet DAC
current  : 5.879220
requested: 5.239876
Delta Dac: 0.639344
Checking detector protection. dv=0.63934
Checking detector "CDD". Protection Threshold: 0.1 (V)
ProtectDetector CDD,On ===>> OK
GetDeflection CDD ===>> 2000
Protected = 2000
SetMagnetDAC 5.23987599104 ===>> OK
Magnet settling time: 0.500
GetMagnetMoving ===>> True
GetMagnetMoving ===>> True
GetMagnetMoving ===>> True
GetMagnetMoving ===>> True
GetMagnetMoving ===>> True
GetMagnetMoving ===>> True
GetMagnetMoving ===>> True
GetMagnetMoving ===>> True
GetMagnetMoving ===>> False
ProtectDetector CDD,Off ===>> OK
GetDeflection CDD ===>> 50
Delaying 15.0s for detectors to settle
Join finished
measuring baseline. ncounts=60
"baseline" increment series count="2" fit count="1" regressing="True"
starting measurement
GetData ===>> H2,-0.18370053295926,H1,-0.184376758694626,AX,-0.0332417546603647,L1,-0.0627469872739155,L2,-0.01...
GetData ===>> H2,-0.167363778723478,H1,-0.0137552973390907,AX,-0.0579282510268477,L1,-0.0738727778675799,L2,0.0...
GetData ===>> H2,-0.254479583578852,H1,-0.0913338475411195,AX,-0.148124944527737,L1,-0.0575732343908376,L2,-0.0...
GetData ===>> H2,-0.0859405607513325,H1,-0.0788671547676366,AX,-0.103145459728748,L1,-0.0493992870374522,L2,-0....
GetData ===>> H2,-0.0859405607513325,H1,-0.0788671547676366,AX,-0.103145459728748,L1,-0.0493992870374522,L2,-0....
GetData ===>> H2,-0.32976898324187,H1,0.0362430102801572,AX,-0.129609973151661,L1,-0.0438214606451409,L2,-0.079...
GetData ===>> H2,-0.211141499516166,H1,-0.0458097898988317,AX,-0.159776372331815,L1,0.000951774976820938,L2,-0....
GetData ===>> H2,-0.194357960514372,H1,-0.025765009627121,AX,-0.0459510384037371,L1,-0.0375528861079547,L2,0.13...
GetData ===>> H2,-0.186038097693606,H1,-0.0882947874116578,AX,-0.188846684659056,L1,-0.0240453950854414,L2,-0.1...
GetData ===>> H2,-0.195153089793718,H1,-0.013624100866738,AX,-0.156124582450545,L1,-0.0285326678901192,L2,-0.02...
GetData ===>> H2,-0.198467141267962,H1,0.0109126626371526,AX,-0.0731845979437914,L1,-0.028464385282989,L2,-0.04...
GetData ===>> H2,-0.184178066658448,H1,-0.031417543263079,AX,-0.0704604257069634,L1,-0.0273777908800044,L2,0.00...
GetData ===>> H2,-0.136004972237938,H1,-0.017357169684362,AX,-0.0550297384549284,L1,-0.053716983029498,L2,-0.00...
GetData ===>> H2,-0.0451785769758772,H1,-0.0829076775279656,AX,-0.0240682385035825,L1,-0.0593120755175582,L2,0....
GetData ===>> H2,-0.101625784320857,H1,-0.0703564934356081,AX,-0.0901423039536168,L1,-0.0892984899978396,L2,-0....
GetData ===>> H2,-0.337123644963378,H1,0.0432120679908945,AX,-0.0550645211176042,L1,-0.0513196885698182,L2,-0.0...
GetData ===>> H2,-0.232422423654476,H1,6.89856071601991E-05,AX,-0.0110893095021893,L1,-0.0565558786995297,L2,-0...
GetData ===>> H2,-0.113814138396243,H1,0.0176055511761366,AX,-0.0345869763687762,L1,-0.0670189468448805,L2,-0.0...
GetData ===>> H2,-0.174817973152108,H1,0.0162931848221028,AX,-0.159695222935133,L1,-0.0215966207318858,L2,-0.06...
GetData ===>> H2,-0.136503889838506,H1,0.0173669378321197,AX,-0.111975489112845,L1,-0.022984692303942,L2,-0.009...
GetData ===>> H2,-0.136503889838506,H1,0.0173669378321197,AX,-0.111975489112845,L1,-0.022984692303942,L2,-0.009...
GetData ===>> H2,-0.141974318927801,H1,0.0465893714831413,AX,0.024307074164038,L1,-0.0302970734166904,L2,-0.195...
GetData ===>> H2,-0.208181736624062,H1,0.00290803065705627,AX,0.0937156280270487,L1,-0.0201508088763723,L2,-0.0...
GetData ===>> H2,-0.115168881678391,H1,0.0595984246721805,AX,0.00298185103458825,L1,-0.0320000958835766,L2,0.02...
23:20:49 -- collecting point 25
GetData ===>> H2,-0.100373598889782,H1,-0.0977572826496019,AX,-0.0942566811160731,L1,-0.0257830279614705,L2,0.0...
GetData ===>> H2,-0.149815125317747,H1,-0.124721438029129,AX,-0.023998651005907,L1,-0.0179253391632381,L2,-0.06...
GetData ===>> H2,-0.224180704369135,H1,-0.00506017734769311,AX,-0.0773924247449541,L1,-0.00600620642144808,L2,0...
GetData ===>> H2,-0.248763046751646,H1,-0.0301654272618855,AX,-0.014418297245917,L1,-0.0103148876956552,L2,-0.0...
GetData ===>> H2,-0.293848218750955,H1,0.0988879635864805,AX,-0.160344416212647,L1,-0.0163206811296,L2,-0.05809...
GetData ===>> H2,-0.214046621550355,H1,0.0821410346676156,AX,-0.166511536235724,L1,-0.0290405801001661,L2,-0.02...
GetData ===>> H2,-0.109570215131327,H1,0.0930309912253736,AX,-0.00472099830327936,L1,-0.0490247360426349,L2,-0....
GetData ===>> H2,-0.166941328244498,H1,0.0158398258980121,AX,0.0035039035420924,L1,-0.0110054482859681,L2,-0.04...
GetData ===>> H2,-0.209383518021601,H1,0.0114495088473944,AX,-0.0975132900980151,L1,0.00146190412546085,L2,-0.0...
GetData ===>> H2,-0.280318511513568,H1,0.1180119914441,AX,-0.0796991175898002,L1,-0.036775329502722,L2,-0.06189...
GetData ===>> H2,-0.247136713800302,H1,0.0416129604953631,AX,-0.0823071215224965,L1,-0.047228372492761,L2,-0.04...
GetData ===>> H2,-0.23327156333501,H1,0.051816659449311,AX,-0.0670174265820135,L1,-0.0233214925382809,L2,-0.053...
GetData ===>> H2,-0.323115022381281,H1,0.0254204525261372,AX,-0.0849614181912913,L1,-0.031454010392428,L2,-0.17...
GetData ===>> H2,-0.2037049202598,H1,0.037961363012662,AX,-0.112462160342041,L1,-0.0471362119365183,L2,0.044381...
GetData ===>> H2,-0.207533637820017,H1,0.0927685687095227,AX,-0.0688027005947289,L1,-0.0410445597179684,L2,-0.1...
GetData ===>> H2,-0.209172002978401,H1,-0.0943728153646404,AX,-0.0759434691153604,L1,-0.0372593625615532,L2,-0....
GetData ===>> H2,-0.138506099913086,H1,-0.0128965536717594,AX,-0.108371728774014,L1,-0.00968183219729011,L2,-0....
GetData ===>> H2,-0.110673652362522,H1,0.0166511012124506,AX,-0.0894005385736795,L1,0.0147276314828464,L2,0.012...
GetData ===>> H2,-0.151227623236688,H1,0.099377054167449,AX,-0.0147894665246061,L1,-0.0107848576919956,L2,0.081...
GetData ===>> H2,-0.219049817508238,H1,-0.00266262458705739,AX,0.00704233322546803,L1,-0.000708066447476714,L2,...
GetData ===>> H2,-0.0994976639220678,H1,0.0281528291434132,AX,-0.0672840604957703,L1,-0.00549762917598179,L2,-0...
GetData ===>> H2,-0.134276844114309,H1,0.0774299746568509,AX,-0.00439619166519547,L1,-0.0240501889683934,L2,-0....
GetData ===>> H2,-0.23253008356557,H1,0.00503140269543252,AX,-0.173883745499744,L1,-0.0108723751909898,L2,-0.02...
GetData ===>> H2,-0.203723790754192,H1,-0.0661128120175157,AX,-0.0305512554607043,L1,-0.00125528607950969,L2,-0...
GetData ===>> H2,-0.169583746766771,H1,0.0288448839653512,AX,-0.123817131238123,L1,0.000609702844883158,L2,-0.0...
23:21:15 -- collecting point 50
GetData ===>> H2,-0.207536332694437,H1,0.04260344944107,AX,-0.105729658892203,L1,0.0184349937065721,L2,0.033036...
GetData ===>> H2,-0.240522698965872,H1,0.0218052391253167,AX,-0.163532356027872,L1,-0.00329629698112946,L2,0.03...
GetData ===>> H2,-0.148398399508957,H1,0.038056827918065,AX,-0.129795338396892,L1,-0.0194386162058363,L2,-0.065...
GetData ===>> H2,-0.150603769180286,H1,0.0260170349435153,AX,-0.120908994541439,L1,-0.0224800701356042,L2,0.046...
GetData ===>> H2,-0.151751526097741,H1,-0.0253476157947794,AX,-0.0967368131558033,L1,-0.0372713432822543,L2,-0....
GetData ===>> H2,-0.276625714355485,H1,0.00628397473827498,AX,-0.0743437970403566,L1,-0.0338057989781104,L2,0.0...
GetData ===>> H2,-0.265029186614846,H1,-0.00166064522491001,AX,-0.0666696421183039,L1,-0.0246853582520546,L2,-0...
GetData ===>> H2,-0.190779187215308,H1,0.071705440528125,AX,-0.120422365567437,L1,-0.0569580457388477,L2,0.0111...
GetData ===>> H2,-0.1554994843756,H1,0.0814611971343251,AX,-0.0421361083987199,L1,-0.0297413130875865,L2,-0.001...
GetData ===>> H2,-0.191623097878197,H1,0.0326035411136295,AX,-0.109785438452852,L1,-0.0344506876023527,L2,-0.04...
GetData ===>> H2,-0.156319554586242,H1,0.0127140912985492,AX,-0.0622526712902788,L1,-0.0477430197967838,L2,-0.0...
measurement finished
estimated time: 62.915 actual time: :63.187
flush and close file /Users/jan/PychronDev/data/isotopes/36/205600-4a59-4b13-b5ad-fd0e9414bffa.h5
activate_detectors ('H1', 'AX', 'CDD') {'peak_center': True}
peak_center () {'detector': 'H1', 'integration_time': 0.262144, 'isotope': 'Ar40'}
peak center: mean=1837.51417884 threshold=3
peak center started
setup peak center. detector=['H1', 'AX', 'CDD'], isotope=Ar40
VersionedUnpickler [<apptools.sweet_pickle.versioned_unpickler.VersionedUnpickler object at 0x19ebf0590>] using Updater [<apptools.sweet_pickle.updater.Updater object at 0x134a15590>]
VersionedUnpickler [<apptools.sweet_pickle.versioned_unpickler.VersionedUnpickler object at 0x19ebf0590>] using Updater [<apptools.sweet_pickle.updater.Updater object at 0x134a15590>]
VersionedUnpickler [<apptools.sweet_pickle.versioned_unpickler.VersionedUnpickler object at 0x1a77a3b30>] using Updater [<apptools.sweet_pickle.updater.Updater object at 0x134a15590>]
setting integration time = 0.524288
SetIntegrationTime 0.524288 ===>> OK
Mapping mass to dac mass func: "parabolic"
H1 map mass coeffs = [-0.00063987  0.15840543  0.57082999]
H1 map mass to dac 39.9624 >> 5.87922
GetDeflection H1 ===>> 0
GetHighVoltage ===>> 4500
do peak center. <pychron.spectrometer.jobs.peak_center.PeakCenter object at 0x134a156b0>
doing pc
starting peak center. center dac= 5.87922 step_width=0.001
width = 0.001
get scan parameters. half-width=0.015,window=0.015, i=0, scalar=1
Scan parameters center=5.87922 width=0.03000 (5.86422 - 5.89422)
GetData ===>> H2,-0.132556567861993,H1,0.0443696468154233,AX,-0.0620092103752104,L1,-0.0428911226572652,L2,0.01...
Moving to starting dac 5.86422
setting magnet DAC
current  : 5.239876
requested: 5.864220
Delta Dac: 0.624344
Checking detector protection. dv=0.62434
Checking detector "CDD". Protection Threshold: 0.1 (V)
ProtectDetector CDD,On ===>> OK
GetDeflection CDD ===>> 2000
Protected = 2000
SetMagnetDAC 5.86422 ===>> OK
Magnet settling time: 0.500
GetMagnetMoving ===>> True
GetMagnetMoving ===>> True
GetMagnetMoving ===>> True
GetMagnetMoving ===>> True
GetMagnetMoving ===>> True
GetMagnetMoving ===>> True
GetMagnetMoving ===>> True
GetMagnetMoving ===>> True
GetMagnetMoving ===>> False
ProtectDetector CDD,Off ===>> OK
GetDeflection CDD ===>> 50
Wait until signal near baseline. tol= 0.0332772351116. timeout= 10
GetData ===>> H2,10.4416097259498,H1,3.37861371398851,AX,0.0321746853391439,L1,0.0352796055721001,L2,0.03897351...
GetData ===>> H2,132.386797494704,H1,53.6510328480521,AX,3.36710900709273,L1,0.0277770371636672,L2,0.0824986649...
GetData ===>> H2,142.088952936926,H1,53.6996021977469,AX,4.7911056056811,L1,-0.0107369025752847,L2,-0.042554336...
GetData ===>> H2,88.6477532508141,H1,26.0553314269227,AX,2.04090179505665,L1,-0.0184906733571009,L2,-0.14591762...
GetData ===>> H2,39.9757451123453,H1,13.3514863457539,AX,0.906723086484158,L1,0.000207632913577459,L2,-0.042873...
GetData ===>> H2,14.5548330287428,H1,7.21555900268476,AX,0.517612003728167,L1,0.00485101795863099,L2,-0.0157807...
GetData ===>> H2,4.53014600682903,H1,4.23901562232565,AX,0.21531721344325,L1,0.0550037620281554,L2,-0.112285121...
GetData ===>> H2,1.37008886698112,H1,2.78505615352602,AX,0.169258656671381,L1,0.0347699656004995,L2,-0.06076335...
GetData ===>> H2,0.670805501934406,H1,1.95784427266326,AX,0.239643059069302,L1,0.0204552808493001,L2,0.01011200...
GetData ===>> H2,0.667019810026881,H1,1.77097953305172,AX,0.00957151916685418,L1,0.0160705368999103,L2,-0.08226...
GetData ===>> H2,0.728091414003807,H1,1.61176031854848,AX,0.229336329712648,L1,0.0285722083864209,L2,-0.0218373...
GetData ===>> H2,0.712598943355449,H1,1.50709884350861,AX,0.0822129452452252,L1,0.0220205227520397,L2,0.0031200...
GetData ===>> H2,0.729611766468427,H1,1.4485915927499,AX,-0.0565601638508492,L1,0.0282598980122269,L2,0.0307492...
GetData ===>> H2,0.653593501078416,H1,1.46836252509093,AX,0.0347277341525963,L1,0.0616049567704706,L2,-0.102585...
GetData ===>> H2,0.537299914479971,H1,1.3430520866397,AX,0.09354720564453,L1,0.0774678541738248,L2,-0.042394992...
GetData ===>> H2,0.415918105757013,H1,1.47141379190392,AX,0.178932627741697,L1,0.0787449020742143,L2,-0.0108396...
GetData ===>> H2,0.377843433012204,H1,1.44811118091608,AX,-0.0401416173771931,L1,0.0897617799507157,L2,-0.03365...
GetData ===>> H2,0.37237496729772,H1,1.30725714197288,AX,0.0360507039636431,L1,0.0559894587608703,L2,0.01872170...
GetData ===>> H2,0.356136077173054,H1,1.41499230425761,AX,-0.0147894665246061,L1,0.0128989666074634,L2,-0.11385...
GetData ===>> H2,0.28868648092388,H1,1.38013197258806,AX,0.024283866812035,L1,-0.00860746508090364,L2,-0.003939...
GetData ===>> H2,0.257218761403602,H1,1.26087698319004,AX,0.0603130505901009,L1,-0.00462315210221349,L2,0.06998...
Peak center failed to move to a baseline position
_do_sweep sm= 5.86422, em= 5.89422, stm= 0.001
calculated step values: start=5.86422, end=5.89422, width=0.001, nsteps=31.0
setting magnet DAC
current  : 5.864220
requested: 5.864220
Delta Dac: 0.000000
Checking detector protection. dv=0.00000
Checking detector "CDD". Protection Threshold: 0.1 (V)
SetMagnetDAC 5.86422 ===>> OK
GetData ===>> H2,0.257218761403602,H1,1.26087698319004,AX,0.0603130505901009,L1,-0.00462315210221349,L2,0.06998...
setting magnet DAC
current  : 5.864220
requested: 5.865254
Delta Dac: 0.001034
Checking detector protection. dv=0.00103
Checking detector "CDD". Protection Threshold: 0.1 (V)
SetMagnetDAC 5.86525448276 ===>> OK
Magnet settling time: 1.049
GetData ===>> H2,0.0913236230660491,H1,2.74220989740688,AX,0.227038356236834,L1,0.0108602843805429,L2,-0.124477...
setting magnet DAC
current  : 5.865254
requested: 5.866289
Delta Dac: 0.001034
Checking detector protection. dv=0.00103
Checking detector "CDD". Protection Threshold: 0.1 (V)
SetMagnetDAC 5.86628896552 ===>> OK
Magnet settling time: 1.049
GetData ===>> H2,0.0580875229678615,H1,8.39150564003834,AX,0.742151086818893,L1,-0.0214444025576452,L2,-0.07705...
setting magnet DAC
current  : 5.866289
requested: 5.867323
Delta Dac: 0.001034
Checking detector protection. dv=0.00103
Checking detector "CDD". Protection Threshold: 0.1 (V)
SetMagnetDAC 5.86732344828 ===>> OK
Magnet settling time: 1.049
GetData ===>> H2,0.0444751329964822,H1,31.3127410076359,AX,2.56580273791047,L1,0.0134506809457571,L2,-0.0441477...
setting magnet DAC
current  : 5.867323
requested: 5.868358
Delta Dac: 0.001034
Checking detector protection. dv=0.00103
Checking detector "CDD". Protection Threshold: 0.1 (V)
SetMagnetDAC 5.86835793103 ===>> OK
Magnet settling time: 1.049
GetData ===>> H2,0.0359572357513136,H1,109.438142595372,AX,8.67588908197896,L1,0.0165792325776408,L2,-0.0235677...
setting magnet DAC
current  : 5.868358
requested: 5.869392
Delta Dac: 0.001034
Checking detector protection. dv=0.00103
Checking detector "CDD". Protection Threshold: 0.1 (V)
SetMagnetDAC 5.86939241379 ===>> OK
Magnet settling time: 1.049
GetData ===>> H2,-0.0723644794789789,H1,317.33658117413,AX,26.7638909087015,L1,0.0785280335121209,L2,-0.0283716...
setting magnet DAC
current  : 5.869392
requested: 5.870427
Delta Dac: 0.001034
Checking detector protection. dv=0.00103
Checking detector "CDD". Protection Threshold: 0.1 (V)
SetMagnetDAC 5.87042689655 ===>> OK
Magnet settling time: 1.049
GetData ===>> H2,0.00172268547822879,H1,697.120361340194,AX,64.7501952944859,L1,0.345623586760928,L2,-0.0860681...
setting magnet DAC
current  : 5.870427
requested: 5.871461
Delta Dac: 0.001034
Checking detector protection. dv=0.00103
Checking detector "CDD". Protection Threshold: 0.1 (V)
SetMagnetDAC 5.87146137931 ===>> OK
Magnet settling time: 1.049
GetData ===>> H2,0.0146265392853942,H1,1139.47967799243,AX,116.579746431419,L1,0.745120446308454,L2,0.127297823...
setting magnet DAC
current  : 5.871461
requested: 5.872496
Delta Dac: 0.001034
Checking detector protection. dv=0.00103
Checking detector "CDD". Protection Threshold: 0.1 (V)
SetMagnetDAC 5.87249586207 ===>> OK
Magnet settling time: 1.049
GetData ===>> H2,-0.0403524288570849,H1,1483.50139666349,AX,164.639837321066,L1,1.28690826723137,L2,0.148781498...
setting magnet DAC
current  : 5.872496
requested: 5.873530
Delta Dac: 0.001034
Checking detector protection. dv=0.00103
Checking detector "CDD". Protection Threshold: 0.1 (V)
SetMagnetDAC 5.87353034483 ===>> OK
Magnet settling time: 1.049
GetData ===>> H2,0.022463594995058,H1,1661.40687308995,AX,195.200116992891,L1,1.81721599531173,L2,0.15366275122...
setting magnet DAC
current  : 5.873530
requested: 5.874565
Delta Dac: 0.001034
Checking detector protection. dv=0.00103
Checking detector "CDD". Protection Threshold: 0.1 (V)
SetMagnetDAC 5.87456482759 ===>> OK
Magnet settling time: 1.049
GetData ===>> H2,-0.01849202085912,H1,1739.22976807772,AX,211.945250303885,L1,2.3411591163897,L2,0.499046068775...
setting magnet DAC
current  : 5.874565
requested: 5.875599
Delta Dac: 0.001034
Checking detector protection. dv=0.00103
Checking detector "CDD". Protection Threshold: 0.1 (V)
SetMagnetDAC 5.87559931034 ===>> OK
Magnet settling time: 1.049
GetData ===>> H2,-0.0396548632233701,H1,1749.41763286294,AX,213.646679273348,L1,2.48374149933279,L2,0.505444009...
setting magnet DAC
current  : 5.875599
requested: 5.876634
Delta Dac: 0.001034
Checking detector protection. dv=0.00103
Checking detector "CDD". Protection Threshold: 0.1 (V)
SetMagnetDAC 5.8766337931 ===>> OK
Magnet settling time: 1.049
GetData ===>> H2,-0.0715482329929581,H1,1751.24256104903,AX,214.654898612618,L1,2.55807326360252,L2,0.299416494...
setting magnet DAC
current  : 5.876634
requested: 5.877668
Delta Dac: 0.001034
Checking detector protection. dv=0.00103
Checking detector "CDD". Protection Threshold: 0.1 (V)
SetMagnetDAC 5.87766827586 ===>> OK
Magnet settling time: 1.049
GetData ===>> H2,-0.0332091823943733,H1,1752.40386916143,AX,214.57847106917,L1,2.64199702605758,L2,0.5375772640...
setting magnet DAC
current  : 5.877668
requested: 5.878703
Delta Dac: 0.001034
Checking detector protection. dv=0.00103
Checking detector "CDD". Protection Threshold: 0.1 (V)
SetMagnetDAC 5.87870275862 ===>> OK
Magnet settling time: 1.049
GetData ===>> H2,-0.220930005729857,H1,1751.85582315168,AX,214.271002025382,L1,2.66985902048792,L2,0.4015303375...
setting magnet DAC
current  : 5.878703
requested: 5.879737
Delta Dac: 0.001034
Checking detector protection. dv=0.00103
Checking detector "CDD". Protection Threshold: 0.1 (V)
SetMagnetDAC 5.87973724138 ===>> OK
Magnet settling time: 1.049
GetData ===>> H2,-0.0593737956663679,H1,1750.93833687629,AX,214.78355223273,L1,2.63341087419058,L2,0.4285370590...
setting magnet DAC
current  : 5.879737
requested: 5.880772
Delta Dac: 0.001034
Checking detector protection. dv=0.00103
Checking detector "CDD". Protection Threshold: 0.1 (V)
SetMagnetDAC 5.88077172414 ===>> OK
Magnet settling time: 1.049
GetData ===>> H2,-0.0114653529135244,H1,1749.71819912925,AX,214.492128148424,L1,2.70340855964988,L2,0.459091449...
setting magnet DAC
current  : 5.880772
requested: 5.881806
Delta Dac: 0.001034
Checking detector protection. dv=0.00103
Checking detector "CDD". Protection Threshold: 0.1 (V)
SetMagnetDAC 5.8818062069 ===>> OK
Magnet settling time: 1.049
GetData ===>> H2,-0.0983939619320969,H1,1749.46760093802,AX,214.183492919419,L1,2.74326312048073,L2,0.426094041...
setting magnet DAC
current  : 5.881806
requested: 5.882841
Delta Dac: 0.001034
Checking detector protection. dv=0.00103
Checking detector "CDD". Protection Threshold: 0.1 (V)
SetMagnetDAC 5.88284068966 ===>> OK
Magnet settling time: 1.049
GetData ===>> H2,-0.0317560928293372,H1,1747.54146888593,AX,213.802919339686,L1,2.76018812126584,L2,0.421139702...
setting magnet DAC
current  : 5.882841
requested: 5.883875
Delta Dac: 0.001034
Checking detector protection. dv=0.00103
Checking detector "CDD". Protection Threshold: 0.1 (V)
SetMagnetDAC 5.88387517241 ===>> OK
Magnet settling time: 1.049
GetData ===>> H2,-0.158468748685333,H1,1740.55717613251,AX,211.718184672538,L1,2.7266605926244,L2,0.30436454510...
setting magnet DAC
current  : 5.883875
requested: 5.884910
Delta Dac: 0.001034
Checking detector protection. dv=0.00103
Checking detector "CDD". Protection Threshold: 0.1 (V)
SetMagnetDAC 5.88490965517 ===>> OK
Magnet settling time: 1.049
GetData ===>> H2,-0.183194982434714,H1,1711.37214842812,AX,205.22457656621,L1,2.65214657523528,L2,0.47738763914...
setting magnet DAC
current  : 5.884910
requested: 5.885944
Delta Dac: 0.001034
Checking detector protection. dv=0.00103
Checking detector "CDD". Protection Threshold: 0.1 (V)
SetMagnetDAC 5.88594413793 ===>> OK
Magnet settling time: 1.049
GetData ===>> H2,-0.191763565849959,H1,1617.07541721591,AX,185.640784409766,L1,2.47391408044951,L2,0.3067588546...
setting magnet DAC
current  : 5.885944
requested: 5.886979
Delta Dac: 0.001034
Checking detector protection. dv=0.00103
Checking detector "CDD". Protection Threshold: 0.1 (V)
SetMagnetDAC 5.88697862069 ===>> OK
Magnet settling time: 1.049
GetData ===>> H2,-0.188759910999022,H1,1387.79581210449,AX,146.283070978011,L1,1.99488062170614,L2,0.2933286918...
setting magnet DAC
current  : 5.886979
requested: 5.888013
Delta Dac: 0.001034
Checking detector protection. dv=0.00103
Checking detector "CDD". Protection Threshold: 0.1 (V)
SetMagnetDAC 5.88801310345 ===>> OK
Magnet settling time: 1.049
GetData ===>> H2,-0.239558869061545,H1,994.675583651362,AX,91.2063387920678,L1,1.42715170175549,L2,0.0794444224...
setting magnet DAC
current  : 5.888013
requested: 5.889048
Delta Dac: 0.001034
Checking detector protection. dv=0.00103
Checking detector "CDD". Protection Threshold: 0.1 (V)
SetMagnetDAC 5.88904758621 ===>> OK
Magnet settling time: 1.049
GetData ===>> H2,-0.408771941577575,H1,575.687161795945,AX,44.9935279567924,L1,0.95611257362277,L2,0.1337059307...
setting magnet DAC
current  : 5.889048
requested: 5.890082
Delta Dac: 0.001034
Checking detector protection. dv=0.00103
Checking detector "CDD". Protection Threshold: 0.1 (V)
SetMagnetDAC 5.89008206897 ===>> OK
Magnet settling time: 1.049
GetData ===>> H2,-0.303311389537153,H1,136.155094878736,AX,7.93928271428525,L1,0.427650335080718,L2,-0.00974659...
setting magnet DAC
current  : 5.890082
requested: 5.891117
Delta Dac: 0.001034
Checking detector protection. dv=0.00103
Checking detector "CDD". Protection Threshold: 0.1 (V)
SetMagnetDAC 5.89111655172 ===>> OK
Magnet settling time: 1.049
GetData ===>> H2,-0.250554566663479,H1,40.1663300958716,AX,1.61318479264015,L1,0.269788729735908,L2,-0.07170985...
setting magnet DAC
current  : 5.891117
requested: 5.892151
Delta Dac: 0.001034
Checking detector protection. dv=0.00103
Checking detector "CDD". Protection Threshold: 0.1 (V)
SetMagnetDAC 5.89215103448 ===>> OK
Magnet settling time: 1.049
GetData ===>> H2,-0.202118338250628,H1,10.1661292429761,AX,0.143466095869458,L1,0.196048691249753,L2,-0.0536622...
setting magnet DAC
current  : 5.892151
requested: 5.893186
Delta Dac: 0.001034
Checking detector protection. dv=0.00103
Checking detector "CDD". Protection Threshold: 0.1 (V)
SetMagnetDAC 5.89318551724 ===>> OK
Magnet settling time: 1.049
GetData ===>> H2,-0.179552717854425,H1,2.21595931667939,AX,-0.0819941647415056,L1,0.059928397684871,L2,0.050958...
setting magnet DAC
current  : 5.893186
requested: 5.894220
Delta Dac: 0.001034
Checking detector protection. dv=0.00103
Checking detector "CDD". Protection Threshold: 0.1 (V)
SetMagnetDAC 5.89422 ===>> OK
Magnet settling time: 1.049
GetData ===>> H2,-0.22007670986171,H1,0.219533141082073,AX,-0.111384527918629,L1,-0.0119117371625819,L2,0.01769...
result of _do_sweep=True
result of _calculate_peak_center=([5.8719112445580812, 5.8795734655517933, 5.8872356865455053], [1289.084313166014, 1752.3939845640598, 1290.1066170579993], 5.8776869338677358, 1752.3939845640598)
Failed to find a valid peak. No peak greater than 1.0. max = 0.026643672268
new center pos Detector(H1) (Ar40) @ 5.87957346555
GetHighVoltage ===>> 4500
GetDeflection H1 ===>> 0
dac uncorrected for HV and deflection 5.87957346555
update mftable H1 Ar40 5.87957346555 message=automated run peakcenter
get initial guess parabolic
get initial guess parabolic
get initial guess parabolic
get initial guess parabolic
get initial guess parabolic
get initial guess parabolic
dump mftable to /Users/jan/PychronDev/setupfiles/spectrometer/mftables/mftable.csv
add to repo msg=modified - automated run peakcenter
locally archiving mftable
setting magnet DAC
current  : 5.894220
requested: 5.879573
Delta Dac: 0.014647
Checking detector protection. dv=0.01465
Checking detector "CDD". Protection Threshold: 0.1 (V)
SetMagnetDAC 5.87957346555 ===>> OK
Magnet settling time: 0.500
sweep finished
setting integration time = 1.048576
SetIntegrationTime 1.048576 ===>> OK
Failed to find a valid peak. No peak greater than 1.0. max = 0.0267588270469
flush and close file /Users/jan/PychronDev/data/isotopes/36/205600-4a59-4b13-b5ad-fd0e9414bffa.h5
finished measure script
executed snippet estimated_duration=226.132928, duration=272.802314997
jan_unknown120_60.py completed successfully
Measurement Finished
23:22:13 -- ******* Measurement Finished *******
Post Measurement Started jan_pump_ms.py
23:22:13 -- ******* Post Measurement Started jan_pump_ms.py *******
testing...
no interpolation path defined
executed snippet estimated_duration=0, duration=2.78949737549e-05
Pumping spectrometer
open () {'name': 'O'}
opening name=O desc=---
checking ownership. requestor=129.138.12.150
check software interlocks O
interlocks []
actuate state mode=None-script, software_lock=False
doing actuation None-script open_channel True
Open O ===>> OK
GetIndicatorState O ===>> OK
change switch state (True, True)
update switch state O True args=() kw={} ncanvase=2
23:22:13 -- OPEN   VALVE-O (Jan Ion Pump)
---------------------------------------- open O () result=[(True, True)], time=0.10 sec
action=open, ok=True, locked=[False]
executed snippet estimated_duration=0, duration=0.35194683075
jan_pump_ms.py completed successfully
setting _ms_pumptime
Post Measurement Finished
23:22:13 -- ******* Post Measurement Finished *******
$$$$$$$$$$$$$$$$$$$$ state at run end measurement
state changed from measurement to success
post measurement save measured=True aborted=False
Set filtering
setting fod for Ar40= {'filter_outliers': True, 'std_devs': 2, 'iterations': 1}
setting fod for H1= {'filter_outliers': True, 'std_devs': 2, 'iterations': 1}
setting fod for PM41= {'filter_outliers': False, 'std_devs': 2, 'iterations': 1}
setting fod for H2= {'filter_outliers': True, 'std_devs': 2, 'iterations': 1}
setting fod for Ar36= {'filter_outliers': True, 'std_devs': 2, 'iterations': 1}
setting fod for CDD= {'filter_outliers': True, 'std_devs': 10, 'iterations': 1}
setting fod for Ar37= {'filter_outliers': True, 'std_devs': 2, 'iterations': 1}
setting fod for L2= {'filter_outliers': True, 'std_devs': 2, 'iterations': 1}
setting fod for Ar38= {'filter_outliers': True, 'std_devs': 2, 'iterations': 1}
setting fod for L1= {'filter_outliers': True, 'std_devs': 2, 'iterations': 1}
setting fod for Ar39= {'filter_outliers': True, 'std_devs': 2, 'iterations': 1}
setting fod for AX= {'filter_outliers': True, 'std_devs': 2, 'iterations': 1}
persistence save...
persistence save - db
post measurement save
5059773456 connecting to database sqlite:////Users/jan/PychronDev/.appdata/local_lab.db
connected to db sqlite:////Users/jan/PychronDev/.appdata/local_lab.db
create new session 5059773456
close session 5059773456
No database instance. Not saving post measurement to isotopedb database
$$$$$$$$$$$$$$$ auto_save_detector_ic=False
massspec enabled True
create new session 4979675504
MassSpec Database Version: 16.0
close session 4979675504
saving post measurement to secondary database
saving to massspec database 129.138.12.160/massspecdata
setting labnumber to 25327
setting aliquot to 1
setting step to 
setting uuid to 36205600-4a59-4b13-b5ad-fd0e9414bffa
setting irradpos to 25327
setting extract_device to Fusions CO2
setting tray to 
setting position to 187
setting power_requested to 5.0
setting extract_value to 5.0
setting duration to 30.0
setting duration_at_request to 30.0
setting first_stage_delay to 30.0
setting cleanup to 30.0
setting comment to K:16
setting irradiation to NM-288
setting level to K
setting irradiation_level to K
setting sample to FC-2
setting material to Sanidine
setting project to Irradiation-NM-288
setting mass_spectrometer to Jan
no attribute chron_dosages
no attribute production_ratios
no attribute interference_corrections
no attribute production_name
no attribute j
Reference Isotope=Ar40
Reference Detector=H1
%%%%%%%%%%%%%%%%%%%% Comment: K:16 %%%%%%%%%%%%%%%%%%%
adding isotope PM41 H2
add baseline dbdet= PM41. original det= H2
get baseline data PM41 H2
Get data baseline <pychron.processing.isotope.Baseline object at 0x1aa87b810> len t=60
baseline PM41. v=-0.18099280145, e=0.00698307367139
get signal data PM41 H2
Get data signal PM41 0.10+/-0.06 len t=120
adding isotope Ar40 H1
add baseline dbdet= Ar40. original det= H1
get baseline data Ar40 H1
Get data baseline <pychron.processing.isotope.Baseline object at 0x1aa87ba10> len t=60
baseline Ar40. v=0.00950780253247, e=0.00704828958525
get signal data Ar40 H1
Get data signal Ar40 1932.18+/-0.09 len t=120
adding isotope Ar39 AX
add baseline dbdet= Ar39. original det= AX
get baseline data Ar39 AX
Get data baseline <pychron.processing.isotope.Baseline object at 0x1aa87bbd0> len t=60
baseline Ar39. v=-0.0813642149564, e=0.00678959383167
get signal data Ar39 AX
Get data signal Ar39 236.100+/-0.027 len t=120
adding isotope Ar38 L1
add baseline dbdet= Ar38. original det= L1
get baseline data Ar38 L1
Get data baseline <pychron.processing.isotope.Baseline object at 0x1aa87bd90> len t=60
baseline Ar38. v=-0.0293962247789, e=0.00244206369447
get signal data Ar38 L1
Get data signal Ar38 3.027+/-0.006 len t=120
adding isotope Ar37 L2
add baseline dbdet= Ar37. original det= L2
get baseline data Ar37 L2
Get data baseline <pychron.processing.isotope.Baseline object at 0x1aa87bf50> len t=60
baseline Ar37. v=-0.0227855428943, e=0.00628164966741
get signal data Ar37 L2
Get data signal Ar37 0.516+/-0.009 len t=120
adding isotope Ar36 CDD
add baseline dbdet= Ar36. original det= CDD
get baseline data Ar36 CDD
Get data baseline <pychron.processing.isotope.Baseline object at 0x1aa872150> len t=60
baseline Ar36. v=0.00040441770999, e=2.78819952605e-05
get signal data Ar36 CDD
Get data signal Ar36 0.01348+/-0.00030 len t=120
25327-01 added analysis time 0.484355926514s
analysis added to mass spec database
mass spec save time= 0.491
persistence save - dvc
================= post measurement started
create new session 4982376208
close session 4982376208
---------------- Experiment Queue saving disabled
DVC saving peakcenter
Failed to find a valid peak. No peak greater than 1.0. max = 0.0267588270469
Smart pull ahead: 0 behind: 0
Up-to-date with origin
add to repo msg=modified - ad8224ebc6dbfeb9f5997218dfa5fe690569839d.json
add to repo msg=modified - 27-01.json
add to repo msg=modified - 27-01.dat.json
add to repo msg=modified - 27-01.blan.json
add to repo msg=modified - 27-01.inte.json
add to repo msg=modified - 27-01.icfa.json
add to repo msg=modified - 27-01.base.json
not at valid file /Users/jan/PychronDev/data/.dvc/repositories/Load1788/253/tags/27-01.tags.json
add to repo msg=modified - 27-01.peak.json
add to repo msg=modified - 27-01.extr.json
not at valid file /Users/jan/PychronDev/data/.dvc/repositories/Load1788/253/monitor/27-01.moni.json
commit message=<COLLECTION>
add to repo msg=modified - 27-01.inte.json
add to repo msg=modified - 27-01.base.json
commit message=<ISOEVO> default collection fits
add to repo msg=modified - 27-01.blan.json
commit message=<BLANKS> preceding bc-02-J-344
add to repo msg=modified - 27-01.icfa.json
commit message=<ICFactor> default
push repository <pychron.git_archive.repo_manager.GitRepoManager object at 0x1a1490950>
pushing to remote=origin, url=https://github.com
no changes to meta repo
create new session 4982376208
add association Load1788
get identifier "25327"
setting analysis irradiation position=<pychron.dvc.dvc_orm.IrradiationPositionTbl object at 0x1ae7d4b50>
close session 4982376208
================= post measurement finished
23:22:27 -- ******* Post Run Check *******
loading queue conditionals post_run_actions
loading system conditionals post_run_actions
loading conditionals from /Users/jan/PychronDev/setupfiles/spectrometer/default_conditionals.yaml
loading queue conditionals post_run_terminations
loading system conditionals post_run_terminations
loading conditionals from /Users/jan/PychronDev/setupfiles/spectrometer/default_conditionals.yaml
Checking default post run terminations n=1
GetDeflection CDD ===>> 50
testing CDD==2000
evaluate ot="CDD.deflection==2000" t="CDD==2000", ctx="{'CDD': 50.0}"
23:22:27 -- ******* Post Run Check Passed *******
23:22:27 -- Automated run 25327-01 success duration: 365.638 s
----------------- finish -----------------
----------------- stop -----------------
retroactive repository identifiers disabled
finish run. runs completed=88
update duration runid=25327-01, duration=365.638080835, md5=301e91d8
loading script "jan_unknown120_60.py"
loading script "jan_pump_ms.py"
loading script "jan_co2.py"
loading script "jan_pump_extraction_line.py"
testing...
no interpolation path defined
executed snippet estimated_duration=213.652928, duration=0.000287055969238
script duration name:unknown120_60 seconds:214.0
loading script "jan_unknown120_60.py"
loading script "jan_pump_ms.py"
loading script "jan_co2.py"
loading script "jan_pump_extraction_line.py"
testing...
no interpolation path defined
executed snippet estimated_duration=0, duration=2.8133392334e-05
loading script "jan_unknown120_60.py"
loading script "jan_pump_ms.py"
loading script "jan_co2.py"
loading script "jan_pump_extraction_line.py"
testing...
no interpolation path defined
calculate duration
testing...
no interpolation path defined
executed snippet estimated_duration=0, duration=5.50746917725e-05
calculate duration
testing...
no interpolation path defined
executed snippet estimated_duration=0, duration=8.9168548584e-05
executed snippet estimated_duration=0.0, duration=0.00446701049805
script duration name:co2 seconds:0.0
loading script "jan_unknown120_60.py"
loading script "jan_pump_ms.py"
loading script "jan_co2.py"
loading script "jan_pump_extraction_line.py"
testing...
no interpolation path defined
calculate duration
testing...
no interpolation path defined
executed snippet estimated_duration=4.0, duration=0.000148057937622
executed snippet estimated_duration=4.0, duration=0.0011990070343
Script duration 214.0
Run total estimated duration= 215.000
unknown120_60 in script context. using previous estimated duration
script duration name:unknown120_60 seconds:214.0
pump_ms in script context. using previous estimated duration
co2 in script context. using previous estimated duration
script duration name:co2 seconds:0.0
pump_extraction_line in script context. using previous estimated duration
Script duration 214.0
Run total estimated duration= 215.000
script duration name:unknown120_60 seconds:214.0
script duration name:co2 seconds:0.0
Script duration 214.0
Run total estimated duration= 215.000
loading script "jan_unknown400_120.py"
loading script "jan_pump_ms.py"
loading script "jan_co2.py"
loading script "jan_pump_extraction_line.py"
testing...
no interpolation path defined
executed snippet estimated_duration=556.052928, duration=0.000144958496094
script duration name:unknown400_120 seconds:556.0
script duration name:co2 seconds:0.0
Script duration 556.0
Run total estimated duration= 557.000
script duration name:unknown120_60 seconds:214.0
script duration name:co2 seconds:0.0
Script duration 214.0
Run total estimated duration= 215.000
script duration name:unknown120_60 seconds:214.0
script duration name:co2 seconds:0.0
Script duration 214.0
Run total estimated duration= 215.000
script duration name:unknown120_60 seconds:214.0
script duration name:co2 seconds:0.0
Script duration 214.0
Run total estimated duration= 215.000
script duration name:unknown120_60 seconds:214.0
script duration name:co2 seconds:0.0
Script duration 214.0
Run total estimated duration= 215.000
script duration name:unknown120_60 seconds:214.0
script duration name:co2 seconds:0.0
Script duration 214.0
Run total estimated duration= 215.000
script duration name:unknown120_60 seconds:214.0
loading script "jan_unknown120_60.py"
loading script "jan_pump_ms.py"
loading script "jan_cocktail_x1.py"
loading script "jan_pump_extraction_line.py"
testing...
no interpolation path defined
calculate duration
testing...
no interpolation path defined
executed snippet estimated_duration=0, duration=5.10215759277e-05
calculate duration
testing...
no interpolation path defined
executed snippet estimated_duration=0, duration=0.000101804733276
calculate duration
testing...
no interpolation path defined
executed snippet estimated_duration=32.0, duration=8.89301300049e-05
calculate duration
testing...
no interpolation path defined
executed snippet estimated_duration=34.0, duration=9.89437103271e-05
calculate duration
testing...
no interpolation path defined
executed snippet estimated_duration=4.0, duration=7.29560852051e-05
calculate duration
testing...
no interpolation path defined
executed snippet estimated_duration=38.0, duration=0.0001380443573
executed snippet estimated_duration=108.0, duration=0.01154088974
script duration name:cocktail_x1 seconds:108.0
Script duration 322.0
Run total estimated duration= 323.000
script duration name:unknown120_60 seconds:214.0
script duration name:co2 seconds:0.0
Script duration 214.0
Run total estimated duration= 215.000
script duration name:unknown120_60 seconds:214.0
script duration name:co2 seconds:0.0
Script duration 214.0
Run total estimated duration= 215.000
script duration name:unknown120_60 seconds:214.0
script duration name:co2 seconds:0.0
Script duration 214.0
Run total estimated duration= 215.000
script duration name:unknown120_60 seconds:214.0
script duration name:co2 seconds:0.0
Script duration 214.0
Run total estimated duration= 215.000
script duration name:unknown120_60 seconds:214.0
script duration name:co2 seconds:0.0
Script duration 214.0
Run total estimated duration= 215.000
unknown400_120 in script context. using previous estimated duration
script duration name:unknown400_120 seconds:556.0
script duration name:co2 seconds:0.0
Script duration 556.0
Run total estimated duration= 557.000
script duration name:unknown400_120 seconds:556.0
loading script "jan_unknown400_120.py"
loading script "jan_pump_ms.py"
loading script "jan_sniffair_x2.py"
loading script "jan_pump_extraction_line.py"
testing...
no interpolation path defined
calculate duration
testing...
no interpolation path defined
executed snippet estimated_duration=0, duration=4.6968460083e-05
calculate duration
testing...
no interpolation path defined
executed snippet estimated_duration=0, duration=0.000211000442505
calculate duration
testing...
no interpolation path defined
executed snippet estimated_duration=32.0, duration=8.60691070557e-05
calculate duration
testing...
no interpolation path defined
executed snippet estimated_duration=34.0, duration=0.000114917755127
calculate duration
testing...
no interpolation path defined
executed snippet estimated_duration=4.0, duration=6.89029693604e-05
calculate duration
testing...
no interpolation path defined
executed snippet estimated_duration=36.0, duration=8.60691070557e-05
calculate duration
testing...
no interpolation path defined
executed snippet estimated_duration=34.0, duration=0.000102043151855
calculate duration
testing...
no interpolation path defined
executed snippet estimated_duration=4.0, duration=7.39097595215e-05
calculate duration
testing...
no interpolation path defined
executed snippet estimated_duration=36.0, duration=8.41617584229e-05
calculate duration
testing...
no interpolation path defined
executed snippet estimated_duration=70.0, duration=0.00016188621521
executed snippet estimated_duration=250.0, duration=0.0282101631165
script duration name:sniffair_x2 seconds:250.0
Script duration 806.0
Run total estimated duration= 807.000
script duration name:unknown400_120 seconds:556.0
cocktail_x1 in script context. using previous estimated duration
script duration name:cocktail_x1 seconds:108.0
Script duration 664.0
Run total estimated duration= 665.000
script duration name:unknown400_120 seconds:556.0
sniffair_x2 in script context. using previous estimated duration
script duration name:sniffair_x2 seconds:250.0
Script duration 806.0
Run total estimated duration= 807.000
loading script "jan_ic_peak_hop3.py"
loading script "jan_pump_ms.py"
loading script "jan_sniffair_x1.py"
loading script "jan_pump_extraction_line.py"
testing...
no interpolation path defined
executed snippet estimated_duration=133.8, duration=0.00821805000305
script duration name:ic_peak_hop3 seconds:134.0
loading script "jan_ic_peak_hop3.py"
loading script "jan_pump_ms.py"
loading script "jan_sniffair_x1.py"
loading script "jan_pump_extraction_line.py"
testing...
no interpolation path defined
calculate duration
testing...
no interpolation path defined
executed snippet estimated_duration=0, duration=0.000125169754028
calculate duration
testing...
no interpolation path defined
executed snippet estimated_duration=0, duration=9.98973846436e-05
calculate duration
testing...
no interpolation path defined
executed snippet estimated_duration=32.0, duration=9.48905944824e-05
calculate duration
testing...
no interpolation path defined
executed snippet estimated_duration=34.0, duration=9.3936920166e-05
calculate duration
testing...
no interpolation path defined
executed snippet estimated_duration=4.0, duration=5.48362731934e-05
calculate duration
testing...
no interpolation path defined
executed snippet estimated_duration=70.0, duration=9.60826873779e-05
executed snippet estimated_duration=140.0, duration=0.00831818580627
script duration name:sniffair_x1 seconds:140.0
Script duration 274.0
Run total estimated duration= 275.000
script duration name:unknown120_60 seconds:214.0
script duration name:co2 seconds:0.0
Script duration 214.0
Run total estimated duration= 215.000
script duration name:unknown120_60 seconds:214.0
script duration name:co2 seconds:0.0
Script duration 214.0
Run total estimated duration= 215.000
script duration name:unknown120_60 seconds:214.0
script duration name:co2 seconds:0.0
Script duration 214.0
Run total estimated duration= 215.000
script duration name:unknown120_60 seconds:214.0
script duration name:co2 seconds:0.0
Script duration 214.0
Run total estimated duration= 215.000
script duration name:unknown120_60 seconds:214.0
script duration name:co2 seconds:0.0
Script duration 214.0
Run total estimated duration= 215.000
script duration name:unknown120_60 seconds:214.0
script duration name:co2 seconds:0.0
Script duration 214.0
Run total estimated duration= 215.000
script duration name:unknown120_60 seconds:214.0
script duration name:co2 seconds:0.0
Script duration 214.0
Run total estimated duration= 215.000
script duration name:unknown120_60 seconds:214.0
script duration name:co2 seconds:0.0
Script duration 214.0
Run total estimated duration= 215.000
script duration name:unknown120_60 seconds:214.0
script duration name:co2 seconds:0.0
Script duration 214.0
Run total estimated duration= 215.000
script duration name:unknown120_60 seconds:214.0
script duration name:co2 seconds:0.0
Script duration 214.0
Run total estimated duration= 215.000
script duration name:unknown400_120 seconds:556.0
script duration name:co2 seconds:0.0
Script duration 556.0
Run total estimated duration= 557.000
script duration name:unknown120_60 seconds:214.0
script duration name:cocktail_x1 seconds:108.0
Script duration 322.0
Run total estimated duration= 323.000
script duration name:unknown120_60 seconds:214.0
script duration name:co2 seconds:0.0
Script duration 214.0
Run total estimated duration= 215.000
script duration name:unknown120_60 seconds:214.0
script duration name:co2 seconds:0.0
Script duration 214.0
Run total estimated duration= 215.000
script duration name:unknown120_60 seconds:214.0
script duration name:co2 seconds:0.0
Script duration 214.0
Run total estimated duration= 215.000
script duration name:unknown120_60 seconds:214.0
script duration name:co2 seconds:0.0
Script duration 214.0
Run total estimated duration= 215.000
script duration name:unknown400_120 seconds:556.0
script duration name:cocktail_x1 seconds:108.0
Script duration 664.0
Run total estimated duration= 665.000
script duration name:unknown120_60 seconds:214.0
script duration name:co2 seconds:0.0
Script duration 214.0
Run total estimated duration= 215.000
script duration name:unknown120_60 seconds:214.0
script duration name:co2 seconds:0.0
Script duration 214.0
Run total estimated duration= 215.000
script duration name:unknown120_60 seconds:214.0
script duration name:co2 seconds:0.0
Script duration 214.0
Run total estimated duration= 215.000
script duration name:unknown120_60 seconds:214.0
script duration name:co2 seconds:0.0
Script duration 214.0
Run total estimated duration= 215.000
script duration name:unknown120_60 seconds:214.0
script duration name:co2 seconds:0.0
Script duration 214.0
Run total estimated duration= 215.000
script duration name:unknown120_60 seconds:214.0
script duration name:co2 seconds:0.0
Script duration 214.0
Run total estimated duration= 215.000
script duration name:unknown400_120 seconds:556.0
script duration name:co2 seconds:0.0
Script duration 556.0
Run total estimated duration= 557.000
script duration name:unknown400_120 seconds:556.0
script duration name:sniffair_x2 seconds:250.0
Script duration 806.0
Run total estimated duration= 807.000
script duration name:unknown400_120 seconds:556.0
script duration name:sniffair_x2 seconds:250.0
Script duration 806.0
Run total estimated duration= 807.000
ic_peak_hop3 in script context. using previous estimated duration
script duration name:ic_peak_hop3 seconds:134.0
sniffair_x1 in script context. using previous estimated duration
script duration name:sniffair_x1 seconds:140.0
Script duration 274.0
Run total estimated duration= 275.000
script duration name:unknown120_60 seconds:214.0
script duration name:co2 seconds:0.0
Script duration 214.0
Run total estimated duration= 215.000
script duration name:unknown120_60 seconds:214.0
script duration name:co2 seconds:0.0
Script duration 214.0
Run total estimated duration= 215.000
nruns=49 before=5.0, run_dur=15507.0, btw=2160.0
write rem/ex queues
/Users/jan/PychronDev/experiments/rem/CurrentExperiment.rem.txt
/Users/jan/PychronDev/experiments/rem/CurrentExperiment.ex.txt
doing event level: 3
