do run
loading script "jan_unknown120_60.py"
loading script "jan_pump_ms.py"
loading script "jan_co2.py"
loading script "jan_pump_extraction_line.py"
testing...
no interpolation path defined
executed snippet estimated_duration=213.652928, duration=0.000248908996582
script duration name:unknown120_60 seconds:214.0
loading script "jan_unknown120_60.py"
loading script "jan_pump_ms.py"
loading script "jan_co2.py"
loading script "jan_pump_extraction_line.py"
testing...
no interpolation path defined
executed snippet estimated_duration=0, duration=2.31266021729e-05
loading script "jan_unknown120_60.py"
loading script "jan_pump_ms.py"
loading script "jan_co2.py"
loading script "jan_pump_extraction_line.py"
testing...
no interpolation path defined
calculate duration
testing...
no interpolation path defined
executed snippet estimated_duration=0, duration=8.9168548584e-05
calculate duration
testing...
no interpolation path defined
executed snippet estimated_duration=0, duration=8.39233398438e-05
executed snippet estimated_duration=0.0, duration=0.00258088111877
script duration name:co2 seconds:0.0
loading script "jan_unknown120_60.py"
loading script "jan_pump_ms.py"
loading script "jan_co2.py"
loading script "jan_pump_extraction_line.py"
testing...
no interpolation path defined
calculate duration
testing...
no interpolation path defined
executed snippet estimated_duration=4.0, duration=0.000153064727783
executed snippet estimated_duration=4.0, duration=0.00125098228455
Script duration 214.0
Run total estimated duration= 215.000
run duration: 0:03:35
doing event level: 2
23:37:16 -- Setting default integration. t=1.048576
setting integration time = 1.048576
SetIntegrationTime 1.048576 ===>> OK
----------------- start -----------------
**************** Experiment Type: Ar/Ar, Ar/Ar
create new session 4419362736
close session 4419362736
$$$$$ Clearing conditionals
adding conditionals 
Add queue conditionals
add default conditionals
adding default conditionals from /Users/jan/PychronDev/setupfiles/spectrometer/default_conditionals.yaml
Start automated run 25327-04
loading script "jan_unknown120_60.py"
loading script "jan_pump_ms.py"
loading script "jan_co2.py"
loading script "jan_pump_extraction_line.py"
%%%%%%%%%%%%%%%%%% setting automated run 25327-04
No value "sensitivity_multiplier" in metadata
$$$$$$$$$$$$$$$ auto_save_detector_ic=False
============================= Pre Extraction Check =============================
loading queue conditionals pre_run_terminations
loading system conditionals pre_run_terminations
loading conditionals from /Users/jan/PychronDev/setupfiles/spectrometer/default_conditionals.yaml
23:37:16 -- ******* Pre Extraction Check *******
Get a measurement from the spectrometer
GetData ===>> H2,-0.108416317014292,H1,-0.0105707525746233,AX,-0.0838602995408672,L1,-0.0226754494178497,L2,-0....
Pre Extraction Termination data. keys=H2,H1,AX,L1,L2,CDD, signals=-0.10842,-0.01057,-0.08386,-0.02268,-0.07582,0.00372
23:37:16 -- testing system defined conditionals
Checking default pre extraction terminations n=2
testing CDD
evaluate ot="CDD.inactive" t="CDD", ctx="{'CDD': False}"
GetDeflection CDD ===>> 50
testing CDD==2000
evaluate ot="CDD.deflection==2000" t="CDD==2000", ctx="{'CDD': 50.0}"
23:37:16 -- ******* Pre Extraction Check Passed *******
=================================================================================
23:37:16 -- stopping status monitor
stop 4976433200
Alive clients [4982646160]
23:37:16 -- starting status monitor
start 4976433200
Monitor already running
start extraction
do extraction
Analysis started at 23:37:16.697924
Extraction Started jan_co2.py
23:37:16 -- ******* Extraction Started jan_co2.py *******
state changed from not run to extraction
DO EXTRACTION <pychron.extraction_line.pyscript_runner.RemotePyScriptRunner object at 0x12b9a8890>
testing...
no interpolation path defined
calculate duration
testing...
no interpolation path defined
executed snippet estimated_duration=0, duration=5.00679016113e-05
calculate duration
testing...
no interpolation path defined
executed snippet estimated_duration=0, duration=9.98973846436e-05
executed snippet estimated_duration=100.0, duration=0.00246691703796
Jan CO2 laser analysis
doing GOSUB
testing...
no interpolation path defined
executed snippet estimated_duration=0, duration=4.29153442383e-05
Waiting for CO2 access
wait ('FelixCO2Flag', 0) {}
waiting for FelixCO2Flag = 0
Read FelixCO2Flag ===>> 0
finished waiting
CO2 free
wait ('CO2PumpTimeFlag', 0) {}
waiting for CO2PumpTimeFlag = 0
Read CO2PumpTimeFlag ===>> 0
finished waiting
acquire ('JanCO2Flag',) {'clear': True}
acquire JanCO2Flag
Set JanCO2Flag 1 ===>> OK
JanCO2Flag acquired
set extraction state False (0.75, 'red', 1.5)
CO2 acquired
executed snippet estimated_duration=0, duration=0.018935918808
WaitForCO2Access.py completed successfully
gosub finished
doing GOSUB
testing...
no interpolation path defined
executed snippet estimated_duration=0, duration=9.91821289062e-05
Prepare for CO2 analysis
close () {'description': 'Jan Inlet'}
closing name=--- desc=Jan Inlet
checking ownership. requestor=129.138.12.150
check software interlocks R
interlocks []
actuate state mode=None-script, software_lock=False
doing actuation None-script close_channel False
Close R ===>> OK
GetIndicatorState R ===>> False
change switch state (True, True)
update switch state R False args=() kw={} ncanvase=2
23:37:17 -- CLOSE  VALVE-R (Jan Inlet)
---------------------------------------- close None (Jan Inlet) result=[(True, True)]
action=close, ok=True, locked=[False]
open () {'description': 'Jan Ion Pump'}
opening name=--- desc=Jan Ion Pump
checking ownership. requestor=129.138.12.150
check software interlocks O
interlocks []
actuate state mode=None-script, software_lock=False
doing actuation None-script open_channel False
Open O ===>> OK
GetIndicatorState O ===>> OK
change switch state (True, True)
update switch state O True args=() kw={} ncanvase=2
23:37:17 -- OPEN   VALVE-O (Jan Ion Pump)
---------------------------------------- open None (Jan Ion Pump) result=[(True, True)], time=0.11 sec
action=open, ok=True, locked=[False]
close () {'description': 'Microbone to Minibone'}
closing name=--- desc=Microbone to Minibone
checking ownership. requestor=129.138.12.150
check software interlocks L
interlocks []
actuate state mode=None-script, software_lock=False
doing actuation None-script close_channel False
Close L ===>> OK
GetIndicatorState L ===>> False
change switch state (True, True)
update switch state L False args=() kw={} ncanvase=2
23:37:18 -- CLOSE  VALVE-L (Microbone to Minibone)
---------------------------------------- close None (Microbone to Minibone) result=[(True, True)]
action=close, ok=True, locked=[False]
open () {'description': 'Microbone to Turbo'}
opening name=--- desc=Microbone to Turbo
checking ownership. requestor=129.138.12.150
check software interlocks U
interlocks []
actuate state mode=None-script, software_lock=False
doing actuation None-script open_channel False
Open U ===>> OK
GetIndicatorState U ===>> OK
change switch state (True, True)
update switch state U True args=() kw={} ncanvase=2
23:37:18 -- OPEN   VALVE-U (Microbone to Turbo)
---------------------------------------- open None (Microbone to Turbo) result=[(True, True)], time=0.13 sec
action=open, ok=True, locked=[False]
open () {'description': 'Microbone to Inlet Pipette'}
opening name=--- desc=Microbone to Inlet Pipette
checking ownership. requestor=129.138.12.150
check software interlocks S
interlocks []
actuate state mode=None-script, software_lock=False
doing actuation None-script open_channel False
Open S ===>> OK
GetIndicatorState S ===>> OK
change switch state (True, True)
update switch state S True args=() kw={} ncanvase=2
23:37:19 -- OPEN   VALVE-S (Microbone to Inlet Pipette)
---------------------------------------- open None (Microbone to Inlet Pipette) result=[(True, True)], time=0.40 sec
action=open, ok=True, locked=[False]
open () {'description': 'Microbone to Getter D-50'}
opening name=--- desc=Microbone to Getter D-50
checking ownership. requestor=129.138.12.150
check software interlocks K
interlocks []
actuate state mode=None-script, software_lock=False
doing actuation None-script open_channel False
Open K ===>> OK
GetIndicatorState K ===>> OK
change switch state (True, True)
update switch state K True args=() kw={} ncanvase=2
23:37:19 -- OPEN   VALVE-K (Microbone to Getter D-50)
---------------------------------------- open None (Microbone to Getter D-50) result=[(True, True)], time=0.42 sec
action=open, ok=True, locked=[False]
open () {'description': 'Microbone to Getter NP-10'}
opening name=--- desc=Microbone to Getter NP-10
checking ownership. requestor=129.138.12.150
check software interlocks M
interlocks []
actuate state mode=None-script, software_lock=False
doing actuation None-script open_channel False
Open M ===>> OK
GetIndicatorState M ===>> OK
change switch state (True, True)
update switch state M True args=() kw={} ncanvase=2
23:37:20 -- OPEN   VALVE-M (Microbone to Getter NP-10)
---------------------------------------- open None (Microbone to Getter NP-10) result=[(True, True)], time=0.14 sec
action=open, ok=True, locked=[False]
close () {'description': 'CO2 Laser to Felix'}
closing name=--- desc=CO2 Laser to Felix
checking ownership. requestor=129.138.12.150
check software interlocks F
interlocks []
actuate state mode=None-script, software_lock=True
VALVE-F(CO2 Laser to Felix) software locked
change switch state (True, False)
---------------------------------------- close None (CO2 Laser to Felix) result=[(True, False)]
action=close, ok=True, locked=[True]
open () {'description': 'CO2 Laser to Jan'}
opening name=--- desc=CO2 Laser to Jan
checking ownership. requestor=129.138.12.150
check software interlocks A
interlocks []
actuate state mode=None-script, software_lock=False
doing actuation None-script open_channel False
Open A ===>> OK
GetIndicatorState A ===>> OK
change switch state (True, True)
update switch state A True args=() kw={} ncanvase=2
23:37:20 -- OPEN   VALVE-A (CO2 Laser to Jan)
---------------------------------------- open None (CO2 Laser to Jan) result=[(True, True)], time=0.13 sec
action=open, ok=True, locked=[False]
open () {'description': 'Microbone to CO2 Laser'}
opening name=--- desc=Microbone to CO2 Laser
checking ownership. requestor=129.138.12.150
check software interlocks T
interlocks []
actuate state mode=None-script, software_lock=False
doing actuation None-script open_channel False
Open T ===>> OK
GetIndicatorState T ===>> OK
change switch state (True, True)
update switch state T True args=() kw={} ncanvase=2
23:37:21 -- OPEN   VALVE-T (Microbone to CO2 Laser)
---------------------------------------- open None (Microbone to CO2 Laser) result=[(True, True)], time=0.41 sec
action=open, ok=True, locked=[False]
executed snippet estimated_duration=0, duration=4.82348012924
PrepareForCO2Analysis.py completed successfully
gosub finished
set_motor ('beam', '1.25') {}
setting motor "beam" to 1.25
set motor beam to 1.25
SetMotor beam,1.25 ===>> OK
GetMotorMoving beam ===>> False
GetMotorMoving beam ===>> False
Block completed
move_to_position ('190',) {'autocenter': True}
FusionsCO2 move to position 190
sending GoToHole 190,True
GoToHole 190,True ===>> OK
GetDriveMoving ===>> OK
GetDriveMoving ===>> OK
GetDriveMoving ===>> OK
GetDriveMoving ===>> OK
GetDriveMoving ===>> OK
GetDriveMoving ===>> OK
GetDriveMoving ===>> False
GetDriveMoving ===>> OK
GetDriveMoving ===>> OK
GetDriveMoving ===>> OK
GetDriveMoving ===>> OK
GetDriveMoving ===>> False
Block completed
GetAutoCorrecting ===>> False
GetAutoCorrecting ===>> False
Block completed
update position
GetPosition ===>> 0.00000,-9.96950,1.00000
got position (0.0, -9.9695, 1.0)
move to position succeeded
sleep (5,) {}
SLEEP 5.0
block started
WaitControl setup for 5.0  
Join finished
block finished. duration 5.03034806252
close () {'description': 'Microbone to Turbo'}
closing name=--- desc=Microbone to Turbo
checking ownership. requestor=129.138.12.150
check software interlocks U
interlocks []
actuate state mode=None-script, software_lock=False
doing actuation None-script close_channel True
Close U ===>> OK
set states for children of U. state=False
handle state [('U', False)]
update switch state U False args=() kw={'refresh': False} ncanvase=2
refresh_canvas_needed fired
GetIndicatorState U ===>> False
change switch state (True, True)
update switch state U False args=() kw={} ncanvase=2
23:37:32 -- CLOSE  VALVE-U (Microbone to Turbo)
---------------------------------------- close None (Microbone to Turbo) result=[(True, True)]
action=close, ok=True, locked=[False]
enable laser
enable () {}
set extraction state FusionsCO2 Enabled (False, 'red', 1.5)
enabling laser
Enable ===>> OK
begin interval
BEGIN INTERVAL Interval 1 waiting for 30.0
block started
set extract to 5.0
WaitControl setup for 30.0  
extract (5.0,) {}
GetPosition ===>> 0.00000,-9.96950,1.00000
set extraction state FusionsCO2 ON! 5.0(watts) (0.75, 'red', 1.5)
extract sample to 5.0 (watts)
set laser output
SetLaserOutput 5.0,watts ===>> OK
executing pattern triangle.lp
execute_pattern ('triangle.lp',) {}
executing pattern triangle.lp
IsPatterning ===>> OK
IsPatterning ===>> OK
IsPatterning ===>> OK
IsPatterning ===>> OK
IsPatterning ===>> OK
IsPatterning ===>> OK
IsPatterning ===>> OK
IsPatterning ===>> OK
IsPatterning ===>> OK
IsPatterning ===>> OK
IsPatterning ===>> OK
IsPatterning ===>> OK
IsPatterning ===>> OK
IsPatterning ===>> OK
IsPatterning ===>> OK
IsPatterning ===>> OK
IsPatterning ===>> OK
IsPatterning ===>> OK
IsPatterning ===>> OK
IsPatterning ===>> OK
IsPatterning ===>> OK
IsPatterning ===>> OK
IsPatterning ===>> OK
IsPatterning ===>> OK
IsPatterning ===>> OK
IsPatterning ===>> OK
IsPatterning ===>> False
IsPatterning ===>> False
Block completed
COMPLETE INTERVAL waiting for Interval 1 to complete
Join finished
block finished. duration 30.1134319305
Interval 1 finished
end_extract () {}
ending extraction. set laser power to 0
set laser power 0
SetLaserPower 0 ===>> OK
disable () {}
%%%%%%%%%%%%%%%%%%%%%%%%%%%%%%%%%%% disable
set extraction state False (0.75, 'red', 1.5)
disabling laser
Disable ===>> OK
sleep (30.0,) {}
SLEEP 30.0
block started
WaitControl setup for 30.0  
Join finished
block finished. duration 30.1208770275
executed snippet estimated_duration=166.0, duration=76.7937581539
jan_co2.py completed successfully
GetAchievedOutput ===>> No Response
Requested Output= 0.000
Achieved Output=  0.000
GetResponseBlob ===>> No Response
GetOutputBlob ===>> No Response
persistence save...
persistence save - db
AutomatedRunPersister post_extraction_save deprecated
persistence save - dvc
no extraction position for 190
create new session 4982376208
close session 4982376208
Extraction Finished
23:38:33 -- ******* Extraction Finished *******
no overlap. not waiting for min ms pumptime
23:38:33 -- Sending spectrometer configuration
======== Sending configuration ========
SetDeflection CDD,50.0 ===>> OK
SetDeflection H2,0.0 ===>> OK
SetDeflection H1,0.0 ===>> OK
SetDeflection L2,825.0 ===>> OK
SetDeflection L1,400.0 ===>> OK
SetDeflection AX,190.0 ===>> OK
SetZFocus 74.64 ===>> OK
SetZSymmetry -50.72 ===>> OK
SetExtractionLens 26.13 ===>> OK
SetIonRepeller -3.81 ===>> OK
SetElectronEnergy 75.08 ===>> OK
SetYSymmetry -2.81 ===>> OK
SetIonCounterVoltage 1590.0 ===>> OK
send trap current 200.0
GetParameter Trap Current Readback ===>> 198.258926936459
SetParameter Trap Current Set,200.0 ===>> OK
updating mftable name mftable
Using mftable located at /Users/jan/PychronDev/setupfiles/spectrometer/mftables/mftable.csv
============ MFtable ===========
Isotope  H2     H1     AX     L1     L2     CDD    
Ar40     5.8014 5.8795 5.9929 6.1413 6.2314 6.3695
Ar39     5.7006 5.7718 5.8854 6.0274 6.1165 6.2560
Ar36     5.3781 5.4408 5.5487 5.6862 5.7715 5.9071
================================
get initial guess parabolic
get initial guess parabolic
get initial guess parabolic
get initial guess parabolic
get initial guess parabolic
get initial guess parabolic
======== Configuration Finished ========
GetYSymmetry ===>> -2.81
GetZSymmetry ===>> -50.72
GetParameter Trap Current Readback ===>> 198.258926936459
GetHighVoltage ===>> 4500
start measurement
do measurement
L#=25327 analysis type=unknown
Measurement Started jan_unknown120_60.py
23:38:33 -- ******* Measurement Started jan_unknown120_60.py *******
state changed from extraction to measurement
setting spec, defl, and gains
GetExtractionLens ===>> 26.13
GetYSymmetry ===>> -2.81
GetZSymmetry ===>> -50.72
GetZFocus ===>> 74.64
GetDeflection H2 ===>> 0
GetDeflection H1 ===>> 0
GetDeflection AX ===>> 190
GetDeflection L1 ===>> 400
GetDeflection L2 ===>> 825
GetDeflection CDD ===>> 50
GetGain H2 ===>> 0.0113
GetGain H1 ===>> 0.1
GetGain AX ===>> 0.097049
GetGain L1 ===>> 0.010355
GetGain L2 ===>> 0.095649
GetGain CDD ===>> 0
pre measurement save
New frame /Users/jan/PychronDev/data/isotopes/80/e5629f-5789-4504-b9c0-cdf57f452918.h5
flush and close file /Users/jan/PychronDev/data/isotopes/80/e5629f-5789-4504-b9c0-cdf57f452918.h5
testing...
no interpolation path defined
executed snippet estimated_duration=226.132928, duration=0.000132083892822
unknown measurement script
activate_detectors ('H2', 'H1', 'AX', 'L1', 'L2', 'CDD') {}
activate detectors
*************** Set Analysis View Ar/Ar
create graphs
clearing graphs
clear isotope group
setting isotope det=H2, iso=PM41
setting isotope det=H1, iso=Ar40
setting isotope det=AX, iso=Ar39
setting isotope det=L1, iso=Ar38
setting isotope det=L2, iso=Ar37
setting isotope det=CDD, iso=Ar36
setting previous blanks
 - setting Ar40 blank 0.213+/-0.007
 - setting Ar36 blank 0.00421+/-0.00016
 - setting Ar37 blank 0.044+/-0.005
 - setting Ar38 blank 0.0165+/-0.0022
 - setting PM41 blank 0.03+/-0.07
 - setting Ar39 blank 0.032+/-0.009
load analysis view
position_magnet ('Ar40',) {'detector': 'H1'}
detector Detector(H1)
POSITION Ar40 H1
setting detector H2 to PM41 (40.9624)
setting detector H1 to Ar40 (39.9624)
setting detector AX to Ar39 (38.9624)
setting detector L1 to Ar38 (37.9624)
setting detector L2 to Ar37 (36.9624)
setting detector CDD to Ar36 (35.9624)
Mapping mass to dac mass func: "parabolic"
H1 map mass coeffs = [-0.00063987  0.15840543  0.57114999]
H1 map mass to dac 39.9624 >> 5.87954
GetDeflection H1 ===>> 0
GetHighVoltage ===>> 4500
positioning Ar40 (5.87954) on H1
setting magnet DAC
current  : 5.879537
requested: 5.879540
Delta Dac: 0.000003
Checking detector protection. dv=0.00000
Checking detector "CDD". Protection Threshold: 0.1 (V)
SetMagnetDAC 5.87954 ===>> OK
Magnet settling time: 0.500
equilibrate () {'delay': 3, 'inlet': 'R', 'outlet': 'O', 'eqtime': 12.0}
Equilibration Started
23:38:35 -- ******* Equilibration Started *******
checking ownership. requestor=129.138.12.150
check software interlocks O
interlocks []
actuate state mode=None-script, software_lock=False
doing actuation None-script close_channel True
Close O ===>> OK
GetIndicatorState O ===>> False
change switch state (True, True)
update switch state O False args=() kw={} ncanvase=2
23:38:35 -- CLOSE  VALVE-O (Jan Ion Pump)
waiting 3s before opening inlet value ('R',)
update labels <pychron.experiment.plot_panel.PlotPanel object at 0x1aabf7770>
update labels "<pychron.graph.stacked_regression_graph.StackedRegressionGraph object at 0x1a28de5f0>"
setting label 0 H2 PM41
setting label 1 H1 Ar40
setting label 2 AX Ar39
setting label 3 L1 Ar38
setting label 4 L2 Ar37
setting label 5 CDD Ar36
update labels "<pychron.graph.stacked_graph.StackedGraph object at 0x1a217b7d0>"
setting label 0 H2 PM41
setting label 1 H1 Ar40
setting label 2 AX Ar39
setting label 3 L1 Ar38
setting label 4 L2 Ar37
setting label 5 CDD Ar36
checking ownership. requestor=129.138.12.150
check software interlocks R
interlocks []
actuate state mode=None-script, software_lock=False
doing actuation None-script open_channel True
Open R ===>> OK
GetIndicatorState R ===>> OK
change switch state (True, True)
update switch state R True args=() kw={} ncanvase=2
23:38:38 -- OPEN   VALVE-R (Jan Inlet)
set_time_zero () {}
equilibrating for 12.0sec
sniff (12.0,) {}
py_sniff
build tables- sniff [Detector(H2), Detector(H1), Detector(AX), Detector(L1), Detector(L2), Detector(CDD)]
add group /sniff/PM41 (Group) '' table H2
add group /sniff/Ar40 (Group) '' table H1
add group /sniff/Ar39 (Group) '' table AX
add group /sniff/Ar38 (Group) '' table L1
add group /sniff/Ar37 (Group) '' table L2
add group /sniff/Ar36 (Group) '' table CDD
flush and close file /Users/jan/PychronDev/data/isotopes/80/e5629f-5789-4504-b9c0-cdf57f452918.h5
measuring sniff. ncounts=12.0
"sniff" increment series count="1" fit count="0" regressing="False"
starting measurement
GetData ===>> H2,-0.178980769362557,H1,0.0867330406291834,AX,-0.155475361005977,L1,0.00211730796782552,L2,0.100...
GetData ===>> H2,0.458933258506627,H1,460.694371043195,AX,61.3215504051385,L1,0.233753712960306,L2,0.4564078446...
GetData ===>> H2,0.75289140407704,H1,1340.39176445901,AX,171.483719968275,L1,1.18892815198462,L2,0.491791777739...
GetData ===>> H2,0.43869162702719,H1,1650.92076150371,AX,205.807001628067,L1,1.89674416975555,L2,0.420101606088...
GetData ===>> H2,0.254124780625533,H1,1755.56171521103,AX,216.058588507404,L1,2.30441426380807,L2,0.46765664650...
GetData ===>> H2,0.0313062693254052,H1,1795.69330410219,AX,219.72039561029,L1,2.51990142785506,L2,0.49027244455...
GetData ===>> H2,0.0454258930190168,H1,1812.40404728532,AX,221.466464887092,L1,2.6197895698952,L2,0.40159332025...
GetData ===>> H2,0.0271222917739973,H1,1819.3242691511,AX,222.323659728639,L1,2.67894307446183,L2,0.44134483948...
GetData ===>> H2,-0.0494901290976669,H1,1822.68356033991,AX,222.576732729857,L1,2.77328988987772,L2,0.484812182...
GetData ===>> H2,-0.0431911075221356,H1,1824.16198249055,AX,222.363875695028,L1,2.77845399187717,L2,0.642421674...
GetData ===>> H2,-0.138053233894375,H1,1824.18514862019,AX,222.085168119499,L1,2.79303568312727,L2,0.5393716500...
Equilibration Finished
23:38:51 -- ******* Equilibration Finished *******
checking ownership. requestor=129.138.12.150
check software interlocks R
interlocks []
actuate state mode=None-script, software_lock=False
doing actuation None-script close_channel True
GetData ===>> H2,-0.057378649068027,H1,1823.88475866847,AX,222.477844384018,L1,2.80607288949623,L2,0.4047463312...
Close R ===>> OK
set states for children of R. state=False
handle state [('R', False)]
update switch state R False args=() kw={'refresh': False} ncanvase=2
refresh_canvas_needed fired
GetIndicatorState R ===>> False
change switch state (True, True)
update switch state R False args=() kw={} ncanvase=2
23:38:51 -- CLOSE  VALVE-R (Jan Inlet)
Post Equilibration Started jan_pump_extraction_line.py
23:38:51 -- ******* Post Equilibration Started jan_pump_extraction_line.py *******
testing...
no interpolation path defined
calculate duration
testing...
no interpolation path defined
executed snippet estimated_duration=4.0, duration=0.000118017196655
executed snippet estimated_duration=4.0, duration=0.000870943069458
Pump after analysis
doing GOSUB
testing...
no interpolation path defined
executed snippet estimated_duration=4.0, duration=0.000107049942017
Pump Microbone
close () {'description': 'Jan Inlet'}
closing name=--- desc=Jan Inlet
checking ownership. requestor=129.138.12.150
check software interlocks R
interlocks []
actuate state mode=None-script, software_lock=False
doing actuation None-script close_channel False
Close R ===>> OK
measurement finished
estimated time: 12.583 actual time: :12.693
flush and close file /Users/jan/PychronDev/data/isotopes/80/e5629f-5789-4504-b9c0-cdf57f452918.h5
set_fits () {}
using default fits file=/Users/jan/PychronDev/scripts/measurement/fits/nominal_linear.yaml
set "Ar40" to "('Linear', 'SEM')"
No fit for "PM41". defaulting to linear. check the measurement script "jan_unknown120_60.py"
set "PM41" to "linear"
set "Ar36" to "('Linear', 'SEM')"
set "Ar37" to "('linear', 'SEM')"
set "Ar38" to "('linear', 'SEM')"
GetIndicatorState R ===>> False
set "Ar39" to "('Linear', 'SEM')"
change switch state (True, True)
set_baseline_fits () {}
update switch state R False args=() kw={} ncanvase=2
using default fits file=/Users/jan/PychronDev/scripts/measurement/fits/nominal_linear.yaml
set "H1" to "('average', 'SEM')"
set "H2" to "('average', 'SEM')"
set "CDD" to "('average', 'SEM')"
23:38:52 -- CLOSE  VALVE-R (Jan Inlet)
set "L2" to "('average', 'SEM')"
---------------------------------------- close None (Jan Inlet) result=[(True, True)]
set "L1" to "('average', 'SEM')"
set "AX" to "('average', 'SEM')"
multicollect () {'integration_time': 1, 'ncounts': 120}
build tables- signal [Detector(H2), Detector(H1), Detector(AX), Detector(L1), Detector(L2), Detector(CDD)]
add group /signal/PM41 (Group) '' table H2
add group /signal/Ar40 (Group) '' table H1
add group /signal/Ar39 (Group) '' table AX
add group /signal/Ar38 (Group) '' table L1
add group /signal/Ar37 (Group) '' table L2
add group /signal/Ar36 (Group) '' table CDD
flush and close file /Users/jan/PychronDev/data/isotopes/80/e5629f-5789-4504-b9c0-cdf57f452918.h5
measuring signal. ncounts=120
action=close, ok=True, locked=[False]
is_closed ('F',) {}
is F () closed?
is closed True
open () {'description': 'CO2 Laser to Jan'}
opening name=--- desc=CO2 Laser to Jan
checking ownership. requestor=129.138.12.150
check software interlocks A
interlocks []
actuate state mode=None-script, software_lock=False
doing actuation None-script open_channel False
Open A ===>> OK
GetIndicatorState A ===>> OK
change switch state (True, True)
update switch state A True args=() kw={} ncanvase=2
23:38:52 -- OPEN   VALVE-A (CO2 Laser to Jan)
---------------------------------------- open None (CO2 Laser to Jan) result=[(True, True)], time=0.12 sec
"signal" increment series count="2" fit count="1" regressing="True"
starting measurement
GetData ===>> H2,-0.0403727851894571,H1,1824.26064346714,AX,222.545525118448,L1,2.82326120152845,L2,0.572167966...
action=open, ok=True, locked=[False]
sleep (1,) {}
SLEEP 1.0
GetData ===>> H2,0.0272271107707575,H1,1823.90213009429,AX,222.561866342685,L1,2.91551106115022,L2,0.4372878067...
close () {'description': 'CO2 Laser to Roughing'}
closing name=--- desc=CO2 Laser to Roughing
checking ownership. requestor=129.138.12.150
check software interlocks G
interlocks []
actuate state mode=None-script, software_lock=True
VALVE-G(CO2 Laser to Roughing) software locked
change switch state (True, False)
---------------------------------------- close None (CO2 Laser to Roughing) result=[(True, False)]
action=close, ok=True, locked=[True]
open () {'description': 'Microbone to Turbo'}
opening name=--- desc=Microbone to Turbo
checking ownership. requestor=129.138.12.150
check software interlocks U
interlocks []
actuate state mode=None-script, software_lock=False
doing actuation None-script open_channel True
Open U ===>> OK
GetIndicatorState U ===>> OK
change switch state (True, True)
update switch state U True args=() kw={} ncanvase=2
23:38:54 -- OPEN   VALVE-U (Microbone to Turbo)
---------------------------------------- open None (Microbone to Turbo) result=[(True, True)], time=0.17 sec
action=open, ok=True, locked=[False]
open () {'description': 'Microbone to Getter NP-10'}
opening name=--- desc=Microbone to Getter NP-10
checking ownership. requestor=129.138.12.150
check software interlocks M
interlocks []
actuate state mode=None-script, software_lock=False
doing actuation None-script open_channel False
Open M ===>> OK
GetIndicatorState M ===>> OK
change switch state (True, True)
update switch state M True args=() kw={} ncanvase=2
23:38:54 -- OPEN   VALVE-M (Microbone to Getter NP-10)
---------------------------------------- open None (Microbone to Getter NP-10) result=[(True, True)], time=0.13 sec
action=open, ok=True, locked=[False]
open () {'description': 'Microbone to Getter D-50'}
opening name=--- desc=Microbone to Getter D-50
checking ownership. requestor=129.138.12.150
check software interlocks K
interlocks []
actuate state mode=None-script, software_lock=False
doing actuation None-script open_channel False
GetData ===>> H2,-0.0192057462717432,H1,1822.39023982201,AX,222.098430732294,L1,2.93101072007503,L2,0.494099382...
Open K ===>> OK
GetIndicatorState K ===>> OK
change switch state (True, True)
update switch state K True args=() kw={} ncanvase=2
23:38:55 -- OPEN   VALVE-K (Microbone to Getter D-50)
---------------------------------------- open None (Microbone to Getter D-50) result=[(True, True)], time=0.40 sec
action=open, ok=True, locked=[False]
open () {'description': 'Microbone to CO2 Laser'}
opening name=--- desc=Microbone to CO2 Laser
checking ownership. requestor=129.138.12.150
check software interlocks T
interlocks []
actuate state mode=None-script, software_lock=False
doing actuation None-script open_channel False
Open T ===>> OK
GetIndicatorState T ===>> OK
change switch state (True, True)
update switch state T True args=() kw={} ncanvase=2
23:38:55 -- OPEN   VALVE-T (Microbone to CO2 Laser)
---------------------------------------- open None (Microbone to CO2 Laser) result=[(True, True)], time=0.41 sec
GetData ===>> H2,-0.0944248489256039,H1,1822.02012825902,AX,222.325200617816,L1,2.85736738695379,L2,0.418284893...
action=open, ok=True, locked=[False]
open () {'description': 'Microbone to Inlet Pipette'}
opening name=--- desc=Microbone to Inlet Pipette
checking ownership. requestor=129.138.12.150
check software interlocks S
interlocks []
actuate state mode=None-script, software_lock=False
doing actuation None-script open_channel False
Open S ===>> OK
GetIndicatorState S ===>> OK
change switch state (True, True)
update switch state S True args=() kw={} ncanvase=2
23:38:56 -- OPEN   VALVE-S (Microbone to Inlet Pipette)
---------------------------------------- open None (Microbone to Inlet Pipette) result=[(True, True)], time=0.40 sec
action=open, ok=True, locked=[False]
sleep (1,) {}
SLEEP 1.0
GetData ===>> H2,-0.0997197001942953,H1,1820.96855542273,AX,222.115121961428,L1,2.81910346118888,L2,0.512116601...
set_resource () {'name': 'CO2PumpTimeFlag', 'value': 30}
Set CO2PumpTimeFlag 30 ===>> OK
release ('JanCO2Flag',) {}
release JanCO2Flag
Set JanCO2Flag 0 ===>> OK
executed snippet estimated_duration=6.0, duration=5.9189581871
PumpMicrobone.py completed successfully
gosub finished
get_resource_value () {'name': 'JanMiniboneFlag'}
Read JanMiniboneFlag ===>> 0
Get Resource Value JanMiniboneFlag=0.0
get resource value 0.0
get_resource_value () {'name': 'JanMiniboneFlag'}
Read JanMiniboneFlag ===>> 0
Get Resource Value JanMiniboneFlag=0.0
executed snippet estimated_duration=4.0, duration=5.93109798431
jan_pump_extraction_line.py completed successfully
Post Equilibration Finished
23:38:57 -- ******* Post Equilibration Finished *******
GetData ===>> H2,-0.0738015817933584,H1,1820.34686747528,AX,221.998435550761,L1,2.84735424128961,L2,0.461443947...
GetData ===>> H2,-0.0756234580846898,H1,1819.87680182478,AX,222.052263596328,L1,2.83765823470945,L2,0.392409053...
GetData ===>> H2,-0.107020110115777,H1,1819.04560687544,AX,222.00878792774,L1,2.83807576131563,L2,0.52488037079...
GetData ===>> H2,-0.114210698365065,H1,1818.33526732587,AX,221.863391275484,L1,2.85371394511705,L2,0.4461765781...
GetData ===>> H2,-0.0818446465050612,H1,1816.89180624995,AX,222.143688922572,L1,2.82596406131042,L2,0.442819681...
GetData ===>> H2,-0.0236479841371088,H1,1816.68245044066,AX,221.905887724048,L1,2.83277224796724,L2,0.608532513...
GetData ===>> H2,-0.0507292625825325,H1,1815.70565294537,AX,221.586730151503,L1,2.86009144274492,L2,0.460222011...
GetData ===>> H2,0.0227357303196284,H1,1814.68898822828,AX,221.471423928166,L1,2.85756879152237,L2,0.4564763612...
GetData ===>> H2,-0.106711622654275,H1,1814.01798829359,AX,221.301677953446,L1,2.88031722733927,L2,0.4985091181...
GetData ===>> H2,-0.121326121916542,H1,1813.01230172175,AX,221.377389085231,L1,2.81878611739747,L2,0.5161272360...
GetData ===>> H2,-0.129650875603918,H1,1812.7684740556,AX,221.367545575516,L1,2.81556256584263,L2,0.45091525449...
GetData ===>> H2,-0.0124909213190474,H1,1812.71604440016,AX,221.15181645568,L1,2.79282259687187,L2,0.4714255757...
GetData ===>> H2,-0.0232103517958887,H1,1812.04417200205,AX,221.075088612061,L1,2.77581499922324,L2,0.441401982...
GetData ===>> H2,-0.0267802345196951,H1,1810.75077989843,AX,220.995786072481,L1,2.77659721354521,L2,0.456293650...
GetData ===>> H2,-0.0102807679334995,H1,1809.98957754133,AX,220.770058760364,L1,2.78520373058462,L2,0.463396792...
GetData ===>> H2,-0.00803075626460565,H1,1809.43155066225,AX,220.830051265727,L1,2.82255924633495,L2,0.47197379...
GetData ===>> H2,-0.0617655786153949,H1,1808.62604221827,AX,220.723176144187,L1,2.8127063011098,L2,0.5163329140...
GetData ===>> H2,-0.0510698988720242,H1,1807.8080478628,AX,220.667543887805,L1,2.82374287982146,L2,0.4057745093...
GetData ===>> H2,-0.132492999198565,H1,1807.27163298936,AX,220.642270740554,L1,2.80482169184327,L2,0.5497043091...
23:39:18 -- collecting point 25
GetData ===>> H2,-0.211194032688422,H1,1806.83298364309,AX,220.44239491798,L1,2.76521153695834,L2,0.50987711821...
GetData ===>> H2,-0.141121554348559,H1,1805.87455989123,AX,220.409939851378,L1,2.74855333886726,L2,0.4282258156...
GetData ===>> H2,-0.152010768044014,H1,1804.67988565204,AX,220.479086138617,L1,2.81020884842764,L2,0.5387887566...
GetData ===>> H2,-0.117750702024178,H1,1804.01016693685,AX,220.209823110041,L1,2.80597032717758,L2,0.4452517072...
GetData ===>> H2,-0.0638113302114362,H1,1803.90134629699,AX,220.324986993044,L1,2.78872905091846,L2,0.498177809...
GetData ===>> H2,-0.0432385937403685,H1,1803.39079995639,AX,220.165253524198,L1,2.74898442738779,L2,0.451155049...
GetData ===>> H2,-0.0490218562597873,H1,1802.33547214452,AX,220.089646872032,L1,2.76267840102154,L2,0.575975305...
GetData ===>> H2,-0.051204250622433,H1,1801.21502273531,AX,220.114169612303,L1,2.72820468801822,L2,0.3649871454...
GetData ===>> H2,-0.0480228098487362,H1,1800.80400643027,AX,220.001270409584,L1,2.7956941303986,L2,0.4805287220...
GetData ===>> H2,-0.13561285357638,H1,1800.17120732859,AX,219.935476374246,L1,2.79448504790939,L2,0.60070954169...
GetData ===>> H2,-0.0305405157919848,H1,1799.11495855988,AX,219.938515935275,L1,2.79972532621719,L2,0.601201317...
GetData ===>> H2,-0.160633740831819,H1,1798.3923408154,AX,219.565604687605,L1,2.80881642989153,L2,0.45056127298...
GetData ===>> H2,-0.0470114575789195,H1,1798.68230436035,AX,219.599612655202,L1,2.80336008292047,L2,0.520389432...
GetData ===>> H2,0.0106161584716872,H1,1797.19942809351,AX,219.701898314805,L1,2.72498862562828,L2,0.3368538680...
GetData ===>> H2,-0.0574003505618243,H1,1796.78163949904,AX,219.550816102425,L1,2.72879485192588,L2,0.456236553...
GetData ===>> H2,-0.106175808730581,H1,1796.18944757404,AX,219.437480244106,L1,2.77199342834252,L2,0.5053069059...
GetData ===>> H2,-0.070057957541067,H1,1795.88842670777,AX,219.178885111705,L1,2.75137619929858,L2,0.5417946958...
GetData ===>> H2,-0.151177662163338,H1,1795.02733743733,AX,218.910036644309,L1,2.79654124717867,L2,0.5522419243...
GetData ===>> H2,-0.100219265944314,H1,1793.66263561452,AX,219.075537239842,L1,2.77890867536852,L2,0.4879649319...
GetData ===>> H2,-0.0748576006978179,H1,1792.65697427228,AX,219.177602502539,L1,2.75937770318608,L2,0.400142513...
GetData ===>> H2,-0.0847392996553867,H1,1792.4695774112,AX,219.005803175111,L1,2.78441273204428,L2,0.5196581041...
GetData ===>> H2,-0.124244604566805,H1,1791.74907074105,AX,218.838774302861,L1,2.75667263188653,L2,0.3916437375...
GetData ===>> H2,-0.214280938221967,H1,1790.69172756142,AX,218.653425404455,L1,2.74978116536505,L2,0.4727161825...
GetData ===>> H2,-0.0998686245313525,H1,1789.24958513797,AX,218.576796715535,L1,2.73916754862828,L2,0.531051468...
GetData ===>> H2,-0.00406394514645159,H1,1789.15881384719,AX,218.589479990846,L1,2.74346881118968,L2,0.42987130...
23:39:44 -- collecting point 50
GetData ===>> H2,-0.0455669007503081,H1,1788.58293617756,AX,218.560149559017,L1,2.7518547411801,L2,0.4390248814...
GetData ===>> H2,-0.0505256902145942,H1,1788.43631284094,AX,218.538554580841,L1,2.79563401481142,L2,0.438693463...
GetData ===>> H2,-0.0479685113371562,H1,1787.57227757885,AX,218.10018478582,L1,2.75300959558095,L2,0.5508245093...
GetData ===>> H2,0.0121387670041057,H1,1786.25316189248,AX,218.146879230033,L1,2.75303004859793,L2,0.5531906896...
GetData ===>> H2,-0.0542939034505591,H1,1785.50302405586,AX,218.205036577158,L1,2.73359399155965,L2,0.404129429...
GetData ===>> H2,-0.00962688279240888,H1,1784.97779841632,AX,218.106493624098,L1,2.76552275825172,L2,0.44144769...
GetData ===>> H2,-0.0272516961722682,H1,1784.27536624525,AX,218.00422983719,L1,2.73602476417407,L2,0.4716083155...
GetData ===>> H2,-0.0369822759007463,H1,1783.49864030175,AX,218.026339056986,L1,2.73382696363555,L2,0.449259545...
GetData ===>> H2,-0.0989303686214329,H1,1782.37002440425,AX,217.755269384184,L1,2.71249681337881,L2,0.532571447...
GetData ===>> H2,-0.062096394385519,H1,1781.19533386787,AX,217.718228609335,L1,2.70494075468284,L2,0.4996515698...
GetData ===>> H2,-0.0946605290318127,H1,1780.95960039923,AX,217.77967198103,L1,2.73434742132172,L2,0.4693355148...
GetData ===>> H2,-0.141002621705861,H1,1781.11963006418,AX,217.612415237996,L1,2.74502884445071,L2,0.3805187911...
GetData ===>> H2,-0.0555026698549187,H1,1780.4898238663,AX,217.455065838848,L1,2.71497556936575,L2,0.4653610985...
GetData ===>> H2,-0.146489794051244,H1,1779.66768181532,AX,217.569451740203,L1,2.74613354207748,L2,0.5052383544...
GetData ===>> H2,-0.195348938437212,H1,1778.49517449886,AX,217.132523275295,L1,2.77855912729723,L2,0.4897926601...
GetData ===>> H2,-0.0546954831801713,H1,1778.30634357166,AX,217.054981817618,L1,2.7391866314833,L2,0.5422633108...
GetData ===>> H2,-0.0682826613368012,H1,1777.91500487341,AX,217.095908289656,L1,2.73627005019352,L2,0.562427353...
GetData ===>> H2,-0.10457768832661,H1,1776.53052580872,AX,217.221672656232,L1,2.72516030779605,L2,0.48700538856...
GetData ===>> H2,-0.0977198634377596,H1,1776.26758153549,AX,217.002731422044,L1,2.7136374371581,L2,0.4478322336...
GetData ===>> H2,-0.115382702513307,H1,1776.08109842665,AX,217.080351345981,L1,2.74098874165553,L2,0.5478640085...
GetData ===>> H2,-0.211750330535661,H1,1774.78911359966,AX,217.160406076087,L1,2.75529374164217,L2,0.4870510808...
GetData ===>> H2,-0.0575631104466772,H1,1774.15538456523,AX,216.706993491622,L1,2.76088807395194,L2,0.465829340...
GetData ===>> H2,-0.0262136395325133,H1,1773.3744992547,AX,216.806398874141,L1,2.72881393394626,L2,0.5520933234...
GetData ===>> H2,-0.039645363007492,H1,1772.83491140564,AX,216.989073923149,L1,2.74324518748806,L2,0.3662204488...
GetData ===>> H2,-0.11972050130753,H1,1771.66365694741,AX,216.764218054922,L1,2.7333378639938,L2,0.412309410689...
23:40:10 -- collecting point 75
GetData ===>> H2,-0.175035329491357,H1,1770.91181625271,AX,216.666695769471,L1,2.71150872777929,L2,0.5317828837...
GetData ===>> H2,-0.0840404242105016,H1,1769.82666135172,AX,216.488514102572,L1,2.71320730789774,L2,0.566703040...
GetData ===>> H2,-0.0172033975323313,H1,1769.64920070539,AX,216.653975682838,L1,2.70949941038542,L2,0.415497050...
GetData ===>> H2,-0.000595088991124743,H1,1768.89356120925,AX,216.331069871333,L1,2.71385931396087,L2,0.4557226...
GetData ===>> H2,-0.104949836358621,H1,1767.72279174013,AX,216.235533638239,L1,2.73607927172383,L2,0.5893765136...
GetData ===>> H2,-0.17794696215883,H1,1767.52702150449,AX,216.176273255588,L1,2.7393461108734,L2,0.581646578384...
GetData ===>> H2,-0.14672213970178,H1,1766.94722050933,AX,215.910726145324,L1,2.73888676172751,L2,0.50793475140...
GetData ===>> H2,-0.0525286840506956,H1,1766.86386240709,AX,215.997272173342,L1,2.76758139977484,L2,0.453941278...
GetData ===>> H2,0.00488540562859676,H1,1765.74615271008,AX,215.686478914322,L1,2.73848876491883,L2,0.440601989...
GetData ===>> H2,-0.0510658275821117,H1,1765.55016013023,AX,215.926750435378,L1,2.68090351549572,L2,0.512950708...
GetData ===>> H2,-0.107907641350137,H1,1764.52059599163,AX,215.817336184602,L1,2.67900560760181,L2,0.4779930034...
GetData ===>> H2,-0.0360740778865614,H1,1764.05776568063,AX,215.735570968967,L1,2.73623189424502,L2,0.345199364...
GetData ===>> H2,0.0572543413888118,H1,1762.88920733038,AX,215.643460147983,L1,2.74568892255468,L2,0.5612955853...
GetData ===>> H2,-0.0348603191034045,H1,1761.44913945399,AX,215.619521261982,L1,2.75125486279884,L2,0.413063466...
GetData ===>> H2,-0.109535011688243,H1,1761.05692670773,AX,215.346388834326,L1,2.7165725486782,L2,0.48552039990...
GetData ===>> H2,0.0497557110579088,H1,1760.36062134647,AX,215.089072988516,L1,2.7467950478775,L2,0.42483207473...
GetData ===>> H2,0.00809797282564995,H1,1759.79480297184,AX,215.089024146873,L1,2.73431608419411,L2,0.366517357...
GetData ===>> H2,-0.0788896336570569,H1,1759.18538183208,AX,215.23096303567,L1,2.68501718586597,L2,0.5191781727...
GetData ===>> H2,0.0317011917464874,H1,1758.61131909706,AX,215.118966257993,L1,2.6866603486254,L2,0.51652716601...
GetData ===>> H2,-0.0308814337182728,H1,1757.85632964334,AX,214.91502549775,L1,2.71378172465042,L2,0.4853147879...
GetData ===>> H2,-0.0709054993671318,H1,1757.40275674106,AX,214.796080302845,L1,2.72944911079557,L2,0.409407493...
GetData ===>> H2,-0.1525645790513,H1,1756.62446106866,AX,214.745800162472,L1,2.74246117549671,L2,0.539177351839...
GetData ===>> H2,-0.129030481687326,H1,1755.73204518933,AX,214.926718752871,L1,2.7175161374957,L2,0.40503193515...
GetData ===>> H2,-0.125860401727116,H1,1755.54224813444,AX,214.703564711506,L1,2.71943351029416,L2,0.4358478870...
GetData ===>> H2,-0.0231790917001403,H1,1754.67096927807,AX,214.61277945743,L1,2.73273980121431,L2,0.4765995290...
23:40:36 -- collecting point 100
GetData ===>> H2,-0.132781084120952,H1,1753.51745572357,AX,214.514759624825,L1,2.73771189323512,L2,0.5150874258...
GetData ===>> H2,-0.0285817379220052,H1,1753.00106130568,AX,214.570731912337,L1,2.72944774771734,L2,0.444897746...
GetData ===>> H2,-0.0575617541239193,H1,1752.33522200474,AX,214.845685277072,L1,2.70832689416008,L2,0.427608762...
GetData ===>> H2,-0.060454423188491,H1,1751.73079552767,AX,214.341874814052,L1,2.70859379784416,L2,0.5026105829...
GetData ===>> H2,-0.126690521029498,H1,1750.81342692628,AX,214.362351581833,L1,2.70865916296221,L2,0.5415546744...
GetData ===>> H2,-0.0679625631828967,H1,1749.85952674006,AX,214.388438053005,L1,2.67666900422685,L2,0.515658748...
GetData ===>> H2,-0.00245343696560869,H1,1748.84591470302,AX,214.520978011801,L1,2.67775093210483,L2,0.50438146...
GetData ===>> H2,-0.215569593115869,H1,1748.59199999714,AX,214.257892764243,L1,2.68638828546939,L2,0.5979190452...
GetData ===>> H2,-0.272141704364137,H1,1747.77733335558,AX,214.019165763593,L1,2.66080728347883,L2,0.4926942502...
GetData ===>> H2,-0.164381994340243,H1,1747.30535180731,AX,213.861352933468,L1,2.68542115345447,L2,0.4123208357...
GetData ===>> H2,-0.0662832566986443,H1,1746.2924372208,AX,213.614508105648,L1,2.67981992912732,L2,0.5133620513...
GetData ===>> H2,-0.0219546673198196,H1,1746.52898761498,AX,213.823231598713,L1,2.68171661274144,L2,0.517498431...
GetData ===>> H2,-0.0273522359042346,H1,1745.48355700938,AX,213.622684260818,L1,2.68500902505193,L2,0.442534236...
GetData ===>> H2,-0.0465715931329483,H1,1745.33280559572,AX,213.551543216458,L1,2.70604484991444,L2,0.465509565...
GetData ===>> H2,-0.070044396358684,H1,1744.52095866103,AX,213.398561697304,L1,2.71233484858948,L2,0.4376877882...
GetData ===>> H2,-0.0549776658682106,H1,1743.85130765845,AX,213.800809098681,L1,2.71741946031191,L2,0.432922402...
GetData ===>> H2,-0.0267612126028827,H1,1742.87000841618,AX,213.409067602465,L1,2.72431827232677,L2,0.506620819...
GetData ===>> H2,-0.0050527171948999,H1,1742.30675872197,AX,213.439542651401,L1,2.71392056905179,L2,0.436464992...
GetData ===>> H2,-0.179820162177762,H1,1741.79049615275,AX,213.493534419524,L1,2.72931007765353,L2,0.4688786770...
GetData ===>> H2,-0.120906815780323,H1,1741.05604802263,AX,213.225305742647,L1,2.6986476802535,L2,0.39662411136...
GetData ===>> H2,-0.16377312251523,H1,1740.04700099594,AX,212.986417753975,L1,2.68603461306171,L2,0.46411627214...
measurement finished
estimated time: 125.829 actual time: :126.383
flush and close file /Users/jan/PychronDev/data/isotopes/80/e5629f-5789-4504-b9c0-cdf57f452918.h5
baselines () {'settling_time': 15.0, 'detector': 'H1', 'mass': 34.2, 'ncounts': 60}
%%%%%%%%%%%%%%%%%%%%%%%%%%%%%%%% Baseline
build tables- baseline [Detector(H2), Detector(H1), Detector(AX), Detector(L1), Detector(L2), Detector(CDD)]
add group baseline table H2
add group baseline table H1
add group baseline table AX
add group baseline table L1
add group baseline table L2
add group baseline table CDD
flush and close file /Users/jan/PychronDev/data/isotopes/80/e5629f-5789-4504-b9c0-cdf57f452918.h5
detector Detector(H1)
POSITION 34.2 H1
Mapping mass to dac mass func: "parabolic"
H1 map mass coeffs = [-0.00063987  0.15840543  0.57114999]
H1 map mass to dac 34.2 >> 5.24019599104
GetDeflection H1 ===>> 0
GetHighVoltage ===>> 4500
positioning 34.2 (5.24019599104) on H1
setting magnet DAC
current  : 5.879540
requested: 5.240196
Delta Dac: 0.639344
Checking detector protection. dv=0.63934
Checking detector "CDD". Protection Threshold: 0.1 (V)
ProtectDetector CDD,On ===>> OK
GetDeflection CDD ===>> 2000
Protected = 2000
SetMagnetDAC 5.24019599104 ===>> OK
Magnet settling time: 0.500
GetMagnetMoving ===>> True
GetMagnetMoving ===>> True
GetMagnetMoving ===>> True
GetMagnetMoving ===>> True
GetMagnetMoving ===>> True
GetMagnetMoving ===>> True
GetMagnetMoving ===>> True
GetMagnetMoving ===>> True
GetMagnetMoving ===>> False
ProtectDetector CDD,Off ===>> OK
GetDeflection CDD ===>> 50
Delaying 15.0s for detectors to settle
Join finished
measuring baseline. ncounts=60
"baseline" increment series count="2" fit count="1" regressing="True"
starting measurement
GetData ===>> H2,-0.133077276485486,H1,-0.130230674460052,AX,-0.0116460819316811,L1,-0.0618210766075257,L2,-0.0...
GetData ===>> H2,-0.0954677640824221,H1,-0.065254517490909,AX,-0.0898177822957342,L1,-0.0226299012127508,L2,-0....
GetData ===>> H2,-0.127110965460231,H1,-0.0735748958552882,AX,-0.0320588719326918,L1,-0.054908740864083,L2,-0.0...
GetData ===>> H2,-0.151393708465618,H1,-0.0977215318329393,AX,-0.138385366783733,L1,-0.0672102574794217,L2,0.03...
GetData ===>> H2,-0.14737997627459,H1,-0.0851841243913796,AX,-0.097049722519747,L1,-0.0367286023054721,L2,-0.03...
GetData ===>> H2,-0.0811130779752233,H1,-0.00183957084665105,AX,-0.169061734736145,L1,-0.0558089543217697,L2,0....
GetData ===>> H2,-0.13622401193516,H1,-0.00745767268301982,AX,-0.140113053512311,L1,-0.0609393484438968,L2,0.05...
GetData ===>> H2,-0.10895608356562,H1,-0.0117038419112923,AX,-0.0318153354688192,L1,-0.0499915995622901,L2,-0.1...
GetData ===>> H2,-0.16286852968273,H1,-0.0572314917974602,AX,-0.0642003366825259,L1,-0.0792177534107414,L2,-0.0...
GetData ===>> H2,-0.24213114249203,H1,-0.000575156264281795,AX,-0.0933411023760807,L1,-0.0546573370534558,L2,-0...
GetData ===>> H2,-0.276147576539135,H1,-0.0446174703004452,AX,-0.0155781965422399,L1,-0.0740115201646448,L2,-0....
GetData ===>> H2,-0.185584920322208,H1,-0.012562595811416,AX,-0.222496193092051,L1,-0.0425989524153986,L2,-0.01...
GetData ===>> H2,-0.0925744548469286,H1,-0.0587693875648608,AX,-0.0367671237888511,L1,-0.0728475011199693,L2,-0...
GetData ===>> H2,-0.0999755780782917,H1,0.0585003475319425,AX,-0.0964123134931101,L1,-0.0497762172305045,L2,-0....
GetData ===>> H2,-0.167934669198894,H1,-0.0191819098500854,AX,-0.105022777151982,L1,-0.037073659564574,L2,-0.01...
GetData ===>> H2,-0.24569716659972,H1,-0.0570765087425816,AX,-0.150327809018898,L1,-0.0574367950240327,L2,0.066...
GetData ===>> H2,-0.116735905560791,H1,-0.00127893616304036,AX,0.00560374301822526,L1,-0.00694053020275202,L2,-...
GetData ===>> H2,-0.0906221386492825,H1,0.073637434210805,AX,0.00314426707024815,L1,0.0155405643803708,L2,0.032...
GetData ===>> H2,-0.207000040033628,H1,0.0211967506960288,AX,-0.106587180666027,L1,-0.00497823014195404,L2,-0.0...
GetData ===>> H2,-0.254658388770457,H1,0.0129646236801008,AX,-0.164969792891006,L1,-0.0151488072739325,L2,0.015...
GetData ===>> H2,-0.154896890854812,H1,-0.0265520904035864,AX,-0.0568268264197071,L1,-0.0364530272370955,L2,-0....
GetData ===>> H2,-0.270445966966953,H1,-0.00831646301333573,AX,-0.0321400506185817,L1,-0.0533844583977298,L2,-0...
GetData ===>> H2,-0.240758259407899,H1,-0.012646085380985,AX,-0.032453167772692,L1,-0.0552367535164323,L2,0.000...
GetData ===>> H2,-0.130587484516706,H1,-0.0674240811070479,AX,-0.0641075915954396,L1,-0.0336681075784582,L2,0.1...
23:41:42 -- collecting point 25
GetData ===>> H2,-0.121942879572162,H1,-0.0274345675500996,AX,-0.0495223267082096,L1,-0.00694292886851516,L2,-0...
GetData ===>> H2,-0.166238108967041,H1,0.0686460838182025,AX,-0.0589253193940368,L1,-0.0435592505472753,L2,-0.0...
GetData ===>> H2,-0.124122903416009,H1,0.0750566385030239,AX,-0.0851816404259905,L1,-0.0711169794627298,L2,-0.0...
GetData ===>> H2,-0.120337346196321,H1,-0.0221515138985716,AX,-0.010056952195172,L1,-0.0490773894222412,L2,-0.0...
GetData ===>> H2,-0.0925324585132485,H1,0.0172595620128615,AX,-0.145585791456181,L1,-0.0424229277182803,L2,-0.0...
GetData ===>> H2,-0.159117074180503,H1,-0.0320257082401685,AX,-0.114165490471745,L1,-0.0258189758168401,L2,0.02...
GetData ===>> H2,-0.244206301825238,H1,-0.0579825601249471,AX,-0.0993443604389553,L1,-0.0142717811265741,L2,0.0...
GetData ===>> H2,-0.201460454786137,H1,0.0236545894062747,AX,-0.0622874513713165,L1,-0.0267535749592918,L2,-0.0...
GetData ===>> H2,-0.208824409155473,H1,0.0718008467486488,AX,-0.0595977550827347,L1,0.0071454184543771,L2,0.015...
GetData ===>> H2,-0.199756250851435,H1,-0.000777940810370148,AX,-0.0539398753939046,L1,-0.00993122244974042,L2,...
GetData ===>> H2,-0.187682062115484,H1,0.0580348619438233,AX,-0.0188606366427065,L1,-0.0240202271624672,L2,-0.0...
GetData ===>> H2,-0.263909214978867,H1,-0.0279831305032506,AX,-0.131927013329635,L1,0.000662513222592783,L2,-0....
GetData ===>> H2,-0.215992379960559,H1,0.0709857171024677,AX,-0.0917996655404717,L1,-0.00142208615002525,L2,-0....
GetData ===>> H2,-0.111867680839139,H1,0.02092233555564,AX,0.053433950184945,L1,-0.0464120638622558,L2,0.047722...
GetData ===>> H2,-0.200269965934473,H1,0.0698994519935826,AX,-0.160019820115573,L1,-0.0176207376610418,L2,-0.10...
GetData ===>> H2,-0.186939003582893,H1,0.0476157124291944,AX,-0.167195459668255,L1,-0.0220461467455074,L2,-0.07...
GetData ===>> H2,-0.158813176222366,H1,0.0173192152315373,AX,-0.0924602843175385,L1,0.00865852460957077,L2,-0.0...
GetData ===>> H2,-0.20217091335189,H1,0.0633701726544757,AX,0.0428631226086721,L1,0.0193527373762516,L2,-0.0108...
GetData ===>> H2,-0.148937289385472,H1,0.0634656617890751,AX,-0.130525210616562,L1,0.0394057524591565,L2,-0.000...
GetData ===>> H2,-0.182135592109473,H1,0.020898473405029,AX,-0.116888439276876,L1,-0.0155794298023996,L2,-0.110...
GetData ===>> H2,-0.195319262829175,H1,-0.00371230649480732,AX,0.0406464229977585,L1,-0.0391042253316351,L2,-0....
GetData ===>> H2,-0.246379292687528,H1,0.0183452561570043,AX,-0.00230812311175581,L1,-0.028455999667691,L2,0.01...
GetData ===>> H2,-0.360160961234791,H1,0.0281528291434132,AX,-0.0994602498072656,L1,-0.0462612429853284,L2,-0.1...
GetData ===>> H2,-0.163864927900584,H1,0.0707231024795753,AX,-0.127281292166312,L1,-0.0428240679430051,L2,-0.05...
GetData ===>> H2,-0.212862844128495,H1,0.0134656903241438,AX,-0.0246945237436552,L1,-0.0166625019369527,L2,0.04...
23:42:08 -- collecting point 50
GetData ===>> H2,-0.253027526738169,H1,0.00623625742088869,AX,-0.0898641425988538,L1,-5.1603664480656E-05,L2,0....
GetData ===>> H2,-0.178392347591279,H1,-0.00317553871267402,AX,-0.0139659327737837,L1,-0.0278953455253451,L2,-0...
GetData ===>> H2,-0.119371482116445,H1,0.0632030668879182,AX,0.00351550474077564,L1,-0.0263581782292577,L2,-0.0...
GetData ===>> H2,-0.157719076097743,H1,0.0899177502354355,AX,-0.039295105925041,L1,-0.00529850938796184,L2,-0.0...
GetData ===>> H2,-0.201246095147314,H1,0.0179992644372408,AX,-0.0100685517762424,L1,0.049456636332449,L2,-0.058...
GetData ===>> H2,-0.239321937383068,H1,-0.0375109508540248,AX,-0.136959132469643,L1,-0.00190927053505371,L2,-0....
GetData ===>> H2,-0.213502557216891,H1,0.0592522903608785,AX,-0.131370928720312,L1,-0.0344015527715102,L2,-0.01...
GetData ===>> H2,-0.156822105361329,H1,0.0365294003541685,AX,-0.0406866277033927,L1,-0.00900197257935724,L2,-0....
GetData ===>> H2,-0.170594396610147,H1,0.0300261610063803,AX,-0.0778908604936681,L1,4.56092702475259E-05,L2,-0....
GetData ===>> H2,-0.173928253721209,H1,0.0546094319921366,AX,-0.0513195163802022,L1,0.00840532447983005,L2,-0.0...
GetData ===>> H2,-0.176711938193755,H1,0.0162573932534606,AX,-0.000173606737574963,L1,0.0025314587599265,L2,0.0...
measurement finished
estimated time: 62.915 actual time: :63.260
flush and close file /Users/jan/PychronDev/data/isotopes/80/e5629f-5789-4504-b9c0-cdf57f452918.h5
activate_detectors ('H1', 'AX', 'CDD') {'peak_center': True}
peak_center () {'detector': 'H1', 'integration_time': 0.262144, 'isotope': 'Ar40'}
peak center: mean=1743.37879288 threshold=3
peak center started
setup peak center. detector=['H1', 'AX', 'CDD'], isotope=Ar40
VersionedUnpickler [<apptools.sweet_pickle.versioned_unpickler.VersionedUnpickler object at 0x1aecbb3b0>] using Updater [<apptools.sweet_pickle.updater.Updater object at 0x134a15590>]
VersionedUnpickler [<apptools.sweet_pickle.versioned_unpickler.VersionedUnpickler object at 0x1aecbb3b0>] using Updater [<apptools.sweet_pickle.updater.Updater object at 0x134a15590>]
VersionedUnpickler [<apptools.sweet_pickle.versioned_unpickler.VersionedUnpickler object at 0x1a0dcfcb0>] using Updater [<apptools.sweet_pickle.updater.Updater object at 0x134a15590>]
setting integration time = 0.524288
SetIntegrationTime 0.524288 ===>> OK
Mapping mass to dac mass func: "parabolic"
H1 map mass coeffs = [-0.00063987  0.15840543  0.57114999]
H1 map mass to dac 39.9624 >> 5.87954
GetDeflection H1 ===>> 0
GetHighVoltage ===>> 4500
do peak center. <pychron.spectrometer.jobs.peak_center.PeakCenter object at 0x134a156b0>
doing pc
starting peak center. center dac= 5.87954 step_width=0.001
width = 0.001
get scan parameters. half-width=0.015,window=0.015, i=0, scalar=1
Scan parameters center=5.87954 width=0.03000 (5.86454 - 5.89454)
GetData ===>> H2,-0.196279633919212,H1,-0.0151626668624115,AX,-0.102878924071444,L1,-0.00609136660930274,L2,-0....
Moving to starting dac 5.86454
setting magnet DAC
current  : 5.240196
requested: 5.864540
Delta Dac: 0.624344
Checking detector protection. dv=0.62434
Checking detector "CDD". Protection Threshold: 0.1 (V)
ProtectDetector CDD,On ===>> OK
GetDeflection CDD ===>> 2000
Protected = 2000
SetMagnetDAC 5.86454 ===>> OK
Magnet settling time: 0.500
GetMagnetMoving ===>> True
GetMagnetMoving ===>> True
GetMagnetMoving ===>> True
GetMagnetMoving ===>> True
GetMagnetMoving ===>> True
GetMagnetMoving ===>> True
GetMagnetMoving ===>> True
GetMagnetMoving ===>> True
GetMagnetMoving ===>> False
ProtectDetector CDD,Off ===>> OK
GetDeflection CDD ===>> 50
Wait until signal near baseline. tol= -0.0113720001468. timeout= 10
GetData ===>> H2,6.55513814214559,H1,2.13771989729266,AX,-0.0697069177933014,L1,0.0143190925281738,L2,0.0158289...
GetData ===>> H2,102.036205874115,H1,40.9816184743977,AX,2.57974181329136,L1,0.0395668891646204,L2,-0.098194757...
GetData ===>> H2,108.640105200139,H1,51.7914076076578,AX,4.8459821466078,L1,0.0408584808073786,L2,-0.1765548178...
GetData ===>> H2,57.7300985988767,H1,25.2390679753862,AX,2.12087830526487,L1,0.0295043922500586,L2,-0.098035505...
GetData ===>> H2,23.7104636801495,H1,13.0480594962086,AX,1.04662851284588,L1,0.00643896084793174,L2,-0.05753150...
GetData ===>> H2,7.94571003152463,H1,7.20117675862986,AX,0.581254962633531,L1,0.00913132544873597,L2,-0.0195604...
GetData ===>> H2,2.34774364828162,H1,4.37374220303683,AX,0.413698778359874,L1,0.00407056833014746,L2,-0.0009337...
GetData ===>> H2,0.771036699724406,H1,2.94742731339552,AX,0.191252672042207,L1,0.0419722204892809,L2,-0.1672621...
GetData ===>> H2,0.48698242829187,H1,2.26694630586592,AX,0.125934764560924,L1,0.0438776498398761,L2,-0.03408596...
GetData ===>> H2,0.465759332361704,H1,2.06050395861375,AX,0.00121849437629118,L1,0.0143982608420326,L2,-0.03786...
GetData ===>> H2,0.434238089140184,H1,1.74296278188815,AX,0.0635803413134343,L1,-0.00480549103821249,L2,-0.1760...
GetData ===>> H2,0.475500058127013,H1,1.6909179561021,AX,-0.0485367569904329,L1,-0.0250820707926778,L2,-0.13972...
GetData ===>> H2,0.46387094623554,H1,1.66285133181876,AX,-0.0130959951874269,L1,-0.0203305676095787,L2,-0.06683...
GetData ===>> H2,0.442412067676498,H1,1.63753078438875,AX,0.105972368617954,L1,-0.0124655401919162,L2,0.0100664...
GetData ===>> H2,0.398528136187245,H1,1.66080911668163,AX,0.143095029718722,L1,-0.00478869680060082,L2,-0.04127...
GetData ===>> H2,0.319541931889511,H1,1.66059288455693,AX,0.190579785714168,L1,0.000661312983661163,L2,-0.02400...
GetData ===>> H2,0.256591970655144,H1,1.70216601977027,AX,0.128462235392057,L1,-0.0204168043970521,L2,-0.005920...
GetData ===>> H2,0.241485071467604,H1,1.74113534973623,AX,0.0946366621268845,L1,-0.0221677303850687,L2,-0.02639...
GetData ===>> H2,0.248982478059029,H1,1.71444899082658,AX,0.111188627727919,L1,-0.0437532148399887,L2,0.0452617...
GetData ===>> H2,0.221361126234624,H1,1.68788984539627,AX,0.0714825401738629,L1,-0.0208431865381944,L2,0.014986...
GetData ===>> H2,0.194284233682736,H1,1.66806517434275,AX,0.0894444682632756,L1,0.00163835481032977,L2,-0.08993...
Peak center failed to move to a baseline position
_do_sweep sm= 5.86454, em= 5.89454, stm= 0.001
calculated step values: start=5.86454, end=5.89454, width=0.001, nsteps=31.0
setting magnet DAC
current  : 5.864540
requested: 5.864540
Delta Dac: 0.000000
Checking detector protection. dv=0.00000
Checking detector "CDD". Protection Threshold: 0.1 (V)
SetMagnetDAC 5.86454 ===>> OK
GetData ===>> H2,0.194284233682736,H1,1.66806517434275,AX,0.0894444682632756,L1,0.00163835481032977,L2,-0.08993...
setting magnet DAC
current  : 5.864540
requested: 5.865574
Delta Dac: 0.001034
Checking detector protection. dv=0.00103
Checking detector "CDD". Protection Threshold: 0.1 (V)
SetMagnetDAC 5.86557448276 ===>> OK
Magnet settling time: 1.049
GetData ===>> H2,0.0834525524105409,H1,3.49572807573935,AX,0.270407234848478,L1,0.0178942818880621,L2,-0.140244...
setting magnet DAC
current  : 5.865574
requested: 5.866609
Delta Dac: 0.001034
Checking detector protection. dv=0.00103
Checking detector "CDD". Protection Threshold: 0.1 (V)
SetMagnetDAC 5.86660896552 ===>> OK
Magnet settling time: 1.049
GetData ===>> H2,0.0616172857239109,H1,12.1724338579138,AX,1.19157057354418,L1,-0.000387641148329756,L2,-0.0204...
setting magnet DAC
current  : 5.866609
requested: 5.867643
Delta Dac: 0.001034
Checking detector protection. dv=0.00103
Checking detector "CDD". Protection Threshold: 0.1 (V)
SetMagnetDAC 5.86764344828 ===>> OK
Magnet settling time: 1.049
GetData ===>> H2,0.0145557636565952,H1,46.0098722393248,AX,3.57645100259343,L1,0.0135130505539396,L2,-0.0255257...
setting magnet DAC
current  : 5.867643
requested: 5.868678
Delta Dac: 0.001034
Checking detector protection. dv=0.00103
Checking detector "CDD". Protection Threshold: 0.1 (V)
SetMagnetDAC 5.86867793103 ===>> OK
Magnet settling time: 1.049
GetData ===>> H2,0.085482574602391,H1,156.022444993679,AX,12.2789527908917,L1,0.0533619491433023,L2,-0.01145442...
setting magnet DAC
current  : 5.868678
requested: 5.869712
Delta Dac: 0.001034
Checking detector protection. dv=0.00103
Checking detector "CDD". Protection Threshold: 0.1 (V)
SetMagnetDAC 5.86971241379 ===>> OK
Magnet settling time: 1.049
GetData ===>> H2,0.0419174633315804,H1,418.049369319375,AX,36.1721202794687,L1,0.172828855602451,L2,0.040135451...
setting magnet DAC
current  : 5.869712
requested: 5.870747
Delta Dac: 0.001034
Checking detector protection. dv=0.00103
Checking detector "CDD". Protection Threshold: 0.1 (V)
SetMagnetDAC 5.87074689655 ===>> OK
Magnet settling time: 1.049
GetData ===>> H2,-0.0573305359087907,H1,825.991160279328,AX,79.8934666487779,L1,0.465873979051854,L2,0.01159245...
setting magnet DAC
current  : 5.870747
requested: 5.871781
Delta Dac: 0.001034
Checking detector protection. dv=0.00103
Checking detector "CDD". Protection Threshold: 0.1 (V)
SetMagnetDAC 5.87178137931 ===>> OK
Magnet settling time: 1.049
GetData ===>> H2,0.00168733758255295,H1,1232.78309334069,AX,130.651103882755,L1,0.946034197524198,L2,0.05132262...
setting magnet DAC
current  : 5.871781
requested: 5.872816
Delta Dac: 0.001034
Checking detector protection. dv=0.00103
Checking detector "CDD". Protection Threshold: 0.1 (V)
SetMagnetDAC 5.87281586207 ===>> OK
Magnet settling time: 1.049
GetData ===>> H2,-0.0604278008702692,H1,1495.21910250062,AX,170.238877707893,L1,1.45143306394164,L2,0.309404066...
setting magnet DAC
current  : 5.872816
requested: 5.873850
Delta Dac: 0.001034
Checking detector protection. dv=0.00103
Checking detector "CDD". Protection Threshold: 0.1 (V)
SetMagnetDAC 5.87385034483 ===>> OK
Magnet settling time: 1.049
GetData ===>> H2,-0.14868952003593,H1,1611.77990514285,AX,191.87267094541,L1,1.88604895521096,L2,0.306758854658...
setting magnet DAC
current  : 5.873850
requested: 5.874885
Delta Dac: 0.001034
Checking detector protection. dv=0.00103
Checking detector "CDD". Protection Threshold: 0.1 (V)
SetMagnetDAC 5.87488482759 ===>> OK
Magnet settling time: 1.049
GetData ===>> H2,-0.164618243998355,H1,1650.01232530898,AX,200.691443904181,L1,2.1735797088755,L2,0.42435885226...
setting magnet DAC
current  : 5.874885
requested: 5.875919
Delta Dac: 0.001034
Checking detector protection. dv=0.00103
Checking detector "CDD". Protection Threshold: 0.1 (V)
SetMagnetDAC 5.87591931034 ===>> OK
Magnet settling time: 1.049
GetData ===>> H2,-0.103546741298658,H1,1659.98814285011,AX,202.733513906931,L1,2.34541470990822,L2,0.3402626614...
setting magnet DAC
current  : 5.875919
requested: 5.876954
Delta Dac: 0.001034
Checking detector protection. dv=0.00103
Checking detector "CDD". Protection Threshold: 0.1 (V)
SetMagnetDAC 5.8769537931 ===>> OK
Magnet settling time: 1.049
GetData ===>> H2,-0.120721504585484,H1,1662.28421418998,AX,203.421304379283,L1,2.4025390227698,L2,0.40219228793...
setting magnet DAC
current  : 5.876954
requested: 5.877988
Delta Dac: 0.001034
Checking detector protection. dv=0.00103
Checking detector "CDD". Protection Threshold: 0.1 (V)
SetMagnetDAC 5.87798827586 ===>> OK
Magnet settling time: 1.049
GetData ===>> H2,-0.0530097580807841,H1,1662.20563031577,AX,203.399204172625,L1,2.52013090825059,L2,0.456031004...
setting magnet DAC
current  : 5.877988
requested: 5.879023
Delta Dac: 0.001034
Checking detector protection. dv=0.00103
Checking detector "CDD". Protection Threshold: 0.1 (V)
SetMagnetDAC 5.87902275862 ===>> OK
Magnet settling time: 1.049
GetData ===>> H2,0.00977398055346613,H1,1661.81601278467,AX,203.369377527152,L1,2.53666321399862,L2,0.485703166...
setting magnet DAC
current  : 5.879023
requested: 5.880057
Delta Dac: 0.001034
Checking detector protection. dv=0.00103
Checking detector "CDD". Protection Threshold: 0.1 (V)
SetMagnetDAC 5.88005724138 ===>> OK
Magnet settling time: 1.049
GetData ===>> H2,-0.0705773386621788,H1,1662.29575814255,AX,203.149714774105,L1,2.58099922462816,L2,0.481385398...
setting magnet DAC
current  : 5.880057
requested: 5.881092
Delta Dac: 0.001034
Checking detector protection. dv=0.00103
Checking detector "CDD". Protection Threshold: 0.1 (V)
SetMagnetDAC 5.88109172414 ===>> OK
Magnet settling time: 1.049
GetData ===>> H2,-0.0862696326825498,H1,1661.25132887671,AX,203.456499043501,L1,2.59923943967893,L2,0.384070193...
setting magnet DAC
current  : 5.881092
requested: 5.882126
Delta Dac: 0.001034
Checking detector protection. dv=0.00103
Checking detector "CDD". Protection Threshold: 0.1 (V)
SetMagnetDAC 5.8821262069 ===>> OK
Magnet settling time: 1.049
GetData ===>> H2,0.0585048183776287,H1,1660.43365675734,AX,203.028152108218,L1,2.60919483403499,L2,0.4805401443...
setting magnet DAC
current  : 5.882126
requested: 5.883161
Delta Dac: 0.001034
Checking detector protection. dv=0.00103
Checking detector "CDD". Protection Threshold: 0.1 (V)
SetMagnetDAC 5.88316068966 ===>> OK
Magnet settling time: 1.049
GetData ===>> H2,0.0446685476851065,H1,1656.81570253805,AX,202.152558326546,L1,2.58640759722519,L2,0.3741432949...
setting magnet DAC
current  : 5.883161
requested: 5.884195
Delta Dac: 0.001034
Checking detector protection. dv=0.00103
Checking detector "CDD". Protection Threshold: 0.1 (V)
SetMagnetDAC 5.88419517241 ===>> OK
Magnet settling time: 1.049
GetData ===>> H2,-0.102992354921314,H1,1647.37417687071,AX,199.620525774835,L1,2.54595439972264,L2,0.4367798478...
setting magnet DAC
current  : 5.884195
requested: 5.885230
Delta Dac: 0.001034
Checking detector protection. dv=0.00103
Checking detector "CDD". Protection Threshold: 0.1 (V)
SetMagnetDAC 5.88522965517 ===>> OK
Magnet settling time: 1.049
GetData ===>> H2,-0.264129668502741,H1,1613.113181171,AX,192.23216276389,L1,2.49713041120262,L2,0.4242675273800...
setting magnet DAC
current  : 5.885230
requested: 5.886264
Delta Dac: 0.001034
Checking detector protection. dv=0.00103
Checking detector "CDD". Protection Threshold: 0.1 (V)
SetMagnetDAC 5.88626413793 ===>> OK
Magnet settling time: 1.049
GetData ===>> H2,-0.18752589173354,H1,1430.88327474489,AX,156.132286633207,L1,2.06298894436247,L2,0.25008426668...
setting magnet DAC
current  : 5.886264
requested: 5.887299
Delta Dac: 0.001034
Checking detector protection. dv=0.00103
Checking detector "CDD". Protection Threshold: 0.1 (V)
SetMagnetDAC 5.88729862069 ===>> OK
Magnet settling time: 1.049
GetData ===>> H2,-0.226008071425689,H1,1099.66597992703,AX,105.79350094245,L1,1.57500088691862,L2,0.23323488114...
setting magnet DAC
current  : 5.887299
requested: 5.888333
Delta Dac: 0.001034
Checking detector protection. dv=0.00103
Checking detector "CDD". Protection Threshold: 0.1 (V)
SetMagnetDAC 5.88833310345 ===>> OK
Magnet settling time: 1.049
GetData ===>> H2,-0.408446506913564,H1,674.087874677143,AX,55.8240027024222,L1,1.07972688938603,L2,0.0354650244...
setting magnet DAC
current  : 5.888333
requested: 5.889368
Delta Dac: 0.001034
Checking detector protection. dv=0.00103
Checking detector "CDD". Protection Threshold: 0.1 (V)
SetMagnetDAC 5.88936758621 ===>> OK
Magnet settling time: 1.049
GetData ===>> H2,-0.309047407726499,H1,320.583691769254,AX,22.459518470378,L1,0.690863602027529,L2,-0.076101762...
setting magnet DAC
current  : 5.889368
requested: 5.890402
Delta Dac: 0.001034
Checking detector protection. dv=0.00103
Checking detector "CDD". Protection Threshold: 0.1 (V)
SetMagnetDAC 5.89040206897 ===>> OK
Magnet settling time: 1.049
GetData ===>> H2,-0.0869575382997107,H1,119.645109573278,AX,6.88488691847304,L1,0.456127779500745,L2,0.07185482...
setting magnet DAC
current  : 5.890402
requested: 5.891437
Delta Dac: 0.001034
Checking detector protection. dv=0.00103
Checking detector "CDD". Protection Threshold: 0.1 (V)
SetMagnetDAC 5.89143655172 ===>> OK
Magnet settling time: 1.049
GetData ===>> H2,-0.216374759540488,H1,35.6784901871309,AX,1.37511581325822,L1,0.295569078505981,L2,0.005830211...
setting magnet DAC
current  : 5.891437
requested: 5.892471
Delta Dac: 0.001034
Checking detector protection. dv=0.00103
Checking detector "CDD". Protection Threshold: 0.1 (V)
SetMagnetDAC 5.89247103448 ===>> OK
Magnet settling time: 1.049
GetData ===>> H2,-0.185421282155421,H1,9.03920681570989,AX,0.212717863860241,L1,0.198087073586927,L2,-0.0170331...
setting magnet DAC
current  : 5.892471
requested: 5.893506
Delta Dac: 0.001034
Checking detector protection. dv=0.00103
Checking detector "CDD". Protection Threshold: 0.1 (V)
SetMagnetDAC 5.89350551724 ===>> OK
Magnet settling time: 1.049
GetData ===>> H2,-0.253768367969078,H1,0.773740654732991,AX,-0.0921705397921159,L1,0.0839728418820623,L2,-0.077...
setting magnet DAC
current  : 5.893506
requested: 5.894540
Delta Dac: 0.001034
Checking detector protection. dv=0.00103
Checking detector "CDD". Protection Threshold: 0.1 (V)
SetMagnetDAC 5.89454 ===>> OK
Magnet settling time: 1.049
GetData ===>> H2,-0.319243812560487,H1,-0.00259105496527283,AX,-0.180653166105958,L1,0.0389632410128053,L2,-0.0...
result of _do_sweep=True
result of _calculate_peak_center=([5.8717844889779567, 5.8793295791583171, 5.8868746693386775], [1231.6915913534347, 1662.2928739019212, 1235.4053322120787], 5.8800510220440882, 1662.2928739019212)
Failed to find a valid peak. No peak greater than 1.0. max = 0.0362707386739
new center pos Detector(H1) (Ar40) @ 5.87932957916
GetHighVoltage ===>> 4500
GetDeflection H1 ===>> 0
dac uncorrected for HV and deflection 5.87932957916
update mftable H1 Ar40 5.87932957916 message=automated run peakcenter
get initial guess parabolic
get initial guess parabolic
get initial guess parabolic
get initial guess parabolic
get initial guess parabolic
get initial guess parabolic
dump mftable to /Users/jan/PychronDev/setupfiles/spectrometer/mftables/mftable.csv
add to repo msg=modified - automated run peakcenter
sweep finished
locally archiving mftable
setting magnet DAC
current  : 5.894540
requested: 5.879330
Delta Dac: 0.015210
Checking detector protection. dv=0.01521
Checking detector "CDD". Protection Threshold: 0.1 (V)
SetMagnetDAC 5.87932957916 ===>> OK
Magnet settling time: 0.500
setting integration time = 1.048576
SetIntegrationTime 1.048576 ===>> OK
Failed to find a valid peak. No peak greater than 1.0. max = 0.0362707386739
flush and close file /Users/jan/PychronDev/data/isotopes/80/e5629f-5789-4504-b9c0-cdf57f452918.h5
finished measure script
executed snippet estimated_duration=226.132928, duration=273.264042139
jan_unknown120_60.py completed successfully
Measurement Finished
23:43:07 -- ******* Measurement Finished *******
Post Measurement Started jan_pump_ms.py
23:43:07 -- ******* Post Measurement Started jan_pump_ms.py *******
testing...
no interpolation path defined
executed snippet estimated_duration=0, duration=2.59876251221e-05
Pumping spectrometer
open () {'name': 'O'}
opening name=O desc=---
checking ownership. requestor=129.138.12.150
check software interlocks O
interlocks []
actuate state mode=None-script, software_lock=False
doing actuation None-script open_channel True
Open O ===>> OK
GetIndicatorState O ===>> OK
change switch state (True, True)
update switch state O True args=() kw={} ncanvase=2
23:43:07 -- OPEN   VALVE-O (Jan Ion Pump)
---------------------------------------- open O () result=[(True, True)], time=0.08 sec
action=open, ok=True, locked=[False]
executed snippet estimated_duration=0, duration=0.336141824722
jan_pump_ms.py completed successfully
setting _ms_pumptime
Post Measurement Finished
23:43:07 -- ******* Post Measurement Finished *******
$$$$$$$$$$$$$$$$$$$$ state at run end measurement
state changed from measurement to success
post measurement save measured=True aborted=False
Set filtering
setting fod for Ar40= {'filter_outliers': True, 'std_devs': 2, 'iterations': 1}
setting fod for H1= {'filter_outliers': True, 'std_devs': 2, 'iterations': 1}
setting fod for PM41= {'filter_outliers': False, 'std_devs': 2, 'iterations': 1}
setting fod for H2= {'filter_outliers': True, 'std_devs': 2, 'iterations': 1}
setting fod for Ar36= {'filter_outliers': True, 'std_devs': 2, 'iterations': 1}
setting fod for CDD= {'filter_outliers': True, 'std_devs': 10, 'iterations': 1}
setting fod for Ar37= {'filter_outliers': True, 'std_devs': 2, 'iterations': 1}
setting fod for L2= {'filter_outliers': True, 'std_devs': 2, 'iterations': 1}
setting fod for Ar38= {'filter_outliers': True, 'std_devs': 2, 'iterations': 1}
setting fod for L1= {'filter_outliers': True, 'std_devs': 2, 'iterations': 1}
setting fod for Ar39= {'filter_outliers': True, 'std_devs': 2, 'iterations': 1}
setting fod for AX= {'filter_outliers': True, 'std_devs': 2, 'iterations': 1}
persistence save...
persistence save - db
post measurement save
7280459696 connecting to database sqlite:////Users/jan/PychronDev/.appdata/local_lab.db
connected to db sqlite:////Users/jan/PychronDev/.appdata/local_lab.db
create new session 7280459696
close session 7280459696
No database instance. Not saving post measurement to isotopedb database
$$$$$$$$$$$$$$$ auto_save_detector_ic=False
massspec enabled True
create new session 4979675504
MassSpec Database Version: 16.0
close session 4979675504
saving post measurement to secondary database
saving to massspec database 129.138.12.160/massspecdata
setting labnumber to 25327
setting aliquot to 4
setting step to 
setting uuid to 80e5629f-5789-4504-b9c0-cdf57f452918
setting irradpos to 25327
setting extract_device to Fusions CO2
setting tray to 
setting position to 190
setting power_requested to 5.0
setting extract_value to 5.0
setting duration to 30.0
setting duration_at_request to 30.0
setting first_stage_delay to 30.0
setting cleanup to 30.0
setting comment to K:16
setting irradiation to NM-288
setting level to K
setting irradiation_level to K
setting sample to FC-2
setting material to Sanidine
setting project to Irradiation-NM-288
setting mass_spectrometer to Jan
no attribute chron_dosages
no attribute production_ratios
no attribute interference_corrections
no attribute production_name
no attribute j
Reference Isotope=Ar40
Reference Detector=H1
%%%%%%%%%%%%%%%%%%%% Comment: K:16 %%%%%%%%%%%%%%%%%%%
adding isotope PM41 H2
add baseline dbdet= PM41. original det= H2
get baseline data PM41 H2
Get data baseline <pychron.processing.isotope.Baseline object at 0x1a51540d0> len t=60
baseline PM41. v=-0.174163754007, e=0.00672428943854
get signal data PM41 H2
Get data signal PM41 0.11+/-0.06 len t=120
adding isotope Ar40 H1
add baseline dbdet= Ar40. original det= H1
get baseline data Ar40 H1
Get data baseline <pychron.processing.isotope.Baseline object at 0x1a51544d0> len t=60
baseline Ar40. v=0.00924043717239, e=0.00593241182159
get signal data Ar40 H1
Get data signal Ar40 1832.72+/-0.09 len t=120
adding isotope Ar39 AX
add baseline dbdet= Ar39. original det= AX
get baseline data Ar39 AX
Get data baseline <pychron.processing.isotope.Baseline object at 0x1a5154ad0> len t=60
baseline Ar39. v=-0.0711470904244, e=0.00721390675357
get signal data Ar39 AX
Get data signal Ar39 223.571+/-0.025 len t=120
adding isotope Ar38 L1
add baseline dbdet= Ar38. original det= L1
get baseline data Ar38 L1
Get data baseline <pychron.processing.isotope.Baseline object at 0x1a5154f50> len t=60
baseline Ar38. v=-0.0295921753946, e=0.00331264621324
get signal data Ar38 L1
Get data signal Ar38 2.870+/-0.005 len t=120
adding isotope Ar37 L2
add baseline dbdet= Ar37. original det= L2
get baseline data Ar37 L2
Get data baseline <pychron.processing.isotope.Baseline object at 0x1a897c910> len t=60
baseline Ar37. v=-0.0352505996344, e=0.00676607205779
get signal data Ar37 L2
Get data signal Ar37 0.514+/-0.011 len t=120
adding isotope Ar36 CDD
add baseline dbdet= Ar36. original det= CDD
get baseline data Ar36 CDD
Get data baseline <pychron.processing.isotope.Baseline object at 0x1a897c990> len t=60
baseline Ar36. v=0.000369682445957, e=2.77469542695e-05
get signal data Ar36 CDD
Get data signal Ar36 0.0191+/-0.0004 len t=120
25327-04 added analysis time 0.508815050125s
analysis added to mass spec database
mass spec save time= 0.518
persistence save - dvc
================= post measurement started
create new session 4982376208
close session 4982376208
---------------- Experiment Queue saving disabled
DVC saving peakcenter
Failed to find a valid peak. No peak greater than 1.0. max = 0.0362707386739
Smart pull ahead: 0 behind: 0
Up-to-date with origin
add to repo msg=modified - ad8224ebc6dbfeb9f5997218dfa5fe690569839d.json
add to repo msg=modified - 27-04.json
add to repo msg=modified - 27-04.dat.json
add to repo msg=modified - 27-04.blan.json
add to repo msg=modified - 27-04.inte.json
add to repo msg=modified - 27-04.icfa.json
add to repo msg=modified - 27-04.base.json
not at valid file /Users/jan/PychronDev/data/.dvc/repositories/Load1788/253/tags/27-04.tags.json
add to repo msg=modified - 27-04.peak.json
add to repo msg=modified - 27-04.extr.json
not at valid file /Users/jan/PychronDev/data/.dvc/repositories/Load1788/253/monitor/27-04.moni.json
commit message=<COLLECTION>
add to repo msg=modified - 27-04.inte.json
add to repo msg=modified - 27-04.base.json
commit message=<ISOEVO> default collection fits
add to repo msg=modified - 27-04.blan.json
commit message=<BLANKS> preceding bc-02-J-344
add to repo msg=modified - 27-04.icfa.json
commit message=<ICFactor> default
push repository <pychron.git_archive.repo_manager.GitRepoManager object at 0x1aa2d4650>
pushing to remote=origin, url=https://github.com
no changes to meta repo
create new session 4982376208
add association Load1788
get identifier "25327"
setting analysis irradiation position=<pychron.dvc.dvc_orm.IrradiationPositionTbl object at 0x1b27c3f90>
close session 4982376208
================= post measurement finished
23:43:21 -- ******* Post Run Check *******
loading queue conditionals post_run_actions
loading system conditionals post_run_actions
loading conditionals from /Users/jan/PychronDev/setupfiles/spectrometer/default_conditionals.yaml
loading queue conditionals post_run_terminations
loading system conditionals post_run_terminations
loading conditionals from /Users/jan/PychronDev/setupfiles/spectrometer/default_conditionals.yaml
Checking default post run terminations n=1
GetDeflection CDD ===>> 50
testing CDD==2000
evaluate ot="CDD.deflection==2000" t="CDD==2000", ctx="{'CDD': 50.0}"
23:43:21 -- ******* Post Run Check Passed *******
23:43:21 -- Automated run 25327-04 success duration: 365.221 s
----------------- finish -----------------
----------------- stop -----------------
retroactive repository identifiers disabled
finish run. runs completed=91
update duration runid=25327-04, duration=365.220947981, md5=301e91d8
loading script "jan_unknown400_120.py"
loading script "jan_pump_ms.py"
loading script "jan_co2.py"
loading script "jan_pump_extraction_line.py"
testing...
no interpolation path defined
executed snippet estimated_duration=556.052928, duration=0.000205039978027
script duration name:unknown400_120 seconds:556.0
loading script "jan_unknown400_120.py"
loading script "jan_pump_ms.py"
loading script "jan_co2.py"
loading script "jan_pump_extraction_line.py"
testing...
no interpolation path defined
executed snippet estimated_duration=0, duration=2.71797180176e-05
loading script "jan_unknown400_120.py"
loading script "jan_pump_ms.py"
loading script "jan_co2.py"
loading script "jan_pump_extraction_line.py"
testing...
no interpolation path defined
calculate duration
testing...
no interpolation path defined
executed snippet estimated_duration=0, duration=5.60283660889e-05
calculate duration
testing...
no interpolation path defined
executed snippet estimated_duration=0, duration=9.20295715332e-05
executed snippet estimated_duration=0.0, duration=0.00512099266052
script duration name:co2 seconds:0.0
loading script "jan_unknown400_120.py"
loading script "jan_pump_ms.py"
loading script "jan_co2.py"
loading script "jan_pump_extraction_line.py"
testing...
no interpolation path defined
calculate duration
testing...
no interpolation path defined
executed snippet estimated_duration=4.0, duration=0.000185966491699
executed snippet estimated_duration=4.0, duration=0.00146794319153
Script duration 556.0
Run total estimated duration= 557.000
loading script "jan_unknown120_60.py"
loading script "jan_pump_ms.py"
loading script "jan_co2.py"
loading script "jan_pump_extraction_line.py"
testing...
no interpolation path defined
executed snippet estimated_duration=213.652928, duration=0.000144004821777
script duration name:unknown120_60 seconds:214.0
pump_ms in script context. using previous estimated duration
co2 in script context. using previous estimated duration
script duration name:co2 seconds:0.0
pump_extraction_line in script context. using previous estimated duration
Script duration 214.0
Run total estimated duration= 215.000
unknown120_60 in script context. using previous estimated duration
script duration name:unknown120_60 seconds:214.0
script duration name:co2 seconds:0.0
Script duration 214.0
Run total estimated duration= 215.000
script duration name:unknown120_60 seconds:214.0
script duration name:co2 seconds:0.0
Script duration 214.0
Run total estimated duration= 215.000
script duration name:unknown120_60 seconds:214.0
script duration name:co2 seconds:0.0
Script duration 214.0
Run total estimated duration= 215.000
script duration name:unknown120_60 seconds:214.0
script duration name:co2 seconds:0.0
Script duration 214.0
Run total estimated duration= 215.000
script duration name:unknown120_60 seconds:214.0
loading script "jan_unknown120_60.py"
loading script "jan_pump_ms.py"
loading script "jan_cocktail_x1.py"
loading script "jan_pump_extraction_line.py"
testing...
no interpolation path defined
calculate duration
testing...
no interpolation path defined
executed snippet estimated_duration=0, duration=6.41345977783e-05
calculate duration
testing...
no interpolation path defined
executed snippet estimated_duration=0, duration=9.91821289062e-05
calculate duration
testing...
no interpolation path defined
executed snippet estimated_duration=32.0, duration=9.10758972168e-05
calculate duration
testing...
no interpolation path defined
executed snippet estimated_duration=34.0, duration=0.00011420249939
calculate duration
testing...
no interpolation path defined
executed snippet estimated_duration=4.0, duration=6.60419464111e-05
calculate duration
testing...
no interpolation path defined
executed snippet estimated_duration=38.0, duration=9.51290130615e-05
executed snippet estimated_duration=108.0, duration=0.0156140327454
script duration name:cocktail_x1 seconds:108.0
Script duration 322.0
Run total estimated duration= 323.000
script duration name:unknown120_60 seconds:214.0
script duration name:co2 seconds:0.0
Script duration 214.0
Run total estimated duration= 215.000
script duration name:unknown120_60 seconds:214.0
script duration name:co2 seconds:0.0
Script duration 214.0
Run total estimated duration= 215.000
script duration name:unknown120_60 seconds:214.0
script duration name:co2 seconds:0.0
Script duration 214.0
Run total estimated duration= 215.000
script duration name:unknown120_60 seconds:214.0
script duration name:co2 seconds:0.0
Script duration 214.0
Run total estimated duration= 215.000
script duration name:unknown120_60 seconds:214.0
script duration name:co2 seconds:0.0
Script duration 214.0
Run total estimated duration= 215.000
unknown400_120 in script context. using previous estimated duration
script duration name:unknown400_120 seconds:556.0
script duration name:co2 seconds:0.0
Script duration 556.0
Run total estimated duration= 557.000
script duration name:unknown400_120 seconds:556.0
loading script "jan_unknown400_120.py"
loading script "jan_pump_ms.py"
loading script "jan_sniffair_x2.py"
loading script "jan_pump_extraction_line.py"
testing...
no interpolation path defined
calculate duration
testing...
no interpolation path defined
executed snippet estimated_duration=0, duration=4.79221343994e-05
calculate duration
testing...
no interpolation path defined
executed snippet estimated_duration=0, duration=0.00058913230896
calculate duration
testing...
no interpolation path defined
executed snippet estimated_duration=32.0, duration=8.58306884766e-05
calculate duration
testing...
no interpolation path defined
executed snippet estimated_duration=34.0, duration=9.20295715332e-05
calculate duration
testing...
no interpolation path defined
executed snippet estimated_duration=4.0, duration=0.000133991241455
calculate duration
testing...
no interpolation path defined
executed snippet estimated_duration=36.0, duration=0.000121116638184
calculate duration
testing...
no interpolation path defined
executed snippet estimated_duration=34.0, duration=9.79900360107e-05
calculate duration
testing...
no interpolation path defined
executed snippet estimated_duration=4.0, duration=6.38961791992e-05
calculate duration
testing...
no interpolation path defined
executed snippet estimated_duration=36.0, duration=9.20295715332e-05
calculate duration
testing...
no interpolation path defined
executed snippet estimated_duration=70.0, duration=9.29832458496e-05
executed snippet estimated_duration=250.0, duration=0.0128219127655
script duration name:sniffair_x2 seconds:250.0
Script duration 806.0
Run total estimated duration= 807.000
script duration name:unknown400_120 seconds:556.0
cocktail_x1 in script context. using previous estimated duration
script duration name:cocktail_x1 seconds:108.0
Script duration 664.0
Run total estimated duration= 665.000
script duration name:unknown400_120 seconds:556.0
sniffair_x2 in script context. using previous estimated duration
script duration name:sniffair_x2 seconds:250.0
Script duration 806.0
Run total estimated duration= 807.000
loading script "jan_ic_peak_hop3.py"
loading script "jan_pump_ms.py"
loading script "jan_sniffair_x1.py"
loading script "jan_pump_extraction_line.py"
testing...
no interpolation path defined
executed snippet estimated_duration=133.8, duration=0.00774884223938
script duration name:ic_peak_hop3 seconds:134.0
loading script "jan_ic_peak_hop3.py"
loading script "jan_pump_ms.py"
loading script "jan_sniffair_x1.py"
loading script "jan_pump_extraction_line.py"
testing...
no interpolation path defined
calculate duration
testing...
no interpolation path defined
executed snippet estimated_duration=0, duration=4.2200088501e-05
calculate duration
testing...
no interpolation path defined
executed snippet estimated_duration=0, duration=9.51290130615e-05
calculate duration
testing...
no interpolation path defined
executed snippet estimated_duration=32.0, duration=8.58306884766e-05
calculate duration
testing...
no interpolation path defined
executed snippet estimated_duration=34.0, duration=0.000153064727783
calculate duration
testing...
no interpolation path defined
executed snippet estimated_duration=4.0, duration=0.000123023986816
calculate duration
testing...
no interpolation path defined
executed snippet estimated_duration=70.0, duration=0.000111103057861
executed snippet estimated_duration=140.0, duration=0.00619006156921
script duration name:sniffair_x1 seconds:140.0
Script duration 274.0
Run total estimated duration= 275.000
script duration name:unknown120_60 seconds:214.0
script duration name:co2 seconds:0.0
Script duration 214.0
Run total estimated duration= 215.000
script duration name:unknown120_60 seconds:214.0
script duration name:co2 seconds:0.0
Script duration 214.0
Run total estimated duration= 215.000
script duration name:unknown120_60 seconds:214.0
script duration name:co2 seconds:0.0
Script duration 214.0
Run total estimated duration= 215.000
script duration name:unknown120_60 seconds:214.0
script duration name:co2 seconds:0.0
Script duration 214.0
Run total estimated duration= 215.000
script duration name:unknown120_60 seconds:214.0
script duration name:co2 seconds:0.0
Script duration 214.0
Run total estimated duration= 215.000
script duration name:unknown120_60 seconds:214.0
script duration name:co2 seconds:0.0
Script duration 214.0
Run total estimated duration= 215.000
script duration name:unknown120_60 seconds:214.0
script duration name:co2 seconds:0.0
Script duration 214.0
Run total estimated duration= 215.000
script duration name:unknown120_60 seconds:214.0
script duration name:co2 seconds:0.0
Script duration 214.0
Run total estimated duration= 215.000
script duration name:unknown120_60 seconds:214.0
script duration name:co2 seconds:0.0
Script duration 214.0
Run total estimated duration= 215.000
script duration name:unknown120_60 seconds:214.0
script duration name:co2 seconds:0.0
Script duration 214.0
Run total estimated duration= 215.000
script duration name:unknown400_120 seconds:556.0
script duration name:co2 seconds:0.0
Script duration 556.0
Run total estimated duration= 557.000
script duration name:unknown120_60 seconds:214.0
script duration name:cocktail_x1 seconds:108.0
Script duration 322.0
Run total estimated duration= 323.000
script duration name:unknown120_60 seconds:214.0
script duration name:co2 seconds:0.0
Script duration 214.0
Run total estimated duration= 215.000
script duration name:unknown120_60 seconds:214.0
script duration name:co2 seconds:0.0
Script duration 214.0
Run total estimated duration= 215.000
script duration name:unknown120_60 seconds:214.0
script duration name:co2 seconds:0.0
Script duration 214.0
Run total estimated duration= 215.000
script duration name:unknown120_60 seconds:214.0
script duration name:co2 seconds:0.0
Script duration 214.0
Run total estimated duration= 215.000
script duration name:unknown400_120 seconds:556.0
script duration name:cocktail_x1 seconds:108.0
Script duration 664.0
Run total estimated duration= 665.000
script duration name:unknown120_60 seconds:214.0
script duration name:co2 seconds:0.0
Script duration 214.0
Run total estimated duration= 215.000
script duration name:unknown120_60 seconds:214.0
script duration name:co2 seconds:0.0
Script duration 214.0
Run total estimated duration= 215.000
script duration name:unknown120_60 seconds:214.0
script duration name:co2 seconds:0.0
Script duration 214.0
Run total estimated duration= 215.000
script duration name:unknown120_60 seconds:214.0
script duration name:co2 seconds:0.0
Script duration 214.0
Run total estimated duration= 215.000
script duration name:unknown120_60 seconds:214.0
script duration name:co2 seconds:0.0
Script duration 214.0
Run total estimated duration= 215.000
script duration name:unknown120_60 seconds:214.0
script duration name:co2 seconds:0.0
Script duration 214.0
Run total estimated duration= 215.000
script duration name:unknown400_120 seconds:556.0
script duration name:co2 seconds:0.0
Script duration 556.0
Run total estimated duration= 557.000
script duration name:unknown400_120 seconds:556.0
script duration name:sniffair_x2 seconds:250.0
Script duration 806.0
Run total estimated duration= 807.000
script duration name:unknown400_120 seconds:556.0
script duration name:sniffair_x2 seconds:250.0
Script duration 806.0
Run total estimated duration= 807.000
ic_peak_hop3 in script context. using previous estimated duration
script duration name:ic_peak_hop3 seconds:134.0
sniffair_x1 in script context. using previous estimated duration
script duration name:sniffair_x1 seconds:140.0
Script duration 274.0
Run total estimated duration= 275.000
script duration name:unknown120_60 seconds:214.0
script duration name:co2 seconds:0.0
Script duration 214.0
Run total estimated duration= 215.000
script duration name:unknown120_60 seconds:214.0
script duration name:co2 seconds:0.0
Script duration 214.0
Run total estimated duration= 215.000
nruns=46 before=5.0, run_dur=14862.0, btw=2025.0
write rem/ex queues
/Users/jan/PychronDev/experiments/rem/CurrentExperiment.rem.txt
/Users/jan/PychronDev/experiments/rem/CurrentExperiment.ex.txt
doing event level: 3
