do run
loading script "jan_unknown120_60.py"
loading script "jan_pump_ms.py"
loading script "jan_co2.py"
loading script "jan_pump_extraction_line.py"
testing...
no interpolation path defined
executed snippet estimated_duration=213.652928, duration=0.000241994857788
script duration name:unknown120_60 seconds:214.0
loading script "jan_unknown120_60.py"
loading script "jan_pump_ms.py"
loading script "jan_co2.py"
loading script "jan_pump_extraction_line.py"
testing...
no interpolation path defined
executed snippet estimated_duration=0, duration=1.81198120117e-05
loading script "jan_unknown120_60.py"
loading script "jan_pump_ms.py"
loading script "jan_co2.py"
loading script "jan_pump_extraction_line.py"
testing...
no interpolation path defined
calculate duration
testing...
no interpolation path defined
executed snippet estimated_duration=0, duration=4.10079956055e-05
calculate duration
testing...
no interpolation path defined
executed snippet estimated_duration=0, duration=6.89029693604e-05
executed snippet estimated_duration=0.0, duration=0.0014660358429
script duration name:co2 seconds:0.0
loading script "jan_unknown120_60.py"
loading script "jan_pump_ms.py"
loading script "jan_co2.py"
loading script "jan_pump_extraction_line.py"
testing...
no interpolation path defined
calculate duration
testing...
no interpolation path defined
executed snippet estimated_duration=4.0, duration=0.000107049942017
executed snippet estimated_duration=4.0, duration=0.000802993774414
Script duration 214.0
Run total estimated duration= 215.000
run duration: 0:03:35
doing event level: 2
00:45:29 -- Setting default integration. t=1.048576
setting integration time = 1.048576
SetIntegrationTime 1.048576 ===>> OK
----------------- start -----------------
**************** Experiment Type: Ar/Ar, Ar/Ar
create new session 4419362736
close session 4419362736
$$$$$ Clearing conditionals
adding conditionals 
Add queue conditionals
add default conditionals
adding default conditionals from /Users/jan/PychronDev/setupfiles/spectrometer/default_conditionals.yaml
Start automated run 25344-05
loading script "jan_unknown120_60.py"
loading script "jan_pump_ms.py"
loading script "jan_co2.py"
loading script "jan_pump_extraction_line.py"
%%%%%%%%%%%%%%%%%% setting automated run 25344-05
No value "sensitivity_multiplier" in metadata
$$$$$$$$$$$$$$$ auto_save_detector_ic=False
============================= Pre Extraction Check =============================
loading queue conditionals pre_run_terminations
loading system conditionals pre_run_terminations
loading conditionals from /Users/jan/PychronDev/setupfiles/spectrometer/default_conditionals.yaml
00:45:29 -- ******* Pre Extraction Check *******
Get a measurement from the spectrometer
GetData ===>> H2,-0.127953159383801,H1,0.0672853018475418,AX,-0.034459413039291,L1,-0.0126549290401954,L2,0.010...
Pre Extraction Termination data. keys=H2,H1,AX,L1,L2,CDD, signals=-0.12795,0.06729,-0.03446,-0.01265,0.01092,0.00402
00:45:29 -- testing system defined conditionals
Checking default pre extraction terminations n=2
testing CDD
evaluate ot="CDD.inactive" t="CDD", ctx="{'CDD': False}"
GetDeflection CDD ===>> 50
testing CDD==2000
evaluate ot="CDD.deflection==2000" t="CDD==2000", ctx="{'CDD': 50.0}"
00:45:29 -- ******* Pre Extraction Check Passed *******
=================================================================================
00:45:29 -- stopping status monitor
stop 4976433200
Alive clients [4982646160]
00:45:29 -- starting status monitor
start 4976433200
Monitor already running
start extraction
do extraction
Analysis started at 00:45:29.911126
Extraction Started jan_co2.py
00:45:29 -- ******* Extraction Started jan_co2.py *******
state changed from not run to extraction
DO EXTRACTION <pychron.extraction_line.pyscript_runner.RemotePyScriptRunner object at 0x12b9a8890>
testing...
no interpolation path defined
calculate duration
testing...
no interpolation path defined
executed snippet estimated_duration=0, duration=7.58171081543e-05
calculate duration
testing...
no interpolation path defined
executed snippet estimated_duration=0, duration=0.000101089477539
executed snippet estimated_duration=100.0, duration=0.00261092185974
Jan CO2 laser analysis
doing GOSUB
testing...
no interpolation path defined
executed snippet estimated_duration=0, duration=4.31537628174e-05
Waiting for CO2 access
wait ('FelixCO2Flag', 0) {}
waiting for FelixCO2Flag = 0
Read FelixCO2Flag ===>> 0
finished waiting
CO2 free
wait ('CO2PumpTimeFlag', 0) {}
waiting for CO2PumpTimeFlag = 0
Read CO2PumpTimeFlag ===>> 0
finished waiting
acquire ('JanCO2Flag',) {'clear': True}
acquire JanCO2Flag
Set JanCO2Flag 1 ===>> OK
JanCO2Flag acquired
set extraction state False (0.75, 'red', 1.5)
CO2 acquired
executed snippet estimated_duration=0, duration=0.016932964325
WaitForCO2Access.py completed successfully
gosub finished
doing GOSUB
testing...
no interpolation path defined
executed snippet estimated_duration=0, duration=9.89437103271e-05
Prepare for CO2 analysis
close () {'description': 'Jan Inlet'}
closing name=--- desc=Jan Inlet
checking ownership. requestor=129.138.12.150
check software interlocks R
interlocks []
actuate state mode=None-script, software_lock=False
doing actuation None-script close_channel False
Close R ===>> OK
GetIndicatorState R ===>> False
change switch state (True, True)
update switch state R False args=() kw={} ncanvase=2
00:45:30 -- CLOSE  VALVE-R (Jan Inlet)
---------------------------------------- close None (Jan Inlet) result=[(True, True)]
action=close, ok=True, locked=[False]
open () {'description': 'Jan Ion Pump'}
opening name=--- desc=Jan Ion Pump
checking ownership. requestor=129.138.12.150
check software interlocks O
interlocks []
actuate state mode=None-script, software_lock=False
doing actuation None-script open_channel False
Open O ===>> OK
GetIndicatorState O ===>> OK
change switch state (True, True)
update switch state O True args=() kw={} ncanvase=2
00:45:30 -- OPEN   VALVE-O (Jan Ion Pump)
---------------------------------------- open None (Jan Ion Pump) result=[(True, True)], time=0.09 sec
action=open, ok=True, locked=[False]
close () {'description': 'Microbone to Minibone'}
closing name=--- desc=Microbone to Minibone
checking ownership. requestor=129.138.12.150
check software interlocks L
interlocks []
actuate state mode=None-script, software_lock=False
doing actuation None-script close_channel False
Close L ===>> OK
GetIndicatorState L ===>> False
change switch state (True, True)
update switch state L False args=() kw={} ncanvase=2
00:45:31 -- CLOSE  VALVE-L (Microbone to Minibone)
---------------------------------------- close None (Microbone to Minibone) result=[(True, True)]
action=close, ok=True, locked=[False]
open () {'description': 'Microbone to Turbo'}
opening name=--- desc=Microbone to Turbo
checking ownership. requestor=129.138.12.150
check software interlocks U
interlocks []
actuate state mode=None-script, software_lock=False
doing actuation None-script open_channel False
Open U ===>> OK
GetIndicatorState U ===>> OK
change switch state (True, True)
update switch state U True args=() kw={} ncanvase=2
00:45:31 -- OPEN   VALVE-U (Microbone to Turbo)
---------------------------------------- open None (Microbone to Turbo) result=[(True, True)], time=0.12 sec
action=open, ok=True, locked=[False]
open () {'description': 'Microbone to Inlet Pipette'}
opening name=--- desc=Microbone to Inlet Pipette
checking ownership. requestor=129.138.12.150
check software interlocks S
interlocks []
actuate state mode=None-script, software_lock=False
doing actuation None-script open_channel False
Open S ===>> OK
GetIndicatorState S ===>> OK
change switch state (True, True)
update switch state S True args=() kw={} ncanvase=2
00:45:32 -- OPEN   VALVE-S (Microbone to Inlet Pipette)
---------------------------------------- open None (Microbone to Inlet Pipette) result=[(True, True)], time=0.41 sec
action=open, ok=True, locked=[False]
open () {'description': 'Microbone to Getter D-50'}
opening name=--- desc=Microbone to Getter D-50
checking ownership. requestor=129.138.12.150
check software interlocks K
interlocks []
actuate state mode=None-script, software_lock=False
doing actuation None-script open_channel False
Open K ===>> OK
GetIndicatorState K ===>> OK
change switch state (True, True)
update switch state K True args=() kw={} ncanvase=2
00:45:33 -- OPEN   VALVE-K (Microbone to Getter D-50)
---------------------------------------- open None (Microbone to Getter D-50) result=[(True, True)], time=0.41 sec
action=open, ok=True, locked=[False]
open () {'description': 'Microbone to Getter NP-10'}
opening name=--- desc=Microbone to Getter NP-10
checking ownership. requestor=129.138.12.150
check software interlocks M
interlocks []
actuate state mode=None-script, software_lock=False
doing actuation None-script open_channel False
Open M ===>> OK
GetIndicatorState M ===>> OK
change switch state (True, True)
update switch state M True args=() kw={} ncanvase=2
00:45:33 -- OPEN   VALVE-M (Microbone to Getter NP-10)
---------------------------------------- open None (Microbone to Getter NP-10) result=[(True, True)], time=0.15 sec
action=open, ok=True, locked=[False]
close () {'description': 'CO2 Laser to Felix'}
closing name=--- desc=CO2 Laser to Felix
checking ownership. requestor=129.138.12.150
check software interlocks F
interlocks []
actuate state mode=None-script, software_lock=True
VALVE-F(CO2 Laser to Felix) software locked
change switch state (True, False)
---------------------------------------- close None (CO2 Laser to Felix) result=[(True, False)]
action=close, ok=True, locked=[True]
open () {'description': 'CO2 Laser to Jan'}
opening name=--- desc=CO2 Laser to Jan
checking ownership. requestor=129.138.12.150
check software interlocks A
interlocks []
actuate state mode=None-script, software_lock=False
doing actuation None-script open_channel False
Open A ===>> OK
GetIndicatorState A ===>> OK
change switch state (True, True)
update switch state A True args=() kw={} ncanvase=2
00:45:33 -- OPEN   VALVE-A (CO2 Laser to Jan)
---------------------------------------- open None (CO2 Laser to Jan) result=[(True, True)], time=0.13 sec
action=open, ok=True, locked=[False]
open () {'description': 'Microbone to CO2 Laser'}
opening name=--- desc=Microbone to CO2 Laser
checking ownership. requestor=129.138.12.150
check software interlocks T
interlocks []
actuate state mode=None-script, software_lock=False
doing actuation None-script open_channel False
Open T ===>> OK
GetIndicatorState T ===>> OK
change switch state (True, True)
update switch state T True args=() kw={} ncanvase=2
00:45:34 -- OPEN   VALVE-T (Microbone to CO2 Laser)
---------------------------------------- open None (Microbone to CO2 Laser) result=[(True, True)], time=0.42 sec
action=open, ok=True, locked=[False]
executed snippet estimated_duration=0, duration=4.90559196472
PrepareForCO2Analysis.py completed successfully
gosub finished
set_motor ('beam', '1.25') {}
setting motor "beam" to 1.25
set motor beam to 1.25
SetMotor beam,1.25 ===>> OK
GetMotorMoving beam ===>> False
GetMotorMoving beam ===>> False
Block completed
move_to_position ('197',) {'autocenter': True}
FusionsCO2 move to position 197
sending GoToHole 197,True
GoToHole 197,True ===>> OK
GetDriveMoving ===>> OK
GetDriveMoving ===>> OK
GetDriveMoving ===>> OK
GetDriveMoving ===>> OK
GetDriveMoving ===>> OK
GetDriveMoving ===>> OK
GetDriveMoving ===>> OK
GetDriveMoving ===>> OK
GetDriveMoving ===>> OK
GetDriveMoving ===>> OK
GetDriveMoving ===>> OK
GetDriveMoving ===>> OK
GetDriveMoving ===>> OK
GetDriveMoving ===>> OK
GetDriveMoving ===>> OK
GetDriveMoving ===>> OK
GetDriveMoving ===>> OK
GetDriveMoving ===>> OK
GetDriveMoving ===>> OK
GetDriveMoving ===>> OK
GetDriveMoving ===>> OK
GetDriveMoving ===>> OK
GetDriveMoving ===>> OK
GetDriveMoving ===>> OK
GetDriveMoving ===>> OK
GetDriveMoving ===>> OK
GetDriveMoving ===>> OK
GetDriveMoving ===>> OK
GetDriveMoving ===>> OK
GetDriveMoving ===>> OK
GetDriveMoving ===>> OK
GetDriveMoving ===>> OK
GetDriveMoving ===>> OK
GetDriveMoving ===>> OK
GetDriveMoving ===>> OK
GetDriveMoving ===>> OK
GetDriveMoving ===>> False
GetDriveMoving ===>> False
Block completed
GetAutoCorrecting ===>> OK
GetAutoCorrecting ===>> OK
GetAutoCorrecting ===>> OK
GetAutoCorrecting ===>> False
GetAutoCorrecting ===>> False
Block completed
update position
GetPosition ===>> -9.96950,-11.96340,1.00000
got position (-9.9695, -11.9634, 1.0)
move to position succeeded
sleep (5,) {}
SLEEP 5.0
block started
WaitControl setup for 5.0  
Join finished
block finished. duration 5.02123689651
close () {'description': 'Microbone to Turbo'}
closing name=--- desc=Microbone to Turbo
checking ownership. requestor=129.138.12.150
check software interlocks U
interlocks []
actuate state mode=None-script, software_lock=False
doing actuation None-script close_channel True
Close U ===>> OK
GetIndicatorState U ===>> False
change switch state (True, True)
update switch state U False args=() kw={} ncanvase=2
00:45:54 -- CLOSE  VALVE-U (Microbone to Turbo)
---------------------------------------- close None (Microbone to Turbo) result=[(True, True)]
action=close, ok=True, locked=[False]
enable laser
enable () {}
set extraction state FusionsCO2 Enabled (False, 'red', 1.5)
enabling laser
Enable ===>> OK
begin interval
BEGIN INTERVAL Interval 1 waiting for 30.0
block started
WaitControl setup for 30.0  
set extract to 5.0
extract (5.0,) {}
GetPosition ===>> -9.96950,-11.96340,1.00000
set extraction state FusionsCO2 ON! 5.0(watts) (0.75, 'red', 1.5)
extract sample to 5.0 (watts)
set laser output
SetLaserOutput 5.0,watts ===>> OK
executing pattern triangle.lp
execute_pattern ('triangle.lp',) {}
executing pattern triangle.lp
IsPatterning ===>> OK
IsPatterning ===>> OK
IsPatterning ===>> OK
IsPatterning ===>> OK
IsPatterning ===>> OK
IsPatterning ===>> OK
IsPatterning ===>> OK
IsPatterning ===>> OK
IsPatterning ===>> OK
IsPatterning ===>> OK
IsPatterning ===>> OK
IsPatterning ===>> OK
IsPatterning ===>> OK
IsPatterning ===>> OK
IsPatterning ===>> OK
IsPatterning ===>> OK
IsPatterning ===>> OK
IsPatterning ===>> OK
IsPatterning ===>> OK
IsPatterning ===>> OK
IsPatterning ===>> OK
IsPatterning ===>> OK
IsPatterning ===>> OK
IsPatterning ===>> OK
IsPatterning ===>> OK
IsPatterning ===>> OK
IsPatterning ===>> False
IsPatterning ===>> False
Block completed
COMPLETE INTERVAL waiting for Interval 1 to complete
Join finished
block finished. duration 30.1116950512
Interval 1 finished
end_extract () {}
ending extraction. set laser power to 0
set laser power 0
SetLaserPower 0 ===>> OK
disable () {}
%%%%%%%%%%%%%%%%%%%%%%%%%%%%%%%%%%% disable
set extraction state False (0.75, 'red', 1.5)
disabling laser
Disable ===>> OK
sleep (30.0,) {}
SLEEP 30.0
block started
WaitControl setup for 30.0  
Join finished
block finished. duration 30.0960519314
executed snippet estimated_duration=166.5, duration=85.3409409523
jan_co2.py completed successfully
GetAchievedOutput ===>> No Response
Requested Output= 0.000
Achieved Output=  0.000
GetResponseBlob ===>> No Response
GetOutputBlob ===>> No Response
persistence save...
persistence save - db
AutomatedRunPersister post_extraction_save deprecated
persistence save - dvc
no extraction position for 197
create new session 4982376208
close session 4982376208
Extraction Finished
00:46:55 -- ******* Extraction Finished *******
no overlap. not waiting for min ms pumptime
00:46:55 -- Sending spectrometer configuration
======== Sending configuration ========
SetDeflection CDD,50.0 ===>> OK
SetDeflection H2,0.0 ===>> OK
SetDeflection H1,0.0 ===>> OK
SetDeflection L2,825.0 ===>> OK
SetDeflection L1,400.0 ===>> OK
SetDeflection AX,190.0 ===>> OK
SetZFocus 74.64 ===>> OK
SetZSymmetry -50.72 ===>> OK
SetExtractionLens 26.13 ===>> OK
SetIonRepeller -3.81 ===>> OK
SetElectronEnergy 75.08 ===>> OK
SetYSymmetry -2.81 ===>> OK
SetIonCounterVoltage 1590.0 ===>> OK
send trap current 200.0
GetParameter Trap Current Readback ===>> 198.035158395898
SetParameter Trap Current Set,200.0 ===>> OK
updating mftable name mftable
Using mftable located at /Users/jan/PychronDev/setupfiles/spectrometer/mftables/mftable.csv
============ MFtable ===========
Isotope  H2     H1     AX     L1     L2     CDD    
Ar40     5.8013 5.8795 5.9928 6.1412 6.2313 6.3694
Ar39     5.7005 5.7717 5.8853 6.0273 6.1164 6.2559
Ar36     5.3780 5.4407 5.5486 5.6861 5.7714 5.9070
================================
get initial guess parabolic
get initial guess parabolic
get initial guess parabolic
get initial guess parabolic
get initial guess parabolic
get initial guess parabolic
======== Configuration Finished ========
GetYSymmetry ===>> -2.81
GetZSymmetry ===>> -50.72
GetParameter Trap Current Readback ===>> 198.147042666178
GetHighVoltage ===>> 4500
start measurement
do measurement
L#=25344 analysis type=unknown
Measurement Started jan_unknown120_60.py
00:46:55 -- ******* Measurement Started jan_unknown120_60.py *******
state changed from extraction to measurement
setting spec, defl, and gains
GetExtractionLens ===>> 26.13
GetYSymmetry ===>> -2.81
GetZSymmetry ===>> -50.72
GetZFocus ===>> 74.64
GetDeflection H2 ===>> 0
GetDeflection H1 ===>> 0
GetDeflection AX ===>> 190
GetDeflection L1 ===>> 400
GetDeflection L2 ===>> 825
GetDeflection CDD ===>> 50
GetGain H2 ===>> 0.0113
GetGain H1 ===>> 0.1
GetGain AX ===>> 0.097049
GetGain L1 ===>> 0.010355
GetGain L2 ===>> 0.095649
GetGain CDD ===>> 0
pre measurement save
New frame /Users/jan/PychronDev/data/isotopes/f2/3e4a2e-7820-47cf-acc8-f3ce1e64c291.h5
flush and close file /Users/jan/PychronDev/data/isotopes/f2/3e4a2e-7820-47cf-acc8-f3ce1e64c291.h5
testing...
no interpolation path defined
executed snippet estimated_duration=226.132928, duration=0.000152826309204
unknown measurement script
activate_detectors ('H2', 'H1', 'AX', 'L1', 'L2', 'CDD') {}
activate detectors
*************** Set Analysis View Ar/Ar
create graphs
clearing graphs
clear isotope group
setting isotope det=H2, iso=PM41
setting isotope det=H1, iso=Ar40
setting isotope det=AX, iso=Ar39
setting isotope det=L1, iso=Ar38
setting isotope det=L2, iso=Ar37
setting isotope det=CDD, iso=Ar36
setting previous blanks
 - setting Ar40 blank 0.778+/-0.008
 - setting Ar36 blank 0.00669+/-0.00021
 - setting Ar37 blank 0.059+/-0.005
 - setting Ar38 blank 0.0183+/-0.0023
 - setting PM41 blank 0.04+/-0.06
 - setting Ar39 blank 0.038+/-0.010
load analysis view
position_magnet ('Ar40',) {'detector': 'H1'}
detector Detector(H1)
POSITION Ar40 H1
setting detector H2 to PM41 (40.9624)
setting detector H1 to Ar40 (39.9624)
setting detector AX to Ar39 (38.9624)
setting detector L1 to Ar38 (37.9624)
setting detector L2 to Ar37 (36.9624)
setting detector CDD to Ar36 (35.9624)
Mapping mass to dac mass func: "parabolic"
H1 map mass coeffs = [-0.00063987  0.15840543  0.57105999]
H1 map mass to dac 39.9624 >> 5.87945
GetDeflection H1 ===>> 0
GetHighVoltage ===>> 4500
positioning Ar40 (5.87945) on H1
setting magnet DAC
current  : 5.879450
requested: 5.879450
Delta Dac: 0.000000
Checking detector protection. dv=0.00000
Checking detector "CDD". Protection Threshold: 0.1 (V)
SetMagnetDAC 5.87945 ===>> OK
Magnet settling time: 0.500
equilibrate () {'delay': 3, 'inlet': 'R', 'outlet': 'O', 'eqtime': 12.0}
Equilibration Started
00:46:57 -- ******* Equilibration Started *******
checking ownership. requestor=129.138.12.150
check software interlocks O
interlocks []
actuate state mode=None-script, software_lock=False
doing actuation None-script close_channel True
Close O ===>> OK
GetIndicatorState O ===>> False
change switch state (True, True)
update switch state O False args=() kw={} ncanvase=2
00:46:57 -- CLOSE  VALVE-O (Jan Ion Pump)
waiting 3s before opening inlet value ('R',)
update labels <pychron.experiment.plot_panel.PlotPanel object at 0x165629b30>
update labels "<pychron.graph.stacked_regression_graph.StackedRegressionGraph object at 0x1a3ddbad0>"
setting label 0 H2 PM41
setting label 1 H1 Ar40
setting label 2 AX Ar39
setting label 3 L1 Ar38
setting label 4 L2 Ar37
setting label 5 CDD Ar36
update labels "<pychron.graph.stacked_graph.StackedGraph object at 0x19b0b7530>"
setting label 0 H2 PM41
setting label 1 H1 Ar40
setting label 2 AX Ar39
setting label 3 L1 Ar38
setting label 4 L2 Ar37
setting label 5 CDD Ar36
checking ownership. requestor=129.138.12.150
check software interlocks R
interlocks []
actuate state mode=None-script, software_lock=False
doing actuation None-script open_channel True
Open R ===>> OK
GetIndicatorState R ===>> OK
change switch state (True, True)
update switch state R True args=() kw={} ncanvase=2
00:47:00 -- OPEN   VALVE-R (Jan Inlet)
equilibrating for 12.0sec
set_time_zero () {}
sniff (12.0,) {}
py_sniff
build tables- sniff [Detector(H2), Detector(H1), Detector(AX), Detector(L1), Detector(L2), Detector(CDD)]
add group /sniff/PM41 (Group) '' table H2
add group /sniff/Ar40 (Group) '' table H1
add group /sniff/Ar39 (Group) '' table AX
add group /sniff/Ar38 (Group) '' table L1
add group /sniff/Ar37 (Group) '' table L2
add group /sniff/Ar36 (Group) '' table CDD
flush and close file /Users/jan/PychronDev/data/isotopes/f2/3e4a2e-7820-47cf-acc8-f3ce1e64c291.h5
measuring sniff. ncounts=12.0
"sniff" increment series count="1" fit count="0" regressing="False"
starting measurement
GetData ===>> H2,-0.183349789163397,H1,0.0471025406410643,AX,-0.0294843127685697,L1,0.0095609768297436,L2,-0.01...
GetData ===>> H2,0.387456778808673,H1,492.699160392602,AX,65.8235274644595,L1,0.219893435531649,L2,0.3773437353...
GetData ===>> H2,0.977026216939304,H1,1615.883301521,AX,208.207004286596,L1,1.36107807084612,L2,0.7096236170323...
GetData ===>> H2,0.428654073026142,H1,2028.5713864356,AX,254.719818237994,L1,2.31164780589678,L2,0.653601583549...
GetData ===>> H2,0.116235137893258,H1,2166.255098467,AX,268.600457744745,L1,2.80625613645463,L2,0.7258565603575...
GetData ===>> H2,0.118439939545516,H1,2218.41927732401,AX,273.441958077454,L1,3.07035777219151,L2,0.61609303810...
GetData ===>> H2,0.00638412846218117,H1,2240.45249357748,AX,275.568246851162,L1,3.23518987111546,L2,0.676834351...
GetData ===>> H2,-0.0201578932510934,H1,2250.32383928594,AX,276.260402775793,L1,3.35664642409628,L2,0.658151653...
GetData ===>> H2,0.0786774593368064,H1,2254.50384770537,AX,276.62156344568,L1,3.45103552795388,L2,0.70529987094...
GetData ===>> H2,0.0947832551241121,H1,2255.83779135886,AX,277.114662835678,L1,3.50783772613588,L2,0.5768099681...
GetData ===>> H2,-0.0695683886164947,H1,2256.64669467836,AX,276.991253897517,L1,3.50589095136335,L2,0.607846262...
Equilibration Finished
00:47:12 -- ******* Equilibration Finished *******
checking ownership. requestor=129.138.12.150
check software interlocks R
interlocks []
actuate state mode=None-script, software_lock=False
doing actuation None-script close_channel True
GetData ===>> H2,0.0554709094816733,H1,2256.09261379637,AX,276.892445273491,L1,3.51970984385305,L2,0.7150686113...
Close R ===>> OK
State checksums do not match. Local:-173909521 Remote:-423938523
State checksum failed
GetIndicatorState R ===>> False
change switch state (True, True)
update switch state R False args=() kw={} ncanvase=2
00:47:13 -- CLOSE  VALVE-R (Jan Inlet)
Post Equilibration Started jan_pump_extraction_line.py
00:47:13 -- ******* Post Equilibration Started jan_pump_extraction_line.py *******
testing...
no interpolation path defined
calculate duration
testing...
no interpolation path defined
executed snippet estimated_duration=4.0, duration=0.000116109848022
executed snippet estimated_duration=4.0, duration=0.000868082046509
Pump after analysis
doing GOSUB
testing...
no interpolation path defined
executed snippet estimated_duration=4.0, duration=0.000109910964966
Pump Microbone
close () {'description': 'Jan Inlet'}
closing name=--- desc=Jan Inlet
checking ownership. requestor=129.138.12.150
check software interlocks R
interlocks []
actuate state mode=None-script, software_lock=False
doing actuation None-script close_channel False
measurement finished
estimated time: 12.583 actual time: :12.687
flush and close file /Users/jan/PychronDev/data/isotopes/f2/3e4a2e-7820-47cf-acc8-f3ce1e64c291.h5
set_fits () {}
using default fits file=/Users/jan/PychronDev/scripts/measurement/fits/nominal_linear.yaml
Close R ===>> OK
set "Ar40" to "('Linear', 'SEM')"
No fit for "PM41". defaulting to linear. check the measurement script "jan_unknown120_60.py"
set "PM41" to "linear"
set "Ar36" to "('Linear', 'SEM')"
set "Ar37" to "('linear', 'SEM')"
set "Ar38" to "('linear', 'SEM')"
set "Ar39" to "('Linear', 'SEM')"
set_baseline_fits () {}
using default fits file=/Users/jan/PychronDev/scripts/measurement/fits/nominal_linear.yaml
set "H1" to "('average', 'SEM')"
set "H2" to "('average', 'SEM')"
set "CDD" to "('average', 'SEM')"
set "L2" to "('average', 'SEM')"
set "L1" to "('average', 'SEM')"
set "AX" to "('average', 'SEM')"
multicollect () {'integration_time': 1, 'ncounts': 120}
build tables- signal [Detector(H2), Detector(H1), Detector(AX), Detector(L1), Detector(L2), Detector(CDD)]
add group /signal/PM41 (Group) '' table H2
add group /signal/Ar40 (Group) '' table H1
add group /signal/Ar39 (Group) '' table AX
add group /signal/Ar38 (Group) '' table L1
add group /signal/Ar37 (Group) '' table L2
add group /signal/Ar36 (Group) '' table CDD
flush and close file /Users/jan/PychronDev/data/isotopes/f2/3e4a2e-7820-47cf-acc8-f3ce1e64c291.h5
measuring signal. ncounts=120
GetIndicatorState R ===>> False
change switch state (True, True)
update switch state R False args=() kw={} ncanvase=2
00:47:13 -- CLOSE  VALVE-R (Jan Inlet)
---------------------------------------- close None (Jan Inlet) result=[(True, True)]
action=close, ok=True, locked=[False]
is_closed ('F',) {}
is F () closed?
is closed True
open () {'description': 'CO2 Laser to Jan'}
opening name=--- desc=CO2 Laser to Jan
checking ownership. requestor=129.138.12.150
check software interlocks A
interlocks []
actuate state mode=None-script, software_lock=False
doing actuation None-script open_channel False
Open A ===>> OK
GetIndicatorState A ===>> OK
change switch state (True, True)
update switch state A True args=() kw={} ncanvase=2
00:47:14 -- OPEN   VALVE-A (CO2 Laser to Jan)
---------------------------------------- open None (CO2 Laser to Jan) result=[(True, True)], time=0.13 sec
starting measurement
GetData ===>> H2,-0.0899717437407452,H1,2255.94302770456,AX,277.005812230378,L1,3.55000448150147,L2,0.753340991...
action=open, ok=True, locked=[False]
sleep (1,) {}
SLEEP 1.0
"signal" increment series count="2" fit count="1" regressing="True"
GetData ===>> H2,0.0945743368972186,H1,2255.20340077138,AX,277.007582899727,L1,3.59701102804255,L2,0.5900626327...
close () {'description': 'CO2 Laser to Roughing'}
closing name=--- desc=CO2 Laser to Roughing
checking ownership. requestor=129.138.12.150
check software interlocks G
interlocks []
actuate state mode=None-script, software_lock=True
VALVE-G(CO2 Laser to Roughing) software locked
change switch state (True, False)
---------------------------------------- close None (CO2 Laser to Roughing) result=[(True, False)]
action=close, ok=True, locked=[True]
open () {'description': 'Microbone to Turbo'}
opening name=--- desc=Microbone to Turbo
checking ownership. requestor=129.138.12.150
check software interlocks U
interlocks []
actuate state mode=None-script, software_lock=False
doing actuation None-script open_channel True
Open U ===>> OK
GetIndicatorState U ===>> OK
change switch state (True, True)
update switch state U True args=() kw={} ncanvase=2
00:47:15 -- OPEN   VALVE-U (Microbone to Turbo)
---------------------------------------- open None (Microbone to Turbo) result=[(True, True)], time=0.17 sec
action=open, ok=True, locked=[False]
open () {'description': 'Microbone to Getter NP-10'}
opening name=--- desc=Microbone to Getter NP-10
checking ownership. requestor=129.138.12.150
check software interlocks M
interlocks []
actuate state mode=None-script, software_lock=False
doing actuation None-script open_channel False
Open M ===>> OK
GetIndicatorState M ===>> OK
change switch state (True, True)
update switch state M True args=() kw={} ncanvase=2
00:47:16 -- OPEN   VALVE-M (Microbone to Getter NP-10)
---------------------------------------- open None (Microbone to Getter NP-10) result=[(True, True)], time=0.13 sec
action=open, ok=True, locked=[False]
open () {'description': 'Microbone to Getter D-50'}
opening name=--- desc=Microbone to Getter D-50
checking ownership. requestor=129.138.12.150
check software interlocks K
interlocks []
actuate state mode=None-script, software_lock=False
doing actuation None-script open_channel False
GetData ===>> H2,0.0377411192826558,H1,2253.77836890356,AX,277.026498974869,L1,3.62182613180181,L2,0.6444563670...
Open K ===>> OK
GetIndicatorState K ===>> OK
change switch state (True, True)
update switch state K True args=() kw={} ncanvase=2
00:47:16 -- OPEN   VALVE-K (Microbone to Getter D-50)
---------------------------------------- open None (Microbone to Getter D-50) result=[(True, True)], time=0.41 sec
action=open, ok=True, locked=[False]
open () {'description': 'Microbone to CO2 Laser'}
opening name=--- desc=Microbone to CO2 Laser
checking ownership. requestor=129.138.12.150
check software interlocks T
interlocks []
actuate state mode=None-script, software_lock=False
doing actuation None-script open_channel False
Open T ===>> OK
GetIndicatorState T ===>> OK
change switch state (True, True)
update switch state T True args=() kw={} ncanvase=2
00:47:17 -- OPEN   VALVE-T (Microbone to CO2 Laser)
---------------------------------------- open None (Microbone to CO2 Laser) result=[(True, True)], time=0.41 sec
GetData ===>> H2,0.033039944107435,H1,2253.06652315973,AX,276.878000633172,L1,3.60051335022659,L2,0.67497049222...
action=open, ok=True, locked=[False]
open () {'description': 'Microbone to Inlet Pipette'}
opening name=--- desc=Microbone to Inlet Pipette
checking ownership. requestor=129.138.12.150
check software interlocks S
interlocks []
actuate state mode=None-script, software_lock=False
doing actuation None-script open_channel False
Open S ===>> OK
GetIndicatorState S ===>> OK
change switch state (True, True)
update switch state S True args=() kw={} ncanvase=2
00:47:18 -- OPEN   VALVE-S (Microbone to Inlet Pipette)
---------------------------------------- open None (Microbone to Inlet Pipette) result=[(True, True)], time=0.42 sec
action=open, ok=True, locked=[False]
sleep (1,) {}
SLEEP 1.0
GetData ===>> H2,0.0402975390832235,H1,2252.71417065262,AX,276.897981683447,L1,3.52794414754749,L2,0.6465139647...
set_resource () {'name': 'CO2PumpTimeFlag', 'value': 30}
Set CO2PumpTimeFlag 30 ===>> OK
release ('JanCO2Flag',) {}
release JanCO2Flag
Set JanCO2Flag 0 ===>> OK
executed snippet estimated_duration=6.0, duration=5.90813589096
PumpMicrobone.py completed successfully
gosub finished
get_resource_value () {'name': 'JanMiniboneFlag'}
Read JanMiniboneFlag ===>> 0
Get Resource Value JanMiniboneFlag=0.0
get resource value 0.0
get_resource_value () {'name': 'JanMiniboneFlag'}
Read JanMiniboneFlag ===>> 0
Get Resource Value JanMiniboneFlag=0.0
executed snippet estimated_duration=4.0, duration=5.91971993446
jan_pump_extraction_line.py completed successfully
Post Equilibration Finished
00:47:19 -- ******* Post Equilibration Finished *******
GetData ===>> H2,-0.0107320763561827,H1,2251.7726754099,AX,276.664448589185,L1,3.54911106554373,L2,0.6057989756...
GetData ===>> H2,-0.0204621288775319,H1,2250.69814509567,AX,276.720348604373,L1,3.55830249538743,L2,0.548881313...
GetData ===>> H2,0.00521178948652616,H1,2250.21575938893,AX,276.362454792038,L1,3.56796394389793,L2,0.543634880...
GetData ===>> H2,-0.00405170396518695,H1,2249.11784056833,AX,276.070476665196,L1,3.51641749523846,L2,0.65634531...
GetData ===>> H2,0.000220496444811392,H1,2247.6088014142,AX,275.836165321491,L1,3.51081767295959,L2,0.585808773...
GetData ===>> H2,-0.00987974095036821,H1,2246.47478458026,AX,275.820209080406,L1,3.51221279974431,L2,0.65133806...
GetData ===>> H2,-0.0262408149949841,H1,2245.51647364705,AX,275.923175832777,L1,3.53948639689733,L2,0.687286358...
GetData ===>> H2,-0.0753252542584914,H1,2245.18544598935,AX,275.776299951584,L1,3.53682484102325,L2,0.618300686...
GetData ===>> H2,-0.11842853553578,H1,2243.96951908187,AX,275.863704368892,L1,3.50781659444295,L2,0.65910056449...
GetData ===>> H2,-0.190603926311028,H1,2242.92589232473,AX,275.60117577078,L1,3.50572896935525,L2,0.56391353293...
GetData ===>> H2,-0.122143048100068,H1,2242.27015202081,AX,275.356712998169,L1,3.57342984378458,L2,0.6163218075...
GetData ===>> H2,-0.019584713010411,H1,2241.76622817736,AX,275.389793326096,L1,3.54670214223625,L2,0.6832838142...
GetData ===>> H2,0.0395316433259885,H1,2240.94363640807,AX,275.589376878798,L1,3.4897336492117,L2,0.58122350818...
GetData ===>> H2,-0.0367352097669835,H1,2239.44702984215,AX,275.252417554992,L1,3.52785249787578,L2,0.594682628...
GetData ===>> H2,-0.0536453765490906,H1,2238.89649670747,AX,275.182214330561,L1,3.55696216393588,L2,0.690465640...
GetData ===>> H2,-0.00102052959506784,H1,2237.56630435625,AX,274.895427368033,L1,3.51439037194821,L2,0.51108826...
GetData ===>> H2,0.0267561134751327,H1,2236.86903493208,AX,275.002222056613,L1,3.49310581074738,L2,0.6927300855...
GetData ===>> H2,-0.00943519626054032,H1,2236.19152419843,AX,274.998079828498,L1,3.49741569337203,L2,0.60582185...
GetData ===>> H2,-0.103530195330044,H1,2234.90329090372,AX,274.730983285052,L1,3.49271011273131,L2,0.6955435615...
00:47:39 -- collecting point 25
GetData ===>> H2,-0.0873502216641022,H1,2233.65385624031,AX,274.427669629811,L1,3.5042881314236,L2,0.5867807411...
GetData ===>> H2,-0.0932057358759509,H1,2232.8648497036,AX,274.245886398629,L1,3.49808485204606,L2,0.6073315772...
GetData ===>> H2,-0.0689160493660854,H1,2232.18763328867,AX,274.339735238398,L1,3.50016864350099,L2,0.617557172...
GetData ===>> H2,0.0698379732382879,H1,2231.53166651637,AX,274.336101320486,L1,3.48481159897075,L2,0.6887387510...
GetData ===>> H2,-0.0414746870403916,H1,2231.09892080476,AX,274.294007883457,L1,3.4941000428805,L2,0.6217209257...
GetData ===>> H2,-0.0911817194869018,H1,2229.69061081637,AX,273.930425103944,L1,3.50857313257551,L2,0.642387382...
GetData ===>> H2,-0.153233512451053,H1,2229.0505163999,AX,274.041840198163,L1,3.53149929250374,L2,0.62558568108...
GetData ===>> H2,-0.114498973881911,H1,2228.07895049934,AX,273.890186178039,L1,3.50149568752419,L2,0.6938623281...
GetData ===>> H2,-0.0607391750544832,H1,2227.29305627655,AX,273.445278388275,L1,3.46335505857203,L2,0.660941250...
GetData ===>> H2,-0.0402397898272085,H1,2226.12503535877,AX,273.566385654106,L1,3.50637972791712,L2,0.681008156...
GetData ===>> H2,-0.0584433298345055,H1,2225.518423047,AX,273.513315648126,L1,3.49066424148674,L2,0.56664587756...
GetData ===>> H2,-0.081321715278739,H1,2224.6035005919,AX,273.51543598545,L1,3.49490562940972,L2,0.537885850327...
GetData ===>> H2,-0.0475490466108988,H1,2223.66965192276,AX,273.101195264391,L1,3.52300453722814,L2,0.522172070...
GetData ===>> H2,0.00643445197147881,H1,2222.43986709526,AX,273.158981033715,L1,3.48786846179089,L2,0.723007874...
GetData ===>> H2,-0.108320265641448,H1,2221.64274043198,AX,273.307315918358,L1,3.42452096890242,L2,0.6651257972...
GetData ===>> H2,-0.0782717072293688,H1,2220.07394249203,AX,272.874474708146,L1,3.41866814412436,L2,0.665102930...
GetData ===>> H2,-0.0876151055335655,H1,2219.84701607419,AX,272.914789935119,L1,3.48074395392931,L2,0.672935153...
GetData ===>> H2,-0.0692320520517537,H1,2219.29316948766,AX,272.70776348636,L1,3.4944422696093,L2,0.65316716605...
GetData ===>> H2,-0.0529506791436882,H1,2218.23503602858,AX,272.781138813536,L1,3.49473239550376,L2,0.566657310...
GetData ===>> H2,-0.0675881996810883,H1,2216.8777519489,AX,272.515419158195,L1,3.48129549623964,L2,0.5386516057...
GetData ===>> H2,-0.115999783105023,H1,2216.21119712096,AX,272.43584802274,L1,3.46498874944576,L2,0.62511710435...
GetData ===>> H2,-0.0444121188085327,H1,2215.25968585339,AX,272.427998176192,L1,3.49919785248502,L2,0.712632052...
GetData ===>> H2,-0.12199292203504,H1,2213.9961331713,AX,272.384021646178,L1,3.50433038223624,L2,0.627425724004...
GetData ===>> H2,-0.0738042931355803,H1,2214.08923346663,AX,272.273067745006,L1,3.48223949306755,L2,0.707370211...
GetData ===>> H2,-0.0913443043962785,H1,2213.43503532868,AX,272.289264453558,L1,3.45662950161433,L2,0.598342189...
00:48:06 -- collecting point 50
GetData ===>> H2,0.0223275105446287,H1,2212.23273500907,AX,272.231078418902,L1,3.42669949213482,L2,0.5816580127...
GetData ===>> H2,0.00675815984753287,H1,2211.89427732564,AX,272.099728362076,L1,3.43600626398842,L2,0.690957409...
GetData ===>> H2,-0.105378806419338,H1,2210.62630761757,AX,272.062426332154,L1,3.44279350506185,L2,0.6219840261...
GetData ===>> H2,-0.0791945191966009,H1,2209.38986824105,AX,271.729395029469,L1,3.48150792411833,L2,0.598548043...
GetData ===>> H2,-0.0879715462321864,H1,2208.40510362423,AX,271.827039254998,L1,3.50343751385093,L2,0.699752492...
GetData ===>> H2,-0.0918604960715468,H1,2207.64365799609,AX,271.504776136996,L1,3.4609079607727,L2,0.5732198289...
GetData ===>> H2,-0.0495267757247561,H1,2207.15485817459,AX,271.360728445993,L1,3.44775685657981,L2,0.700747565...
GetData ===>> H2,-0.0848544203657952,H1,2206.02197009066,AX,271.557593757245,L1,3.4317810027969,L2,0.5987996439...
GetData ===>> H2,-0.20469692643292,H1,2205.0904086935,AX,271.290579767316,L1,3.41918343685976,L2,0.606142093297...
GetData ===>> H2,-0.215956026299061,H1,2203.75902717525,AX,271.157321248661,L1,3.41452556040422,L2,0.6300887057...
GetData ===>> H2,-0.169512228742357,H1,2202.40544508078,AX,271.274170357537,L1,3.425405243557,L2,0.718900882828...
GetData ===>> H2,-0.158324221071857,H1,2201.68247276547,AX,271.049575555723,L1,3.46467520947958,L2,0.6477142504...
GetData ===>> H2,-0.0541677285167149,H1,2200.44436140264,AX,270.804672520021,L1,3.45818627614059,L2,0.593081614...
GetData ===>> H2,-0.0715699280092825,H1,2200.87503848236,AX,270.776044898068,L1,3.41818516540482,L2,0.622167052...
GetData ===>> H2,-0.112330637699752,H1,2200.30929286026,AX,270.837881644002,L1,3.42629941096294,L2,0.7395520232...
GetData ===>> H2,-0.108918206047971,H1,2198.64463692548,AX,270.409448390221,L1,3.45031310201534,L2,0.5767871006...
GetData ===>> H2,-0.153651069048283,H1,2197.20919598105,AX,270.468492247942,L1,3.45902029676108,L2,0.6199021211...
GetData ===>> H2,-0.121424859495756,H1,2196.67502197839,AX,270.429737828211,L1,3.37718229308829,L2,0.5452807889...
GetData ===>> H2,-0.0236642930922383,H1,2195.71909863128,AX,270.323764444363,L1,3.43302679170936,L2,0.638260978...
GetData ===>> H2,-0.0250749294289221,H1,2195.17575561789,AX,270.101954864639,L1,3.44851144644453,L2,0.612627247...
GetData ===>> H2,-0.0158583390502422,H1,2194.16145424224,AX,270.319137523147,L1,3.4126225099031,L2,0.7276527629...
GetData ===>> H2,-0.0366089596195192,H1,2193.26446304163,AX,270.192958878796,L1,3.39286433909028,L2,0.615143650...
GetData ===>> H2,-0.130163114298642,H1,2192.8263793514,AX,270.074226805117,L1,3.4244241238057,L2,0.630683029353...
GetData ===>> H2,-0.201902642969836,H1,2191.93591516615,AX,269.815917021972,L1,3.44381606839123,L2,0.4930483872...
GetData ===>> H2,-0.146180442744094,H1,2190.83614168859,AX,269.71877639965,L1,3.44482888678583,L2,0.67718883235...
00:48:32 -- collecting point 75
GetData ===>> H2,-0.0324310556037592,H1,2190.28227023819,AX,269.347428251807,L1,3.46628377180887,L2,0.601750280...
GetData ===>> H2,0.0104079891680577,H1,2189.22809668859,AX,269.316040590219,L1,3.44012482255718,L2,0.6831351515...
GetData ===>> H2,0.0811112552776459,H1,2187.92958835889,AX,269.477912394135,L1,3.40575948747934,L2,0.6370379503...
GetData ===>> H2,0.0365762028566676,H1,2187.0588142605,AX,269.34156521189,L1,3.41843648034865,L2,0.581120599501...
GetData ===>> H2,0.00341407426325879,H1,2186.69202436671,AX,269.361450367958,L1,3.41737930895487,L2,0.610385415...
GetData ===>> H2,-0.171395835851978,H1,2185.67751814332,AX,269.266796791439,L1,3.43965682789246,L2,0.6221098570...
GetData ===>> H2,-0.201580440483765,H1,2184.95121308701,AX,269.233954970314,L1,3.41163742314154,L2,0.5948884751...
GetData ===>> H2,-0.00698921089664572,H1,2183.9698749646,AX,269.096742719567,L1,3.39943939882025,L2,0.489495651...
GetData ===>> H2,-0.0074528870913505,H1,2182.49201117894,AX,268.776405130848,L1,3.41752952540165,L2,0.595963458...
GetData ===>> H2,0.0328247525811406,H1,2182.08273765835,AX,268.450505341328,L1,3.38277187303039,L2,0.6621988817...
GetData ===>> H2,-0.00411562998922809,H1,2181.94682041988,AX,268.608492768069,L1,3.39338173940883,L2,0.68352396...
GetData ===>> H2,-0.0765247993965992,H1,2180.80332593541,AX,268.523407464681,L1,3.36975837666431,L2,0.683226636...
GetData ===>> H2,-0.230909693419213,H1,2180.0009903796,AX,268.178277517194,L1,3.36613148320523,L2,0.69139199790...
GetData ===>> H2,-0.120384690362076,H1,2179.49818200414,AX,268.340665717201,L1,3.4262530866521,L2,0.59642090241...
GetData ===>> H2,-0.0660797697743898,H1,2177.56427076369,AX,268.272552694888,L1,3.43343693366765,L2,0.580994822...
GetData ===>> H2,-0.167397520095196,H1,2176.14144101224,AX,268.172650648584,L1,3.4027501103766,L2,0.67606822113...
GetData ===>> H2,-0.0806023068628661,H1,2176.42445564398,AX,267.996434062348,L1,3.36092613786055,L2,0.606428025...
GetData ===>> H2,-0.11074405208162,H1,2176.07034008867,AX,267.684734300508,L1,3.3486303582267,L2,0.646182459932...
GetData ===>> H2,-0.169313865066513,H1,2174.1350478514,AX,267.672444076642,L1,3.38950109061439,L2,0.58148649754...
GetData ===>> H2,-0.0796145703305405,H1,2173.82123270366,AX,267.7496617383,L1,3.42201588439299,L2,0.58777558837...
GetData ===>> H2,-0.0917019830116077,H1,2172.80817634777,AX,267.510769169522,L1,3.40136296159183,L2,0.691231886...
GetData ===>> H2,-0.033054376062199,H1,2172.4220584952,AX,267.473279949964,L1,3.41804476832927,L2,0.69899761632...
GetData ===>> H2,-0.00296082597556213,H1,2170.80388702255,AX,267.122048151516,L1,3.40400228800961,L2,0.63707224...
GetData ===>> H2,-0.00227251263983474,H1,2169.91013993558,AX,267.098544440654,L1,3.44370088512311,L2,0.58353326...
GetData ===>> H2,-0.0745092201875878,H1,2169.36085094108,AX,267.082748208894,L1,3.41452415686134,L2,0.594350987...
00:48:58 -- collecting point 100
GetData ===>> H2,-0.0313663073863416,H1,2168.2061994005,AX,267.224413389256,L1,3.40727147794198,L2,0.5670803161...
GetData ===>> H2,-0.0830069308279338,H1,2167.48874448448,AX,266.845111810024,L1,3.41875940686271,L2,0.627254289...
GetData ===>> H2,0.0114543164222234,H1,2166.48996872787,AX,267.04909538187,L1,3.40764459636711,L2,0.59125191731...
GetData ===>> H2,-0.0620760576278466,H1,2165.73722696971,AX,266.840491632451,L1,3.37585519891318,L2,0.721760886...
GetData ===>> H2,-0.168227526198276,H1,2165.03283207712,AX,266.586678569694,L1,3.3584275815406,L2,0.67699443967...
GetData ===>> H2,-0.239607331747058,H1,2163.91156575305,AX,266.618358493654,L1,3.37425643854473,L2,0.6109573066...
GetData ===>> H2,-0.218652342619696,H1,2163.14145745867,AX,266.476981741296,L1,3.42993292721531,L2,0.6411528718...
GetData ===>> H2,-0.0991253372649136,H1,2162.11824888344,AX,266.440326983221,L1,3.38411965037059,L2,0.644845021...
GetData ===>> H2,-0.115776501236342,H1,2161.03919998002,AX,266.429556977589,L1,3.38088128996852,L2,0.6083838252...
GetData ===>> H2,-0.194611329807625,H1,2160.56008779184,AX,266.326759328104,L1,3.38598325596283,L2,0.5844366015...
GetData ===>> H2,-0.1459818590733,H1,2159.8758289274,AX,266.202965255763,L1,3.36940404006482,L2,0.5606439675730...
GetData ===>> H2,-0.032058948273792,H1,2158.3123262952,AX,266.041047195126,L1,3.38014812614154,L2,0.63347182774...
GetData ===>> H2,-0.148687431349076,H1,2158.38894021626,AX,266.310166451769,L1,3.35710709066044,L2,0.6253342493...
GetData ===>> H2,-0.0079709311672411,H1,2157.61462988979,AX,266.106185132674,L1,3.36765072128264,L2,0.657694350...
GetData ===>> H2,-0.0580106881318886,H1,2156.44777058637,AX,265.765707567744,L1,3.39068561827356,L2,0.650377795...
GetData ===>> H2,-0.0570938131272076,H1,2155.84005558952,AX,265.614763593293,L1,3.41133994875214,L2,0.541988999...
GetData ===>> H2,-0.00145083524742755,H1,2155.03658217008,AX,265.57521020118,L1,3.4015383567676,L2,0.5011025030...
GetData ===>> H2,-0.0117216299191541,H1,2154.00772252087,AX,265.392311550077,L1,3.38518172925208,L2,0.584299385...
GetData ===>> H2,-0.070204417280882,H1,2154.05897385115,AX,265.262666500567,L1,3.3851228780445,L2,0.62531139198...
GetData ===>> H2,-0.116987583541152,H1,2152.92881332375,AX,265.301841566328,L1,3.36952728636624,L2,0.7362452539...
GetData ===>> H2,0.0204553293802293,H1,2151.9019574783,AX,265.124852923891,L1,3.36449484643768,L2,0.68214026095...
measurement finished
estimated time: 125.829 actual time: :126.376
flush and close file /Users/jan/PychronDev/data/isotopes/f2/3e4a2e-7820-47cf-acc8-f3ce1e64c291.h5
baselines () {'settling_time': 15.0, 'detector': 'H1', 'mass': 34.2, 'ncounts': 60}
%%%%%%%%%%%%%%%%%%%%%%%%%%%%%%%% Baseline
build tables- baseline [Detector(H2), Detector(H1), Detector(AX), Detector(L1), Detector(L2), Detector(CDD)]
add group baseline table H2
add group baseline table H1
add group baseline table AX
add group baseline table L1
add group baseline table L2
add group baseline table CDD
flush and close file /Users/jan/PychronDev/data/isotopes/f2/3e4a2e-7820-47cf-acc8-f3ce1e64c291.h5
detector Detector(H1)
POSITION 34.2 H1
Mapping mass to dac mass func: "parabolic"
H1 map mass coeffs = [-0.00063987  0.15840543  0.57105999]
H1 map mass to dac 34.2 >> 5.24010599104
GetDeflection H1 ===>> 0
GetHighVoltage ===>> 4500
positioning 34.2 (5.24010599104) on H1
setting magnet DAC
current  : 5.879450
requested: 5.240106
Delta Dac: 0.639344
Checking detector protection. dv=0.63934
Checking detector "CDD". Protection Threshold: 0.1 (V)
ProtectDetector CDD,On ===>> OK
GetDeflection CDD ===>> 2000
Protected = 2000
SetMagnetDAC 5.24010599104 ===>> OK
Magnet settling time: 0.500
GetMagnetMoving ===>> True
GetMagnetMoving ===>> True
GetMagnetMoving ===>> True
GetMagnetMoving ===>> True
GetMagnetMoving ===>> True
GetMagnetMoving ===>> True
GetMagnetMoving ===>> True
GetMagnetMoving ===>> True
GetMagnetMoving ===>> False
ProtectDetector CDD,Off ===>> OK
GetDeflection CDD ===>> 50
Delaying 15.0s for detectors to settle
Join finished
measuring baseline. ncounts=60
"baseline" increment series count="2" fit count="1" regressing="True"
starting measurement
GetData ===>> H2,-0.0228033850266513,H1,-0.0867692636082882,AX,-0.203679859077939,L1,-0.0484598915199274,L2,-0....
GetData ===>> H2,-0.132402379424348,H1,-0.105288503224821,AX,-0.211304157341032,L1,-0.0627553607533438,L2,0.023...
GetData ===>> H2,-0.190231824931738,H1,-0.15189501002506,AX,-0.0965282063540297,L1,-0.0579454411310019,L2,-0.04...
GetData ===>> H2,-0.182095116631643,H1,-0.127082576508619,AX,-0.0912317616028608,L1,0.00514789046021025,L2,-0.0...
GetData ===>> H2,-0.0951291657567554,H1,-0.0537860426250923,AX,-0.0738453431211789,L1,-0.0252833394658807,L2,0....
GetData ===>> H2,-0.0601045754296795,H1,-0.148723749378576,AX,-0.124871454145087,L1,-0.0517384189632254,L2,0.00...
GetData ===>> H2,-0.128669583348518,H1,0.0114137190104337,AX,-0.125636120752528,L1,-0.0208317809771131,L2,-0.00...
GetData ===>> H2,-0.152106632054021,H1,0.0318279336391171,AX,-0.198755032541766,L1,0.00146670546371922,L2,-0.07...
GetData ===>> H2,-0.132940677314554,H1,0.00337326000330331,AX,-0.0752247791177991,L1,-0.0137432464962939,L2,-0....
GetData ===>> H2,-0.184329146572147,H1,-0.0263612835109449,AX,-0.101430347948251,L1,-0.0167620475677239,L2,0.01...
GetData ===>> H2,-0.157717725291571,H1,-0.000109943106285493,AX,-0.0920546417403801,L1,-0.0539298887031307,L2,0...
GetData ===>> H2,-0.270974064667972,H1,0.0156250776506052,AX,-0.0823303034661745,L1,-0.0535291916948742,L2,-0.0...
GetData ===>> H2,-0.303769047953673,H1,0.0477589236301813,AX,-0.155927497827246,L1,-0.0683879332517379,L2,-0.12...
GetData ===>> H2,-0.257578024593686,H1,0.0297159252824255,AX,-0.0373817309921475,L1,-0.07536056936863,L2,0.0027...
GetData ===>> H2,-0.213128161107423,H1,-0.0256219033663683,AX,-0.0151954313024887,L1,-0.0663110657886078,L2,0.0...
GetData ===>> H2,-0.181514952214939,H1,0.00462581129798703,AX,-0.0347725227314282,L1,-0.0807250716649951,L2,-0....
GetData ===>> H2,-0.191132397098856,H1,0.04916717801724,AX,-0.0681998844609531,L1,-0.0482899532665746,L2,-0.021...
GetData ===>> H2,-0.219332757218076,H1,0.0443696468154233,AX,-0.097698716510886,L1,0.0314050649360158,L2,-0.061...
GetData ===>> H2,-0.249672292089722,H1,0.0672375554475082,AX,-0.135057454187214,L1,0.00586407566783533,L2,0.062...
GetData ===>> H2,-0.180740453848322,H1,0.0560535885199666,AX,-0.24085714635754,L1,-0.0376559168306051,L2,-0.025...
GetData ===>> H2,-0.239580408058559,H1,0.0126783010095501,AX,0.00497726683114761,L1,-0.0125110897340969,L2,-0.0...
GetData ===>> H2,-0.303938187587692,H1,0.0643966856242574,AX,-0.118313611883352,L1,-0.0176555154642341,L2,-0.09...
GetData ===>> H2,-0.153253782543969,H1,0.0117238980221536,AX,-0.0935381263768064,L1,0.0112256852155401,L2,0.035...
GetData ===>> H2,-0.0524255574699795,H1,0.0760584418782575,AX,-0.132598944657896,L1,-0.0155170566498941,L2,-0.0...
00:50:04 -- collecting point 25
GetData ===>> H2,-0.161858540722783,H1,0.0394768791342816,AX,0.114889616576442,L1,-0.0226334971311765,L2,0.0082...
GetData ===>> H2,-0.214940769422756,H1,0.035717963938864,AX,0.0105808915349389,L1,-0.035960567758441,L2,-0.0614...
GetData ===>> H2,-0.136948705728572,H1,-0.0462867137607457,AX,-0.0179443482469917,L1,-0.0273095004307293,L2,0.0...
GetData ===>> H2,-0.109842361143767,H1,-0.0162002910410351,AX,-0.136646053845515,L1,-0.0375696586231446,L2,0.02...
GetData ===>> H2,-0.103539669213708,H1,0.107477218687335,AX,-0.0413359977242695,L1,-0.025038878496404,L2,-0.098...
GetData ===>> H2,-0.144391713394721,H1,0.0895122010627471,AX,0.00356190954912735,L1,-0.039349782176642,L2,-0.05...
GetData ===>> H2,-0.174295490849235,H1,0.0869000266318533,AX,-0.107792333626337,L1,0.000349255714732546,L2,-0.1...
GetData ===>> H2,-0.207730361964992,H1,0.0165437261609781,AX,-0.140530476575528,L1,0.00707342858339354,L2,-0.01...
GetData ===>> H2,-0.270486280640377,H1,0.0404792803547994,AX,-0.201941713487236,L1,-0.0138607010353313,L2,-0.05...
GetData ===>> H2,-0.242423195107276,H1,0.0263272592055277,AX,-0.0498585776224456,L1,-0.000892876403232491,L2,-0...
GetData ===>> H2,-0.29660627991268,H1,0.0839181756345788,AX,-0.0233259692968101,L1,-0.00699569937063073,L2,6.83...
GetData ===>> H2,-0.322188986941997,H1,0.094211901056629,AX,-0.0319660962087964,L1,-0.0296107528650108,L2,-0.10...
GetData ===>> H2,-0.262314441639145,H1,0.0984346622539657,AX,-0.0492904288490817,L1,-0.02525697631384,L2,0.1121...
GetData ===>> H2,-0.15805407105793,H1,-0.00412979055759415,AX,-0.057847093849652,L1,-0.0419834512402949,L2,0.06...
GetData ===>> H2,-0.147958084507459,H1,0.132175430990844,AX,-0.176966925149615,L1,-0.00409171123350464,L2,-0.03...
GetData ===>> H2,-0.183804404997851,H1,0.0997110686196791,AX,-0.166870886435492,L1,-0.0119980461327623,L2,0.038...
GetData ===>> H2,-0.257732588309007,H1,0.0391308143767201,AX,-0.0312934695654651,L1,-0.0176998869696504,L2,-0.0...
GetData ===>> H2,-0.24787928694337,H1,0.0958580410252765,AX,0.0693567336246562,L1,-0.0119441031131373,L2,0.0373...
GetData ===>> H2,-0.246616076328207,H1,0.0521508332575805,AX,-0.100538014321109,L1,0.0164940729339573,L2,-0.085...
GetData ===>> H2,-0.224334231377755,H1,0.0520911592814201,AX,-0.0813102927169781,L1,0.011819861875603,L2,-0.051...
GetData ===>> H2,-0.261545212356205,H1,0.0178918879397251,AX,-0.168064846919546,L1,0.0167450744411853,L2,-0.034...
GetData ===>> H2,-0.179594800763837,H1,0.0672375554475082,AX,-0.143591524305227,L1,0.0240003977690957,L2,-0.024...
GetData ===>> H2,-0.168913078878046,H1,-0.0127534290108809,AX,-0.0870940757154589,L1,-0.0198642593014096,L2,0.0...
GetData ===>> H2,-0.186709737927665,H1,0.0726833585976696,AX,-0.0273851848510833,L1,-0.0158948880934144,L2,0.00...
GetData ===>> H2,-0.291768825046114,H1,0.096370974225768,AX,-0.127049579566103,L1,-0.00417928694140156,L2,-0.06...
00:50:30 -- collecting point 50
GetData ===>> H2,-0.302313522825151,H1,0.117821091026937,AX,-0.179134365114501,L1,-0.0229271594635879,L2,-0.131...
GetData ===>> H2,-0.280432633246679,H1,0.00901582908492422,AX,-0.0650118524239153,L1,0.00551977257087009,L2,-0....
GetData ===>> H2,-0.174782871737158,H1,-0.0225212174722376,AX,-0.00104365982384485,L1,-0.0192731500851805,L2,0....
GetData ===>> H2,-0.18334844012782,H1,-0.0164507504380794,AX,-0.0548906076799723,L1,-0.0072187716187522,L2,-0.0...
GetData ===>> H2,-0.201602010811304,H1,-0.0351380240975584,AX,-0.217456460660744,L1,0.0199942465725508,L2,-0.05...
GetData ===>> H2,-0.335877657700713,H1,0.0156489385442661,AX,-0.0376020609312049,L1,0.00539021208359447,L2,0.03...
GetData ===>> H2,-0.15905224329987,H1,-0.0293545247323611,AX,-0.118614865208337,L1,-0.00277798419797869,L2,0.00...
GetData ===>> H2,-0.203002645903973,H1,0.0648025192358627,AX,-0.0819362096715808,L1,-0.00666947729053033,L2,-0....
GetData ===>> H2,-0.0963196328531724,H1,0.063513406390592,AX,-0.0393298942119735,L1,-0.00768169072606554,L2,-0....
GetData ===>> H2,-0.174296840963767,H1,0.0429495262019632,AX,-0.110399584617419,L1,-0.020769440377669,L2,0.0102...
GetData ===>> H2,-0.193322861069451,H1,0.0465774373480389,AX,-0.202324108182901,L1,-0.0456100538444324,L2,0.088...
measurement finished
estimated time: 62.915 actual time: :63.215
flush and close file /Users/jan/PychronDev/data/isotopes/f2/3e4a2e-7820-47cf-acc8-f3ce1e64c291.h5
activate_detectors ('H1', 'AX', 'CDD') {'peak_center': True}
peak_center () {'detector': 'H1', 'integration_time': 0.262144, 'isotope': 'Ar40'}
peak center: mean=2155.45377719 threshold=3
peak center started
setup peak center. detector=['H1', 'AX', 'CDD'], isotope=Ar40
VersionedUnpickler [<apptools.sweet_pickle.versioned_unpickler.VersionedUnpickler object at 0x1bcc63350>] using Updater [<apptools.sweet_pickle.updater.Updater object at 0x134a15590>]
VersionedUnpickler [<apptools.sweet_pickle.versioned_unpickler.VersionedUnpickler object at 0x1bcc63350>] using Updater [<apptools.sweet_pickle.updater.Updater object at 0x134a15590>]
VersionedUnpickler [<apptools.sweet_pickle.versioned_unpickler.VersionedUnpickler object at 0x18433e470>] using Updater [<apptools.sweet_pickle.updater.Updater object at 0x134a15590>]
setting integration time = 0.524288
SetIntegrationTime 0.524288 ===>> OK
Mapping mass to dac mass func: "parabolic"
H1 map mass coeffs = [-0.00063987  0.15840543  0.57105999]
H1 map mass to dac 39.9624 >> 5.87945
GetDeflection H1 ===>> 0
GetHighVoltage ===>> 4500
do peak center. <pychron.spectrometer.jobs.peak_center.PeakCenter object at 0x134a156b0>
doing pc
starting peak center. center dac= 5.87945 step_width=0.001
width = 0.001
get scan parameters. half-width=0.015,window=0.015, i=0, scalar=1
Scan parameters center=5.87945 width=0.03000 (5.86445 - 5.89445)
GetData ===>> H2,-0.180079254787638,H1,-0.0128369184212883,AX,-0.0244625667171717,L1,-0.039512684870887,L2,-0.1...
Moving to starting dac 5.86445
setting magnet DAC
current  : 5.240106
requested: 5.864450
Delta Dac: 0.624344
Checking detector protection. dv=0.62434
Checking detector "CDD". Protection Threshold: 0.1 (V)
ProtectDetector CDD,On ===>> OK
GetDeflection CDD ===>> 2000
Protected = 2000
SetMagnetDAC 5.86445 ===>> OK
Magnet settling time: 0.500
GetMagnetMoving ===>> True
GetMagnetMoving ===>> True
GetMagnetMoving ===>> True
GetMagnetMoving ===>> True
GetMagnetMoving ===>> True
GetMagnetMoving ===>> True
GetMagnetMoving ===>> True
GetMagnetMoving ===>> True
GetMagnetMoving ===>> False
ProtectDetector CDD,Off ===>> OK
GetDeflection CDD ===>> 50
Wait until signal near baseline. tol= -0.00962768881597. timeout= 10
GetData ===>> H2,10.5745579552241,H1,3.25012745398026,AX,-0.0434812071711904,L1,0.043596143309739,L2,-0.0168964...
GetData ===>> H2,130.798498623898,H1,55.8580398223597,AX,3.81131971779624,L1,0.0462280922045216,L2,0.0276966722...
GetData ===>> H2,138.993642235128,H1,63.7124302706986,AX,6.01730273232719,L1,0.0437910316096512,L2,-0.055505857...
GetData ===>> H2,83.4611233785862,H1,30.96337929581,AX,2.81130699385701,L1,0.0430548066671893,L2,-0.10397313270...
GetData ===>> H2,36.9228077679054,H1,16.045670527839,AX,1.32188566622909,L1,0.00862060794235673,L2,0.0406366818...
GetData ===>> H2,13.2197474694904,H1,8.92408576658717,AX,0.643985490484913,L1,0.0103830524787649,L2,0.025828716...
GetData ===>> H2,4.00569281467837,H1,5.40370220172857,AX,0.401955175095704,L1,0.0109586113495953,L2,-0.02736991...
GetData ===>> H2,1.18748459186866,H1,3.67342842107534,AX,0.316490395818746,L1,0.00634307511192512,L2,-0.1201930...
GetData ===>> H2,0.611924655881661,H1,2.89924010447893,AX,0.129459329080771,L1,0.00940707571026247,L2,-0.156875...
GetData ===>> H2,0.572336259086647,H1,2.41487926835846,AX,0.314910572080543,L1,0.00026524194831602,L2,-0.191539...
GetData ===>> H2,0.561698102815502,H1,2.2003114144151,AX,0.0906265952063047,L1,0.00671463742308268,L2,-0.045809...
GetData ===>> H2,0.700641591741385,H1,2.11741068005418,AX,0.0109405554825391,L1,0.0116829029801763,L2,-0.025776...
GetData ===>> H2,0.660745860781633,H1,2.17227661784378,AX,0.0396483443630236,L1,0.016915177762451,L2,-0.0251159...
GetData ===>> H2,0.550922104309691,H1,2.07487813152867,AX,0.0558178084996149,L1,0.038640989455022,L2,0.06337706...
GetData ===>> H2,0.461957915738621,H1,2.07391497400746,AX,0.200882416514509,L1,0.0245897747407221,L2,-0.0728931...
GetData ===>> H2,0.498034845527683,H1,2.01927081101927,AX,0.199629335660836,L1,0.0241719265653022,L2,0.00983868...
GetData ===>> H2,0.43473407400207,H1,1.99501537881581,AX,0.226365222752494,L1,0.0237300829647243,L2,-0.05482304...
GetData ===>> H2,0.360929938668238,H1,2.12574587972052,AX,0.128694116734408,L1,0.00746739275628584,L2,-0.071618...
GetData ===>> H2,0.274925907826856,H1,2.00899523002407,AX,0.0789450292849289,L1,0.0204936887848195,L2,-0.137806...
GetData ===>> H2,0.233819811185927,H1,2.02449322782401,AX,0.131546302398401,L1,0.0324769043116201,L2,-0.1411560...
GetData ===>> H2,0.155305694982699,H1,1.96589284969277,AX,0.00959472301176691,L1,0.0181270730893418,L2,0.057269...
Peak center failed to move to a baseline position
_do_sweep sm= 5.86445, em= 5.89445, stm= 0.001
calculated step values: start=5.86445, end=5.89445, width=0.001, nsteps=31.0
setting magnet DAC
current  : 5.864450
requested: 5.864450
Delta Dac: 0.000000
Checking detector protection. dv=0.00000
Checking detector "CDD". Protection Threshold: 0.1 (V)
SetMagnetDAC 5.86445 ===>> OK
GetData ===>> H2,0.155305694982699,H1,1.96589284969277,AX,0.00959472301176691,L1,0.0181270730893418,L2,0.057269...
setting magnet DAC
current  : 5.864450
requested: 5.865484
Delta Dac: 0.001034
Checking detector protection. dv=0.00103
Checking detector "CDD". Protection Threshold: 0.1 (V)
SetMagnetDAC 5.86548448276 ===>> OK
Magnet settling time: 1.049
GetData ===>> H2,0.0761676265825853,H1,4.13959544286484,AX,0.472798607927848,L1,-0.0319921710933781,L2,-0.01452...
setting magnet DAC
current  : 5.865484
requested: 5.866519
Delta Dac: 0.001034
Checking detector protection. dv=0.00103
Checking detector "CDD". Protection Threshold: 0.1 (V)
SetMagnetDAC 5.86651896552 ===>> OK
Magnet settling time: 1.049
GetData ===>> H2,0.0940950682963814,H1,13.5341324551566,AX,1.22287982103489,L1,-0.0102165748700058,L2,0.0688009...
setting magnet DAC
current  : 5.866519
requested: 5.867553
Delta Dac: 0.001034
Checking detector protection. dv=0.00103
Checking detector "CDD". Protection Threshold: 0.1 (V)
SetMagnetDAC 5.86755344828 ===>> OK
Magnet settling time: 1.049
GetData ===>> H2,0.138540538324955,H1,50.1862861106354,AX,4.17181453059711,L1,-0.01030769410683,L2,-0.007879331...
setting magnet DAC
current  : 5.867553
requested: 5.868588
Delta Dac: 0.001034
Checking detector protection. dv=0.00103
Checking detector "CDD". Protection Threshold: 0.1 (V)
SetMagnetDAC 5.86858793103 ===>> OK
Magnet settling time: 1.049
GetData ===>> H2,0.0510639709618793,H1,173.342828603042,AX,13.7583741415113,L1,0.0345872707480309,L2,-0.0049417...
setting magnet DAC
current  : 5.868588
requested: 5.869622
Delta Dac: 0.001034
Checking detector protection. dv=0.00103
Checking detector "CDD". Protection Threshold: 0.1 (V)
SetMagnetDAC 5.86962241379 ===>> OK
Magnet settling time: 1.049
GetData ===>> H2,0.0707894109585666,H1,473.934784299151,AX,40.9171903995688,L1,0.216524858200158,L2,-0.01755681...
setting magnet DAC
current  : 5.869622
requested: 5.870657
Delta Dac: 0.001034
Checking detector protection. dv=0.00103
Checking detector "CDD". Protection Threshold: 0.1 (V)
SetMagnetDAC 5.87065689655 ===>> OK
Magnet settling time: 1.049
GetData ===>> H2,0.0152825957979262,H1,956.516658049929,AX,91.6818635062992,L1,0.531558876713546,L2,0.088447879...
setting magnet DAC
current  : 5.870657
requested: 5.871691
Delta Dac: 0.001034
Checking detector protection. dv=0.00103
Checking detector "CDD". Protection Threshold: 0.1 (V)
SetMagnetDAC 5.87169137931 ===>> OK
Magnet settling time: 1.049
GetData ===>> H2,0.0958074191745365,H1,1464.51146197376,AX,154.296314067971,L1,1.11579689189144,L2,0.0539202375...
setting magnet DAC
current  : 5.871691
requested: 5.872726
Delta Dac: 0.001034
Checking detector protection. dv=0.00103
Checking detector "CDD". Protection Threshold: 0.1 (V)
SetMagnetDAC 5.87272586207 ===>> OK
Magnet settling time: 1.049
GetData ===>> H2,0.154326556221439,H1,1817.03075104087,AX,206.701944907596,L1,1.74350177764889,L2,0.20326491404...
setting magnet DAC
current  : 5.872726
requested: 5.873760
Delta Dac: 0.001034
Checking detector protection. dv=0.00103
Checking detector "CDD". Protection Threshold: 0.1 (V)
SetMagnetDAC 5.87376034483 ===>> OK
Magnet settling time: 1.049
GetData ===>> H2,0.077926384999065,H1,1980.54154319554,AX,236.322157290767,L1,2.38027354373058,L2,0.42844573013...
setting magnet DAC
current  : 5.873760
requested: 5.874795
Delta Dac: 0.001034
Checking detector protection. dv=0.00103
Checking detector "CDD". Protection Threshold: 0.1 (V)
SetMagnetDAC 5.87479482759 ===>> OK
Magnet settling time: 1.049
GetData ===>> H2,-0.0385690729823825,H1,2035.47307048154,AX,248.405081612982,L1,2.70464076434042,L2,0.442397223...
setting magnet DAC
current  : 5.874795
requested: 5.875829
Delta Dac: 0.001034
Checking detector protection. dv=0.00103
Checking detector "CDD". Protection Threshold: 0.1 (V)
SetMagnetDAC 5.87582931034 ===>> OK
Magnet settling time: 1.049
GetData ===>> H2,0.0318584900258402,H1,2050.94315863524,AX,252.12593936808,L1,2.90119997673677,L2,0.74254005305...
setting magnet DAC
current  : 5.875829
requested: 5.876864
Delta Dac: 0.001034
Checking detector protection. dv=0.00103
Checking detector "CDD". Protection Threshold: 0.1 (V)
SetMagnetDAC 5.8768637931 ===>> OK
Magnet settling time: 1.049
GetData ===>> H2,-0.0821738369902348,H1,2054.93691996388,AX,252.860536276228,L1,3.11869165723212,L2,0.743728968...
setting magnet DAC
current  : 5.876864
requested: 5.877898
Delta Dac: 0.001034
Checking detector protection. dv=0.00103
Checking detector "CDD". Protection Threshold: 0.1 (V)
SetMagnetDAC 5.87789827586 ===>> OK
Magnet settling time: 1.049
GetData ===>> H2,-0.0594252789073923,H1,2056.16088613662,AX,252.910655025856,L1,3.14348543037759,L2,0.676829665...
setting magnet DAC
current  : 5.877898
requested: 5.878933
Delta Dac: 0.001034
Checking detector protection. dv=0.00103
Checking detector "CDD". Protection Threshold: 0.1 (V)
SetMagnetDAC 5.87893275862 ===>> OK
Magnet settling time: 1.049
GetData ===>> H2,-0.0753821846836143,H1,2055.45298834569,AX,252.743740068098,L1,3.19086911719609,L2,0.659489624...
setting magnet DAC
current  : 5.878933
requested: 5.879967
Delta Dac: 0.001034
Checking detector protection. dv=0.00103
Checking detector "CDD". Protection Threshold: 0.1 (V)
SetMagnetDAC 5.87996724138 ===>> OK
Magnet settling time: 1.049
GetData ===>> H2,-0.148678725493115,H1,2054.48854635097,AX,252.981786370849,L1,3.20897414307045,L2,0.7519374567...
setting magnet DAC
current  : 5.879967
requested: 5.881002
Delta Dac: 0.001034
Checking detector protection. dv=0.00103
Checking detector "CDD". Protection Threshold: 0.1 (V)
SetMagnetDAC 5.88100172414 ===>> OK
Magnet settling time: 1.049
GetData ===>> H2,-0.0917771266269888,H1,2052.37148511051,AX,253.097809883442,L1,3.17816742215827,L2,0.645327489...
setting magnet DAC
current  : 5.881002
requested: 5.882036
Delta Dac: 0.001034
Checking detector protection. dv=0.00103
Checking detector "CDD". Protection Threshold: 0.1 (V)
SetMagnetDAC 5.8820362069 ===>> OK
Magnet settling time: 1.049
GetData ===>> H2,-0.123034296199626,H1,2052.00124781675,AX,252.460674983424,L1,3.20589511266567,L2,0.5421947328...
setting magnet DAC
current  : 5.882036
requested: 5.883071
Delta Dac: 0.001034
Checking detector protection. dv=0.00103
Checking detector "CDD". Protection Threshold: 0.1 (V)
SetMagnetDAC 5.88307068966 ===>> OK
Magnet settling time: 1.049
GetData ===>> H2,-0.0421653568901318,H1,2048.3788145112,AX,251.454662802402,L1,3.22601518772393,L2,0.5470181678...
setting magnet DAC
current  : 5.883071
requested: 5.884105
Delta Dac: 0.001034
Checking detector protection. dv=0.00103
Checking detector "CDD". Protection Threshold: 0.1 (V)
SetMagnetDAC 5.88410517241 ===>> OK
Magnet settling time: 1.049
GetData ===>> H2,-0.100587898010556,H1,2035.68687592904,AX,248.594072313978,L1,3.1893014932861,L2,0.52416043530...
setting magnet DAC
current  : 5.884105
requested: 5.885140
Delta Dac: 0.001034
Checking detector protection. dv=0.00103
Checking detector "CDD". Protection Threshold: 0.1 (V)
SetMagnetDAC 5.88513965517 ===>> OK
Magnet settling time: 1.049
GetData ===>> H2,-0.0806212749005083,H1,1988.92010360081,AX,238.179223963092,L1,3.07076286006427,L2,0.391670100...
setting magnet DAC
current  : 5.885140
requested: 5.886174
Delta Dac: 0.001034
Checking detector protection. dv=0.00103
Checking detector "CDD". Protection Threshold: 0.1 (V)
SetMagnetDAC 5.88617413793 ===>> OK
Magnet settling time: 1.049
GetData ===>> H2,-0.228310882732345,H1,1845.06439593336,AX,209.066286813374,L1,2.73564999186136,L2,0.4199981859...
setting magnet DAC
current  : 5.886174
requested: 5.887209
Delta Dac: 0.001034
Checking detector protection. dv=0.00103
Checking detector "CDD". Protection Threshold: 0.1 (V)
SetMagnetDAC 5.88720862069 ===>> OK
Magnet settling time: 1.049
GetData ===>> H2,-0.20514033583826,H1,1515.44671809379,AX,154.853978979963,L1,2.22865245445181,L2,0.22987905674...
setting magnet DAC
current  : 5.887209
requested: 5.888243
Delta Dac: 0.001034
Checking detector protection. dv=0.00103
Checking detector "CDD". Protection Threshold: 0.1 (V)
SetMagnetDAC 5.88824310345 ===>> OK
Magnet settling time: 1.049
GetData ===>> H2,-0.338239557210022,H1,1011.46499293601,AX,89.2183831970298,L1,1.61678048264979,L2,0.0541708883...
setting magnet DAC
current  : 5.888243
requested: 5.889278
Delta Dac: 0.001034
Checking detector protection. dv=0.00103
Checking detector "CDD". Protection Threshold: 0.1 (V)
SetMagnetDAC 5.88927758621 ===>> OK
Magnet settling time: 1.049
GetData ===>> H2,-0.279915368651464,H1,514.529679076029,AX,38.3844419874931,L1,1.03758930650415,L2,-0.017875583...
setting magnet DAC
current  : 5.889278
requested: 5.890312
Delta Dac: 0.001034
Checking detector protection. dv=0.00103
Checking detector "CDD". Protection Threshold: 0.1 (V)
SetMagnetDAC 5.89031206897 ===>> OK
Magnet settling time: 1.049
GetData ===>> H2,-0.238689197743155,H1,199.124637915388,AX,12.1687566102122,L1,0.604848251210773,L2,0.019359494...
setting magnet DAC
current  : 5.890312
requested: 5.891347
Delta Dac: 0.001034
Checking detector protection. dv=0.00103
Checking detector "CDD". Protection Threshold: 0.1 (V)
SetMagnetDAC 5.89134655172 ===>> OK
Magnet settling time: 1.049
GetData ===>> H2,-0.199284313550213,H1,30.4780337557268,AX,1.21826323442993,L1,0.29223867782342,L2,-0.094190638...
setting magnet DAC
current  : 5.891347
requested: 5.892381
Delta Dac: 0.001034
Checking detector protection. dv=0.00103
Checking detector "CDD". Protection Threshold: 0.1 (V)
SetMagnetDAC 5.89238103448 ===>> OK
Magnet settling time: 1.049
GetData ===>> H2,-0.218060306893495,H1,7.28584321517241,AX,0.0537787980316959,L1,0.209375049642271,L2,0.0537151...
setting magnet DAC
current  : 5.892381
requested: 5.893416
Delta Dac: 0.001034
Checking detector protection. dv=0.00103
Checking detector "CDD". Protection Threshold: 0.1 (V)
SetMagnetDAC 5.89341551724 ===>> OK
Magnet settling time: 1.049
GetData ===>> H2,-0.185644966033202,H1,1.38334860570131,AX,-0.31178088282538,L1,0.114172974322872,L2,-0.1187345...
setting magnet DAC
current  : 5.893416
requested: 5.894450
Delta Dac: 0.001034
Checking detector protection. dv=0.00103
Checking detector "CDD". Protection Threshold: 0.1 (V)
SetMagnetDAC 5.89445 ===>> OK
Magnet settling time: 1.049
GetData ===>> H2,-0.221557150578047,H1,0.110629042256494,AX,-0.154341527325139,L1,0.0986087650424527,L2,0.00207...
result of _do_sweep=True
result of _calculate_peak_center=([5.8718510089143798, 5.8795132299080919, 5.8871754509018039], [1518.9082260183291, 2056.1481184409918, 1526.0156215916361], 5.8779169338677351, 2056.1481184409918)
Failed to find a valid peak. No peak greater than 1.0. max = 0.0457587955082
new center pos Detector(H1) (Ar40) @ 5.87951322991
GetHighVoltage ===>> 4500
GetDeflection H1 ===>> 0
dac uncorrected for HV and deflection 5.87951322991
update mftable H1 Ar40 5.87951322991 message=automated run peakcenter
get initial guess parabolic
get initial guess parabolic
get initial guess parabolic
get initial guess parabolic
get initial guess parabolic
get initial guess parabolic
dump mftable to /Users/jan/PychronDev/setupfiles/spectrometer/mftables/mftable.csv
add to repo msg=modified - automated run peakcenter
locally archiving mftable
setting magnet DAC
current  : 5.894450
requested: 5.879513
Delta Dac: 0.014937
Checking detector protection. dv=0.01494
Checking detector "CDD". Protection Threshold: 0.1 (V)
SetMagnetDAC 5.87951322991 ===>> OK
Magnet settling time: 0.500
sweep finished
setting integration time = 1.048576
SetIntegrationTime 1.048576 ===>> OK
Failed to find a valid peak. No peak greater than 1.0. max = 0.0458166713713
flush and close file /Users/jan/PychronDev/data/isotopes/f2/3e4a2e-7820-47cf-acc8-f3ce1e64c291.h5
finished measure script
executed snippet estimated_duration=226.132928, duration=272.721720934
jan_unknown120_60.py completed successfully
Measurement Finished
00:51:28 -- ******* Measurement Finished *******
Post Measurement Started jan_pump_ms.py
00:51:28 -- ******* Post Measurement Started jan_pump_ms.py *******
testing...
no interpolation path defined
executed snippet estimated_duration=0, duration=2.59876251221e-05
Pumping spectrometer
open () {'name': 'O'}
opening name=O desc=---
checking ownership. requestor=129.138.12.150
check software interlocks O
interlocks []
actuate state mode=None-script, software_lock=False
doing actuation None-script open_channel True
Open O ===>> OK
GetIndicatorState O ===>> OK
change switch state (True, True)
update switch state O True args=() kw={} ncanvase=2
00:51:28 -- OPEN   VALVE-O (Jan Ion Pump)
---------------------------------------- open O () result=[(True, True)], time=0.09 sec
action=open, ok=True, locked=[False]
executed snippet estimated_duration=0, duration=0.346432924271
jan_pump_ms.py completed successfully
setting _ms_pumptime
Post Measurement Finished
00:51:28 -- ******* Post Measurement Finished *******
$$$$$$$$$$$$$$$$$$$$ state at run end measurement
state changed from measurement to success
post measurement save measured=True aborted=False
Set filtering
setting fod for Ar40= {'filter_outliers': True, 'std_devs': 2, 'iterations': 1}
setting fod for H1= {'filter_outliers': True, 'std_devs': 2, 'iterations': 1}
setting fod for PM41= {'filter_outliers': False, 'std_devs': 2, 'iterations': 1}
setting fod for H2= {'filter_outliers': True, 'std_devs': 2, 'iterations': 1}
setting fod for Ar36= {'filter_outliers': True, 'std_devs': 2, 'iterations': 1}
setting fod for CDD= {'filter_outliers': True, 'std_devs': 10, 'iterations': 1}
setting fod for Ar37= {'filter_outliers': True, 'std_devs': 2, 'iterations': 1}
setting fod for L2= {'filter_outliers': True, 'std_devs': 2, 'iterations': 1}
setting fod for Ar38= {'filter_outliers': True, 'std_devs': 2, 'iterations': 1}
setting fod for L1= {'filter_outliers': True, 'std_devs': 2, 'iterations': 1}
setting fod for Ar39= {'filter_outliers': True, 'std_devs': 2, 'iterations': 1}
setting fod for AX= {'filter_outliers': True, 'std_devs': 2, 'iterations': 1}
persistence save...
persistence save - db
post measurement save
7018846736 connecting to database sqlite:////Users/jan/PychronDev/.appdata/local_lab.db
connected to db sqlite:////Users/jan/PychronDev/.appdata/local_lab.db
create new session 7018846736
close session 7018846736
No database instance. Not saving post measurement to isotopedb database
$$$$$$$$$$$$$$$ auto_save_detector_ic=False
massspec enabled True
create new session 4979675504
MassSpec Database Version: 16.0
close session 4979675504
saving post measurement to secondary database
saving to massspec database 129.138.12.160/massspecdata
setting labnumber to 25344
setting aliquot to 5
setting step to 
setting uuid to f23e4a2e-7820-47cf-acc8-f3ce1e64c291
setting irradpos to 25344
setting extract_device to Fusions CO2
setting tray to 
setting position to 197
setting power_requested to 5.0
setting extract_value to 5.0
setting duration to 30.0
setting duration_at_request to 30.0
setting first_stage_delay to 30.0
setting cleanup to 30.0
setting comment to Q:9
setting irradiation to NM-288
setting level to Q
setting irradiation_level to Q
setting sample to FC-2
setting material to Sanidine
setting project to Irradiation-NM-288
setting mass_spectrometer to Jan
no attribute chron_dosages
no attribute production_ratios
no attribute interference_corrections
no attribute production_name
no attribute j
Reference Isotope=Ar40
Reference Detector=H1
%%%%%%%%%%%%%%%%%%%% Comment: Q:9 %%%%%%%%%%%%%%%%%%%
adding isotope PM41 H2
add baseline dbdet= PM41. original det= H2
get baseline data PM41 H2
Get data baseline <pychron.processing.isotope.Baseline object at 0x1bbc105d0> len t=60
baseline PM41. v=-0.199145478136, e=0.00804516944741
get signal data PM41 H2
Get data signal PM41 0.17+/-0.07 len t=120
adding isotope Ar40 H1
add baseline dbdet= Ar40. original det= H1
get baseline data Ar40 H1
Get data baseline <pychron.processing.isotope.Baseline object at 0x1bbc107d0> len t=60
baseline Ar40. v=0.03491378454, e=0.00633039887982
get signal data Ar40 H1
Get data signal Ar40 2266.86+/-0.10 len t=120
adding isotope Ar39 AX
add baseline dbdet= Ar39. original det= AX
get baseline data Ar39 AX
Get data baseline <pychron.processing.isotope.Baseline object at 0x1bbc10990> len t=60
baseline Ar39. v=-0.0951376038181, e=0.00814624991885
get signal data Ar39 AX
Get data signal Ar39 278.399+/-0.029 len t=120
adding isotope Ar38 L1
add baseline dbdet= Ar38. original det= L1
get baseline data Ar38 L1
Get data baseline <pychron.processing.isotope.Baseline object at 0x1bbc10b50> len t=60
baseline Ar38. v=-0.0178254076759, e=0.00312113712605
get signal data Ar38 L1
Get data signal Ar38 3.582+/-0.005 len t=120
adding isotope Ar37 L2
add baseline dbdet= Ar37. original det= L2
get baseline data Ar37 L2
Get data baseline <pychron.processing.isotope.Baseline object at 0x1bbc10d10> len t=60
baseline Ar37. v=-0.0254589250191, e=0.00701656263383
get signal data Ar37 L2
Get data signal Ar37 0.657+/-0.011 len t=120
adding isotope Ar36 CDD
add baseline dbdet= Ar36. original det= CDD
get baseline data Ar36 CDD
Get data baseline <pychron.processing.isotope.Baseline object at 0x1bbc10ed0> len t=60
baseline Ar36. v=0.000513585684877, e=3.34608268518e-05
get signal data Ar36 CDD
Get data signal Ar36 0.0315+/-0.0005 len t=120
25344-05 added analysis time 0.487850904465s
analysis added to mass spec database
mass spec save time= 0.496
persistence save - dvc
================= post measurement started
create new session 4982376208
close session 4982376208
---------------- Experiment Queue saving disabled
DVC saving peakcenter
Failed to find a valid peak. No peak greater than 1.0. max = 0.0458166713713
Smart pull ahead: 0 behind: 0
Up-to-date with origin
add to repo msg=modified - ad8224ebc6dbfeb9f5997218dfa5fe690569839d.json
add to repo msg=modified - 44-05.json
add to repo msg=modified - 44-05.dat.json
add to repo msg=modified - 44-05.blan.json
add to repo msg=modified - 44-05.inte.json
add to repo msg=modified - 44-05.icfa.json
add to repo msg=modified - 44-05.base.json
not at valid file /Users/jan/PychronDev/data/.dvc/repositories/Load1788/253/tags/44-05.tags.json
add to repo msg=modified - 44-05.peak.json
add to repo msg=modified - 44-05.extr.json
not at valid file /Users/jan/PychronDev/data/.dvc/repositories/Load1788/253/monitor/44-05.moni.json
commit message=<COLLECTION>
add to repo msg=modified - 44-05.inte.json
add to repo msg=modified - 44-05.base.json
commit message=<ISOEVO> default collection fits
add to repo msg=modified - 44-05.blan.json
commit message=<BLANKS> preceding bu-FC-J-7709
add to repo msg=modified - 44-05.icfa.json
commit message=<ICFactor> default
push repository <pychron.git_archive.repo_manager.GitRepoManager object at 0x19a4be7d0>
pushing to remote=origin, url=https://github.com
no changes to meta repo
create new session 4982376208
add association Load1788
get identifier "25344"
setting analysis irradiation position=<pychron.dvc.dvc_orm.IrradiationPositionTbl object at 0x1bd792710>
close session 4982376208
================= post measurement finished
00:51:42 -- ******* Post Run Check *******
loading queue conditionals post_run_actions
loading system conditionals post_run_actions
loading conditionals from /Users/jan/PychronDev/setupfiles/spectrometer/default_conditionals.yaml
loading queue conditionals post_run_terminations
loading system conditionals post_run_terminations
loading conditionals from /Users/jan/PychronDev/setupfiles/spectrometer/default_conditionals.yaml
Checking default post run terminations n=1
GetDeflection CDD ===>> 50
testing CDD==2000
evaluate ot="CDD.deflection==2000" t="CDD==2000", ctx="{'CDD': 50.0}"
00:51:42 -- ******* Post Run Check Passed *******
00:51:42 -- Automated run 25344-05 success duration: 372.623 s
----------------- finish -----------------
----------------- stop -----------------
retroactive repository identifiers disabled
finish run. runs completed=100
update duration runid=25344-05, duration=372.623108149, md5=301e91d8
loading script "jan_unknown120_60.py"
loading script "jan_pump_ms.py"
loading script "jan_co2.py"
loading script "jan_pump_extraction_line.py"
testing...
no interpolation path defined
executed snippet estimated_duration=213.652928, duration=0.000205993652344
script duration name:unknown120_60 seconds:214.0
loading script "jan_unknown120_60.py"
loading script "jan_pump_ms.py"
loading script "jan_co2.py"
loading script "jan_pump_extraction_line.py"
testing...
no interpolation path defined
executed snippet estimated_duration=0, duration=5.3882598877e-05
loading script "jan_unknown120_60.py"
loading script "jan_pump_ms.py"
loading script "jan_co2.py"
loading script "jan_pump_extraction_line.py"
testing...
no interpolation path defined
calculate duration
testing...
no interpolation path defined
executed snippet estimated_duration=0, duration=5.69820404053e-05
calculate duration
testing...
no interpolation path defined
executed snippet estimated_duration=0, duration=9.58442687988e-05
executed snippet estimated_duration=0.0, duration=0.00252389907837
script duration name:co2 seconds:0.0
loading script "jan_unknown120_60.py"
loading script "jan_pump_ms.py"
loading script "jan_co2.py"
loading script "jan_pump_extraction_line.py"
testing...
no interpolation path defined
calculate duration
testing...
no interpolation path defined
executed snippet estimated_duration=4.0, duration=0.000149011611938
executed snippet estimated_duration=4.0, duration=0.00151205062866
Script duration 214.0
Run total estimated duration= 215.000
unknown120_60 in script context. using previous estimated duration
script duration name:unknown120_60 seconds:214.0
pump_ms in script context. using previous estimated duration
co2 in script context. using previous estimated duration
script duration name:co2 seconds:0.0
pump_extraction_line in script context. using previous estimated duration
Script duration 214.0
Run total estimated duration= 215.000
script duration name:unknown120_60 seconds:214.0
script duration name:co2 seconds:0.0
Script duration 214.0
Run total estimated duration= 215.000
loading script "jan_unknown400_120.py"
loading script "jan_pump_ms.py"
loading script "jan_co2.py"
loading script "jan_pump_extraction_line.py"
testing...
no interpolation path defined
executed snippet estimated_duration=556.052928, duration=0.000156879425049
script duration name:unknown400_120 seconds:556.0
script duration name:co2 seconds:0.0
Script duration 556.0
Run total estimated duration= 557.000
unknown400_120 in script context. using previous estimated duration
script duration name:unknown400_120 seconds:556.0
loading script "jan_unknown400_120.py"
loading script "jan_pump_ms.py"
loading script "jan_sniffair_x2.py"
loading script "jan_pump_extraction_line.py"
testing...
no interpolation path defined
calculate duration
testing...
no interpolation path defined
executed snippet estimated_duration=0, duration=4.79221343994e-05
calculate duration
testing...
no interpolation path defined
executed snippet estimated_duration=0, duration=0.00010085105896
calculate duration
testing...
no interpolation path defined
executed snippet estimated_duration=32.0, duration=9.10758972168e-05
calculate duration
testing...
no interpolation path defined
executed snippet estimated_duration=34.0, duration=9.89437103271e-05
calculate duration
testing...
no interpolation path defined
executed snippet estimated_duration=4.0, duration=6.29425048828e-05
calculate duration
testing...
no interpolation path defined
executed snippet estimated_duration=36.0, duration=8.60691070557e-05
calculate duration
testing...
no interpolation path defined
executed snippet estimated_duration=34.0, duration=0.0001380443573
calculate duration
testing...
no interpolation path defined
executed snippet estimated_duration=4.0, duration=6.19888305664e-05
calculate duration
testing...
no interpolation path defined
executed snippet estimated_duration=36.0, duration=0.00018310546875
calculate duration
testing...
no interpolation path defined
executed snippet estimated_duration=70.0, duration=0.000391960144043
executed snippet estimated_duration=250.0, duration=0.0157878398895
script duration name:sniffair_x2 seconds:250.0
Script duration 806.0
Run total estimated duration= 807.000
script duration name:unknown400_120 seconds:556.0
loading script "jan_unknown400_120.py"
loading script "jan_pump_ms.py"
loading script "jan_cocktail_x1.py"
loading script "jan_pump_extraction_line.py"
testing...
no interpolation path defined
calculate duration
testing...
no interpolation path defined
executed snippet estimated_duration=0, duration=8.39233398438e-05
calculate duration
testing...
no interpolation path defined
executed snippet estimated_duration=0, duration=0.000176906585693
calculate duration
testing...
no interpolation path defined
executed snippet estimated_duration=32.0, duration=9.60826873779e-05
calculate duration
testing...
no interpolation path defined
executed snippet estimated_duration=34.0, duration=9.70363616943e-05
calculate duration
testing...
no interpolation path defined
executed snippet estimated_duration=4.0, duration=7.29560852051e-05
calculate duration
testing...
no interpolation path defined
executed snippet estimated_duration=38.0, duration=9.79900360107e-05
executed snippet estimated_duration=108.0, duration=0.0176701545715
script duration name:cocktail_x1 seconds:108.0
Script duration 664.0
Run total estimated duration= 665.000
script duration name:unknown400_120 seconds:556.0
sniffair_x2 in script context. using previous estimated duration
script duration name:sniffair_x2 seconds:250.0
Script duration 806.0
Run total estimated duration= 807.000
loading script "jan_ic_peak_hop3.py"
loading script "jan_pump_ms.py"
loading script "jan_sniffair_x1.py"
loading script "jan_pump_extraction_line.py"
testing...
no interpolation path defined
executed snippet estimated_duration=133.8, duration=0.00783014297485
script duration name:ic_peak_hop3 seconds:134.0
loading script "jan_ic_peak_hop3.py"
loading script "jan_pump_ms.py"
loading script "jan_sniffair_x1.py"
loading script "jan_pump_extraction_line.py"
testing...
no interpolation path defined
calculate duration
testing...
no interpolation path defined
executed snippet estimated_duration=0, duration=5.00679016113e-05
calculate duration
testing...
no interpolation path defined
executed snippet estimated_duration=0, duration=0.000117063522339
calculate duration
testing...
no interpolation path defined
executed snippet estimated_duration=32.0, duration=0.000129222869873
calculate duration
testing...
no interpolation path defined
executed snippet estimated_duration=34.0, duration=9.67979431152e-05
calculate duration
testing...
no interpolation path defined
executed snippet estimated_duration=4.0, duration=7.91549682617e-05
calculate duration
testing...
no interpolation path defined
executed snippet estimated_duration=70.0, duration=0.000226020812988
executed snippet estimated_duration=140.0, duration=0.00940585136414
script duration name:sniffair_x1 seconds:140.0
Script duration 274.0
Run total estimated duration= 275.000
script duration name:unknown120_60 seconds:214.0
script duration name:co2 seconds:0.0
Script duration 214.0
Run total estimated duration= 215.000
script duration name:unknown120_60 seconds:214.0
script duration name:co2 seconds:0.0
Script duration 214.0
Run total estimated duration= 215.000
script duration name:unknown120_60 seconds:214.0
script duration name:co2 seconds:0.0
Script duration 214.0
Run total estimated duration= 215.000
script duration name:unknown120_60 seconds:214.0
script duration name:co2 seconds:0.0
Script duration 214.0
Run total estimated duration= 215.000
script duration name:unknown120_60 seconds:214.0
script duration name:co2 seconds:0.0
Script duration 214.0
Run total estimated duration= 215.000
script duration name:unknown120_60 seconds:214.0
script duration name:co2 seconds:0.0
Script duration 214.0
Run total estimated duration= 215.000
script duration name:unknown120_60 seconds:214.0
script duration name:co2 seconds:0.0
Script duration 214.0
Run total estimated duration= 215.000
script duration name:unknown120_60 seconds:214.0
script duration name:co2 seconds:0.0
Script duration 214.0
Run total estimated duration= 215.000
script duration name:unknown120_60 seconds:214.0
script duration name:co2 seconds:0.0
Script duration 214.0
Run total estimated duration= 215.000
script duration name:unknown120_60 seconds:214.0
script duration name:co2 seconds:0.0
Script duration 214.0
Run total estimated duration= 215.000
script duration name:unknown400_120 seconds:556.0
script duration name:co2 seconds:0.0
Script duration 556.0
Run total estimated duration= 557.000
script duration name:unknown120_60 seconds:214.0
cocktail_x1 in script context. using previous estimated duration
script duration name:cocktail_x1 seconds:108.0
Script duration 322.0
Run total estimated duration= 323.000
script duration name:unknown120_60 seconds:214.0
script duration name:co2 seconds:0.0
Script duration 214.0
Run total estimated duration= 215.000
script duration name:unknown120_60 seconds:214.0
script duration name:co2 seconds:0.0
Script duration 214.0
Run total estimated duration= 215.000
script duration name:unknown120_60 seconds:214.0
script duration name:co2 seconds:0.0
Script duration 214.0
Run total estimated duration= 215.000
script duration name:unknown120_60 seconds:214.0
script duration name:co2 seconds:0.0
Script duration 214.0
Run total estimated duration= 215.000
script duration name:unknown400_120 seconds:556.0
script duration name:cocktail_x1 seconds:108.0
Script duration 664.0
Run total estimated duration= 665.000
script duration name:unknown120_60 seconds:214.0
script duration name:co2 seconds:0.0
Script duration 214.0
Run total estimated duration= 215.000
script duration name:unknown120_60 seconds:214.0
script duration name:co2 seconds:0.0
Script duration 214.0
Run total estimated duration= 215.000
script duration name:unknown120_60 seconds:214.0
script duration name:co2 seconds:0.0
Script duration 214.0
Run total estimated duration= 215.000
script duration name:unknown120_60 seconds:214.0
script duration name:co2 seconds:0.0
Script duration 214.0
Run total estimated duration= 215.000
script duration name:unknown120_60 seconds:214.0
script duration name:co2 seconds:0.0
Script duration 214.0
Run total estimated duration= 215.000
script duration name:unknown120_60 seconds:214.0
script duration name:co2 seconds:0.0
Script duration 214.0
Run total estimated duration= 215.000
script duration name:unknown400_120 seconds:556.0
script duration name:co2 seconds:0.0
Script duration 556.0
Run total estimated duration= 557.000
script duration name:unknown400_120 seconds:556.0
script duration name:sniffair_x2 seconds:250.0
Script duration 806.0
Run total estimated duration= 807.000
script duration name:unknown400_120 seconds:556.0
script duration name:sniffair_x2 seconds:250.0
Script duration 806.0
Run total estimated duration= 807.000
ic_peak_hop3 in script context. using previous estimated duration
script duration name:ic_peak_hop3 seconds:134.0
sniffair_x1 in script context. using previous estimated duration
script duration name:sniffair_x1 seconds:140.0
Script duration 274.0
Run total estimated duration= 275.000
script duration name:unknown120_60 seconds:214.0
script duration name:co2 seconds:0.0
Script duration 214.0
Run total estimated duration= 215.000
script duration name:unknown120_60 seconds:214.0
script duration name:co2 seconds:0.0
Script duration 214.0
Run total estimated duration= 215.000
nruns=37 before=5.0, run_dur=12477.0, btw=1620.0
write rem/ex queues
/Users/jan/PychronDev/experiments/rem/CurrentExperiment.rem.txt
/Users/jan/PychronDev/experiments/rem/CurrentExperiment.ex.txt
doing event level: 3
