do run
loading script "jan_unknown120_60.py"
loading script "jan_pump_ms.py"
loading script "jan_co2.py"
loading script "jan_pump_extraction_line.py"
testing...
no interpolation path defined
executed snippet estimated_duration=213.652928, duration=0.000293970108032
script duration name:unknown120_60 seconds:214.0
loading script "jan_unknown120_60.py"
loading script "jan_pump_ms.py"
loading script "jan_co2.py"
loading script "jan_pump_extraction_line.py"
testing...
no interpolation path defined
executed snippet estimated_duration=0, duration=2.50339508057e-05
loading script "jan_unknown120_60.py"
loading script "jan_pump_ms.py"
loading script "jan_co2.py"
loading script "jan_pump_extraction_line.py"
testing...
no interpolation path defined
calculate duration
testing...
no interpolation path defined
executed snippet estimated_duration=0, duration=5.41210174561e-05
calculate duration
testing...
no interpolation path defined
executed snippet estimated_duration=0, duration=9.3936920166e-05
executed snippet estimated_duration=0.0, duration=0.00247001647949
script duration name:co2 seconds:0.0
loading script "jan_unknown120_60.py"
loading script "jan_pump_ms.py"
loading script "jan_co2.py"
loading script "jan_pump_extraction_line.py"
testing...
no interpolation path defined
calculate duration
testing...
no interpolation path defined
executed snippet estimated_duration=4.0, duration=0.000143051147461
executed snippet estimated_duration=4.0, duration=0.00119996070862
Script duration 214.0
Run total estimated duration= 215.000
run duration: 0:03:35
doing event level: 2
00:52:34 -- Setting default integration. t=1.048576
setting integration time = 1.048576
SetIntegrationTime 1.048576 ===>> OK
----------------- start -----------------
**************** Experiment Type: Ar/Ar, Ar/Ar
create new session 4419362736
close session 4419362736
$$$$$ Clearing conditionals
adding conditionals 
Add queue conditionals
add default conditionals
adding default conditionals from /Users/jan/PychronDev/setupfiles/spectrometer/default_conditionals.yaml
Start automated run 25344-06
loading script "jan_unknown120_60.py"
loading script "jan_pump_ms.py"
loading script "jan_co2.py"
loading script "jan_pump_extraction_line.py"
%%%%%%%%%%%%%%%%%% setting automated run 25344-06
No value "sensitivity_multiplier" in metadata
$$$$$$$$$$$$$$$ auto_save_detector_ic=False
============================= Pre Extraction Check =============================
loading queue conditionals pre_run_terminations
loading system conditionals pre_run_terminations
loading conditionals from /Users/jan/PychronDev/setupfiles/spectrometer/default_conditionals.yaml
00:52:34 -- ******* Pre Extraction Check *******
Get a measurement from the spectrometer
GetData ===>> H2,-0.10136182157375,H1,0.0961324003173615,AX,0.0677678174555268,L1,-0.0103532534159083,L2,-0.010...
Pre Extraction Termination data. keys=H2,H1,AX,L1,L2,CDD, signals=-0.10136,0.09613,0.06777,-0.01035,-0.01042,0.00357
00:52:34 -- testing system defined conditionals
Checking default pre extraction terminations n=2
testing CDD
evaluate ot="CDD.inactive" t="CDD", ctx="{'CDD': False}"
GetDeflection CDD ===>> 50
testing CDD==2000
evaluate ot="CDD.deflection==2000" t="CDD==2000", ctx="{'CDD': 50.0}"
00:52:34 -- ******* Pre Extraction Check Passed *******
=================================================================================
00:52:34 -- stopping status monitor
stop 4976433200
Alive clients [4982646160]
00:52:34 -- starting status monitor
start 4976433200
Monitor already running
start extraction
do extraction
Analysis started at 00:52:34.513931
Extraction Started jan_co2.py
00:52:34 -- ******* Extraction Started jan_co2.py *******
state changed from not run to extraction
DO EXTRACTION <pychron.extraction_line.pyscript_runner.RemotePyScriptRunner object at 0x12b9a8890>
testing...
no interpolation path defined
calculate duration
testing...
no interpolation path defined
executed snippet estimated_duration=0, duration=4.98294830322e-05
calculate duration
testing...
no interpolation path defined
executed snippet estimated_duration=0, duration=0.000101089477539
executed snippet estimated_duration=100.0, duration=0.00249910354614
Jan CO2 laser analysis
doing GOSUB
testing...
no interpolation path defined
executed snippet estimated_duration=0, duration=4.6968460083e-05
Waiting for CO2 access
wait ('FelixCO2Flag', 0) {}
waiting for FelixCO2Flag = 0
Read FelixCO2Flag ===>> 0
finished waiting
CO2 free
wait ('CO2PumpTimeFlag', 0) {}
waiting for CO2PumpTimeFlag = 0
Read CO2PumpTimeFlag ===>> 0
finished waiting
acquire ('JanCO2Flag',) {'clear': True}
acquire JanCO2Flag
Set JanCO2Flag 1 ===>> OK
JanCO2Flag acquired
set extraction state False (0.75, 'red', 1.5)
CO2 acquired
executed snippet estimated_duration=0, duration=0.0179929733276
WaitForCO2Access.py completed successfully
gosub finished
doing GOSUB
testing...
no interpolation path defined
executed snippet estimated_duration=0, duration=9.70363616943e-05
Prepare for CO2 analysis
close () {'description': 'Jan Inlet'}
closing name=--- desc=Jan Inlet
checking ownership. requestor=129.138.12.150
check software interlocks R
interlocks []
actuate state mode=None-script, software_lock=False
doing actuation None-script close_channel False
Close R ===>> OK
GetIndicatorState R ===>> False
change switch state (True, True)
update switch state R False args=() kw={} ncanvase=2
00:52:34 -- CLOSE  VALVE-R (Jan Inlet)
---------------------------------------- close None (Jan Inlet) result=[(True, True)]
action=close, ok=True, locked=[False]
open () {'description': 'Jan Ion Pump'}
opening name=--- desc=Jan Ion Pump
checking ownership. requestor=129.138.12.150
check software interlocks O
interlocks []
actuate state mode=None-script, software_lock=False
doing actuation None-script open_channel False
Open O ===>> OK
GetIndicatorState O ===>> OK
change switch state (True, True)
update switch state O True args=() kw={} ncanvase=2
00:52:35 -- OPEN   VALVE-O (Jan Ion Pump)
---------------------------------------- open None (Jan Ion Pump) result=[(True, True)], time=0.10 sec
action=open, ok=True, locked=[False]
close () {'description': 'Microbone to Minibone'}
closing name=--- desc=Microbone to Minibone
checking ownership. requestor=129.138.12.150
check software interlocks L
interlocks []
actuate state mode=None-script, software_lock=False
doing actuation None-script close_channel False
Close L ===>> OK
GetIndicatorState L ===>> False
change switch state (True, True)
update switch state L False args=() kw={} ncanvase=2
00:52:36 -- CLOSE  VALVE-L (Microbone to Minibone)
---------------------------------------- close None (Microbone to Minibone) result=[(True, True)]
action=close, ok=True, locked=[False]
open () {'description': 'Microbone to Turbo'}
opening name=--- desc=Microbone to Turbo
checking ownership. requestor=129.138.12.150
check software interlocks U
interlocks []
actuate state mode=None-script, software_lock=False
doing actuation None-script open_channel False
Open U ===>> OK
GetIndicatorState U ===>> OK
change switch state (True, True)
update switch state U True args=() kw={} ncanvase=2
00:52:36 -- OPEN   VALVE-U (Microbone to Turbo)
---------------------------------------- open None (Microbone to Turbo) result=[(True, True)], time=0.14 sec
action=open, ok=True, locked=[False]
open () {'description': 'Microbone to Inlet Pipette'}
opening name=--- desc=Microbone to Inlet Pipette
checking ownership. requestor=129.138.12.150
check software interlocks S
interlocks []
actuate state mode=None-script, software_lock=False
doing actuation None-script open_channel False
Open S ===>> OK
GetIndicatorState S ===>> OK
change switch state (True, True)
update switch state S True args=() kw={} ncanvase=2
00:52:37 -- OPEN   VALVE-S (Microbone to Inlet Pipette)
---------------------------------------- open None (Microbone to Inlet Pipette) result=[(True, True)], time=0.41 sec
action=open, ok=True, locked=[False]
open () {'description': 'Microbone to Getter D-50'}
opening name=--- desc=Microbone to Getter D-50
checking ownership. requestor=129.138.12.150
check software interlocks K
interlocks []
actuate state mode=None-script, software_lock=False
doing actuation None-script open_channel False
Open K ===>> OK
GetIndicatorState K ===>> OK
change switch state (True, True)
update switch state K True args=() kw={} ncanvase=2
00:52:37 -- OPEN   VALVE-K (Microbone to Getter D-50)
---------------------------------------- open None (Microbone to Getter D-50) result=[(True, True)], time=0.40 sec
action=open, ok=True, locked=[False]
open () {'description': 'Microbone to Getter NP-10'}
opening name=--- desc=Microbone to Getter NP-10
checking ownership. requestor=129.138.12.150
check software interlocks M
interlocks []
actuate state mode=None-script, software_lock=False
doing actuation None-script open_channel False
Open M ===>> OK
GetIndicatorState M ===>> OK
change switch state (True, True)
update switch state M True args=() kw={} ncanvase=2
00:52:38 -- OPEN   VALVE-M (Microbone to Getter NP-10)
---------------------------------------- open None (Microbone to Getter NP-10) result=[(True, True)], time=0.15 sec
action=open, ok=True, locked=[False]
close () {'description': 'CO2 Laser to Felix'}
closing name=--- desc=CO2 Laser to Felix
checking ownership. requestor=129.138.12.150
check software interlocks F
interlocks []
actuate state mode=None-script, software_lock=True
VALVE-F(CO2 Laser to Felix) software locked
change switch state (True, False)
---------------------------------------- close None (CO2 Laser to Felix) result=[(True, False)]
action=close, ok=True, locked=[True]
open () {'description': 'CO2 Laser to Jan'}
opening name=--- desc=CO2 Laser to Jan
checking ownership. requestor=129.138.12.150
check software interlocks A
interlocks []
actuate state mode=None-script, software_lock=False
doing actuation None-script open_channel False
Open A ===>> OK
GetIndicatorState A ===>> OK
change switch state (True, True)
update switch state A True args=() kw={} ncanvase=2
00:52:38 -- OPEN   VALVE-A (CO2 Laser to Jan)
---------------------------------------- open None (CO2 Laser to Jan) result=[(True, True)], time=0.13 sec
action=open, ok=True, locked=[False]
open () {'description': 'Microbone to CO2 Laser'}
opening name=--- desc=Microbone to CO2 Laser
checking ownership. requestor=129.138.12.150
check software interlocks T
interlocks []
actuate state mode=None-script, software_lock=False
doing actuation None-script open_channel False
Open T ===>> OK
GetIndicatorState T ===>> OK
change switch state (True, True)
update switch state T True args=() kw={} ncanvase=2
00:52:39 -- OPEN   VALVE-T (Microbone to CO2 Laser)
---------------------------------------- open None (Microbone to CO2 Laser) result=[(True, True)], time=0.41 sec
action=open, ok=True, locked=[False]
executed snippet estimated_duration=0, duration=4.89063119888
PrepareForCO2Analysis.py completed successfully
gosub finished
set_motor ('beam', '1.25') {}
setting motor "beam" to 1.25
set motor beam to 1.25
SetMotor beam,1.25 ===>> OK
GetMotorMoving beam ===>> False
GetMotorMoving beam ===>> False
Block completed
move_to_position ('198',) {'autocenter': True}
FusionsCO2 move to position 198
sending GoToHole 198,True
GoToHole 198,True ===>> OK
GetDriveMoving ===>> OK
GetDriveMoving ===>> OK
GetDriveMoving ===>> OK
GetDriveMoving ===>> OK
GetDriveMoving ===>> OK
GetDriveMoving ===>> OK
GetDriveMoving ===>> False
GetDriveMoving ===>> OK
GetDriveMoving ===>> OK
GetDriveMoving ===>> OK
GetDriveMoving ===>> OK
GetDriveMoving ===>> OK
GetDriveMoving ===>> OK
GetDriveMoving ===>> False
Block completed
GetAutoCorrecting ===>> False
GetAutoCorrecting ===>> False
Block completed
update position
GetPosition ===>> -7.97560,-11.96340,1.00000
got position (-7.9756, -11.9634, 1.0)
move to position succeeded
sleep (5,) {}
SLEEP 5.0
block started
WaitControl setup for 5.0  
Join finished
block finished. duration 5.02798199654
close () {'description': 'Microbone to Turbo'}
closing name=--- desc=Microbone to Turbo
checking ownership. requestor=129.138.12.150
check software interlocks U
interlocks []
actuate state mode=None-script, software_lock=False
doing actuation None-script close_channel True
Close U ===>> OK
GetIndicatorState U ===>> False
change switch state (True, True)
update switch state U False args=() kw={} ncanvase=2
00:52:50 -- CLOSE  VALVE-U (Microbone to Turbo)
---------------------------------------- close None (Microbone to Turbo) result=[(True, True)]
action=close, ok=True, locked=[False]
enable laser
enable () {}
set extraction state FusionsCO2 Enabled (False, 'red', 1.5)
enabling laser
Enable ===>> OK
begin interval
BEGIN INTERVAL Interval 1 waiting for 30.0
block started
set extract to 5.0
WaitControl setup for 30.0  
extract (5.0,) {}
GetPosition ===>> -7.97560,-11.96340,1.00000
set extraction state FusionsCO2 ON! 5.0(watts) (0.75, 'red', 1.5)
extract sample to 5.0 (watts)
set laser output
SetLaserOutput 5.0,watts ===>> OK
executing pattern triangle.lp
execute_pattern ('triangle.lp',) {}
executing pattern triangle.lp
IsPatterning ===>> OK
IsPatterning ===>> OK
IsPatterning ===>> OK
IsPatterning ===>> OK
IsPatterning ===>> OK
IsPatterning ===>> OK
IsPatterning ===>> OK
IsPatterning ===>> OK
IsPatterning ===>> OK
IsPatterning ===>> OK
IsPatterning ===>> OK
IsPatterning ===>> OK
IsPatterning ===>> OK
IsPatterning ===>> OK
IsPatterning ===>> OK
IsPatterning ===>> OK
IsPatterning ===>> OK
IsPatterning ===>> OK
IsPatterning ===>> OK
IsPatterning ===>> OK
IsPatterning ===>> OK
IsPatterning ===>> OK
IsPatterning ===>> OK
IsPatterning ===>> OK
IsPatterning ===>> OK
IsPatterning ===>> OK
IsPatterning ===>> False
IsPatterning ===>> False
Block completed
COMPLETE INTERVAL waiting for Interval 1 to complete
Join finished
block finished. duration 30.0799100399
Interval 1 finished
end_extract () {}
ending extraction. set laser power to 0
set laser power 0
SetLaserPower 0 ===>> OK
disable () {}
%%%%%%%%%%%%%%%%%%%%%%%%%%%%%%%%%%% disable
set extraction state False (0.75, 'red', 1.5)
disabling laser
Disable ===>> OK
sleep (30.0,) {}
SLEEP 30.0
block started
WaitControl setup for 30.0  
Join finished
block finished. duration 30.0953137875
executed snippet estimated_duration=166.5, duration=77.6013748646
jan_co2.py completed successfully
GetAchievedOutput ===>> No Response
Requested Output= 0.000
Achieved Output=  0.000
GetResponseBlob ===>> No Response
GetOutputBlob ===>> No Response
persistence save...
persistence save - db
AutomatedRunPersister post_extraction_save deprecated
persistence save - dvc
no extraction position for 198
create new session 4982376208
close session 4982376208
Extraction Finished
00:53:52 -- ******* Extraction Finished *******
no overlap. not waiting for min ms pumptime
00:53:52 -- Sending spectrometer configuration
======== Sending configuration ========
SetDeflection CDD,50.0 ===>> OK
SetDeflection H2,0.0 ===>> OK
SetDeflection H1,0.0 ===>> OK
SetDeflection L2,825.0 ===>> OK
SetDeflection L1,400.0 ===>> OK
SetDeflection AX,190.0 ===>> OK
SetZFocus 74.64 ===>> OK
SetZSymmetry -50.72 ===>> OK
SetExtractionLens 26.13 ===>> OK
SetIonRepeller -3.81 ===>> OK
SetElectronEnergy 75.08 ===>> OK
SetYSymmetry -2.81 ===>> OK
SetIonCounterVoltage 1590.0 ===>> OK
send trap current 200.0
GetParameter Trap Current Readback ===>> 198.035158395898
SetParameter Trap Current Set,200.0 ===>> OK
updating mftable name mftable
Using mftable located at /Users/jan/PychronDev/setupfiles/spectrometer/mftables/mftable.csv
============ MFtable ===========
Isotope  H2     H1     AX     L1     L2     CDD    
Ar40     5.8013 5.8795 5.9929 6.1413 6.2313 6.3695
Ar39     5.7006 5.7718 5.8853 6.0273 6.1165 6.2560
Ar36     5.3781 5.4408 5.5487 5.6862 5.7714 5.9071
================================
get initial guess parabolic
get initial guess parabolic
get initial guess parabolic
get initial guess parabolic
get initial guess parabolic
get initial guess parabolic
======== Configuration Finished ========
GetYSymmetry ===>> -2.81
GetZSymmetry ===>> -50.72
GetParameter Trap Current Readback ===>> 198.035158395898
GetHighVoltage ===>> 4500
start measurement
do measurement
L#=25344 analysis type=unknown
Measurement Started jan_unknown120_60.py
00:53:52 -- ******* Measurement Started jan_unknown120_60.py *******
state changed from extraction to measurement
setting spec, defl, and gains
GetExtractionLens ===>> 26.13
GetYSymmetry ===>> -2.81
GetZSymmetry ===>> -50.72
GetZFocus ===>> 74.64
GetDeflection H2 ===>> 0
GetDeflection H1 ===>> 0
GetDeflection AX ===>> 190
GetDeflection L1 ===>> 400
GetDeflection L2 ===>> 825
GetDeflection CDD ===>> 50
GetGain H2 ===>> 0.0113
GetGain H1 ===>> 0.1
GetGain AX ===>> 0.097049
GetGain L1 ===>> 0.010355
GetGain L2 ===>> 0.095649
GetGain CDD ===>> 0
pre measurement save
New frame /Users/jan/PychronDev/data/isotopes/c5/1f6d8f-7cd1-43df-a1a4-656760fc9c86.h5
flush and close file /Users/jan/PychronDev/data/isotopes/c5/1f6d8f-7cd1-43df-a1a4-656760fc9c86.h5
testing...
no interpolation path defined
executed snippet estimated_duration=226.132928, duration=0.000128984451294
unknown measurement script
activate_detectors ('H2', 'H1', 'AX', 'L1', 'L2', 'CDD') {}
activate detectors
*************** Set Analysis View Ar/Ar
create graphs
clearing graphs
clear isotope group
setting isotope det=H2, iso=PM41
setting isotope det=H1, iso=Ar40
setting isotope det=AX, iso=Ar39
setting isotope det=L1, iso=Ar38
setting isotope det=L2, iso=Ar37
setting isotope det=CDD, iso=Ar36
setting previous blanks
 - setting Ar40 blank 0.778+/-0.008
 - setting Ar36 blank 0.00669+/-0.00021
 - setting Ar37 blank 0.059+/-0.005
 - setting Ar38 blank 0.0183+/-0.0023
 - setting PM41 blank 0.04+/-0.06
 - setting Ar39 blank 0.038+/-0.010
load analysis view
position_magnet ('Ar40',) {'detector': 'H1'}
detector Detector(H1)
POSITION Ar40 H1
setting detector H2 to PM41 (40.9624)
setting detector H1 to Ar40 (39.9624)
setting detector AX to Ar39 (38.9624)
setting detector L1 to Ar38 (37.9624)
setting detector L2 to Ar37 (36.9624)
setting detector CDD to Ar36 (35.9624)
Mapping mass to dac mass func: "parabolic"
H1 map mass coeffs = [-0.00063987  0.15840543  0.57111999]
H1 map mass to dac 39.9624 >> 5.87951
GetDeflection H1 ===>> 0
GetHighVoltage ===>> 4500
positioning Ar40 (5.87951) on H1
setting magnet DAC
current  : 5.879513
requested: 5.879510
Delta Dac: 0.000003
Checking detector protection. dv=0.00000
Checking detector "CDD". Protection Threshold: 0.1 (V)
SetMagnetDAC 5.87951 ===>> OK
Magnet settling time: 0.500
equilibrate () {'delay': 3, 'inlet': 'R', 'outlet': 'O', 'eqtime': 12.0}
Equilibration Started
00:53:56 -- ******* Equilibration Started *******
checking ownership. requestor=129.138.12.150
check software interlocks O
interlocks []
actuate state mode=None-script, software_lock=False
doing actuation None-script close_channel True
Close O ===>> OK
GetIndicatorState O ===>> False
change switch state (True, True)
update switch state O False args=() kw={} ncanvase=2
00:53:56 -- CLOSE  VALVE-O (Jan Ion Pump)
waiting 3s before opening inlet value ('R',)
update labels <pychron.experiment.plot_panel.PlotPanel object at 0x1b3109f50>
update labels "<pychron.graph.stacked_regression_graph.StackedRegressionGraph object at 0x1bbe21b30>"
setting label 0 H2 PM41
setting label 1 H1 Ar40
setting label 2 AX Ar39
setting label 3 L1 Ar38
setting label 4 L2 Ar37
setting label 5 CDD Ar36
update labels "<pychron.graph.stacked_graph.StackedGraph object at 0x1bd0da2f0>"
setting label 0 H2 PM41
setting label 1 H1 Ar40
setting label 2 AX Ar39
setting label 3 L1 Ar38
setting label 4 L2 Ar37
setting label 5 CDD Ar36
checking ownership. requestor=129.138.12.150
check software interlocks R
interlocks []
actuate state mode=None-script, software_lock=False
doing actuation None-script open_channel True
Open R ===>> OK
State checksums do not match. Local:-423938523 Remote:-173909521
State checksum failed
GetIndicatorState R ===>> OK
change switch state (True, True)
update switch state R True args=() kw={} ncanvase=2
00:53:59 -- OPEN   VALVE-R (Jan Inlet)
set_time_zero () {}
equilibrating for 12.0sec
sniff (12.0,) {}
py_sniff
build tables- sniff [Detector(H2), Detector(H1), Detector(AX), Detector(L1), Detector(L2), Detector(CDD)]
add group /sniff/PM41 (Group) '' table H2
add group /sniff/Ar40 (Group) '' table H1
add group /sniff/Ar39 (Group) '' table AX
add group /sniff/Ar38 (Group) '' table L1
add group /sniff/Ar37 (Group) '' table L2
add group /sniff/Ar36 (Group) '' table CDD
flush and close file /Users/jan/PychronDev/data/isotopes/c5/1f6d8f-7cd1-43df-a1a4-656760fc9c86.h5
measuring sniff. ncounts=12.0
"sniff" increment series count="1" fit count="0" regressing="False"
starting measurement
GetData ===>> H2,-0.12734483938255,H1,0.0844191203969171,AX,-0.151777034765774,L1,-0.0242011951117924,L2,0.1382...
GetData ===>> H2,0.426259274886595,H1,538.635342610097,AX,71.8502503256638,L1,0.254322467337004,L2,0.5579689515...
GetData ===>> H2,0.952442316609769,H1,1955.48426840553,AX,252.391269902396,L1,1.57688343716718,L2,0.82370586451...
GetData ===>> H2,0.467421009663483,H1,2496.15640464514,AX,313.388105598255,L1,2.78085596248759,L2,0.81094947195...
GetData ===>> H2,0.247480311432789,H1,2676.02825007355,AX,331.496313756095,L1,3.43349592786306,L2,0.76506031003...
GetData ===>> H2,0.171759767438385,H1,2743.85612703013,AX,337.70656672018,L1,3.8081609324204,L2,0.7590516916543...
GetData ===>> H2,0.104057324785721,H1,2771.99108076842,AX,340.953069324783,L1,4.05839195552211,L2,0.81013723885...
set states for children of V. state=True
handle state [('V', True)]
update switch state V True args=() kw={'refresh': False} ncanvase=2
refresh_canvas_needed fired
GetData ===>> H2,0.1263057708864,H1,2783.80478308597,AX,341.876890913271,L1,4.18838780209906,L2,0.8118532323476...
GetData ===>> H2,0.0633303952858501,H1,2789.13690955148,AX,342.521978019274,L1,4.28258537703382,L2,0.7499078681...
GetData ===>> H2,-0.0345018689642324,H1,2790.70768640959,AX,342.599197580373,L1,4.37351468224191,L2,0.815205228...
GetData ===>> H2,-0.0390427616992028,H1,2791.83194113782,AX,342.715322360941,L1,4.39050515350248,L2,0.804520521...
Equilibration Finished
00:54:12 -- ******* Equilibration Finished *******
checking ownership. requestor=129.138.12.150
check software interlocks R
interlocks []
actuate state mode=None-script, software_lock=False
doing actuation None-script close_channel True
GetData ===>> H2,-0.0137426079198668,H1,2792.33582603239,AX,342.768644542798,L1,4.3895301688655,L2,0.7783378285...
Close R ===>> OK
GetIndicatorState R ===>> False
change switch state (True, True)
update switch state R False args=() kw={} ncanvase=2
00:54:12 -- CLOSE  VALVE-R (Jan Inlet)
Post Equilibration Started jan_pump_extraction_line.py
00:54:12 -- ******* Post Equilibration Started jan_pump_extraction_line.py *******
testing...
no interpolation path defined
calculate duration
testing...
no interpolation path defined
executed snippet estimated_duration=4.0, duration=0.00014591217041
executed snippet estimated_duration=4.0, duration=0.00139594078064
Pump after analysis
doing GOSUB
testing...
no interpolation path defined
executed snippet estimated_duration=4.0, duration=0.000134944915771
Pump Microbone
close () {'description': 'Jan Inlet'}
closing name=--- desc=Jan Inlet
checking ownership. requestor=129.138.12.150
check software interlocks R
interlocks []
actuate state mode=None-script, software_lock=False
doing actuation None-script close_channel False
Close R ===>> OK
GetIndicatorState R ===>> False
change switch state (True, True)
update switch state R False args=() kw={} ncanvase=2
00:54:12 -- CLOSE  VALVE-R (Jan Inlet)
---------------------------------------- close None (Jan Inlet) result=[(True, True)]
measurement finished
estimated time: 12.583 actual time: :12.677
flush and close file /Users/jan/PychronDev/data/isotopes/c5/1f6d8f-7cd1-43df-a1a4-656760fc9c86.h5
set_fits () {}
using default fits file=/Users/jan/PychronDev/scripts/measurement/fits/nominal_linear.yaml
action=close, ok=True, locked=[False]
is_closed ('F',) {}
is F () closed?
set "Ar40" to "('Linear', 'SEM')"
No fit for "PM41". defaulting to linear. check the measurement script "jan_unknown120_60.py"
is closed True
set "PM41" to "linear"
open () {'description': 'CO2 Laser to Jan'}
set "Ar36" to "('Linear', 'SEM')"
opening name=--- desc=CO2 Laser to Jan
set "Ar37" to "('linear', 'SEM')"
set "Ar38" to "('linear', 'SEM')"
set "Ar39" to "('Linear', 'SEM')"
set_baseline_fits () {}
checking ownership. requestor=129.138.12.150
check software interlocks A
interlocks []
actuate state mode=None-script, software_lock=False
doing actuation None-script open_channel False
using default fits file=/Users/jan/PychronDev/scripts/measurement/fits/nominal_linear.yaml
set "H1" to "('average', 'SEM')"
set "H2" to "('average', 'SEM')"
set "CDD" to "('average', 'SEM')"
set "L2" to "('average', 'SEM')"
set "L1" to "('average', 'SEM')"
set "AX" to "('average', 'SEM')"
multicollect () {'integration_time': 1, 'ncounts': 120}
build tables- signal [Detector(H2), Detector(H1), Detector(AX), Detector(L1), Detector(L2), Detector(CDD)]
add group /signal/PM41 (Group) '' table H2
add group /signal/Ar40 (Group) '' table H1
add group /signal/Ar39 (Group) '' table AX
add group /signal/Ar38 (Group) '' table L1
add group /signal/Ar37 (Group) '' table L2
add group /signal/Ar36 (Group) '' table CDD
flush and close file /Users/jan/PychronDev/data/isotopes/c5/1f6d8f-7cd1-43df-a1a4-656760fc9c86.h5
measuring signal. ncounts=120
Open A ===>> OK
GetIndicatorState A ===>> OK
change switch state (True, True)
update switch state A True args=() kw={} ncanvase=2
00:54:13 -- OPEN   VALVE-A (CO2 Laser to Jan)
---------------------------------------- open None (CO2 Laser to Jan) result=[(True, True)], time=0.14 sec
"signal" increment series count="2" fit count="1" regressing="True"
action=open, ok=True, locked=[False]
sleep (1,) {}
SLEEP 1.0
starting measurement
GetData ===>> H2,0.180071705964581,H1,2792.17898444553,AX,342.586582254527,L1,4.42540848525165,L2,0.76073406690...
close () {'description': 'CO2 Laser to Roughing'}
closing name=--- desc=CO2 Laser to Roughing
checking ownership. requestor=129.138.12.150
check software interlocks G
interlocks []
actuate state mode=None-script, software_lock=True
VALVE-G(CO2 Laser to Roughing) software locked
change switch state (True, False)
---------------------------------------- close None (CO2 Laser to Roughing) result=[(True, False)]
action=close, ok=True, locked=[True]
open () {'description': 'Microbone to Turbo'}
opening name=--- desc=Microbone to Turbo
checking ownership. requestor=129.138.12.150
check software interlocks U
interlocks []
actuate state mode=None-script, software_lock=False
doing actuation None-script open_channel True
Open U ===>> OK
GetIndicatorState U ===>> OK
change switch state (True, True)
update switch state U True args=() kw={} ncanvase=2
00:54:14 -- OPEN   VALVE-U (Microbone to Turbo)
---------------------------------------- open None (Microbone to Turbo) result=[(True, True)], time=0.16 sec
GetData ===>> H2,0.0890468977089013,H1,2790.65171015908,AX,342.463993835906,L1,4.45444394494938,L2,0.7032524506...
action=open, ok=True, locked=[False]
open () {'description': 'Microbone to Getter NP-10'}
opening name=--- desc=Microbone to Getter NP-10
checking ownership. requestor=129.138.12.150
check software interlocks M
interlocks []
actuate state mode=None-script, software_lock=False
doing actuation None-script open_channel False
Open M ===>> OK
GetIndicatorState M ===>> OK
change switch state (True, True)
update switch state M True args=() kw={} ncanvase=2
00:54:15 -- OPEN   VALVE-M (Microbone to Getter NP-10)
---------------------------------------- open None (Microbone to Getter NP-10) result=[(True, True)], time=0.15 sec
action=open, ok=True, locked=[False]
open () {'description': 'Microbone to Getter D-50'}
opening name=--- desc=Microbone to Getter D-50
checking ownership. requestor=129.138.12.150
check software interlocks K
interlocks []
actuate state mode=None-script, software_lock=False
doing actuation None-script open_channel False
Open K ===>> OK
GetIndicatorState K ===>> OK
change switch state (True, True)
update switch state K True args=() kw={} ncanvase=2
00:54:15 -- OPEN   VALVE-K (Microbone to Getter D-50)
---------------------------------------- open None (Microbone to Getter D-50) result=[(True, True)], time=0.43 sec
GetData ===>> H2,-0.0242024755238694,H1,2789.56007175424,AX,342.063861776509,L1,4.4567649112038,L2,0.7881140026...
action=open, ok=True, locked=[False]
open () {'description': 'Microbone to CO2 Laser'}
opening name=--- desc=Microbone to CO2 Laser
checking ownership. requestor=129.138.12.150
check software interlocks T
interlocks []
actuate state mode=None-script, software_lock=False
doing actuation None-script open_channel False
Open T ===>> OK
GetIndicatorState T ===>> OK
change switch state (True, True)
update switch state T True args=() kw={} ncanvase=2
00:54:16 -- OPEN   VALVE-T (Microbone to CO2 Laser)
---------------------------------------- open None (Microbone to CO2 Laser) result=[(True, True)], time=0.42 sec
action=open, ok=True, locked=[False]
open () {'description': 'Microbone to Inlet Pipette'}
opening name=--- desc=Microbone to Inlet Pipette
checking ownership. requestor=129.138.12.150
check software interlocks S
interlocks []
actuate state mode=None-script, software_lock=False
doing actuation None-script open_channel False
GetData ===>> H2,0.0363050872909764,H1,2788.8873849598,AX,342.186617870129,L1,4.48631233857974,L2,0.77744497236...
Open S ===>> OK
GetIndicatorState S ===>> OK
change switch state (True, True)
update switch state S True args=() kw={} ncanvase=2
00:54:17 -- OPEN   VALVE-S (Microbone to Inlet Pipette)
---------------------------------------- open None (Microbone to Inlet Pipette) result=[(True, True)], time=0.41 sec
action=open, ok=True, locked=[False]
sleep (1,) {}
SLEEP 1.0
GetData ===>> H2,-0.0873393892014788,H1,2787.45665218042,AX,341.856074451641,L1,4.45069674355658,L2,0.737137727...
set_resource () {'name': 'CO2PumpTimeFlag', 'value': 30}
Set CO2PumpTimeFlag 30 ===>> OK
release ('JanCO2Flag',) {}
release JanCO2Flag
Set JanCO2Flag 0 ===>> OK
executed snippet estimated_duration=6.0, duration=5.9442820549
PumpMicrobone.py completed successfully
gosub finished
get_resource_value () {'name': 'JanMiniboneFlag'}
Read JanMiniboneFlag ===>> 0
Get Resource Value JanMiniboneFlag=0.0
get resource value 0.0
get_resource_value () {'name': 'JanMiniboneFlag'}
Read JanMiniboneFlag ===>> 0
Get Resource Value JanMiniboneFlag=0.0
executed snippet estimated_duration=4.0, duration=5.95707607269
jan_pump_extraction_line.py completed successfully
Post Equilibration Finished
00:54:18 -- ******* Post Equilibration Finished *******
GetData ===>> H2,-0.179941612576814,H1,2785.56368374197,AX,341.794465911821,L1,4.39395658759711,L2,0.8258340015...
GetData ===>> H2,-0.151589496870963,H1,2784.96750261513,AX,341.843860321344,L1,4.40350203733305,L2,0.7496103365...
GetData ===>> H2,-0.0414380491597881,H1,2783.62934580855,AX,341.920063839202,L1,4.40840411085814,L2,0.693141808...
GetData ===>> H2,-0.0316909031609075,H1,2782.42468063274,AX,341.697017936733,L1,4.43770336443602,L2,0.783901196...
GetData ===>> H2,-0.0309724339902679,H1,2781.82423252303,AX,341.711882986359,L1,4.43098260312871,L2,0.779150563...
GetData ===>> H2,-0.0262693491608608,H1,2780.10875095565,AX,341.521615420161,L1,4.41365371295326,L2,0.824049109...
GetData ===>> H2,0.000418964384401637,H1,2778.87025051386,AX,341.645332338924,L1,4.3924192497567,L2,0.754313731...
GetData ===>> H2,-0.0376623588523645,H1,2777.73206050087,AX,341.385184997559,L1,4.38627891546879,L2,0.695589309...
GetData ===>> H2,-0.106001257828223,H1,2777.10768465095,AX,340.998179488859,L1,4.41118068822652,L2,0.8123909166...
GetData ===>> H2,-0.0980665089701544,H1,2775.86644844595,AX,341.206825201052,L1,4.40174414600709,L2,0.653235758...
GetData ===>> H2,0.00771981678980718,H1,2773.87164269275,AX,340.846118688205,L1,4.3794006195296,L2,0.7602762748...
GetData ===>> H2,0.025976151979759,H1,2773.96079795872,AX,340.486069201435,L1,4.4011138819129,L2,0.736050741615...
GetData ===>> H2,-0.00273638053648606,H1,2772.56505141418,AX,340.592152401104,L1,4.4017192857892,L2,0.717081964...
GetData ===>> H2,-0.0576458458293996,H1,2771.13977427192,AX,340.092037120024,L1,4.403946668716,L2,0.73634823117...
GetData ===>> H2,-0.0182440107025389,H1,2770.10959977269,AX,339.936460326592,L1,4.37057131332051,L2,0.808512793...
GetData ===>> H2,-0.0406740546559128,H1,2769.23728040628,AX,340.377663757571,L1,4.33292884376791,L2,0.802207639...
GetData ===>> H2,-0.107942816464302,H1,2768.29248909676,AX,339.990494222898,L1,4.34717882692002,L2,0.7251358006...
GetData ===>> H2,-0.0855857482455732,H1,2767.17783339148,AX,339.742746000153,L1,4.37349131938821,L2,0.863805144...
GetData ===>> H2,-0.0112173489256658,H1,2765.15511894118,AX,339.764751338158,L1,4.38529961506877,L2,0.777902846...
00:54:39 -- collecting point 25
GetData ===>> H2,0.0589644064226069,H1,2764.35257563446,AX,339.80548669486,L1,4.39354739140917,L2,0.76058528423...
GetData ===>> H2,-0.00988381926182772,H1,2763.35899345946,AX,339.393523171736,L1,4.37225315186381,L2,0.72633706...
GetData ===>> H2,-0.00212831525845345,H1,2761.97427329901,AX,339.245850168271,L1,4.38719982151765,L2,0.69263859...
GetData ===>> H2,-0.0324745126018255,H1,2761.3340439265,AX,339.370546679957,L1,4.39958734388781,L2,0.7246552971...
GetData ===>> H2,-0.00733187078154305,H1,2760.58095270337,AX,339.085654809243,L1,4.35180037944115,L2,0.85131810...
GetData ===>> H2,-0.05466156652089,H1,2758.80458315269,AX,338.826272317594,L1,4.31920185145059,L2,0.80502432492...
GetData ===>> H2,-0.0763906192749835,H1,2757.3735671273,AX,338.657967918232,L1,4.35554415181908,L2,0.8106520336...
GetData ===>> H2,-0.0492105250235781,H1,2756.08254145888,AX,338.654980500985,L1,4.34517816107195,L2,0.768677107...
GetData ===>> H2,-0.021746891599187,H1,2755.71095170443,AX,338.486443976914,L1,4.34270368318684,L2,0.7215435233...
GetData ===>> H2,-0.120237246452995,H1,2754.29907403699,AX,338.443364899682,L1,4.33897540295617,L2,0.6896422190...
GetData ===>> H2,-0.0687614354126132,H1,2752.62286382645,AX,338.329363602857,L1,4.2979854849271,L2,0.8090390191...
GetData ===>> H2,0.0642422967420376,H1,2751.91978276562,AX,338.269780802795,L1,4.28054386590334,L2,0.7820123627...
GetData ===>> H2,0.00863258168500776,H1,2751.38049029137,AX,337.900819044852,L1,4.28533315244945,L2,0.788652064...
GetData ===>> H2,-0.148810335179355,H1,2750.91178077319,AX,338.055191504518,L1,4.29581786499055,L2,0.7723398256...
GetData ===>> H2,-0.0313961868816078,H1,2748.41177376533,AX,338.017185292603,L1,4.32660247967703,L2,0.797742331...
GetData ===>> H2,-0.0207459842626269,H1,2747.65976614738,AX,337.871878218524,L1,4.33916937388334,L2,0.642684582...
GetData ===>> H2,-0.041311851113573,H1,2746.18488571118,AX,337.788932274353,L1,4.31945249869793,L2,0.7179971393...
GetData ===>> H2,-0.136314601191018,H1,2745.6569446235,AX,337.092354472844,L1,4.29410471285725,L2,0.69653859106...
GetData ===>> H2,0.0482854600262346,H1,2745.60427030758,AX,336.983730066978,L1,4.29180536204143,L2,0.7323665242...
GetData ===>> H2,0.0346553718854142,H1,2744.44866572395,AX,337.377682479584,L1,4.25964746502142,L2,0.7246781782...
GetData ===>> H2,0.0252261868613804,H1,2742.22780095507,AX,337.349370686645,L1,4.30077527831448,L2,0.8382948471...
GetData ===>> H2,0.00896179348722311,H1,2742.04075136238,AX,336.79284751809,L1,4.3283873468614,L2,0.74252706878...
GetData ===>> H2,-0.0154928361546114,H1,2740.97787298159,AX,336.785025339512,L1,4.30819695709679,L2,0.674090031...
GetData ===>> H2,-0.0467263621898478,H1,2738.91387671576,AX,336.604850001559,L1,4.29175152166999,L2,0.731119414...
GetData ===>> H2,-0.0128007978957708,H1,2738.65763805696,AX,336.663930076837,L1,4.27803427896909,L2,0.800284096...
00:55:05 -- collecting point 50
GetData ===>> H2,-0.0323332767522443,H1,2737.0967607303,AX,336.34166421603,L1,4.28202803827231,L2,0.80431442079...
GetData ===>> H2,-0.105768519119599,H1,2736.24298882157,AX,336.202674472709,L1,4.29617013165183,L2,0.7141420253...
GetData ===>> H2,-0.0997264695246857,H1,2735.29634904675,AX,336.118137890067,L1,4.30701676181389,L2,0.747092798...
GetData ===>> H2,-0.110332478311496,H1,2734.20392506327,AX,336.121206299556,L1,4.30648206886582,L2,0.7983949406...
GetData ===>> H2,-0.0815317035049792,H1,2733.29660206489,AX,335.930848206301,L1,4.28961322889925,L2,0.767257841...
GetData ===>> H2,-0.120115502332448,H1,2731.28197309049,AX,335.871975299062,L1,4.24771010080257,L2,0.6914949270...
GetData ===>> H2,-0.0477309523051812,H1,2729.93640187384,AX,335.648116198334,L1,4.27176620246507,L2,0.860771937...
GetData ===>> H2,0.060591523730955,H1,2729.11273605682,AX,335.877286604122,L1,4.30670789000988,L2,0.70265767753...
GetData ===>> H2,-0.0895760686336162,H1,2728.41844201147,AX,335.683412471265,L1,4.29970646174471,L2,0.719884714...
GetData ===>> H2,0.0176866435688556,H1,2727.06642680457,AX,335.504898490285,L1,4.33220147504128,L2,0.7323093170...
GetData ===>> H2,-0.03366679934344,H1,2725.82569177299,AX,335.281094449473,L1,4.30203060187864,L2,0.71964447561...
set states for children of D. state=False
handle state [('D', False)]
update switch state D False args=() kw={'refresh': False} ncanvase=2
refresh_canvas_needed fired
GetData ===>> H2,-0.00849982854150053,H1,2724.72593545545,AX,335.197399052223,L1,4.29951717155145,L2,0.69431980...
State checksums do not match. Local:1823859597 Remote:-2064761812
State checksum failed
GetData ===>> H2,-0.0189843369365095,H1,2723.85109388771,AX,335.268775646031,L1,4.29152306651731,L2,0.775476139...
set states for children of B. state=False
handle state [('B', False)]
update switch state B False args=() kw={'refresh': False} ncanvase=2
refresh_canvas_needed fired
GetData ===>> H2,0.0807358463984892,H1,2722.33485029352,AX,334.68718456109,L1,4.27021876130503,L2,0.79578453140...
GetData ===>> H2,-0.0501986096561309,H1,2721.77799027708,AX,334.470048789618,L1,4.25979428645048,L2,0.749175484...
GetData ===>> H2,-0.0872527291289227,H1,2720.16790685033,AX,334.816356803473,L1,4.22801776796756,L2,0.779711469...
GetData ===>> H2,-0.0145824248604341,H1,2719.48244781843,AX,334.34956848296,L1,4.25572609699254,L2,0.7691578311...
GetData ===>> H2,-0.0650082429654538,H1,2718.96454531133,AX,334.568360179303,L1,4.23976392216636,L2,0.666737925...
GetData ===>> H2,-0.106742742383387,H1,2717.54333113719,AX,334.309241610144,L1,4.25719246550433,L2,0.7394032734...
GetData ===>> H2,0.073681813163936,H1,2716.01004031424,AX,333.986175761033,L1,4.2464442353764,L2,0.765735587794...
GetData ===>> H2,0.037074854304045,H1,2714.58759512977,AX,334.026845548268,L1,4.23866154295726,L2,0.70189134066...
GetData ===>> H2,0.02908678684636,H1,2713.38206590678,AX,333.905288212782,L1,4.26527591485597,L2,0.758994468524...
GetData ===>> H2,-0.0520428954158404,H1,2713.17310373712,AX,333.496067132764,L1,4.27986295306787,L2,0.805413629...
GetData ===>> H2,-0.0520442523961993,H1,2711.78368160048,AX,333.7151078188,L1,4.24734093703584,L2,0.75338676722...
GetData ===>> H2,0.00916177388581121,H1,2710.49822497904,AX,333.580590481012,L1,4.21424948547222,L2,0.803455672...
00:55:31 -- collecting point 75
GetData ===>> H2,-0.0428709095688389,H1,2709.50157606849,AX,333.271140251938,L1,4.22397827158992,L2,0.793105501...
GetData ===>> H2,-0.190792668710915,H1,2708.9880074432,AX,333.042478966497,L1,4.26471455272512,L2,0.77856676743...
GetData ===>> H2,-0.149316792951379,H1,2707.60316422187,AX,333.17148403154,L1,4.21281491492511,L2,0.79863537659...
GetData ===>> H2,-0.130664233249035,H1,2706.21819515249,AX,332.808614771911,L1,4.19506242863067,L2,0.6867831719...
GetData ===>> H2,-0.0461724421750789,H1,2706.12118420477,AX,332.771804642096,L1,4.19810821283189,L2,0.695337694...
GetData ===>> H2,-0.0689228306317416,H1,2704.44686995046,AX,332.646944313113,L1,4.21969920250618,L2,0.807073916...
GetData ===>> H2,-0.148618550597923,H1,2702.93832333081,AX,332.518620589464,L1,4.23692466286326,L2,0.7360621835...
GetData ===>> H2,-0.0750039986622871,H1,2701.07629956627,AX,332.823327686984,L1,4.27563283270191,L2,0.802528233...
GetData ===>> H2,-0.0977902766673089,H1,2701.10171883341,AX,332.711272424436,L1,4.24028537209546,L2,0.690602878...
GetData ===>> H2,-0.199370612127554,H1,2699.93801212475,AX,332.475110872213,L1,4.22151921982538,L2,0.6936221543...
GetData ===>> H2,-0.0572647155468822,H1,2699.25392060213,AX,332.273179885218,L1,4.25931748667356,L2,0.667286741...
GetData ===>> H2,-0.00763372929682908,H1,2698.72631343294,AX,332.246360315862,L1,4.2271435434025,L2,0.767875906...
GetData ===>> H2,-0.0369252611145878,H1,2697.64294247686,AX,332.125106656751,L1,4.20289515700602,L2,0.750857686...
GetData ===>> H2,-0.136241589011516,H1,2696.21832035608,AX,332.082971726722,L1,4.22771715543457,L2,0.7094177199...
GetData ===>> H2,0.0264552843223366,H1,2694.89149648529,AX,331.733876939744,L1,4.22576553271541,L2,0.7806386886...
GetData ===>> H2,0.0143652160668705,H1,2693.82762309696,AX,331.45448581622,L1,4.19970896856275,L2,0.63167738669...
GetData ===>> H2,-0.0427528682222962,H1,2693.45014418961,AX,331.530464584026,L1,4.21495595390252,L2,0.704842343...
GetData ===>> H2,0.00710908043444485,H1,2691.97469367408,AX,331.545393243682,L1,4.19436668771221,L2,0.681465570...
GetData ===>> H2,-0.0669262514642754,H1,2690.54002615656,AX,331.175766968634,L1,4.19095581516791,L2,0.671883196...
GetData ===>> H2,0.00487316641545827,H1,2690.60859544468,AX,331.114156555826,L1,4.19777039908219,L2,0.747859496...
GetData ===>> H2,0.0405919183620705,H1,2688.32179730139,AX,330.693757798582,L1,4.21236093538758,L2,0.7879995217...
GetData ===>> H2,-0.0596828454274876,H1,2687.8145168409,AX,330.852038929761,L1,4.24537758054511,L2,0.8259713023...
GetData ===>> H2,0.00183824667032158,H1,2687.09634549139,AX,330.898262560274,L1,4.26402379279767,L2,0.670076603...
GetData ===>> H2,-0.0775643028682855,H1,2685.20811845279,AX,330.686620074604,L1,4.21836701772383,L2,0.758010236...
GetData ===>> H2,-0.0301221643227705,H1,2683.98137637672,AX,330.617036821916,L1,4.24340727560005,L2,0.751063672...
00:55:58 -- collecting point 100
GetData ===>> H2,-0.118677470218438,H1,2683.02773883658,AX,330.689656714171,L1,4.2543601640039,L2,0.75509193154...
GetData ===>> H2,-0.107316412552828,H1,2681.62067746865,AX,330.510516902867,L1,4.24694853111264,L2,0.7517617394...
GetData ===>> H2,-0.0536494469168019,H1,2680.6135284655,AX,330.016346828598,L1,4.1929521371868,L2,0.63765517730...
GetData ===>> H2,-0.0547524629403164,H1,2679.65626467441,AX,329.63753503974,L1,4.22203595692113,L2,0.8322301382...
GetData ===>> H2,0.0538022616626225,H1,2678.24960051964,AX,329.903360841136,L1,4.19612061087335,L2,0.7439116406...
GetData ===>> H2,0.0473903209655249,H1,2677.29442273272,AX,329.992114000268,L1,4.21358222233426,L2,0.7498392069...
GetData ===>> H2,0.0301597098299275,H1,2676.42102885407,AX,329.686846683097,L1,4.25594262594749,L2,0.7993337893...
set states for children of C. state=False
handle state [('C', False)]
update switch state C False args=() kw={'refresh': False} ncanvase=2
refresh_canvas_needed fired
GetData ===>> H2,-0.158208057354988,H1,2675.44971436558,AX,329.844460100891,L1,4.25227087310263,L2,0.7845995023...
State checksums do not match. Local:968834110 Remote:-1735986017
State checksum failed
GetData ===>> H2,-0.0724743021941913,H1,2674.38486344256,AX,329.916209383252,L1,4.23465953898531,L2,0.663788094...
set states for children of B. state=True
handle state [('B', True)]
update switch state B True args=() kw={'refresh': False} ncanvase=2
refresh_canvas_needed fired
GetData ===>> H2,-0.063141654798206,H1,2673.16145740364,AX,329.658971027724,L1,4.23394524107489,L2,0.7167959744...
GetData ===>> H2,-0.0660241493818908,H1,2672.26686980326,AX,329.177692274492,L1,4.24293944760576,L2,0.705368500...
GetData ===>> H2,0.0666866600558039,H1,2671.5472883366,AX,329.070636102201,L1,4.18471000607362,L2,0.78403856792...
GetData ===>> H2,-0.00391568995648852,H1,2669.6087364358,AX,328.944541653005,L1,4.19701941327022,L2,0.692066757...
GetData ===>> H2,-0.0407676908401847,H1,2669.35949543817,AX,329.017643422894,L1,4.21487326451463,L2,0.706935550...
GetData ===>> H2,0.00971683987556691,H1,2667.85312917266,AX,328.871587423016,L1,4.2082382813272,L2,0.6803334745...
GetData ===>> H2,0.0559944569948212,H1,2666.32538521349,AX,328.751557081876,L1,4.23896508670637,L2,0.7738392912...
GetData ===>> H2,0.103182736532081,H1,2665.99610356203,AX,328.622499585024,L1,4.22657141045463,L2,0.79341461608...
GetData ===>> H2,-0.05269558430106,H1,2664.96241825087,AX,328.54591789413,L1,4.21545935579855,L2,0.765472343358...
GetData ===>> H2,-0.040684911064547,H1,2663.61245032449,AX,328.279335189543,L1,4.20050217464137,L2,0.7193470378...
GetData ===>> H2,0.101316260373887,H1,2662.84031502789,AX,328.290865325457,L1,4.18819641910524,L2,0.60049224602...
GetData ===>> H2,0.125601291140815,H1,2661.71231364356,AX,328.191833645879,L1,4.15366995636598,L2,0.67994467680...
measurement finished
estimated time: 125.829 actual time: :126.411
flush and close file /Users/jan/PychronDev/data/isotopes/c5/1f6d8f-7cd1-43df-a1a4-656760fc9c86.h5
baselines () {'settling_time': 15.0, 'detector': 'H1', 'mass': 34.2, 'ncounts': 60}
%%%%%%%%%%%%%%%%%%%%%%%%%%%%%%%% Baseline
build tables- baseline [Detector(H2), Detector(H1), Detector(AX), Detector(L1), Detector(L2), Detector(CDD)]
add group baseline table H2
add group baseline table H1
add group baseline table AX
add group baseline table L1
add group baseline table L2
add group baseline table CDD
flush and close file /Users/jan/PychronDev/data/isotopes/c5/1f6d8f-7cd1-43df-a1a4-656760fc9c86.h5
detector Detector(H1)
POSITION 34.2 H1
Mapping mass to dac mass func: "parabolic"
H1 map mass coeffs = [-0.00063987  0.15840543  0.57111999]
H1 map mass to dac 34.2 >> 5.24016599104
GetDeflection H1 ===>> 0
GetHighVoltage ===>> 4500
positioning 34.2 (5.24016599104) on H1
setting magnet DAC
current  : 5.879510
requested: 5.240166
Delta Dac: 0.639344
Checking detector protection. dv=0.63934
Checking detector "CDD". Protection Threshold: 0.1 (V)
ProtectDetector CDD,On ===>> OK
GetDeflection CDD ===>> 2000
Protected = 2000
SetMagnetDAC 5.24016599104 ===>> OK
Magnet settling time: 0.500
GetMagnetMoving ===>> True
GetMagnetMoving ===>> True
GetMagnetMoving ===>> True
GetMagnetMoving ===>> True
GetMagnetMoving ===>> True
GetMagnetMoving ===>> True
GetMagnetMoving ===>> True
GetMagnetMoving ===>> True
GetMagnetMoving ===>> False
ProtectDetector CDD,Off ===>> OK
GetDeflection CDD ===>> 50
Delaying 15.0s for detectors to settle
set states for children of B. state=False
handle state [('B', False)]
update switch state B False args=() kw={'refresh': False} ncanvase=2
refresh_canvas_needed fired
Join finished
measuring baseline. ncounts=60
"baseline" increment series count="2" fit count="1" regressing="True"
starting measurement
GetData ===>> H2,-0.177778250981095,H1,-0.124137107277788,AX,-0.190399638645322,L1,-0.0877494613263033,L2,-0.06...
GetData ===>> H2,-0.203068696597282,H1,-0.178393757619299,AX,-0.0747263297116288,L1,-0.0544011381243191,L2,0.01...
GetData ===>> H2,-0.107221704851688,H1,-0.0836943090019691,AX,-0.18863807701027,L1,-0.0799780151962242,L2,0.021...
GetData ===>> H2,-0.176756482382992,H1,-0.0165938698121203,AX,-0.0907218042219019,L1,-0.053841377903804,L2,0.00...
GetData ===>> H2,-0.0892765930436538,H1,-0.0821091210696732,AX,-0.147869872784895,L1,-0.0901224709536115,L2,-0....
GetData ===>> H2,-0.0862682784965851,H1,-0.131160775350181,AX,-0.0711791508950691,L1,-0.107683277470838,L2,-0.0...
GetData ===>> H2,-0.238535719381882,H1,-0.05391718646075,AX,-0.103921885525081,L1,-0.0481295863629961,L2,-0.049...
GetData ===>> H2,-0.251153021594556,H1,0.00436337068119315,AX,-0.0331721737214058,L1,-0.0573326689968325,L2,0.0...
GetData ===>> H2,-0.109409090787172,H1,0.0138593873038719,AX,-0.00547500953469804,L1,-0.0237493683865517,L2,0.0...
GetData ===>> H2,-0.134819109838267,H1,0.00884881401581623,AX,-0.0175847896844949,L1,-0.0309617895022112,L2,-0....
GetData ===>> H2,-0.212283704222979,H1,-0.023391804364503,AX,-0.0751784118388565,L1,-0.0656760827030693,L2,0.02...
GetData ===>> H2,-0.201835237351135,H1,-0.0141131050260811,AX,-0.223075455943587,L1,-0.0670990586168814,L2,0.10...
GetData ===>> H2,-0.168301751424151,H1,-0.0520930794989159,AX,-0.0886124066610485,L1,0.00675307989584324,L2,0.0...
GetData ===>> H2,-0.188120322409132,H1,-0.0112267532276221,AX,-0.092750027980088,L1,-0.0109814712816866,L2,0.03...
GetData ===>> H2,-0.122305344315417,H1,-0.069998886776834,AX,-0.0938858148165605,L1,-0.0464707158140735,L2,-0.0...
GetData ===>> H2,-0.126030756893556,H1,0.00272909686882556,AX,-0.018617067151399,L1,-0.00560678353315285,L2,-0....
GetData ===>> H2,-0.298589519145049,H1,0.0206240590822528,AX,-0.135637238090857,L1,-0.0213053171486613,L2,-0.12...
GetData ===>> H2,-0.229040034294719,H1,0.0379732961208525,AX,-0.0902002541357935,L1,-0.0148129328998813,L2,-0.0...
GetData ===>> H2,-0.216260316304112,H1,0.0804712665232855,AX,0.0130289530506053,L1,-0.0184229950046437,L2,0.013...
GetData ===>> H2,-0.255956994104198,H1,-0.00485740147657658,AX,-0.0264573790786611,L1,-0.0341194888637795,L2,0....
GetData ===>> H2,-0.241541630792119,H1,0.0470309354844158,AX,-0.129424607553108,L1,-0.0166852895779024,L2,-0.08...
GetData ===>> H2,-0.243135125822645,H1,0.0791354720539374,AX,-0.0955894702109837,L1,0.0110612425123101,L2,0.019...
GetData ===>> H2,-0.191482899826542,H1,0.069075808282393,AX,-0.0442233226736333,L1,0.0086309242863991,L2,-0.049...
GetData ===>> H2,-0.153017295871414,H1,0.032042716645875,AX,0.00496566545834687,L1,0.0110132305503992,L2,0.0055...
00:57:03 -- collecting point 25
GetData ===>> H2,-0.0801782274752517,H1,0.128786523505142,AX,-0.144739392368877,L1,0.0248621566097943,L2,-0.084...
GetData ===>> H2,-0.129864423833212,H1,0.0279619183102266,AX,-0.137318591869456,L1,-0.0264456461176901,L2,-0.12...
GetData ===>> H2,-0.226348743426799,H1,0.032042716645875,AX,0.0138759270562242,L1,-0.028096609583107,L2,0.02121...
GetData ===>> H2,-0.177652728234146,H1,0.0854806544843047,AX,0.0198629671601545,L1,-0.0291172438657522,L2,-0.08...
GetData ===>> H2,-0.200036707121422,H1,0.0581184104798239,AX,0.0224272965745252,L1,0.0221689541549409,L2,0.1170...
GetData ===>> H2,-0.133883313357694,H1,0.044978276101726,AX,0.0660397555802977,L1,0.0283812174318173,L2,0.02062...
GetData ===>> H2,-0.182176067442608,H1,-0.048921677130198,AX,-0.0851584591616297,L1,-0.0280726497874522,L2,-0.1...
GetData ===>> H2,-0.0918957208957951,H1,0.0517927899341909,AX,-0.0393994707486018,L1,-0.0563368345190539,L2,0.0...
GetData ===>> H2,-0.154169952902115,H1,0.00678500794395478,AX,-0.100561191921415,L1,-0.0289842797750945,L2,-0.0...
GetData ===>> H2,-0.136683711128288,H1,-0.0647419214152343,AX,0.00335308808570525,L1,-0.0157593501915304,L2,0.0...
GetData ===>> H2,-0.208172305099052,H1,0.0312432488997374,AX,-0.0769867193436258,L1,-0.0244672480389219,L2,-0.0...
GetData ===>> H2,-0.30713525418763,H1,0.011151260597342,AX,-0.212903098467111,L1,-0.0380428716245638,L2,-0.0765...
GetData ===>> H2,-0.288201146703803,H1,0.0725402480397765,AX,-0.0421940871775129,L1,-0.0191820226537469,L2,-0.0...
GetData ===>> H2,-0.186802793371131,H1,0.0598968172801807,AX,-0.0411736556252744,L1,-0.0212921303671296,L2,0.05...
GetData ===>> H2,-0.144057984168108,H1,0.0495729499062627,AX,-0.0918228452226036,L1,-0.0135418926685289,L2,0.10...
GetData ===>> H2,-0.161053725718798,H1,0.0718246983179462,AX,-0.129853264963638,L1,-0.0248627191142962,L2,-0.18...
GetData ===>> H2,-0.213976594935866,H1,0.0554329567160618,AX,-0.0820521197768654,L1,-0.0197947188433086,L2,0.01...
GetData ===>> H2,-0.249002470526804,H1,0.057903571528173,AX,-0.046356873220508,L1,-0.0108160283953272,L2,-0.025...
GetData ===>> H2,-0.260517698422751,H1,0.0538336540275576,AX,-0.0694171055036393,L1,0.0265051338077846,L2,-0.01...
GetData ===>> H2,-0.254673177042923,H1,0.108312324446591,AX,-0.0108341210742707,L1,0.0295836799052356,L2,-0.048...
GetData ===>> H2,-0.219832600064086,H1,0.0378420320088726,AX,-0.0189998189355238,L1,0.00496268723524407,L2,-0.0...
GetData ===>> H2,-0.190301931924035,H1,0.080125389460073,AX,-0.0550297384549284,L1,-0.0184565708978835,L2,-0.01...
GetData ===>> H2,-0.128629032256138,H1,0.0169255046450047,AX,-0.143684281823533,L1,-0.0201711907527892,L2,-0.08...
GetData ===>> H2,-0.0886816837421449,H1,0.0232011971440961,AX,0.00611420807755205,L1,-0.0152423702816652,L2,-0....
GetData ===>> H2,-0.206058097647871,H1,0.0100656444711468,AX,-0.00823580081291773,L1,-0.00552161924605982,L2,-0...
set states for children of V. state=False
handle state [('V', False)]
update switch state V False args=() kw={'refresh': False} ncanvase=2
refresh_canvas_needed fired
00:57:30 -- collecting point 50
GetData ===>> H2,-0.147752778416554,H1,0.0300142288453876,AX,-0.134674794917713,L1,-0.00470592479165915,L2,-0.0...
GetData ===>> H2,-0.189821959978371,H1,0.0745557405737564,AX,0.0277882396220033,L1,0.0162851099403701,L2,-0.134...
set states for children of H. state=True
handle state [('H', True)]
update switch state H True args=() kw={'refresh': False} ncanvase=2
refresh_canvas_needed fired
GetData ===>> H2,-0.293273705470766,H1,0.00412478889935137,AX,-0.0831184862668264,L1,0.0084641239426519,L2,0.04...
GetData ===>> H2,-0.320653020630158,H1,0.100438746819154,AX,0.0449057805431841,L1,0.0432172046110171,L2,-0.0722...
GetData ===>> H2,-0.355852354901603,H1,0.0559700417068989,AX,-0.0357118457638906,L1,0.0472418289455696,L2,0.008...
GetData ===>> H2,-0.309054131912482,H1,0.0483079017982615,AX,-0.134394600431787,L1,-0.0142921549217401,L2,-0.09...
GetData ===>> H2,-0.192708225973444,H1,0.0243346816495517,AX,-0.00958136817875298,L1,-0.00974777733613497,L2,-0...
GetData ===>> H2,-0.187575528588069,H1,0.0342502353646747,AX,-0.120978512767594,L1,0.00666549569846666,L2,-0.02...
GetData ===>> H2,-0.206905714574049,H1,-0.000300800048002969,AX,-0.0264805743307414,L1,-0.0281816663966381,L2,-...
GetData ===>> H2,-0.198510293755687,H1,0.0604577977905809,AX,-0.0102889435550157,L1,-0.0175907566997344,L2,0.01...
GetData ===>> H2,-0.213012338217345,H1,0.0216859273771021,AX,-0.0921125907835089,L1,-0.0260310655481855,L2,0.00...
measurement finished
estimated time: 62.915 actual time: :63.241
flush and close file /Users/jan/PychronDev/data/isotopes/c5/1f6d8f-7cd1-43df-a1a4-656760fc9c86.h5
activate_detectors ('H1', 'AX', 'CDD') {'peak_center': True}
peak_center () {'detector': 'H1', 'integration_time': 0.262144, 'isotope': 'Ar40'}
peak center: mean=2666.38176354 threshold=3
peak center started
setup peak center. detector=['H1', 'AX', 'CDD'], isotope=Ar40
VersionedUnpickler [<apptools.sweet_pickle.versioned_unpickler.VersionedUnpickler object at 0x19eecb5f0>] using Updater [<apptools.sweet_pickle.updater.Updater object at 0x134a15590>]
VersionedUnpickler [<apptools.sweet_pickle.versioned_unpickler.VersionedUnpickler object at 0x19eecb5f0>] using Updater [<apptools.sweet_pickle.updater.Updater object at 0x134a15590>]
VersionedUnpickler [<apptools.sweet_pickle.versioned_unpickler.VersionedUnpickler object at 0x1bcc63350>] using Updater [<apptools.sweet_pickle.updater.Updater object at 0x134a15590>]
setting integration time = 0.524288
SetIntegrationTime 0.524288 ===>> OK
Mapping mass to dac mass func: "parabolic"
H1 map mass coeffs = [-0.00063987  0.15840543  0.57111999]
H1 map mass to dac 39.9624 >> 5.87951
GetDeflection H1 ===>> 0
GetHighVoltage ===>> 4500
do peak center. <pychron.spectrometer.jobs.peak_center.PeakCenter object at 0x134a156b0>
doing pc
starting peak center. center dac= 5.87951 step_width=0.001
width = 0.001
get scan parameters. half-width=0.015,window=0.015, i=0, scalar=1
Scan parameters center=5.87951 width=0.03000 (5.86451 - 5.89451)
GetData ===>> H2,-0.122696198177832,H1,0.102621813141357,AX,-0.0273155997249413,L1,-0.0417523291957475,L2,-0.09...
Moving to starting dac 5.86451
setting magnet DAC
current  : 5.240166
requested: 5.864510
Delta Dac: 0.624344
Checking detector protection. dv=0.62434
Checking detector "CDD". Protection Threshold: 0.1 (V)
ProtectDetector CDD,On ===>> OK
GetDeflection CDD ===>> 2000
Protected = 2000
SetMagnetDAC 5.86451 ===>> OK
Magnet settling time: 0.500
GetMagnetMoving ===>> True
GetMagnetMoving ===>> True
GetMagnetMoving ===>> True
GetMagnetMoving ===>> True
GetMagnetMoving ===>> True
GetMagnetMoving ===>> True
GetMagnetMoving ===>> True
GetMagnetMoving ===>> True
GetMagnetMoving ===>> True
GetMagnetMoving ===>> False
ProtectDetector CDD,Off ===>> OK
GetDeflection CDD ===>> 50
Wait until signal near baseline. tol= 0.076966359856. timeout= 10
GetData ===>> H2,109.923458592019,H1,39.5285521969976,AX,1.67535686567961,L1,0.00825137291306143,L2,-0.07635207...
GetData ===>> H2,151.117372901775,H1,92.746260286376,AX,8.97344626759213,L1,0.0179782780932676,L2,-0.0051922333...
GetData ===>> H2,119.520747780325,H1,44.4831963600516,AX,4.01216856816284,L1,0.0243376229077337,L2,0.0560621841...
GetData ===>> H2,62.0077896586931,H1,22.6949023149993,AX,1.85606618336252,L1,0.0413972941594559,L2,0.0947622021...
GetData ===>> H2,25.0709949310799,H1,12.4438793789026,AX,0.889260610643683,L1,0.0489714715779148,L2,-0.04683376...
GetData ===>> H2,8.44812451271477,H1,7.34445515355853,AX,0.390770998207987,L1,0.0419890598295041,L2,-0.06472335...
GetData ===>> H2,2.70729617372313,H1,4.90359602025638,AX,0.347906324055106,L1,0.0359383293407487,L2,-0.04114299...
GetData ===>> H2,1.18888504686212,H1,3.69970087961524,AX,0.271568337283954,L1,-0.000603659323797224,L2,-0.00831...
GetData ===>> H2,0.8970930978665,H1,3.12376286985401,AX,0.25619646164058,L1,-0.0407020340858618,L2,-0.162000526...
GetData ===>> H2,0.86208810043997,H1,2.81733562838784,AX,0.379750839270741,L1,-0.00557559669472218,L2,-0.037090...
GetData ===>> H2,0.86208810043997,H1,2.81733562838784,AX,0.379750839270741,L1,-0.00557559669472218,L2,-0.037090...
GetData ===>> H2,0.907684562996501,H1,2.72837179185965,AX,0.216918632970849,L1,0.0169343749683821,L2,0.03719647...
GetData ===>> H2,0.848910903624975,H1,2.64618554087035,AX,0.204873818496471,L1,0.0207193383614186,L2,0.01352845...
GetData ===>> H2,0.732653060281368,H1,2.61892573162663,AX,0.164039287061838,L1,0.0281710114430964,L2,0.02318630...
GetData ===>> H2,0.609006737059307,H1,2.57157681819666,AX,0.198190633071506,L1,0.0113135557093995,L2,-0.0392991...
GetData ===>> H2,0.542266735250502,H1,2.58870201055517,AX,0.154320406149612,L1,0.0270515882087285,L2,-0.1122167...
GetData ===>> H2,0.519683530021654,H1,2.52246361141306,AX,0.293980323977875,L1,-0.00326030389995105,L2,-0.07867...
GetData ===>> H2,0.506140062460409,H1,2.55566191970213,AX,0.134839173454813,L1,-0.0151022794634082,L2,-0.085795...
GetData ===>> H2,0.475022680982137,H1,2.4744841110538,AX,0.329013727906854,L1,-0.0115017594460879,L2,-0.0976942...
GetData ===>> H2,0.506484499253973,H1,2.45940470466477,AX,0.292006004205299,L1,-0.0210132552718258,L2,-0.080243...
GetData ===>> H2,0.402732623060116,H1,2.5617232936108,AX,0.22288357205229,L1,-0.00868660764255176,L2,-0.0367494...
Peak center failed to move to a baseline position
_do_sweep sm= 5.86451, em= 5.89451, stm= 0.001
calculated step values: start=5.86451, end=5.89451, width=0.001, nsteps=31.0
setting magnet DAC
current  : 5.864510
requested: 5.864510
Delta Dac: 0.000000
Checking detector protection. dv=0.00000
Checking detector "CDD". Protection Threshold: 0.1 (V)
SetMagnetDAC 5.86451 ===>> OK
GetData ===>> H2,0.402732623060116,H1,2.5617232936108,AX,0.22288357205229,L1,-0.00868660764255176,L2,-0.0367494...
setting magnet DAC
current  : 5.864510
requested: 5.865544
Delta Dac: 0.001034
Checking detector protection. dv=0.00103
Checking detector "CDD". Protection Threshold: 0.1 (V)
SetMagnetDAC 5.86554448276 ===>> OK
Magnet settling time: 1.049
GetData ===>> H2,0.285236584793105,H1,5.05269834469793,AX,0.350764932320911,L1,0.0103015176308191,L2,-0.0800156...
setting magnet DAC
current  : 5.865544
requested: 5.866579
Delta Dac: 0.001034
Checking detector protection. dv=0.00103
Checking detector "CDD". Protection Threshold: 0.1 (V)
SetMagnetDAC 5.86657896552 ===>> OK
Magnet settling time: 1.049
GetData ===>> H2,0.0850050504653481,H1,15.9515634176822,AX,1.60012431408408,L1,0.0440797619348495,L2,-0.0693431...
setting magnet DAC
current  : 5.866579
requested: 5.867613
Delta Dac: 0.001034
Checking detector protection. dv=0.00103
Checking detector "CDD". Protection Threshold: 0.1 (V)
SetMagnetDAC 5.86761344828 ===>> OK
Magnet settling time: 1.049
set states for children of H. state=False
handle state [('H', False)]
update switch state H False args=() kw={'refresh': False} ncanvase=2
refresh_canvas_needed fired
GetData ===>> H2,0.201096141721104,H1,57.2679717591011,AX,4.66596314827747,L1,0.0231489920567269,L2,-0.07068581...
setting magnet DAC
current  : 5.867613
requested: 5.868648
Delta Dac: 0.001034
Checking detector protection. dv=0.00103
Checking detector "CDD". Protection Threshold: 0.1 (V)
SetMagnetDAC 5.86864793103 ===>> OK
Magnet settling time: 1.049
GetData ===>> H2,0.234306343896758,H1,192.431582207595,AX,15.6601768254622,L1,0.0751551214894476,L2,0.045056734...
setting magnet DAC
current  : 5.868648
requested: 5.869682
Delta Dac: 0.001034
Checking detector protection. dv=0.00103
Checking detector "CDD". Protection Threshold: 0.1 (V)
SetMagnetDAC 5.86968241379 ===>> OK
Magnet settling time: 1.049
set states for children of C. state=True
set states for children of B. state=True
set states for children of D. state=True
handle state [('C', True), ('B', True), ('D', True)]
update switch state C True args=() kw={'refresh': True} ncanvase=2
update switch state B True args=() kw={'refresh': True} ncanvase=2
update switch state D True args=() kw={'refresh': False} ncanvase=2
refresh_canvas_needed fired
GetData ===>> H2,0.191005423397639,H1,485.91632274641,AX,41.4462396854858,L1,0.227359686072573,L2,0.04049998249...
setting magnet DAC
current  : 5.869682
requested: 5.870717
Delta Dac: 0.001034
Checking detector protection. dv=0.00103
Checking detector "CDD". Protection Threshold: 0.1 (V)
SetMagnetDAC 5.87071689655 ===>> OK
Magnet settling time: 1.049
GetData ===>> H2,0.128825397937016,H1,1393.08926549012,AX,136.611208271437,L1,0.907371567213842,L2,-0.102380701...
setting magnet DAC
current  : 5.870717
requested: 5.871751
Delta Dac: 0.001034
Checking detector protection. dv=0.00103
Checking detector "CDD". Protection Threshold: 0.1 (V)
SetMagnetDAC 5.87175137931 ===>> OK
Magnet settling time: 1.049
GetData ===>> H2,-0.0379229786860911,H1,1989.88587562433,AX,214.950067985559,L1,1.62743766877772,L2,0.256317920...
setting magnet DAC
current  : 5.871751
requested: 5.872786
Delta Dac: 0.001034
Checking detector protection. dv=0.00103
Checking detector "CDD". Protection Threshold: 0.1 (V)
SetMagnetDAC 5.87278586207 ===>> OK
Magnet settling time: 1.049
GetData ===>> H2,-0.0821223592713268,H1,2337.60736476237,AX,270.976601606825,L1,2.39300547074763,L2,0.436368833...
setting magnet DAC
current  : 5.872786
requested: 5.873820
Delta Dac: 0.001034
Checking detector protection. dv=0.00103
Checking detector "CDD". Protection Threshold: 0.1 (V)
SetMagnetDAC 5.87382034483 ===>> OK
Magnet settling time: 1.049
GetData ===>> H2,-0.0309330459020182,H1,2481.21444612033,AX,299.280595010468,L1,3.01509544432746,L2,0.422052925...
setting magnet DAC
current  : 5.873820
requested: 5.874855
Delta Dac: 0.001034
Checking detector protection. dv=0.00103
Checking detector "CDD". Protection Threshold: 0.1 (V)
SetMagnetDAC 5.87485482759 ===>> OK
Magnet settling time: 1.049
GetData ===>> H2,-0.0424421558422783,H1,2526.70570082876,AX,309.824574962961,L1,3.38542694578635,L2,0.516527166...
setting magnet DAC
current  : 5.874855
requested: 5.875889
Delta Dac: 0.001034
Checking detector protection. dv=0.00103
Checking detector "CDD". Protection Threshold: 0.1 (V)
SetMagnetDAC 5.87588931034 ===>> OK
Magnet settling time: 1.049
GetData ===>> H2,-0.018505592148947,H1,2538.23373291474,AX,312.405663926184,L1,3.6418498632615,L2,0.47259054752...
setting magnet DAC
current  : 5.875889
requested: 5.876924
Delta Dac: 0.001034
Checking detector protection. dv=0.00103
Checking detector "CDD". Protection Threshold: 0.1 (V)
SetMagnetDAC 5.8769237931 ===>> OK
Magnet settling time: 1.049
GetData ===>> H2,-0.0460236533224587,H1,2540.25728090724,AX,312.706860770744,L1,3.74557795368778,L2,0.661088706...
setting magnet DAC
current  : 5.876924
requested: 5.877958
Delta Dac: 0.001034
Checking detector protection. dv=0.00103
Checking detector "CDD". Protection Threshold: 0.1 (V)
SetMagnetDAC 5.87795827586 ===>> OK
Magnet settling time: 1.049
GetData ===>> H2,0.0521352201767477,H1,2541.21638575127,AX,312.88442038074,L1,3.88996795470806,L2,0.68178780191...
setting magnet DAC
current  : 5.877958
requested: 5.878993
Delta Dac: 0.001034
Checking detector protection. dv=0.00103
Checking detector "CDD". Protection Threshold: 0.1 (V)
SetMagnetDAC 5.87899275862 ===>> OK
Magnet settling time: 1.049
GetData ===>> H2,0.0539617542428892,H1,2541.65208045608,AX,312.699544672198,L1,3.95019084667899,L2,0.7336465205...
setting magnet DAC
current  : 5.878993
requested: 5.880027
Delta Dac: 0.001034
Checking detector protection. dv=0.00103
Checking detector "CDD". Protection Threshold: 0.1 (V)
SetMagnetDAC 5.88002724138 ===>> OK
Magnet settling time: 1.049
GetData ===>> H2,-0.00968899489916064,H1,2540.98459628585,AX,312.906792573726,L1,4.0047849559511,L2,0.652591033...
setting magnet DAC
current  : 5.880027
requested: 5.881062
Delta Dac: 0.001034
Checking detector protection. dv=0.00103
Checking detector "CDD". Protection Threshold: 0.1 (V)
SetMagnetDAC 5.88106172414 ===>> OK
Magnet settling time: 1.049
GetData ===>> H2,-0.0612622653297989,H1,2539.91071149574,AX,312.475719870231,L1,4.01193965406787,L2,0.714170504...
setting magnet DAC
current  : 5.881062
requested: 5.882096
Delta Dac: 0.001034
Checking detector protection. dv=0.00103
Checking detector "CDD". Protection Threshold: 0.1 (V)
SetMagnetDAC 5.8820962069 ===>> OK
Magnet settling time: 1.049
GetData ===>> H2,-0.0921155040908502,H1,2538.15930881603,AX,312.257032942624,L1,4.02134670831264,L2,0.613290656...
setting magnet DAC
current  : 5.882096
requested: 5.883131
Delta Dac: 0.001034
Checking detector protection. dv=0.00103
Checking detector "CDD". Protection Threshold: 0.1 (V)
SetMagnetDAC 5.88313068966 ===>> OK
Magnet settling time: 1.049
GetData ===>> H2,-0.116043085746999,H1,2533.30843719446,AX,311.569758014232,L1,4.00703903359489,L2,0.7170962263...
setting magnet DAC
current  : 5.883131
requested: 5.884165
Delta Dac: 0.001034
Checking detector protection. dv=0.00103
Checking detector "CDD". Protection Threshold: 0.1 (V)
SetMagnetDAC 5.88416517241 ===>> OK
Magnet settling time: 1.049
GetData ===>> H2,-0.175043421947212,H1,2521.56962709181,AX,308.270989831798,L1,3.98045552070749,L2,0.8450694652...
setting magnet DAC
current  : 5.884165
requested: 5.885200
Delta Dac: 0.001034
Checking detector protection. dv=0.00103
Checking detector "CDD". Protection Threshold: 0.1 (V)
SetMagnetDAC 5.88519965517 ===>> OK
Magnet settling time: 1.049
GetData ===>> H2,-0.213398858816438,H1,2440.0441997028,AX,289.956193559097,L1,3.74465019707902,L2,0.64870793834...
setting magnet DAC
current  : 5.885200
requested: 5.886234
Delta Dac: 0.001034
Checking detector protection. dv=0.00103
Checking detector "CDD". Protection Threshold: 0.1 (V)
SetMagnetDAC 5.88623413793 ===>> OK
Magnet settling time: 1.049
GetData ===>> H2,-0.224770385484066,H1,2216.87428214799,AX,245.052594906211,L1,3.27328355228172,L2,0.3311842305...
setting magnet DAC
current  : 5.886234
requested: 5.887269
Delta Dac: 0.001034
Checking detector protection. dv=0.00103
Checking detector "CDD". Protection Threshold: 0.1 (V)
SetMagnetDAC 5.88726862069 ===>> OK
Magnet settling time: 1.049
GetData ===>> H2,-0.250336694293528,H1,1723.17626334198,AX,168.249450954885,L1,2.52921396385567,L2,0.2380976108...
setting magnet DAC
current  : 5.887269
requested: 5.888303
Delta Dac: 0.001034
Checking detector protection. dv=0.00103
Checking detector "CDD". Protection Threshold: 0.1 (V)
SetMagnetDAC 5.88830310345 ===>> OK
Magnet settling time: 1.049
GetData ===>> H2,-0.247382898352465,H1,1062.6433331474,AX,89.1061568052152,L1,1.7221156487936,L2,0.058044666882...
setting magnet DAC
current  : 5.888303
requested: 5.889338
Delta Dac: 0.001034
Checking detector protection. dv=0.00103
Checking detector "CDD". Protection Threshold: 0.1 (V)
SetMagnetDAC 5.88933758621 ===>> OK
Magnet settling time: 1.049
GetData ===>> H2,-0.259206885335829,H1,498.225693273206,AX,35.1489067224179,L1,1.06482624427488,L2,0.0458997569...
setting magnet DAC
current  : 5.889338
requested: 5.890372
Delta Dac: 0.001034
Checking detector protection. dv=0.00103
Checking detector "CDD". Protection Threshold: 0.1 (V)
SetMagnetDAC 5.89037206897 ===>> OK
Magnet settling time: 1.049
GetData ===>> H2,-0.207404283092742,H1,178.480353311058,AX,10.2340094912087,L1,0.594312945303182,L2,-0.03747795...
setting magnet DAC
current  : 5.890372
requested: 5.891407
Delta Dac: 0.001034
Checking detector protection. dv=0.00103
Checking detector "CDD". Protection Threshold: 0.1 (V)
SetMagnetDAC 5.89140655172 ===>> OK
Magnet settling time: 1.049
GetData ===>> H2,-0.0197025163825671,H1,51.9761561873213,AX,2.1769216755883,L1,0.397996670191918,L2,0.031956658...
setting magnet DAC
current  : 5.891407
requested: 5.892441
Delta Dac: 0.001034
Checking detector protection. dv=0.00103
Checking detector "CDD". Protection Threshold: 0.1 (V)
SetMagnetDAC 5.89244103448 ===>> OK
Magnet settling time: 1.049
GetData ===>> H2,-0.219236810012327,H1,12.9032022067999,AX,0.16921226104312,L1,0.273213111075326,L2,-0.00979213...
setting magnet DAC
current  : 5.892441
requested: 5.893476
Delta Dac: 0.001034
Checking detector protection. dv=0.00103
Checking detector "CDD". Protection Threshold: 0.1 (V)
SetMagnetDAC 5.89347551724 ===>> OK
Magnet settling time: 1.049
GetData ===>> H2,-0.200977802831942,H1,2.74174937599942,AX,-0.100607547105564,L1,0.171513556277466,L2,-0.003051...
setting magnet DAC
current  : 5.893476
requested: 5.894510
Delta Dac: 0.001034
Checking detector protection. dv=0.00103
Checking detector "CDD". Protection Threshold: 0.1 (V)
SetMagnetDAC 5.89451 ===>> OK
Magnet settling time: 1.049
GetData ===>> H2,-0.14443297475016,H1,0.351206029785556,AX,-0.145816512071665,L1,0.146677009418479,L2,0.0326856...
result of _do_sweep=True
result of _calculate_peak_center=([5.8715627261419403, 5.879253970700022, 5.8869452152581037], [1881.051223275241, 2541.6398565565464, 1877.5187301430374], 5.8789637350563213, 2541.6398565565464)
Failed to find a valid peak. No peak greater than 1.0. max = 0.044557722164
new center pos Detector(H1) (Ar40) @ 5.8792539707
GetHighVoltage ===>> 4500
GetDeflection H1 ===>> 0
dac uncorrected for HV and deflection 5.8792539707
update mftable H1 Ar40 5.8792539707 message=automated run peakcenter
get initial guess parabolic
get initial guess parabolic
get initial guess parabolic
get initial guess parabolic
get initial guess parabolic
get initial guess parabolic
dump mftable to /Users/jan/PychronDev/setupfiles/spectrometer/mftables/mftable.csv
add to repo msg=modified - automated run peakcenter
locally archiving mftable
setting magnet DAC
current  : 5.894510
requested: 5.879254
Delta Dac: 0.015256
Checking detector protection. dv=0.01526
Checking detector "CDD". Protection Threshold: 0.1 (V)
SetMagnetDAC 5.8792539707 ===>> OK
Magnet settling time: 0.500
sweep finished
setting integration time = 1.048576
SetIntegrationTime 1.048576 ===>> OK
Failed to find a valid peak. No peak greater than 1.0. max = 0.0446257411928
flush and close file /Users/jan/PychronDev/data/isotopes/c5/1f6d8f-7cd1-43df-a1a4-656760fc9c86.h5
finished measure script
executed snippet estimated_duration=226.132928, duration=275.266200066
jan_unknown120_60.py completed successfully
Measurement Finished
00:58:27 -- ******* Measurement Finished *******
Post Measurement Started jan_pump_ms.py
00:58:27 -- ******* Post Measurement Started jan_pump_ms.py *******
testing...
no interpolation path defined
executed snippet estimated_duration=0, duration=2.78949737549e-05
Pumping spectrometer
open () {'name': 'O'}
opening name=O desc=---
checking ownership. requestor=129.138.12.150
check software interlocks O
interlocks []
actuate state mode=None-script, software_lock=False
doing actuation None-script open_channel True
Open O ===>> OK
GetIndicatorState O ===>> OK
change switch state (True, True)
update switch state O True args=() kw={} ncanvase=2
00:58:27 -- OPEN   VALVE-O (Jan Ion Pump)
---------------------------------------- open O () result=[(True, True)], time=0.09 sec
action=open, ok=True, locked=[False]
executed snippet estimated_duration=0, duration=0.355746984482
jan_pump_ms.py completed successfully
setting _ms_pumptime
Post Measurement Finished
00:58:28 -- ******* Post Measurement Finished *******
$$$$$$$$$$$$$$$$$$$$ state at run end measurement
state changed from measurement to success
post measurement save measured=True aborted=False
Set filtering
setting fod for Ar40= {'filter_outliers': True, 'std_devs': 2, 'iterations': 1}
setting fod for H1= {'filter_outliers': True, 'std_devs': 2, 'iterations': 1}
setting fod for PM41= {'filter_outliers': False, 'std_devs': 2, 'iterations': 1}
setting fod for H2= {'filter_outliers': True, 'std_devs': 2, 'iterations': 1}
setting fod for Ar36= {'filter_outliers': True, 'std_devs': 2, 'iterations': 1}
setting fod for CDD= {'filter_outliers': True, 'std_devs': 10, 'iterations': 1}
setting fod for Ar37= {'filter_outliers': True, 'std_devs': 2, 'iterations': 1}
setting fod for L2= {'filter_outliers': True, 'std_devs': 2, 'iterations': 1}
setting fod for Ar38= {'filter_outliers': True, 'std_devs': 2, 'iterations': 1}
setting fod for L1= {'filter_outliers': True, 'std_devs': 2, 'iterations': 1}
setting fod for Ar39= {'filter_outliers': True, 'std_devs': 2, 'iterations': 1}
setting fod for AX= {'filter_outliers': True, 'std_devs': 2, 'iterations': 1}
persistence save...
persistence save - db
post measurement save
7021151920 connecting to database sqlite:////Users/jan/PychronDev/.appdata/local_lab.db
connected to db sqlite:////Users/jan/PychronDev/.appdata/local_lab.db
create new session 7021151920
close session 7021151920
No database instance. Not saving post measurement to isotopedb database
$$$$$$$$$$$$$$$ auto_save_detector_ic=False
massspec enabled True
create new session 4979675504
MassSpec Database Version: 16.0
close session 4979675504
saving post measurement to secondary database
saving to massspec database 129.138.12.160/massspecdata
setting labnumber to 25344
setting aliquot to 6
setting step to 
setting uuid to c51f6d8f-7cd1-43df-a1a4-656760fc9c86
setting irradpos to 25344
setting extract_device to Fusions CO2
setting tray to 
setting position to 198
setting power_requested to 5.0
setting extract_value to 5.0
setting duration to 30.0
setting duration_at_request to 30.0
setting first_stage_delay to 30.0
setting cleanup to 30.0
setting comment to Q:9
setting irradiation to NM-288
setting level to Q
setting irradiation_level to Q
setting sample to FC-2
setting material to Sanidine
setting project to Irradiation-NM-288
setting mass_spectrometer to Jan
no attribute chron_dosages
no attribute production_ratios
no attribute interference_corrections
no attribute production_name
no attribute j
Reference Isotope=Ar40
Reference Detector=H1
%%%%%%%%%%%%%%%%%%%% Comment: Q:9 %%%%%%%%%%%%%%%%%%%
adding isotope PM41 H2
add baseline dbdet= PM41. original det= H2
get baseline data PM41 H2
Get data baseline <pychron.processing.isotope.Baseline object at 0x19e297ad0> len t=60
baseline PM41. v=-0.191549858811, e=0.00788191765285
get signal data PM41 H2
Get data signal PM41 0.15+/-0.07 len t=120
adding isotope Ar40 H1
add baseline dbdet= Ar40. original det= H1
get baseline data Ar40 H1
Get data baseline <pychron.processing.isotope.Baseline object at 0x19e2972d0> len t=60
baseline Ar40. v=0.0263184595346, e=0.00624796420145
get signal data Ar40 H1
Get data signal Ar40 2805.00+/-0.11 len t=120
adding isotope Ar39 AX
add baseline dbdet= Ar39. original det= AX
get baseline data Ar39 AX
Get data baseline <pychron.processing.isotope.Baseline object at 0x1a1392950> len t=60
baseline Ar39. v=-0.063668453707, e=0.00759176848063
get signal data Ar39 AX
Get data signal Ar39 344.16+/-0.04 len t=120
adding isotope Ar38 L1
add baseline dbdet= Ar38. original det= L1
get baseline data Ar38 L1
Get data baseline <pychron.processing.isotope.Baseline object at 0x1a1392690> len t=60
baseline Ar38. v=-0.016888806817, e=0.00350316349739
get signal data Ar38 L1
Get data signal Ar38 4.451+/-0.006 len t=120
adding isotope Ar37 L2
add baseline dbdet= Ar37. original det= L2
get baseline data Ar37 L2
Get data baseline <pychron.processing.isotope.Baseline object at 0x1a1392cd0> len t=60
baseline Ar37. v=-0.0253069746754, e=0.00784951396116
get signal data Ar37 L2
Get data signal Ar37 0.794+/-0.010 len t=120
adding isotope Ar36 CDD
add baseline dbdet= Ar36. original det= CDD
get baseline data Ar36 CDD
Get data baseline <pychron.processing.isotope.Baseline object at 0x1a1392a50> len t=60
baseline Ar36. v=0.000553283131083, e=3.67877564718e-05
get signal data Ar36 CDD
Get data signal Ar36 0.0292+/-0.0005 len t=120
25344-06 added analysis time 0.471992969513s
analysis added to mass spec database
mass spec save time= 0.478
persistence save - dvc
================= post measurement started
create new session 4982376208
close session 4982376208
---------------- Experiment Queue saving disabled
DVC saving peakcenter
Failed to find a valid peak. No peak greater than 1.0. max = 0.0446257411928
Smart pull ahead: 0 behind: 0
Up-to-date with origin
add to repo msg=modified - ad8224ebc6dbfeb9f5997218dfa5fe690569839d.json
add to repo msg=modified - 44-06.json
add to repo msg=modified - 44-06.dat.json
add to repo msg=modified - 44-06.blan.json
add to repo msg=modified - 44-06.inte.json
add to repo msg=modified - 44-06.icfa.json
add to repo msg=modified - 44-06.base.json
not at valid file /Users/jan/PychronDev/data/.dvc/repositories/Load1788/253/tags/44-06.tags.json
add to repo msg=modified - 44-06.peak.json
add to repo msg=modified - 44-06.extr.json
not at valid file /Users/jan/PychronDev/data/.dvc/repositories/Load1788/253/monitor/44-06.moni.json
commit message=<COLLECTION>
add to repo msg=modified - 44-06.inte.json
add to repo msg=modified - 44-06.base.json
commit message=<ISOEVO> default collection fits
add to repo msg=modified - 44-06.blan.json
commit message=<BLANKS> preceding bu-FC-J-7709
add to repo msg=modified - 44-06.icfa.json
commit message=<ICFactor> default
push repository <pychron.git_archive.repo_manager.GitRepoManager object at 0x1b26e5fb0>
pushing to remote=origin, url=https://github.com
no changes to meta repo
create new session 4982376208
add association Load1788
get identifier "25344"
setting analysis irradiation position=<pychron.dvc.dvc_orm.IrradiationPositionTbl object at 0x19da7dc90>
close session 4982376208
================= post measurement finished
00:58:42 -- ******* Post Run Check *******
loading queue conditionals post_run_actions
loading system conditionals post_run_actions
loading conditionals from /Users/jan/PychronDev/setupfiles/spectrometer/default_conditionals.yaml
loading queue conditionals post_run_terminations
loading system conditionals post_run_terminations
loading conditionals from /Users/jan/PychronDev/setupfiles/spectrometer/default_conditionals.yaml
Checking default post run terminations n=1
GetDeflection CDD ===>> 50
testing CDD==2000
evaluate ot="CDD.deflection==2000" t="CDD==2000", ctx="{'CDD': 50.0}"
00:58:42 -- ******* Post Run Check Passed *******
00:58:42 -- Automated run 25344-06 success duration: 368.004 s
----------------- finish -----------------
----------------- stop -----------------
retroactive repository identifiers disabled
finish run. runs completed=101
update duration runid=25344-06, duration=368.003643036, md5=301e91d8
loading script "jan_unknown120_60.py"
loading script "jan_pump_ms.py"
loading script "jan_co2.py"
loading script "jan_pump_extraction_line.py"
testing...
no interpolation path defined
executed snippet estimated_duration=213.652928, duration=0.000224828720093
script duration name:unknown120_60 seconds:214.0
loading script "jan_unknown120_60.py"
loading script "jan_pump_ms.py"
loading script "jan_co2.py"
loading script "jan_pump_extraction_line.py"
testing...
no interpolation path defined
executed snippet estimated_duration=0, duration=3.81469726562e-05
loading script "jan_unknown120_60.py"
loading script "jan_pump_ms.py"
loading script "jan_co2.py"
loading script "jan_pump_extraction_line.py"
testing...
no interpolation path defined
calculate duration
testing...
no interpolation path defined
executed snippet estimated_duration=0, duration=5.29289245605e-05
calculate duration
testing...
no interpolation path defined
executed snippet estimated_duration=0, duration=9.67979431152e-05
executed snippet estimated_duration=0.0, duration=0.00235605239868
script duration name:co2 seconds:0.0
loading script "jan_unknown120_60.py"
loading script "jan_pump_ms.py"
loading script "jan_co2.py"
loading script "jan_pump_extraction_line.py"
testing...
no interpolation path defined
calculate duration
testing...
no interpolation path defined
executed snippet estimated_duration=4.0, duration=0.000141859054565
executed snippet estimated_duration=4.0, duration=0.00137400627136
Script duration 214.0
Run total estimated duration= 215.000
unknown120_60 in script context. using previous estimated duration
script duration name:unknown120_60 seconds:214.0
pump_ms in script context. using previous estimated duration
co2 in script context. using previous estimated duration
script duration name:co2 seconds:0.0
pump_extraction_line in script context. using previous estimated duration
Script duration 214.0
Run total estimated duration= 215.000
loading script "jan_unknown400_120.py"
loading script "jan_pump_ms.py"
loading script "jan_co2.py"
loading script "jan_pump_extraction_line.py"
testing...
no interpolation path defined
executed snippet estimated_duration=556.052928, duration=0.000148057937622
script duration name:unknown400_120 seconds:556.0
script duration name:co2 seconds:0.0
Script duration 556.0
Run total estimated duration= 557.000
unknown400_120 in script context. using previous estimated duration
script duration name:unknown400_120 seconds:556.0
loading script "jan_unknown400_120.py"
loading script "jan_pump_ms.py"
loading script "jan_sniffair_x2.py"
loading script "jan_pump_extraction_line.py"
testing...
no interpolation path defined
calculate duration
testing...
no interpolation path defined
executed snippet estimated_duration=0, duration=4.60147857666e-05
calculate duration
testing...
no interpolation path defined
executed snippet estimated_duration=0, duration=0.000154972076416
calculate duration
testing...
no interpolation path defined
executed snippet estimated_duration=32.0, duration=8.6784362793e-05
calculate duration
testing...
no interpolation path defined
executed snippet estimated_duration=34.0, duration=9.67979431152e-05
calculate duration
testing...
no interpolation path defined
executed snippet estimated_duration=4.0, duration=6.79492950439e-05
calculate duration
testing...
no interpolation path defined
executed snippet estimated_duration=36.0, duration=8.70227813721e-05
calculate duration
testing...
no interpolation path defined
executed snippet estimated_duration=34.0, duration=9.98973846436e-05
calculate duration
testing...
no interpolation path defined
executed snippet estimated_duration=4.0, duration=6.31809234619e-05
calculate duration
testing...
no interpolation path defined
executed snippet estimated_duration=36.0, duration=8.48770141602e-05
calculate duration
testing...
no interpolation path defined
executed snippet estimated_duration=70.0, duration=0.0001540184021
executed snippet estimated_duration=250.0, duration=0.0159411430359
script duration name:sniffair_x2 seconds:250.0
Script duration 806.0
Run total estimated duration= 807.000
script duration name:unknown400_120 seconds:556.0
loading script "jan_unknown400_120.py"
loading script "jan_pump_ms.py"
loading script "jan_cocktail_x1.py"
loading script "jan_pump_extraction_line.py"
testing...
no interpolation path defined
calculate duration
testing...
no interpolation path defined
executed snippet estimated_duration=0, duration=4.60147857666e-05
calculate duration
testing...
no interpolation path defined
executed snippet estimated_duration=0, duration=9.79900360107e-05
calculate duration
testing...
no interpolation path defined
executed snippet estimated_duration=32.0, duration=9.08374786377e-05
calculate duration
testing...
no interpolation path defined
executed snippet estimated_duration=34.0, duration=0.000125885009766
calculate duration
testing...
no interpolation path defined
executed snippet estimated_duration=4.0, duration=6.19888305664e-05
calculate duration
testing...
no interpolation path defined
executed snippet estimated_duration=38.0, duration=0.000101804733276
executed snippet estimated_duration=108.0, duration=0.0171551704407
script duration name:cocktail_x1 seconds:108.0
Script duration 664.0
Run total estimated duration= 665.000
script duration name:unknown400_120 seconds:556.0
sniffair_x2 in script context. using previous estimated duration
script duration name:sniffair_x2 seconds:250.0
Script duration 806.0
Run total estimated duration= 807.000
loading script "jan_ic_peak_hop3.py"
loading script "jan_pump_ms.py"
loading script "jan_sniffair_x1.py"
loading script "jan_pump_extraction_line.py"
testing...
no interpolation path defined
executed snippet estimated_duration=133.8, duration=0.00905203819275
script duration name:ic_peak_hop3 seconds:134.0
loading script "jan_ic_peak_hop3.py"
loading script "jan_pump_ms.py"
loading script "jan_sniffair_x1.py"
loading script "jan_pump_extraction_line.py"
testing...
no interpolation path defined
calculate duration
testing...
no interpolation path defined
executed snippet estimated_duration=0, duration=6.41345977783e-05
calculate duration
testing...
no interpolation path defined
executed snippet estimated_duration=0, duration=0.000118017196655
calculate duration
testing...
no interpolation path defined
executed snippet estimated_duration=32.0, duration=9.10758972168e-05
calculate duration
testing...
no interpolation path defined
executed snippet estimated_duration=34.0, duration=9.89437103271e-05
calculate duration
testing...
no interpolation path defined
executed snippet estimated_duration=4.0, duration=9.41753387451e-05
calculate duration
testing...
no interpolation path defined
executed snippet estimated_duration=70.0, duration=8.98838043213e-05
executed snippet estimated_duration=140.0, duration=0.00921106338501
script duration name:sniffair_x1 seconds:140.0
Script duration 274.0
Run total estimated duration= 275.000
script duration name:unknown120_60 seconds:214.0
script duration name:co2 seconds:0.0
Script duration 214.0
Run total estimated duration= 215.000
script duration name:unknown120_60 seconds:214.0
script duration name:co2 seconds:0.0
Script duration 214.0
Run total estimated duration= 215.000
script duration name:unknown120_60 seconds:214.0
script duration name:co2 seconds:0.0
Script duration 214.0
Run total estimated duration= 215.000
script duration name:unknown120_60 seconds:214.0
script duration name:co2 seconds:0.0
Script duration 214.0
Run total estimated duration= 215.000
script duration name:unknown120_60 seconds:214.0
script duration name:co2 seconds:0.0
Script duration 214.0
Run total estimated duration= 215.000
script duration name:unknown120_60 seconds:214.0
script duration name:co2 seconds:0.0
Script duration 214.0
Run total estimated duration= 215.000
script duration name:unknown120_60 seconds:214.0
script duration name:co2 seconds:0.0
Script duration 214.0
Run total estimated duration= 215.000
script duration name:unknown120_60 seconds:214.0
script duration name:co2 seconds:0.0
Script duration 214.0
Run total estimated duration= 215.000
script duration name:unknown120_60 seconds:214.0
script duration name:co2 seconds:0.0
Script duration 214.0
Run total estimated duration= 215.000
script duration name:unknown120_60 seconds:214.0
script duration name:co2 seconds:0.0
Script duration 214.0
Run total estimated duration= 215.000
script duration name:unknown400_120 seconds:556.0
script duration name:co2 seconds:0.0
Script duration 556.0
Run total estimated duration= 557.000
script duration name:unknown120_60 seconds:214.0
cocktail_x1 in script context. using previous estimated duration
script duration name:cocktail_x1 seconds:108.0
Script duration 322.0
Run total estimated duration= 323.000
script duration name:unknown120_60 seconds:214.0
script duration name:co2 seconds:0.0
Script duration 214.0
Run total estimated duration= 215.000
script duration name:unknown120_60 seconds:214.0
script duration name:co2 seconds:0.0
Script duration 214.0
Run total estimated duration= 215.000
script duration name:unknown120_60 seconds:214.0
script duration name:co2 seconds:0.0
Script duration 214.0
Run total estimated duration= 215.000
script duration name:unknown120_60 seconds:214.0
script duration name:co2 seconds:0.0
Script duration 214.0
Run total estimated duration= 215.000
script duration name:unknown400_120 seconds:556.0
script duration name:cocktail_x1 seconds:108.0
Script duration 664.0
Run total estimated duration= 665.000
script duration name:unknown120_60 seconds:214.0
script duration name:co2 seconds:0.0
Script duration 214.0
Run total estimated duration= 215.000
script duration name:unknown120_60 seconds:214.0
script duration name:co2 seconds:0.0
Script duration 214.0
Run total estimated duration= 215.000
script duration name:unknown120_60 seconds:214.0
script duration name:co2 seconds:0.0
Script duration 214.0
Run total estimated duration= 215.000
script duration name:unknown120_60 seconds:214.0
script duration name:co2 seconds:0.0
Script duration 214.0
Run total estimated duration= 215.000
script duration name:unknown120_60 seconds:214.0
script duration name:co2 seconds:0.0
Script duration 214.0
Run total estimated duration= 215.000
script duration name:unknown120_60 seconds:214.0
script duration name:co2 seconds:0.0
Script duration 214.0
Run total estimated duration= 215.000
script duration name:unknown400_120 seconds:556.0
script duration name:co2 seconds:0.0
Script duration 556.0
Run total estimated duration= 557.000
script duration name:unknown400_120 seconds:556.0
script duration name:sniffair_x2 seconds:250.0
Script duration 806.0
Run total estimated duration= 807.000
script duration name:unknown400_120 seconds:556.0
script duration name:sniffair_x2 seconds:250.0
Script duration 806.0
Run total estimated duration= 807.000
ic_peak_hop3 in script context. using previous estimated duration
script duration name:ic_peak_hop3 seconds:134.0
sniffair_x1 in script context. using previous estimated duration
script duration name:sniffair_x1 seconds:140.0
Script duration 274.0
Run total estimated duration= 275.000
script duration name:unknown120_60 seconds:214.0
script duration name:co2 seconds:0.0
Script duration 214.0
Run total estimated duration= 215.000
script duration name:unknown120_60 seconds:214.0
script duration name:co2 seconds:0.0
Script duration 214.0
Run total estimated duration= 215.000
nruns=36 before=5.0, run_dur=12262.0, btw=1575.0
write rem/ex queues
/Users/jan/PychronDev/experiments/rem/CurrentExperiment.rem.txt
/Users/jan/PychronDev/experiments/rem/CurrentExperiment.ex.txt
doing event level: 3
