do run
loading script "jan_unknown120_60.py"
loading script "jan_pump_ms.py"
loading script "jan_co2.py"
loading script "jan_pump_extraction_line.py"
testing...
no interpolation path defined
executed snippet estimated_duration=213.652928, duration=0.000180959701538
script duration name:unknown120_60 seconds:214.0
loading script "jan_unknown120_60.py"
loading script "jan_pump_ms.py"
loading script "jan_co2.py"
loading script "jan_pump_extraction_line.py"
testing...
no interpolation path defined
executed snippet estimated_duration=0, duration=1.71661376953e-05
loading script "jan_unknown120_60.py"
loading script "jan_pump_ms.py"
loading script "jan_co2.py"
loading script "jan_pump_extraction_line.py"
testing...
no interpolation path defined
calculate duration
testing...
no interpolation path defined
executed snippet estimated_duration=0, duration=4.10079956055e-05
calculate duration
testing...
no interpolation path defined
executed snippet estimated_duration=0, duration=7.00950622559e-05
executed snippet estimated_duration=0.0, duration=0.00152492523193
script duration name:co2 seconds:0.0
loading script "jan_unknown120_60.py"
loading script "jan_pump_ms.py"
loading script "jan_co2.py"
loading script "jan_pump_extraction_line.py"
testing...
no interpolation path defined
calculate duration
testing...
no interpolation path defined
executed snippet estimated_duration=4.0, duration=0.00011420249939
executed snippet estimated_duration=4.0, duration=0.000919103622437
Script duration 214.0
Run total estimated duration= 215.000
run duration: 0:03:35
doing event level: 2
02:32:54 -- Setting default integration. t=1.048576
setting integration time = 1.048576
SetIntegrationTime 1.048576 ===>> OK
----------------- start -----------------
**************** Experiment Type: Ar/Ar, Ar/Ar
create new session 4419362736
close session 4419362736
$$$$$ Clearing conditionals
adding conditionals 
Add queue conditionals
add default conditionals
adding default conditionals from /Users/jan/PychronDev/setupfiles/spectrometer/default_conditionals.yaml
Start automated run 25345-05
loading script "jan_unknown120_60.py"
loading script "jan_pump_ms.py"
loading script "jan_co2.py"
loading script "jan_pump_extraction_line.py"
%%%%%%%%%%%%%%%%%% setting automated run 25345-05
No value "sensitivity_multiplier" in metadata
$$$$$$$$$$$$$$$ auto_save_detector_ic=False
============================= Pre Extraction Check =============================
loading queue conditionals pre_run_terminations
loading system conditionals pre_run_terminations
loading conditionals from /Users/jan/PychronDev/setupfiles/spectrometer/default_conditionals.yaml
02:32:54 -- ******* Pre Extraction Check *******
Get a measurement from the spectrometer
GetData ===>> H2,-0.25729577234622,H1,-0.028662867382878,AX,0.0166489483045907,L1,-0.0396360579484251,L2,-0.006...
Pre Extraction Termination data. keys=H2,H1,AX,L1,L2,CDD, signals=-0.25730,-0.02866,0.01665,-0.03964,-0.00698,0.00357
02:32:54 -- testing system defined conditionals
Checking default pre extraction terminations n=2
testing CDD
evaluate ot="CDD.inactive" t="CDD", ctx="{'CDD': False}"
GetDeflection CDD ===>> 50
testing CDD==2000
evaluate ot="CDD.deflection==2000" t="CDD==2000", ctx="{'CDD': 50.0}"
02:32:54 -- ******* Pre Extraction Check Passed *******
=================================================================================
02:32:54 -- stopping status monitor
stop 4976433200
Alive clients [4982646160]
02:32:54 -- starting status monitor
start 4976433200
Monitor already running
start extraction
do extraction
Analysis started at 02:32:54.315490
Extraction Started jan_co2.py
02:32:54 -- ******* Extraction Started jan_co2.py *******
state changed from not run to extraction
DO EXTRACTION <pychron.extraction_line.pyscript_runner.RemotePyScriptRunner object at 0x12b9a8890>
testing...
no interpolation path defined
calculate duration
testing...
no interpolation path defined
executed snippet estimated_duration=0, duration=4.88758087158e-05
calculate duration
testing...
no interpolation path defined
executed snippet estimated_duration=0, duration=9.3936920166e-05
executed snippet estimated_duration=100.0, duration=0.00276207923889
Jan CO2 laser analysis
doing GOSUB
testing...
no interpolation path defined
executed snippet estimated_duration=0, duration=4.88758087158e-05
Waiting for CO2 access
wait ('FelixCO2Flag', 0) {}
waiting for FelixCO2Flag = 0
Read FelixCO2Flag ===>> 0
finished waiting
CO2 free
wait ('CO2PumpTimeFlag', 0) {}
waiting for CO2PumpTimeFlag = 0
Read CO2PumpTimeFlag ===>> 0
finished waiting
acquire ('JanCO2Flag',) {'clear': True}
acquire JanCO2Flag
Set JanCO2Flag 1 ===>> OK
JanCO2Flag acquired
set extraction state False (0.75, 'red', 1.5)
CO2 acquired
executed snippet estimated_duration=0, duration=0.0214629173279
WaitForCO2Access.py completed successfully
gosub finished
doing GOSUB
testing...
no interpolation path defined
executed snippet estimated_duration=0, duration=0.000105857849121
Prepare for CO2 analysis
close () {'description': 'Jan Inlet'}
closing name=--- desc=Jan Inlet
checking ownership. requestor=129.138.12.150
check software interlocks R
interlocks []
actuate state mode=None-script, software_lock=False
doing actuation None-script close_channel False
Close R ===>> OK
GetIndicatorState R ===>> False
change switch state (True, True)
update switch state R False args=() kw={} ncanvase=2
02:32:54 -- CLOSE  VALVE-R (Jan Inlet)
---------------------------------------- close None (Jan Inlet) result=[(True, True)]
action=close, ok=True, locked=[False]
open () {'description': 'Jan Ion Pump'}
opening name=--- desc=Jan Ion Pump
checking ownership. requestor=129.138.12.150
check software interlocks O
interlocks []
actuate state mode=None-script, software_lock=False
doing actuation None-script open_channel False
Open O ===>> OK
GetIndicatorState O ===>> OK
change switch state (True, True)
update switch state O True args=() kw={} ncanvase=2
02:32:55 -- OPEN   VALVE-O (Jan Ion Pump)
---------------------------------------- open None (Jan Ion Pump) result=[(True, True)], time=0.10 sec
action=open, ok=True, locked=[False]
close () {'description': 'Microbone to Minibone'}
closing name=--- desc=Microbone to Minibone
checking ownership. requestor=129.138.12.150
check software interlocks L
interlocks []
actuate state mode=None-script, software_lock=False
doing actuation None-script close_channel False
Close L ===>> OK
GetIndicatorState L ===>> False
change switch state (True, True)
update switch state L False args=() kw={} ncanvase=2
02:32:55 -- CLOSE  VALVE-L (Microbone to Minibone)
---------------------------------------- close None (Microbone to Minibone) result=[(True, True)]
action=close, ok=True, locked=[False]
open () {'description': 'Microbone to Turbo'}
opening name=--- desc=Microbone to Turbo
checking ownership. requestor=129.138.12.150
check software interlocks U
interlocks []
actuate state mode=None-script, software_lock=False
doing actuation None-script open_channel False
Open U ===>> OK
GetIndicatorState U ===>> OK
change switch state (True, True)
update switch state U True args=() kw={} ncanvase=2
02:32:56 -- OPEN   VALVE-U (Microbone to Turbo)
---------------------------------------- open None (Microbone to Turbo) result=[(True, True)], time=0.13 sec
action=open, ok=True, locked=[False]
open () {'description': 'Microbone to Inlet Pipette'}
opening name=--- desc=Microbone to Inlet Pipette
checking ownership. requestor=129.138.12.150
check software interlocks S
interlocks []
actuate state mode=None-script, software_lock=False
doing actuation None-script open_channel False
Open S ===>> OK
GetIndicatorState S ===>> OK
change switch state (True, True)
update switch state S True args=() kw={} ncanvase=2
02:32:56 -- OPEN   VALVE-S (Microbone to Inlet Pipette)
---------------------------------------- open None (Microbone to Inlet Pipette) result=[(True, True)], time=0.40 sec
action=open, ok=True, locked=[False]
open () {'description': 'Microbone to Getter D-50'}
opening name=--- desc=Microbone to Getter D-50
checking ownership. requestor=129.138.12.150
check software interlocks K
interlocks []
actuate state mode=None-script, software_lock=False
doing actuation None-script open_channel False
Open K ===>> OK
GetIndicatorState K ===>> OK
change switch state (True, True)
update switch state K True args=() kw={} ncanvase=2
02:32:57 -- OPEN   VALVE-K (Microbone to Getter D-50)
---------------------------------------- open None (Microbone to Getter D-50) result=[(True, True)], time=0.41 sec
action=open, ok=True, locked=[False]
open () {'description': 'Microbone to Getter NP-10'}
opening name=--- desc=Microbone to Getter NP-10
checking ownership. requestor=129.138.12.150
check software interlocks M
interlocks []
actuate state mode=None-script, software_lock=False
doing actuation None-script open_channel False
Open M ===>> OK
GetIndicatorState M ===>> OK
change switch state (True, True)
update switch state M True args=() kw={} ncanvase=2
02:32:58 -- OPEN   VALVE-M (Microbone to Getter NP-10)
---------------------------------------- open None (Microbone to Getter NP-10) result=[(True, True)], time=0.14 sec
action=open, ok=True, locked=[False]
close () {'description': 'CO2 Laser to Felix'}
closing name=--- desc=CO2 Laser to Felix
checking ownership. requestor=129.138.12.150
check software interlocks F
interlocks []
actuate state mode=None-script, software_lock=True
VALVE-F(CO2 Laser to Felix) software locked
change switch state (True, False)
---------------------------------------- close None (CO2 Laser to Felix) result=[(True, False)]
action=close, ok=True, locked=[True]
open () {'description': 'CO2 Laser to Jan'}
opening name=--- desc=CO2 Laser to Jan
checking ownership. requestor=129.138.12.150
check software interlocks A
interlocks []
actuate state mode=None-script, software_lock=False
doing actuation None-script open_channel False
Open A ===>> OK
GetIndicatorState A ===>> OK
change switch state (True, True)
update switch state A True args=() kw={} ncanvase=2
02:32:58 -- OPEN   VALVE-A (CO2 Laser to Jan)
---------------------------------------- open None (CO2 Laser to Jan) result=[(True, True)], time=0.12 sec
action=open, ok=True, locked=[False]
open () {'description': 'Microbone to CO2 Laser'}
opening name=--- desc=Microbone to CO2 Laser
checking ownership. requestor=129.138.12.150
check software interlocks T
interlocks []
actuate state mode=None-script, software_lock=False
doing actuation None-script open_channel False
Open T ===>> OK
GetIndicatorState T ===>> OK
change switch state (True, True)
update switch state T True args=() kw={} ncanvase=2
02:32:59 -- OPEN   VALVE-T (Microbone to CO2 Laser)
---------------------------------------- open None (Microbone to CO2 Laser) result=[(True, True)], time=0.43 sec
action=open, ok=True, locked=[False]
executed snippet estimated_duration=0, duration=4.97742581367
PrepareForCO2Analysis.py completed successfully
gosub finished
set_motor ('beam', '1.25') {}
setting motor "beam" to 1.25
set motor beam to 1.25
SetMotor beam,1.25 ===>> OK
set states for children of V. state=True
handle state [('V', True)]
update switch state V True args=() kw={'refresh': False} ncanvase=2
refresh_canvas_needed fired
GetMotorMoving beam ===>> False
GetMotorMoving beam ===>> False
Block completed
move_to_position ('203',) {'autocenter': True}
FusionsCO2 move to position 203
sending GoToHole 203,True
GoToHole 203,True ===>> OK
GetDriveMoving ===>> OK
GetDriveMoving ===>> OK
GetDriveMoving ===>> OK
GetDriveMoving ===>> OK
GetDriveMoving ===>> OK
GetDriveMoving ===>> OK
GetDriveMoving ===>> False
GetDriveMoving ===>> OK
GetDriveMoving ===>> OK
GetDriveMoving ===>> OK
GetDriveMoving ===>> OK
GetDriveMoving ===>> OK
GetDriveMoving ===>> False
Block completed
GetAutoCorrecting ===>> False
GetAutoCorrecting ===>> False
Block completed
update position
GetPosition ===>> 1.99390,-11.96340,1.00000
got position (1.9939, -11.9634, 1.0)
move to position succeeded
sleep (5,) {}
SLEEP 5.0
block started
WaitControl setup for 5.0  
Join finished
block finished. duration 5.04232501984
close () {'description': 'Microbone to Turbo'}
closing name=--- desc=Microbone to Turbo
checking ownership. requestor=129.138.12.150
check software interlocks U
interlocks []
actuate state mode=None-script, software_lock=False
doing actuation None-script close_channel True
Close U ===>> OK
GetIndicatorState U ===>> False
change switch state (True, True)
update switch state U False args=() kw={} ncanvase=2
02:33:10 -- CLOSE  VALVE-U (Microbone to Turbo)
---------------------------------------- close None (Microbone to Turbo) result=[(True, True)]
action=close, ok=True, locked=[False]
enable laser
enable () {}
set extraction state FusionsCO2 Enabled (False, 'red', 1.5)
enabling laser
Enable ===>> OK
begin interval
BEGIN INTERVAL Interval 1 waiting for 30.0
set extract to 5.0
block started
extract (5.0,) {}
WaitControl setup for 30.0  
GetPosition ===>> 1.99390,-11.96340,1.00000
set extraction state FusionsCO2 ON! 5.0(watts) (0.75, 'red', 1.5)
extract sample to 5.0 (watts)
set laser output
SetLaserOutput 5.0,watts ===>> OK
executing pattern triangle.lp
execute_pattern ('triangle.lp',) {}
executing pattern triangle.lp
IsPatterning ===>> OK
IsPatterning ===>> OK
IsPatterning ===>> OK
IsPatterning ===>> OK
IsPatterning ===>> OK
IsPatterning ===>> OK
IsPatterning ===>> OK
IsPatterning ===>> OK
IsPatterning ===>> OK
IsPatterning ===>> OK
IsPatterning ===>> OK
IsPatterning ===>> OK
IsPatterning ===>> OK
IsPatterning ===>> OK
IsPatterning ===>> OK
IsPatterning ===>> OK
IsPatterning ===>> OK
IsPatterning ===>> OK
IsPatterning ===>> OK
IsPatterning ===>> OK
IsPatterning ===>> OK
IsPatterning ===>> OK
IsPatterning ===>> OK
IsPatterning ===>> OK
IsPatterning ===>> OK
IsPatterning ===>> OK
IsPatterning ===>> OK
IsPatterning ===>> False
IsPatterning ===>> False
Block completed
COMPLETE INTERVAL waiting for Interval 1 to complete
Join finished
block finished. duration 30.0963451862
Interval 1 finished
end_extract () {}
ending extraction. set laser power to 0
set laser power 0
SetLaserPower 0 ===>> OK
disable () {}
%%%%%%%%%%%%%%%%%%%%%%%%%%%%%%%%%%% disable
set extraction state False (0.75, 'red', 1.5)
disabling laser
Disable ===>> OK
sleep (30.0,) {}
SLEEP 30.0
block started
WaitControl setup for 30.0  
set states for children of B. state=False
set states for children of D. state=False
handle state [('B', False), ('D', False)]
update switch state B False args=() kw={'refresh': True} ncanvase=2
update switch state D False args=() kw={'refresh': False} ncanvase=2
refresh_canvas_needed fired
Join finished
block finished. duration 30.1209700108
executed snippet estimated_duration=165.5, duration=77.4524929523
jan_co2.py completed successfully
GetAchievedOutput ===>> No Response
Requested Output= 0.000
Achieved Output=  0.000
GetResponseBlob ===>> No Response
GetOutputBlob ===>> No Response
persistence save...
persistence save - db
AutomatedRunPersister post_extraction_save deprecated
persistence save - dvc
no extraction position for 203
create new session 4982376208
close session 4982376208
Extraction Finished
02:34:11 -- ******* Extraction Finished *******
no overlap. not waiting for min ms pumptime
02:34:11 -- Sending spectrometer configuration
======== Sending configuration ========
SetDeflection CDD,50.0 ===>> OK
SetDeflection H2,0.0 ===>> OK
SetDeflection H1,0.0 ===>> OK
SetDeflection L2,825.0 ===>> OK
SetDeflection L1,400.0 ===>> OK
SetDeflection AX,190.0 ===>> OK
SetZFocus 74.64 ===>> OK
SetZSymmetry -50.72 ===>> OK
SetExtractionLens 26.13 ===>> OK
SetIonRepeller -3.81 ===>> OK
SetElectronEnergy 75.08 ===>> OK
SetYSymmetry -2.81 ===>> OK
SetIonCounterVoltage 1590.0 ===>> OK
send trap current 200.0
GetParameter Trap Current Readback ===>> 197.475737044497
SetParameter Trap Current Set,200.0 ===>> OK
updating mftable name mftable
Using mftable located at /Users/jan/PychronDev/setupfiles/spectrometer/mftables/mftable.csv
============ MFtable ===========
Isotope  H2     H1     AX     L1     L2     CDD    
Ar40     5.8014 5.8794 5.9927 6.1413 6.2311 6.3695
Ar39     5.7006 5.7717 5.8851 6.0274 6.1162 6.2560
Ar36     5.3781 5.4407 5.5484 5.6862 5.7712 5.9071
================================
get initial guess parabolic
get initial guess parabolic
get initial guess parabolic
get initial guess parabolic
get initial guess parabolic
get initial guess parabolic
======== Configuration Finished ========
GetYSymmetry ===>> -2.81
GetZSymmetry ===>> -50.72
GetParameter Trap Current Readback ===>> 197.923274125618
GetHighVoltage ===>> 4500
start measurement
do measurement
L#=25345 analysis type=unknown
Measurement Started jan_unknown120_60.py
02:34:12 -- ******* Measurement Started jan_unknown120_60.py *******
state changed from extraction to measurement
setting spec, defl, and gains
GetExtractionLens ===>> 26.13
GetYSymmetry ===>> -2.81
GetZSymmetry ===>> -50.72
GetZFocus ===>> 74.64
GetDeflection H2 ===>> 0
GetDeflection H1 ===>> 0
GetDeflection AX ===>> 190
GetDeflection L1 ===>> 400
GetDeflection L2 ===>> 825
GetDeflection CDD ===>> 50
GetGain H2 ===>> 0.0113
GetGain H1 ===>> 0.1
GetGain AX ===>> 0.097049
GetGain L1 ===>> 0.010355
GetGain L2 ===>> 0.095649
GetGain CDD ===>> 0
pre measurement save
New frame /Users/jan/PychronDev/data/isotopes/5f/4c9ead-8618-46ed-a665-94fc7929b3c2.h5
flush and close file /Users/jan/PychronDev/data/isotopes/5f/4c9ead-8618-46ed-a665-94fc7929b3c2.h5
testing...
no interpolation path defined
executed snippet estimated_duration=226.132928, duration=0.000150918960571
unknown measurement script
activate_detectors ('H2', 'H1', 'AX', 'L1', 'L2', 'CDD') {}
activate detectors
*************** Set Analysis View Ar/Ar
create graphs
clearing graphs
clear isotope group
setting isotope det=H2, iso=PM41
setting isotope det=H1, iso=Ar40
setting isotope det=AX, iso=Ar39
setting isotope det=L1, iso=Ar38
setting isotope det=L2, iso=Ar37
setting isotope det=CDD, iso=Ar36
setting previous blanks
 - setting Ar40 blank 0.166+/-0.007
 - setting Ar36 blank 0.00443+/-0.00018
 - setting Ar37 blank 0.049+/-0.005
 - setting Ar38 blank 0.0090+/-0.0023
 - setting PM41 blank 0.03+/-0.07
 - setting Ar39 blank 0.027+/-0.009
load analysis view
position_magnet ('Ar40',) {'detector': 'H1'}
detector Detector(H1)
POSITION Ar40 H1
setting detector H2 to PM41 (40.9624)
setting detector H1 to Ar40 (39.9624)
setting detector AX to Ar39 (38.9624)
setting detector L1 to Ar38 (37.9624)
setting detector L2 to Ar37 (36.9624)
setting detector CDD to Ar36 (35.9624)
Mapping mass to dac mass func: "parabolic"
H1 map mass coeffs = [-0.00063987  0.15840543  0.57098999]
H1 map mass to dac 39.9624 >> 5.87938
GetDeflection H1 ===>> 0
GetHighVoltage ===>> 4500
positioning Ar40 (5.87938) on H1
setting magnet DAC
current  : 5.879380
requested: 5.879380
Delta Dac: 0.000000
Checking detector protection. dv=0.00000
Checking detector "CDD". Protection Threshold: 0.1 (V)
SetMagnetDAC 5.87938 ===>> OK
Magnet settling time: 0.500
equilibrate () {'delay': 3, 'inlet': 'R', 'outlet': 'O', 'eqtime': 12.0}
Equilibration Started
02:34:13 -- ******* Equilibration Started *******
checking ownership. requestor=129.138.12.150
check software interlocks O
interlocks []
actuate state mode=None-script, software_lock=False
doing actuation None-script close_channel True
Close O ===>> OK
GetIndicatorState O ===>> False
change switch state (True, True)
update switch state O False args=() kw={} ncanvase=2
02:34:13 -- CLOSE  VALVE-O (Jan Ion Pump)
waiting 3s before opening inlet value ('R',)
update labels <pychron.experiment.plot_panel.PlotPanel object at 0x1a41bd6b0>
update labels "<pychron.graph.stacked_regression_graph.StackedRegressionGraph object at 0x19c176950>"
setting label 0 H2 PM41
setting label 1 H1 Ar40
setting label 2 AX Ar39
setting label 3 L1 Ar38
setting label 4 L2 Ar37
setting label 5 CDD Ar36
update labels "<pychron.graph.stacked_graph.StackedGraph object at 0x1af4ccd10>"
setting label 0 H2 PM41
setting label 1 H1 Ar40
setting label 2 AX Ar39
setting label 3 L1 Ar38
setting label 4 L2 Ar37
setting label 5 CDD Ar36
checking ownership. requestor=129.138.12.150
check software interlocks R
interlocks []
actuate state mode=None-script, software_lock=False
doing actuation None-script open_channel True
Open R ===>> OK
GetIndicatorState R ===>> OK
change switch state (True, True)
update switch state R True args=() kw={} ncanvase=2
02:34:17 -- OPEN   VALVE-R (Jan Inlet)
equilibrating for 12.0sec
set_time_zero () {}
sniff (12.0,) {}
py_sniff
build tables- sniff [Detector(H2), Detector(H1), Detector(AX), Detector(L1), Detector(L2), Detector(CDD)]
add group /sniff/PM41 (Group) '' table H2
add group /sniff/Ar40 (Group) '' table H1
add group /sniff/Ar39 (Group) '' table AX
add group /sniff/Ar38 (Group) '' table L1
add group /sniff/Ar37 (Group) '' table L2
add group /sniff/Ar36 (Group) '' table CDD
flush and close file /Users/jan/PychronDev/data/isotopes/5f/4c9ead-8618-46ed-a665-94fc7929b3c2.h5
measuring sniff. ncounts=12.0
"sniff" increment series count="1" fit count="0" regressing="False"
starting measurement
GetData ===>> H2,-0.160271812109131,H1,20.9915179488396,AX,2.89105612061586,L1,-0.00188407192078906,L2,0.054758...
GetData ===>> H2,0.676701104158499,H1,1181.19257478843,AX,155.604647157502,L1,0.66873522958187,L2,0.65022918353...
GetData ===>> H2,0.659066511745692,H1,2252.11817126068,AX,286.687971464427,L1,2.08262105654203,L2,0.77468632799...
GetData ===>> H2,0.258736395773183,H1,2597.67770228418,AX,323.39759119672,L1,3.03037153240778,L2,0.698059748096...
GetData ===>> H2,0.14809274482541,H1,2719.00111758714,AX,335.090809155791,L1,3.5899961809179,L2,0.7053685003162...
GetData ===>> H2,0.0721621281580743,H1,2766.11562698266,AX,339.739752649909,L1,3.91844271160486,L2,0.6654116335...
GetData ===>> H2,0.16036947191616,H1,2787.23689375131,AX,341.81377500594,L1,4.10956273889405,L2,0.6387639098066...
GetData ===>> H2,0.0575829704122971,H1,2795.84823183707,AX,342.849240363599,L1,4.23293193903349,L2,0.6916092929...
GetData ===>> H2,0.0769701523761165,H1,2799.65450619815,AX,343.055630069961,L1,4.29493433172655,L2,0.7291400898...
GetData ===>> H2,0.12109364462084,H1,2801.01490460996,AX,343.13468599816,L1,4.28764478978193,L2,0.7961966965642...
GetData ===>> H2,0.0586507389912627,H1,2801.336399166,AX,343.115552780294,L1,4.3054622834027,L2,0.6906943698447...
Equilibration Finished
02:34:29 -- ******* Equilibration Finished *******
checking ownership. requestor=129.138.12.150
check software interlocks R
interlocks []
actuate state mode=None-script, software_lock=False
doing actuation None-script close_channel True
GetData ===>> H2,-0.0104411747795441,H1,2799.93440287425,AX,343.158436157217,L1,4.37323141064427,L2,0.738110303...
Close R ===>> OK
set states for children of R. state=False
handle state [('R', False)]
update switch state R False args=() kw={'refresh': False} ncanvase=2
refresh_canvas_needed fired
GetIndicatorState R ===>> False
change switch state (True, True)
update switch state R False args=() kw={} ncanvase=2
02:34:30 -- CLOSE  VALVE-R (Jan Inlet)
Post Equilibration Started jan_pump_extraction_line.py
02:34:30 -- ******* Post Equilibration Started jan_pump_extraction_line.py *******
testing...
no interpolation path defined
calculate duration
testing...
no interpolation path defined
executed snippet estimated_duration=4.0, duration=0.000250101089478
executed snippet estimated_duration=4.0, duration=0.00171494483948
Pump after analysis
doing GOSUB
testing...
no interpolation path defined
executed snippet estimated_duration=4.0, duration=0.000118017196655
Pump Microbone
close () {'description': 'Jan Inlet'}
closing name=--- desc=Jan Inlet
checking ownership. requestor=129.138.12.150
check software interlocks R
interlocks []
actuate state mode=None-script, software_lock=False
doing actuation None-script close_channel False
Close R ===>> OK
measurement finished
estimated time: 12.583 actual time: :12.700
flush and close file /Users/jan/PychronDev/data/isotopes/5f/4c9ead-8618-46ed-a665-94fc7929b3c2.h5
set_fits () {}
GetIndicatorState R ===>> False
change switch state (True, True)
update switch state R False args=() kw={} ncanvase=2
using default fits file=/Users/jan/PychronDev/scripts/measurement/fits/nominal_linear.yaml
02:34:30 -- CLOSE  VALVE-R (Jan Inlet)
set "Ar40" to "('Linear', 'SEM')"
---------------------------------------- close None (Jan Inlet) result=[(True, True)]
No fit for "PM41". defaulting to linear. check the measurement script "jan_unknown120_60.py"
set "PM41" to "linear"
set "Ar36" to "('Linear', 'SEM')"
set "Ar37" to "('linear', 'SEM')"
set "Ar38" to "('linear', 'SEM')"
set "Ar39" to "('Linear', 'SEM')"
set_baseline_fits () {}
using default fits file=/Users/jan/PychronDev/scripts/measurement/fits/nominal_linear.yaml
set "H1" to "('average', 'SEM')"
set "H2" to "('average', 'SEM')"
set "CDD" to "('average', 'SEM')"
set "L2" to "('average', 'SEM')"
set "L1" to "('average', 'SEM')"
set "AX" to "('average', 'SEM')"
multicollect () {'integration_time': 1, 'ncounts': 120}
build tables- signal [Detector(H2), Detector(H1), Detector(AX), Detector(L1), Detector(L2), Detector(CDD)]
add group /signal/PM41 (Group) '' table H2
add group /signal/Ar40 (Group) '' table H1
add group /signal/Ar39 (Group) '' table AX
add group /signal/Ar38 (Group) '' table L1
add group /signal/Ar37 (Group) '' table L2
add group /signal/Ar36 (Group) '' table CDD
flush and close file /Users/jan/PychronDev/data/isotopes/5f/4c9ead-8618-46ed-a665-94fc7929b3c2.h5
measuring signal. ncounts=120
action=close, ok=True, locked=[False]
is_closed ('F',) {}
is F () closed?
is closed True
open () {'description': 'CO2 Laser to Jan'}
opening name=--- desc=CO2 Laser to Jan
checking ownership. requestor=129.138.12.150
check software interlocks A
interlocks []
actuate state mode=None-script, software_lock=False
doing actuation None-script open_channel False
Open A ===>> OK
"signal" increment series count="2" fit count="1" regressing="True"
GetIndicatorState A ===>> OK
change switch state (True, True)
update switch state A True args=() kw={} ncanvase=2
02:34:31 -- OPEN   VALVE-A (CO2 Laser to Jan)
---------------------------------------- open None (CO2 Laser to Jan) result=[(True, True)], time=0.22 sec
starting measurement
GetData ===>> H2,0.0416141274889082,H1,2800.46455479299,AX,343.543380544768,L1,4.38506576385408,L2,0.6739299482...
action=open, ok=True, locked=[False]
sleep (1,) {}
SLEEP 1.0
GetData ===>> H2,-0.0860488982412168,H1,2800.12155327816,AX,343.053194990853,L1,4.41953481418878,L2,0.689928128...
close () {'description': 'CO2 Laser to Roughing'}
closing name=--- desc=CO2 Laser to Roughing
checking ownership. requestor=129.138.12.150
check software interlocks G
interlocks []
actuate state mode=None-script, software_lock=True
VALVE-G(CO2 Laser to Roughing) software locked
change switch state (True, False)
---------------------------------------- close None (CO2 Laser to Roughing) result=[(True, False)]
action=close, ok=True, locked=[True]
open () {'description': 'Microbone to Turbo'}
opening name=--- desc=Microbone to Turbo
checking ownership. requestor=129.138.12.150
check software interlocks U
interlocks []
actuate state mode=None-script, software_lock=False
doing actuation None-script open_channel True
Open U ===>> OK
GetIndicatorState U ===>> OK
change switch state (True, True)
update switch state U True args=() kw={} ncanvase=2
02:34:32 -- OPEN   VALVE-U (Microbone to Turbo)
---------------------------------------- open None (Microbone to Turbo) result=[(True, True)], time=0.19 sec
action=open, ok=True, locked=[False]
open () {'description': 'Microbone to Getter NP-10'}
opening name=--- desc=Microbone to Getter NP-10
checking ownership. requestor=129.138.12.150
check software interlocks M
interlocks []
actuate state mode=None-script, software_lock=False
doing actuation None-script open_channel False
Open M ===>> OK
GetIndicatorState M ===>> OK
change switch state (True, True)
update switch state M True args=() kw={} ncanvase=2
02:34:32 -- OPEN   VALVE-M (Microbone to Getter NP-10)
---------------------------------------- open None (Microbone to Getter NP-10) result=[(True, True)], time=0.13 sec
action=open, ok=True, locked=[False]
open () {'description': 'Microbone to Getter D-50'}
opening name=--- desc=Microbone to Getter D-50
checking ownership. requestor=129.138.12.150
check software interlocks K
interlocks []
actuate state mode=None-script, software_lock=False
doing actuation None-script open_channel False
GetData ===>> H2,-0.0509599735335836,H1,2798.41394925523,AX,342.986623114128,L1,4.41570738940996,L2,0.772419949...
Open K ===>> OK
GetIndicatorState K ===>> OK
change switch state (True, True)
update switch state K True args=() kw={} ncanvase=2
02:34:33 -- OPEN   VALVE-K (Microbone to Getter D-50)
---------------------------------------- open None (Microbone to Getter D-50) result=[(True, True)], time=0.42 sec
action=open, ok=True, locked=[False]
open () {'description': 'Microbone to CO2 Laser'}
opening name=--- desc=Microbone to CO2 Laser
checking ownership. requestor=129.138.12.150
check software interlocks T
interlocks []
actuate state mode=None-script, software_lock=False
doing actuation None-script open_channel False
Open T ===>> OK
GetIndicatorState T ===>> OK
change switch state (True, True)
update switch state T True args=() kw={} ncanvase=2
02:34:34 -- OPEN   VALVE-T (Microbone to CO2 Laser)
---------------------------------------- open None (Microbone to CO2 Laser) result=[(True, True)], time=0.47 sec
GetData ===>> H2,0.0468208473432255,H1,2797.24975502438,AX,342.993576635608,L1,4.40907572014237,L2,0.8005474366...
action=open, ok=True, locked=[False]
open () {'description': 'Microbone to Inlet Pipette'}
opening name=--- desc=Microbone to Inlet Pipette
checking ownership. requestor=129.138.12.150
check software interlocks S
interlocks []
actuate state mode=None-script, software_lock=False
doing actuation None-script open_channel False
Open S ===>> OK
GetIndicatorState S ===>> OK
change switch state (True, True)
update switch state S True args=() kw={} ncanvase=2
02:34:34 -- OPEN   VALVE-S (Microbone to Inlet Pipette)
---------------------------------------- open None (Microbone to Inlet Pipette) result=[(True, True)], time=0.41 sec
action=open, ok=True, locked=[False]
sleep (1,) {}
SLEEP 1.0
GetData ===>> H2,-0.0127301250315779,H1,2795.4676567945,AX,342.711287599439,L1,4.40360588072079,L2,0.6884642813...
set_resource () {'name': 'CO2PumpTimeFlag', 'value': 30}
Set CO2PumpTimeFlag 30 ===>> OK
release ('JanCO2Flag',) {}
release JanCO2Flag
Set JanCO2Flag 0 ===>> OK
executed snippet estimated_duration=6.0, duration=6.09023690224
PumpMicrobone.py completed successfully
gosub finished
get_resource_value () {'name': 'JanMiniboneFlag'}
Read JanMiniboneFlag ===>> 0
Get Resource Value JanMiniboneFlag=0.0
get resource value 0.0
get_resource_value () {'name': 'JanMiniboneFlag'}
Read JanMiniboneFlag ===>> 0
Get Resource Value JanMiniboneFlag=0.0
executed snippet estimated_duration=4.0, duration=6.10242509842
jan_pump_extraction_line.py completed successfully
Post Equilibration Finished
02:34:36 -- ******* Post Equilibration Finished *******
GetData ===>> H2,-0.0544987651499439,H1,2794.67080453358,AX,342.323583988656,L1,4.38579217877837,L2,0.618746797...
GetData ===>> H2,0.0137146561112311,H1,2792.95421828719,AX,342.508117985329,L1,4.37659312768967,L2,0.5777704103...
GetData ===>> H2,-0.0193823273226893,H1,2791.69819402196,AX,342.111817013422,L1,4.39740606933992,L2,0.646113872...
GetData ===>> H2,-0.158811825546587,H1,2790.99715833409,AX,342.151620652734,L1,4.39000987494994,L2,0.6561166708...
GetData ===>> H2,-0.192205440425677,H1,2789.92122274157,AX,341.915810197982,L1,4.3906760949905,L2,0.69865449273...
GetData ===>> H2,-0.254479583578852,H1,2789.82534164251,AX,341.873053656057,L1,4.38013254277069,L2,0.7161210408...
GetData ===>> H2,-0.10316747498563,H1,2787.48640259384,AX,341.983582330256,L1,4.37337596595084,L2,0.78621363796...
GetData ===>> H2,0.0427685944610675,H1,2786.08822928922,AX,341.777971164082,L1,4.3606626866932,L2,0.72914008980...
GetData ===>> H2,0.0521870133936791,H1,2785.35537555058,AX,341.611360158072,L1,4.33813246726496,L2,0.6762626119...
GetData ===>> H2,0.0208444347999779,H1,2783.94322256737,AX,341.37997689574,L1,4.33543633791642,L2,0.68275777804...
GetData ===>> H2,-0.121441090248511,H1,2783.49649890327,AX,341.493526612896,L1,4.3506013303613,L2,0.56937830002...
GetData ===>> H2,-0.00755214670187298,H1,2782.4566801327,AX,341.395254929181,L1,4.3347787999253,L2,0.6891161480...
GetData ===>> H2,0.117723640089105,H1,2781.02862795311,AX,340.800983632222,L1,4.31240281912669,L2,0.72229857682...
GetData ===>> H2,0.0176662220061615,H1,2779.97592932167,AX,340.78732422679,L1,4.33910666114205,L2,0.67430728709...
GetData ===>> H2,-0.0707468443403752,H1,2778.50765441255,AX,340.79555808402,L1,4.31702639085253,L2,0.5736657306...
GetData ===>> H2,-0.0733297984082105,H1,2777.49802027999,AX,340.571130170165,L1,4.30107089395007,L2,0.686394348...
GetData ===>> H2,-0.0715360295280937,H1,2776.47534692783,AX,340.60695508399,L1,4.27212823809262,L2,0.7697186786...
GetData ===>> H2,-0.00774114549048115,H1,2775.73354644836,AX,340.520957831741,L1,4.26538062774853,L2,0.64508507...
GetData ===>> H2,-0.0131500785063258,H1,2774.17332771963,AX,340.399570965923,L1,4.31999752846508,L2,0.772339825...
02:34:56 -- collecting point 25
GetData ===>> H2,-0.0167441933798592,H1,2773.18478506465,AX,339.993298166531,L1,4.33517098573908,L2,0.712140172...
GetData ===>> H2,0.0636575264643632,H1,2770.70767695074,AX,339.805072621686,L1,4.35157864862235,L2,0.7301354675...
set states for children of C. state=False
handle state [('C', False)]
update switch state C False args=() kw={'refresh': False} ncanvase=2
refresh_canvas_needed fired
GetData ===>> H2,-0.0213136738348522,H1,2770.48451747655,AX,340.034181730469,L1,4.3162760705617,L2,0.7404674120...
GetData ===>> H2,-0.0844806123951868,H1,2769.69414292401,AX,339.636909473471,L1,4.29433176084345,L2,0.656974102...
set states for children of B. state=True
handle state [('B', True)]
update switch state B True args=() kw={'refresh': False} ncanvase=2
refresh_canvas_needed fired
GetData ===>> H2,-0.0717353511483949,H1,2769.56616500645,AX,339.581795368811,L1,4.28606677332746,L2,0.644959331...
GetData ===>> H2,-0.0607188358717166,H1,2768.21499591703,AX,339.457243952847,L1,4.35205274900818,L2,0.638523873...
GetData ===>> H2,-0.125008587539821,H1,2767.05784650766,AX,339.465838828207,L1,4.33594081451588,L2,0.5960092031...
GetData ===>> H2,-0.076330983157298,H1,2765.04993428821,AX,339.486181135221,L1,4.35629712969146,L2,0.8015779039...
GetData ===>> H2,-0.0539628608609679,H1,2763.74027631734,AX,339.425063376331,L1,4.32657769168841,L2,0.651932516...
GetData ===>> H2,-0.00792742180849422,H1,2763.00561590024,AX,338.89885931778,L1,4.30223886408181,L2,0.725307409...
GetData ===>> H2,0.0140249604213327,H1,2761.7344693455,AX,339.014791250986,L1,4.25191785025121,L2,0.69394238625...
GetData ===>> H2,-0.0940184924378726,H1,2760.51322328448,AX,338.822012458997,L1,4.29977926644595,L2,0.683935645...
GetData ===>> H2,-0.0883699876253355,H1,2758.81939806109,AX,338.718359059556,L1,4.27090841696341,L2,0.718900882...
GetData ===>> H2,-0.0983643990266656,H1,2758.55636106154,AX,338.229370878804,L1,4.28139797051566,L2,0.704236121...
GetData ===>> H2,-0.0625329480214237,H1,2757.78974852665,AX,338.097363892104,L1,4.3200252177914,L2,0.6626447732...
GetData ===>> H2,-0.0398000798228835,H1,2756.26692570639,AX,337.809273763409,L1,4.29293606465868,L2,0.726165459...
GetData ===>> H2,-0.166583650189206,H1,2754.64759417957,AX,338.147688405872,L1,4.30914119536822,L2,0.7736675955...
GetData ===>> H2,-0.189772074085978,H1,2754.5730966069,AX,338.116476562549,L1,4.27182872190678,L2,0.63413475076...
GetData ===>> H2,-0.117765585030784,H1,2753.18624101794,AX,337.757582133596,L1,4.30814304445828,L2,0.6656174363...
GetData ===>> H2,-0.00775202302332245,H1,2751.61610082702,AX,337.948870301084,L1,4.28962342134741,L2,0.61266156...
GetData ===>> H2,-0.0333246067998795,H1,2751.14314162052,AX,337.662101843497,L1,4.25000091006788,L2,0.589102067...
GetData ===>> H2,-0.112872083768748,H1,2749.68482376788,AX,337.260454346394,L1,4.2762058787239,L2,0.72234433783...
GetData ===>> H2,-0.079507526514564,H1,2747.96312600277,AX,337.304683540816,L1,4.26515956825142,L2,0.6860512696...
set states for children of B. state=False
handle state [('B', False)]
update switch state B False args=() kw={'refresh': False} ncanvase=2
refresh_canvas_needed fired
GetData ===>> H2,-0.0564345940463895,H1,2747.67294354821,AX,337.316338786383,L1,4.24846299698104,L2,0.780352509...
GetData ===>> H2,-0.130161762775776,H1,2747.05069946364,AX,337.088551235204,L1,4.24266631409549,L2,0.7357990204...
02:35:22 -- collecting point 50
GetData ===>> H2,-0.1134730586768,H1,2745.1834891377,AX,337.091974146631,L1,4.22878312900625,L2,0.7671548310992...
GetData ===>> H2,-0.069089648494315,H1,2743.9389520672,AX,336.729516114605,L1,4.21474995682126,L2,0.60730870239...
GetData ===>> H2,-0.000803053951510008,H1,2743.57275310296,AX,336.657533850344,L1,4.24897755122517,L2,0.6033628...
GetData ===>> H2,0.0551409777826335,H1,2742.18343047324,AX,336.265465522044,L1,4.24452897359818,L2,0.7694325315...
GetData ===>> H2,-0.0786524948090881,H1,2741.2059401137,AX,336.397107918044,L1,4.25215755601207,L2,0.7066267141...
GetData ===>> H2,-0.00220041417689798,H1,2739.7368904896,AX,335.901283647179,L1,4.22800760220519,L2,0.587524016...
GetData ===>> H2,-0.0506681912542675,H1,2738.06671589209,AX,335.714227332263,L1,4.28175592649993,L2,0.631494515...
GetData ===>> H2,-0.103721024892192,H1,2737.0088755443,AX,336.136390703698,L1,4.28339305406053,L2,0.70006130722...
GetData ===>> H2,-0.0738856331017017,H1,2735.97595980901,AX,336.443597165423,L1,4.25998908196477,L2,0.680424956...
GetData ===>> H2,-0.0245952239401955,H1,2735.26957994841,AX,335.826107469828,L1,4.23354891090331,L2,0.669482035...
GetData ===>> H2,-0.123034296199626,H1,2733.04642374101,AX,335.697096988059,L1,4.25021315148884,L2,0.6040262208...
GetData ===>> H2,-0.0311965360398591,H1,2732.063059224,AX,335.641162095585,L1,4.24206050256266,L2,0.77543035290...
GetData ===>> H2,-0.0363578126940626,H1,2731.69261099335,AX,335.452993621501,L1,4.28779619691355,L2,0.674650323...
GetData ===>> H2,-0.105051329160723,H1,2730.16660099217,AX,335.366271999488,L1,4.3013330221701,L2,0.64116430240...
GetData ===>> H2,-0.106504606634251,H1,2729.39495274276,AX,335.081431060959,L1,4.29924489003119,L2,0.6228991635...
GetData ===>> H2,-0.116818445728244,H1,2728.84528694391,AX,335.063275760376,L1,4.26955969642638,L2,0.7015253311...
GetData ===>> H2,-0.0424082347636669,H1,2727.78256217785,AX,334.937990756534,L1,4.25751802613157,L2,0.635666349...
GetData ===>> H2,-0.0963778663833881,H1,2726.69561568236,AX,334.823141205238,L1,4.24020838783341,L2,0.661089878...
GetData ===>> H2,-0.0911004261601719,H1,2725.14050825002,AX,334.717821953717,L1,4.21012627199592,L2,0.660358171...
GetData ===>> H2,0.0197957068648238,H1,2724.25381508559,AX,334.749689583257,L1,4.19219869034163,L2,0.6693219607...
GetData ===>> H2,-0.060790700821499,H1,2722.82201683465,AX,335.041964603982,L1,4.19908546077105,L2,0.6902483480...
GetData ===>> H2,-0.209624667288859,H1,2721.66931929933,AX,334.556723494644,L1,4.20075595349817,L2,0.7402957760...
GetData ===>> H2,-0.0971511252057561,H1,2721.28241820047,AX,334.126609103607,L1,4.1886676326538,L2,0.6766056554...
GetData ===>> H2,-0.0522355850079136,H1,2720.03548940342,AX,334.278756179131,L1,4.21896924007471,L2,0.594453910...
GetData ===>> H2,-0.0115123084394176,H1,2718.49748857053,AX,334.064496668175,L1,4.21965711600859,L2,0.760493725...
02:35:49 -- collecting point 75
GetData ===>> H2,-0.00640584956259877,H1,2717.82693200195,AX,334.141989778832,L1,4.25128313709084,L2,0.68695471...
GetData ===>> H2,-0.0401190069795454,H1,2716.6578452602,AX,333.929734515552,L1,4.21742383773781,L2,0.6215264607...
GetData ===>> H2,0.0724676859614962,H1,2715.56706691592,AX,333.78052038093,L1,4.19634385559431,L2,0.60682833222...
GetData ===>> H2,0.0528767033187045,H1,2714.35968567539,AX,333.33123381168,L1,4.22788997042888,L2,0.64006697262...
GetData ===>> H2,0.0412515735266051,H1,2712.42876619054,AX,333.323178593022,L1,4.23605050748589,L2,0.7039158558...
GetData ===>> H2,-0.0174302755997384,H1,2712.31684871685,AX,333.393103566217,L1,4.23562942511044,L2,0.715972327...
GetData ===>> H2,0.0560517214576066,H1,2711.38505240277,AX,333.12656559183,L1,4.23584286849642,L2,0.62092018992...
GetData ===>> H2,0.0160911488207875,H1,2710.39978788003,AX,333.13100047576,L1,4.25476266240373,L2,0.57495771394...
GetData ===>> H2,-0.109747584665522,H1,2709.28397247791,AX,332.805659712734,L1,4.20734010107635,L2,0.5507330639...
GetData ===>> H2,-0.0867909822937682,H1,2708.23618627514,AX,332.954926056823,L1,4.20321570734462,L2,0.769512652...
GetData ===>> H2,-0.142645944150537,H1,2707.45021821383,AX,333.020179149749,L1,4.20623741788352,L2,0.6703281525...
GetData ===>> H2,-0.0695317718114718,H1,2706.58493600192,AX,332.790256216972,L1,4.21761972295601,L2,0.581532234...
GetData ===>> H2,-0.0336043363917772,H1,2704.84478187518,AX,332.464334277728,L1,4.23361859439523,L2,0.632626036...
GetData ===>> H2,-0.0968978921207712,H1,2702.70969849232,AX,332.330464764582,L1,4.19935661023421,L2,0.659272055...
GetData ===>> H2,-0.26014647927989,H1,2701.97929876279,AX,332.204566172083,L1,4.17192066086277,L2,0.63443192463...
GetData ===>> H2,-0.240666727934131,H1,2701.04708110709,AX,331.941760628895,L1,4.19521607677961,L2,0.7135128671...
GetData ===>> H2,-0.135561471506088,H1,2699.95253169717,AX,331.976722423623,L1,4.19185206477772,L2,0.6550648990...
GetData ===>> H2,-0.0963087986750946,H1,2698.98681490804,AX,332.008420092317,L1,4.22201563538531,L2,0.635152003...
GetData ===>> H2,0.00618963698464989,H1,2698.51951406681,AX,331.826337910029,L1,4.20040356485603,L2,0.603259943...
GetData ===>> H2,-0.00331312839817313,H1,2698.11421406669,AX,331.711225124125,L1,4.2106371391671,L2,0.556768648...
GetData ===>> H2,0.00360307941384075,H1,2696.70383151602,AX,330.993553988471,L1,4.20389889935711,L2,0.654641907...
GetData ===>> H2,-0.095035710842554,H1,2695.15923131178,AX,331.03711685096,L1,4.17450440434794,L2,0.72301931524...
GetData ===>> H2,-0.111124473782674,H1,2693.87247030013,AX,331.23545031055,L1,4.17060350330154,L2,0.69090022677...
GetData ===>> H2,-0.144660581215397,H1,2692.93918905227,AX,331.101717140984,L1,4.18634798836109,L2,0.6119867185...
GetData ===>> H2,-0.0235066388821208,H1,2692.44872931044,AX,331.348791883638,L1,4.21950183260317,L2,0.722195614...
02:36:15 -- collecting point 100
GetData ===>> H2,0.029408108543796,H1,2691.4543914164,AX,330.805168993856,L1,4.17103819298877,L2,0.643747649137...
GetData ===>> H2,0.0086693114569399,H1,2690.37289741011,AX,330.848375209278,L1,4.20094592856286,L2,0.6221899313...
GetData ===>> H2,0.0469979533264113,H1,2688.79312834188,AX,330.615690576318,L1,4.22414667818326,L2,0.5849282943...
GetData ===>> H2,0.0132233581969507,H1,2687.39416284951,AX,330.414729792139,L1,4.19674106736725,L2,0.7228019491...
GetData ===>> H2,0.00500235877153539,H1,2685.84857189993,AX,330.212780126608,L1,4.18354760733694,L2,0.792716246...
GetData ===>> H2,-0.00450733908195133,H1,2685.40727910601,AX,330.444712146477,L1,4.18460419710389,L2,0.62856862...
GetData ===>> H2,-0.0285151715951467,H1,2684.33515145764,AX,330.354306035565,L1,4.19796612693615,L2,0.674730365...
GetData ===>> H2,-0.0522912201285573,H1,2683.13445985937,AX,330.150161047796,L1,4.21321089172813,L2,0.712311758...
GetData ===>> H2,-0.047843623778099,H1,2681.5228731806,AX,329.98376591846,L1,4.22557096842102,L2,0.588644658802...
set states for children of V. state=False
handle state [('V', False)]
update switch state V False args=() kw={'refresh': False} ncanvase=2
refresh_canvas_needed fired
GetData ===>> H2,-0.113238898811916,H1,2680.89865488492,AX,329.786478928461,L1,4.23185195053252,L2,0.6088756408...
GetData ===>> H2,-0.0184966779022251,H1,2679.63377871792,AX,329.544468183729,L1,4.23760282990277,L2,0.657957299...
GetData ===>> H2,0.0963946478442934,H1,2679.28921824691,AX,329.804481413543,L1,4.2374271127655,L2,0.69517757626...
GetData ===>> H2,-0.00944743166731279,H1,2678.30604544442,AX,329.841615442465,L1,4.21703207675299,L2,0.63915254...
set states for children of H. state=True
handle state [('H', True)]
update switch state H True args=() kw={'refresh': False} ncanvase=2
refresh_canvas_needed fired
GetData ===>> H2,-0.118363595155714,H1,2677.2469167057,AX,329.572081755528,L1,4.15411272254947,L2,0.73861375879...
GetData ===>> H2,-0.128916941874302,H1,2676.52174260238,AX,329.17688071773,L1,4.08786299621158,L2,0.64460496983...
GetData ===>> H2,-0.150929203825983,H1,2675.39623902357,AX,329.110372041843,L1,4.11123638997008,L2,0.6540931636...
GetData ===>> H2,-0.113025037607001,H1,2673.71515031587,AX,328.79682648988,L1,4.16117745976804,L2,0.57802195635...
GetData ===>> H2,-0.0885678478900777,H1,2673.37239875156,AX,328.800774491864,L1,4.19917825990733,L2,0.669104716...
GetData ===>> H2,-0.0119581313850402,H1,2671.75290544619,AX,328.727911531321,L1,4.17916714514417,L2,0.709051681...
GetData ===>> H2,-0.0442628911162814,H1,2670.67545298493,AX,328.678225403463,L1,4.17901502380029,L2,0.707576104...
GetData ===>> H2,-0.165937101579548,H1,2669.47479716954,AX,328.618820290009,L1,4.16366361475926,L2,0.6189755734...
measurement finished
estimated time: 125.829 actual time: :126.397
flush and close file /Users/jan/PychronDev/data/isotopes/5f/4c9ead-8618-46ed-a665-94fc7929b3c2.h5
baselines () {'settling_time': 15.0, 'detector': 'H1', 'mass': 34.2, 'ncounts': 60}
%%%%%%%%%%%%%%%%%%%%%%%%%%%%%%%% Baseline
build tables- baseline [Detector(H2), Detector(H1), Detector(AX), Detector(L1), Detector(L2), Detector(CDD)]
add group baseline table H2
add group baseline table H1
add group baseline table AX
add group baseline table L1
add group baseline table L2
add group baseline table CDD
flush and close file /Users/jan/PychronDev/data/isotopes/5f/4c9ead-8618-46ed-a665-94fc7929b3c2.h5
detector Detector(H1)
POSITION 34.2 H1
Mapping mass to dac mass func: "parabolic"
H1 map mass coeffs = [-0.00063987  0.15840543  0.57098999]
H1 map mass to dac 34.2 >> 5.24003599104
GetDeflection H1 ===>> 0
GetHighVoltage ===>> 4500
positioning 34.2 (5.24003599104) on H1
setting magnet DAC
current  : 5.879380
requested: 5.240036
Delta Dac: 0.639344
Checking detector protection. dv=0.63934
Checking detector "CDD". Protection Threshold: 0.1 (V)
ProtectDetector CDD,On ===>> OK
GetDeflection CDD ===>> 2000
Protected = 2000
SetMagnetDAC 5.24003599104 ===>> OK
Magnet settling time: 0.500
GetMagnetMoving ===>> True
GetMagnetMoving ===>> True
GetMagnetMoving ===>> True
GetMagnetMoving ===>> True
GetMagnetMoving ===>> True
GetMagnetMoving ===>> True
GetMagnetMoving ===>> True
GetMagnetMoving ===>> True
GetMagnetMoving ===>> False
ProtectDetector CDD,Off ===>> OK
GetDeflection CDD ===>> 50
Delaying 15.0s for detectors to settle
set states for children of H. state=False
handle state [('H', False)]
update switch state H False args=() kw={'refresh': False} ncanvase=2
refresh_canvas_needed fired
State checksums do not match. Local:2052577745 Remote:-1990985319
State checksum failed
Join finished
measuring baseline. ncounts=60
"baseline" increment series count="2" fit count="1" regressing="True"
starting measurement
GetData ===>> H2,-0.16145614036551,H1,-0.243293772070574,AX,-0.0397473526854076,L1,-0.069263030213922,L2,-0.032...
set states for children of C. state=True
set states for children of B. state=True
set states for children of D. state=True
handle state [('C', True), ('B', True), ('D', True)]
update switch state C True args=() kw={'refresh': True} ncanvase=2
update switch state B True args=() kw={'refresh': True} ncanvase=2
update switch state D True args=() kw={'refresh': False} ncanvase=2
refresh_canvas_needed fired
GetData ===>> H2,-0.159903119100401,H1,-0.15828491403711,AX,0.00235539172131535,L1,-0.107734585362732,L2,-0.043...
GetData ===>> H2,-0.109586462837481,H1,-0.126212062241726,AX,-0.078238604852752,L1,-0.0806832379734505,L2,0.065...
GetData ===>> H2,-0.137073088814503,H1,-0.0585428772693184,AX,-0.0928427457698889,L1,-0.072193810127911,L2,0.03...
GetData ===>> H2,-0.259436680919758,H1,-0.100295557983076,AX,-0.121105962719849,L1,-0.0540770062789099,L2,-0.02...
GetData ===>> H2,-0.243207796754584,H1,-0.134201429450065,AX,-0.141574026396599,L1,-0.0753641570236013,L2,-0.09...
GetData ===>> H2,-0.233823268062794,H1,-0.0246559307546022,AX,-0.068524478227826,L1,-0.00388896454825375,L2,0.0...
GetData ===>> H2,-0.269001298563177,H1,0.0300858218327928,AX,-0.0957285428037278,L1,-0.013111605211767,L2,0.023...
GetData ===>> H2,-0.275477343614816,H1,-0.0251210298425118,AX,-0.215788077890684,L1,-0.0535578988778394,L2,-0.0...
GetData ===>> H2,-0.253957940215864,H1,-0.0118350409006539,AX,-0.137225828280523,L1,-0.0500921097367475,L2,-0.1...
GetData ===>> H2,-0.141497265186392,H1,0.0219722758117104,AX,0.00129970088914607,L1,-0.0519358143801821,L2,0.04...
GetData ===>> H2,-0.114678973192845,H1,-0.0475505510029837,AX,-0.0866072775718218,L1,-0.0519226548064061,L2,-0....
GetData ===>> H2,-0.0471037726515837,H1,0.0534159299208749,AX,-0.157202744203848,L1,-0.0377865007638818,L2,-4.5...
GetData ===>> H2,-0.0850453827386746,H1,0.0304199231175197,AX,-0.142350883993913,L1,-0.0170019125118734,L2,-0.0...
GetData ===>> H2,-0.257012168929846,H1,-0.0135525390820622,AX,-0.140658022154242,L1,-0.0374762113963882,L2,-0.0...
GetData ===>> H2,-0.169676854461626,H1,-0.0322880527756418,AX,-0.0889253421553019,L1,-0.0441962056653888,L2,-0....
GetData ===>> H2,-0.191059599017082,H1,0.0680492473437823,AX,0.0554285043599133,L1,-0.0167032797843046,L2,-0.07...
GetData ===>> H2,-0.216034119205518,H1,0.0124635595440516,AX,-0.0478410547094107,L1,-0.0211566651559792,L2,0.08...
GetData ===>> H2,-0.169455553760831,H1,-0.0474074758899377,AX,-0.14435677118609,L1,-0.0339758153218572,L2,-0.10...
GetData ===>> H2,-0.281346908014625,H1,-0.0127534290108809,AX,-0.10897429606716,L1,-0.0302659324864923,L2,0.000...
GetData ===>> H2,-0.374589767577104,H1,0.0480692152683872,AX,-0.123040864211562,L1,-0.0554462450421115,L2,0.006...
GetData ===>> H2,-0.171780344652107,H1,0.0228671199490329,AX,-0.0595281929855405,L1,-0.0590272756379771,L2,-0.0...
GetData ===>> H2,-0.172755724213482,H1,0.0164482817674784,AX,-0.0801395853823361,L1,-0.0596231922037751,L2,-0.0...
GetData ===>> H2,-0.234130058058225,H1,0.0558506892377466,AX,-0.0574413069484476,L1,-0.0540997315659399,L2,0.07...
02:37:21 -- collecting point 25
GetData ===>> H2,-0.298462054863793,H1,-0.0140296166801555,AX,-0.108174734810943,L1,-0.0575684470760179,L2,-0.0...
GetData ===>> H2,-0.263657777491719,H1,-0.0139222744188981,AX,-0.0713530352236445,L1,-0.0363931186138149,L2,0.0...
GetData ===>> H2,-0.191372357830491,H1,-0.0416127619081273,AX,-0.0585775060076716,L1,-0.0722941968871657,L2,0.0...
GetData ===>> H2,-0.102413575134191,H1,0.0139071082551513,AX,-0.0992980046529373,L1,-0.0625197044503343,L2,-0.0...
GetData ===>> H2,-0.0648239022029373,H1,0.0520911592814201,AX,-0.231451211045456,L1,-0.0023712339545174,L2,-0.0...
GetData ===>> H2,-0.156203370322014,H1,0.0566145474987458,AX,-0.188406290209031,L1,-0.0222559186773833,L2,-0.07...
GetData ===>> H2,-0.368858508586542,H1,0.0394172127114125,AX,-0.0836053018657951,L1,-0.0626130106531627,L2,-0.0...
GetData ===>> H2,-0.211454000948463,H1,0.0892617156295518,AX,-0.0576499975661199,L1,-0.0338153774401027,L2,-0.0...
GetData ===>> H2,-0.208245062373963,H1,0.042149971358252,AX,-0.109136525085355,L1,-0.00412890101073785,L2,0.001...
GetData ===>> H2,-0.282004371549263,H1,0.0204331626057154,AX,-0.214270288141874,L1,0.0143866274571966,L2,-0.142...
GetData ===>> H2,-0.120475320071506,H1,0.0653993363586071,AX,-0.0325807337318701,L1,0.0170777511434919,L2,-0.04...
GetData ===>> H2,-0.145075354748334,H1,0.123273827417614,AX,0.0284960918273936,L1,0.0242395675245766,L2,0.04406...
GetData ===>> H2,-0.151817687366175,H1,0.0703769297109027,AX,-0.05390509232925,L1,0.00105139816836261,L2,-0.016...
GetData ===>> H2,-0.199811533647127,H1,0.0270670286327103,AX,-0.00321295831774753,L1,0.0145271101123601,L2,-0.1...
GetData ===>> H2,-0.237389859843665,H1,0.0544304057744639,AX,-0.171519135480287,L1,0.0255468083682611,L2,-0.004...
GetData ===>> H2,-0.185605151841739,H1,0.069445850271044,AX,-0.109148112862029,L1,-0.00527211972290904,L2,0.018...
GetData ===>> H2,-0.109629789940285,H1,0.0336774690749444,AX,0.0192712084261717,L1,-0.0326179989601146,L2,0.062...
GetData ===>> H2,-0.105569604932589,H1,0.0358134267052225,AX,-0.0332185610195617,L1,-0.0271154092534741,L2,-0.0...
GetData ===>> H2,-0.181672813849089,H1,-0.00392701280167425,AX,-0.0634931531607473,L1,0.0103998978663399,L2,-0....
GetData ===>> H2,-0.253535767883346,H1,0.0571038972595474,AX,-0.102496502070348,L1,0.015388059415904,L2,0.00438...
GetData ===>> H2,-0.250246585355699,H1,0.11170053924896,AX,-0.0380659118040092,L1,-0.0155986214638504,L2,0.0490...
GetData ===>> H2,-0.250172614794489,H1,-0.0280666072108414,AX,-0.0174804014659513,L1,-0.00696691549467931,L2,0....
GetData ===>> H2,-0.204680753116909,H1,-0.0291756482898585,AX,-0.18913641676218,L1,-0.0406948481084059,L2,-0.04...
GetData ===>> H2,-0.179391027001278,H1,0.0928282101299917,AX,-0.122148728784328,L1,-0.0110881685122742,L2,-0.08...
GetData ===>> H2,-0.259468932557025,H1,0.0832144717485718,AX,-0.00359577068061477,L1,0.0373917607446648,L2,-0.1...
02:37:47 -- collecting point 50
GetData ===>> H2,-0.159926078355912,H1,0.054072354299506,AX,-0.0717819485723374,L1,0.0210406909427689,L2,0.0126...
GetData ===>> H2,-0.125780631365454,H1,0.0333791545968022,AX,-0.0725006639992557,L1,0.00359992639982256,L2,-0.0...
GetData ===>> H2,-0.252313530280124,H1,0.101190288870412,AX,-0.0614527259963371,L1,-0.0128371225433666,L2,-0.05...
GetData ===>> H2,-0.179812065438174,H1,0.00565172212911875,AX,-0.0973046849611332,L1,-0.00355664310368908,L2,-0...
GetData ===>> H2,-0.0716160297816054,H1,0.0137042943694656,AX,-0.149040878454558,L1,0.0310277853537152,L2,0.042...
GetData ===>> H2,-0.208476804648173,H1,0.0298829751681719,AX,-0.0959255619697597,L1,-0.0238764092516385,L2,0.02...
GetData ===>> H2,-0.315307671347418,H1,-0.019241541320336,AX,-0.0893194076421248,L1,-0.0410277930007259,L2,-0.0...
GetData ===>> H2,-0.215000017687175,H1,-0.0282693360678764,AX,-0.0111821051282856,L1,-0.0104215919928526,L2,-0....
GetData ===>> H2,-0.158089190923877,H1,0.0509215565289491,AX,-0.0362568808978389,L1,-0.0511294595676293,L2,-0.0...
GetData ===>> H2,-0.128399239995705,H1,0.0310642644580252,AX,0.00874778625451243,L1,-0.0411032430080205,L2,-0.0...
GetData ===>> H2,-0.214087021322962,H1,0.00338518898932456,AX,-0.0808698302241248,L1,0.00366595901781399,L2,-0....
measurement finished
estimated time: 62.915 actual time: :63.235
flush and close file /Users/jan/PychronDev/data/isotopes/5f/4c9ead-8618-46ed-a665-94fc7929b3c2.h5
activate_detectors ('H1', 'AX', 'CDD') {'peak_center': True}
peak_center () {'detector': 'H1', 'integration_time': 0.262144, 'isotope': 'Ar40'}
peak center: mean=2674.57508667 threshold=3
peak center started
setup peak center. detector=['H1', 'AX', 'CDD'], isotope=Ar40
VersionedUnpickler [<apptools.sweet_pickle.versioned_unpickler.VersionedUnpickler object at 0x1a9badc50>] using Updater [<apptools.sweet_pickle.updater.Updater object at 0x134a15590>]
VersionedUnpickler [<apptools.sweet_pickle.versioned_unpickler.VersionedUnpickler object at 0x1a9badc50>] using Updater [<apptools.sweet_pickle.updater.Updater object at 0x134a15590>]
VersionedUnpickler [<apptools.sweet_pickle.versioned_unpickler.VersionedUnpickler object at 0x1b9efc1d0>] using Updater [<apptools.sweet_pickle.updater.Updater object at 0x134a15590>]
setting integration time = 0.524288
SetIntegrationTime 0.524288 ===>> OK
Mapping mass to dac mass func: "parabolic"
H1 map mass coeffs = [-0.00063987  0.15840543  0.57098999]
H1 map mass to dac 39.9624 >> 5.87938
GetDeflection H1 ===>> 0
GetHighVoltage ===>> 4500
do peak center. <pychron.spectrometer.jobs.peak_center.PeakCenter object at 0x134a156b0>
doing pc
starting peak center. center dac= 5.87938 step_width=0.001
width = 0.001
get scan parameters. half-width=0.015,window=0.015, i=0, scalar=1
Scan parameters center=5.87938 width=0.03000 (5.86438 - 5.89438)
GetData ===>> H2,-0.0555582890140878,H1,0.084967777059597,AX,-0.150872720432902,L1,0.0349142007160074,L2,-0.063...
Moving to starting dac 5.86438
setting magnet DAC
current  : 5.240036
requested: 5.864380
Delta Dac: 0.624344
Checking detector protection. dv=0.62434
Checking detector "CDD". Protection Threshold: 0.1 (V)
ProtectDetector CDD,On ===>> OK
GetDeflection CDD ===>> 2000
Protected = 2000
SetMagnetDAC 5.86438 ===>> OK
Magnet settling time: 0.500
GetMagnetMoving ===>> True
GetMagnetMoving ===>> True
GetMagnetMoving ===>> True
GetMagnetMoving ===>> True
GetMagnetMoving ===>> True
GetMagnetMoving ===>> True
GetMagnetMoving ===>> True
GetMagnetMoving ===>> True
GetMagnetMoving ===>> False
ProtectDetector CDD,Off ===>> OK
GetDeflection CDD ===>> 50
Wait until signal near baseline. tol= 0.0637258327947. timeout= 10
GetData ===>> H2,12.3393715974639,H1,3.6821446877269,AX,-0.0370338405990881,L1,0.0160489418968212,L2,0.04409979...
GetData ===>> H2,131.951527186672,H1,66.7076143380388,AX,5.06949210659452,L1,0.0248803575309725,L2,-0.210255777...
GetData ===>> H2,139.105992032438,H1,73.0689186976135,AX,7.11078291835335,L1,0.00346786246256052,L2,-0.25423131...
GetData ===>> H2,83.6365666751144,H1,35.7190295590775,AX,3.18611333511948,L1,-0.00538367556242599,L2,-0.1296269...
GetData ===>> H2,37.0273453470044,H1,18.5204354403791,AX,1.58832698592972,L1,0.0144198523083012,L2,-0.045513538...
GetData ===>> H2,13.1719618061332,H1,10.3640850195407,AX,0.772386492528296,L1,0.0228680634213361,L2,0.104656238...
GetData ===>> H2,3.91340589338728,H1,6.32012517424838,AX,0.481926884170374,L1,-0.0117558996472674,L2,0.04945420...
GetData ===>> H2,1.25883090226369,H1,4.44505206515966,AX,0.311960087471859,L1,-0.00800548159405285,L2,0.0792620...
GetData ===>> H2,0.780782985400867,H1,3.43924107201381,AX,0.256684051886041,L1,-0.00908950558184503,L2,0.008608...
GetData ===>> H2,0.828429027263939,H1,3.06789853337495,AX,0.183827976713711,L1,-0.0103436619995538,L2,0.0488162...
GetData ===>> H2,0.867080257688459,H1,2.67176035582637,AX,0.0451030849996399,L1,-0.0208192329644338,L2,-0.04726...
GetData ===>> H2,0.77582028524409,H1,2.59947618077028,AX,0.188793179047601,L1,0.00698552697178405,L2,-0.0674315...
GetData ===>> H2,0.678649176024859,H1,2.57790483160287,AX,0.148591591678852,L1,0.0319553897601604,L2,-0.0468110...
GetData ===>> H2,0.617695618000709,H1,2.45221563367093,AX,0.0502331412142834,L1,0.0252694153707262,L2,-0.012911...
GetData ===>> H2,0.493290742892809,H1,2.49651614172233,AX,0.119581595406081,L1,0.00583489594828677,L2,-0.019196...
GetData ===>> H2,0.372615194227392,H1,2.47180584460061,AX,0.145182295203343,L1,-0.0117487070883043,L2,0.0834103...
GetData ===>> H2,0.404734371802312,H1,2.54421632941269,AX,0.165964621968443,L1,-0.0461618914882167,L2,-0.074008...
GetData ===>> H2,0.330749264763736,H1,2.54465094847796,AX,0.124450775548976,L1,-0.042460048829329,L2,-0.0313540...
GetData ===>> H2,0.316380693134916,H1,2.47380850563308,AX,0.122062528205848,L1,-0.057275981546467,L2,0.04373525...
GetData ===>> H2,0.28554466760623,H1,2.51869779910179,AX,0.185452080471964,L1,-0.0170050965629727,L2,-0.1306750...
GetData ===>> H2,0.159258653558062,H1,2.49386142640804,AX,0.179559033081318,L1,0.0455723860072167,L2,0.00544303...
Peak center failed to move to a baseline position
_do_sweep sm= 5.86438, em= 5.89438, stm= 0.001
calculated step values: start=5.86438, end=5.89438, width=0.001, nsteps=31.0
setting magnet DAC
current  : 5.864380
requested: 5.864380
Delta Dac: 0.000000
Checking detector protection. dv=0.00000
Checking detector "CDD". Protection Threshold: 0.1 (V)
SetMagnetDAC 5.86438 ===>> OK
GetData ===>> H2,0.159258653558062,H1,2.49386142640804,AX,0.179559033081318,L1,0.0455723860072167,L2,0.00544303...
setting magnet DAC
current  : 5.864380
requested: 5.865414
Delta Dac: 0.001034
Checking detector protection. dv=0.00103
Checking detector "CDD". Protection Threshold: 0.1 (V)
SetMagnetDAC 5.86541448276 ===>> OK
Magnet settling time: 1.049
GetData ===>> H2,0.129478833278805,H1,5.39073783211672,AX,0.482159166971432,L1,0.038737182872269,L2,-0.00316547...
setting magnet DAC
current  : 5.865414
requested: 5.866449
Delta Dac: 0.001034
Checking detector protection. dv=0.00103
Checking detector "CDD". Protection Threshold: 0.1 (V)
SetMagnetDAC 5.86644896552 ===>> OK
Magnet settling time: 1.049
GetData ===>> H2,0.0505297467587585,H1,17.7963982478826,AX,1.59753111639089,L1,0.00671224020295683,L2,0.0051697...
setting magnet DAC
current  : 5.866449
requested: 5.867483
Delta Dac: 0.001034
Checking detector protection. dv=0.00103
Checking detector "CDD". Protection Threshold: 0.1 (V)
SetMagnetDAC 5.86748344828 ===>> OK
Magnet settling time: 1.049
GetData ===>> H2,0.0801927185029016,H1,66.3242534925902,AX,5.40734424476751,L1,0.00424346272573496,L2,0.0059668...
setting magnet DAC
current  : 5.867483
requested: 5.868518
Delta Dac: 0.001034
Checking detector protection. dv=0.00103
Checking detector "CDD". Protection Threshold: 0.1 (V)
SetMagnetDAC 5.86851793103 ===>> OK
Magnet settling time: 1.049
GetData ===>> H2,0.0810955586804214,H1,227.78581915525,AX,18.1507472430838,L1,0.0423258525350611,L2,0.015145624...
setting magnet DAC
current  : 5.868518
requested: 5.869552
Delta Dac: 0.001034
Checking detector protection. dv=0.00103
Checking detector "CDD". Protection Threshold: 0.1 (V)
SetMagnetDAC 5.86955241379 ===>> OK
Magnet settling time: 1.049
GetData ===>> H2,-0.011098696162102,H1,617.979607588473,AX,53.2711970237325,L1,0.246303859541687,L2,-0.02104046...
setting magnet DAC
current  : 5.869552
requested: 5.870587
Delta Dac: 0.001034
Checking detector protection. dv=0.00103
Checking detector "CDD". Protection Threshold: 0.1 (V)
SetMagnetDAC 5.87058689655 ===>> OK
Magnet settling time: 1.049
GetData ===>> H2,0.109111344879064,H1,1233.9205064095,AX,118.662220841807,L1,0.709166759039802,L2,0.10182926630...
setting magnet DAC
current  : 5.870587
requested: 5.871621
Delta Dac: 0.001034
Checking detector protection. dv=0.00103
Checking detector "CDD". Protection Threshold: 0.1 (V)
SetMagnetDAC 5.87162137931 ===>> OK
Magnet settling time: 1.049
GetData ===>> H2,0.122249371560732,H1,1853.58795898146,AX,195.91401423351,L1,1.46082545954656,L2,0.096243962678...
setting magnet DAC
current  : 5.871621
requested: 5.872656
Delta Dac: 0.001034
Checking detector protection. dv=0.00103
Checking detector "CDD". Protection Threshold: 0.1 (V)
SetMagnetDAC 5.87265586207 ===>> OK
Magnet settling time: 1.049
GetData ===>> H2,-0.0252896352616304,H1,2267.13530862255,AX,257.786042606889,L1,2.20399484088406,L2,0.252550279...
setting magnet DAC
current  : 5.872656
requested: 5.873690
Delta Dac: 0.001034
Checking detector protection. dv=0.00103
Checking detector "CDD". Protection Threshold: 0.1 (V)
SetMagnetDAC 5.87369034483 ===>> OK
Magnet settling time: 1.049
GetData ===>> H2,-0.183763727752131,H1,2460.24529322291,AX,293.170234518623,L1,2.90787425815384,L2,0.4424200590...
setting magnet DAC
current  : 5.873690
requested: 5.874725
Delta Dac: 0.001034
Checking detector protection. dv=0.00103
Checking detector "CDD". Protection Threshold: 0.1 (V)
SetMagnetDAC 5.87472482759 ===>> OK
Magnet settling time: 1.049
GetData ===>> H2,-0.0689879305764075,H1,2526.14041036964,AX,308.085614666118,L1,3.34590919120253,L2,0.626737148...
setting magnet DAC
current  : 5.874725
requested: 5.875759
Delta Dac: 0.001034
Checking detector protection. dv=0.00103
Checking detector "CDD". Protection Threshold: 0.1 (V)
SetMagnetDAC 5.87575931034 ===>> OK
Magnet settling time: 1.049
GetData ===>> H2,-0.0423797409795816,H1,2542.88536546696,AX,312.106257912476,L1,3.65366250602862,L2,0.679342974...
setting magnet DAC
current  : 5.875759
requested: 5.876794
Delta Dac: 0.001034
Checking detector protection. dv=0.00103
Checking detector "CDD". Protection Threshold: 0.1 (V)
SetMagnetDAC 5.8767937931 ===>> OK
Magnet settling time: 1.049
GetData ===>> H2,-0.0976823972462871,H1,2548.01123703238,AX,313.464955906658,L1,3.7977977759934,L2,0.5900511973...
setting magnet DAC
current  : 5.876794
requested: 5.877828
Delta Dac: 0.001034
Checking detector protection. dv=0.00103
Checking detector "CDD". Protection Threshold: 0.1 (V)
SetMagnetDAC 5.87782827586 ===>> OK
Magnet settling time: 1.049
GetData ===>> H2,-0.140123518570835,H1,2547.96930754024,AX,313.162156627115,L1,3.90121064423643,L2,0.6653149806...
setting magnet DAC
current  : 5.877828
requested: 5.878863
Delta Dac: 0.001034
Checking detector protection. dv=0.00103
Checking detector "CDD". Protection Threshold: 0.1 (V)
SetMagnetDAC 5.87886275862 ===>> OK
Magnet settling time: 1.049
GetData ===>> H2,-0.0628957962375226,H1,2548.06889217324,AX,313.380674581194,L1,3.94447558780241,L2,0.655606250...
setting magnet DAC
current  : 5.878863
requested: 5.879897
Delta Dac: 0.001034
Checking detector protection. dv=0.00103
Checking detector "CDD". Protection Threshold: 0.1 (V)
SetMagnetDAC 5.87989724138 ===>> OK
Magnet settling time: 1.049
GetData ===>> H2,-0.154556397840676,H1,2547.38265152168,AX,313.246547947971,L1,3.94018877129459,L2,0.6339079345...
setting magnet DAC
current  : 5.879897
requested: 5.880932
Delta Dac: 0.001034
Checking detector protection. dv=0.00103
Checking detector "CDD". Protection Threshold: 0.1 (V)
SetMagnetDAC 5.88093172414 ===>> OK
Magnet settling time: 1.049
GetData ===>> H2,-0.0358405683433457,H1,2546.89313933561,AX,313.554111411098,L1,3.95531644468973,L2,0.610728549...
setting magnet DAC
current  : 5.880932
requested: 5.881966
Delta Dac: 0.001034
Checking detector protection. dv=0.00103
Checking detector "CDD". Protection Threshold: 0.1 (V)
SetMagnetDAC 5.8819662069 ===>> OK
Magnet settling time: 1.049
GetData ===>> H2,0.0382875897780309,H1,2545.10835189831,AX,312.928259639903,L1,3.91949351593398,L2,0.6185523386...
setting magnet DAC
current  : 5.881966
requested: 5.883001
Delta Dac: 0.001034
Checking detector protection. dv=0.00103
Checking detector "CDD". Protection Threshold: 0.1 (V)
SetMagnetDAC 5.88300068966 ===>> OK
Magnet settling time: 1.049
GetData ===>> H2,-0.00814600078556851,H1,2540.28723030927,AX,311.399001675133,L1,3.94763285411156,L2,0.71254768...
setting magnet DAC
current  : 5.883001
requested: 5.884035
Delta Dac: 0.001034
Checking detector protection. dv=0.00103
Checking detector "CDD". Protection Threshold: 0.1 (V)
SetMagnetDAC 5.88403517241 ===>> OK
Magnet settling time: 1.049
GetData ===>> H2,-0.0213986224044491,H1,2524.39985538794,AX,307.687243630576,L1,3.90275457957819,L2,0.581154902...
setting magnet DAC
current  : 5.884035
requested: 5.885070
Delta Dac: 0.001034
Checking detector protection. dv=0.00103
Checking detector "CDD". Protection Threshold: 0.1 (V)
SetMagnetDAC 5.88506965517 ===>> OK
Magnet settling time: 1.049
GetData ===>> H2,-0.200624564049748,H1,2465.48407395147,AX,294.541774729825,L1,3.76058523049524,L2,0.4285827234...
setting magnet DAC
current  : 5.885070
requested: 5.886104
Delta Dac: 0.001034
Checking detector protection. dv=0.00103
Checking detector "CDD". Protection Threshold: 0.1 (V)
SetMagnetDAC 5.88610413793 ===>> OK
Magnet settling time: 1.049
GetData ===>> H2,-0.182836469520017,H1,2280.4038914402,AX,257.035351492366,L1,3.43297622725066,L2,0.45228551780...
setting magnet DAC
current  : 5.886104
requested: 5.887139
Delta Dac: 0.001034
Checking detector protection. dv=0.00103
Checking detector "CDD". Protection Threshold: 0.1 (V)
SetMagnetDAC 5.88713862069 ===>> OK
Magnet settling time: 1.049
GetData ===>> H2,-0.383311508070051,H1,1865.20078227293,AX,189.54432077472,L1,2.75707228196112,L2,0.43999952290...
setting magnet DAC
current  : 5.887139
requested: 5.888173
Delta Dac: 0.001034
Checking detector protection. dv=0.00103
Checking detector "CDD". Protection Threshold: 0.1 (V)
SetMagnetDAC 5.88817310345 ===>> OK
Magnet settling time: 1.049
GetData ===>> H2,-0.385827009452351,H1,1246.57876691004,AX,109.468947311866,L1,1.88882545764987,L2,0.0859405028...
setting magnet DAC
current  : 5.888173
requested: 5.889208
Delta Dac: 0.001034
Checking detector protection. dv=0.00103
Checking detector "CDD". Protection Threshold: 0.1 (V)
SetMagnetDAC 5.88920758621 ===>> OK
Magnet settling time: 1.049
GetData ===>> H2,-0.404812734000826,H1,645.814229526416,AX,47.9851799376602,L1,1.21435145144959,L2,-0.012775120...
setting magnet DAC
current  : 5.889208
requested: 5.890242
Delta Dac: 0.001034
Checking detector protection. dv=0.00103
Checking detector "CDD". Protection Threshold: 0.1 (V)
SetMagnetDAC 5.89024206897 ===>> OK
Magnet settling time: 1.049
GetData ===>> H2,-0.355043877931366,H1,140.405244171742,AX,7.66746963910766,L1,0.55881311839873,L2,0.0556975941...
setting magnet DAC
current  : 5.890242
requested: 5.891277
Delta Dac: 0.001034
Checking detector protection. dv=0.00103
Checking detector "CDD". Protection Threshold: 0.1 (V)
SetMagnetDAC 5.89127655172 ===>> OK
Magnet settling time: 1.049
GetData ===>> H2,-0.22629863891084,H1,39.7442700867929,AX,1.57150948502202,L1,0.369749985266708,L2,-0.081198848...
setting magnet DAC
current  : 5.891277
requested: 5.892311
Delta Dac: 0.001034
Checking detector protection. dv=0.00103
Checking detector "CDD". Protection Threshold: 0.1 (V)
SetMagnetDAC 5.89231103448 ===>> OK
Magnet settling time: 1.049
GetData ===>> H2,-0.270132448867934,H1,9.71265861906237,AX,0.0469600877102078,L1,0.289373796403375,L2,-0.181724...
setting magnet DAC
current  : 5.892311
requested: 5.893346
Delta Dac: 0.001034
Checking detector protection. dv=0.00103
Checking detector "CDD". Protection Threshold: 0.1 (V)
SetMagnetDAC 5.89334551724 ===>> OK
Magnet settling time: 1.049
GetData ===>> H2,-0.235759521749474,H1,1.91946571340009,AX,-0.213069691870265,L1,0.161728192441705,L2,0.0999598...
setting magnet DAC
current  : 5.893346
requested: 5.894380
Delta Dac: 0.001034
Checking detector protection. dv=0.00103
Checking detector "CDD". Protection Threshold: 0.1 (V)
SetMagnetDAC 5.89438 ===>> OK
Magnet settling time: 1.049
GetData ===>> H2,-0.220407807074175,H1,0.150565878460829,AX,-0.280577139063944,L1,0.0480681399946248,L2,0.00724...
result of _do_sweep=True
result of _calculate_peak_center=([5.8716846092184376, 5.8793800000000003, 5.8870753907815629], [1878.8649011939979, 2548.0647664779394, 1890.5789282240421], 5.8788689779559125, 2548.0647664779394)
Failed to find a valid peak. No peak greater than 1.0. max = 0.0505929237289
new center pos Detector(H1) (Ar40) @ 5.87938
GetHighVoltage ===>> 4500
GetDeflection H1 ===>> 0
dac uncorrected for HV and deflection 5.87938
update mftable H1 Ar40 5.87938 message=automated run peakcenter
get initial guess parabolic
get initial guess parabolic
get initial guess parabolic
get initial guess parabolic
get initial guess parabolic
get initial guess parabolic
dump mftable to /Users/jan/PychronDev/setupfiles/spectrometer/mftables/mftable.csv
add to repo msg=modified - automated run peakcenter
locally archiving mftable
setting magnet DAC
current  : 5.894380
requested: 5.879380
Delta Dac: 0.015000
Checking detector protection. dv=0.01500
Checking detector "CDD". Protection Threshold: 0.1 (V)
SetMagnetDAC 5.87938 ===>> OK
Magnet settling time: 0.500
sweep finished
setting integration time = 1.048576
SetIntegrationTime 1.048576 ===>> OK
Failed to find a valid peak. No peak greater than 1.0. max = 0.0505929237289
flush and close file /Users/jan/PychronDev/data/isotopes/5f/4c9ead-8618-46ed-a665-94fc7929b3c2.h5
finished measure script
executed snippet estimated_duration=226.132928, duration=272.994780064
jan_unknown120_60.py completed successfully
Measurement Finished
02:38:45 -- ******* Measurement Finished *******
Post Measurement Started jan_pump_ms.py
02:38:45 -- ******* Post Measurement Started jan_pump_ms.py *******
testing...
no interpolation path defined
executed snippet estimated_duration=0, duration=2.69412994385e-05
Pumping spectrometer
open () {'name': 'O'}
opening name=O desc=---
checking ownership. requestor=129.138.12.150
check software interlocks O
interlocks []
actuate state mode=None-script, software_lock=False
doing actuation None-script open_channel True
Open O ===>> OK
GetIndicatorState O ===>> OK
change switch state (True, True)
update switch state O True args=() kw={} ncanvase=2
02:38:45 -- OPEN   VALVE-O (Jan Ion Pump)
---------------------------------------- open O () result=[(True, True)], time=0.12 sec
action=open, ok=True, locked=[False]
executed snippet estimated_duration=0, duration=0.372719049454
jan_pump_ms.py completed successfully
setting _ms_pumptime
Post Measurement Finished
02:38:45 -- ******* Post Measurement Finished *******
$$$$$$$$$$$$$$$$$$$$ state at run end measurement
state changed from measurement to success
post measurement save measured=True aborted=False
Set filtering
setting fod for Ar40= {'filter_outliers': True, 'std_devs': 2, 'iterations': 1}
setting fod for H1= {'filter_outliers': True, 'std_devs': 2, 'iterations': 1}
setting fod for PM41= {'filter_outliers': False, 'std_devs': 2, 'iterations': 1}
setting fod for H2= {'filter_outliers': True, 'std_devs': 2, 'iterations': 1}
setting fod for Ar36= {'filter_outliers': True, 'std_devs': 2, 'iterations': 1}
setting fod for CDD= {'filter_outliers': True, 'std_devs': 10, 'iterations': 1}
setting fod for Ar37= {'filter_outliers': True, 'std_devs': 2, 'iterations': 1}
setting fod for L2= {'filter_outliers': True, 'std_devs': 2, 'iterations': 1}
setting fod for Ar38= {'filter_outliers': True, 'std_devs': 2, 'iterations': 1}
setting fod for L1= {'filter_outliers': True, 'std_devs': 2, 'iterations': 1}
setting fod for Ar39= {'filter_outliers': True, 'std_devs': 2, 'iterations': 1}
setting fod for AX= {'filter_outliers': True, 'std_devs': 2, 'iterations': 1}
persistence save...
persistence save - db
post measurement save
7285503760 connecting to database sqlite:////Users/jan/PychronDev/.appdata/local_lab.db
connected to db sqlite:////Users/jan/PychronDev/.appdata/local_lab.db
create new session 7285503760
close session 7285503760
No database instance. Not saving post measurement to isotopedb database
$$$$$$$$$$$$$$$ auto_save_detector_ic=False
massspec enabled True
create new session 4979675504
MassSpec Database Version: 16.0
close session 4979675504
saving post measurement to secondary database
saving to massspec database 129.138.12.160/massspecdata
setting labnumber to 25345
setting aliquot to 5
setting step to 
setting uuid to 5f4c9ead-8618-46ed-a665-94fc7929b3c2
setting irradpos to 25345
setting extract_device to Fusions CO2
setting tray to 
setting position to 203
setting power_requested to 5.0
setting extract_value to 5.0
setting duration to 30.0
setting duration_at_request to 30.0
setting first_stage_delay to 30.0
setting cleanup to 30.0
setting comment to Q:10
setting irradiation to NM-288
setting level to Q
setting irradiation_level to Q
setting sample to FC-2
setting material to Sanidine
setting project to Irradiation-NM-288
setting mass_spectrometer to Jan
no attribute chron_dosages
no attribute production_ratios
no attribute interference_corrections
no attribute production_name
no attribute j
Reference Isotope=Ar40
Reference Detector=H1
%%%%%%%%%%%%%%%%%%%% Comment: Q:10 %%%%%%%%%%%%%%%%%%%
adding isotope PM41 H2
add baseline dbdet= PM41. original det= H2
get baseline data PM41 H2
Get data baseline <pychron.processing.isotope.Baseline object at 0x1b28142d0> len t=60
baseline PM41. v=-0.192094449851, e=0.00812476033491
get signal data PM41 H2
Get data signal PM41 0.15+/-0.07 len t=120
adding isotope Ar40 H1
add baseline dbdet= Ar40. original det= H1
get baseline data Ar40 H1
Get data baseline <pychron.processing.isotope.Baseline object at 0x1b2814b50> len t=60
baseline Ar40. v=0.0226580866012, e=0.0061518456789
get signal data Ar40 H1
Get data signal Ar40 2813.76+/-0.13 len t=120
adding isotope Ar39 AX
add baseline dbdet= Ar39. original det= AX
get baseline data Ar39 AX
Get data baseline <pychron.processing.isotope.Baseline object at 0x1b2814c90> len t=60
baseline Ar39. v=-0.0791735940344, e=0.00697337394445
get signal data Ar39 AX
Get data signal Ar39 344.799+/-0.034 len t=120
adding isotope Ar38 L1
add baseline dbdet= Ar38. original det= L1
get baseline data Ar38 L1
Get data baseline <pychron.processing.isotope.Baseline object at 0x1a2af87d0> len t=60
baseline Ar38. v=-0.0265200677188, e=0.00388993835908
get signal data Ar38 L1
Get data signal Ar38 4.421+/-0.006 len t=120
adding isotope Ar37 L2
add baseline dbdet= Ar37. original det= L2
get baseline data Ar37 L2
Get data baseline <pychron.processing.isotope.Baseline object at 0x1a2af8950> len t=60
baseline Ar37. v=-0.0256579529058, e=0.00772888831897
get signal data Ar37 L2
Get data signal Ar37 0.729+/-0.012 len t=120
adding isotope Ar36 CDD
add baseline dbdet= Ar36. original det= CDD
get baseline data Ar36 CDD
Get data baseline <pychron.processing.isotope.Baseline object at 0x1a2af8090> len t=60
baseline Ar36. v=0.00058801839805, e=4.38283645799e-05
get signal data Ar36 CDD
Get data signal Ar36 0.0361+/-0.0005 len t=120
25345-05 added analysis time 0.494765043259s
analysis added to mass spec database
mass spec save time= 0.503
persistence save - dvc
================= post measurement started
create new session 4982376208
close session 4982376208
---------------- Experiment Queue saving disabled
DVC saving peakcenter
Failed to find a valid peak. No peak greater than 1.0. max = 0.0505929237289
Smart pull ahead: 0 behind: 0
Up-to-date with origin
add to repo msg=modified - ad8224ebc6dbfeb9f5997218dfa5fe690569839d.json
add to repo msg=modified - 45-05.json
add to repo msg=modified - 45-05.dat.json
add to repo msg=modified - 45-05.blan.json
add to repo msg=modified - 45-05.inte.json
add to repo msg=modified - 45-05.icfa.json
add to repo msg=modified - 45-05.base.json
not at valid file /Users/jan/PychronDev/data/.dvc/repositories/Load1788/253/tags/45-05.tags.json
add to repo msg=modified - 45-05.peak.json
add to repo msg=modified - 45-05.extr.json
not at valid file /Users/jan/PychronDev/data/.dvc/repositories/Load1788/253/monitor/45-05.moni.json
commit message=<COLLECTION>
add to repo msg=modified - 45-05.inte.json
add to repo msg=modified - 45-05.base.json
commit message=<ISOEVO> default collection fits
add to repo msg=modified - 45-05.blan.json
commit message=<BLANKS> preceding bc-02-J-345
add to repo msg=modified - 45-05.icfa.json
commit message=<ICFactor> default
push repository <pychron.git_archive.repo_manager.GitRepoManager object at 0x1a082e710>
pushing to remote=origin, url=https://github.com
no changes to meta repo
create new session 4982376208
add association Load1788
get identifier "25345"
setting analysis irradiation position=<pychron.dvc.dvc_orm.IrradiationPositionTbl object at 0x19bba2110>
close session 4982376208
================= post measurement finished
02:38:59 -- ******* Post Run Check *******
loading queue conditionals post_run_actions
loading system conditionals post_run_actions
loading conditionals from /Users/jan/PychronDev/setupfiles/spectrometer/default_conditionals.yaml
loading queue conditionals post_run_terminations
loading system conditionals post_run_terminations
loading conditionals from /Users/jan/PychronDev/setupfiles/spectrometer/default_conditionals.yaml
Checking default post run terminations n=1
GetDeflection CDD ===>> 50
testing CDD==2000
evaluate ot="CDD.deflection==2000" t="CDD==2000", ctx="{'CDD': 50.0}"
02:38:59 -- ******* Post Run Check Passed *******
02:38:59 -- Automated run 25345-05 success duration: 365.199 s
----------------- finish -----------------
----------------- stop -----------------
retroactive repository identifiers disabled
finish run. runs completed=111
update duration runid=25345-05, duration=365.19878602, md5=301e91d8
loading script "jan_unknown120_60.py"
loading script "jan_pump_ms.py"
loading script "jan_co2.py"
loading script "jan_pump_extraction_line.py"
testing...
no interpolation path defined
executed snippet estimated_duration=213.652928, duration=0.000225067138672
script duration name:unknown120_60 seconds:214.0
loading script "jan_unknown120_60.py"
loading script "jan_pump_ms.py"
loading script "jan_co2.py"
loading script "jan_pump_extraction_line.py"
testing...
no interpolation path defined
executed snippet estimated_duration=0, duration=3.91006469727e-05
loading script "jan_unknown120_60.py"
loading script "jan_pump_ms.py"
loading script "jan_co2.py"
loading script "jan_pump_extraction_line.py"
testing...
no interpolation path defined
calculate duration
testing...
no interpolation path defined
executed snippet estimated_duration=0, duration=5.3882598877e-05
calculate duration
testing...
no interpolation path defined
executed snippet estimated_duration=0, duration=9.41753387451e-05
executed snippet estimated_duration=0.0, duration=0.0027379989624
script duration name:co2 seconds:0.0
loading script "jan_unknown120_60.py"
loading script "jan_pump_ms.py"
loading script "jan_co2.py"
loading script "jan_pump_extraction_line.py"
testing...
no interpolation path defined
calculate duration
testing...
no interpolation path defined
executed snippet estimated_duration=4.0, duration=0.000201940536499
executed snippet estimated_duration=4.0, duration=0.0015709400177
Script duration 214.0
Run total estimated duration= 215.000
unknown120_60 in script context. using previous estimated duration
script duration name:unknown120_60 seconds:214.0
pump_ms in script context. using previous estimated duration
co2 in script context. using previous estimated duration
script duration name:co2 seconds:0.0
pump_extraction_line in script context. using previous estimated duration
Script duration 214.0
Run total estimated duration= 215.000
script duration name:unknown120_60 seconds:214.0
script duration name:co2 seconds:0.0
Script duration 214.0
Run total estimated duration= 215.000
script duration name:unknown120_60 seconds:214.0
script duration name:co2 seconds:0.0
Script duration 214.0
Run total estimated duration= 215.000
script duration name:unknown120_60 seconds:214.0
script duration name:co2 seconds:0.0
Script duration 214.0
Run total estimated duration= 215.000
script duration name:unknown120_60 seconds:214.0
script duration name:co2 seconds:0.0
Script duration 214.0
Run total estimated duration= 215.000
script duration name:unknown120_60 seconds:214.0
script duration name:co2 seconds:0.0
Script duration 214.0
Run total estimated duration= 215.000
loading script "jan_unknown400_120.py"
loading script "jan_pump_ms.py"
loading script "jan_co2.py"
loading script "jan_pump_extraction_line.py"
testing...
no interpolation path defined
executed snippet estimated_duration=556.052928, duration=0.000150918960571
script duration name:unknown400_120 seconds:556.0
script duration name:co2 seconds:0.0
Script duration 556.0
Run total estimated duration= 557.000
script duration name:unknown120_60 seconds:214.0
loading script "jan_unknown120_60.py"
loading script "jan_pump_ms.py"
loading script "jan_cocktail_x1.py"
loading script "jan_pump_extraction_line.py"
testing...
no interpolation path defined
calculate duration
testing...
no interpolation path defined
executed snippet estimated_duration=0, duration=4.60147857666e-05
calculate duration
testing...
no interpolation path defined
executed snippet estimated_duration=0, duration=0.000126838684082
calculate duration
testing...
no interpolation path defined
executed snippet estimated_duration=32.0, duration=9.32216644287e-05
calculate duration
testing...
no interpolation path defined
executed snippet estimated_duration=34.0, duration=9.17911529541e-05
calculate duration
testing...
no interpolation path defined
executed snippet estimated_duration=4.0, duration=5.79357147217e-05
calculate duration
testing...
no interpolation path defined
executed snippet estimated_duration=38.0, duration=9.20295715332e-05
executed snippet estimated_duration=108.0, duration=0.00729894638062
script duration name:cocktail_x1 seconds:108.0
Script duration 322.0
Run total estimated duration= 323.000
script duration name:unknown120_60 seconds:214.0
script duration name:co2 seconds:0.0
Script duration 214.0
Run total estimated duration= 215.000
script duration name:unknown120_60 seconds:214.0
script duration name:co2 seconds:0.0
Script duration 214.0
Run total estimated duration= 215.000
script duration name:unknown120_60 seconds:214.0
script duration name:co2 seconds:0.0
Script duration 214.0
Run total estimated duration= 215.000
script duration name:unknown120_60 seconds:214.0
script duration name:co2 seconds:0.0
Script duration 214.0
Run total estimated duration= 215.000
unknown400_120 in script context. using previous estimated duration
script duration name:unknown400_120 seconds:556.0
cocktail_x1 in script context. using previous estimated duration
script duration name:cocktail_x1 seconds:108.0
Script duration 664.0
Run total estimated duration= 665.000
script duration name:unknown120_60 seconds:214.0
script duration name:co2 seconds:0.0
Script duration 214.0
Run total estimated duration= 215.000
script duration name:unknown120_60 seconds:214.0
script duration name:co2 seconds:0.0
Script duration 214.0
Run total estimated duration= 215.000
script duration name:unknown120_60 seconds:214.0
script duration name:co2 seconds:0.0
Script duration 214.0
Run total estimated duration= 215.000
script duration name:unknown120_60 seconds:214.0
script duration name:co2 seconds:0.0
Script duration 214.0
Run total estimated duration= 215.000
script duration name:unknown120_60 seconds:214.0
script duration name:co2 seconds:0.0
Script duration 214.0
Run total estimated duration= 215.000
script duration name:unknown120_60 seconds:214.0
script duration name:co2 seconds:0.0
Script duration 214.0
Run total estimated duration= 215.000
script duration name:unknown400_120 seconds:556.0
script duration name:co2 seconds:0.0
Script duration 556.0
Run total estimated duration= 557.000
script duration name:unknown400_120 seconds:556.0
loading script "jan_unknown400_120.py"
loading script "jan_pump_ms.py"
loading script "jan_sniffair_x2.py"
loading script "jan_pump_extraction_line.py"
testing...
no interpolation path defined
calculate duration
testing...
no interpolation path defined
executed snippet estimated_duration=0, duration=4.50611114502e-05
calculate duration
testing...
no interpolation path defined
executed snippet estimated_duration=0, duration=9.70363616943e-05
calculate duration
testing...
no interpolation path defined
executed snippet estimated_duration=32.0, duration=0.000141859054565
calculate duration
testing...
no interpolation path defined
executed snippet estimated_duration=34.0, duration=9.48905944824e-05
calculate duration
testing...
no interpolation path defined
executed snippet estimated_duration=4.0, duration=9.01222229004e-05
calculate duration
testing...
no interpolation path defined
executed snippet estimated_duration=36.0, duration=0.000128984451294
calculate duration
testing...
no interpolation path defined
executed snippet estimated_duration=34.0, duration=0.000147104263306
calculate duration
testing...
no interpolation path defined
executed snippet estimated_duration=4.0, duration=6.00814819336e-05
calculate duration
testing...
no interpolation path defined
executed snippet estimated_duration=36.0, duration=8.48770141602e-05
calculate duration
testing...
no interpolation path defined
executed snippet estimated_duration=70.0, duration=9.51290130615e-05
executed snippet estimated_duration=250.0, duration=0.0131101608276
script duration name:sniffair_x2 seconds:250.0
Script duration 806.0
Run total estimated duration= 807.000
script duration name:unknown400_120 seconds:556.0
sniffair_x2 in script context. using previous estimated duration
script duration name:sniffair_x2 seconds:250.0
Script duration 806.0
Run total estimated duration= 807.000
loading script "jan_ic_peak_hop3.py"
loading script "jan_pump_ms.py"
loading script "jan_sniffair_x1.py"
loading script "jan_pump_extraction_line.py"
testing...
no interpolation path defined
executed snippet estimated_duration=133.8, duration=0.00807094573975
script duration name:ic_peak_hop3 seconds:134.0
loading script "jan_ic_peak_hop3.py"
loading script "jan_pump_ms.py"
loading script "jan_sniffair_x1.py"
loading script "jan_pump_extraction_line.py"
testing...
no interpolation path defined
calculate duration
testing...
no interpolation path defined
executed snippet estimated_duration=0, duration=4.50611114502e-05
calculate duration
testing...
no interpolation path defined
executed snippet estimated_duration=0, duration=9.48905944824e-05
calculate duration
testing...
no interpolation path defined
executed snippet estimated_duration=32.0, duration=8.39233398438e-05
calculate duration
testing...
no interpolation path defined
executed snippet estimated_duration=34.0, duration=9.29832458496e-05
calculate duration
testing...
no interpolation path defined
executed snippet estimated_duration=4.0, duration=7.60555267334e-05
calculate duration
testing...
no interpolation path defined
executed snippet estimated_duration=70.0, duration=0.00020694732666
executed snippet estimated_duration=140.0, duration=0.0062267780304
script duration name:sniffair_x1 seconds:140.0
Script duration 274.0
Run total estimated duration= 275.000
script duration name:unknown120_60 seconds:214.0
script duration name:co2 seconds:0.0
Script duration 214.0
Run total estimated duration= 215.000
script duration name:unknown120_60 seconds:214.0
script duration name:co2 seconds:0.0
Script duration 214.0
Run total estimated duration= 215.000
nruns=26 before=5.0, run_dur=8076.0, btw=1125.0
write rem/ex queues
/Users/jan/PychronDev/experiments/rem/CurrentExperiment.rem.txt
/Users/jan/PychronDev/experiments/rem/CurrentExperiment.ex.txt
doing event level: 3
