do run
loading script "jan_unknown120_60.py"
loading script "jan_pump_ms.py"
loading script "jan_co2.py"
loading script "jan_pump_extraction_line.py"
testing...
no interpolation path defined
executed snippet estimated_duration=213.652928, duration=0.000410079956055
script duration name:unknown120_60 seconds:214.0
loading script "jan_unknown120_60.py"
loading script "jan_pump_ms.py"
loading script "jan_co2.py"
loading script "jan_pump_extraction_line.py"
testing...
no interpolation path defined
executed snippet estimated_duration=0, duration=2.59876251221e-05
loading script "jan_unknown120_60.py"
loading script "jan_pump_ms.py"
loading script "jan_co2.py"
loading script "jan_pump_extraction_line.py"
testing...
no interpolation path defined
calculate duration
testing...
no interpolation path defined
executed snippet estimated_duration=0, duration=5.50746917725e-05
calculate duration
testing...
no interpolation path defined
executed snippet estimated_duration=0, duration=9.79900360107e-05
executed snippet estimated_duration=0.0, duration=0.003751039505
script duration name:co2 seconds:0.0
loading script "jan_unknown120_60.py"
loading script "jan_pump_ms.py"
loading script "jan_co2.py"
loading script "jan_pump_extraction_line.py"
testing...
no interpolation path defined
calculate duration
testing...
no interpolation path defined
executed snippet estimated_duration=4.0, duration=0.000216960906982
executed snippet estimated_duration=4.0, duration=0.00156593322754
Script duration 214.0
Run total estimated duration= 215.000
run duration: 0:03:35
doing event level: 2
02:25:55 -- Setting default integration. t=1.048576
setting integration time = 1.048576
SetIntegrationTime 1.048576 ===>> OK
----------------- start -----------------
**************** Experiment Type: Ar/Ar, Ar/Ar
create new session 4419362736
close session 4419362736
$$$$$ Clearing conditionals
adding conditionals 
Add queue conditionals
add default conditionals
adding default conditionals from /Users/jan/PychronDev/setupfiles/spectrometer/default_conditionals.yaml
Start automated run 25345-04
loading script "jan_unknown120_60.py"
loading script "jan_pump_ms.py"
loading script "jan_co2.py"
loading script "jan_pump_extraction_line.py"
%%%%%%%%%%%%%%%%%% setting automated run 25345-04
No value "sensitivity_multiplier" in metadata
$$$$$$$$$$$$$$$ auto_save_detector_ic=False
============================= Pre Extraction Check =============================
loading queue conditionals pre_run_terminations
loading system conditionals pre_run_terminations
loading conditionals from /Users/jan/PychronDev/setupfiles/spectrometer/default_conditionals.yaml
02:25:55 -- ******* Pre Extraction Check *******
Get a measurement from the spectrometer
GetData ===>> H2,-0.224060844114368,H1,-0.0213643985156107,AX,-0.0207047858698857,L1,-0.0249969360662312,L2,0.0...
Pre Extraction Termination data. keys=H2,H1,AX,L1,L2,CDD, signals=-0.22406,-0.02136,-0.02070,-0.02500,0.07507,0.00208
02:25:55 -- testing system defined conditionals
Checking default pre extraction terminations n=2
testing CDD
evaluate ot="CDD.inactive" t="CDD", ctx="{'CDD': False}"
GetDeflection CDD ===>> 50
testing CDD==2000
evaluate ot="CDD.deflection==2000" t="CDD==2000", ctx="{'CDD': 50.0}"
02:25:55 -- ******* Pre Extraction Check Passed *******
=================================================================================
02:25:55 -- stopping status monitor
stop 4976433200
Alive clients [4982646160]
02:25:55 -- starting status monitor
start 4976433200
Monitor already running
start extraction
do extraction
Analysis started at 02:25:55.749686
Extraction Started jan_co2.py
02:25:55 -- ******* Extraction Started jan_co2.py *******
state changed from not run to extraction
DO EXTRACTION <pychron.extraction_line.pyscript_runner.RemotePyScriptRunner object at 0x12b9a8890>
testing...
no interpolation path defined
calculate duration
testing...
no interpolation path defined
executed snippet estimated_duration=0, duration=4.79221343994e-05
calculate duration
testing...
no interpolation path defined
executed snippet estimated_duration=0, duration=9.51290130615e-05
executed snippet estimated_duration=100.0, duration=0.00239396095276
Jan CO2 laser analysis
doing GOSUB
testing...
no interpolation path defined
executed snippet estimated_duration=0, duration=4.6968460083e-05
Waiting for CO2 access
wait ('FelixCO2Flag', 0) {}
waiting for FelixCO2Flag = 0
Read FelixCO2Flag ===>> 0
finished waiting
CO2 free
wait ('CO2PumpTimeFlag', 0) {}
waiting for CO2PumpTimeFlag = 0
Read CO2PumpTimeFlag ===>> 0
finished waiting
acquire ('JanCO2Flag',) {'clear': True}
acquire JanCO2Flag
Set JanCO2Flag 1 ===>> OK
JanCO2Flag acquired
set extraction state False (0.75, 'red', 1.5)
CO2 acquired
executed snippet estimated_duration=0, duration=0.0246169567108
WaitForCO2Access.py completed successfully
gosub finished
doing GOSUB
testing...
no interpolation path defined
executed snippet estimated_duration=0, duration=0.000126123428345
Prepare for CO2 analysis
close () {'description': 'Jan Inlet'}
closing name=--- desc=Jan Inlet
checking ownership. requestor=129.138.12.150
check software interlocks R
interlocks []
actuate state mode=None-script, software_lock=False
doing actuation None-script close_channel False
Close R ===>> OK
GetIndicatorState R ===>> False
change switch state (True, True)
update switch state R False args=() kw={} ncanvase=2
02:25:56 -- CLOSE  VALVE-R (Jan Inlet)
---------------------------------------- close None (Jan Inlet) result=[(True, True)]
action=close, ok=True, locked=[False]
open () {'description': 'Jan Ion Pump'}
opening name=--- desc=Jan Ion Pump
checking ownership. requestor=129.138.12.150
check software interlocks O
interlocks []
actuate state mode=None-script, software_lock=False
doing actuation None-script open_channel False
Open O ===>> OK
GetIndicatorState O ===>> OK
change switch state (True, True)
update switch state O True args=() kw={} ncanvase=2
02:25:56 -- OPEN   VALVE-O (Jan Ion Pump)
---------------------------------------- open None (Jan Ion Pump) result=[(True, True)], time=0.11 sec
action=open, ok=True, locked=[False]
close () {'description': 'Microbone to Minibone'}
closing name=--- desc=Microbone to Minibone
checking ownership. requestor=129.138.12.150
check software interlocks L
interlocks []
actuate state mode=None-script, software_lock=False
doing actuation None-script close_channel False
Close L ===>> OK
GetIndicatorState L ===>> False
change switch state (True, True)
update switch state L False args=() kw={} ncanvase=2
02:25:57 -- CLOSE  VALVE-L (Microbone to Minibone)
---------------------------------------- close None (Microbone to Minibone) result=[(True, True)]
action=close, ok=True, locked=[False]
open () {'description': 'Microbone to Turbo'}
opening name=--- desc=Microbone to Turbo
checking ownership. requestor=129.138.12.150
check software interlocks U
interlocks []
actuate state mode=None-script, software_lock=False
doing actuation None-script open_channel False
Open U ===>> OK
GetIndicatorState U ===>> OK
change switch state (True, True)
update switch state U True args=() kw={} ncanvase=2
02:25:57 -- OPEN   VALVE-U (Microbone to Turbo)
---------------------------------------- open None (Microbone to Turbo) result=[(True, True)], time=0.16 sec
action=open, ok=True, locked=[False]
open () {'description': 'Microbone to Inlet Pipette'}
opening name=--- desc=Microbone to Inlet Pipette
checking ownership. requestor=129.138.12.150
check software interlocks S
interlocks []
actuate state mode=None-script, software_lock=False
doing actuation None-script open_channel False
Open S ===>> OK
GetIndicatorState S ===>> OK
change switch state (True, True)
update switch state S True args=() kw={} ncanvase=2
02:25:58 -- OPEN   VALVE-S (Microbone to Inlet Pipette)
---------------------------------------- open None (Microbone to Inlet Pipette) result=[(True, True)], time=0.40 sec
action=open, ok=True, locked=[False]
open () {'description': 'Microbone to Getter D-50'}
opening name=--- desc=Microbone to Getter D-50
checking ownership. requestor=129.138.12.150
check software interlocks K
interlocks []
actuate state mode=None-script, software_lock=False
doing actuation None-script open_channel False
Open K ===>> OK
GetIndicatorState K ===>> OK
change switch state (True, True)
update switch state K True args=() kw={} ncanvase=2
02:25:58 -- OPEN   VALVE-K (Microbone to Getter D-50)
---------------------------------------- open None (Microbone to Getter D-50) result=[(True, True)], time=0.42 sec
action=open, ok=True, locked=[False]
open () {'description': 'Microbone to Getter NP-10'}
opening name=--- desc=Microbone to Getter NP-10
checking ownership. requestor=129.138.12.150
check software interlocks M
interlocks []
actuate state mode=None-script, software_lock=False
doing actuation None-script open_channel False
Open M ===>> OK
GetIndicatorState M ===>> OK
change switch state (True, True)
update switch state M True args=() kw={} ncanvase=2
02:25:59 -- OPEN   VALVE-M (Microbone to Getter NP-10)
---------------------------------------- open None (Microbone to Getter NP-10) result=[(True, True)], time=0.14 sec
action=open, ok=True, locked=[False]
close () {'description': 'CO2 Laser to Felix'}
closing name=--- desc=CO2 Laser to Felix
checking ownership. requestor=129.138.12.150
check software interlocks F
interlocks []
actuate state mode=None-script, software_lock=True
VALVE-F(CO2 Laser to Felix) software locked
change switch state (True, False)
---------------------------------------- close None (CO2 Laser to Felix) result=[(True, False)]
action=close, ok=True, locked=[True]
open () {'description': 'CO2 Laser to Jan'}
opening name=--- desc=CO2 Laser to Jan
checking ownership. requestor=129.138.12.150
check software interlocks A
interlocks []
actuate state mode=None-script, software_lock=False
doing actuation None-script open_channel False
Open A ===>> OK
GetIndicatorState A ===>> OK
change switch state (True, True)
update switch state A True args=() kw={} ncanvase=2
02:25:59 -- OPEN   VALVE-A (CO2 Laser to Jan)
---------------------------------------- open None (CO2 Laser to Jan) result=[(True, True)], time=0.12 sec
action=open, ok=True, locked=[False]
open () {'description': 'Microbone to CO2 Laser'}
opening name=--- desc=Microbone to CO2 Laser
checking ownership. requestor=129.138.12.150
check software interlocks T
interlocks []
actuate state mode=None-script, software_lock=False
doing actuation None-script open_channel False
Open T ===>> OK
GetIndicatorState T ===>> OK
change switch state (True, True)
update switch state T True args=() kw={} ncanvase=2
02:26:00 -- OPEN   VALVE-T (Microbone to CO2 Laser)
---------------------------------------- open None (Microbone to CO2 Laser) result=[(True, True)], time=0.41 sec
action=open, ok=True, locked=[False]
executed snippet estimated_duration=0, duration=4.87870907784
PrepareForCO2Analysis.py completed successfully
gosub finished
set_motor ('beam', '1.25') {}
setting motor "beam" to 1.25
set motor beam to 1.25
SetMotor beam,1.25 ===>> OK
GetMotorMoving beam ===>> False
GetMotorMoving beam ===>> False
Block completed
move_to_position ('202',) {'autocenter': True}
FusionsCO2 move to position 202
sending GoToHole 202,True
GoToHole 202,True ===>> OK
GetDriveMoving ===>> OK
GetDriveMoving ===>> OK
GetDriveMoving ===>> OK
GetDriveMoving ===>> OK
GetDriveMoving ===>> OK
GetDriveMoving ===>> OK
GetDriveMoving ===>> OK
GetDriveMoving ===>> False
GetDriveMoving ===>> OK
GetDriveMoving ===>> OK
GetDriveMoving ===>> OK
GetDriveMoving ===>> OK
GetDriveMoving ===>> OK
GetDriveMoving ===>> False
Block completed
GetAutoCorrecting ===>> False
GetAutoCorrecting ===>> False
Block completed
update position
GetPosition ===>> 0.00000,-11.96340,1.00000
got position (0.0, -11.9634, 1.0)
move to position succeeded
sleep (5,) {}
SLEEP 5.0
block started
WaitControl setup for 5.0  
Join finished
block finished. duration 5.03360390663
close () {'description': 'Microbone to Turbo'}
closing name=--- desc=Microbone to Turbo
checking ownership. requestor=129.138.12.150
check software interlocks U
interlocks []
actuate state mode=None-script, software_lock=False
doing actuation None-script close_channel True
Close U ===>> OK
GetIndicatorState U ===>> False
change switch state (True, True)
update switch state U False args=() kw={} ncanvase=2
02:26:12 -- CLOSE  VALVE-U (Microbone to Turbo)
---------------------------------------- close None (Microbone to Turbo) result=[(True, True)]
action=close, ok=True, locked=[False]
enable laser
enable () {}
set extraction state FusionsCO2 Enabled (False, 'red', 1.5)
enabling laser
Enable ===>> OK
begin interval
BEGIN INTERVAL Interval 1 waiting for 30.0
block started
set extract to 5.0
WaitControl setup for 30.0  
extract (5.0,) {}
GetPosition ===>> 0.00000,-11.96340,1.00000
set extraction state FusionsCO2 ON! 5.0(watts) (0.75, 'red', 1.5)
extract sample to 5.0 (watts)
set laser output
SetLaserOutput 5.0,watts ===>> OK
executing pattern triangle.lp
execute_pattern ('triangle.lp',) {}
executing pattern triangle.lp
IsPatterning ===>> OK
IsPatterning ===>> OK
IsPatterning ===>> OK
IsPatterning ===>> OK
IsPatterning ===>> OK
IsPatterning ===>> OK
IsPatterning ===>> OK
IsPatterning ===>> OK
IsPatterning ===>> OK
IsPatterning ===>> OK
IsPatterning ===>> OK
IsPatterning ===>> OK
IsPatterning ===>> OK
IsPatterning ===>> OK
IsPatterning ===>> OK
IsPatterning ===>> OK
IsPatterning ===>> OK
IsPatterning ===>> OK
IsPatterning ===>> OK
IsPatterning ===>> OK
IsPatterning ===>> OK
IsPatterning ===>> OK
IsPatterning ===>> OK
IsPatterning ===>> OK
IsPatterning ===>> OK
IsPatterning ===>> OK
IsPatterning ===>> OK
IsPatterning ===>> OK
IsPatterning ===>> False
Join finished
block finished. duration 30.123100996
Interval 1 finished
IsPatterning ===>> False
Block completed
COMPLETE INTERVAL waiting for Interval 1 to complete
end_extract () {}
ending extraction. set laser power to 0
set laser power 0
SetLaserPower 0 ===>> OK
disable () {}
%%%%%%%%%%%%%%%%%%%%%%%%%%%%%%%%%%% disable
set extraction state False (0.75, 'red', 1.5)
disabling laser
Disable ===>> OK
sleep (30.0,) {}
SLEEP 30.0
block started
WaitControl setup for 30.0  
Join finished
block finished. duration 30.0864908695
executed snippet estimated_duration=165.0, duration=78.1086480618
jan_co2.py completed successfully
GetAchievedOutput ===>> No Response
Requested Output= 0.000
Achieved Output=  0.000
GetResponseBlob ===>> No Response
GetOutputBlob ===>> No Response
persistence save...
persistence save - db
AutomatedRunPersister post_extraction_save deprecated
persistence save - dvc
no extraction position for 202
create new session 4982376208
close session 4982376208
Extraction Finished
02:27:13 -- ******* Extraction Finished *******
no overlap. not waiting for min ms pumptime
02:27:13 -- Sending spectrometer configuration
======== Sending configuration ========
SetDeflection CDD,50.0 ===>> OK
SetDeflection H2,0.0 ===>> OK
SetDeflection H1,0.0 ===>> OK
SetDeflection L2,825.0 ===>> OK
SetDeflection L1,400.0 ===>> OK
SetDeflection AX,190.0 ===>> OK
SetZFocus 74.64 ===>> OK
SetZSymmetry -50.72 ===>> OK
SetExtractionLens 26.13 ===>> OK
SetIonRepeller -3.81 ===>> OK
SetElectronEnergy 75.08 ===>> OK
SetYSymmetry -2.81 ===>> OK
SetIonCounterVoltage 1590.0 ===>> OK
send trap current 200.0
GetParameter Trap Current Readback ===>> 198.147042666178
SetParameter Trap Current Set,200.0 ===>> OK
updating mftable name mftable
Using mftable located at /Users/jan/PychronDev/setupfiles/spectrometer/mftables/mftable.csv
============ MFtable ===========
Isotope  H2     H1     AX     L1     L2     CDD    
Ar40     5.8014 5.8794 5.9927 6.1414 6.2312 6.3696
Ar39     5.7007 5.7717 5.8851 6.0274 6.1163 6.2561
Ar36     5.3782 5.4407 5.5485 5.6863 5.7713 5.9072
================================
get initial guess parabolic
get initial guess parabolic
get initial guess parabolic
get initial guess parabolic
get initial guess parabolic
get initial guess parabolic
======== Configuration Finished ========
GetYSymmetry ===>> -2.81
GetZSymmetry ===>> -50.72
GetParameter Trap Current Readback ===>> 198.258926936459
GetHighVoltage ===>> 4500
start measurement
do measurement
L#=25345 analysis type=unknown
Measurement Started jan_unknown120_60.py
02:27:14 -- ******* Measurement Started jan_unknown120_60.py *******
state changed from extraction to measurement
setting spec, defl, and gains
GetExtractionLens ===>> 26.13
GetYSymmetry ===>> -2.81
GetZSymmetry ===>> -50.72
GetZFocus ===>> 74.64
GetDeflection H2 ===>> 0
GetDeflection H1 ===>> 0
GetDeflection AX ===>> 190
GetDeflection L1 ===>> 400
GetDeflection L2 ===>> 825
GetDeflection CDD ===>> 50
GetGain H2 ===>> 0.0113
GetGain H1 ===>> 0.1
GetGain AX ===>> 0.097049
GetGain L1 ===>> 0.010355
GetGain L2 ===>> 0.095649
GetGain CDD ===>> 0
pre measurement save
New frame /Users/jan/PychronDev/data/isotopes/49/d475e1-d1f1-47d4-b0f6-964adc5aa578.h5
flush and close file /Users/jan/PychronDev/data/isotopes/49/d475e1-d1f1-47d4-b0f6-964adc5aa578.h5
testing...
no interpolation path defined
executed snippet estimated_duration=226.132928, duration=0.000223875045776
unknown measurement script
activate_detectors ('H2', 'H1', 'AX', 'L1', 'L2', 'CDD') {}
activate detectors
*************** Set Analysis View Ar/Ar
create graphs
clearing graphs
clear isotope group
setting isotope det=H2, iso=PM41
setting isotope det=H1, iso=Ar40
setting isotope det=AX, iso=Ar39
setting isotope det=L1, iso=Ar38
setting isotope det=L2, iso=Ar37
setting isotope det=CDD, iso=Ar36
setting previous blanks
 - setting Ar40 blank 0.166+/-0.007
 - setting Ar36 blank 0.00443+/-0.00018
 - setting Ar37 blank 0.049+/-0.005
 - setting Ar38 blank 0.0090+/-0.0023
 - setting PM41 blank 0.03+/-0.07
 - setting Ar39 blank 0.027+/-0.009
load analysis view
position_magnet ('Ar40',) {'detector': 'H1'}
detector Detector(H1)
POSITION Ar40 H1
setting detector H2 to PM41 (40.9624)
setting detector H1 to Ar40 (39.9624)
setting detector AX to Ar39 (38.9624)
setting detector L1 to Ar38 (37.9624)
setting detector L2 to Ar37 (36.9624)
setting detector CDD to Ar36 (35.9624)
Mapping mass to dac mass func: "parabolic"
H1 map mass coeffs = [-0.00063987  0.15840543  0.57104999]
H1 map mass to dac 39.9624 >> 5.87944
GetDeflection H1 ===>> 0
GetHighVoltage ===>> 4500
positioning Ar40 (5.87944) on H1
setting magnet DAC
current  : 5.879438
requested: 5.879440
Delta Dac: 0.000002
Checking detector protection. dv=0.00000
Checking detector "CDD". Protection Threshold: 0.1 (V)
SetMagnetDAC 5.87944 ===>> OK
Magnet settling time: 0.500
equilibrate () {'delay': 3, 'inlet': 'R', 'outlet': 'O', 'eqtime': 12.0}
Equilibration Started
02:27:15 -- ******* Equilibration Started *******
checking ownership. requestor=129.138.12.150
check software interlocks O
interlocks []
actuate state mode=None-script, software_lock=False
doing actuation None-script close_channel True
Close O ===>> OK
GetIndicatorState O ===>> False
change switch state (True, True)
update switch state O False args=() kw={} ncanvase=2
02:27:15 -- CLOSE  VALVE-O (Jan Ion Pump)
waiting 3s before opening inlet value ('R',)
update labels <pychron.experiment.plot_panel.PlotPanel object at 0x1c412c590>
update labels "<pychron.graph.stacked_regression_graph.StackedRegressionGraph object at 0x1a9d4cfb0>"
setting label 0 H2 PM41
setting label 1 H1 Ar40
setting label 2 AX Ar39
setting label 3 L1 Ar38
setting label 4 L2 Ar37
setting label 5 CDD Ar36
update labels "<pychron.graph.stacked_graph.StackedGraph object at 0x1bbc1d590>"
setting label 0 H2 PM41
setting label 1 H1 Ar40
setting label 2 AX Ar39
setting label 3 L1 Ar38
setting label 4 L2 Ar37
setting label 5 CDD Ar36
checking ownership. requestor=129.138.12.150
check software interlocks R
interlocks []
actuate state mode=None-script, software_lock=False
doing actuation None-script open_channel True
Open R ===>> OK
set states for children of R. state=True
handle state [('R', True)]
update switch state R True args=() kw={'refresh': False} ncanvase=2
refresh_canvas_needed fired
GetIndicatorState R ===>> OK
change switch state (True, True)
update switch state R True args=() kw={} ncanvase=2
02:27:19 -- OPEN   VALVE-R (Jan Inlet)
equilibrating for 12.0sec
set_time_zero () {}
sniff (12.0,) {}
py_sniff
build tables- sniff [Detector(H2), Detector(H1), Detector(AX), Detector(L1), Detector(L2), Detector(CDD)]
add group /sniff/PM41 (Group) '' table H2
add group /sniff/Ar40 (Group) '' table H1
add group /sniff/Ar39 (Group) '' table AX
add group /sniff/Ar38 (Group) '' table L1
add group /sniff/Ar37 (Group) '' table L2
add group /sniff/Ar36 (Group) '' table CDD
flush and close file /Users/jan/PychronDev/data/isotopes/49/d475e1-d1f1-47d4-b0f6-964adc5aa578.h5
measuring sniff. ncounts=12.0
"sniff" increment series count="1" fit count="0" regressing="False"
starting measurement
GetData ===>> H2,-0.24497059644608,H1,0.0718366241047487,AX,-0.121963348967609,L1,-0.0202874865517613,L2,-0.060...
GetData ===>> H2,0.17884241553562,H1,115.970503954545,AX,16.0254057741487,L1,0.0661898543081098,L2,0.3518100610...
GetData ===>> H2,0.946304073220011,H1,516.122396809781,AX,67.580207454725,L1,0.536724385358974,L2,0.34877296581...
GetData ===>> H2,0.426899502469066,H1,680.892029657234,AX,85.7773679256551,L1,0.839669025237474,L2,0.3260663078...
GetData ===>> H2,0.137696428227819,H1,734.996264697586,AX,91.2507375483407,L1,0.998153372115661,L2,0.3156223671...
GetData ===>> H2,0.0519198719472463,H1,755.427152369109,AX,93.162971508407,L1,1.08276462971044,L2,0.24720733246...
GetData ===>> H2,0.0375353768731715,H1,767.923136737559,AX,94.5303718973453,L1,1.1690567775885,L2,0.36866426353...
GetData ===>> H2,-0.0176951873916004,H1,769.017232999944,AX,94.6776508311499,L1,1.23084577049288,L2,0.180844930...
GetData ===>> H2,-0.0176951873916004,H1,769.017232999944,AX,94.6776508311499,L1,1.23084577049288,L2,0.180844930...
GetData ===>> H2,-0.140743127974847,H1,769.711885407466,AX,94.6490381752476,L1,1.214332372449,L2,0.254205739700...
GetData ===>> H2,-0.15527520443112,H1,769.464950386089,AX,94.8513989721836,L1,1.21112631268943,L2,0.22405800762...
Equilibration Finished
02:27:31 -- ******* Equilibration Finished *******
checking ownership. requestor=129.138.12.150
check software interlocks R
interlocks []
actuate state mode=None-script, software_lock=False
doing actuation None-script close_channel True
GetData ===>> H2,-0.0483648845189249,H1,769.517715721221,AX,94.6099698744073,L1,1.2419394965005,L2,0.2196410947...
Close R ===>> OK
State checksums do not match. Local:-173909521 Remote:-423938523
State checksum failed
GetIndicatorState R ===>> False
change switch state (True, True)
update switch state R False args=() kw={} ncanvase=2
02:27:32 -- CLOSE  VALVE-R (Jan Inlet)
Post Equilibration Started jan_pump_extraction_line.py
02:27:32 -- ******* Post Equilibration Started jan_pump_extraction_line.py *******
testing...
no interpolation path defined
calculate duration
testing...
no interpolation path defined
executed snippet estimated_duration=4.0, duration=0.000123023986816
executed snippet estimated_duration=4.0, duration=0.000907897949219
Pump after analysis
doing GOSUB
testing...
no interpolation path defined
executed snippet estimated_duration=4.0, duration=0.000111103057861
Pump Microbone
close () {'description': 'Jan Inlet'}
closing name=--- desc=Jan Inlet
checking ownership. requestor=129.138.12.150
check software interlocks R
interlocks []
actuate state mode=None-script, software_lock=False
doing actuation None-script close_channel False
Close R ===>> OK
measurement finished
estimated time: 12.583 actual time: :12.692
flush and close file /Users/jan/PychronDev/data/isotopes/49/d475e1-d1f1-47d4-b0f6-964adc5aa578.h5
set_fits () {}
using default fits file=/Users/jan/PychronDev/scripts/measurement/fits/nominal_linear.yaml
set "Ar40" to "('Linear', 'SEM')"
No fit for "PM41". defaulting to linear. check the measurement script "jan_unknown120_60.py"
set "PM41" to "linear"
set "Ar36" to "('Linear', 'SEM')"
set "Ar37" to "('linear', 'SEM')"
set "Ar38" to "('linear', 'SEM')"
set "Ar39" to "('Linear', 'SEM')"
set_baseline_fits () {}
using default fits file=/Users/jan/PychronDev/scripts/measurement/fits/nominal_linear.yaml
set "H1" to "('average', 'SEM')"
set "H2" to "('average', 'SEM')"
set "CDD" to "('average', 'SEM')"
set "L2" to "('average', 'SEM')"
set "L1" to "('average', 'SEM')"
set "AX" to "('average', 'SEM')"
multicollect () {'integration_time': 1, 'ncounts': 120}
build tables- signal [Detector(H2), Detector(H1), Detector(AX), Detector(L1), Detector(L2), Detector(CDD)]
add group /signal/PM41 (Group) '' table H2
add group /signal/Ar40 (Group) '' table H1
add group /signal/Ar39 (Group) '' table AX
add group /signal/Ar38 (Group) '' table L1
add group /signal/Ar37 (Group) '' table L2
add group /signal/Ar36 (Group) '' table CDD
GetIndicatorState R ===>> False
flush and close file /Users/jan/PychronDev/data/isotopes/49/d475e1-d1f1-47d4-b0f6-964adc5aa578.h5
change switch state (True, True)
measuring signal. ncounts=120
update switch state R False args=() kw={} ncanvase=2
02:27:32 -- CLOSE  VALVE-R (Jan Inlet)
---------------------------------------- close None (Jan Inlet) result=[(True, True)]
"signal" increment series count="2" fit count="1" regressing="True"
action=close, ok=True, locked=[False]
is_closed ('F',) {}
is F () closed?
is closed True
open () {'description': 'CO2 Laser to Jan'}
opening name=--- desc=CO2 Laser to Jan
checking ownership. requestor=129.138.12.150
check software interlocks A
interlocks []
actuate state mode=None-script, software_lock=False
doing actuation None-script open_channel False
Open A ===>> OK
GetIndicatorState A ===>> OK
change switch state (True, True)
update switch state A True args=() kw={} ncanvase=2
02:27:32 -- OPEN   VALVE-A (CO2 Laser to Jan)
---------------------------------------- open None (CO2 Laser to Jan) result=[(True, True)], time=0.13 sec
starting measurement
GetData ===>> H2,-0.11832841896142,H1,769.581057265178,AX,94.6620682975237,L1,1.23892298228859,L2,0.27728061101...
action=open, ok=True, locked=[False]
sleep (1,) {}
SLEEP 1.0
GetData ===>> H2,-0.00808786174672044,H1,770.082245722835,AX,94.6559495092909,L1,1.24375006850334,L2,0.30353621...
close () {'description': 'CO2 Laser to Roughing'}
closing name=--- desc=CO2 Laser to Roughing
checking ownership. requestor=129.138.12.150
check software interlocks G
interlocks []
actuate state mode=None-script, software_lock=True
VALVE-G(CO2 Laser to Roughing) software locked
change switch state (True, False)
---------------------------------------- close None (CO2 Laser to Roughing) result=[(True, False)]
action=close, ok=True, locked=[True]
open () {'description': 'Microbone to Turbo'}
opening name=--- desc=Microbone to Turbo
checking ownership. requestor=129.138.12.150
check software interlocks U
interlocks []
actuate state mode=None-script, software_lock=False
doing actuation None-script open_channel True
Open U ===>> OK
GetIndicatorState U ===>> OK
change switch state (True, True)
update switch state U True args=() kw={} ncanvase=2
02:27:34 -- OPEN   VALVE-U (Microbone to Turbo)
---------------------------------------- open None (Microbone to Turbo) result=[(True, True)], time=0.15 sec
action=open, ok=True, locked=[False]
open () {'description': 'Microbone to Getter NP-10'}
opening name=--- desc=Microbone to Getter NP-10
checking ownership. requestor=129.138.12.150
check software interlocks M
interlocks []
actuate state mode=None-script, software_lock=False
doing actuation None-script open_channel False
Open M ===>> OK
GetIndicatorState M ===>> OK
change switch state (True, True)
update switch state M True args=() kw={} ncanvase=2
02:27:34 -- OPEN   VALVE-M (Microbone to Getter NP-10)
---------------------------------------- open None (Microbone to Getter NP-10) result=[(True, True)], time=0.13 sec
action=open, ok=True, locked=[False]
open () {'description': 'Microbone to Getter D-50'}
opening name=--- desc=Microbone to Getter D-50
checking ownership. requestor=129.138.12.150
check software interlocks K
interlocks []
actuate state mode=None-script, software_lock=False
doing actuation None-script open_channel False
GetData ===>> H2,-0.0343362177422288,H1,769.211126367093,AX,94.6314712549286,L1,1.23385873259247,L2,0.223007973...
Open K ===>> OK
GetIndicatorState K ===>> OK
change switch state (True, True)
update switch state K True args=() kw={} ncanvase=2
02:27:35 -- OPEN   VALVE-K (Microbone to Getter D-50)
---------------------------------------- open None (Microbone to Getter D-50) result=[(True, True)], time=0.40 sec
action=open, ok=True, locked=[False]
open () {'description': 'Microbone to CO2 Laser'}
opening name=--- desc=Microbone to CO2 Laser
checking ownership. requestor=129.138.12.150
check software interlocks T
interlocks []
actuate state mode=None-script, software_lock=False
doing actuation None-script open_channel False
Open T ===>> OK
GetIndicatorState T ===>> OK
change switch state (True, True)
update switch state T True args=() kw={} ncanvase=2
02:27:36 -- OPEN   VALVE-T (Microbone to CO2 Laser)
---------------------------------------- open None (Microbone to CO2 Laser) result=[(True, True)], time=0.44 sec
GetData ===>> H2,-0.120254831606946,H1,768.663518205915,AX,94.6105215940176,L1,1.22555543804677,L2,0.2182715506...
action=open, ok=True, locked=[False]
open () {'description': 'Microbone to Inlet Pipette'}
opening name=--- desc=Microbone to Inlet Pipette
checking ownership. requestor=129.138.12.150
check software interlocks S
interlocks []
actuate state mode=None-script, software_lock=False
doing actuation None-script open_channel False
Open S ===>> OK
GetIndicatorState S ===>> OK
change switch state (True, True)
update switch state S True args=() kw={} ncanvase=2
02:27:36 -- OPEN   VALVE-S (Microbone to Inlet Pipette)
---------------------------------------- open None (Microbone to Inlet Pipette) result=[(True, True)], time=0.42 sec
action=open, ok=True, locked=[False]
sleep (1,) {}
SLEEP 1.0
GetData ===>> H2,-0.153452427536518,H1,768.569288154215,AX,94.4017278339917,L1,1.19436721783388,L2,0.1804798648...
set_resource () {'name': 'CO2PumpTimeFlag', 'value': 30}
Set CO2PumpTimeFlag 30 ===>> OK
release ('JanCO2Flag',) {}
release JanCO2Flag
Set JanCO2Flag 0 ===>> OK
executed snippet estimated_duration=6.0, duration=5.90048480034
PumpMicrobone.py completed successfully
gosub finished
get_resource_value () {'name': 'JanMiniboneFlag'}
Read JanMiniboneFlag ===>> 0
Get Resource Value JanMiniboneFlag=0.0
get resource value 0.0
get_resource_value () {'name': 'JanMiniboneFlag'}
Read JanMiniboneFlag ===>> 0
Get Resource Value JanMiniboneFlag=0.0
executed snippet estimated_duration=4.0, duration=5.92596483231
jan_pump_extraction_line.py completed successfully
Post Equilibration Finished
02:27:38 -- ******* Post Equilibration Finished *******
GetData ===>> H2,-0.242921147584785,H1,768.986792303051,AX,94.5034067723715,L1,1.22501813182131,L2,0.1874277603...
GetData ===>> H2,-0.185684728801095,H1,768.61438002793,AX,94.320936619647,L1,1.24820581425815,L2,0.212028960635...
GetData ===>> H2,-0.203091612053823,H1,767.947314409226,AX,94.284370668791,L1,1.21970127596471,L2,0.24997010098...
GetData ===>> H2,-0.142059456720631,H1,767.111344220314,AX,94.3621446570247,L1,1.15504446900552,L2,0.2169705019...
GetData ===>> H2,-0.116006549153721,H1,766.974927406152,AX,94.3710662892696,L1,1.16614872336779,L2,0.3412377316...
GetData ===>> H2,-0.0894026176696158,H1,766.836885801783,AX,94.244635452323,L1,1.25977689787293,L2,0.3174599616...
GetData ===>> H2,-0.0695087167256298,H1,766.6279914251,AX,94.2643705993838,L1,1.24276893231637,L2,0.18316084850...
GetData ===>> H2,-0.0744156843038414,H1,766.45174250645,AX,94.1955847987277,L1,1.16445759139947,L2,0.2208280486...
GetData ===>> H2,-0.161919304635627,H1,765.871103620007,AX,94.1856010970117,L1,1.18702397807999,L2,0.2839893106...
GetData ===>> H2,-0.243534810160524,H1,765.301623908704,AX,94.0583067911414,L1,1.24885342839824,L2,0.2780221958...
GetData ===>> H2,-0.0685674868687932,H1,765.091422023893,AX,94.2714267496154,L1,1.21843005231608,L2,0.283316137...
GetData ===>> H2,-0.190452930124802,H1,764.779446509912,AX,94.2580674583527,L1,1.23752329291923,L2,0.2312031094...
GetData ===>> H2,-0.223485766558992,H1,764.413380780501,AX,94.1091281800881,L1,1.18741546270539,L2,0.2405518991...
GetData ===>> H2,-0.122888239089678,H1,764.451841835623,AX,94.0612666905548,L1,1.15460688128988,L2,0.2751585691...
GetData ===>> H2,-0.0925554887799618,H1,764.290842540183,AX,94.0574979919747,L1,1.18814000138478,L2,0.150115835...
GetData ===>> H2,-0.127124484315304,H1,763.771413450622,AX,94.0686150752719,L1,1.1753826109994,L2,0.26121815125...
GetData ===>> H2,-0.133883313357694,H1,763.634340495959,AX,93.9410094196245,L1,1.16835572422354,L2,0.2601915231...
GetData ===>> H2,-0.0905625206651628,H1,763.322464191537,AX,93.7985312972924,L1,1.151253907436,L2,0.22275688032...
GetData ===>> H2,-0.108717994213486,H1,763.274573089294,AX,93.7797969305938,L1,1.18744469752359,L2,0.3414546467...
02:27:58 -- collecting point 25
GetData ===>> H2,-0.215272017098111,H1,763.384890556905,AX,93.8322077124838,L1,1.23260736551418,L2,0.2177237385...
GetData ===>> H2,-0.211666820256077,H1,762.541849882098,AX,93.784695130982,L1,1.21309103874835,L2,0.24462729829...
GetData ===>> H2,-0.0885082191317047,H1,762.290613714109,AX,93.6986476065529,L1,1.18561195652174,L2,0.231203109...
GetData ===>> H2,-0.0585355522720474,H1,762.218921516475,AX,93.7149253081614,L1,1.15608206769434,L2,0.246122796...
GetData ===>> H2,-0.0867259841661553,H1,762.11074725153,AX,93.7171661907627,L1,1.13561732737726,L2,0.2467849327...
GetData ===>> H2,-0.223365898933407,H1,761.600472174801,AX,93.4759742877352,L1,1.16797219643276,L2,0.2662487882...
GetData ===>> H2,-0.173790536728261,H1,761.234274554951,AX,93.5662597424587,L1,1.16269437707952,L2,0.1628100674...
GetData ===>> H2,-0.12629304476982,H1,760.831521152074,AX,93.5567124515145,L1,1.17354305637564,L2,0.18822640135...
GetData ===>> H2,-0.107657353738997,H1,760.360718022474,AX,93.6164792878682,L1,1.15868792629981,L2,0.2008229918...
GetData ===>> H2,-0.146106143138369,H1,760.171218946545,AX,93.3496764605685,L1,1.17315208085055,L2,0.1441969976...
GetData ===>> H2,-0.256947651517692,H1,760.038715153875,AX,93.2095645907644,L1,1.17893312544602,L2,0.2552104469...
GetData ===>> H2,-0.173565104062766,H1,759.63869827717,AX,93.3700606233643,L1,1.16346106652186,L2,0.14241799667...
GetData ===>> H2,-0.101222392622049,H1,759.444500533894,AX,93.4214627978926,L1,1.16496668021134,L2,0.2939163097...
GetData ===>> H2,-0.171882878127771,H1,758.798030160731,AX,93.3942062050922,L1,1.14383740000431,L2,0.2736982665...
GetData ===>> H2,-0.106045910639936,H1,758.659037840593,AX,93.2119315171664,L1,1.14641476957692,L2,0.2334060998...
GetData ===>> H2,-0.255659914348004,H1,758.315788077852,AX,93.2130978430409,L1,1.1547248379471,L2,0.11910017548...
GetData ===>> H2,-0.218130888265563,H1,758.326584821128,AX,93.1454536936252,L1,1.19807712210079,L2,0.1884089488...
GetData ===>> H2,-0.12268673128829,H1,758.156604373289,AX,93.4155579094291,L1,1.21990743459903,L2,0.21500754972...
GetData ===>> H2,-0.0561022571980587,H1,757.343056272282,AX,93.2675826522953,L1,1.19774535151813,L2,0.293471284...
GetData ===>> H2,-0.104104027745051,H1,757.377696506896,AX,92.9337862302222,L1,1.17638948583101,L2,0.1860586770...
GetData ===>> H2,-0.170352874339578,H1,757.29341154166,AX,92.850352434644,L1,1.18632239224246,L2,0.250004350678...
GetData ===>> H2,-0.211794779303927,H1,757.094227606645,AX,92.8934255764954,L1,1.17645678350474,L2,0.1723346982...
GetData ===>> H2,-0.171414724308403,H1,756.777720183663,AX,93.1028129640872,L1,1.18151929445423,L2,0.3804845274...
GetData ===>> H2,-0.0916952088999641,H1,756.24184561808,AX,92.9915194942194,L1,1.210416811173,L2,0.165752906087...
GetData ===>> H2,-0.0329199372782326,H1,755.597067376887,AX,92.8093472822518,L1,1.23509496744013,L2,0.284605439...
02:28:24 -- collecting point 50
GetData ===>> H2,0.00492076342916652,H1,755.370444620991,AX,92.9736781414997,L1,1.18402985027302,L2,0.230335624...
GetData ===>> H2,0.000329245573310622,H1,755.055817052492,AX,92.993627304311,L1,1.18186484195069,L2,0.313065772...
GetData ===>> H2,-0.072289907895193,H1,754.982147458747,AX,92.8232884068553,L1,1.16344202555291,L2,0.3085918963...
GetData ===>> H2,-0.0628122251054865,H1,755.270042152249,AX,92.8133719152755,L1,1.21296004576202,L2,0.247641150...
GetData ===>> H2,-0.12863714248621,H1,754.688571302566,AX,92.8334453845677,L1,1.17279412233132,L2,0.19117002140...
GetData ===>> H2,-0.150668586784156,H1,754.269379149135,AX,92.6567837921689,L1,1.16740454984354,L2,0.2241264884...
GetData ===>> H2,-0.172782704473641,H1,753.940854256916,AX,92.7682012564816,L1,1.16515204028434,L2,0.2467963489...
GetData ===>> H2,-0.200454681928977,H1,753.408382599127,AX,92.8299511662347,L1,1.16007611713117,L2,0.2985150269...
GetData ===>> H2,-0.165825065397646,H1,753.05750552604,AX,92.7137318808816,L1,1.14381837646686,L2,0.25095193047...
GetData ===>> H2,-0.130684524428983,H1,753.158453791425,AX,92.8345758851538,L1,1.17826128145711,L2,0.1922881643...
GetData ===>> H2,-0.123008601103548,H1,752.873423976951,AX,92.769451896525,L1,1.18939344242326,L2,0.16464647938...
GetData ===>> H2,-0.152578093248015,H1,752.610628053298,AX,92.6042719100741,L1,1.15481235502108,L2,0.2486686215...
GetData ===>> H2,-0.102037283243655,H1,752.129352320555,AX,92.4042617148305,L1,1.18920528974656,L2,0.3288629661...
GetData ===>> H2,-0.161604679073906,H1,751.992063222654,AX,92.3524770829589,L1,1.19249305654485,L2,0.2917596673...
GetData ===>> H2,-0.195252813929585,H1,751.670896668917,AX,92.430744781637,L1,1.20535578925548,L2,0.31302011974...
GetData ===>> H2,-0.13619291396413,H1,751.228617912982,AX,92.4133306522815,L1,1.19412578197054,L2,0.32906843811...
GetData ===>> H2,-0.133082686319784,H1,750.901848129685,AX,92.4770495070607,L1,1.16304344241648,L2,0.1333752528...
GetData ===>> H2,-0.115216247400375,H1,750.63394928683,AX,92.4748254440733,L1,1.1565235217559,L2,0.199054348815...
GetData ===>> H2,-0.134902949108185,H1,750.298769294565,AX,92.3844831520385,L1,1.16127411645725,L2,0.1976850992...
GetData ===>> H2,-0.233765407612219,H1,750.102169223705,AX,92.4711301540535,L1,1.15800531746961,L2,0.2171302789...
GetData ===>> H2,-0.186266028264278,H1,749.710448269983,AX,92.337032559663,L1,1.16760392115055,L2,0.27324192659...
GetData ===>> H2,-0.197384229640398,H1,749.600062795516,AX,92.2682963749058,L1,1.15918912606651,L2,0.2248683677...
GetData ===>> H2,-0.0640837982009786,H1,749.716675491879,AX,92.0852351376208,L1,1.14838119461498,L2,0.238314498...
GetData ===>> H2,-0.166857646088733,H1,749.202377022336,AX,92.1206026939995,L1,1.14860196436519,L2,0.2436797810...
GetData ===>> H2,-0.208305693078814,H1,748.607711661151,AX,91.9375166325513,L1,1.15952792509267,L2,0.2340224896...
02:28:50 -- collecting point 75
GetData ===>> H2,-0.217054217770506,H1,748.159473865973,AX,92.0050724458337,L1,1.1782752513169,L2,0.26540462660...
GetData ===>> H2,-0.291313696732347,H1,748.323853196956,AX,92.1103503305495,L1,1.15268551330975,L2,0.1920029225...
GetData ===>> H2,-0.195611968833622,H1,747.711986038325,AX,92.0730720811679,L1,1.09443657136925,L2,0.2196867465...
GetData ===>> H2,-0.123502207249498,H1,747.652045921715,AX,92.3232313853846,L1,1.16046570593994,L2,0.3599056460...
GetData ===>> H2,-0.123111381138893,H1,746.932595285281,AX,92.2199860740801,L1,1.19263916575918,L2,0.2812053714...
GetData ===>> H2,-0.185978754070137,H1,746.549963434787,AX,91.8592705812912,L1,1.15059290531049,L2,0.1691977391...
GetData ===>> H2,-0.227431260639297,H1,746.479716727931,AX,91.9844179974566,L1,1.16378476820175,L2,0.2431774865...
GetData ===>> H2,-0.153779440962809,H1,746.111833898148,AX,91.8639332670875,L1,1.16370352450257,L2,0.2761739489...
GetData ===>> H2,-0.0776957587310576,H1,746.210540261161,AX,91.769139988459,L1,1.15480854991595,L2,0.3391371053...
GetData ===>> H2,-0.0713122970191541,H1,746.046586196614,AX,91.657476206176,L1,1.17979299512433,L2,0.1760193306...
GetData ===>> H2,-0.13397933071183,H1,745.486550629046,AX,91.6830575469242,L1,1.16035403081785,L2,0.24611138025...
GetData ===>> H2,-0.146842363198474,H1,745.510615817399,AX,91.8861238060212,L1,1.13907496781612,L2,0.2034246681...
GetData ===>> H2,-0.148999415393864,H1,745.394465278059,AX,91.7800810271718,L1,1.15817913749901,L2,0.2754209696...
GetData ===>> H2,-0.143744512954205,H1,744.799435598849,AX,91.7417483858121,L1,1.16802172407975,L2,0.2742572860...
GetData ===>> H2,-0.212104568896708,H1,744.703530867792,AX,91.8373601644334,L1,1.18820864444398,L2,0.2370816680...
GetData ===>> H2,-0.180524556359638,H1,744.136673568346,AX,91.7134748247864,L1,1.1538560480407,L2,0.31934324717...
GetData ===>> H2,-0.169566204651627,H1,743.580664915791,AX,91.5494224020486,L1,1.14981120404592,L2,0.2618911690...
GetData ===>> H2,-0.141248594657571,H1,743.368089716201,AX,91.6037802952816,L1,1.1606573330257,L2,0.23002744105...
GetData ===>> H2,-0.255048254929548,H1,743.174408871076,AX,91.5056031747123,L1,1.16296601239081,L2,0.1359636937...
GetData ===>> H2,-0.180049567393497,H1,743.48776198442,AX,91.7123828981809,L1,1.18026677865997,L2,0.16676809235...
GetData ===>> H2,-0.197022786500354,H1,743.167042866302,AX,91.6586537492362,L1,1.15368483503429,L2,0.2360543211...
GetData ===>> H2,-0.278393036572251,H1,743.014631745699,AX,91.538304347261,L1,1.17914014829058,L2,0.15573849942...
GetData ===>> H2,-0.213064862698246,H1,742.443423027565,AX,91.4928169548946,L1,1.14066347625115,L2,0.1749013776...
GetData ===>> H2,-0.0635144546778662,H1,741.917185479738,AX,91.5405040165551,L1,1.1260509285859,L2,0.2872297351...
GetData ===>> H2,-0.0758457503966121,H1,741.934760076277,AX,91.4172736146587,L1,1.13654880246109,L2,0.233075077...
02:29:17 -- collecting point 100
GetData ===>> H2,-0.0923373767352755,H1,741.426028607112,AX,91.4133525890189,L1,1.1575879072344,L2,0.2517282678...
GetData ===>> H2,-0.182459390723059,H1,741.587174908467,AX,91.1922023231494,L1,1.17727708741862,L2,0.2864538489...
GetData ===>> H2,-0.160768785901579,H1,741.309586998367,AX,91.2857747473244,L1,1.15020204750303,L2,0.1583047338...
GetData ===>> H2,-0.0499000216908869,H1,740.467116465251,AX,91.3558451978229,L1,1.1653577175649,L2,0.1882948566...
GetData ===>> H2,-0.096501103800634,H1,740.454782126701,AX,91.12209489224,L1,1.18511887333007,L2,0.177297007157...
GetData ===>> H2,-0.145908909096369,H1,740.08835191579,AX,91.0658902878712,L1,1.1475603265715,L2,0.276242401864...
GetData ===>> H2,-0.10662638122057,H1,739.923399540762,AX,91.1857471986242,L1,1.17641869042968,L2,0.26834781691...
GetData ===>> H2,-0.152994322617466,H1,739.509335238373,AX,91.243564161438,L1,1.15197666047652,L2,0.23738987428...
GetData ===>> H2,-0.000480910538690948,H1,739.780587512897,AX,91.1341677715841,L1,1.15373302804657,L2,0.2384971...
GetData ===>> H2,-0.0583090634794855,H1,739.001371329353,AX,91.0505315427191,L1,1.18196520527096,L2,0.337710075...
GetData ===>> H2,-0.184000005600303,H1,738.921651144271,AX,91.0141505056812,L1,1.14939753472002,L2,0.2093015216...
GetData ===>> H2,-0.121129996780668,H1,738.843463895624,AX,90.9650499481871,L1,1.13393327538955,L2,0.2406546382...
GetData ===>> H2,-0.119773259088933,H1,738.125090904713,AX,91.101705394106,L1,1.12561118672541,L2,0.18609290385...
GetData ===>> H2,-0.0684399944168349,H1,737.859849944274,AX,90.9010054839515,L1,1.18607201861775,L2,0.100279026...
GetData ===>> H2,-0.0906641420412579,H1,737.741086529082,AX,90.8303400523355,L1,1.1519893407924,L2,0.2383373292...
GetData ===>> H2,-0.151878447374622,H1,737.077494923279,AX,90.8127004198915,L1,1.10024188024743,L2,0.3143554747...
GetData ===>> H2,-0.14377018549143,H1,736.789628783061,AX,90.7492135307229,L1,1.15495060809644,L2,0.35155886907...
GetData ===>> H2,-0.137634147741017,H1,736.697831022167,AX,90.6773021101917,L1,1.16842938345909,L2,0.3221054662...
GetData ===>> H2,-0.134201114170202,H1,736.231264741253,AX,90.6505741804795,L1,1.1661474536485,L2,0.21174366002...
GetData ===>> H2,-0.125338504111568,H1,736.188738638122,AX,90.5713889350989,L1,1.12484706761481,L2,0.2602257438...
GetData ===>> H2,-0.0975803897912478,H1,735.777139788164,AX,90.5978131222218,L1,1.14041624666665,L2,0.360236791...
measurement finished
estimated time: 125.829 actual time: :126.435
flush and close file /Users/jan/PychronDev/data/isotopes/49/d475e1-d1f1-47d4-b0f6-964adc5aa578.h5
baselines () {'settling_time': 15.0, 'detector': 'H1', 'mass': 34.2, 'ncounts': 60}
%%%%%%%%%%%%%%%%%%%%%%%%%%%%%%%% Baseline
build tables- baseline [Detector(H2), Detector(H1), Detector(AX), Detector(L1), Detector(L2), Detector(CDD)]
add group baseline table H2
add group baseline table H1
add group baseline table AX
add group baseline table L1
add group baseline table L2
add group baseline table CDD
flush and close file /Users/jan/PychronDev/data/isotopes/49/d475e1-d1f1-47d4-b0f6-964adc5aa578.h5
detector Detector(H1)
POSITION 34.2 H1
Mapping mass to dac mass func: "parabolic"
H1 map mass coeffs = [-0.00063987  0.15840543  0.57104999]
H1 map mass to dac 34.2 >> 5.24009599104
GetDeflection H1 ===>> 0
GetHighVoltage ===>> 4500
positioning 34.2 (5.24009599104) on H1
setting magnet DAC
current  : 5.879440
requested: 5.240096
Delta Dac: 0.639344
Checking detector protection. dv=0.63934
Checking detector "CDD". Protection Threshold: 0.1 (V)
ProtectDetector CDD,On ===>> OK
GetDeflection CDD ===>> 2000
Protected = 2000
SetMagnetDAC 5.24009599104 ===>> OK
Magnet settling time: 0.500
GetMagnetMoving ===>> True
GetMagnetMoving ===>> True
GetMagnetMoving ===>> True
GetMagnetMoving ===>> True
GetMagnetMoving ===>> True
GetMagnetMoving ===>> True
GetMagnetMoving ===>> True
GetMagnetMoving ===>> True
GetMagnetMoving ===>> False
ProtectDetector CDD,Off ===>> OK
GetDeflection CDD ===>> 50
Delaying 15.0s for detectors to settle
Join finished
measuring baseline. ncounts=60
"baseline" increment series count="2" fit count="1" regressing="True"
starting measurement
GetData ===>> H2,-0.090475803039205,H1,-0.0567069327968682,AX,-0.0411620597507106,L1,-0.0498647638592492,L2,-0....
GetData ===>> H2,-0.198515687805082,H1,-0.0341721433268603,AX,0.0248408447875159,L1,-0.0554917340530581,L2,-0.0...
GetData ===>> H2,-0.168487987122731,H1,-0.0171067125554146,AX,-0.10263556479015,L1,-0.051519484963527,L2,-0.058...
GetData ===>> H2,-0.233384597717881,H1,-0.0797134134552955,AX,-0.0803250449089249,L1,-0.0568563085751892,L2,-0....
GetData ===>> H2,-0.249279550129905,H1,-0.0289252207332556,AX,-0.170626596164199,L1,-0.0473827694521599,L2,0.06...
GetData ===>> H2,-0.175090680439293,H1,-0.0249540714442496,AX,-0.0920894111703775,L1,-0.0445900919151705,L2,-0....
GetData ===>> H2,-0.215973529928448,H1,0.0337251994739109,AX,0.0371415873312124,L1,-0.0390634982504751,L2,-0.11...
GetData ===>> H2,-0.2515779725727,H1,0.020063301718243,AX,0.0373156655952796,L1,-0.00976576229901762,L2,-0.0791...
GetData ===>> H2,-0.168451549944345,H1,-0.0154489090894881,AX,-0.0540094414858909,L1,-0.0246613903280829,L2,-0....
GetData ===>> H2,-0.261941936805054,H1,-0.084743141347343,AX,-0.166291288682776,L1,-0.0277815337097556,L2,-0.04...
GetData ===>> H2,-0.26676606552438,H1,0.0293102338630781,AX,-0.0703329093932792,L1,-0.0405415460321187,L2,0.033...
GetData ===>> H2,-0.222156376924436,H1,0.0408372832229055,AX,-0.133108682569406,L1,-0.0260921753187274,L2,0.018...
GetData ===>> H2,-0.0788178149850639,H1,-0.00606212268132718,AX,-0.169548583211963,L1,-0.0502009946242018,L2,-0...
GetData ===>> H2,-0.141016136841704,H1,-0.0553597573103247,AX,-0.0340999154838054,L1,-0.0305689535951313,L2,-0....
GetData ===>> H2,-0.160448726473663,H1,-0.0379640661487766,AX,-0.0213542892269973,L1,-0.039362958227996,L2,-0.0...
GetData ===>> H2,-0.159018477069329,H1,-0.057958716772588,AX,-0.0610353606237947,L1,0.00323255282947338,L2,0.02...
GetData ===>> H2,-0.083459349713336,H1,0.000689274289800324,AX,-0.122334108247812,L1,-0.0313306580281313,L2,-0....
GetData ===>> H2,-0.141122905848698,H1,-0.00421328716118092,AX,-0.177117604356616,L1,-0.0452760636278727,L2,-0....
GetData ===>> H2,-0.111848728986618,H1,-0.0467517123378112,AX,-0.0531862395430755,L1,-0.0180836323655297,L2,-0....
GetData ===>> H2,-0.183620942051027,H1,-0.0361277441066619,AX,-0.0438754567364671,L1,-0.0230578064804077,L2,0.0...
GetData ===>> H2,-0.234239047234976,H1,0.0530698169811884,AX,-0.137782408487124,L1,0.0185659232298492,L2,-0.015...
GetData ===>> H2,-0.114148440719796,H1,-0.010916644363834,AX,-0.138837583053351,L1,0.0425977005595391,L2,0.0185...
GetData ===>> H2,-0.184200998560852,H1,-0.00643188568754098,AX,-0.0852164123122528,L1,0.0416931726566564,L2,0.0...
GetData ===>> H2,-0.152814589082664,H1,-0.0573864746123086,AX,-0.0576847792922241,L1,0.0343144365695,L2,-0.1096...
02:30:22 -- collecting point 25
GetData ===>> H2,-0.22708928257688,H1,0.0563042293774131,AX,-0.0555051004351727,L1,0.00424586405768316,L2,-0.12...
GetData ===>> H2,-0.255775520974506,H1,0.00667764347446216,AX,-0.0157057846209892,L1,-0.0424301124601511,L2,-0....
GetData ===>> H2,-0.159176502161967,H1,-0.0445697772210039,AX,-0.00393218030204412,L1,-0.0247404842604297,L2,-0...
GetData ===>> H2,-0.222190051337897,H1,-0.0421970178274609,AX,-0.164981385037471,L1,-0.00491465289983674,L2,-0....
GetData ===>> H2,-0.0803015237519282,H1,-0.0389656821523808,AX,-0.137167850992547,L1,-0.0249837541234873,L2,-0....
GetData ===>> H2,-0.000343623029843271,H1,-0.0435443705162573,AX,-0.0843818836128331,L1,-0.0135970256647659,L2,...
GetData ===>> H2,-0.0864009879542823,H1,0.034620148668263,AX,-0.0973510416968678,L1,-0.018249118050614,L2,-0.05...
GetData ===>> H2,-0.216870944494213,H1,0.0560535885199666,AX,0.0073323741489825,L1,-0.0307941175168191,L2,-0.11...
GetData ===>> H2,-0.253331398533846,H1,0.0114733687457626,AX,-0.0722688208931714,L1,-0.0397270895395019,L2,0.00...
GetData ===>> H2,-0.263706183005048,H1,0.018381048472116,AX,-0.11988938818371,L1,-0.0523246121892682,L2,0.01272...
GetData ===>> H2,-0.225258042849239,H1,0.00677307855274663,AX,-0.0781342816755332,L1,-0.0232148203747117,L2,0.0...
GetData ===>> H2,-0.221604102227701,H1,-0.0560869958875053,AX,-0.0271068440480585,L1,-0.0188786582830997,L2,-0....
GetData ===>> H2,-0.254743084977723,H1,-0.00649152475415955,AX,-0.0830489409824095,L1,0.00763496322085025,L2,-0...
GetData ===>> H2,-0.146850468107444,H1,-0.0470378642344336,AX,-0.0431681254962545,L1,0.0168747810190598,L2,-0.0...
GetData ===>> H2,-0.145295570361058,H1,-0.0243458634951786,AX,-0.137701240738664,L1,-0.00240843008709901,L2,-0....
GetData ===>> H2,-0.190659201196921,H1,-0.0156516635051006,AX,0.0399849046196581,L1,-0.0434071895021299,L2,-0.0...
GetData ===>> H2,-0.273479840078804,H1,-0.0633829330640932,AX,-0.0347609260941087,L1,-0.0131943081288923,L2,0.0...
GetData ===>> H2,-0.24181889355291,H1,0.0355986356089356,AX,0.0411918889010415,L1,-0.0100930830088081,L2,0.0399...
GetData ===>> H2,-0.265626100860089,H1,0.0246329691787618,AX,-0.1263312669979,L1,-0.0483856934811787,L2,-0.1007...
GetData ===>> H2,-0.201521121870965,H1,0.012332328875231,AX,-0.15742301233909,L1,-0.023337073770854,L2,-0.00746...
GetData ===>> H2,-0.170598444425555,H1,-0.121692421205588,AX,-0.0311774989847451,L1,-0.0218423641084788,L2,0.00...
GetData ===>> H2,-0.209919697665991,H1,-0.0487309128809564,AX,-0.0699503594495851,L1,-0.036687865597309,L2,-0.0...
GetData ===>> H2,-0.219576618618577,H1,0.107811260155422,AX,-0.0352595802503266,L1,-0.0440848611602855,L2,0.036...
GetData ===>> H2,-0.328311685531623,H1,0.0076916458335631,AX,-0.0902234341989584,L1,-0.0311067037512779,L2,-0.0...
GetData ===>> H2,-0.192061205595808,H1,0.0581303459906259,AX,-0.108916357066564,L1,-0.00957512005737282,L2,0.02...
02:30:49 -- collecting point 50
GetData ===>> H2,-0.149411329230009,H1,-0.0495178130652583,AX,-0.0160769489899932,L1,-0.00696571616472579,L2,-0...
GetData ===>> H2,-0.159737000748322,H1,-0.0950044323851927,AX,0.0280087176259195,L1,-0.0194266259986958,L2,-0.0...
GetData ===>> H2,-0.084127108769695,H1,-0.015114959744955,AX,-0.128045939831009,L1,0.0162743016275077,L2,-0.019...
GetData ===>> H2,-0.124078279333779,H1,-0.0262301035612865,AX,-0.137492523360238,L1,0.0288028437944013,L2,-0.01...
GetData ===>> H2,-0.187830398268438,H1,-0.0433893662630467,AX,-0.128173380524087,L1,0.0238069027720109,L2,0.008...
GetData ===>> H2,-0.0913578530337586,H1,-0.0409092655608621,AX,-0.0567804503732542,L1,-0.0163446689335339,L2,-0...
GetData ===>> H2,-0.238312604384086,H1,-0.0391803128489297,AX,0.0178324374899115,L1,-0.0634132551616651,L2,0.04...
GetData ===>> H2,-0.221767093420793,H1,-0.022425810229154,AX,0.02513093874518,L1,-0.0843531817093246,L2,-0.0354...
GetData ===>> H2,-0.183019270642176,H1,-0.131625822552306,AX,-0.011982463731188,L1,-0.0484239893115403,L2,0.070...
GetData ===>> H2,-0.244950413274354,H1,-0.00523909689282827,AX,0.046310132732706,L1,0.00808853327933694,L2,-0.0...
GetData ===>> H2,-0.243956011003416,H1,-0.025240285670791,AX,-0.090327744415019,L1,-0.0448881900885461,L2,-0.10...
measurement finished
estimated time: 62.915 actual time: :63.202
flush and close file /Users/jan/PychronDev/data/isotopes/49/d475e1-d1f1-47d4-b0f6-964adc5aa578.h5
activate_detectors ('H1', 'AX', 'CDD') {'peak_center': True}
peak_center () {'detector': 'H1', 'integration_time': 0.262144, 'isotope': 'Ar40'}
peak center: mean=737.133158917 threshold=3
peak center started
setup peak center. detector=['H1', 'AX', 'CDD'], isotope=Ar40
VersionedUnpickler [<apptools.sweet_pickle.versioned_unpickler.VersionedUnpickler object at 0x1b9efc1d0>] using Updater [<apptools.sweet_pickle.updater.Updater object at 0x134a15590>]
VersionedUnpickler [<apptools.sweet_pickle.versioned_unpickler.VersionedUnpickler object at 0x1b9efc1d0>] using Updater [<apptools.sweet_pickle.updater.Updater object at 0x134a15590>]
VersionedUnpickler [<apptools.sweet_pickle.versioned_unpickler.VersionedUnpickler object at 0x1b214f170>] using Updater [<apptools.sweet_pickle.updater.Updater object at 0x134a15590>]
setting integration time = 0.524288
SetIntegrationTime 0.524288 ===>> OK
Mapping mass to dac mass func: "parabolic"
H1 map mass coeffs = [-0.00063987  0.15840543  0.57104999]
H1 map mass to dac 39.9624 >> 5.87944
GetDeflection H1 ===>> 0
GetHighVoltage ===>> 4500
do peak center. <pychron.spectrometer.jobs.peak_center.PeakCenter object at 0x134a156b0>
doing pc
starting peak center. center dac= 5.87944 step_width=0.001
width = 0.001
get scan parameters. half-width=0.015,window=0.015, i=0, scalar=1
Scan parameters center=5.87944 width=0.03000 (5.86444 - 5.89444)
GetData ===>> H2,-0.163964832915954,H1,-0.00242405898200888,AX,-0.100143994270487,L1,-0.0269955980149563,L2,0.0...
Moving to starting dac 5.86444
setting magnet DAC
current  : 5.240096
requested: 5.864440
Delta Dac: 0.624344
Checking detector protection. dv=0.62434
Checking detector "CDD". Protection Threshold: 0.1 (V)
ProtectDetector CDD,On ===>> OK
GetDeflection CDD ===>> 2000
Protected = 2000
SetMagnetDAC 5.86444 ===>> OK
Magnet settling time: 0.500
GetMagnetMoving ===>> True
GetMagnetMoving ===>> True
GetMagnetMoving ===>> True
GetMagnetMoving ===>> True
GetMagnetMoving ===>> True
GetMagnetMoving ===>> True
GetMagnetMoving ===>> True
GetMagnetMoving ===>> True
GetMagnetMoving ===>> False
ProtectDetector CDD,Off ===>> OK
GetDeflection CDD ===>> 50
Wait until signal near baseline. tol= -0.00181804423651. timeout= 10
GetData ===>> H2,2.00089370361533,H1,0.803060576725279,AX,0.0230538850713712,L1,0.0139520475629127,L2,0.0538974...
GetData ===>> H2,41.5882706769175,H1,16.7294052526749,AX,1.05159552296261,L1,0.0301050718314628,L2,-0.180403704...
GetData ===>> H2,47.8959173899332,H1,22.5163529434479,AX,2.06437482619981,L1,-0.00849714410824949,L2,-0.0926435...
GetData ===>> H2,25.8928898129091,H1,10.952265104718,AX,0.871475374331444,L1,-0.0287136368707758,L2,0.068231174...
GetData ===>> H2,10.8613325588111,H1,5.62288178715249,AX,0.441541311992206,L1,-0.0147907008195395,L2,0.01712725...
GetData ===>> H2,3.81091544046988,H1,3.10089808314762,AX,0.0924114022883923,L1,-0.0328535063992861,L2,-0.017283...
GetData ===>> H2,1.22076236057582,H1,1.93512375472669,AX,0.143512479237728,L1,-0.0295513202756118,L2,-0.0599895...
GetData ===>> H2,0.390076714788119,H1,1.27672633169176,AX,-0.0519688154548408,L1,-0.00950677573299606,L2,-0.058...
GetData ===>> H2,0.166941402855402,H1,1.01505502093249,AX,0.087149792218478,L1,0.0172727317245731,L2,-0.1696537...
GetData ===>> H2,0.121446075535326,H1,0.871093911958565,AX,0.00049923964827663,L1,0.0194903294948131,L2,-0.0398...
GetData ===>> H2,0.147127445545253,H1,0.810751286026634,AX,0.0158367581692652,L1,-0.0092118106940337,L2,0.12887...
GetData ===>> H2,0.123574659693822,H1,0.743806750777742,AX,0.00871298079199996,L1,-0.0520422866611991,L2,0.0358...
GetData ===>> H2,0.0687429180504979,H1,0.680280641568554,AX,0.00578936636641006,L1,-0.0485915318529445,L2,-0.06...
GetData ===>> H2,0.0641444127430103,H1,0.756497637116716,AX,0.0561885422632305,L1,-0.041849329250342,L2,0.02491...
GetData ===>> H2,0.0280957967229863,H1,0.694782310776021,AX,0.237228772453645,L1,-0.0400337162011711,L2,-0.0769...
GetData ===>> H2,-0.0275370093154943,H1,0.73528320627132,AX,-0.036639563316963,L1,-0.028127216964512,L2,-0.1331...
GetData ===>> H2,-0.0303191174143246,H1,0.81211698752639,AX,-0.0544732141615799,L1,-0.0196023163692477,L2,-0.07...
GetData ===>> H2,0.0774028193737991,H1,0.710746139669882,AX,0.0377450599772201,L1,-0.000728467713032495,L2,-0.0...
GetData ===>> H2,0.0211721969527687,H1,0.723073770364846,AX,0.0644377336344066,L1,0.00267791615959072,L2,-0.059...
GetData ===>> H2,-0.0562870854290363,H1,0.721805031742551,AX,-0.108510783096004,L1,0.009536561045832,L2,0.00359...
GetData ===>> H2,-0.0506345294087979,H1,0.673509127035277,AX,-0.108557134492491,L1,0.0176494969396461,L2,-0.007...
Peak center failed to move to a baseline position
_do_sweep sm= 5.86444, em= 5.89444, stm= 0.001
calculated step values: start=5.86444, end=5.89444, width=0.001, nsteps=31.0
setting magnet DAC
current  : 5.864440
requested: 5.864440
Delta Dac: 0.000000
Checking detector protection. dv=0.00000
Checking detector "CDD". Protection Threshold: 0.1 (V)
SetMagnetDAC 5.86444 ===>> OK
GetData ===>> H2,-0.0506345294087979,H1,0.673509127035277,AX,-0.108557134492491,L1,0.0176494969396461,L2,-0.007...
setting magnet DAC
current  : 5.864440
requested: 5.865474
Delta Dac: 0.001034
Checking detector protection. dv=0.00103
Checking detector "CDD". Protection Threshold: 0.1 (V)
SetMagnetDAC 5.86547448276 ===>> OK
Magnet settling time: 1.049
GetData ===>> H2,-0.107004960641383,H1,1.45651871850905,AX,0.142283327441752,L1,0.0194471248783233,L2,-0.018763...
setting magnet DAC
current  : 5.865474
requested: 5.866509
Delta Dac: 0.001034
Checking detector protection. dv=0.00103
Checking detector "CDD". Protection Threshold: 0.1 (V)
SetMagnetDAC 5.86650896552 ===>> OK
Magnet settling time: 1.049
GetData ===>> H2,-0.0942727619628123,H1,5.38069095756051,AX,0.461673949988147,L1,-0.028120036100662,L2,0.010089...
setting magnet DAC
current  : 5.866509
requested: 5.867543
Delta Dac: 0.001034
Checking detector protection. dv=0.00103
Checking detector "CDD". Protection Threshold: 0.1 (V)
SetMagnetDAC 5.86754344828 ===>> OK
Magnet settling time: 1.049
GetData ===>> H2,-0.0941347313737817,H1,20.3724263990718,AX,1.70924085740993,L1,-0.0415619189583384,L2,-0.11479...
setting magnet DAC
current  : 5.867543
requested: 5.868578
Delta Dac: 0.001034
Checking detector protection. dv=0.00103
Checking detector "CDD". Protection Threshold: 0.1 (V)
SetMagnetDAC 5.86857793103 ===>> OK
Magnet settling time: 1.049
GetData ===>> H2,-0.121316653884375,H1,68.1404273769175,AX,5.393786575165,L1,0.0353324942135688,L2,-0.090914416...
setting magnet DAC
current  : 5.868578
requested: 5.869612
Delta Dac: 0.001034
Checking detector protection. dv=0.00103
Checking detector "CDD". Protection Threshold: 0.1 (V)
SetMagnetDAC 5.86961241379 ===>> OK
Magnet settling time: 1.049
GetData ===>> H2,-0.17524303402789,H1,180.766681503488,AX,15.6187477898174,L1,0.101770794636583,L2,-0.114678068...
setting magnet DAC
current  : 5.869612
requested: 5.870647
Delta Dac: 0.001034
Checking detector protection. dv=0.00103
Checking detector "CDD". Protection Threshold: 0.1 (V)
SetMagnetDAC 5.87064689655 ===>> OK
Magnet settling time: 1.049
GetData ===>> H2,-0.238060346350784,H1,353.925101225914,AX,34.3555462676067,L1,0.220047094713916,L2,0.080264955...
setting magnet DAC
current  : 5.870647
requested: 5.871681
Delta Dac: 0.001034
Checking detector protection. dv=0.00103
Checking detector "CDD". Protection Threshold: 0.1 (V)
SetMagnetDAC 5.87168137931 ===>> OK
Magnet settling time: 1.049
GetData ===>> H2,-0.12048343612959,H1,522.561147821937,AX,55.5345051590712,L1,0.398109284360375,L2,0.1106752304...
setting magnet DAC
current  : 5.871681
requested: 5.872716
Delta Dac: 0.001034
Checking detector protection. dv=0.00103
Checking detector "CDD". Protection Threshold: 0.1 (V)
SetMagnetDAC 5.87271586207 ===>> OK
Magnet settling time: 1.049
GetData ===>> H2,-0.110336539967618,H1,633.102148065111,AX,72.3350339381367,L1,0.640518512704813,L2,0.200389386...
setting magnet DAC
current  : 5.872716
requested: 5.873750
Delta Dac: 0.001034
Checking detector protection. dv=0.00103
Checking detector "CDD". Protection Threshold: 0.1 (V)
SetMagnetDAC 5.87375034483 ===>> OK
Magnet settling time: 1.049
GetData ===>> H2,0.0163443438594752,H1,682.394691082323,AX,81.7416849773101,L1,0.771363699752044,L2,0.134002401...
setting magnet DAC
current  : 5.873750
requested: 5.874785
Delta Dac: 0.001034
Checking detector protection. dv=0.00103
Checking detector "CDD". Protection Threshold: 0.1 (V)
SetMagnetDAC 5.87478482759 ===>> OK
Magnet settling time: 1.049
GetData ===>> H2,-0.095939822571412,H1,698.416055944189,AX,85.1801801755307,L1,0.90800369027044,L2,0.1680114250...
setting magnet DAC
current  : 5.874785
requested: 5.875819
Delta Dac: 0.001034
Checking detector protection. dv=0.00103
Checking detector "CDD". Protection Threshold: 0.1 (V)
SetMagnetDAC 5.87581931034 ===>> OK
Magnet settling time: 1.049
GetData ===>> H2,-0.155391398209344,H1,702.774563324762,AX,86.2093757715013,L1,0.99283183870722,L2,0.3058923357...
setting magnet DAC
current  : 5.875819
requested: 5.876854
Delta Dac: 0.001034
Checking detector protection. dv=0.00103
Checking detector "CDD". Protection Threshold: 0.1 (V)
SetMagnetDAC 5.8768537931 ===>> OK
Magnet settling time: 1.049
GetData ===>> H2,-0.256306489687392,H1,703.932540644376,AX,86.7888687421832,L1,1.0113404511457,L2,0.13724083575...
setting magnet DAC
current  : 5.876854
requested: 5.877888
Delta Dac: 0.001034
Checking detector protection. dv=0.00103
Checking detector "CDD". Protection Threshold: 0.1 (V)
SetMagnetDAC 5.87788827586 ===>> OK
Magnet settling time: 1.049
GetData ===>> H2,-0.245991817835902,H1,704.244990940888,AX,86.5364591065145,L1,1.05802054569111,L2,0.4016444665...
setting magnet DAC
current  : 5.877888
requested: 5.878923
Delta Dac: 0.001034
Checking detector protection. dv=0.00103
Checking detector "CDD". Protection Threshold: 0.1 (V)
SetMagnetDAC 5.87892275862 ===>> OK
Magnet settling time: 1.049
GetData ===>> H2,-0.17349765795104,H1,704.421238719944,AX,86.7426153428361,L1,1.095697555171,L2,0.1960990762206...
setting magnet DAC
current  : 5.878923
requested: 5.879957
Delta Dac: 0.001034
Checking detector protection. dv=0.00103
Checking detector "CDD". Protection Threshold: 0.1 (V)
SetMagnetDAC 5.87995724138 ===>> OK
Magnet settling time: 1.049
GetData ===>> H2,-0.0197866491878691,H1,704.251352123301,AX,86.4459874407689,L1,1.12334088753847,L2,0.096699893...
setting magnet DAC
current  : 5.879957
requested: 5.880992
Delta Dac: 0.001034
Checking detector protection. dv=0.00103
Checking detector "CDD". Protection Threshold: 0.1 (V)
SetMagnetDAC 5.88099172414 ===>> OK
Magnet settling time: 1.049
GetData ===>> H2,-0.0898332913560758,H1,703.072395585056,AX,86.8818572472329,L1,1.11894442299394,L2,0.212919103...
setting magnet DAC
current  : 5.880992
requested: 5.882026
Delta Dac: 0.001034
Checking detector protection. dv=0.00103
Checking detector "CDD". Protection Threshold: 0.1 (V)
SetMagnetDAC 5.8820262069 ===>> OK
Magnet settling time: 1.049
GetData ===>> H2,-0.0771224916186197,H1,702.920387249098,AX,86.6804092278084,L1,1.11525047019757,L2,0.171752927...
setting magnet DAC
current  : 5.882026
requested: 5.883061
Delta Dac: 0.001034
Checking detector protection. dv=0.00103
Checking detector "CDD". Protection Threshold: 0.1 (V)
SetMagnetDAC 5.88306068966 ===>> OK
Magnet settling time: 1.049
GetData ===>> H2,-0.182553424988916,H1,701.818910931354,AX,86.1154163096188,L1,1.07944399202347,L2,0.1324516410...
setting magnet DAC
current  : 5.883061
requested: 5.884095
Delta Dac: 0.001034
Checking detector protection. dv=0.00103
Checking detector "CDD". Protection Threshold: 0.1 (V)
SetMagnetDAC 5.88409517241 ===>> OK
Magnet settling time: 1.049
GetData ===>> H2,0.00923251608998228,H1,696.785295633668,AX,84.9349023426031,L1,1.10782683245955,L2,0.259544995...
setting magnet DAC
current  : 5.884095
requested: 5.885130
Delta Dac: 0.001034
Checking detector protection. dv=0.00103
Checking detector "CDD". Protection Threshold: 0.1 (V)
SetMagnetDAC 5.88512965517 ===>> OK
Magnet settling time: 1.049
GetData ===>> H2,-0.23235849625177,H1,678.508062689947,AX,80.8018921895044,L1,1.04129266616242,L2,0.14631815744...
setting magnet DAC
current  : 5.885130
requested: 5.886164
Delta Dac: 0.001034
Checking detector protection. dv=0.00103
Checking detector "CDD". Protection Threshold: 0.1 (V)
SetMagnetDAC 5.88616413793 ===>> OK
Magnet settling time: 1.049
GetData ===>> H2,-0.10469058476982,H1,623.461193069425,AX,69.8763574670897,L1,0.926238908541258,L2,0.0825670446...
setting magnet DAC
current  : 5.886164
requested: 5.887199
Delta Dac: 0.001034
Checking detector protection. dv=0.00103
Checking detector "CDD". Protection Threshold: 0.1 (V)
SetMagnetDAC 5.88719862069 ===>> OK
Magnet settling time: 1.049
GetData ===>> H2,-0.0874531295442851,H1,504.909061428432,AX,50.9343045867464,L1,0.697239867472539,L2,0.12237230...
setting magnet DAC
current  : 5.887199
requested: 5.888233
Delta Dac: 0.001034
Checking detector protection. dv=0.00103
Checking detector "CDD". Protection Threshold: 0.1 (V)
SetMagnetDAC 5.88823310345 ===>> OK
Magnet settling time: 1.049
GetData ===>> H2,-0.2412010997369,H1,331.142547037511,AX,28.8444466767626,L1,0.491821031378006,L2,0.09544608876...
setting magnet DAC
current  : 5.888233
requested: 5.889268
Delta Dac: 0.001034
Checking detector protection. dv=0.00103
Checking detector "CDD". Protection Threshold: 0.1 (V)
SetMagnetDAC 5.88926758621 ===>> OK
Magnet settling time: 1.049
GetData ===>> H2,-0.270946002759051,H1,167.568125055454,AX,12.3525693724685,L1,0.322658876610676,L2,-0.00025050...
setting magnet DAC
current  : 5.889268
requested: 5.890302
Delta Dac: 0.001034
Checking detector protection. dv=0.00103
Checking detector "CDD". Protection Threshold: 0.1 (V)
SetMagnetDAC 5.89030206897 ===>> OK
Magnet settling time: 1.049
GetData ===>> H2,-0.20402706223819,H1,35.2067962999137,AX,1.81239121808511,L1,0.184587070795605,L2,-0.084156854...
setting magnet DAC
current  : 5.890302
requested: 5.891337
Delta Dac: 0.001034
Checking detector protection. dv=0.00103
Checking detector "CDD". Protection Threshold: 0.1 (V)
SetMagnetDAC 5.89133655172 ===>> OK
Magnet settling time: 1.049
GetData ===>> H2,-0.170213895503387,H1,9.94901009351705,AX,0.327503407758973,L1,0.0794365028954591,L2,0.0640379...
setting magnet DAC
current  : 5.891337
requested: 5.892371
Delta Dac: 0.001034
Checking detector protection. dv=0.00103
Checking detector "CDD". Protection Threshold: 0.1 (V)
SetMagnetDAC 5.89237103448 ===>> OK
Magnet settling time: 1.049
GetData ===>> H2,-0.211747636665299,H1,2.37266330457604,AX,0.0360507039636431,L1,0.0611070113191335,L2,-0.07835...
setting magnet DAC
current  : 5.892371
requested: 5.893406
Delta Dac: 0.001034
Checking detector protection. dv=0.00103
Checking detector "CDD". Protection Threshold: 0.1 (V)
SetMagnetDAC 5.89340551724 ===>> OK
Magnet settling time: 1.049
GetData ===>> H2,-0.249909006671008,H1,0.417513866052821,AX,-0.163653325982779,L1,0.0355152025630599,L2,-0.0185...
setting magnet DAC
current  : 5.893406
requested: 5.894440
Delta Dac: 0.001034
Checking detector protection. dv=0.00103
Checking detector "CDD". Protection Threshold: 0.1 (V)
SetMagnetDAC 5.89444 ===>> OK
Magnet settling time: 1.049
GetData ===>> H2,-0.152321320755706,H1,-0.0771626965313075,AX,-0.0558645189273941,L1,0.0373881539559714,L2,0.06...
result of _do_sweep=True
result of _calculate_peak_center=([5.8716844889779551, 5.8793798797595187, 5.8870752705410823], [522.13668629701215, 704.42021735763944, 519.04503704496005], 5.878928977955912, 704.42021735763944)
Failed to find a valid peak. No peak greater than 1.0. max = 0.0210494183566
new center pos Detector(H1) (Ar40) @ 5.87937987976
GetHighVoltage ===>> 4500
GetDeflection H1 ===>> 0
dac uncorrected for HV and deflection 5.87937987976
update mftable H1 Ar40 5.87937987976 message=automated run peakcenter
get initial guess parabolic
get initial guess parabolic
get initial guess parabolic
get initial guess parabolic
get initial guess parabolic
get initial guess parabolic
dump mftable to /Users/jan/PychronDev/setupfiles/spectrometer/mftables/mftable.csv
add to repo msg=modified - automated run peakcenter
sweep finished
locally archiving mftable
setting magnet DAC
current  : 5.894440
requested: 5.879380
Delta Dac: 0.015060
Checking detector protection. dv=0.01506
Checking detector "CDD". Protection Threshold: 0.1 (V)
SetMagnetDAC 5.87937987976 ===>> OK
Magnet settling time: 0.500
setting integration time = 1.048576
SetIntegrationTime 1.048576 ===>> OK
Failed to find a valid peak. No peak greater than 1.0. max = 0.0210494183566
flush and close file /Users/jan/PychronDev/data/isotopes/49/d475e1-d1f1-47d4-b0f6-964adc5aa578.h5
finished measure script
executed snippet estimated_duration=226.132928, duration=272.567774057
jan_unknown120_60.py completed successfully
Measurement Finished
02:31:46 -- ******* Measurement Finished *******
Post Measurement Started jan_pump_ms.py
02:31:46 -- ******* Post Measurement Started jan_pump_ms.py *******
testing...
no interpolation path defined
executed snippet estimated_duration=0, duration=2.71797180176e-05
Pumping spectrometer
open () {'name': 'O'}
opening name=O desc=---
checking ownership. requestor=129.138.12.150
check software interlocks O
interlocks []
actuate state mode=None-script, software_lock=False
doing actuation None-script open_channel True
Open O ===>> OK
GetIndicatorState O ===>> OK
change switch state (True, True)
update switch state O True args=() kw={} ncanvase=2
02:31:46 -- OPEN   VALVE-O (Jan Ion Pump)
---------------------------------------- open O () result=[(True, True)], time=0.09 sec
action=open, ok=True, locked=[False]
executed snippet estimated_duration=0, duration=0.345417976379
jan_pump_ms.py completed successfully
setting _ms_pumptime
Post Measurement Finished
02:31:47 -- ******* Post Measurement Finished *******
$$$$$$$$$$$$$$$$$$$$ state at run end measurement
state changed from measurement to success
post measurement save measured=True aborted=False
Set filtering
setting fod for Ar40= {'filter_outliers': True, 'std_devs': 2, 'iterations': 1}
setting fod for H1= {'filter_outliers': True, 'std_devs': 2, 'iterations': 1}
setting fod for PM41= {'filter_outliers': False, 'std_devs': 2, 'iterations': 1}
setting fod for H2= {'filter_outliers': True, 'std_devs': 2, 'iterations': 1}
setting fod for Ar36= {'filter_outliers': True, 'std_devs': 2, 'iterations': 1}
setting fod for CDD= {'filter_outliers': True, 'std_devs': 10, 'iterations': 1}
setting fod for Ar37= {'filter_outliers': True, 'std_devs': 2, 'iterations': 1}
setting fod for L2= {'filter_outliers': True, 'std_devs': 2, 'iterations': 1}
setting fod for Ar38= {'filter_outliers': True, 'std_devs': 2, 'iterations': 1}
setting fod for L1= {'filter_outliers': True, 'std_devs': 2, 'iterations': 1}
setting fod for Ar39= {'filter_outliers': True, 'std_devs': 2, 'iterations': 1}
setting fod for AX= {'filter_outliers': True, 'std_devs': 2, 'iterations': 1}
persistence save...
persistence save - db
post measurement save
7161350960 connecting to database sqlite:////Users/jan/PychronDev/.appdata/local_lab.db
connected to db sqlite:////Users/jan/PychronDev/.appdata/local_lab.db
create new session 7161350960
close session 7161350960
No database instance. Not saving post measurement to isotopedb database
$$$$$$$$$$$$$$$ auto_save_detector_ic=False
massspec enabled True
create new session 4979675504
MassSpec Database Version: 16.0
close session 4979675504
saving post measurement to secondary database
saving to massspec database 129.138.12.160/massspecdata
setting labnumber to 25345
setting aliquot to 4
setting step to 
setting uuid to 49d475e1-d1f1-47d4-b0f6-964adc5aa578
setting irradpos to 25345
setting extract_device to Fusions CO2
setting tray to 
setting position to 202
setting power_requested to 5.0
setting extract_value to 5.0
setting duration to 30.0
setting duration_at_request to 30.0
setting first_stage_delay to 30.0
setting cleanup to 30.0
setting comment to Q:10
setting irradiation to NM-288
setting level to Q
setting irradiation_level to Q
setting sample to FC-2
setting material to Sanidine
setting project to Irradiation-NM-288
setting mass_spectrometer to Jan
no attribute chron_dosages
no attribute production_ratios
no attribute interference_corrections
no attribute production_name
no attribute j
Reference Isotope=Ar40
Reference Detector=H1
%%%%%%%%%%%%%%%%%%%% Comment: Q:10 %%%%%%%%%%%%%%%%%%%
adding isotope PM41 H2
add baseline dbdet= PM41. original det= H2
get baseline data PM41 H2
Get data baseline <pychron.processing.isotope.Baseline object at 0x1aabb9190> len t=60
baseline PM41. v=-0.187918276635, e=0.00745421954656
get signal data PM41 H2
Get data signal PM41 0.05+/-0.06 len t=120
adding isotope Ar40 H1
add baseline dbdet= Ar40. original det= H1
get baseline data Ar40 H1
Get data baseline <pychron.processing.isotope.Baseline object at 0x1aabb9110> len t=60
baseline Ar40. v=-0.0166286818745, e=0.00494000232416
get signal data Ar40 H1
Get data signal Ar40 773.32+/-0.05 len t=120
adding isotope Ar39 AX
add baseline dbdet= Ar39. original det= AX
get baseline data Ar39 AX
Get data baseline <pychron.processing.isotope.Baseline object at 0x1aabb9290> len t=60
baseline Ar39. v=-0.0675138167139, e=0.00811945684264
get signal data Ar39 AX
Get data signal Ar39 95.105+/-0.021 len t=120
adding isotope Ar38 L1
add baseline dbdet= Ar38. original det= L1
get baseline data Ar38 L1
Get data baseline <pychron.processing.isotope.Baseline object at 0x1132eecd0> len t=60
baseline Ar38. v=-0.0243108043491, e=0.00301200345581
get signal data Ar38 L1
Get data signal Ar38 1.233+/-0.005 len t=120
adding isotope Ar37 L2
add baseline dbdet= Ar37. original det= L2
get baseline data Ar37 L2
Get data baseline <pychron.processing.isotope.Baseline object at 0x1132ee6d0> len t=60
baseline Ar37. v=-0.0281643738724, e=0.00642264049135
get signal data Ar37 L2
Get data signal Ar37 0.265+/-0.011 len t=120
adding isotope Ar36 CDD
add baseline dbdet= Ar36. original det= CDD
get baseline data Ar36 CDD
Get data baseline <pychron.processing.isotope.Baseline object at 0x1132ee290> len t=60
baseline Ar36. v=0.000148865412858, e=2.09334687665e-05
get signal data Ar36 CDD
Get data signal Ar36 0.01191+/-0.00027 len t=120
25345-04 added analysis time 0.534710168839s
analysis added to mass spec database
mass spec save time= 0.554
persistence save - dvc
================= post measurement started
create new session 4982376208
close session 4982376208
---------------- Experiment Queue saving disabled
DVC saving peakcenter
Failed to find a valid peak. No peak greater than 1.0. max = 0.0210494183566
Smart pull ahead: 0 behind: 0
Up-to-date with origin
add to repo msg=modified - ad8224ebc6dbfeb9f5997218dfa5fe690569839d.json
add to repo msg=modified - 45-04.json
add to repo msg=modified - 45-04.dat.json
add to repo msg=modified - 45-04.blan.json
add to repo msg=modified - 45-04.inte.json
add to repo msg=modified - 45-04.icfa.json
add to repo msg=modified - 45-04.base.json
not at valid file /Users/jan/PychronDev/data/.dvc/repositories/Load1788/253/tags/45-04.tags.json
add to repo msg=modified - 45-04.peak.json
add to repo msg=modified - 45-04.extr.json
not at valid file /Users/jan/PychronDev/data/.dvc/repositories/Load1788/253/monitor/45-04.moni.json
commit message=<COLLECTION>
add to repo msg=modified - 45-04.inte.json
add to repo msg=modified - 45-04.base.json
commit message=<ISOEVO> default collection fits
add to repo msg=modified - 45-04.blan.json
commit message=<BLANKS> preceding bc-02-J-345
add to repo msg=modified - 45-04.icfa.json
commit message=<ICFactor> default
push repository <pychron.git_archive.repo_manager.GitRepoManager object at 0x1c412cbf0>
pushing to remote=origin, url=https://github.com
no changes to meta repo
create new session 4982376208
add association Load1788
get identifier "25345"
setting analysis irradiation position=<pychron.dvc.dvc_orm.IrradiationPositionTbl object at 0x139ebbfd0>
close session 4982376208
================= post measurement finished
02:32:02 -- ******* Post Run Check *******
loading queue conditionals post_run_actions
loading system conditionals post_run_actions
loading conditionals from /Users/jan/PychronDev/setupfiles/spectrometer/default_conditionals.yaml
loading queue conditionals post_run_terminations
loading system conditionals post_run_terminations
loading conditionals from /Users/jan/PychronDev/setupfiles/spectrometer/default_conditionals.yaml
Checking default post run terminations n=1
GetDeflection CDD ===>> 50
testing CDD==2000
evaluate ot="CDD.deflection==2000" t="CDD==2000", ctx="{'CDD': 50.0}"
02:32:02 -- ******* Post Run Check Passed *******
02:32:02 -- Automated run 25345-04 success duration: 366.596 s
----------------- finish -----------------
----------------- stop -----------------
retroactive repository identifiers disabled
finish run. runs completed=110
update duration runid=25345-04, duration=366.595641851, md5=301e91d8
loading script "jan_unknown120_60.py"
loading script "jan_pump_ms.py"
loading script "jan_co2.py"
loading script "jan_pump_extraction_line.py"
testing...
no interpolation path defined
executed snippet estimated_duration=213.652928, duration=0.000286102294922
script duration name:unknown120_60 seconds:214.0
loading script "jan_unknown120_60.py"
loading script "jan_pump_ms.py"
loading script "jan_co2.py"
loading script "jan_pump_extraction_line.py"
testing...
no interpolation path defined
executed snippet estimated_duration=0, duration=2.59876251221e-05
loading script "jan_unknown120_60.py"
loading script "jan_pump_ms.py"
loading script "jan_co2.py"
loading script "jan_pump_extraction_line.py"
testing...
no interpolation path defined
calculate duration
testing...
no interpolation path defined
executed snippet estimated_duration=0, duration=5.48362731934e-05
calculate duration
testing...
no interpolation path defined
executed snippet estimated_duration=0, duration=9.29832458496e-05
executed snippet estimated_duration=0.0, duration=0.00281000137329
script duration name:co2 seconds:0.0
loading script "jan_unknown120_60.py"
loading script "jan_pump_ms.py"
loading script "jan_co2.py"
loading script "jan_pump_extraction_line.py"
testing...
no interpolation path defined
calculate duration
testing...
no interpolation path defined
executed snippet estimated_duration=4.0, duration=0.000141143798828
executed snippet estimated_duration=4.0, duration=0.00143599510193
Script duration 214.0
Run total estimated duration= 215.000
unknown120_60 in script context. using previous estimated duration
script duration name:unknown120_60 seconds:214.0
pump_ms in script context. using previous estimated duration
co2 in script context. using previous estimated duration
script duration name:co2 seconds:0.0
pump_extraction_line in script context. using previous estimated duration
Script duration 214.0
Run total estimated duration= 215.000
script duration name:unknown120_60 seconds:214.0
script duration name:co2 seconds:0.0
Script duration 214.0
Run total estimated duration= 215.000
script duration name:unknown120_60 seconds:214.0
script duration name:co2 seconds:0.0
Script duration 214.0
Run total estimated duration= 215.000
script duration name:unknown120_60 seconds:214.0
script duration name:co2 seconds:0.0
Script duration 214.0
Run total estimated duration= 215.000
script duration name:unknown120_60 seconds:214.0
script duration name:co2 seconds:0.0
Script duration 214.0
Run total estimated duration= 215.000
script duration name:unknown120_60 seconds:214.0
script duration name:co2 seconds:0.0
Script duration 214.0
Run total estimated duration= 215.000
script duration name:unknown120_60 seconds:214.0
script duration name:co2 seconds:0.0
Script duration 214.0
Run total estimated duration= 215.000
loading script "jan_unknown400_120.py"
loading script "jan_pump_ms.py"
loading script "jan_co2.py"
loading script "jan_pump_extraction_line.py"
testing...
no interpolation path defined
executed snippet estimated_duration=556.052928, duration=0.000251054763794
script duration name:unknown400_120 seconds:556.0
script duration name:co2 seconds:0.0
Script duration 556.0
Run total estimated duration= 557.000
script duration name:unknown120_60 seconds:214.0
loading script "jan_unknown120_60.py"
loading script "jan_pump_ms.py"
loading script "jan_cocktail_x1.py"
loading script "jan_pump_extraction_line.py"
testing...
no interpolation path defined
calculate duration
testing...
no interpolation path defined
executed snippet estimated_duration=0, duration=4.2200088501e-05
calculate duration
testing...
no interpolation path defined
executed snippet estimated_duration=0, duration=9.20295715332e-05
calculate duration
testing...
no interpolation path defined
executed snippet estimated_duration=32.0, duration=9.20295715332e-05
calculate duration
testing...
no interpolation path defined
executed snippet estimated_duration=34.0, duration=0.000101089477539
calculate duration
testing...
no interpolation path defined
executed snippet estimated_duration=4.0, duration=6.19888305664e-05
calculate duration
testing...
no interpolation path defined
executed snippet estimated_duration=38.0, duration=0.000112056732178
executed snippet estimated_duration=108.0, duration=0.00706577301025
script duration name:cocktail_x1 seconds:108.0
Script duration 322.0
Run total estimated duration= 323.000
script duration name:unknown120_60 seconds:214.0
script duration name:co2 seconds:0.0
Script duration 214.0
Run total estimated duration= 215.000
script duration name:unknown120_60 seconds:214.0
script duration name:co2 seconds:0.0
Script duration 214.0
Run total estimated duration= 215.000
script duration name:unknown120_60 seconds:214.0
script duration name:co2 seconds:0.0
Script duration 214.0
Run total estimated duration= 215.000
script duration name:unknown120_60 seconds:214.0
script duration name:co2 seconds:0.0
Script duration 214.0
Run total estimated duration= 215.000
unknown400_120 in script context. using previous estimated duration
script duration name:unknown400_120 seconds:556.0
cocktail_x1 in script context. using previous estimated duration
script duration name:cocktail_x1 seconds:108.0
Script duration 664.0
Run total estimated duration= 665.000
script duration name:unknown120_60 seconds:214.0
script duration name:co2 seconds:0.0
Script duration 214.0
Run total estimated duration= 215.000
script duration name:unknown120_60 seconds:214.0
script duration name:co2 seconds:0.0
Script duration 214.0
Run total estimated duration= 215.000
script duration name:unknown120_60 seconds:214.0
script duration name:co2 seconds:0.0
Script duration 214.0
Run total estimated duration= 215.000
script duration name:unknown120_60 seconds:214.0
script duration name:co2 seconds:0.0
Script duration 214.0
Run total estimated duration= 215.000
script duration name:unknown120_60 seconds:214.0
script duration name:co2 seconds:0.0
Script duration 214.0
Run total estimated duration= 215.000
script duration name:unknown120_60 seconds:214.0
script duration name:co2 seconds:0.0
Script duration 214.0
Run total estimated duration= 215.000
script duration name:unknown400_120 seconds:556.0
script duration name:co2 seconds:0.0
Script duration 556.0
Run total estimated duration= 557.000
script duration name:unknown400_120 seconds:556.0
loading script "jan_unknown400_120.py"
loading script "jan_pump_ms.py"
loading script "jan_sniffair_x2.py"
loading script "jan_pump_extraction_line.py"
testing...
no interpolation path defined
calculate duration
testing...
no interpolation path defined
executed snippet estimated_duration=0, duration=4.6968460083e-05
calculate duration
testing...
no interpolation path defined
executed snippet estimated_duration=0, duration=9.89437103271e-05
calculate duration
testing...
no interpolation path defined
executed snippet estimated_duration=32.0, duration=8.60691070557e-05
calculate duration
testing...
no interpolation path defined
executed snippet estimated_duration=34.0, duration=0.000166893005371
calculate duration
testing...
no interpolation path defined
executed snippet estimated_duration=4.0, duration=6.103515625e-05
calculate duration
testing...
no interpolation path defined
executed snippet estimated_duration=36.0, duration=0.000102996826172
calculate duration
testing...
no interpolation path defined
executed snippet estimated_duration=34.0, duration=9.91821289062e-05
calculate duration
testing...
no interpolation path defined
executed snippet estimated_duration=4.0, duration=6.103515625e-05
calculate duration
testing...
no interpolation path defined
executed snippet estimated_duration=36.0, duration=0.000110149383545
calculate duration
testing...
no interpolation path defined
executed snippet estimated_duration=70.0, duration=9.3936920166e-05
executed snippet estimated_duration=250.0, duration=0.0143480300903
script duration name:sniffair_x2 seconds:250.0
Script duration 806.0
Run total estimated duration= 807.000
script duration name:unknown400_120 seconds:556.0
sniffair_x2 in script context. using previous estimated duration
script duration name:sniffair_x2 seconds:250.0
Script duration 806.0
Run total estimated duration= 807.000
loading script "jan_ic_peak_hop3.py"
loading script "jan_pump_ms.py"
loading script "jan_sniffair_x1.py"
loading script "jan_pump_extraction_line.py"
testing...
no interpolation path defined
executed snippet estimated_duration=133.8, duration=0.0076060295105
script duration name:ic_peak_hop3 seconds:134.0
loading script "jan_ic_peak_hop3.py"
loading script "jan_pump_ms.py"
loading script "jan_sniffair_x1.py"
loading script "jan_pump_extraction_line.py"
testing...
no interpolation path defined
calculate duration
testing...
no interpolation path defined
executed snippet estimated_duration=0, duration=4.91142272949e-05
calculate duration
testing...
no interpolation path defined
executed snippet estimated_duration=0, duration=0.000102043151855
calculate duration
testing...
no interpolation path defined
executed snippet estimated_duration=32.0, duration=0.000133037567139
calculate duration
testing...
no interpolation path defined
executed snippet estimated_duration=34.0, duration=0.0001220703125
calculate duration
testing...
no interpolation path defined
executed snippet estimated_duration=4.0, duration=6.69956207275e-05
calculate duration
testing...
no interpolation path defined
executed snippet estimated_duration=70.0, duration=0.000149011611938
executed snippet estimated_duration=140.0, duration=0.0110809803009
script duration name:sniffair_x1 seconds:140.0
Script duration 274.0
Run total estimated duration= 275.000
script duration name:unknown120_60 seconds:214.0
script duration name:co2 seconds:0.0
Script duration 214.0
Run total estimated duration= 215.000
script duration name:unknown120_60 seconds:214.0
script duration name:co2 seconds:0.0
Script duration 214.0
Run total estimated duration= 215.000
nruns=27 before=5.0, run_dur=8291.0, btw=1170.0
write rem/ex queues
/Users/jan/PychronDev/experiments/rem/CurrentExperiment.rem.txt
/Users/jan/PychronDev/experiments/rem/CurrentExperiment.ex.txt
doing event level: 3
