do run
loading script "jan_unknown120_60.py"
loading script "jan_pump_ms.py"
loading script "jan_co2.py"
loading script "jan_pump_extraction_line.py"
testing...
no interpolation path defined
executed snippet estimated_duration=213.652928, duration=0.000340938568115
script duration name:unknown120_60 seconds:214.0
loading script "jan_unknown120_60.py"
loading script "jan_pump_ms.py"
loading script "jan_co2.py"
loading script "jan_pump_extraction_line.py"
testing...
no interpolation path defined
executed snippet estimated_duration=0, duration=2.40802764893e-05
loading script "jan_unknown120_60.py"
loading script "jan_pump_ms.py"
loading script "jan_co2.py"
loading script "jan_pump_extraction_line.py"
testing...
no interpolation path defined
calculate duration
testing...
no interpolation path defined
executed snippet estimated_duration=0, duration=9.20295715332e-05
calculate duration
testing...
no interpolation path defined
executed snippet estimated_duration=0, duration=9.60826873779e-05
executed snippet estimated_duration=0.0, duration=0.00273299217224
script duration name:co2 seconds:0.0
loading script "jan_unknown120_60.py"
loading script "jan_pump_ms.py"
loading script "jan_co2.py"
loading script "jan_pump_extraction_line.py"
testing...
no interpolation path defined
calculate duration
testing...
no interpolation path defined
executed snippet estimated_duration=4.0, duration=0.000174999237061
executed snippet estimated_duration=4.0, duration=0.00159621238708
Script duration 214.0
Run total estimated duration= 215.000
run duration: 0:03:35
doing event level: 2
01:06:31 -- Setting default integration. t=1.048576
setting integration time = 1.048576
SetIntegrationTime 1.048576 ===>> OK
----------------- start -----------------
**************** Experiment Type: Ar/Ar, Ar/Ar
create new session 4419362736
close session 4419362736
$$$$$ Clearing conditionals
adding conditionals 
Add queue conditionals
add default conditionals
adding default conditionals from /Users/jan/PychronDev/setupfiles/spectrometer/default_conditionals.yaml
Start automated run 25345-02
loading script "jan_unknown120_60.py"
loading script "jan_pump_ms.py"
loading script "jan_co2.py"
loading script "jan_pump_extraction_line.py"
%%%%%%%%%%%%%%%%%% setting automated run 25345-02
No value "sensitivity_multiplier" in metadata
$$$$$$$$$$$$$$$ auto_save_detector_ic=False
============================= Pre Extraction Check =============================
loading queue conditionals pre_run_terminations
loading system conditionals pre_run_terminations
loading conditionals from /Users/jan/PychronDev/setupfiles/spectrometer/default_conditionals.yaml
01:06:31 -- ******* Pre Extraction Check *******
Get a measurement from the spectrometer
GetData ===>> H2,-0.178786431608762,H1,0.000307557722512186,AX,-0.061881682986182,L1,-0.034636439061106,L2,-0.0...
Pre Extraction Termination data. keys=H2,H1,AX,L1,L2,CDD, signals=-0.17879,0.00031,-0.06188,-0.03464,-0.01184,0.00268
01:06:31 -- testing system defined conditionals
Checking default pre extraction terminations n=2
testing CDD
evaluate ot="CDD.inactive" t="CDD", ctx="{'CDD': False}"
GetDeflection CDD ===>> 50
testing CDD==2000
evaluate ot="CDD.deflection==2000" t="CDD==2000", ctx="{'CDD': 50.0}"
01:06:31 -- ******* Pre Extraction Check Passed *******
=================================================================================
01:06:31 -- stopping status monitor
stop 4976433200
Alive clients [4982646160]
01:06:31 -- starting status monitor
start 4976433200
Monitor already running
start extraction
do extraction
Analysis started at 01:06:31.998288
Extraction Started jan_co2.py
01:06:31 -- ******* Extraction Started jan_co2.py *******
state changed from not run to extraction
DO EXTRACTION <pychron.extraction_line.pyscript_runner.RemotePyScriptRunner object at 0x12b9a8890>
testing...
no interpolation path defined
calculate duration
testing...
no interpolation path defined
executed snippet estimated_duration=0, duration=0.000137090682983
calculate duration
testing...
no interpolation path defined
executed snippet estimated_duration=0, duration=9.60826873779e-05
executed snippet estimated_duration=100.0, duration=0.00261902809143
Jan CO2 laser analysis
doing GOSUB
testing...
no interpolation path defined
executed snippet estimated_duration=0, duration=6.50882720947e-05
Waiting for CO2 access
wait ('FelixCO2Flag', 0) {}
waiting for FelixCO2Flag = 0
Read FelixCO2Flag ===>> 0
finished waiting
CO2 free
wait ('CO2PumpTimeFlag', 0) {}
waiting for CO2PumpTimeFlag = 0
Read CO2PumpTimeFlag ===>> 0
finished waiting
acquire ('JanCO2Flag',) {'clear': True}
acquire JanCO2Flag
Set JanCO2Flag 1 ===>> OK
JanCO2Flag acquired
set extraction state False (0.75, 'red', 1.5)
CO2 acquired
executed snippet estimated_duration=0, duration=0.0201399326324
WaitForCO2Access.py completed successfully
gosub finished
doing GOSUB
testing...
no interpolation path defined
executed snippet estimated_duration=0, duration=9.51290130615e-05
Prepare for CO2 analysis
close () {'description': 'Jan Inlet'}
closing name=--- desc=Jan Inlet
checking ownership. requestor=129.138.12.150
check software interlocks R
interlocks []
actuate state mode=None-script, software_lock=False
doing actuation None-script close_channel False
Close R ===>> OK
GetIndicatorState R ===>> False
change switch state (True, True)
update switch state R False args=() kw={} ncanvase=2
01:06:32 -- CLOSE  VALVE-R (Jan Inlet)
---------------------------------------- close None (Jan Inlet) result=[(True, True)]
action=close, ok=True, locked=[False]
open () {'description': 'Jan Ion Pump'}
opening name=--- desc=Jan Ion Pump
checking ownership. requestor=129.138.12.150
check software interlocks O
interlocks []
actuate state mode=None-script, software_lock=False
doing actuation None-script open_channel False
Open O ===>> OK
GetIndicatorState O ===>> OK
change switch state (True, True)
update switch state O True args=() kw={} ncanvase=2
01:06:32 -- OPEN   VALVE-O (Jan Ion Pump)
---------------------------------------- open None (Jan Ion Pump) result=[(True, True)], time=0.10 sec
action=open, ok=True, locked=[False]
close () {'description': 'Microbone to Minibone'}
closing name=--- desc=Microbone to Minibone
checking ownership. requestor=129.138.12.150
check software interlocks L
interlocks []
actuate state mode=None-script, software_lock=False
doing actuation None-script close_channel False
Close L ===>> OK
GetIndicatorState L ===>> False
change switch state (True, True)
update switch state L False args=() kw={} ncanvase=2
01:06:33 -- CLOSE  VALVE-L (Microbone to Minibone)
---------------------------------------- close None (Microbone to Minibone) result=[(True, True)]
action=close, ok=True, locked=[False]
open () {'description': 'Microbone to Turbo'}
opening name=--- desc=Microbone to Turbo
checking ownership. requestor=129.138.12.150
check software interlocks U
interlocks []
actuate state mode=None-script, software_lock=False
doing actuation None-script open_channel False
Open U ===>> OK
GetIndicatorState U ===>> OK
change switch state (True, True)
update switch state U True args=() kw={} ncanvase=2
01:06:33 -- OPEN   VALVE-U (Microbone to Turbo)
---------------------------------------- open None (Microbone to Turbo) result=[(True, True)], time=0.13 sec
action=open, ok=True, locked=[False]
open () {'description': 'Microbone to Inlet Pipette'}
opening name=--- desc=Microbone to Inlet Pipette
checking ownership. requestor=129.138.12.150
check software interlocks S
interlocks []
actuate state mode=None-script, software_lock=False
doing actuation None-script open_channel False
Open S ===>> OK
GetIndicatorState S ===>> OK
change switch state (True, True)
update switch state S True args=() kw={} ncanvase=2
01:06:34 -- OPEN   VALVE-S (Microbone to Inlet Pipette)
---------------------------------------- open None (Microbone to Inlet Pipette) result=[(True, True)], time=0.41 sec
action=open, ok=True, locked=[False]
open () {'description': 'Microbone to Getter D-50'}
opening name=--- desc=Microbone to Getter D-50
checking ownership. requestor=129.138.12.150
check software interlocks K
interlocks []
actuate state mode=None-script, software_lock=False
doing actuation None-script open_channel False
Open K ===>> OK
GetIndicatorState K ===>> OK
change switch state (True, True)
update switch state K True args=() kw={} ncanvase=2
01:06:35 -- OPEN   VALVE-K (Microbone to Getter D-50)
---------------------------------------- open None (Microbone to Getter D-50) result=[(True, True)], time=0.42 sec
action=open, ok=True, locked=[False]
open () {'description': 'Microbone to Getter NP-10'}
opening name=--- desc=Microbone to Getter NP-10
checking ownership. requestor=129.138.12.150
check software interlocks M
interlocks []
actuate state mode=None-script, software_lock=False
doing actuation None-script open_channel False
Open M ===>> OK
GetIndicatorState M ===>> OK
change switch state (True, True)
update switch state M True args=() kw={} ncanvase=2
01:06:35 -- OPEN   VALVE-M (Microbone to Getter NP-10)
---------------------------------------- open None (Microbone to Getter NP-10) result=[(True, True)], time=0.16 sec
action=open, ok=True, locked=[False]
close () {'description': 'CO2 Laser to Felix'}
closing name=--- desc=CO2 Laser to Felix
checking ownership. requestor=129.138.12.150
check software interlocks F
interlocks []
actuate state mode=None-script, software_lock=True
VALVE-F(CO2 Laser to Felix) software locked
change switch state (True, False)
---------------------------------------- close None (CO2 Laser to Felix) result=[(True, False)]
action=close, ok=True, locked=[True]
open () {'description': 'CO2 Laser to Jan'}
opening name=--- desc=CO2 Laser to Jan
checking ownership. requestor=129.138.12.150
check software interlocks A
interlocks []
actuate state mode=None-script, software_lock=False
doing actuation None-script open_channel False
Open A ===>> OK
GetIndicatorState A ===>> OK
change switch state (True, True)
update switch state A True args=() kw={} ncanvase=2
01:06:36 -- OPEN   VALVE-A (CO2 Laser to Jan)
---------------------------------------- open None (CO2 Laser to Jan) result=[(True, True)], time=0.13 sec
action=open, ok=True, locked=[False]
open () {'description': 'Microbone to CO2 Laser'}
opening name=--- desc=Microbone to CO2 Laser
checking ownership. requestor=129.138.12.150
check software interlocks T
interlocks []
actuate state mode=None-script, software_lock=False
doing actuation None-script open_channel False
Open T ===>> OK
GetIndicatorState T ===>> OK
change switch state (True, True)
update switch state T True args=() kw={} ncanvase=2
01:06:36 -- OPEN   VALVE-T (Microbone to CO2 Laser)
---------------------------------------- open None (Microbone to CO2 Laser) result=[(True, True)], time=0.43 sec
action=open, ok=True, locked=[False]
executed snippet estimated_duration=0, duration=4.93169903755
PrepareForCO2Analysis.py completed successfully
gosub finished
set_motor ('beam', '1.25') {}
setting motor "beam" to 1.25
set motor beam to 1.25
SetMotor beam,1.25 ===>> OK
GetMotorMoving beam ===>> False
GetMotorMoving beam ===>> False
Block completed
move_to_position ('200',) {'autocenter': True}
FusionsCO2 move to position 200
sending GoToHole 200,True
GoToHole 200,True ===>> OK
GetDriveMoving ===>> OK
GetDriveMoving ===>> OK
GetDriveMoving ===>> OK
GetDriveMoving ===>> OK
GetDriveMoving ===>> OK
GetDriveMoving ===>> OK
GetDriveMoving ===>> False
GetDriveMoving ===>> False
Block completed
GetAutoCorrecting ===>> OK
GetAutoCorrecting ===>> OK
GetAutoCorrecting ===>> OK
GetAutoCorrecting ===>> False
GetAutoCorrecting ===>> False
Block completed
update position
GetPosition ===>> -3.98780,-11.96340,1.00000
got position (-3.9878, -11.9634, 1.0)
move to position succeeded
sleep (5,) {}
SLEEP 5.0
block started
WaitControl setup for 5.0  
Join finished
block finished. duration 5.02823400497
close () {'description': 'Microbone to Turbo'}
closing name=--- desc=Microbone to Turbo
checking ownership. requestor=129.138.12.150
check software interlocks U
interlocks []
actuate state mode=None-script, software_lock=False
doing actuation None-script close_channel True
Close U ===>> OK
GetIndicatorState U ===>> False
change switch state (True, True)
update switch state U False args=() kw={} ncanvase=2
01:06:48 -- CLOSE  VALVE-U (Microbone to Turbo)
---------------------------------------- close None (Microbone to Turbo) result=[(True, True)]
action=close, ok=True, locked=[False]
enable laser
enable () {}
set extraction state FusionsCO2 Enabled (False, 'red', 1.5)
enabling laser
Enable ===>> OK
begin interval
BEGIN INTERVAL Interval 1 waiting for 30.0
block started
set extract to 5.0
WaitControl setup for 30.0  
extract (5.0,) {}
GetPosition ===>> -3.98780,-11.96340,1.00000
set extraction state FusionsCO2 ON! 5.0(watts) (0.75, 'red', 1.5)
extract sample to 5.0 (watts)
set laser output
SetLaserOutput 5.0,watts ===>> OK
executing pattern triangle.lp
execute_pattern ('triangle.lp',) {}
executing pattern triangle.lp
IsPatterning ===>> OK
IsPatterning ===>> OK
IsPatterning ===>> OK
IsPatterning ===>> OK
IsPatterning ===>> OK
IsPatterning ===>> OK
IsPatterning ===>> OK
IsPatterning ===>> OK
IsPatterning ===>> OK
IsPatterning ===>> OK
IsPatterning ===>> OK
IsPatterning ===>> OK
IsPatterning ===>> OK
IsPatterning ===>> OK
IsPatterning ===>> OK
IsPatterning ===>> OK
IsPatterning ===>> OK
IsPatterning ===>> OK
IsPatterning ===>> OK
IsPatterning ===>> OK
IsPatterning ===>> OK
IsPatterning ===>> OK
IsPatterning ===>> OK
IsPatterning ===>> OK
IsPatterning ===>> OK
IsPatterning ===>> OK
IsPatterning ===>> False
IsPatterning ===>> False
Block completed
COMPLETE INTERVAL waiting for Interval 1 to complete
Join finished
block finished. duration 30.0885782242
Interval 1 finished
end_extract () {}
ending extraction. set laser power to 0
set laser power 0
SetLaserPower 0 ===>> OK
disable () {}
%%%%%%%%%%%%%%%%%%%%%%%%%%%%%%%%%%% disable
set extraction state False (0.75, 'red', 1.5)
disabling laser
Disable ===>> OK
sleep (30.0,) {}
SLEEP 30.0
block started
WaitControl setup for 30.0  
Join finished
block finished. duration 30.1039459705
executed snippet estimated_duration=166.5, duration=77.608109951
jan_co2.py completed successfully
GetAchievedOutput ===>> No Response
Requested Output= 0.000
Achieved Output=  0.000
GetResponseBlob ===>> No Response
GetOutputBlob ===>> No Response
persistence save...
persistence save - db
AutomatedRunPersister post_extraction_save deprecated
persistence save - dvc
no extraction position for 200
create new session 4982376208
close session 4982376208
Extraction Finished
01:07:49 -- ******* Extraction Finished *******
no overlap. not waiting for min ms pumptime
01:07:49 -- Sending spectrometer configuration
======== Sending configuration ========
SetDeflection CDD,50.0 ===>> OK
SetDeflection H2,0.0 ===>> OK
SetDeflection H1,0.0 ===>> OK
SetDeflection L2,825.0 ===>> OK
SetDeflection L1,400.0 ===>> OK
SetDeflection AX,190.0 ===>> OK
SetZFocus 74.64 ===>> OK
SetZSymmetry -50.72 ===>> OK
SetExtractionLens 26.13 ===>> OK
SetIonRepeller -3.81 ===>> OK
SetElectronEnergy 75.08 ===>> OK
SetYSymmetry -2.81 ===>> OK
SetIonCounterVoltage 1590.0 ===>> OK
send trap current 200.0
GetParameter Trap Current Readback ===>> 198.258926936459
SetParameter Trap Current Set,200.0 ===>> OK
updating mftable name mftable
Using mftable located at /Users/jan/PychronDev/setupfiles/spectrometer/mftables/mftable.csv
============ MFtable ===========
Isotope  H2     H1     AX     L1     L2     CDD    
Ar40     5.8013 5.8795 5.9929 6.1412 6.2313 6.3694
Ar39     5.7005 5.7717 5.8853 6.0273 6.1164 6.2559
Ar36     5.3780 5.4407 5.5487 5.6861 5.7714 5.9070
================================
get initial guess parabolic
get initial guess parabolic
get initial guess parabolic
get initial guess parabolic
get initial guess parabolic
get initial guess parabolic
======== Configuration Finished ========
GetYSymmetry ===>> -2.81
GetZSymmetry ===>> -50.72
GetParameter Trap Current Readback ===>> 197.587621314778
GetHighVoltage ===>> 4500
start measurement
do measurement
L#=25345 analysis type=unknown
Measurement Started jan_unknown120_60.py
01:07:49 -- ******* Measurement Started jan_unknown120_60.py *******
state changed from extraction to measurement
setting spec, defl, and gains
GetExtractionLens ===>> 26.13
GetYSymmetry ===>> -2.81
GetZSymmetry ===>> -50.72
GetZFocus ===>> 74.64
GetDeflection H2 ===>> 0
GetDeflection H1 ===>> 0
GetDeflection AX ===>> 190
GetDeflection L1 ===>> 400
GetDeflection L2 ===>> 825
GetDeflection CDD ===>> 50
GetGain H2 ===>> 0.0113
GetGain H1 ===>> 0.1
GetGain AX ===>> 0.097049
GetGain L1 ===>> 0.010355
GetGain L2 ===>> 0.095649
GetGain CDD ===>> 0
pre measurement save
New frame /Users/jan/PychronDev/data/isotopes/55/432ebd-9819-4eb2-8b3c-ef0d463f4eea.h5
flush and close file /Users/jan/PychronDev/data/isotopes/55/432ebd-9819-4eb2-8b3c-ef0d463f4eea.h5
testing...
no interpolation path defined
executed snippet estimated_duration=226.132928, duration=0.00022292137146
unknown measurement script
activate_detectors ('H2', 'H1', 'AX', 'L1', 'L2', 'CDD') {}
activate detectors
*************** Set Analysis View Ar/Ar
create graphs
clearing graphs
clear isotope group
setting isotope det=H2, iso=PM41
setting isotope det=H1, iso=Ar40
setting isotope det=AX, iso=Ar39
setting isotope det=L1, iso=Ar38
setting isotope det=L2, iso=Ar37
setting isotope det=CDD, iso=Ar36
setting previous blanks
 - setting Ar40 blank 0.778+/-0.008
 - setting Ar36 blank 0.00669+/-0.00021
 - setting Ar37 blank 0.059+/-0.005
 - setting Ar38 blank 0.0183+/-0.0023
 - setting PM41 blank 0.04+/-0.06
 - setting Ar39 blank 0.038+/-0.010
load analysis view
position_magnet ('Ar40',) {'detector': 'H1'}
detector Detector(H1)
POSITION Ar40 H1
setting detector H2 to PM41 (40.9624)
setting detector H1 to Ar40 (39.9624)
setting detector AX to Ar39 (38.9624)
setting detector L1 to Ar38 (37.9624)
setting detector L2 to Ar37 (36.9624)
setting detector CDD to Ar36 (35.9624)
Mapping mass to dac mass func: "parabolic"
H1 map mass coeffs = [-0.00063987  0.15840543  0.57106999]
H1 map mass to dac 39.9624 >> 5.87946
GetDeflection H1 ===>> 0
GetHighVoltage ===>> 4500
positioning Ar40 (5.87946) on H1
setting magnet DAC
current  : 5.879460
requested: 5.879460
Delta Dac: 0.000000
Checking detector protection. dv=0.00000
Checking detector "CDD". Protection Threshold: 0.1 (V)
SetMagnetDAC 5.87946 ===>> OK
Magnet settling time: 0.500
equilibrate () {'delay': 3, 'inlet': 'R', 'outlet': 'O', 'eqtime': 12.0}
Equilibration Started
01:07:51 -- ******* Equilibration Started *******
checking ownership. requestor=129.138.12.150
check software interlocks O
interlocks []
actuate state mode=None-script, software_lock=False
doing actuation None-script close_channel True
Close O ===>> OK
GetIndicatorState O ===>> False
change switch state (True, True)
update switch state O False args=() kw={} ncanvase=2
01:07:51 -- CLOSE  VALVE-O (Jan Ion Pump)
waiting 3s before opening inlet value ('R',)
update labels <pychron.experiment.plot_panel.PlotPanel object at 0x1b103fad0>
update labels "<pychron.graph.stacked_regression_graph.StackedRegressionGraph object at 0x1a2d066b0>"
setting label 0 H2 PM41
setting label 1 H1 Ar40
setting label 2 AX Ar39
setting label 3 L1 Ar38
setting label 4 L2 Ar37
setting label 5 CDD Ar36
update labels "<pychron.graph.stacked_graph.StackedGraph object at 0x19f8d5950>"
setting label 0 H2 PM41
setting label 1 H1 Ar40
setting label 2 AX Ar39
setting label 3 L1 Ar38
setting label 4 L2 Ar37
setting label 5 CDD Ar36
checking ownership. requestor=129.138.12.150
check software interlocks R
interlocks []
actuate state mode=None-script, software_lock=False
doing actuation None-script open_channel True
Open R ===>> OK
set states for children of R. state=True
handle state [('R', True)]
update switch state R True args=() kw={'refresh': False} ncanvase=2
refresh_canvas_needed fired
GetIndicatorState R ===>> OK
change switch state (True, True)
update switch state R True args=() kw={} ncanvase=2
01:07:55 -- OPEN   VALVE-R (Jan Inlet)
equilibrating for 12.0sec
set_time_zero () {}
sniff (12.0,) {}
py_sniff
build tables- sniff [Detector(H2), Detector(H1), Detector(AX), Detector(L1), Detector(L2), Detector(CDD)]
add group /sniff/PM41 (Group) '' table H2
add group /sniff/Ar40 (Group) '' table H1
add group /sniff/Ar39 (Group) '' table AX
add group /sniff/Ar38 (Group) '' table L1
add group /sniff/Ar37 (Group) '' table L2
add group /sniff/Ar36 (Group) '' table CDD
flush and close file /Users/jan/PychronDev/data/isotopes/55/432ebd-9819-4eb2-8b3c-ef0d463f4eea.h5
measuring sniff. ncounts=12.0
"sniff" increment series count="1" fit count="0" regressing="False"
starting measurement
GetData ===>> H2,-0.140624191364071,H1,0.126781871641346,AX,0.0480626998279396,L1,-0.0293687927413192,L2,-0.063...
GetData ===>> H2,0.589802130171541,H1,450.945458843337,AX,60.2021474544886,L1,0.265164720222344,L2,0.4737555334...
GetData ===>> H2,0.693175467980529,H1,1129.53435352109,AX,145.125087654659,L1,1.02771158338391,L2,0.40785374784...
GetData ===>> H2,0.281008246649575,H1,1358.8984120082,AX,170.004716836155,L1,1.58846630338141,L2,0.352677820239...
GetData ===>> H2,0.149553126625499,H1,1436.908719436,AX,177.658882500572,L1,1.89622807233904,L2,0.3529290151529...
GetData ===>> H2,0.0927420277986185,H1,1467.47918560459,AX,180.790256797023,L1,2.0826316456859,L2,0.39150666665...
GetData ===>> H2,0.119730485025759,H1,1479.7657397995,AX,181.799193293339,L1,2.207153863498,L2,0.42104996635988...
GetData ===>> H2,0.110444255549481,H1,1484.89591314175,AX,182.513420641521,L1,2.25074208911146,L2,0.32134071170...
GetData ===>> H2,0.0576034248129153,H1,1487.06589963407,AX,182.812377783553,L1,2.25355373958712,L2,0.3874288985...
GetData ===>> H2,-0.0226920368640792,H1,1488.53708777251,AX,182.681319107536,L1,2.2792190974837,L2,0.3771038973...
GetData ===>> H2,-0.163819025300884,H1,1488.91734273003,AX,182.438444449556,L1,2.30335530497124,L2,0.3294679682...
Equilibration Finished
01:08:07 -- ******* Equilibration Finished *******
checking ownership. requestor=129.138.12.150
check software interlocks R
interlocks []
actuate state mode=None-script, software_lock=False
doing actuation None-script close_channel True
GetData ===>> H2,-0.242984399435754,H1,1488.68926504529,AX,182.717506297436,L1,2.33666025437039,L2,0.3687099429...
Close R ===>> OK
GetIndicatorState R ===>> False
change switch state (True, True)
update switch state R False args=() kw={} ncanvase=2
01:08:08 -- CLOSE  VALVE-R (Jan Inlet)
Post Equilibration Started jan_pump_extraction_line.py
01:08:08 -- ******* Post Equilibration Started jan_pump_extraction_line.py *******
testing...
no interpolation path defined
calculate duration
testing...
no interpolation path defined
executed snippet estimated_duration=4.0, duration=0.000150203704834
executed snippet estimated_duration=4.0, duration=0.00117993354797
Pump after analysis
doing GOSUB
testing...
no interpolation path defined
executed snippet estimated_duration=4.0, duration=0.000143051147461
Pump Microbone
close () {'description': 'Jan Inlet'}
closing name=--- desc=Jan Inlet
checking ownership. requestor=129.138.12.150
check software interlocks R
interlocks []
actuate state mode=None-script, software_lock=False
doing actuation None-script close_channel False
Close R ===>> OK
measurement finished
estimated time: 12.583 actual time: :12.690
flush and close file /Users/jan/PychronDev/data/isotopes/55/432ebd-9819-4eb2-8b3c-ef0d463f4eea.h5
set_fits () {}
using default fits file=/Users/jan/PychronDev/scripts/measurement/fits/nominal_linear.yaml
set "Ar40" to "('Linear', 'SEM')"
No fit for "PM41". defaulting to linear. check the measurement script "jan_unknown120_60.py"
set "PM41" to "linear"
set "Ar36" to "('Linear', 'SEM')"
set "Ar37" to "('linear', 'SEM')"
set "Ar38" to "('linear', 'SEM')"
set "Ar39" to "('Linear', 'SEM')"
set_baseline_fits () {}
using default fits file=/Users/jan/PychronDev/scripts/measurement/fits/nominal_linear.yaml
set "H1" to "('average', 'SEM')"
set "H2" to "('average', 'SEM')"
set "CDD" to "('average', 'SEM')"
set "L2" to "('average', 'SEM')"
set "L1" to "('average', 'SEM')"
set "AX" to "('average', 'SEM')"
multicollect () {'integration_time': 1, 'ncounts': 120}
build tables- signal [Detector(H2), Detector(H1), Detector(AX), Detector(L1), Detector(L2), Detector(CDD)]
add group /signal/PM41 (Group) '' table H2
GetIndicatorState R ===>> False
add group /signal/Ar40 (Group) '' table H1
change switch state (True, True)
add group /signal/Ar39 (Group) '' table AX
update switch state R False args=() kw={} ncanvase=2
add group /signal/Ar38 (Group) '' table L1
add group /signal/Ar37 (Group) '' table L2
add group /signal/Ar36 (Group) '' table CDD
flush and close file /Users/jan/PychronDev/data/isotopes/55/432ebd-9819-4eb2-8b3c-ef0d463f4eea.h5
01:08:08 -- CLOSE  VALVE-R (Jan Inlet)
measuring signal. ncounts=120
---------------------------------------- close None (Jan Inlet) result=[(True, True)]
action=close, ok=True, locked=[False]
is_closed ('F',) {}
is F () closed?
is closed True
open () {'description': 'CO2 Laser to Jan'}
opening name=--- desc=CO2 Laser to Jan
checking ownership. requestor=129.138.12.150
check software interlocks A
interlocks []
actuate state mode=None-script, software_lock=False
doing actuation None-script open_channel False
Open A ===>> OK
GetIndicatorState A ===>> OK
change switch state (True, True)
update switch state A True args=() kw={} ncanvase=2
01:08:08 -- OPEN   VALVE-A (CO2 Laser to Jan)
---------------------------------------- open None (CO2 Laser to Jan) result=[(True, True)], time=0.12 sec
starting measurement
GetData ===>> H2,0.0583752642521572,H1,1488.91985966916,AX,182.849944698228,L1,2.32105160336372,L2,0.3894163604...
"signal" increment series count="2" fit count="1" regressing="True"
action=open, ok=True, locked=[False]
sleep (1,) {}
SLEEP 1.0
GetData ===>> H2,-0.00555727073906633,H1,1488.63933837025,AX,182.750438397944,L1,2.37091506598884,L2,0.29911983...
close () {'description': 'CO2 Laser to Roughing'}
closing name=--- desc=CO2 Laser to Roughing
checking ownership. requestor=129.138.12.150
check software interlocks G
interlocks []
actuate state mode=None-script, software_lock=True
VALVE-G(CO2 Laser to Roughing) software locked
change switch state (True, False)
---------------------------------------- close None (CO2 Laser to Roughing) result=[(True, False)]
action=close, ok=True, locked=[True]
open () {'description': 'Microbone to Turbo'}
opening name=--- desc=Microbone to Turbo
checking ownership. requestor=129.138.12.150
check software interlocks U
interlocks []
actuate state mode=None-script, software_lock=False
doing actuation None-script open_channel True
Open U ===>> OK
GetIndicatorState U ===>> OK
change switch state (True, True)
update switch state U True args=() kw={} ncanvase=2
01:08:10 -- OPEN   VALVE-U (Microbone to Turbo)
---------------------------------------- open None (Microbone to Turbo) result=[(True, True)], time=0.17 sec
action=open, ok=True, locked=[False]
open () {'description': 'Microbone to Getter NP-10'}
opening name=--- desc=Microbone to Getter NP-10
checking ownership. requestor=129.138.12.150
check software interlocks M
interlocks []
actuate state mode=None-script, software_lock=False
doing actuation None-script open_channel False
Open M ===>> OK
GetIndicatorState M ===>> OK
change switch state (True, True)
update switch state M True args=() kw={} ncanvase=2
01:08:10 -- OPEN   VALVE-M (Microbone to Getter NP-10)
---------------------------------------- open None (Microbone to Getter NP-10) result=[(True, True)], time=0.16 sec
action=open, ok=True, locked=[False]
open () {'description': 'Microbone to Getter D-50'}
opening name=--- desc=Microbone to Getter D-50
checking ownership. requestor=129.138.12.150
check software interlocks K
interlocks []
actuate state mode=None-script, software_lock=False
doing actuation None-script open_channel False
GetData ===>> H2,-0.11178510467899,H1,1487.99563483091,AX,182.612292568563,L1,2.38302986694406,L2,0.43881917356...
Open K ===>> OK
GetIndicatorState K ===>> OK
change switch state (True, True)
update switch state K True args=() kw={} ncanvase=2
01:08:11 -- OPEN   VALVE-K (Microbone to Getter D-50)
---------------------------------------- open None (Microbone to Getter D-50) result=[(True, True)], time=0.41 sec
action=open, ok=True, locked=[False]
open () {'description': 'Microbone to CO2 Laser'}
opening name=--- desc=Microbone to CO2 Laser
checking ownership. requestor=129.138.12.150
check software interlocks T
interlocks []
actuate state mode=None-script, software_lock=False
doing actuation None-script open_channel False
Open T ===>> OK
GetIndicatorState T ===>> OK
change switch state (True, True)
update switch state T True args=() kw={} ncanvase=2
01:08:12 -- OPEN   VALVE-T (Microbone to CO2 Laser)
---------------------------------------- open None (Microbone to CO2 Laser) result=[(True, True)], time=0.42 sec
GetData ===>> H2,0.00758515273671899,H1,1487.49078439942,AX,182.631828788616,L1,2.3088798369221,L2,0.4375963637...
action=open, ok=True, locked=[False]
open () {'description': 'Microbone to Inlet Pipette'}
opening name=--- desc=Microbone to Inlet Pipette
checking ownership. requestor=129.138.12.150
check software interlocks S
interlocks []
actuate state mode=None-script, software_lock=False
doing actuation None-script open_channel False
Open S ===>> OK
GetIndicatorState S ===>> OK
change switch state (True, True)
update switch state S True args=() kw={} ncanvase=2
01:08:12 -- OPEN   VALVE-S (Microbone to Inlet Pipette)
---------------------------------------- open None (Microbone to Inlet Pipette) result=[(True, True)], time=0.43 sec
action=open, ok=True, locked=[False]
sleep (1,) {}
SLEEP 1.0
GetData ===>> H2,-0.0181883144915248,H1,1487.01083316764,AX,182.292933570182,L1,2.31645939907307,L2,0.331020443...
set_resource () {'name': 'CO2PumpTimeFlag', 'value': 30}
Set CO2PumpTimeFlag 30 ===>> OK
release ('JanCO2Flag',) {}
release JanCO2Flag
Set JanCO2Flag 0 ===>> OK
executed snippet estimated_duration=6.0, duration=5.95779299736
PumpMicrobone.py completed successfully
gosub finished
get_resource_value () {'name': 'JanMiniboneFlag'}
Read JanMiniboneFlag ===>> 0
Get Resource Value JanMiniboneFlag=0.0
get resource value 0.0
get_resource_value () {'name': 'JanMiniboneFlag'}
Read JanMiniboneFlag ===>> 0
Get Resource Value JanMiniboneFlag=0.0
executed snippet estimated_duration=4.0, duration=5.97036504745
jan_pump_extraction_line.py completed successfully
Post Equilibration Finished
01:08:14 -- ******* Post Equilibration Finished *******
GetData ===>> H2,-0.179971300254008,H1,1486.9540165181,AX,182.455949711687,L1,2.32322596411802,L2,0.37709247647...
GetData ===>> H2,-0.166174668613267,H1,1485.4583562888,AX,182.143417180525,L1,2.3433258931707,L2,0.382894441316...
GetData ===>> H2,-0.150684791127226,H1,1484.59833770633,AX,182.165718603698,L1,2.36262747607138,L2,0.4087677130...
GetData ===>> H2,-0.161872043842682,H1,1484.40701780526,AX,182.232963975809,L1,2.33184726470245,L2,0.3970924625...
GetData ===>> H2,-0.0626400502375343,H1,1483.27696066324,AX,182.205254137843,L1,2.3336232174615,L2,0.4439043803...
GetData ===>> H2,-0.057519708038239,H1,1483.06778232903,AX,182.165179565362,L1,2.33101831497416,L2,0.4190047191...
set states for children of V. state=True
handle state [('V', True)]
update switch state V True args=() kw={'refresh': False} ncanvase=2
refresh_canvas_needed fired
GetData ===>> H2,-0.075341520123317,H1,1482.49402689392,AX,181.8840318198,L1,2.31417422343679,L2,0.320884144714...
GetData ===>> H2,-0.175463279780811,H1,1481.95064963116,AX,182.019134546645,L1,2.3331825514165,L2,0.21201754859...
GetData ===>> H2,-0.204641667507734,H1,1481.46739124241,AX,181.840194207623,L1,2.33893212631539,L2,0.3975950859...
GetData ===>> H2,-0.263437260858235,H1,1480.840494261,AX,181.565865185667,L1,2.35168293918818,L2,0.356548578599...
GetData ===>> H2,-0.197610800049558,H1,1479.94054893524,AX,181.791138103104,L1,2.3260981035293,L2,0.38862822407...
GetData ===>> H2,-0.149080448806291,H1,1479.33712597649,AX,181.984847688292,L1,2.31027243198744,L2,0.3367282916...
GetData ===>> H2,-0.0997711470041278,H1,1478.77305230847,AX,181.981817039028,L1,2.37554916078206,L2,0.324319864...
GetData ===>> H2,-0.0681524530047107,H1,1478.27404948433,AX,181.543131102657,L1,2.34163165893077,L2,0.430591221...
GetData ===>> H2,-0.160479787489294,H1,1477.7310078892,AX,181.51289051099,L1,2.31814062619209,L2,0.492979844520...
GetData ===>> H2,-0.261116196320554,H1,1477.5915879884,AX,181.477231242024,L1,2.32236821215452,L2,0.32492483818...
GetData ===>> H2,-0.200275359144939,H1,1477.12566680758,AX,181.624013263045,L1,2.32163495976048,L2,0.4618664892...
GetData ===>> H2,-0.0550387140872611,H1,1475.67506725189,AX,181.50849717494,L1,2.31232886566732,L2,0.3424935628...
GetData ===>> H2,-0.125310110029667,H1,1475.12886214208,AX,181.183832561051,L1,2.34948085719682,L2,0.2945096802...
01:08:34 -- collecting point 25
GetData ===>> H2,-0.109335974784638,H1,1474.83187206138,AX,181.223212510898,L1,2.30734430318014,L2,0.3804274212...
GetData ===>> H2,-0.107834584995735,H1,1474.64579176102,AX,180.970429113737,L1,2.32555466947346,L2,0.3504627663...
GetData ===>> H2,-0.141633761365569,H1,1473.7254452831,AX,181.132659916531,L1,2.38210406634671,L2,0.33681961992...
GetData ===>> H2,-0.212466877260953,H1,1472.84943513483,AX,181.130375948308,L1,2.33775396214784,L2,0.4472613147...
GetData ===>> H2,-0.142298649956704,H1,1472.68921948684,AX,180.839103910077,L1,2.29931292656621,L2,0.2945895573...
GetData ===>> H2,-0.248631227000031,H1,1471.74344411933,AX,180.838902498728,L1,2.32823327757931,L2,0.3831799801...
GetData ===>> H2,-0.129099416019602,H1,1471.15840188154,AX,180.947487248805,L1,2.3393391571847,L2,0.38818275854...
GetData ===>> H2,-0.0349770845170961,H1,1470.76778115777,AX,180.734264955636,L1,2.35216281707269,L2,0.480471610...
GetData ===>> H2,-0.0731427064756156,H1,1470.66062505416,AX,180.382897045748,L1,2.32335978468387,L2,0.420627202...
GetData ===>> H2,-0.0373230011759689,H1,1469.81254869668,AX,180.586443826085,L1,2.28262464619839,L2,0.493174049...
GetData ===>> H2,-0.0501239633987742,H1,1468.25569982388,AX,180.496206871669,L1,2.295465517945,L2,0.26705873405...
GetData ===>> H2,-0.163373490407124,H1,1467.87186526973,AX,180.462557728325,L1,2.31868771459446,L2,0.3766242229...
GetData ===>> H2,-0.138991389996713,H1,1467.74048985739,AX,180.279920429818,L1,2.29949335883525,L2,0.2550277721...
GetData ===>> H2,-0.0977401749910605,H1,1467.39182838519,AX,180.026292032853,L1,2.30222291789464,L2,0.485577514...
GetData ===>> H2,-0.0872418965734072,H1,1466.92599570297,AX,180.046096499712,L1,2.2856664753814,L2,0.3343994487...
GetData ===>> H2,-0.0855586628666064,H1,1466.01000938328,AX,180.174211378388,L1,2.27946346123058,L2,0.290972333...
GetData ===>> H2,-0.0136257352889481,H1,1465.60581437084,AX,180.169275874011,L1,2.28967407909608,L2,0.303878574...
GetData ===>> H2,-0.0156273534523523,H1,1465.23776181529,AX,179.998341601486,L1,2.31814597656086,L2,0.418970441...
GetData ===>> H2,-0.0979297477378892,H1,1464.76014608929,AX,179.745338109843,L1,2.3080144013924,L2,0.3183844789...
GetData ===>> H2,-0.0770262666473253,H1,1464.06482523437,AX,179.750894593092,L1,2.25478430898736,L2,0.317014826...
GetData ===>> H2,-0.0168379377414066,H1,1463.36429187476,AX,179.896802678269,L1,2.26911200948774,L2,0.507066411...
GetData ===>> H2,-0.0722587232697611,H1,1462.36544462051,AX,179.830206012691,L1,2.29667493720086,L2,0.375984660...
GetData ===>> H2,-0.0412765696893121,H1,1461.9149423287,AX,179.695649505652,L1,2.27001870007719,L2,0.4023815632...
GetData ===>> H2,-0.0946402119737634,H1,1461.31594974019,AX,179.562885634457,L1,2.23130869492117,L2,0.309219595...
GetData ===>> H2,-0.0718465358411229,H1,1461.26544790582,AX,179.434636153034,L1,2.22123479985355,L2,0.426614630...
01:09:00 -- collecting point 50
GetData ===>> H2,0.00414563676400579,H1,1460.75647319952,AX,179.615198449883,L1,2.25761315575375,L2,0.422501089...
GetData ===>> H2,-0.0324731545731429,H1,1460.11511894057,AX,179.372182206153,L1,2.27338037149646,L2,0.293379997...
GetData ===>> H2,-0.000813927832114491,H1,1459.41581453002,AX,179.285952617825,L1,2.25531288139768,L2,0.4308083...
GetData ===>> H2,0.00646573426473875,H1,1458.58748966774,AX,179.281384829072,L1,2.28221058307388,L2,0.271359547...
GetData ===>> H2,0.00385191830532949,H1,1457.97951905594,AX,179.21321498066,L1,2.32683432460144,L2,0.3424593126...
GetData ===>> H2,-0.030778208649618,H1,1457.63561330631,AX,179.26877385507,L1,2.31476041214962,L2,0.46233471384...
GetData ===>> H2,-0.0609927338155917,H1,1456.94973321217,AX,179.2422401133,L1,2.32525619348047,L2,0.33877178370...
GetData ===>> H2,-0.0118752205097754,H1,1456.63929581469,AX,179.014131952187,L1,2.30371630243944,L2,0.357679006...
GetData ===>> H2,-0.0695833065403097,H1,1455.35325286472,AX,178.934527125671,L1,2.30044501999666,L2,0.424660676...
GetData ===>> H2,0.00163567547041231,H1,1455.04304528293,AX,178.945324673088,L1,2.30981222776169,L2,0.331705367...
GetData ===>> H2,-0.0346308580023554,H1,1454.44534923326,AX,178.907680671666,L1,2.27619522800365,L2,0.327013738...
GetData ===>> H2,-0.0825883596017932,H1,1454.1494021603,AX,178.943899806345,L1,2.28355701205527,L2,0.3635825692...
GetData ===>> H2,-0.0837424409981186,H1,1453.6130077681,AX,178.585446499734,L1,2.27962904406486,L2,0.4587945359...
GetData ===>> H2,-0.117396210100629,H1,1452.99007466104,AX,178.450459293428,L1,2.29299724000173,L2,0.3550870349...
GetData ===>> H2,-0.0770804779988738,H1,1452.62448806528,AX,178.401387070429,L1,2.31565849120411,L2,0.348795800...
GetData ===>> H2,-0.11664253973013,H1,1451.80132859089,AX,178.451815800096,L1,2.32207918724685,L2,0.42331235766...
GetData ===>> H2,-0.273560445593243,H1,1451.25427246325,AX,178.329791912086,L1,2.30657527768933,L2,0.4134290713...
GetData ===>> H2,-0.231516694029301,H1,1450.69922965744,AX,178.361396197172,L1,2.26897848246212,L2,0.2731278419...
GetData ===>> H2,-0.222480994091844,H1,1449.93309168763,AX,178.369375903489,L1,2.24410075149409,L2,0.3733693533...
GetData ===>> H2,-0.139237406565598,H1,1449.98541519659,AX,178.139280703302,L1,2.23776054477094,L2,0.3938825891...
GetData ===>> H2,-0.0480648910171508,H1,1449.5008129306,AX,178.059586038884,L1,2.26774209779039,L2,0.2672982968...
GetData ===>> H2,-0.0984605346054782,H1,1448.78167907402,AX,178.177577565382,L1,2.240698242745,L2,0.35721084790...
GetData ===>> H2,-0.109998063641163,H1,1448.09119366051,AX,178.319791671476,L1,2.28360109430903,L2,0.3260663078...
GetData ===>> H2,0.0135540633319513,H1,1448.02360493366,AX,178.110727851372,L1,2.25167878269372,L2,0.3742030462...
GetData ===>> H2,-0.076761982608443,H1,1446.81035961125,AX,177.998465324396,L1,2.25595227379362,L2,0.4371049585...
01:09:26 -- collecting point 75
GetData ===>> H2,-0.138608837150604,H1,1446.6488936277,AX,178.05394397037,L1,2.26711461132865,L2,0.441333410977...
GetData ===>> H2,-0.0312603703627969,H1,1446.01719979642,AX,177.830179152319,L1,2.2366331343515,L2,0.2201889177...
GetData ===>> H2,-0.0856141878240489,H1,1445.70305371159,AX,177.722837870545,L1,2.2633864644583,L2,0.3696806347...
set states for children of D. state=False
handle state [('D', False)]
update switch state D False args=() kw={'refresh': False} ncanvase=2
refresh_canvas_needed fired
GetData ===>> H2,-0.0971511252057561,H1,1444.67432299017,AX,177.685620362791,L1,2.28416616400238,L2,0.397389466...
GetData ===>> H2,-0.0899202525542363,H1,1444.09291387429,AX,177.485688060844,L1,2.29218707864523,L2,0.439276302...
set states for children of B. state=False
handle state [('B', False)]
update switch state B False args=() kw={'refresh': False} ncanvase=2
refresh_canvas_needed fired
GetData ===>> H2,-0.0595784275475351,H1,1443.33038126801,AX,177.377158680359,L1,2.25395813088114,L2,0.473161617...
GetData ===>> H2,-0.0797067085045605,H1,1443.17610852824,AX,177.472315273435,L1,2.22649048198425,L2,0.520972214...
GetData ===>> H2,-0.0659082167538043,H1,1441.97519789755,AX,177.251662774516,L1,2.23183529212652,L2,0.362954513...
GetData ===>> H2,-0.0796945137890924,H1,1441.25523226968,AX,177.355028363893,L1,2.25201638520535,L2,0.295456798...
GetData ===>> H2,-0.125900962712944,H1,1441.67241922768,AX,177.432247019806,L1,2.27806545206217,L2,0.2460428836...
GetData ===>> H2,-0.145398246117523,H1,1440.66014506773,AX,177.149503631789,L1,2.24904770012125,L2,0.3917922311...
GetData ===>> H2,-0.0636608600183937,H1,1439.81794455034,AX,177.141814312508,L1,2.24780575580374,L2,0.353203046...
GetData ===>> H2,-0.111469685294728,H1,1439.42086509096,AX,177.111680564751,L1,2.22353260790268,L2,0.3601454411...
GetData ===>> H2,-0.118643647891748,H1,1438.89198137807,AX,177.164041081297,L1,2.26289667843961,L2,0.4310940202...
GetData ===>> H2,-0.158706472339759,H1,1438.32839989934,AX,177.077187851228,L1,2.24198472807403,L2,0.3689497599...
GetData ===>> H2,-0.143008091749742,H1,1437.51093088487,AX,177.114782342676,L1,2.20927369162044,L2,0.2643209165...
GetData ===>> H2,-0.156110151853608,H1,1437.58052796822,AX,177.052070018377,L1,2.28184728866933,L2,0.2895232004...
GetData ===>> H2,-0.198008635920936,H1,1436.91174410498,AX,176.714442826425,L1,2.26678886625716,L2,0.3076332357...
GetData ===>> H2,-0.120787784119423,H1,1436.55401516517,AX,176.819701201933,L1,2.24991087254681,L2,0.3059213656...
GetData ===>> H2,0.0251431628965062,H1,1436.08601078813,AX,176.683618177138,L1,2.25398348923769,L2,0.3357351016...
GetData ===>> H2,-0.0366469705637833,H1,1435.04258649261,AX,176.631832632731,L1,2.2349167159453,L2,0.4188676091...
GetData ===>> H2,-0.14979216739733,H1,1434.78959745497,AX,176.648219293655,L1,2.21545704479322,L2,0.29236443516...
GetData ===>> H2,-0.0702898512584888,H1,1434.0876174081,AX,176.657267491171,L1,2.20669985712625,L2,0.4056374183...
GetData ===>> H2,-0.114848142876679,H1,1433.82843231881,AX,176.567994902167,L1,2.26192117390821,L2,0.4718481619...
GetData ===>> H2,-0.0355038717407881,H1,1433.41352952431,AX,176.297126691327,L1,2.24997091019873,L2,0.334193965...
01:09:53 -- collecting point 100
GetData ===>> H2,-0.0769259749658004,H1,1432.84376902287,AX,176.381864561329,L1,2.26246563107793,L2,0.326899589...
GetData ===>> H2,-0.157856857481683,H1,1431.68226072483,AX,176.353739588884,L1,2.2580253409859,L2,0.29695166658...
GetData ===>> H2,-0.160138111634984,H1,1431.41052283891,AX,176.351948756258,L1,2.2461291494565,L2,0.40271285575...
GetData ===>> H2,-0.251436772281996,H1,1430.8099777064,AX,176.290672901312,L1,2.2520350670645,L2,0.241545047701...
GetData ===>> H2,-0.174051117468194,H1,1430.10881017961,AX,175.992775111135,L1,2.25070606400022,L2,0.3354611200...
GetData ===>> H2,-0.191081168867905,H1,1429.89797490556,AX,175.887939853705,L1,2.23562352302481,L2,0.3964070713...
GetData ===>> H2,-0.170049277588571,H1,1428.73131539875,AX,175.862011856685,L1,2.24713481636264,L2,0.4526737626...
GetData ===>> H2,-0.153744307741217,H1,1428.80694720396,AX,175.874445358172,L1,2.25465216978321,L2,0.2739948887...
GetData ===>> H2,-0.105914657935529,H1,1428.23388999226,AX,175.707874161374,L1,2.24718016686675,L2,0.3666658122...
GetData ===>> H2,-0.141243188715957,H1,1427.34244654516,AX,175.841806436098,L1,2.24861413784705,L2,0.4477979784...
GetData ===>> H2,-0.0928169467713355,H1,1426.69197117845,AX,175.957591968623,L1,2.22512736443473,L2,0.274097565...
GetData ===>> H2,-0.0639251982243459,H1,1426.25313112015,AX,175.794448267181,L1,2.24954131453567,L2,0.407716653...
GetData ===>> H2,-0.0555080961263124,H1,1425.70490876069,AX,175.662159808965,L1,2.22994499005033,L2,0.340096081...
GetData ===>> H2,0.00513155258973768,H1,1424.94938218016,AX,175.344309535303,L1,2.19186670027082,L2,0.440384850...
GetData ===>> H2,0.0147966748029554,H1,1424.53307569216,AX,175.531532742275,L1,2.19386837083553,L2,0.3414203969...
GetData ===>> H2,-0.1123577106163,H1,1423.92374932334,AX,175.316257682418,L1,2.23544348302082,L2,0.370559975819...
GetData ===>> H2,-0.217745508607999,H1,1423.5088577295,AX,175.307106465057,L1,2.2349327186304,L2,0.421015688114...
GetData ===>> H2,-0.0984469944323201,H1,1423.14345379862,AX,175.421057683507,L1,2.20710460091736,L2,0.394225275...
GetData ===>> H2,-0.125215462577003,H1,1422.17904620978,AX,175.28521153411,L1,2.23535813173496,L2,0.32352084909...
GetData ===>> H2,0.0331107675212221,H1,1421.89259600197,AX,175.174343473634,L1,2.20539385954725,L2,0.3049170827...
GetData ===>> H2,-0.0641312422089607,H1,1421.68360400884,AX,175.140446203536,L1,2.19080878131979,L2,0.403329748...
measurement finished
estimated time: 125.829 actual time: :126.425
flush and close file /Users/jan/PychronDev/data/isotopes/55/432ebd-9819-4eb2-8b3c-ef0d463f4eea.h5
baselines () {'settling_time': 15.0, 'detector': 'H1', 'mass': 34.2, 'ncounts': 60}
%%%%%%%%%%%%%%%%%%%%%%%%%%%%%%%% Baseline
build tables- baseline [Detector(H2), Detector(H1), Detector(AX), Detector(L1), Detector(L2), Detector(CDD)]
add group baseline table H2
add group baseline table H1
add group baseline table AX
add group baseline table L1
add group baseline table L2
add group baseline table CDD
flush and close file /Users/jan/PychronDev/data/isotopes/55/432ebd-9819-4eb2-8b3c-ef0d463f4eea.h5
detector Detector(H1)
POSITION 34.2 H1
Mapping mass to dac mass func: "parabolic"
H1 map mass coeffs = [-0.00063987  0.15840543  0.57106999]
H1 map mass to dac 34.2 >> 5.24011599104
GetDeflection H1 ===>> 0
GetHighVoltage ===>> 4500
positioning 34.2 (5.24011599104) on H1
setting magnet DAC
current  : 5.879460
requested: 5.240116
Delta Dac: 0.639344
Checking detector protection. dv=0.63934
Checking detector "CDD". Protection Threshold: 0.1 (V)
ProtectDetector CDD,On ===>> OK
GetDeflection CDD ===>> 2000
Protected = 2000
SetMagnetDAC 5.24011599104 ===>> OK
Magnet settling time: 0.500
GetMagnetMoving ===>> True
GetMagnetMoving ===>> True
GetMagnetMoving ===>> True
GetMagnetMoving ===>> True
GetMagnetMoving ===>> True
GetMagnetMoving ===>> True
GetMagnetMoving ===>> True
GetMagnetMoving ===>> True
GetMagnetMoving ===>> False
ProtectDetector CDD,Off ===>> OK
GetDeflection CDD ===>> 50
Delaying 15.0s for detectors to settle
set states for children of C. state=False
set states for children of B. state=True
handle state [('C', False), ('B', True)]
update switch state C False args=() kw={'refresh': True} ncanvase=2
update switch state B True args=() kw={'refresh': False} ncanvase=2
refresh_canvas_needed fired
Join finished
measuring baseline. ncounts=60
"baseline" increment series count="2" fit count="1" regressing="True"
starting measurement
GetData ===>> H2,-0.179127870027856,H1,-0.0545132926386803,AX,-0.0709357123129954,L1,-0.0485340890106676,L2,0.1...
GetData ===>> H2,-0.139878105993664,H1,-0.0613444159319297,AX,-0.0999238059001082,L1,-0.0331436656734157,L2,0.0...
GetData ===>> H2,-0.211455347918706,H1,-0.0275061194101365,AX,-0.119321648193499,L1,-0.00762172831126863,L2,-0....
GetData ===>> H2,-0.0826723460024603,H1,-0.11675107678728,AX,-0.0716544339904766,L1,-0.0253636268214227,L2,0.02...
GetData ===>> H2,-0.0708553266491455,H1,-0.047538628084731,AX,-0.125624534939677,L1,-0.00908830650476316,L2,-0....
set states for children of B. state=False
handle state [('B', False)]
update switch state B False args=() kw={'refresh': False} ncanvase=2
refresh_canvas_needed fired
GetData ===>> H2,-0.194806743738482,H1,-0.107552525160703,AX,-0.108881593649571,L1,-0.0317414275060057,L2,-0.01...
GetData ===>> H2,-0.202236968901975,H1,0.000367200840156912,AX,-0.19481499172129,L1,-0.0635902812042544,L2,0.08...
GetData ===>> H2,-0.266385642011802,H1,-0.0343987087888518,AX,-0.0396893724489399,L1,-0.0252809428185517,L2,0.0...
GetData ===>> H2,-0.202983774206472,H1,-0.0214121026544277,AX,-0.095230198426323,L1,-0.0330035703974984,L2,-0.0...
GetData ===>> H2,-0.114366340984972,H1,-0.0584355827398795,AX,-0.0162161352634661,L1,-0.048439546950926,L2,-0.1...
GetData ===>> H2,-0.205932768927864,H1,0.0573784115870836,AX,-0.169861555945185,L1,-0.058744861057809,L2,-0.070...
GetData ===>> H2,-0.205932768927864,H1,0.0573784115870836,AX,-0.169861555945185,L1,-0.058744861057809,L2,-0.070...
GetData ===>> H2,-0.253953906796961,H1,-0.0404203923056066,AX,-0.171229350886054,L1,-0.0350187167468941,L2,-0.0...
GetData ===>> H2,-0.144937548938111,H1,0.0181305025350077,AX,-0.104837364697696,L1,0.00587007408392636,L2,-0.03...
GetData ===>> H2,-0.0972323752672726,H1,0.0432478691972939,AX,0.0985069276488216,L1,-0.0131607476067841,L2,0.00...
GetData ===>> H2,-0.0710112681558883,H1,-0.0841948894473308,AX,-0.054450025580272,L1,-0.0489864425023067,L2,-0....
GetData ===>> H2,-0.156550568596734,H1,0.073995214909295,AX,-0.139370963643555,L1,-0.0557119937180453,L2,-0.072...
GetData ===>> H2,-0.159957140804036,H1,0.0640147260805747,AX,-0.0737178312433559,L1,-0.0509368340768646,L2,-0.0...
GetData ===>> H2,-0.148361932351495,H1,0.0496445568809235,AX,-0.116135290849367,L1,-0.0301533452418814,L2,0.055...
GetData ===>> H2,-0.142520270825752,H1,-0.0662439396996504,AX,-0.168053255140624,L1,-0.00133688645922192,L2,-0....
GetData ===>> H2,-0.160084090793984,H1,-0.00173221551202902,AX,-0.239409247594661,L1,-0.00278278351279952,L2,0....
GetData ===>> H2,-0.263282627720991,H1,-0.0212809162179582,AX,-0.137225828280523,L1,-0.0640770867250154,L2,-0.0...
GetData ===>> H2,-0.0939548286051166,H1,0.0473054221964421,AX,-0.0624961315962375,L1,-0.0372018549033997,L2,-0....
GetData ===>> H2,-0.0939548286051166,H1,0.0473054221964421,AX,-0.0624961315962375,L1,-0.0372018549033997,L2,-0....
01:10:58 -- collecting point 25
GetData ===>> H2,-0.128385722659012,H1,0.0375914373638821,AX,-0.106703061407112,L1,-0.0134412142438305,L2,-0.01...
GetData ===>> H2,-0.183789566193544,H1,-0.0390491497001431,AX,-0.0883574214401681,L1,-0.0211458758129444,L2,0.0...
GetData ===>> H2,-0.0807445663740722,H1,0.00932600066680958,AX,-0.0822375756581473,L1,-0.00641161044502896,L2,-...
GetData ===>> H2,-0.216308786522126,H1,-0.00885320322814283,AX,-0.0938742252219097,L1,-0.0251311512271161,L2,-0...
GetData ===>> H2,-0.296780733093565,H1,-0.0345775758966436,AX,-0.0595281929855405,L1,-0.0272831425894273,L2,-0....
GetData ===>> H2,-0.270373401991637,H1,0.0474963699181654,AX,0.00681030110887688,L1,-0.0649130932092206,L2,-0.0...
GetData ===>> H2,-0.219080806488496,H1,-0.0231652139845771,AX,-0.0691156998066685,L1,-0.0413355775678982,L2,0.2...
GetData ===>> H2,-0.149518019226291,H1,-0.0162241443439236,AX,-0.104547657030511,L1,-0.000218423674144035,L2,-0...
GetData ===>> H2,-0.195019673696986,H1,0.00444687443914589,AX,-0.168331457452844,L1,-0.000596458792603219,L2,-0...
GetData ===>> H2,-0.226689397463565,H1,0.0584287342236813,AX,-0.0986142542441602,L1,0.00938456026520727,L2,-0.0...
GetData ===>> H2,-0.147995903645067,H1,0.0439996974885172,AX,-0.0572673977585524,L1,-0.00525772533099395,L2,-0....
GetData ===>> H2,-0.136056352299656,H1,0.058739058929347,AX,0.0233091630226252,L1,-0.0299113981742925,L2,-0.009...
GetData ===>> H2,-0.0690950734243919,H1,-0.00334253344222972,AX,-0.0780415498685335,L1,-0.0175763658065708,L2,-...
GetData ===>> H2,-0.0832439788959365,H1,0.0664497431344337,AX,-0.0649538872382326,L1,-0.0330083600118107,L2,-0....
GetData ===>> H2,-0.107443590223674,H1,0.0406702150584916,AX,-0.134524049943653,L1,-0.0339279236849274,L2,-0.09...
GetData ===>> H2,-0.178107572864594,H1,0.0339877170751237,AX,-0.108812066778435,L1,-0.0261952223261111,L2,-0.07...
GetData ===>> H2,-0.17977428057688,H1,0.0271744149716426,AX,0.0288210093172267,L1,0.00773935452039345,L2,-0.049...
GetData ===>> H2,-0.0334902727270593,H1,0.0135730620741683,AX,-0.137480927937216,L1,0.0101538551300496,L2,-0.00...
GetData ===>> H2,-0.105292201781477,H1,-0.038751050995489,AX,-0.100120816570753,L1,0.00433231238901567,L2,-0.00...
GetData ===>> H2,-0.0552829036901363,H1,0.011568808396212,AX,-0.0585427246006248,L1,-0.017860582135406,L2,0.079...
GetData ===>> H2,-0.136563379904015,H1,0.0566503534977116,AX,-0.0315254103124279,L1,-0.0166780934863358,L2,-0.0...
GetData ===>> H2,-0.240285787508212,H1,-0.0122763453300088,AX,-0.111651040274129,L1,-0.0114226390169181,L2,-0.0...
GetData ===>> H2,-0.172110876872028,H1,0.0384744879496914,AX,-0.0170860449632097,L1,0.0107287643695316,L2,-0.06...
GetData ===>> H2,-0.188843077701635,H1,0.0246568322195053,AX,-0.142107391981744,L1,0.0176182240705044,L2,-0.071...
GetData ===>> H2,-0.27622950608765,H1,0.0207791627374611,AX,-0.10940304359936,L1,-0.0134999434473071,L2,-0.0267...
01:11:25 -- collecting point 50
GetData ===>> H2,-0.173791886902986,H1,0.0295608077808708,AX,-0.00886218793522708,L1,-0.0228144900313357,L2,-0....
GetData ===>> H2,-0.131770725969561,H1,0.0157921040254696,AX,-0.0785515737134094,L1,-0.0399055569765675,L2,-0.0...
GetData ===>> H2,-0.242120375430965,H1,0.0629046644270438,AX,0.0167765787991179,L1,-0.0290525588520673,L2,-0.05...
GetData ===>> H2,-0.246270316729618,H1,0.0429017914051812,AX,-0.00758620990982609,L1,-0.0564529404994213,L2,-0....
GetData ===>> H2,-0.162036780609917,H1,0.067977627205962,AX,-0.0356422665908893,L1,-0.0299904508267972,L2,-0.03...
GetData ===>> H2,-0.149215503206731,H1,0.0992100473590664,AX,-0.0247873063994134,L1,-0.00819255601513091,L2,0.0...
GetData ===>> H2,-0.142114863512356,H1,0.118202892225106,AX,-0.100097638865546,L1,0.00940376191833019,L2,0.0761...
GetData ===>> H2,-0.151073688412946,H1,-0.00924681088976238,AX,-0.00613621457707325,L1,-0.0392288012613076,L2,-...
GetData ===>> H2,-0.158039212620344,H1,0.0255874952446835,AX,0.0532252201329568,L1,-0.0346867711234463,L2,-0.07...
GetData ===>> H2,-0.163562507350039,H1,0.0519121375664124,AX,-0.0498585776224456,L1,-0.0187659434984522,L2,-0.0...
GetData ===>> H2,-0.156258760643036,H1,0.0514347478911994,AX,-0.103087517256662,L1,0.00653112142398499,L2,-0.07...
measurement finished
estimated time: 62.915 actual time: :63.184
flush and close file /Users/jan/PychronDev/data/isotopes/55/432ebd-9819-4eb2-8b3c-ef0d463f4eea.h5
activate_detectors ('H1', 'AX', 'CDD') {'peak_center': True}
peak_center () {'detector': 'H1', 'integration_time': 0.262144, 'isotope': 'Ar40'}
peak center: mean=1423.77718048 threshold=3
peak center started
setup peak center. detector=['H1', 'AX', 'CDD'], isotope=Ar40
VersionedUnpickler [<apptools.sweet_pickle.versioned_unpickler.VersionedUnpickler object at 0x1b521d7d0>] using Updater [<apptools.sweet_pickle.updater.Updater object at 0x134a15590>]
VersionedUnpickler [<apptools.sweet_pickle.versioned_unpickler.VersionedUnpickler object at 0x1b521d7d0>] using Updater [<apptools.sweet_pickle.updater.Updater object at 0x134a15590>]
VersionedUnpickler [<apptools.sweet_pickle.versioned_unpickler.VersionedUnpickler object at 0x19e9ab350>] using Updater [<apptools.sweet_pickle.updater.Updater object at 0x134a15590>]
setting integration time = 0.524288
SetIntegrationTime 0.524288 ===>> OK
Mapping mass to dac mass func: "parabolic"
H1 map mass coeffs = [-0.00063987  0.15840543  0.57106999]
H1 map mass to dac 39.9624 >> 5.87946
GetDeflection H1 ===>> 0
GetHighVoltage ===>> 4500
do peak center. <pychron.spectrometer.jobs.peak_center.PeakCenter object at 0x134a156b0>
doing pc
starting peak center. center dac= 5.87946 step_width=0.001
width = 0.001
get scan parameters. half-width=0.015,window=0.015, i=0, scalar=1
Scan parameters center=5.87946 width=0.03000 (5.86446 - 5.89446)
GetData ===>> H2,-0.189685784455715,H1,0.0453601630330926,AX,-0.0658697331345172,L1,-0.00929454566254911,L2,0.0...
Moving to starting dac 5.86446
setting magnet DAC
current  : 5.240116
requested: 5.864460
Delta Dac: 0.624344
Checking detector protection. dv=0.62434
Checking detector "CDD". Protection Threshold: 0.1 (V)
ProtectDetector CDD,On ===>> OK
GetDeflection CDD ===>> 2000
Protected = 2000
SetMagnetDAC 5.86446 ===>> OK
Magnet settling time: 0.500
GetMagnetMoving ===>> True
GetMagnetMoving ===>> True
GetMagnetMoving ===>> True
GetMagnetMoving ===>> True
GetMagnetMoving ===>> True
GetMagnetMoving ===>> True
GetMagnetMoving ===>> True
GetMagnetMoving ===>> True
GetMagnetMoving ===>> True
GetMagnetMoving ===>> False
ProtectDetector CDD,Off ===>> OK
GetDeflection CDD ===>> 50
Wait until signal near baseline. tol= 0.0340201222748. timeout= 10
GetData ===>> H2,70.6236014483727,H1,19.7687130722341,AX,0.554704900438325,L1,-0.0089432171233369,L2,-0.0748729...
GetData ===>> H2,107.095029011006,H1,51.900399651598,AX,4.94425622162167,L1,0.00116542592243931,L2,-0.266041167...
GetData ===>> H2,61.8181745796589,H1,24.7055765861859,AX,2.35470113503466,L1,0.0363350268134475,L2,-0.121172907...
GetData ===>> H2,26.7364599509593,H1,12.5745522779425,AX,1.14354237457009,L1,0.0418880242096651,L2,-0.150770113...
GetData ===>> H2,9.54552314533579,H1,6.8288782409027,AX,0.556959747721071,L1,0.0277458081535758,L2,-0.046446805...
GetData ===>> H2,2.89835363264477,H1,4.01583298973909,AX,0.225692093917568,L1,0.0266768734285091,L2,-0.13199665...
GetData ===>> H2,0.910871199557764,H1,2.58254240518394,AX,0.0757235740830433,L1,0.0239990289372926,L2,-0.064814...
GetData ===>> H2,0.459981447691424,H1,1.95035051511987,AX,-0.0254135870124404,L1,0.0346593867418994,L2,0.167144...
GetData ===>> H2,0.457689386716941,H1,1.76636164506367,AX,0.0493278175350509,L1,0.0365562224811211,L2,0.0250086...
set states for children of V. state=False
handle state [('V', False)]
update switch state V False args=() kw={'refresh': False} ncanvase=2
refresh_canvas_needed fired
GetData ===>> H2,0.490664179563449,H1,1.59296289956272,AX,0.00110248518969297,L1,0.0335224179183533,L2,-0.03306...
GetData ===>> H2,0.490664179563449,H1,1.59296289956272,AX,0.00110248518969297,L1,0.0335224179183533,L2,-0.03306...
GetData ===>> H2,0.559007349618657,H1,1.46646453955885,AX,0.0479350283119542,L1,0.0167544025982713,L2,-0.012615...
GetData ===>> H2,0.465429327977805,H1,1.3495790771344,AX,0.144927182578337,L1,-0.0248474222156324,L2,0.00460037...
set states for children of H. state=True
handle state [('H', True)]
update switch state H True args=() kw={'refresh': False} ncanvase=2
refresh_canvas_needed fired
GetData ===>> H2,0.436133474925334,H1,1.41657715127261,AX,0.105207340773572,L1,-0.0201940245175513,L2,0.0173322...
GetData ===>> H2,0.443476853863384,H1,1.41796991618823,AX,0.0759321542866309,L1,-0.0494627080278373,L2,-0.02980...
GetData ===>> H2,0.377343430850067,H1,1.29706318744598,AX,0.177842228053791,L1,-0.0382680892281295,L2,-0.081289...
GetData ===>> H2,0.224000089361406,H1,1.26516876932843,AX,0.0579727182435663,L1,-0.0439064679296195,L2,-0.02160...
GetData ===>> H2,0.150383495648162,H1,1.29583998221199,AX,-0.0299366051206796,L1,-0.0539035747631878,L2,-0.0219...
GetData ===>> H2,0.115027192691355,H1,1.3022200002381,AX,0.0360042836659801,L1,-0.0527696176717039,L2,-0.150382...
GetData ===>> H2,0.124233261862731,H1,1.25603395809935,AX,0.0301090857509446,L1,-0.033339171272644,L2,-0.016441...
GetData ===>> H2,0.126835246696823,H1,1.33585369030389,AX,0.109588945233615,L1,-0.0124175930826863,L2,-0.068341...
Peak center failed to move to a baseline position
_do_sweep sm= 5.86446, em= 5.89446, stm= 0.001
calculated step values: start=5.86446, end=5.89446, width=0.001, nsteps=31.0
setting magnet DAC
current  : 5.864460
requested: 5.864460
Delta Dac: 0.000000
Checking detector protection. dv=0.00000
Checking detector "CDD". Protection Threshold: 0.1 (V)
SetMagnetDAC 5.86446 ===>> OK
GetData ===>> H2,0.126835246696823,H1,1.33585369030389,AX,0.109588945233615,L1,-0.0124175930826863,L2,-0.068341...
setting magnet DAC
current  : 5.864460
requested: 5.865494
Delta Dac: 0.001034
Checking detector protection. dv=0.00103
Checking detector "CDD". Protection Threshold: 0.1 (V)
SetMagnetDAC 5.86549448276 ===>> OK
Magnet settling time: 1.049
GetData ===>> H2,0.0228088987853193,H1,2.45209501602506,AX,0.270662676197627,L1,-0.0161807464300048,L2,-0.07221...
setting magnet DAC
current  : 5.865494
requested: 5.866529
Delta Dac: 0.001034
Checking detector protection. dv=0.00103
Checking detector "CDD". Protection Threshold: 0.1 (V)
SetMagnetDAC 5.86652896552 ===>> OK
Magnet settling time: 1.049
GetData ===>> H2,0.0660130137491649,H1,7.57844336774543,AX,0.576953455418336,L1,0.0305231659367436,L2,-0.058919...
setting magnet DAC
current  : 5.866529
requested: 5.867563
Delta Dac: 0.001034
Checking detector protection. dv=0.00103
Checking detector "CDD". Protection Threshold: 0.1 (V)
SetMagnetDAC 5.86756344828 ===>> OK
Magnet settling time: 1.049
GetData ===>> H2,0.120162011622811,H1,27.7257659501584,AX,2.2648028107086,L1,0.01828547017634,L2,0.025600919932...
setting magnet DAC
current  : 5.867563
requested: 5.868598
Delta Dac: 0.001034
Checking detector protection. dv=0.00103
Checking detector "CDD". Protection Threshold: 0.1 (V)
SetMagnetDAC 5.86859793103 ===>> OK
Magnet settling time: 1.049
GetData ===>> H2,0.00816054661488088,H1,93.6019016385244,AX,7.50918959693118,L1,0.0250388607646138,L2,-0.022201...
setting magnet DAC
current  : 5.868598
requested: 5.869632
Delta Dac: 0.001034
Checking detector protection. dv=0.00103
Checking detector "CDD". Protection Threshold: 0.1 (V)
SetMagnetDAC 5.86963241379 ===>> OK
Magnet settling time: 1.049
GetData ===>> H2,0.0350834754539055,H1,361.742590549624,AX,31.0601297693287,L1,0.190141872239918,L2,-0.06292544...
setting magnet DAC
current  : 5.869632
requested: 5.870667
Delta Dac: 0.001034
Checking detector protection. dv=0.00103
Checking detector "CDD". Protection Threshold: 0.1 (V)
SetMagnetDAC 5.87066689655 ===>> OK
Magnet settling time: 1.049
GetData ===>> H2,0.0718822953588188,H1,713.120149935136,AX,69.004075948601,L1,0.455394488545394,L2,-0.034290850...
setting magnet DAC
current  : 5.870667
requested: 5.871701
Delta Dac: 0.001034
Checking detector protection. dv=0.00103
Checking detector "CDD". Protection Threshold: 0.1 (V)
SetMagnetDAC 5.87170137931 ===>> OK
Magnet settling time: 1.049
GetData ===>> H2,-0.0830624682471074,H1,1041.36525905874,AX,111.498846870536,L1,0.795936917866021,L2,-0.0027555...
setting magnet DAC
current  : 5.871701
requested: 5.872736
Delta Dac: 0.001034
Checking detector protection. dv=0.00103
Checking detector "CDD". Protection Threshold: 0.1 (V)
SetMagnetDAC 5.87273586207 ===>> OK
Magnet settling time: 1.049
GetData ===>> H2,-0.0550348186026157,H1,1240.24094196905,AX,142.916048111725,L1,1.2350552906595,L2,0.1755173909...
setting magnet DAC
current  : 5.872736
requested: 5.873770
Delta Dac: 0.001034
Checking detector protection. dv=0.00103
Checking detector "CDD". Protection Threshold: 0.1 (V)
SetMagnetDAC 5.87377034483 ===>> OK
Magnet settling time: 1.049
GetData ===>> H2,-0.0416171665671073,H1,1323.17053358852,AX,159.048220128955,L1,1.59176613897435,L2,0.287172879...
setting magnet DAC
current  : 5.873770
requested: 5.874805
Delta Dac: 0.001034
Checking detector protection. dv=0.00103
Checking detector "CDD". Protection Threshold: 0.1 (V)
SetMagnetDAC 5.87480482759 ===>> OK
Magnet settling time: 1.049
GetData ===>> H2,-0.106491296428823,H1,1350.38386491611,AX,165.009117475364,L1,1.8181607615231,L2,0.23891950506...
setting magnet DAC
current  : 5.874805
requested: 5.875839
Delta Dac: 0.001034
Checking detector protection. dv=0.00103
Checking detector "CDD". Protection Threshold: 0.1 (V)
SetMagnetDAC 5.87583931034 ===>> OK
Magnet settling time: 1.049
GetData ===>> H2,-0.0836178275210207,H1,1357.35138544224,AX,166.490870116175,L1,1.95318483153432,L2,0.407693500...
setting magnet DAC
current  : 5.875839
requested: 5.876874
Delta Dac: 0.001034
Checking detector protection. dv=0.00103
Checking detector "CDD". Protection Threshold: 0.1 (V)
SetMagnetDAC 5.8768737931 ===>> OK
Magnet settling time: 1.049
GetData ===>> H2,-0.0979286090798562,H1,1358.30323043277,AX,166.952362330377,L1,2.021351372033,L2,0.30406811094...
setting magnet DAC
current  : 5.876874
requested: 5.877908
Delta Dac: 0.001034
Checking detector protection. dv=0.00103
Checking detector "CDD". Protection Threshold: 0.1 (V)
SetMagnetDAC 5.87790827586 ===>> OK
Magnet settling time: 1.049
GetData ===>> H2,-0.0169882219056169,H1,1358.16336091704,AX,167.292092730691,L1,2.05602658734321,L2,0.416299765...
setting magnet DAC
current  : 5.877908
requested: 5.878943
Delta Dac: 0.001034
Checking detector protection. dv=0.00103
Checking detector "CDD". Protection Threshold: 0.1 (V)
SetMagnetDAC 5.87894275862 ===>> OK
Magnet settling time: 1.049
GetData ===>> H2,-0.00352935513611558,H1,1358.49032065992,AX,167.066314229719,L1,2.11971909519615,L2,0.37090301...
setting magnet DAC
current  : 5.878943
requested: 5.879977
Delta Dac: 0.001034
Checking detector protection. dv=0.00103
Checking detector "CDD". Protection Threshold: 0.1 (V)
SetMagnetDAC 5.87997724138 ===>> OK
Magnet settling time: 1.049
GetData ===>> H2,-0.0122828192406229,H1,1358.89288101333,AX,166.990123820923,L1,2.11442546642076,L2,0.313280801...
setting magnet DAC
current  : 5.879977
requested: 5.881012
Delta Dac: 0.001034
Checking detector protection. dv=0.00103
Checking detector "CDD". Protection Threshold: 0.1 (V)
SetMagnetDAC 5.88101172414 ===>> OK
Magnet settling time: 1.049
GetData ===>> H2,-0.148538395501329,H1,1357.64232258308,AX,167.085057302697,L1,2.142275549486,L2,0.408971836067...
setting magnet DAC
current  : 5.881012
requested: 5.882046
Delta Dac: 0.001034
Checking detector protection. dv=0.00103
Checking detector "CDD". Protection Threshold: 0.1 (V)
SetMagnetDAC 5.8820462069 ===>> OK
Magnet settling time: 1.049
GetData ===>> H2,-0.0589023067340028,H1,1356.86605860859,AX,166.838479028035,L1,2.10027466401525,L2,0.351075784...
setting magnet DAC
current  : 5.882046
requested: 5.883081
Delta Dac: 0.001034
Checking detector protection. dv=0.00103
Checking detector "CDD". Protection Threshold: 0.1 (V)
SetMagnetDAC 5.88308068966 ===>> OK
Magnet settling time: 1.049
GetData ===>> H2,-0.122331041003401,H1,1354.95678517966,AX,166.452830003202,L1,2.17934709811595,L2,0.4046803492...
setting magnet DAC
current  : 5.883081
requested: 5.884115
Delta Dac: 0.001034
Checking detector protection. dv=0.00103
Checking detector "CDD". Protection Threshold: 0.1 (V)
SetMagnetDAC 5.88411517241 ===>> OK
Magnet settling time: 1.049
GetData ===>> H2,-0.174226054703929,H1,1343.33197837263,AX,163.537024129799,L1,2.12368367571368,L2,0.3982434792...
setting magnet DAC
current  : 5.884115
requested: 5.885150
Delta Dac: 0.001034
Checking detector protection. dv=0.00103
Checking detector "CDD". Protection Threshold: 0.1 (V)
SetMagnetDAC 5.88514965517 ===>> OK
Magnet settling time: 1.049
GetData ===>> H2,-0.231352779520088,H1,1304.66685671412,AX,154.783444169945,L1,1.96872654729715,L2,0.3140561671...
setting magnet DAC
current  : 5.885150
requested: 5.886184
Delta Dac: 0.001034
Checking detector protection. dv=0.00103
Checking detector "CDD". Protection Threshold: 0.1 (V)
SetMagnetDAC 5.88618413793 ===>> OK
Magnet settling time: 1.049
set states for children of C. state=True
set states for children of H. state=False
handle state [('C', True), ('H', False)]
update switch state C True args=() kw={'refresh': True} ncanvase=2
update switch state H False args=() kw={'refresh': False} ncanvase=2
refresh_canvas_needed fired
GetData ===>> H2,-0.319849142926234,H1,1184.57750623252,AX,130.934487570362,L1,1.72756918746437,L2,0.3224487637...
setting magnet DAC
current  : 5.886184
requested: 5.887219
Delta Dac: 0.001034
Checking detector protection. dv=0.00103
Checking detector "CDD". Protection Threshold: 0.1 (V)
SetMagnetDAC 5.88721862069 ===>> OK
Magnet settling time: 1.049
GetData ===>> H2,-0.317135615941237,H1,917.405977380161,AX,89.243458540833,L1,1.33749570290672,L2,0.09695065655...
setting magnet DAC
current  : 5.887219
requested: 5.888253
Delta Dac: 0.001034
Checking detector protection. dv=0.00103
Checking detector "CDD". Protection Threshold: 0.1 (V)
SetMagnetDAC 5.88825310345 ===>> OK
Magnet settling time: 1.049
set states for children of B. state=True
set states for children of D. state=True
handle state [('B', True), ('D', True)]
update switch state B True args=() kw={'refresh': True} ncanvase=2
update switch state D True args=() kw={'refresh': False} ncanvase=2
refresh_canvas_needed fired
GetData ===>> H2,-0.333370527352129,H1,567.005675205698,AX,47.4725438701566,L1,0.914254299679481,L2,0.117105026...
setting magnet DAC
current  : 5.888253
requested: 5.889288
Delta Dac: 0.001034
Checking detector protection. dv=0.00103
Checking detector "CDD". Protection Threshold: 0.1 (V)
SetMagnetDAC 5.88928758621 ===>> OK
Magnet settling time: 1.049
GetData ===>> H2,-0.316889142776614,H1,268.227924536033,AX,18.8128861572254,L1,0.621632561301068,L2,0.089359669...
setting magnet DAC
current  : 5.889288
requested: 5.890322
Delta Dac: 0.001034
Checking detector protection. dv=0.00103
Checking detector "CDD". Protection Threshold: 0.1 (V)
SetMagnetDAC 5.89032206897 ===>> OK
Magnet settling time: 1.049
GetData ===>> H2,-0.192913633368742,H1,97.4226982084166,AX,5.59073183049414,L1,0.361389187666914,L2,-0.00530609...
setting magnet DAC
current  : 5.890322
requested: 5.891357
Delta Dac: 0.001034
Checking detector protection. dv=0.00103
Checking detector "CDD". Protection Threshold: 0.1 (V)
SetMagnetDAC 5.89135655172 ===>> OK
Magnet settling time: 1.049
GetData ===>> H2,-0.20874626643754,H1,28.5138846481523,AX,1.16665621769885,L1,0.193814453791165,L2,0.0791025357...
setting magnet DAC
current  : 5.891357
requested: 5.892391
Delta Dac: 0.001034
Checking detector protection. dv=0.00103
Checking detector "CDD". Protection Threshold: 0.1 (V)
SetMagnetDAC 5.89239103448 ===>> OK
Magnet settling time: 1.049
GetData ===>> H2,-0.140209939794853,H1,7.06136279346603,AX,0.0877292507631457,L1,0.136178109534905,L2,-0.000387...
setting magnet DAC
current  : 5.892391
requested: 5.893426
Delta Dac: 0.001034
Checking detector protection. dv=0.00103
Checking detector "CDD". Protection Threshold: 0.1 (V)
SetMagnetDAC 5.89342551724 ===>> OK
Magnet settling time: 1.049
GetData ===>> H2,-0.336063894680173,H1,1.37021866701212,AX,-0.142596271126556,L1,0.092718745918851,L2,-0.084725...
setting magnet DAC
current  : 5.893426
requested: 5.894460
Delta Dac: 0.001034
Checking detector protection. dv=0.00103
Checking detector "CDD". Protection Threshold: 0.1 (V)
SetMagnetDAC 5.89446 ===>> OK
Magnet settling time: 1.049
GetData ===>> H2,-0.310406568587881,H1,0.171935643848431,AX,-0.199108755974731,L1,0.0582016162923021,L2,0.01252...
result of _do_sweep=True
result of _calculate_peak_center=([5.8715842484969949, 5.8792195190380774, 5.886854789579159], [1004.1992296690139, 1358.8904608108041, 1011.3711142812004], 5.8799710220440886, 1358.8904608108041)
Failed to find a valid peak. No peak greater than 1.0. max = 0.0267958197588
new center pos Detector(H1) (Ar40) @ 5.87921951904
GetHighVoltage ===>> 4500
GetDeflection H1 ===>> 0
dac uncorrected for HV and deflection 5.87921951904
update mftable H1 Ar40 5.87921951904 message=automated run peakcenter
get initial guess parabolic
get initial guess parabolic
get initial guess parabolic
get initial guess parabolic
get initial guess parabolic
get initial guess parabolic
dump mftable to /Users/jan/PychronDev/setupfiles/spectrometer/mftables/mftable.csv
add to repo msg=modified - automated run peakcenter
sweep finished
locally archiving mftable
setting magnet DAC
current  : 5.894460
requested: 5.879220
Delta Dac: 0.015240
Checking detector protection. dv=0.01524
Checking detector "CDD". Protection Threshold: 0.1 (V)
SetMagnetDAC 5.87921951904 ===>> OK
Magnet settling time: 0.500
setting integration time = 1.048576
SetIntegrationTime 1.048576 ===>> OK
Failed to find a valid peak. No peak greater than 1.0. max = 0.0267958197588
flush and close file /Users/jan/PychronDev/data/isotopes/55/432ebd-9819-4eb2-8b3c-ef0d463f4eea.h5
finished measure script
executed snippet estimated_duration=226.132928, duration=273.226855993
jan_unknown120_60.py completed successfully
Measurement Finished
01:12:23 -- ******* Measurement Finished *******
Post Measurement Started jan_pump_ms.py
01:12:23 -- ******* Post Measurement Started jan_pump_ms.py *******
testing...
no interpolation path defined
executed snippet estimated_duration=0, duration=2.59876251221e-05
Pumping spectrometer
open () {'name': 'O'}
opening name=O desc=---
checking ownership. requestor=129.138.12.150
check software interlocks O
interlocks []
actuate state mode=None-script, software_lock=False
doing actuation None-script open_channel True
Open O ===>> OK
GetIndicatorState O ===>> OK
change switch state (True, True)
update switch state O True args=() kw={} ncanvase=2
01:12:23 -- OPEN   VALVE-O (Jan Ion Pump)
---------------------------------------- open O () result=[(True, True)], time=0.09 sec
action=open, ok=True, locked=[False]
executed snippet estimated_duration=0, duration=0.345805168152
jan_pump_ms.py completed successfully
setting _ms_pumptime
Post Measurement Finished
01:12:23 -- ******* Post Measurement Finished *******
$$$$$$$$$$$$$$$$$$$$ state at run end measurement
state changed from measurement to success
post measurement save measured=True aborted=False
Set filtering
setting fod for Ar40= {'filter_outliers': True, 'std_devs': 2, 'iterations': 1}
setting fod for H1= {'filter_outliers': True, 'std_devs': 2, 'iterations': 1}
setting fod for PM41= {'filter_outliers': False, 'std_devs': 2, 'iterations': 1}
setting fod for H2= {'filter_outliers': True, 'std_devs': 2, 'iterations': 1}
setting fod for Ar36= {'filter_outliers': True, 'std_devs': 2, 'iterations': 1}
setting fod for CDD= {'filter_outliers': True, 'std_devs': 10, 'iterations': 1}
setting fod for Ar37= {'filter_outliers': True, 'std_devs': 2, 'iterations': 1}
setting fod for L2= {'filter_outliers': True, 'std_devs': 2, 'iterations': 1}
setting fod for Ar38= {'filter_outliers': True, 'std_devs': 2, 'iterations': 1}
setting fod for L1= {'filter_outliers': True, 'std_devs': 2, 'iterations': 1}
setting fod for Ar39= {'filter_outliers': True, 'std_devs': 2, 'iterations': 1}
setting fod for AX= {'filter_outliers': True, 'std_devs': 2, 'iterations': 1}
persistence save...
persistence save - db
post measurement save
7234270128 connecting to database sqlite:////Users/jan/PychronDev/.appdata/local_lab.db
connected to db sqlite:////Users/jan/PychronDev/.appdata/local_lab.db
create new session 7234270128
close session 7234270128
No database instance. Not saving post measurement to isotopedb database
$$$$$$$$$$$$$$$ auto_save_detector_ic=False
massspec enabled True
create new session 4979675504
MassSpec Database Version: 16.0
close session 4979675504
saving post measurement to secondary database
saving to massspec database 129.138.12.160/massspecdata
setting labnumber to 25345
setting aliquot to 2
setting step to 
setting uuid to 55432ebd-9819-4eb2-8b3c-ef0d463f4eea
setting irradpos to 25345
setting extract_device to Fusions CO2
setting tray to 
setting position to 200
setting power_requested to 5.0
setting extract_value to 5.0
setting duration to 30.0
setting duration_at_request to 30.0
setting first_stage_delay to 30.0
setting cleanup to 30.0
setting comment to Q:10
setting irradiation to NM-288
setting level to Q
setting irradiation_level to Q
setting sample to FC-2
setting material to Sanidine
setting project to Irradiation-NM-288
setting mass_spectrometer to Jan
no attribute chron_dosages
no attribute production_ratios
no attribute interference_corrections
no attribute production_name
no attribute j
Reference Isotope=Ar40
Reference Detector=H1
%%%%%%%%%%%%%%%%%%%% Comment: Q:10 %%%%%%%%%%%%%%%%%%%
adding isotope PM41 H2
add baseline dbdet= PM41. original det= H2
get baseline data PM41 H2
Get data baseline <pychron.processing.isotope.Baseline object at 0x1b91eeb10> len t=60
baseline PM41. v=-0.163533179987, e=0.00741628376209
get signal data PM41 H2
Get data signal PM41 0.06+/-0.07 len t=120
adding isotope Ar40 H1
add baseline dbdet= Ar40. original det= H1
get baseline data Ar40 H1
Get data baseline <pychron.processing.isotope.Baseline object at 0x1b91eefd0> len t=60
baseline Ar40. v=0.0139571035056, e=0.00564958894847
get signal data Ar40 H1
Get data signal Ar40 1495.92+/-0.07 len t=120
adding isotope Ar39 AX
add baseline dbdet= Ar39. original det= AX
get baseline data Ar39 AX
Get data baseline <pychron.processing.isotope.Baseline object at 0x1b91eeb90> len t=60
baseline Ar39. v=-0.0830481763149, e=0.00705561911849
get signal data Ar39 AX
Get data signal Ar39 183.598+/-0.026 len t=120
adding isotope Ar38 L1
add baseline dbdet= Ar38. original det= L1
get baseline data Ar38 L1
Get data baseline <pychron.processing.isotope.Baseline object at 0x1b91ee750> len t=60
baseline Ar38. v=-0.0237168049268, e=0.00280778442231
get signal data Ar38 L1
Get data signal Ar38 2.382+/-0.005 len t=120
adding isotope Ar37 L2
add baseline dbdet= Ar37. original det= L2
get baseline data Ar37 L2
Get data baseline <pychron.processing.isotope.Baseline object at 0x1b91eea90> len t=60
baseline Ar37. v=-0.0370550377623, e=0.00700672949122
get signal data Ar37 L2
Get data signal Ar37 0.421+/-0.013 len t=120
adding isotope Ar36 CDD
add baseline dbdet= Ar36. original det= CDD
get baseline data Ar36 CDD
Get data baseline <pychron.processing.isotope.Baseline object at 0x1b91ee790> len t=60
baseline Ar36. v=0.00030021191789, e=2.51429965221e-05
get signal data Ar36 CDD
Get data signal Ar36 0.01832+/-0.00034 len t=120
25345-02 added analysis time 0.509270191193s
analysis added to mass spec database
mass spec save time= 0.517
persistence save - dvc
================= post measurement started
create new session 4982376208
close session 4982376208
---------------- Experiment Queue saving disabled
DVC saving peakcenter
Failed to find a valid peak. No peak greater than 1.0. max = 0.0267958197588
Smart pull ahead: 0 behind: 0
Up-to-date with origin
add to repo msg=modified - ad8224ebc6dbfeb9f5997218dfa5fe690569839d.json
add to repo msg=modified - 45-02.json
add to repo msg=modified - 45-02.dat.json
add to repo msg=modified - 45-02.blan.json
add to repo msg=modified - 45-02.inte.json
add to repo msg=modified - 45-02.icfa.json
add to repo msg=modified - 45-02.base.json
not at valid file /Users/jan/PychronDev/data/.dvc/repositories/Load1788/253/tags/45-02.tags.json
add to repo msg=modified - 45-02.peak.json
add to repo msg=modified - 45-02.extr.json
not at valid file /Users/jan/PychronDev/data/.dvc/repositories/Load1788/253/monitor/45-02.moni.json
commit message=<COLLECTION>
add to repo msg=modified - 45-02.inte.json
add to repo msg=modified - 45-02.base.json
commit message=<ISOEVO> default collection fits
add to repo msg=modified - 45-02.blan.json
commit message=<BLANKS> preceding bu-FC-J-7709
add to repo msg=modified - 45-02.icfa.json
commit message=<ICFactor> default
push repository <pychron.git_archive.repo_manager.GitRepoManager object at 0x1a1431a70>
pushing to remote=origin, url=https://github.com
no changes to meta repo
create new session 4982376208
add association Load1788
get identifier "25345"
setting analysis irradiation position=<pychron.dvc.dvc_orm.IrradiationPositionTbl object at 0x1aac82850>
close session 4982376208
================= post measurement finished
01:12:37 -- ******* Post Run Check *******
loading queue conditionals post_run_actions
loading system conditionals post_run_actions
loading conditionals from /Users/jan/PychronDev/setupfiles/spectrometer/default_conditionals.yaml
loading queue conditionals post_run_terminations
loading system conditionals post_run_terminations
loading conditionals from /Users/jan/PychronDev/setupfiles/spectrometer/default_conditionals.yaml
Checking default post run terminations n=1
GetDeflection CDD ===>> 50
testing CDD==2000
evaluate ot="CDD.deflection==2000" t="CDD==2000", ctx="{'CDD': 50.0}"
01:12:37 -- ******* Post Run Check Passed *******
01:12:37 -- Automated run 25345-02 success duration: 366.003 s
----------------- finish -----------------
----------------- stop -----------------
retroactive repository identifiers disabled
finish run. runs completed=103
update duration runid=25345-02, duration=366.002928972, md5=301e91d8
loading script "jan_unknown400_120.py"
loading script "jan_pump_ms.py"
loading script "jan_co2.py"
loading script "jan_pump_extraction_line.py"
testing...
no interpolation path defined
executed snippet estimated_duration=556.052928, duration=0.000263929367065
script duration name:unknown400_120 seconds:556.0
loading script "jan_unknown400_120.py"
loading script "jan_pump_ms.py"
loading script "jan_co2.py"
loading script "jan_pump_extraction_line.py"
testing...
no interpolation path defined
executed snippet estimated_duration=0, duration=4.00543212891e-05
loading script "jan_unknown400_120.py"
loading script "jan_pump_ms.py"
loading script "jan_co2.py"
loading script "jan_pump_extraction_line.py"
testing...
no interpolation path defined
calculate duration
testing...
no interpolation path defined
executed snippet estimated_duration=0, duration=4.79221343994e-05
calculate duration
testing...
no interpolation path defined
executed snippet estimated_duration=0, duration=7.20024108887e-05
executed snippet estimated_duration=0.0, duration=0.0015811920166
script duration name:co2 seconds:0.0
loading script "jan_unknown400_120.py"
loading script "jan_pump_ms.py"
loading script "jan_co2.py"
loading script "jan_pump_extraction_line.py"
testing...
no interpolation path defined
calculate duration
testing...
no interpolation path defined
executed snippet estimated_duration=4.0, duration=0.000116109848022
executed snippet estimated_duration=4.0, duration=0.000926971435547
Script duration 556.0
Run total estimated duration= 557.000
unknown400_120 in script context. using previous estimated duration
script duration name:unknown400_120 seconds:556.0
pump_ms in script context. using previous estimated duration
loading script "jan_unknown400_120.py"
loading script "jan_pump_ms.py"
loading script "jan_sniffair_x2.py"
loading script "jan_pump_extraction_line.py"
testing...
no interpolation path defined
calculate duration
testing...
no interpolation path defined
executed snippet estimated_duration=0, duration=3.38554382324e-05
calculate duration
testing...
no interpolation path defined
executed snippet estimated_duration=0, duration=7.20024108887e-05
calculate duration
testing...
no interpolation path defined
executed snippet estimated_duration=32.0, duration=7.20024108887e-05
calculate duration
testing...
no interpolation path defined
executed snippet estimated_duration=34.0, duration=0.000157833099365
calculate duration
testing...
no interpolation path defined
executed snippet estimated_duration=4.0, duration=5.19752502441e-05
calculate duration
testing...
no interpolation path defined
executed snippet estimated_duration=36.0, duration=8.51154327393e-05
calculate duration
testing...
no interpolation path defined
executed snippet estimated_duration=34.0, duration=8.79764556885e-05
calculate duration
testing...
no interpolation path defined
executed snippet estimated_duration=4.0, duration=5.91278076172e-05
calculate duration
testing...
no interpolation path defined
executed snippet estimated_duration=36.0, duration=8.10623168945e-05
calculate duration
testing...
no interpolation path defined
executed snippet estimated_duration=70.0, duration=9.10758972168e-05
executed snippet estimated_duration=250.0, duration=0.00999999046326
script duration name:sniffair_x2 seconds:250.0
pump_extraction_line in script context. using previous estimated duration
Script duration 806.0
Run total estimated duration= 807.000
script duration name:unknown400_120 seconds:556.0
loading script "jan_unknown400_120.py"
loading script "jan_pump_ms.py"
loading script "jan_cocktail_x1.py"
loading script "jan_pump_extraction_line.py"
testing...
no interpolation path defined
calculate duration
testing...
no interpolation path defined
executed snippet estimated_duration=0, duration=3.2901763916e-05
calculate duration
testing...
no interpolation path defined
executed snippet estimated_duration=0, duration=7.31945037842e-05
calculate duration
testing...
no interpolation path defined
executed snippet estimated_duration=32.0, duration=6.8187713623e-05
calculate duration
testing...
no interpolation path defined
executed snippet estimated_duration=34.0, duration=7.20024108887e-05
calculate duration
testing...
no interpolation path defined
executed snippet estimated_duration=4.0, duration=0.000107049942017
calculate duration
testing...
no interpolation path defined
executed snippet estimated_duration=38.0, duration=0.000128030776978
executed snippet estimated_duration=108.0, duration=0.00509095191956
script duration name:cocktail_x1 seconds:108.0
Script duration 664.0
Run total estimated duration= 665.000
script duration name:unknown400_120 seconds:556.0
sniffair_x2 in script context. using previous estimated duration
script duration name:sniffair_x2 seconds:250.0
Script duration 806.0
Run total estimated duration= 807.000
loading script "jan_ic_peak_hop3.py"
loading script "jan_pump_ms.py"
loading script "jan_sniffair_x1.py"
loading script "jan_pump_extraction_line.py"
testing...
no interpolation path defined
executed snippet estimated_duration=133.8, duration=0.00690412521362
script duration name:ic_peak_hop3 seconds:134.0
loading script "jan_ic_peak_hop3.py"
loading script "jan_pump_ms.py"
loading script "jan_sniffair_x1.py"
loading script "jan_pump_extraction_line.py"
testing...
no interpolation path defined
calculate duration
testing...
no interpolation path defined
executed snippet estimated_duration=0, duration=3.60012054443e-05
calculate duration
testing...
no interpolation path defined
executed snippet estimated_duration=0, duration=7.20024108887e-05
calculate duration
testing...
no interpolation path defined
executed snippet estimated_duration=32.0, duration=6.69956207275e-05
calculate duration
testing...
no interpolation path defined
executed snippet estimated_duration=34.0, duration=7.48634338379e-05
calculate duration
testing...
no interpolation path defined
executed snippet estimated_duration=4.0, duration=4.6968460083e-05
calculate duration
testing...
no interpolation path defined
executed snippet estimated_duration=70.0, duration=7.29560852051e-05
executed snippet estimated_duration=140.0, duration=0.00517201423645
script duration name:sniffair_x1 seconds:140.0
Script duration 274.0
Run total estimated duration= 275.000
loading script "jan_unknown120_60.py"
loading script "jan_pump_ms.py"
loading script "jan_co2.py"
loading script "jan_pump_extraction_line.py"
testing...
no interpolation path defined
executed snippet estimated_duration=213.652928, duration=0.0001220703125
script duration name:unknown120_60 seconds:214.0
co2 in script context. using previous estimated duration
script duration name:co2 seconds:0.0
Script duration 214.0
Run total estimated duration= 215.000
unknown120_60 in script context. using previous estimated duration
script duration name:unknown120_60 seconds:214.0
script duration name:co2 seconds:0.0
Script duration 214.0
Run total estimated duration= 215.000
script duration name:unknown120_60 seconds:214.0
script duration name:co2 seconds:0.0
Script duration 214.0
Run total estimated duration= 215.000
script duration name:unknown120_60 seconds:214.0
script duration name:co2 seconds:0.0
Script duration 214.0
Run total estimated duration= 215.000
script duration name:unknown120_60 seconds:214.0
script duration name:co2 seconds:0.0
Script duration 214.0
Run total estimated duration= 215.000
script duration name:unknown120_60 seconds:214.0
script duration name:co2 seconds:0.0
Script duration 214.0
Run total estimated duration= 215.000
script duration name:unknown120_60 seconds:214.0
script duration name:co2 seconds:0.0
Script duration 214.0
Run total estimated duration= 215.000
script duration name:unknown120_60 seconds:214.0
script duration name:co2 seconds:0.0
Script duration 214.0
Run total estimated duration= 215.000
script duration name:unknown120_60 seconds:214.0
script duration name:co2 seconds:0.0
Script duration 214.0
Run total estimated duration= 215.000
script duration name:unknown120_60 seconds:214.0
script duration name:co2 seconds:0.0
Script duration 214.0
Run total estimated duration= 215.000
script duration name:unknown400_120 seconds:556.0
script duration name:co2 seconds:0.0
Script duration 556.0
Run total estimated duration= 557.000
script duration name:unknown120_60 seconds:214.0
cocktail_x1 in script context. using previous estimated duration
script duration name:cocktail_x1 seconds:108.0
Script duration 322.0
Run total estimated duration= 323.000
script duration name:unknown120_60 seconds:214.0
script duration name:co2 seconds:0.0
Script duration 214.0
Run total estimated duration= 215.000
script duration name:unknown120_60 seconds:214.0
script duration name:co2 seconds:0.0
Script duration 214.0
Run total estimated duration= 215.000
script duration name:unknown120_60 seconds:214.0
script duration name:co2 seconds:0.0
Script duration 214.0
Run total estimated duration= 215.000
script duration name:unknown120_60 seconds:214.0
script duration name:co2 seconds:0.0
Script duration 214.0
Run total estimated duration= 215.000
script duration name:unknown400_120 seconds:556.0
script duration name:cocktail_x1 seconds:108.0
Script duration 664.0
Run total estimated duration= 665.000
script duration name:unknown120_60 seconds:214.0
script duration name:co2 seconds:0.0
Script duration 214.0
Run total estimated duration= 215.000
script duration name:unknown120_60 seconds:214.0
script duration name:co2 seconds:0.0
Script duration 214.0
Run total estimated duration= 215.000
script duration name:unknown120_60 seconds:214.0
script duration name:co2 seconds:0.0
Script duration 214.0
Run total estimated duration= 215.000
script duration name:unknown120_60 seconds:214.0
script duration name:co2 seconds:0.0
Script duration 214.0
Run total estimated duration= 215.000
script duration name:unknown120_60 seconds:214.0
script duration name:co2 seconds:0.0
Script duration 214.0
Run total estimated duration= 215.000
script duration name:unknown120_60 seconds:214.0
script duration name:co2 seconds:0.0
Script duration 214.0
Run total estimated duration= 215.000
script duration name:unknown400_120 seconds:556.0
script duration name:co2 seconds:0.0
Script duration 556.0
Run total estimated duration= 557.000
script duration name:unknown400_120 seconds:556.0
script duration name:sniffair_x2 seconds:250.0
Script duration 806.0
Run total estimated duration= 807.000
script duration name:unknown400_120 seconds:556.0
script duration name:sniffair_x2 seconds:250.0
Script duration 806.0
Run total estimated duration= 807.000
ic_peak_hop3 in script context. using previous estimated duration
script duration name:ic_peak_hop3 seconds:134.0
sniffair_x1 in script context. using previous estimated duration
script duration name:sniffair_x1 seconds:140.0
Script duration 274.0
Run total estimated duration= 275.000
script duration name:unknown120_60 seconds:214.0
script duration name:co2 seconds:0.0
Script duration 214.0
Run total estimated duration= 215.000
script duration name:unknown120_60 seconds:214.0
script duration name:co2 seconds:0.0
Script duration 214.0
Run total estimated duration= 215.000
nruns=34 before=5.0, run_dur=11832.0, btw=1485.0
write rem/ex queues
/Users/jan/PychronDev/experiments/rem/CurrentExperiment.rem.txt
/Users/jan/PychronDev/experiments/rem/CurrentExperiment.ex.txt
doing event level: 3
