do run
loading script "jan_unknown120_60.py"
loading script "jan_pump_ms.py"
loading script "jan_co2.py"
loading script "jan_pump_extraction_line.py"
testing...
no interpolation path defined
executed snippet estimated_duration=213.652928, duration=0.000247001647949
script duration name:unknown120_60 seconds:214.0
loading script "jan_unknown120_60.py"
loading script "jan_pump_ms.py"
loading script "jan_co2.py"
loading script "jan_pump_extraction_line.py"
testing...
no interpolation path defined
executed snippet estimated_duration=0, duration=2.09808349609e-05
loading script "jan_unknown120_60.py"
loading script "jan_pump_ms.py"
loading script "jan_co2.py"
loading script "jan_pump_extraction_line.py"
testing...
no interpolation path defined
calculate duration
testing...
no interpolation path defined
executed snippet estimated_duration=0, duration=5.60283660889e-05
calculate duration
testing...
no interpolation path defined
executed snippet estimated_duration=0, duration=0.000102996826172
executed snippet estimated_duration=0.0, duration=0.00257611274719
script duration name:co2 seconds:0.0
loading script "jan_unknown120_60.py"
loading script "jan_pump_ms.py"
loading script "jan_co2.py"
loading script "jan_pump_extraction_line.py"
testing...
no interpolation path defined
calculate duration
testing...
no interpolation path defined
executed snippet estimated_duration=4.0, duration=0.000146865844727
executed snippet estimated_duration=4.0, duration=0.00134587287903
Script duration 214.0
Run total estimated duration= 215.000
run duration: 0:03:35
doing event level: 2
04:38:23 -- Setting default integration. t=1.048576
setting integration time = 1.048576
SetIntegrationTime 1.048576 ===>> OK
----------------- start -----------------
**************** Experiment Type: Ar/Ar, Ar/Ar
create new session 4419362736
close session 4419362736
$$$$$ Clearing conditionals
adding conditionals 
Add queue conditionals
add default conditionals
adding default conditionals from /Users/jan/PychronDev/setupfiles/spectrometer/default_conditionals.yaml
Start automated run 25347-06
loading script "jan_unknown120_60.py"
loading script "jan_pump_ms.py"
loading script "jan_co2.py"
loading script "jan_pump_extraction_line.py"
%%%%%%%%%%%%%%%%%% setting automated run 25347-06
No value "sensitivity_multiplier" in metadata
$$$$$$$$$$$$$$$ auto_save_detector_ic=False
============================= Pre Extraction Check =============================
loading queue conditionals pre_run_terminations
loading system conditionals pre_run_terminations
loading conditionals from /Users/jan/PychronDev/setupfiles/spectrometer/default_conditionals.yaml
04:38:23 -- ******* Pre Extraction Check *******
Get a measurement from the spectrometer
GetData ===>> H2,-0.214104527846254,H1,0.036159479996223,AX,-0.0902002541357935,L1,-0.0141411481656724,L2,0.055...
Pre Extraction Termination data. keys=H2,H1,AX,L1,L2,CDD, signals=-0.21410,0.03616,-0.09020,-0.01414,0.05525,0.00357
04:38:23 -- testing system defined conditionals
Checking default pre extraction terminations n=2
testing CDD
evaluate ot="CDD.inactive" t="CDD", ctx="{'CDD': False}"
GetDeflection CDD ===>> 50
testing CDD==2000
evaluate ot="CDD.deflection==2000" t="CDD==2000", ctx="{'CDD': 50.0}"
04:38:23 -- ******* Pre Extraction Check Passed *******
=================================================================================
04:38:23 -- stopping status monitor
stop 4976433200
Alive clients [4982646160]
04:38:23 -- starting status monitor
start 4976433200
Monitor already running
start extraction
do extraction
Analysis started at 04:38:23.979645
Extraction Started jan_co2.py
04:38:23 -- ******* Extraction Started jan_co2.py *******
state changed from not run to extraction
DO EXTRACTION <pychron.extraction_line.pyscript_runner.RemotePyScriptRunner object at 0x12b9a8890>
testing...
no interpolation path defined
calculate duration
testing...
no interpolation path defined
executed snippet estimated_duration=0, duration=4.6968460083e-05
calculate duration
testing...
no interpolation path defined
executed snippet estimated_duration=0, duration=9.79900360107e-05
executed snippet estimated_duration=100.0, duration=0.00256299972534
Jan CO2 laser analysis
doing GOSUB
testing...
no interpolation path defined
executed snippet estimated_duration=0, duration=4.2200088501e-05
Waiting for CO2 access
wait ('FelixCO2Flag', 0) {}
waiting for FelixCO2Flag = 0
Read FelixCO2Flag ===>> 0
finished waiting
CO2 free
wait ('CO2PumpTimeFlag', 0) {}
waiting for CO2PumpTimeFlag = 0
Read CO2PumpTimeFlag ===>> 0
finished waiting
acquire ('JanCO2Flag',) {'clear': True}
acquire JanCO2Flag
Set JanCO2Flag 1 ===>> OK
JanCO2Flag acquired
set extraction state False (0.75, 'red', 1.5)
CO2 acquired
executed snippet estimated_duration=0, duration=0.0210540294647
WaitForCO2Access.py completed successfully
gosub finished
doing GOSUB
testing...
no interpolation path defined
executed snippet estimated_duration=0, duration=9.98973846436e-05
Prepare for CO2 analysis
close () {'description': 'Jan Inlet'}
closing name=--- desc=Jan Inlet
checking ownership. requestor=129.138.12.150
check software interlocks R
interlocks []
actuate state mode=None-script, software_lock=False
doing actuation None-script close_channel False
Close R ===>> OK
GetIndicatorState R ===>> False
change switch state (True, True)
update switch state R False args=() kw={} ncanvase=2
04:38:24 -- CLOSE  VALVE-R (Jan Inlet)
---------------------------------------- close None (Jan Inlet) result=[(True, True)]
action=close, ok=True, locked=[False]
open () {'description': 'Jan Ion Pump'}
opening name=--- desc=Jan Ion Pump
checking ownership. requestor=129.138.12.150
check software interlocks O
interlocks []
actuate state mode=None-script, software_lock=False
doing actuation None-script open_channel False
Open O ===>> OK
GetIndicatorState O ===>> OK
change switch state (True, True)
update switch state O True args=() kw={} ncanvase=2
04:38:24 -- OPEN   VALVE-O (Jan Ion Pump)
---------------------------------------- open None (Jan Ion Pump) result=[(True, True)], time=0.10 sec
action=open, ok=True, locked=[False]
close () {'description': 'Microbone to Minibone'}
closing name=--- desc=Microbone to Minibone
checking ownership. requestor=129.138.12.150
check software interlocks L
interlocks []
actuate state mode=None-script, software_lock=False
doing actuation None-script close_channel False
Close L ===>> OK
GetIndicatorState L ===>> False
change switch state (True, True)
update switch state L False args=() kw={} ncanvase=2
04:38:25 -- CLOSE  VALVE-L (Microbone to Minibone)
---------------------------------------- close None (Microbone to Minibone) result=[(True, True)]
action=close, ok=True, locked=[False]
open () {'description': 'Microbone to Turbo'}
opening name=--- desc=Microbone to Turbo
checking ownership. requestor=129.138.12.150
check software interlocks U
interlocks []
actuate state mode=None-script, software_lock=False
doing actuation None-script open_channel False
Open U ===>> OK
GetIndicatorState U ===>> OK
change switch state (True, True)
update switch state U True args=() kw={} ncanvase=2
04:38:25 -- OPEN   VALVE-U (Microbone to Turbo)
---------------------------------------- open None (Microbone to Turbo) result=[(True, True)], time=0.13 sec
action=open, ok=True, locked=[False]
open () {'description': 'Microbone to Inlet Pipette'}
opening name=--- desc=Microbone to Inlet Pipette
checking ownership. requestor=129.138.12.150
check software interlocks S
interlocks []
actuate state mode=None-script, software_lock=False
doing actuation None-script open_channel False
Open S ===>> OK
GetIndicatorState S ===>> OK
change switch state (True, True)
update switch state S True args=() kw={} ncanvase=2
04:38:26 -- OPEN   VALVE-S (Microbone to Inlet Pipette)
---------------------------------------- open None (Microbone to Inlet Pipette) result=[(True, True)], time=0.43 sec
action=open, ok=True, locked=[False]
open () {'description': 'Microbone to Getter D-50'}
opening name=--- desc=Microbone to Getter D-50
checking ownership. requestor=129.138.12.150
check software interlocks K
interlocks []
actuate state mode=None-script, software_lock=False
doing actuation None-script open_channel False
Open K ===>> OK
GetIndicatorState K ===>> OK
change switch state (True, True)
update switch state K True args=() kw={} ncanvase=2
04:38:27 -- OPEN   VALVE-K (Microbone to Getter D-50)
---------------------------------------- open None (Microbone to Getter D-50) result=[(True, True)], time=0.42 sec
action=open, ok=True, locked=[False]
open () {'description': 'Microbone to Getter NP-10'}
opening name=--- desc=Microbone to Getter NP-10
checking ownership. requestor=129.138.12.150
check software interlocks M
interlocks []
actuate state mode=None-script, software_lock=False
doing actuation None-script open_channel False
Open M ===>> OK
GetIndicatorState M ===>> OK
change switch state (True, True)
update switch state M True args=() kw={} ncanvase=2
04:38:27 -- OPEN   VALVE-M (Microbone to Getter NP-10)
---------------------------------------- open None (Microbone to Getter NP-10) result=[(True, True)], time=0.14 sec
action=open, ok=True, locked=[False]
close () {'description': 'CO2 Laser to Felix'}
closing name=--- desc=CO2 Laser to Felix
checking ownership. requestor=129.138.12.150
check software interlocks F
interlocks []
actuate state mode=None-script, software_lock=True
VALVE-F(CO2 Laser to Felix) software locked
change switch state (True, False)
---------------------------------------- close None (CO2 Laser to Felix) result=[(True, False)]
action=close, ok=True, locked=[True]
open () {'description': 'CO2 Laser to Jan'}
opening name=--- desc=CO2 Laser to Jan
checking ownership. requestor=129.138.12.150
check software interlocks A
interlocks []
actuate state mode=None-script, software_lock=False
doing actuation None-script open_channel False
Open A ===>> OK
GetIndicatorState A ===>> OK
change switch state (True, True)
update switch state A True args=() kw={} ncanvase=2
04:38:28 -- OPEN   VALVE-A (CO2 Laser to Jan)
---------------------------------------- open None (CO2 Laser to Jan) result=[(True, True)], time=0.13 sec
action=open, ok=True, locked=[False]
open () {'description': 'Microbone to CO2 Laser'}
opening name=--- desc=Microbone to CO2 Laser
checking ownership. requestor=129.138.12.150
check software interlocks T
interlocks []
actuate state mode=None-script, software_lock=False
doing actuation None-script open_channel False
Open T ===>> OK
GetIndicatorState T ===>> OK
change switch state (True, True)
update switch state T True args=() kw={} ncanvase=2
04:38:28 -- OPEN   VALVE-T (Microbone to CO2 Laser)
---------------------------------------- open None (Microbone to CO2 Laser) result=[(True, True)], time=0.42 sec
action=open, ok=True, locked=[False]
executed snippet estimated_duration=0, duration=4.92297506332
PrepareForCO2Analysis.py completed successfully
gosub finished
set_motor ('beam', '1.25') {}
setting motor "beam" to 1.25
set motor beam to 1.25
SetMotor beam,1.25 ===>> OK
GetMotorMoving beam ===>> False
GetMotorMoving beam ===>> False
Block completed
move_to_position ('216',) {'autocenter': True}
FusionsCO2 move to position 216
sending GoToHole 216,True
GoToHole 216,True ===>> OK
GetDriveMoving ===>> OK
GetDriveMoving ===>> OK
GetDriveMoving ===>> OK
GetDriveMoving ===>> False
GetDriveMoving ===>> OK
GetDriveMoving ===>> OK
GetDriveMoving ===>> OK
GetDriveMoving ===>> OK
GetDriveMoving ===>> OK
GetDriveMoving ===>> False
Block completed
GetAutoCorrecting ===>> False
GetAutoCorrecting ===>> False
Block completed
update position
GetPosition ===>> 7.97560,-13.95730,1.00000
got position (7.9756, -13.9573, 1.0)
move to position succeeded
sleep (5,) {}
SLEEP 5.0
block started
WaitControl setup for 5.0  
Join finished
block finished. duration 5.04321193695
close () {'description': 'Microbone to Turbo'}
closing name=--- desc=Microbone to Turbo
checking ownership. requestor=129.138.12.150
check software interlocks U
interlocks []
actuate state mode=None-script, software_lock=False
doing actuation None-script close_channel True
Close U ===>> OK
GetIndicatorState U ===>> False
change switch state (True, True)
update switch state U False args=() kw={} ncanvase=2
04:38:39 -- CLOSE  VALVE-U (Microbone to Turbo)
---------------------------------------- close None (Microbone to Turbo) result=[(True, True)]
action=close, ok=True, locked=[False]
enable laser
enable () {}
set extraction state FusionsCO2 Enabled (False, 'red', 1.5)
enabling laser
Enable ===>> OK
begin interval
BEGIN INTERVAL Interval 1 waiting for 30.0
block started
set extract to 5.0
WaitControl setup for 30.0  
extract (5.0,) {}
GetPosition ===>> 7.97560,-13.95730,1.00000
set extraction state FusionsCO2 ON! 5.0(watts) (0.75, 'red', 1.5)
extract sample to 5.0 (watts)
set laser output
SetLaserOutput 5.0,watts ===>> OK
executing pattern triangle.lp
execute_pattern ('triangle.lp',) {}
executing pattern triangle.lp
IsPatterning ===>> OK
IsPatterning ===>> OK
IsPatterning ===>> OK
IsPatterning ===>> OK
IsPatterning ===>> OK
IsPatterning ===>> OK
IsPatterning ===>> OK
IsPatterning ===>> OK
IsPatterning ===>> OK
IsPatterning ===>> OK
IsPatterning ===>> OK
IsPatterning ===>> OK
IsPatterning ===>> OK
IsPatterning ===>> OK
IsPatterning ===>> OK
IsPatterning ===>> OK
IsPatterning ===>> OK
IsPatterning ===>> OK
IsPatterning ===>> OK
IsPatterning ===>> OK
IsPatterning ===>> OK
IsPatterning ===>> OK
IsPatterning ===>> OK
IsPatterning ===>> OK
IsPatterning ===>> OK
IsPatterning ===>> OK
IsPatterning ===>> False
IsPatterning ===>> False
Block completed
COMPLETE INTERVAL waiting for Interval 1 to complete
Join finished
block finished. duration 30.1123919487
Interval 1 finished
end_extract () {}
ending extraction. set laser power to 0
set laser power 0
SetLaserPower 0 ===>> OK
disable () {}
%%%%%%%%%%%%%%%%%%%%%%%%%%%%%%%%%%% disable
set extraction state False (0.75, 'red', 1.5)
disabling laser
Disable ===>> OK
sleep (30.0,) {}
SLEEP 30.0
block started
WaitControl setup for 30.0  
set states for children of V. state=False
handle state [('V', False)]
update switch state V False args=() kw={'refresh': False} ncanvase=2
refresh_canvas_needed fired
set states for children of H. state=True
handle state [('H', True)]
update switch state H True args=() kw={'refresh': False} ncanvase=2
refresh_canvas_needed fired
Join finished
block finished. duration 30.1276800632
executed snippet estimated_duration=166.5, duration=76.6102049351
jan_co2.py completed successfully
GetAchievedOutput ===>> No Response
Requested Output= 0.000
Achieved Output=  0.000
GetResponseBlob ===>> No Response
GetOutputBlob ===>> No Response
persistence save...
persistence save - db
AutomatedRunPersister post_extraction_save deprecated
persistence save - dvc
no extraction position for 216
create new session 4982376208
close session 4982376208
Extraction Finished
04:39:40 -- ******* Extraction Finished *******
no overlap. not waiting for min ms pumptime
04:39:40 -- Sending spectrometer configuration
======== Sending configuration ========
SetDeflection CDD,50.0 ===>> OK
SetDeflection H2,0.0 ===>> OK
SetDeflection H1,0.0 ===>> OK
SetDeflection L2,825.0 ===>> OK
SetDeflection L1,400.0 ===>> OK
SetDeflection AX,190.0 ===>> OK
SetZFocus 74.64 ===>> OK
SetZSymmetry -50.72 ===>> OK
SetExtractionLens 26.13 ===>> OK
SetIonRepeller -3.81 ===>> OK
SetElectronEnergy 75.08 ===>> OK
SetYSymmetry -2.81 ===>> OK
SetIonCounterVoltage 1590.0 ===>> OK
send trap current 200.0
GetParameter Trap Current Readback ===>> 198.147042666178
SetParameter Trap Current Set,200.0 ===>> OK
updating mftable name mftable
Using mftable located at /Users/jan/PychronDev/setupfiles/spectrometer/mftables/mftable.csv
============ MFtable ===========
Isotope  H2     H1     AX     L1     L2     CDD    
Ar40     5.8015 5.8795 5.9928 6.1414 6.2312 6.3697
Ar39     5.7008 5.7718 5.8852 6.0275 6.1163 6.2561
Ar36     5.3783 5.4408 5.5486 5.6864 5.7713 5.9073
================================
get initial guess parabolic
get initial guess parabolic
get initial guess parabolic
get initial guess parabolic
get initial guess parabolic
get initial guess parabolic
======== Configuration Finished ========
GetYSymmetry ===>> -2.81
GetZSymmetry ===>> -50.72
GetParameter Trap Current Readback ===>> 197.811389855338
GetHighVoltage ===>> 4500
start measurement
do measurement
L#=25347 analysis type=unknown
Measurement Started jan_unknown120_60.py
04:39:40 -- ******* Measurement Started jan_unknown120_60.py *******
state changed from extraction to measurement
setting spec, defl, and gains
GetExtractionLens ===>> 26.13
GetYSymmetry ===>> -2.81
GetZSymmetry ===>> -50.72
GetZFocus ===>> 74.64
GetDeflection H2 ===>> 0
GetDeflection H1 ===>> 0
GetDeflection AX ===>> 190
GetDeflection L1 ===>> 400
GetDeflection L2 ===>> 825
GetDeflection CDD ===>> 50
GetGain H2 ===>> 0.0113
GetGain H1 ===>> 0.1
GetGain AX ===>> 0.097049
GetGain L1 ===>> 0.010355
GetGain L2 ===>> 0.095649
GetGain CDD ===>> 0
pre measurement save
New frame /Users/jan/PychronDev/data/isotopes/75/659ab6-0188-438e-ba7b-202e3e2bbc90.h5
flush and close file /Users/jan/PychronDev/data/isotopes/75/659ab6-0188-438e-ba7b-202e3e2bbc90.h5
testing...
no interpolation path defined
executed snippet estimated_duration=226.132928, duration=0.000146865844727
unknown measurement script
activate_detectors ('H2', 'H1', 'AX', 'L1', 'L2', 'CDD') {}
activate detectors
*************** Set Analysis View Ar/Ar
create graphs
clearing graphs
clear isotope group
setting isotope det=H2, iso=PM41
setting isotope det=H1, iso=Ar40
setting isotope det=AX, iso=Ar39
setting isotope det=L1, iso=Ar38
setting isotope det=L2, iso=Ar37
setting isotope det=CDD, iso=Ar36
setting previous blanks
 - setting Ar40 blank 0.188+/-0.007
 - setting Ar36 blank 0.00429+/-0.00017
 - setting Ar37 blank 0.047+/-0.005
 - setting Ar38 blank 0.0098+/-0.0021
 - setting PM41 blank 0.02+/-0.06
 - setting Ar39 blank 0.013+/-0.009
load analysis view
position_magnet ('Ar40',) {'detector': 'H1'}
detector Detector(H1)
POSITION Ar40 H1
setting detector H2 to PM41 (40.9624)
setting detector H1 to Ar40 (39.9624)
setting detector AX to Ar39 (38.9624)
setting detector L1 to Ar38 (37.9624)
setting detector L2 to Ar37 (36.9624)
setting detector CDD to Ar36 (35.9624)
Mapping mass to dac mass func: "parabolic"
H1 map mass coeffs = [-0.00063987  0.15840543  0.57110999]
H1 map mass to dac 39.9624 >> 5.8795
GetDeflection H1 ===>> 0
GetHighVoltage ===>> 4500
positioning Ar40 (5.8795) on H1
setting magnet DAC
current  : 5.879500
requested: 5.879500
Delta Dac: 0.000000
Checking detector protection. dv=0.00000
Checking detector "CDD". Protection Threshold: 0.1 (V)
SetMagnetDAC 5.8795 ===>> OK
Magnet settling time: 0.500
equilibrate () {'delay': 3, 'inlet': 'R', 'outlet': 'O', 'eqtime': 12.0}
Equilibration Started
04:39:42 -- ******* Equilibration Started *******
checking ownership. requestor=129.138.12.150
check software interlocks O
interlocks []
actuate state mode=None-script, software_lock=False
doing actuation None-script close_channel True
Close O ===>> OK
update labels <pychron.experiment.plot_panel.PlotPanel object at 0x1cb16a9b0>
update labels "<pychron.graph.stacked_regression_graph.StackedRegressionGraph object at 0x1caaa4230>"
setting label 0 H2 PM41
setting label 1 H1 Ar40
setting label 2 AX Ar39
setting label 3 L1 Ar38
setting label 4 L2 Ar37
setting label 5 CDD Ar36
update labels "<pychron.graph.stacked_graph.StackedGraph object at 0x1c7fc0ef0>"
setting label 0 H2 PM41
setting label 1 H1 Ar40
setting label 2 AX Ar39
setting label 3 L1 Ar38
setting label 4 L2 Ar37
setting label 5 CDD Ar36
GetIndicatorState O ===>> False
change switch state (True, True)
update switch state O False args=() kw={} ncanvase=2
04:39:42 -- CLOSE  VALVE-O (Jan Ion Pump)
waiting 3s before opening inlet value ('R',)
checking ownership. requestor=129.138.12.150
check software interlocks R
interlocks []
actuate state mode=None-script, software_lock=False
doing actuation None-script open_channel True
Open R ===>> OK
State checksums do not match. Local:-1062798071 Remote:827972063
State checksum failed
GetIndicatorState R ===>> OK
change switch state (True, True)
update switch state R True args=() kw={} ncanvase=2
04:39:46 -- OPEN   VALVE-R (Jan Inlet)
equilibrating for 12.0sec
set_time_zero () {}
sniff (12.0,) {}
py_sniff
build tables- sniff [Detector(H2), Detector(H1), Detector(AX), Detector(L1), Detector(L2), Detector(CDD)]
add group /sniff/PM41 (Group) '' table H2
add group /sniff/Ar40 (Group) '' table H1
add group /sniff/Ar39 (Group) '' table AX
add group /sniff/Ar38 (Group) '' table L1
add group /sniff/Ar37 (Group) '' table L2
add group /sniff/Ar36 (Group) '' table CDD
flush and close file /Users/jan/PychronDev/data/isotopes/75/659ab6-0188-438e-ba7b-202e3e2bbc90.h5
measuring sniff. ncounts=12.0
"sniff" increment series count="1" fit count="0" regressing="False"
starting measurement
GetData ===>> H2,-0.247865834965765,H1,0.0778474014050847,AX,0.0130869647337013,L1,-0.0117786760500705,L2,-0.00...
GetData ===>> H2,0.485115599542177,H1,302.876948198498,AX,41.0031501898145,L1,0.197999809847925,L2,0.3440690834...
GetData ===>> H2,0.797938650387857,H1,796.049819797426,AX,102.351138099432,L1,0.778379285215879,L2,0.3856584929...
GetData ===>> H2,0.273264364772199,H1,964.840466335624,AX,120.698563595145,L1,1.2137752806631,L2,0.328931456737...
GetData ===>> H2,0.156851879111811,H1,1022.24638507013,AX,126.437525076596,L1,1.38277302831006,L2,0.17912228892...
set states for children of C. state=True
set states for children of H. state=False
handle state [('C', True), ('H', False)]
update switch state C True args=() kw={'refresh': True} ncanvase=2
update switch state H False args=() kw={'refresh': False} ncanvase=2
refresh_canvas_needed fired
GetData ===>> H2,0.0818716666011158,H1,1044.09936519085,AX,128.510720225521,L1,1.52318519164044,L2,0.2322532332...
State checksums do not match. Local:585086244 Remote:-2085675118
State checksum failed
GetData ===>> H2,0.114289031534322,H1,1053.1138562015,AX,129.456003786073,L1,1.56471228055039,L2,0.410755617560...
set states for children of B. state=True
set states for children of D. state=True
handle state [('B', True), ('D', True)]
update switch state B True args=() kw={'refresh': True} ncanvase=2
update switch state D True args=() kw={'refresh': False} ncanvase=2
refresh_canvas_needed fired
GetData ===>> H2,-0.0301208060137707,H1,1057.37331404253,AX,129.518811772722,L1,1.57563483646309,L2,0.393254334...
GetData ===>> H2,-0.040010437034902,H1,1058.60853057349,AX,129.738883798439,L1,1.63620471872942,L2,0.3743857744...
GetData ===>> H2,-0.0350911333010255,H1,1059.0713597593,AX,129.959390312294,L1,1.68465521352094,L2,0.2988573720...
GetData ===>> H2,-0.0621357120139874,H1,1059.91584120767,AX,130.018575627693,L1,1.68832501334205,L2,0.226135282...
Equilibration Finished
04:39:58 -- ******* Equilibration Finished *******
checking ownership. requestor=129.138.12.150
check software interlocks R
interlocks []
actuate state mode=None-script, software_lock=False
doing actuation None-script close_channel True
GetData ===>> H2,-0.0285287565913859,H1,1059.57598922753,AX,129.789775161896,L1,1.69452864925451,L2,0.244056503...
Close R ===>> OK
GetIndicatorState R ===>> False
change switch state (True, True)
update switch state R False args=() kw={} ncanvase=2
04:39:58 -- CLOSE  VALVE-R (Jan Inlet)
Post Equilibration Started jan_pump_extraction_line.py
04:39:58 -- ******* Post Equilibration Started jan_pump_extraction_line.py *******
testing...
no interpolation path defined
calculate duration
testing...
no interpolation path defined
executed snippet estimated_duration=4.0, duration=0.000133991241455
executed snippet estimated_duration=4.0, duration=0.00138306617737
Pump after analysis
doing GOSUB
testing...
no interpolation path defined
executed snippet estimated_duration=4.0, duration=0.000112056732178
Pump Microbone
close () {'description': 'Jan Inlet'}
closing name=--- desc=Jan Inlet
checking ownership. requestor=129.138.12.150
check software interlocks R
interlocks []
actuate state mode=None-script, software_lock=False
doing actuation None-script close_channel False
Close R ===>> OK
measurement finished
estimated time: 12.583 actual time: :12.683
flush and close file /Users/jan/PychronDev/data/isotopes/75/659ab6-0188-438e-ba7b-202e3e2bbc90.h5
set_fits () {}
using default fits file=/Users/jan/PychronDev/scripts/measurement/fits/nominal_linear.yaml
set "Ar40" to "('Linear', 'SEM')"
No fit for "PM41". defaulting to linear. check the measurement script "jan_unknown120_60.py"
set "PM41" to "linear"
set "Ar36" to "('Linear', 'SEM')"
set "Ar37" to "('linear', 'SEM')"
set "Ar38" to "('linear', 'SEM')"
set "Ar39" to "('Linear', 'SEM')"
set_baseline_fits () {}
using default fits file=/Users/jan/PychronDev/scripts/measurement/fits/nominal_linear.yaml
set "H1" to "('average', 'SEM')"
set "H2" to "('average', 'SEM')"
set "CDD" to "('average', 'SEM')"
set "L2" to "('average', 'SEM')"
set "L1" to "('average', 'SEM')"
set "AX" to "('average', 'SEM')"
multicollect () {'integration_time': 1, 'ncounts': 120}
build tables- signal [Detector(H2), Detector(H1), Detector(AX), Detector(L1), Detector(L2), Detector(CDD)]
add group /signal/PM41 (Group) '' table H2
add group /signal/Ar40 (Group) '' table H1
add group /signal/Ar39 (Group) '' table AX
GetIndicatorState R ===>> False
add group /signal/Ar38 (Group) '' table L1
change switch state (True, True)
add group /signal/Ar37 (Group) '' table L2
update switch state R False args=() kw={} ncanvase=2
add group /signal/Ar36 (Group) '' table CDD
flush and close file /Users/jan/PychronDev/data/isotopes/75/659ab6-0188-438e-ba7b-202e3e2bbc90.h5
measuring signal. ncounts=120
04:39:59 -- CLOSE  VALVE-R (Jan Inlet)
---------------------------------------- close None (Jan Inlet) result=[(True, True)]
action=close, ok=True, locked=[False]
is_closed ('F',) {}
is F () closed?
is closed True
open () {'description': 'CO2 Laser to Jan'}
opening name=--- desc=CO2 Laser to Jan
checking ownership. requestor=129.138.12.150
check software interlocks A
interlocks []
actuate state mode=None-script, software_lock=False
doing actuation None-script open_channel False
Open A ===>> OK
GetIndicatorState A ===>> OK
change switch state (True, True)
update switch state A True args=() kw={} ncanvase=2
04:39:59 -- OPEN   VALVE-A (CO2 Laser to Jan)
---------------------------------------- open None (CO2 Laser to Jan) result=[(True, True)], time=0.12 sec
"signal" increment series count="2" fit count="1" regressing="True"
starting measurement
GetData ===>> H2,-0.0660580642877098,H1,1059.52613353598,AX,130.110872120906,L1,1.6730915942274,L2,0.3648843708...
action=open, ok=True, locked=[False]
sleep (1,) {}
SLEEP 1.0
GetData ===>> H2,-0.135581753930056,H1,1059.30620905545,AX,129.941649308686,L1,1.6709020823183,L2,0.31706048155...
close () {'description': 'CO2 Laser to Roughing'}
closing name=--- desc=CO2 Laser to Roughing
checking ownership. requestor=129.138.12.150
check software interlocks G
interlocks []
actuate state mode=None-script, software_lock=True
VALVE-G(CO2 Laser to Roughing) software locked
change switch state (True, False)
---------------------------------------- close None (CO2 Laser to Roughing) result=[(True, False)]
action=close, ok=True, locked=[True]
open () {'description': 'Microbone to Turbo'}
opening name=--- desc=Microbone to Turbo
checking ownership. requestor=129.138.12.150
check software interlocks U
interlocks []
actuate state mode=None-script, software_lock=False
doing actuation None-script open_channel True
Open U ===>> OK
GetIndicatorState U ===>> OK
change switch state (True, True)
update switch state U True args=() kw={} ncanvase=2
04:40:01 -- OPEN   VALVE-U (Microbone to Turbo)
---------------------------------------- open None (Microbone to Turbo) result=[(True, True)], time=0.20 sec
action=open, ok=True, locked=[False]
open () {'description': 'Microbone to Getter NP-10'}
opening name=--- desc=Microbone to Getter NP-10
checking ownership. requestor=129.138.12.150
check software interlocks M
interlocks []
actuate state mode=None-script, software_lock=False
doing actuation None-script open_channel False
Open M ===>> OK
GetIndicatorState M ===>> OK
change switch state (True, True)
update switch state M True args=() kw={} ncanvase=2
04:40:01 -- OPEN   VALVE-M (Microbone to Getter NP-10)
---------------------------------------- open None (Microbone to Getter NP-10) result=[(True, True)], time=0.14 sec
action=open, ok=True, locked=[False]
open () {'description': 'Microbone to Getter D-50'}
opening name=--- desc=Microbone to Getter D-50
checking ownership. requestor=129.138.12.150
check software interlocks K
interlocks []
actuate state mode=None-script, software_lock=False
doing actuation None-script open_channel False
GetData ===>> H2,-0.0769571467993682,H1,1059.13823234914,AX,129.657436709746,L1,1.6970501276463,L2,0.2682109223...
Open K ===>> OK
GetIndicatorState K ===>> OK
change switch state (True, True)
update switch state K True args=() kw={} ncanvase=2
04:40:02 -- OPEN   VALVE-K (Microbone to Getter D-50)
---------------------------------------- open None (Microbone to Getter D-50) result=[(True, True)], time=0.41 sec
action=open, ok=True, locked=[False]
open () {'description': 'Microbone to CO2 Laser'}
opening name=--- desc=Microbone to CO2 Laser
checking ownership. requestor=129.138.12.150
check software interlocks T
interlocks []
actuate state mode=None-script, software_lock=False
doing actuation None-script open_channel False
Open T ===>> OK
GetIndicatorState T ===>> OK
change switch state (True, True)
update switch state T True args=() kw={} ncanvase=2
04:40:03 -- OPEN   VALVE-T (Microbone to CO2 Laser)
---------------------------------------- open None (Microbone to CO2 Laser) result=[(True, True)], time=0.41 sec
GetData ===>> H2,-0.0220673806691467,H1,1058.47476922657,AX,129.665610496448,L1,1.70992933153428,L2,0.218693824...
action=open, ok=True, locked=[False]
open () {'description': 'Microbone to Inlet Pipette'}
opening name=--- desc=Microbone to Inlet Pipette
checking ownership. requestor=129.138.12.150
check software interlocks S
interlocks []
actuate state mode=None-script, software_lock=False
doing actuation None-script open_channel False
Open S ===>> OK
GetIndicatorState S ===>> OK
change switch state (True, True)
update switch state S True args=() kw={} ncanvase=2
04:40:03 -- OPEN   VALVE-S (Microbone to Inlet Pipette)
---------------------------------------- open None (Microbone to Inlet Pipette) result=[(True, True)], time=0.44 sec
action=open, ok=True, locked=[False]
sleep (1,) {}
SLEEP 1.0
GetData ===>> H2,-0.101705648764165,H1,1058.16182193551,AX,129.71154981696,L1,1.64818193489088,L2,0.30481437262...
set_resource () {'name': 'CO2PumpTimeFlag', 'value': 30}
Set CO2PumpTimeFlag 30 ===>> OK
release ('JanCO2Flag',) {}
release JanCO2Flag
Set JanCO2Flag 0 ===>> OK
executed snippet estimated_duration=6.0, duration=6.00839304924
PumpMicrobone.py completed successfully
gosub finished
get_resource_value () {'name': 'JanMiniboneFlag'}
Read JanMiniboneFlag ===>> 0
Get Resource Value JanMiniboneFlag=0.0
get resource value 0.0
get_resource_value () {'name': 'JanMiniboneFlag'}
Read JanMiniboneFlag ===>> 0
Get Resource Value JanMiniboneFlag=0.0
executed snippet estimated_duration=4.0, duration=6.02522301674
jan_pump_extraction_line.py completed successfully
Post Equilibration Finished
04:40:05 -- ******* Post Equilibration Finished *******
GetData ===>> H2,-0.208199252292486,H1,1057.27403020737,AX,129.55830133033,L1,1.62423193417793,L2,0.36707691884...
GetData ===>> H2,-0.129400829848337,H1,1056.88365675022,AX,129.632067745079,L1,1.66477898088001,L2,0.2794255182...
GetData ===>> H2,-0.0695005796253618,H1,1056.46422781497,AX,129.604178480591,L1,1.67454458123585,L2,0.237458364...
GetData ===>> H2,-0.0346512245591208,H1,1056.10120426922,AX,129.38474344491,L1,1.66891825737223,L2,0.1866747620...
GetData ===>> H2,0.0208430742684288,H1,1055.80283201367,AX,129.49644377681,L1,1.67143610077496,L2,0.25097476383...
GetData ===>> H2,-0.0811645602629739,H1,1055.22374991455,AX,129.511181582687,L1,1.66647112775563,L2,0.394225275...
GetData ===>> H2,-0.04304457737233,H1,1054.88923451309,AX,129.334229974461,L1,1.68610712634761,L2,0.27453109266...
GetData ===>> H2,-0.0981125470345043,H1,1054.76463796213,AX,129.58087111138,L1,1.67629414084356,L2,0.1858989518...
GetData ===>> H2,-0.146676211287917,H1,1053.81475446105,AX,129.275664881357,L1,1.64308105016397,L2,0.3902159257...
GetData ===>> H2,-0.106051323090035,H1,1054.03097025225,AX,129.301084241087,L1,1.65662188980569,L2,0.2784899677...
GetData ===>> H2,-0.0825070818492626,H1,1053.71670178905,AX,129.063175387755,L1,1.65111005725764,L2,0.290755532...
GetData ===>> H2,-0.0571860464977738,H1,1052.81019846838,AX,129.185695561191,L1,1.69899302596465,L2,0.279596656...
GetData ===>> H2,-0.136267278535657,H1,1052.24939369944,AX,129.365818358083,L1,1.65697645644084,L2,0.3926603524...
GetData ===>> H2,-0.11255940181316,H1,1052.1222665202,AX,129.32434538859,L1,1.65993292620667,L2,0.2604766964879...
GetData ===>> H2,-0.046602818638339,H1,1051.6705973652,AX,129.011720674141,L1,1.72215801862924,L2,0.17137648894...
GetData ===>> H2,-0.0786904373570229,H1,1051.36942373651,AX,129.188223847664,L1,1.69648931507055,L2,0.275888728...
GetData ===>> H2,-0.0281578803817169,H1,1050.75413801918,AX,128.903616827873,L1,1.68211025836784,L2,0.297864574...
GetData ===>> H2,-0.0616123696937767,H1,1050.54656736951,AX,128.685049842008,L1,1.6594171749231,L2,0.3700803342...
GetData ===>> H2,-0.200082550273658,H1,1050.26812696056,AX,128.748914486502,L1,1.66353087278949,L2,0.3570053155...
04:40:25 -- collecting point 25
GetData ===>> H2,-0.1637164188174,H1,1049.98863687241,AX,128.764639364253,L1,1.68555857435716,L2,0.221113376371...
GetData ===>> H2,-0.0850765323250506,H1,1049.51564999833,AX,128.571493709714,L1,1.65488948465832,L2,0.262358862...
GetData ===>> H2,-0.194923990477168,H1,1049.3246431941,AX,128.920504498802,L1,1.60407349084899,L2,0.26495973361...
GetData ===>> H2,-0.24218901526935,H1,1048.97843870336,AX,128.761401764426,L1,1.6271441474485,L2,0.434590832073...
GetData ===>> H2,-0.0891912207290852,H1,1048.8225621269,AX,128.483368491734,L1,1.6361657937661,L2,0.27570618836...
GetData ===>> H2,-0.0965092292976658,H1,1047.716771218,AX,128.519096753091,L1,1.64042890403651,L2,0.38123833285...
GetData ===>> H2,-0.0234074243391515,H1,1047.90042974378,AX,128.367983600088,L1,1.66677374194608,L2,0.197411251...
GetData ===>> H2,0.00308094330770843,H1,1046.89239937448,AX,128.347121846432,L1,1.68374916117152,L2,0.246762100...
GetData ===>> H2,-0.131479910095641,H1,1046.66177806294,AX,128.474778691274,L1,1.64014464475709,L2,0.2785470132...
GetData ===>> H2,-0.244443131042484,H1,1046.75444833965,AX,128.298453725636,L1,1.62511802905658,L2,0.3540479823...
GetData ===>> H2,-0.114693860226152,H1,1045.64336921765,AX,128.109210239178,L1,1.61943186755818,L2,0.3391599379...
GetData ===>> H2,-0.0475938445515275,H1,1045.54365157893,AX,128.1154048709,L1,1.62501563129497,L2,0.29635828099...
GetData ===>> H2,-0.189196348011098,H1,1045.03696622016,AX,128.196446241575,L1,1.63624364383189,L2,0.2266831428...
GetData ===>> H2,-0.0932314740581425,H1,1044.56337493073,AX,128.298472974781,L1,1.66945867424435,L2,0.321820109...
GetData ===>> H2,-0.0983386724662223,H1,1044.14468028165,AX,128.044854004535,L1,1.68839132288141,L2,0.253383714...
GetData ===>> H2,-0.131835651286467,H1,1043.77451334986,AX,128.209046959629,L1,1.66686206011709,L2,0.3250275698...
GetData ===>> H2,-0.138976520692439,H1,1043.65845483915,AX,128.069527913193,L1,1.60157374597478,L2,0.2554273738...
GetData ===>> H2,-0.100806802975254,H1,1043.34735472313,AX,128.143341381249,L1,1.60407867495033,L2,0.3466379226...
GetData ===>> H2,-0.114807542382399,H1,1042.8460229661,AX,127.938198989804,L1,1.66094501287627,L2,0.24806355385...
GetData ===>> H2,-0.0364175454375,H1,1042.57599795875,AX,127.917587607224,L1,1.6976604181421,L2,0.2952856317625...
GetData ===>> H2,-0.0549573163891198,H1,1041.58535730086,AX,127.69953644651,L1,1.64719698551306,L2,0.2898541030...
GetData ===>> H2,-0.0743845055050208,H1,1041.58306296873,AX,128.054296184898,L1,1.61732756149032,L2,0.330312694...
GetData ===>> H2,-0.134236274564257,H1,1040.92405829259,AX,127.806865744489,L1,1.61868889601233,L2,0.2528014505...
GetData ===>> H2,-0.0234780978006867,H1,1040.84029864499,AX,127.754738663097,L1,1.61710976377422,L2,0.176646758...
GetData ===>> H2,-0.0148175081692025,H1,1040.11576984232,AX,127.841240772085,L1,1.61203812521196,L2,0.294692256...
04:40:51 -- collecting point 50
GetData ===>> H2,-0.158869904459801,H1,1039.86236310242,AX,127.710602274671,L1,1.62459906236732,L2,0.3607163840...
GetData ===>> H2,-0.107919817363521,H1,1039.57935322079,AX,127.592279558146,L1,1.6096839156189,L2,0.38226625887...
GetData ===>> H2,-0.104679184453431,H1,1038.91481819901,AX,127.653014487587,L1,1.6176607485767,L2,0.30567029394...
GetData ===>> H2,-0.051080755637995,H1,1038.68326478925,AX,127.552743183904,L1,1.61217418482085,L2,0.2420929961...
GetData ===>> H2,-0.0425032135292372,H1,1038.35660665243,AX,127.546098605066,L1,1.60902063102586,L2,0.380256102...
GetData ===>> H2,-0.0834877946106856,H1,1037.85911202971,AX,127.445426446415,L1,1.62243279595313,L2,0.334262459...
GetData ===>> H2,-0.0349417834716968,H1,1037.4445939235,AX,127.450339568781,L1,1.61162736509968,L2,0.2916227392...
GetData ===>> H2,-0.265273871499479,H1,1037.23454052578,AX,127.531158905455,L1,1.60834443330178,L2,0.2051591582...
GetData ===>> H2,-0.261539832945781,H1,1036.26977912681,AX,127.302049457593,L1,1.6260487263037,L2,0.38070153142...
GetData ===>> H2,-0.101313089319113,H1,1036.36167104604,AX,127.222928589617,L1,1.65921581769554,L2,0.2909609231...
GetData ===>> H2,-0.0982723247520884,H1,1035.65517679744,AX,127.333823832143,L1,1.63580120336555,L2,0.318236099...
GetData ===>> H2,-0.0736727922935252,H1,1035.03767198368,AX,127.291612867055,L1,1.60718514998887,L2,0.314572328...
GetData ===>> H2,-0.0876747389763755,H1,1034.8557933141,AX,127.122677887287,L1,1.60633551914231,L2,0.2971342475...
GetData ===>> H2,-0.0872703320096181,H1,1034.41580528289,AX,127.017293254917,L1,1.64217096541966,L2,0.292067756...
GetData ===>> H2,-0.180709418837673,H1,1033.87288391352,AX,126.993155441004,L1,1.59600613715215,L2,0.3262717738...
GetData ===>> H2,-0.122734065657037,H1,1033.86302880136,AX,126.955930108845,L1,1.57155750562226,L2,0.2748049000...
GetData ===>> H2,-0.0175267313748065,H1,1033.10872802641,AX,127.025634008853,L1,1.59555805440453,L2,0.231088966...
GetData ===>> H2,-0.0736700809199647,H1,1032.94763687726,AX,127.014033767467,L1,1.60609981015304,L2,0.169140704...
GetData ===>> H2,-0.0363958244761165,H1,1032.72723852011,AX,126.965647734731,L1,1.63600620287134,L2,0.319845462...
GetData ===>> H2,-0.0174098975147039,H1,1032.62704786115,AX,126.830702152326,L1,1.62619131926403,L2,0.310805982...
GetData ===>> H2,0.0505610908571674,H1,1032.24677912243,AX,126.687890465737,L1,1.61351543490679,L2,0.2392048866...
GetData ===>> H2,-0.00988110038768195,H1,1031.29170022727,AX,126.534337149585,L1,1.63628127156323,L2,0.40165043...
GetData ===>> H2,-0.0943923409412201,H1,1030.74301113164,AX,126.620098937366,L1,1.60833795651539,L2,0.301459234...
GetData ===>> H2,-0.0889987918911877,H1,1030.34197749974,AX,126.442156451292,L1,1.62473047804894,L2,0.284981964...
GetData ===>> H2,-0.138823771256373,H1,1029.94916810269,AX,126.417757115642,L1,1.64226443709609,L2,0.2036642997...
04:41:17 -- collecting point 75
GetData ===>> H2,-0.254093731144502,H1,1029.91566305559,AX,126.613224820578,L1,1.59928314187632,L2,0.3384407121...
GetData ===>> H2,-0.0964347453574056,H1,1029.32028719797,AX,126.548500002404,L1,1.6063847337519,L2,0.3403929090...
GetData ===>> H2,-0.038062787911001,H1,1029.11111269903,AX,126.44940998838,L1,1.62417355804526,L2,0.26192539037...
GetData ===>> H2,-0.094707935359345,H1,1028.87729082298,AX,126.264760766912,L1,1.64262405088671,L2,0.2527557829...
GetData ===>> H2,-0.234587536434552,H1,1028.64876486919,AX,126.235000243845,L1,1.62227844971485,L2,0.2391021491...
GetData ===>> H2,-0.12027512213535,H1,1027.97468973213,AX,126.377214577367,L1,1.64577876294086,L2,0.21079646811...
GetData ===>> H2,-0.135134180012887,H1,1027.79978735522,AX,126.356248975551,L1,1.65592447920503,L2,0.4858859334...
GetData ===>> H2,-0.0347041774363548,H1,1027.46628556389,AX,126.206067443784,L1,1.62157159785658,L2,0.347037526...
GetData ===>> H2,0.0149150906191341,H1,1026.75042478009,AX,126.08162129684,L1,1.63688982086127,L2,0.27320770118...
GetData ===>> H2,-0.045289915915294,H1,1026.21669128321,AX,125.956528417479,L1,1.6005190753083,L2,0.25134009840...
GetData ===>> H2,-0.151565192287217,H1,1026.34250570084,AX,125.978383014908,L1,1.61751684161823,L2,0.3186469978...
GetData ===>> H2,-0.185641568485778,H1,1026.34221328789,AX,126.038078055883,L1,1.6324607743512,L2,0.36426772576...
GetData ===>> H2,-0.133196292244297,H1,1025.6287817641,AX,125.841647910489,L1,1.61547512367201,L2,0.31902365671...
GetData ===>> H2,-0.192438638645015,H1,1025.39495133458,AX,125.900829713876,L1,1.60774469924148,L2,0.2940304191...
GetData ===>> H2,-0.109739460930588,H1,1024.80043657209,AX,126.004692718738,L1,1.59397178274779,L2,0.2652563287...
GetData ===>> H2,-0.0586535416542074,H1,1024.39439840084,AX,125.693529897857,L1,1.58851289343017,L2,0.271359547...
GetData ===>> H2,0.0248695963960608,H1,1023.29209724712,AX,125.662525740467,L1,1.58289555053406,L2,0.2356319705...
GetData ===>> H2,-0.144198502934188,H1,1022.54713049109,AX,125.746425992051,L1,1.60876413728431,L2,0.2505865973...
GetData ===>> H2,-0.214641830262235,H1,1022.59064031584,AX,125.665637340016,L1,1.59930905098836,L2,0.2898312821...
GetData ===>> H2,-0.215762138130045,H1,1022.40865180395,AX,125.850243007037,L1,1.59523819160542,L2,0.2586813350...
GetData ===>> H2,-0.167317890296684,H1,1021.86292727743,AX,125.715908547941,L1,1.5856091622531,L2,0.25065509724...
GetData ===>> H2,-0.193080245940498,H1,1021.10904414605,AX,125.790125196897,L1,1.5943421079026,L2,0.28668205009...
GetData ===>> H2,-0.1148833298543,H1,1020.91964375269,AX,125.457947486067,L1,1.59413752111713,L2,0.372729813012...
GetData ===>> H2,-0.222331482778782,H1,1019.89746761113,AX,125.440379427893,L1,1.63327535535963,L2,0.2345361508...
GetData ===>> H2,-0.180554242508441,H1,1020.10732628445,AX,125.667699046632,L1,1.60274644221484,L2,0.2493193590...
04:41:44 -- collecting point 100
GetData ===>> H2,-0.211831146348002,H1,1019.8225690825,AX,125.499786683984,L1,1.61357893780377,L2,0.28608872811...
GetData ===>> H2,-0.188615199018308,H1,1019.59673749429,AX,125.313891485561,L1,1.58063527854218,L2,0.2181802484...
GetData ===>> H2,-0.154271294632428,H1,1018.88925073846,AX,125.266033225952,L1,1.56606872231232,L2,0.2930947259...
GetData ===>> H2,-0.217909902935952,H1,1018.78462214469,AX,125.429278782689,L1,1.59861470813528,L2,0.3630572858...
GetData ===>> H2,-0.194725883210876,H1,1018.56076205448,AX,125.185088120297,L1,1.60780557786449,L2,0.2630775168...
GetData ===>> H2,-0.173385696518855,H1,1018.1549764147,AX,125.214835021732,L1,1.61792523119424,L2,0.33502731744...
GetData ===>> H2,-0.158236423023629,H1,1017.61698675886,AX,125.207802743634,L1,1.61089399602987,L2,0.2853470808...
GetData ===>> H2,-0.0633246671741132,H1,1017.19082753801,AX,125.085292260479,L1,1.63780335742873,L2,0.277691334...
GetData ===>> H2,0.0155371340943366,H1,1017.31486388093,AX,125.01000988031,L1,1.60369376214748,L2,0.21448258093...
GetData ===>> H2,-0.0418546284851238,H1,1017.02397191678,AX,125.002392181625,L1,1.62581021134624,L2,0.230004612...
GetData ===>> H2,-0.10988568727042,H1,1016.12201448328,AX,125.115361780782,L1,1.60020424873709,L2,0.26557573984...
GetData ===>> H2,-0.122608291042683,H1,1015.47612358762,AX,125.113646637057,L1,1.56213685484108,L2,0.2197780501...
GetData ===>> H2,-0.0819990827341029,H1,1015.40946781744,AX,124.869015845728,L1,1.58716056911684,L2,0.328360703...
GetData ===>> H2,-0.122521735659868,H1,1015.71090949242,AX,124.921114833005,L1,1.57110873058423,L2,0.2964039259...
GetData ===>> H2,-0.136169928452496,H1,1015.01116546775,AX,124.885142627704,L1,1.60410848358103,L2,0.3205987914...
GetData ===>> H2,-0.0389748991947923,H1,1014.24680111425,AX,124.934408888168,L1,1.60702065834705,L2,0.309390787...
GetData ===>> H2,-0.109035896492892,H1,1014.2883472568,AX,124.670284898511,L1,1.59481344907887,L2,0.36580934591...
GetData ===>> H2,-0.129510310019362,H1,1013.75200860542,AX,124.56025611037,L1,1.56847982474755,L2,0.27448545817...
GetData ===>> H2,-0.150312085377096,H1,1013.17043820896,AX,124.608166185979,L1,1.5948717206991,L2,0.18907068622...
GetData ===>> H2,-0.00970573163655575,H1,1012.54030510412,AX,124.64142466025,L1,1.59343962429062,L2,0.303924222...
GetData ===>> H2,-0.0702261148597745,H1,1012.2209493781,AX,124.61975581031,L1,1.59129960049862,L2,0.29738529683...
measurement finished
estimated time: 125.829 actual time: :126.436
flush and close file /Users/jan/PychronDev/data/isotopes/75/659ab6-0188-438e-ba7b-202e3e2bbc90.h5
baselines () {'settling_time': 15.0, 'detector': 'H1', 'mass': 34.2, 'ncounts': 60}
%%%%%%%%%%%%%%%%%%%%%%%%%%%%%%%% Baseline
build tables- baseline [Detector(H2), Detector(H1), Detector(AX), Detector(L1), Detector(L2), Detector(CDD)]
add group baseline table H2
add group baseline table H1
add group baseline table AX
add group baseline table L1
add group baseline table L2
add group baseline table CDD
flush and close file /Users/jan/PychronDev/data/isotopes/75/659ab6-0188-438e-ba7b-202e3e2bbc90.h5
detector Detector(H1)
POSITION 34.2 H1
Mapping mass to dac mass func: "parabolic"
H1 map mass coeffs = [-0.00063987  0.15840543  0.57110999]
H1 map mass to dac 34.2 >> 5.24015599104
GetDeflection H1 ===>> 0
GetHighVoltage ===>> 4500
positioning 34.2 (5.24015599104) on H1
setting magnet DAC
current  : 5.879500
requested: 5.240156
Delta Dac: 0.639344
Checking detector protection. dv=0.63934
Checking detector "CDD". Protection Threshold: 0.1 (V)
ProtectDetector CDD,On ===>> OK
GetDeflection CDD ===>> 2000
Protected = 2000
SetMagnetDAC 5.24015599104 ===>> OK
Magnet settling time: 0.500
GetMagnetMoving ===>> True
GetMagnetMoving ===>> True
GetMagnetMoving ===>> True
GetMagnetMoving ===>> True
GetMagnetMoving ===>> True
GetMagnetMoving ===>> True
GetMagnetMoving ===>> True
GetMagnetMoving ===>> True
GetMagnetMoving ===>> False
ProtectDetector CDD,Off ===>> OK
GetDeflection CDD ===>> 50
Delaying 15.0s for detectors to settle
Join finished
measuring baseline. ncounts=60
"baseline" increment series count="2" fit count="1" regressing="True"
starting measurement
GetData ===>> H2,-0.261924454326566,H1,-0.0163911173051588,AX,-0.0726397695977562,L1,-0.0285518348543915,L2,-0....
GetData ===>> H2,-0.193197510568956,H1,0.0122607485829597,AX,-0.138756416185391,L1,-0.0536177052454797,L2,-0.03...
GetData ===>> H2,-0.170329936202549,H1,-0.00667044174089675,AX,-0.0916605873316165,L1,-0.0338512965913023,L2,-0...
GetData ===>> H2,-0.103741325720805,H1,-0.0209827645866188,AX,-0.0492788339416033,L1,-0.000284430828572993,L2,0...
GetData ===>> H2,-0.258794316608253,H1,-0.0637048003941264,AX,-0.0746799621952139,L1,0.0185010588497808,L2,-0.1...
GetData ===>> H2,-0.267712363766709,H1,0.0144201099177678,AX,-0.0498353879415248,L1,-0.00659991386187324,L2,-0....
GetData ===>> H2,-0.28109854408468,H1,0.000140557182004741,AX,-0.129077046103864,L1,-0.0133105705007715,L2,-0.1...
GetData ===>> H2,-0.207358469605368,H1,0.0554448919067642,AX,-0.0792586478033593,L1,-0.0558281069228885,L2,0.07...
GetData ===>> H2,-0.154196977452115,H1,0.0358492252660493,AX,0.117117503839649,L1,-0.0239662956868884,L2,0.0160...
GetData ===>> H2,-0.118755937628333,H1,0.0384625547818153,AX,-0.158188150406501,L1,-0.00300234971946047,L2,-0.0...
GetData ===>> H2,-0.274416171942219,H1,-0.0507100742821674,AX,-0.232586458421713,L1,-0.0391677113348871,L2,0.03...
GetData ===>> H2,-0.196289075365199,H1,-0.0862091044985245,AX,-0.242525099003535,L1,-0.0419678836011482,L2,-0.0...
GetData ===>> H2,-0.130464499876497,H1,0.00626011607673966,AX,-0.0109153174648166,L1,-0.00635523867341058,L2,-0...
GetData ===>> H2,-0.251908777765498,H1,-0.00855501457521764,AX,-0.140808757622516,L1,-0.0116240352495728,L2,0.0...
GetData ===>> H2,-0.329625540970757,H1,0.0622481821433098,AX,-0.07042564854705,L1,-0.037455844577811,L2,-0.0054...
GetData ===>> H2,-0.13410645102925,H1,0.0292625055689168,AX,0.0211973382902593,L1,-0.0405750810611303,L2,0.0349...
GetData ===>> H2,-0.173476075110464,H1,0.0616275119423861,AX,-0.216726546721378,L1,-0.0420409315451605,L2,0.008...
GetData ===>> H2,-0.262023969611553,H1,-0.024620153812127,AX,-0.0742394696871599,L1,-0.0548393061549637,L2,-0.0...
GetData ===>> H2,-0.256877757238262,H1,0.0784437283494867,AX,-0.115173569765535,L1,-0.0337806554719621,L2,-0.04...
GetData ===>> H2,-0.0663904250159666,H1,0.020445093624777,AX,-0.0614179456170152,L1,-0.0139374053004603,L2,0.02...
GetData ===>> H2,-0.221274071539378,H1,-0.0343748598170322,AX,-0.112462160342041,L1,-0.0235623996666581,L2,-0.0...
GetData ===>> H2,-0.276093851921833,H1,-0.0228670679661701,AX,-0.101743242217148,L1,-0.000368439308466816,L2,-0...
GetData ===>> H2,-0.161728909953061,H1,0.00368341410201829,AX,-0.0818782545671774,L1,-0.0148441217067923,L2,0.0...
GetData ===>> H2,-0.103458464240234,H1,-0.00331867706930815,AX,0.051057225215311,L1,-0.0146169316160581,L2,0.06...
04:42:49 -- collecting point 25
GetData ===>> H2,-0.148592889034631,H1,0.0371976470460613,AX,-0.0492208593835672,L1,-0.00449359348298355,L2,0.0...
GetData ===>> H2,-0.127334024509765,H1,0.0502174145218028,AX,-0.178021674695879,L1,0.0179425217386752,L2,0.0166...
GetData ===>> H2,-0.214938076312452,H1,0.045288559122514,AX,-0.0149170556372863,L1,-0.0141351557873406,L2,-0.09...
GetData ===>> H2,-0.219600869740954,H1,-0.104251802395194,AX,-0.0630178302006863,L1,-0.0214599608420363,L2,-0.0...
GetData ===>> H2,-0.195119399008659,H1,-0.0118946767480253,AX,-0.0973046849611332,L1,0.00631396678725398,L2,-0....
GetData ===>> H2,-0.21388636769698,H1,-0.0577083612301575,AX,-0.0230244208145359,L1,0.00750297576991597,L2,-0.0...
GetData ===>> H2,-0.115953773866987,H1,0.0304318553268292,AX,-0.217444874767988,L1,0.0120707469858339,L2,-0.012...
GetData ===>> H2,-0.111867680839139,H1,0.0492745880631198,AX,-0.17393010982735,L1,-0.0107812610661645,L2,-0.027...
GetData ===>> H2,-0.138024844676086,H1,0.0136804339393005,AX,-0.138118674151922,L1,-0.056818007258273,L2,-0.006...
GetData ===>> H2,-0.176589103309641,H1,-0.0045114887483376,AX,-0.0372541713257259,L1,-0.0432467446446672,L2,-0....
GetData ===>> H2,-0.34408657328979,H1,-0.0236780230586263,AX,-0.0877779070891746,L1,-0.0329915963517353,L2,0.00...
GetData ===>> H2,-0.241991169897409,H1,-0.0130754592100544,AX,-0.110214182410255,L1,-0.0427761714445799,L2,-0.0...
GetData ===>> H2,-0.26834945735233,H1,0.0135372714779926,AX,-0.0979884445734474,L1,-0.00159248336900101,L2,0.03...
GetData ===>> H2,-0.244082502757365,H1,-0.010332205816632,AX,-0.101615766895744,L1,-0.0144491516067549,L2,-0.01...
GetData ===>> H2,-0.32414415903458,H1,-0.0231532881608708,AX,-0.0926573101019353,L1,0.00977100057725766,L2,0.02...
GetData ===>> H2,-0.274015855925662,H1,-0.00317553871267402,AX,-0.0371614005542693,L1,-0.0297449064642384,L2,0....
GetData ===>> H2,-0.245519564879955,H1,-0.0253595413570061,AX,-0.153527670670997,L1,-0.0314935307327363,L2,-0.0...
GetData ===>> H2,-0.108703113463272,H1,-0.025693456522302,AX,-0.103191813681532,L1,-0.00511737893127784,L2,-0.0...
GetData ===>> H2,-0.128925051898617,H1,0.107119318350679,AX,-0.111604690351693,L1,-0.0184098044444979,L2,0.0101...
GetData ===>> H2,-0.286785578567836,H1,-0.0118111865517132,AX,-0.0344246230113117,L1,-0.0356430324304982,L2,-0....
GetData ===>> H2,-0.184343984669224,H1,-0.058352131359629,AX,-0.0350624382148977,L1,-0.0342416097600314,L2,-0.0...
GetData ===>> H2,-0.197751055648221,H1,0.0247880790451795,AX,0.0511495400767922,L1,-0.0344494891947039,L2,0.008...
GetData ===>> H2,-0.192022113596312,H1,0.107668099389824,AX,-0.0583224420674954,L1,-0.00431124889812419,L2,-0.0...
GetData ===>> H2,-0.257094159275548,H1,0.0753786456378027,AX,-0.120468711288898,L1,-0.033015544429006,L2,-0.087...
GetData ===>> H2,-0.287522931786819,H1,0.0579990554497869,AX,-0.0818782545671774,L1,-0.0306276404222568,L2,-0.0...
04:43:16 -- collecting point 50
GetData ===>> H2,-0.224509303491356,H1,-0.0710240224458534,AX,-0.0788297674111184,L1,0.0225114232413161,L2,-0.0...
GetData ===>> H2,-0.22360563291321,H1,0.0641818332016487,AX,-0.0250424582467344,L1,-0.00715400921724116,L2,0.03...
GetData ===>> H2,-0.313821730848302,H1,-0.0535356766433679,AX,-0.134361708941167,L1,-0.00847316112810743,L2,-0....
GetData ===>> H2,-0.230912385289922,H1,0.0499071162261224,AX,-0.0368714913233884,L1,-0.0197635453784664,L2,-0.0...
GetData ===>> H2,-0.222575279488544,H1,-0.0276730735513152,AX,-0.150675625167484,L1,0.0492197417592473,L2,0.020...
GetData ===>> H2,-0.270081793586421,H1,0.00369534312503208,AX,-0.0916953569024596,L1,0.0464760178566711,L2,-0.0...
GetData ===>> H2,-0.19664784447494,H1,-0.0310120978918914,AX,-0.0362104950478329,L1,0.0174320579012622,L2,-0.03...
GetData ===>> H2,-0.139292827144197,H1,-0.00857886970015969,AX,-0.174034429483773,L1,-0.0286488670504134,L2,-0....
GetData ===>> H2,-0.256259442835497,H1,0.00839548880435821,AX,-0.145666952625539,L1,-0.0475539198977264,L2,-0.0...
GetData ===>> H2,-0.126184885555235,H1,-0.0212451380690702,AX,-0.0336824327851408,L1,-0.00661790444984869,L2,-0...
GetData ===>> H2,-0.222688420926302,H1,-0.0674956043813733,AX,-0.153133490500545,L1,0.0064795317769365,L2,-0.05...
measurement finished
estimated time: 62.915 actual time: :63.179
flush and close file /Users/jan/PychronDev/data/isotopes/75/659ab6-0188-438e-ba7b-202e3e2bbc90.h5
activate_detectors ('H1', 'AX', 'CDD') {'peak_center': True}
peak_center () {'detector': 'H1', 'integration_time': 0.262144, 'isotope': 'Ar40'}
peak center: mean=1014.1826516 threshold=3
peak center started
setup peak center. detector=['H1', 'AX', 'CDD'], isotope=Ar40
VersionedUnpickler [<apptools.sweet_pickle.versioned_unpickler.VersionedUnpickler object at 0x1acbdd530>] using Updater [<apptools.sweet_pickle.updater.Updater object at 0x134a15590>]
VersionedUnpickler [<apptools.sweet_pickle.versioned_unpickler.VersionedUnpickler object at 0x1acbdd530>] using Updater [<apptools.sweet_pickle.updater.Updater object at 0x134a15590>]
VersionedUnpickler [<apptools.sweet_pickle.versioned_unpickler.VersionedUnpickler object at 0x19dce87d0>] using Updater [<apptools.sweet_pickle.updater.Updater object at 0x134a15590>]
setting integration time = 0.524288
SetIntegrationTime 0.524288 ===>> OK
Mapping mass to dac mass func: "parabolic"
H1 map mass coeffs = [-0.00063987  0.15840543  0.57110999]
H1 map mass to dac 39.9624 >> 5.8795
GetDeflection H1 ===>> 0
GetHighVoltage ===>> 4500
do peak center. <pychron.spectrometer.jobs.peak_center.PeakCenter object at 0x134a156b0>
doing pc
starting peak center. center dac= 5.8795 step_width=0.001
width = 0.001
get scan parameters. half-width=0.015,window=0.015, i=0, scalar=1
Scan parameters center=5.87950 width=0.03000 (5.86450 - 5.89450)
GetData ===>> H2,-0.188151337110065,H1,-0.0145543994117812,AX,-0.0689070337772446,L1,0.00192764459500213,L2,-0....
Moving to starting dac 5.8645
setting magnet DAC
current  : 5.240156
requested: 5.864500
Delta Dac: 0.624344
Checking detector protection. dv=0.62434
Checking detector "CDD". Protection Threshold: 0.1 (V)
ProtectDetector CDD,On ===>> OK
GetDeflection CDD ===>> 2000
Protected = 2000
SetMagnetDAC 5.8645 ===>> OK
Magnet settling time: 0.500
GetMagnetMoving ===>> True
GetMagnetMoving ===>> True
GetMagnetMoving ===>> True
GetMagnetMoving ===>> True
GetMagnetMoving ===>> True
GetMagnetMoving ===>> True
GetMagnetMoving ===>> True
GetMagnetMoving ===>> True
GetMagnetMoving ===>> True
GetMagnetMoving ===>> False
ProtectDetector CDD,Off ===>> OK
GetDeflection CDD ===>> 50
Wait until signal near baseline. tol= -0.0109157995588. timeout= 10
GetData ===>> H2,53.0742325003165,H1,15.0351741893026,AX,0.434065196353572,L1,0.00994181294291935,L2,0.02801559...
GetData ===>> H2,79.0137427775981,H1,37.0212034089584,AX,3.33316774954598,L1,-0.0207162319473346,L2,-0.12497845...
GetData ===>> H2,45.3215590165975,H1,17.6126706131704,AX,1.50513749921124,L1,-0.0237722786308103,L2,-0.10699763...
GetData ===>> H2,19.4995695986086,H1,9.00903195213061,AX,0.75673186339952,L1,0.0103135080082529,L2,0.0565179236...
GetData ===>> H2,6.82078280172756,H1,4.82311392668569,AX,0.382517386585534,L1,-0.0250006627228495,L2,-0.0210860...
GetData ===>> H2,2.05882993692972,H1,2.90439156087918,AX,0.0563275677884985,L1,-0.0136689378146231,L2,-0.095510...
GetData ===>> H2,0.596293653596525,H1,2.00401423520067,AX,0.063788895507474,L1,-0.0162718116815277,L2,-0.041916...
GetData ===>> H2,0.27012501757673,H1,1.46680088882072,AX,-0.0237666923210828,L1,-0.0156822693980563,L2,-0.08895...
GetData ===>> H2,0.285220080588487,H1,1.16625382373614,AX,0.0838353556080172,L1,-0.0305612343379181,L2,-0.00421...
GetData ===>> H2,0.285220080588487,H1,1.16625382373614,AX,0.0838353556080172,L1,-0.0305612343379181,L2,-0.00421...
GetData ===>> H2,0.378677738737357,H1,1.05556025660085,AX,-0.0312818725136251,L1,-0.0232454402661677,L2,-0.0533...
GetData ===>> H2,0.386388235930243,H1,1.0622248100004,AX,0.0405071555972108,L1,-0.0229604571050949,L2,-0.148514...
GetData ===>> H2,0.407952289803569,H1,1.04057860954148,AX,0.133911592881171,L1,-0.0354069713659724,L2,-0.176737...
GetData ===>> H2,0.341664294850964,H1,1.00813001836906,AX,0.0258155639125048,L1,-0.0158715977176421,L2,-0.04269...
GetData ===>> H2,0.285525412189772,H1,1.02023111267788,AX,0.00114888884774802,L1,0.000457274444305361,L2,-0.039...
GetData ===>> H2,0.234534499075045,H1,1.05817328428779,AX,0.0454976951121526,L1,-0.00639601828446265,L2,0.08031...
GetData ===>> H2,0.130266285961626,H1,1.05970757069314,AX,-0.0124232381225637,L1,-0.00215405379196899,L2,-0.100...
GetData ===>> H2,0.0125633374847977,H1,1.11740412550552,AX,-0.0302845208842668,L1,0.00968523144634923,L2,-0.091...
GetData ===>> H2,-0.0122610933186252,H1,1.05594381604905,AX,0.0781106853372034,L1,0.0041714230335694,L2,-0.0269...
GetData ===>> H2,0.0166492743673373,H1,0.979452643290357,AX,0.0541958648809639,L1,-0.0158835804028113,L2,-0.008...
GetData ===>> H2,-0.000629070452825182,H1,0.857862325105186,AX,0.00771522949122574,L1,-0.0205389719138857,L2,-0...
Peak center failed to move to a baseline position
_do_sweep sm= 5.8645, em= 5.8945, stm= 0.001
calculated step values: start=5.8645, end=5.8945, width=0.001, nsteps=31.0
setting magnet DAC
current  : 5.864500
requested: 5.864500
Delta Dac: 0.000000
Checking detector protection. dv=0.00000
Checking detector "CDD". Protection Threshold: 0.1 (V)
SetMagnetDAC 5.8645 ===>> OK
GetData ===>> H2,-0.000629070452825182,H1,0.857862325105186,AX,0.00771522949122574,L1,-0.0205389719138857,L2,-0...
setting magnet DAC
current  : 5.864500
requested: 5.865534
Delta Dac: 0.001034
Checking detector protection. dv=0.00103
Checking detector "CDD". Protection Threshold: 0.1 (V)
SetMagnetDAC 5.86553448276 ===>> OK
Magnet settling time: 1.049
GetData ===>> H2,-0.0729691691789256,H1,1.83933453294192,AX,0.208238790206812,L1,0.0121793846033081,L2,-0.15295...
setting magnet DAC
current  : 5.865534
requested: 5.866569
Delta Dac: 0.001034
Checking detector protection. dv=0.00103
Checking detector "CDD". Protection Threshold: 0.1 (V)
SetMagnetDAC 5.86656896552 ===>> OK
Magnet settling time: 1.049
GetData ===>> H2,-0.125181659724067,H1,6.30490449148169,AX,0.475167696807899,L1,0.0109634078116566,L2,-0.040073...
setting magnet DAC
current  : 5.866569
requested: 5.867603
Delta Dac: 0.001034
Checking detector protection. dv=0.00103
Checking detector "CDD". Protection Threshold: 0.1 (V)
SetMagnetDAC 5.86760344828 ===>> OK
Magnet settling time: 1.049
GetData ===>> H2,-0.0989512780608092,H1,22.8324357310353,AX,2.00329103265792,L1,0.0113327422472218,L2,0.0379482...
setting magnet DAC
current  : 5.867603
requested: 5.868638
Delta Dac: 0.001034
Checking detector protection. dv=0.00103
Checking detector "CDD". Protection Threshold: 0.1 (V)
SetMagnetDAC 5.86863793103 ===>> OK
Magnet settling time: 1.049
GetData ===>> H2,-0.183418710305128,H1,75.2183518219107,AX,6.00089439028508,L1,-0.00784238823642778,L2,-0.09243...
setting magnet DAC
current  : 5.868638
requested: 5.869672
Delta Dac: 0.001034
Checking detector protection. dv=0.00103
Checking detector "CDD". Protection Threshold: 0.1 (V)
SetMagnetDAC 5.86967241379 ===>> OK
Magnet settling time: 1.049
GetData ===>> H2,-0.224097673220831,H1,199.392543338144,AX,16.9770055639923,L1,0.048522198159557,L2,-0.04801740...
setting magnet DAC
current  : 5.869672
requested: 5.870707
Delta Dac: 0.001034
Checking detector protection. dv=0.00103
Checking detector "CDD". Protection Threshold: 0.1 (V)
SetMagnetDAC 5.87070689655 ===>> OK
Magnet settling time: 1.049
GetData ===>> H2,-0.0231206486825403,H1,539.774437029999,AX,52.7293243976419,L1,0.340702594969498,L2,0.02607929...
setting magnet DAC
current  : 5.870707
requested: 5.871741
Delta Dac: 0.001034
Checking detector protection. dv=0.00103
Checking detector "CDD". Protection Threshold: 0.1 (V)
SetMagnetDAC 5.87174137931 ===>> OK
Magnet settling time: 1.049
GetData ===>> H2,-0.162863128911647,H1,765.217705983869,AX,82.3354144349086,L1,0.655644413863055,L2,0.069211141...
setting magnet DAC
current  : 5.871741
requested: 5.872776
Delta Dac: 0.001034
Checking detector protection. dv=0.00103
Checking detector "CDD". Protection Threshold: 0.1 (V)
SetMagnetDAC 5.87277586207 ===>> OK
Magnet settling time: 1.049
GetData ===>> H2,-0.123583345931676,H1,894.99527656506,AX,103.836370842274,L1,0.901435978293753,L2,0.1706578382...
setting magnet DAC
current  : 5.872776
requested: 5.873810
Delta Dac: 0.001034
Checking detector protection. dv=0.00103
Checking detector "CDD". Protection Threshold: 0.1 (V)
SetMagnetDAC 5.87381034483 ===>> OK
Magnet settling time: 1.049
GetData ===>> H2,-0.0999954958600916,H1,946.812604574724,AX,114.186468453921,L1,1.19794085386452,L2,0.171022866...
setting magnet DAC
current  : 5.873810
requested: 5.874845
Delta Dac: 0.001034
Checking detector protection. dv=0.00103
Checking detector "CDD". Protection Threshold: 0.1 (V)
SetMagnetDAC 5.87484482759 ===>> OK
Magnet settling time: 1.049
GetData ===>> H2,-0.0422711925777592,H1,963.589496570926,AX,117.749828128011,L1,1.3595165472105,L2,0.2336229772...
setting magnet DAC
current  : 5.874845
requested: 5.875879
Delta Dac: 0.001034
Checking detector protection. dv=0.00103
Checking detector "CDD". Protection Threshold: 0.1 (V)
SetMagnetDAC 5.87587931034 ===>> OK
Magnet settling time: 1.049
GetData ===>> H2,0.0591430643247771,H1,967.514245603732,AX,118.792954515885,L1,1.3977660272686,L2,0.16525102022...
setting magnet DAC
current  : 5.875879
requested: 5.876914
Delta Dac: 0.001034
Checking detector protection. dv=0.00103
Checking detector "CDD". Protection Threshold: 0.1 (V)
SetMagnetDAC 5.8769137931 ===>> OK
Magnet settling time: 1.049
GetData ===>> H2,-0.082062753200418,H1,968.070193472105,AX,119.017927339165,L1,1.40719819507145,L2,0.2517511014...
setting magnet DAC
current  : 5.876914
requested: 5.877948
Delta Dac: 0.001034
Checking detector protection. dv=0.00103
Checking detector "CDD". Protection Threshold: 0.1 (V)
SetMagnetDAC 5.87794827586 ===>> OK
Magnet settling time: 1.049
GetData ===>> H2,-0.198715265824708,H1,967.837049509613,AX,119.029623618917,L1,1.47540233947452,L2,0.2691637013...
setting magnet DAC
current  : 5.877948
requested: 5.878983
Delta Dac: 0.001034
Checking detector protection. dv=0.00103
Checking detector "CDD". Protection Threshold: 0.1 (V)
SetMagnetDAC 5.87898275862 ===>> OK
Magnet settling time: 1.049
GetData ===>> H2,-0.226301329315607,H1,967.619739281001,AX,119.158190683235,L1,1.47504982368111,L2,0.2247199914...
setting magnet DAC
current  : 5.878983
requested: 5.880017
Delta Dac: 0.001034
Checking detector protection. dv=0.00103
Checking detector "CDD". Protection Threshold: 0.1 (V)
SetMagnetDAC 5.88001724138 ===>> OK
Magnet settling time: 1.049
GetData ===>> H2,-0.166597147679328,H1,968.25648933215,AX,118.927039980906,L1,1.50124188504206,L2,0.24679634891...
setting magnet DAC
current  : 5.880017
requested: 5.881052
Delta Dac: 0.001034
Checking detector protection. dv=0.00103
Checking detector "CDD". Protection Threshold: 0.1 (V)
SetMagnetDAC 5.88105172414 ===>> OK
Magnet settling time: 1.049
GetData ===>> H2,-0.0395218594802222,H1,967.912446554172,AX,118.76490162738,L1,1.56246147227728,L2,0.2823397045...
setting magnet DAC
current  : 5.881052
requested: 5.882086
Delta Dac: 0.001034
Checking detector protection. dv=0.00103
Checking detector "CDD". Protection Threshold: 0.1 (V)
SetMagnetDAC 5.8820862069 ===>> OK
Magnet settling time: 1.049
GetData ===>> H2,-0.0425425616429784,H1,966.754730808499,AX,118.792319441558,L1,1.53189518407202,L2,0.216160208...
setting magnet DAC
current  : 5.882086
requested: 5.883121
Delta Dac: 0.001034
Checking detector protection. dv=0.00103
Checking detector "CDD". Protection Threshold: 0.1 (V)
SetMagnetDAC 5.88312068966 ===>> OK
Magnet settling time: 1.049
GetData ===>> H2,-0.0478926392546242,H1,965.340005010563,AX,118.314983391593,L1,1.51133433772948,L2,0.269095318...
setting magnet DAC
current  : 5.883121
requested: 5.884155
Delta Dac: 0.001034
Checking detector protection. dv=0.00103
Checking detector "CDD". Protection Threshold: 0.1 (V)
SetMagnetDAC 5.88415517241 ===>> OK
Magnet settling time: 1.049
GetData ===>> H2,-0.0972684246666,H1,959.174967225728,AX,117.015194029905,L1,1.49895428290461,L2,0.268593845934...
setting magnet DAC
current  : 5.884155
requested: 5.885190
Delta Dac: 0.001034
Checking detector protection. dv=0.00103
Checking detector "CDD". Protection Threshold: 0.1 (V)
SetMagnetDAC 5.88518965517 ===>> OK
Magnet settling time: 1.049
GetData ===>> H2,-0.170586300974996,H1,925.514076587706,AX,109.338438906384,L1,1.3932926764058,L2,0.16906085599...
setting magnet DAC
current  : 5.885190
requested: 5.886224
Delta Dac: 0.001034
Checking detector protection. dv=0.00103
Checking detector "CDD". Protection Threshold: 0.1 (V)
SetMagnetDAC 5.88622413793 ===>> OK
Magnet settling time: 1.049
GetData ===>> H2,-0.118838463112264,H1,831.523224511723,AX,90.9059474408946,L1,1.23000135627059,L2,0.1223495067...
setting magnet DAC
current  : 5.886224
requested: 5.887259
Delta Dac: 0.001034
Checking detector protection. dv=0.00103
Checking detector "CDD". Protection Threshold: 0.1 (V)
SetMagnetDAC 5.88725862069 ===>> OK
Magnet settling time: 1.049
GetData ===>> H2,-0.103519698688348,H1,633.090528673501,AX,60.9579097653117,L1,0.947592284937369,L2,0.143330300...
setting magnet DAC
current  : 5.887259
requested: 5.888293
Delta Dac: 0.001034
Checking detector protection. dv=0.00103
Checking detector "CDD". Protection Threshold: 0.1 (V)
SetMagnetDAC 5.88829310345 ===>> OK
Magnet settling time: 1.049
GetData ===>> H2,-0.3034535515234,H1,375.796078649213,AX,30.6194821762895,L1,0.610825413727417,L2,-0.0528428583...
setting magnet DAC
current  : 5.888293
requested: 5.889328
Delta Dac: 0.001034
Checking detector protection. dv=0.00103
Checking detector "CDD". Protection Threshold: 0.1 (V)
SetMagnetDAC 5.88932758621 ===>> OK
Magnet settling time: 1.049
GetData ===>> H2,-0.155948030952108,H1,170.981155887273,AX,11.8862455731461,L1,0.379591071137228,L2,0.021637339...
setting magnet DAC
current  : 5.889328
requested: 5.890362
Delta Dac: 0.001034
Checking detector protection. dv=0.00103
Checking detector "CDD". Protection Threshold: 0.1 (V)
SetMagnetDAC 5.89036206897 ===>> OK
Magnet settling time: 1.049
GetData ===>> H2,-0.214233805948307,H1,60.1847418067742,AX,3.36101855082959,L1,0.201093281770292,L2,0.072424592...
setting magnet DAC
current  : 5.890362
requested: 5.891397
Delta Dac: 0.001034
Checking detector protection. dv=0.00103
Checking detector "CDD". Protection Threshold: 0.1 (V)
SetMagnetDAC 5.89139655172 ===>> OK
Magnet settling time: 1.049
GetData ===>> H2,-0.0805183051730236,H1,17.3356703972669,AX,0.703101162921984,L1,0.10342691618846,L2,-0.0451265...
setting magnet DAC
current  : 5.891397
requested: 5.892431
Delta Dac: 0.001034
Checking detector protection. dv=0.00103
Checking detector "CDD". Protection Threshold: 0.1 (V)
SetMagnetDAC 5.89243103448 ===>> OK
Magnet settling time: 1.049
GetData ===>> H2,-0.0819028990132466,H1,4.2774419757776,AX,0.0702079485946075,L1,0.0666820333592096,L2,0.147937...
setting magnet DAC
current  : 5.892431
requested: 5.893466
Delta Dac: 0.001034
Checking detector protection. dv=0.00103
Checking detector "CDD". Protection Threshold: 0.1 (V)
SetMagnetDAC 5.89346551724 ===>> OK
Magnet settling time: 1.049
GetData ===>> H2,-0.158828033645329,H1,0.846067821634455,AX,-0.0873954257267363,L1,0.0737123407067611,L2,-0.013...
setting magnet DAC
current  : 5.893466
requested: 5.894500
Delta Dac: 0.001034
Checking detector protection. dv=0.00103
Checking detector "CDD". Protection Threshold: 0.1 (V)
SetMagnetDAC 5.8945 ===>> OK
Magnet settling time: 1.049
GetData ===>> H2,-0.191289499320132,H1,0.155049335288315,AX,-0.0321632445163806,L1,0.062001887393576,L2,-0.1721...
result of _do_sweep=True
result of _calculate_peak_center=([5.8715040080160321, 5.8791693386773547, 5.8868346693386773], [713.48773745643132, 968.2526611755294, 714.41214450297707], 5.880011022044088, 968.2526611755294)
Failed to find a valid peak. No peak greater than 1.0. max = 0.030776119677
new center pos Detector(H1) (Ar40) @ 5.87916933868
GetHighVoltage ===>> 4500
GetDeflection H1 ===>> 0
dac uncorrected for HV and deflection 5.87916933868
update mftable H1 Ar40 5.87916933868 message=automated run peakcenter
get initial guess parabolic
get initial guess parabolic
get initial guess parabolic
get initial guess parabolic
get initial guess parabolic
get initial guess parabolic
dump mftable to /Users/jan/PychronDev/setupfiles/spectrometer/mftables/mftable.csv
add to repo msg=modified - automated run peakcenter
sweep finished
locally archiving mftable
setting magnet DAC
current  : 5.894500
requested: 5.879169
Delta Dac: 0.015331
Checking detector protection. dv=0.01533
Checking detector "CDD". Protection Threshold: 0.1 (V)
SetMagnetDAC 5.87916933868 ===>> OK
Magnet settling time: 0.500
setting integration time = 1.048576
SetIntegrationTime 1.048576 ===>> OK
Failed to find a valid peak. No peak greater than 1.0. max = 0.030776119677
flush and close file /Users/jan/PychronDev/data/isotopes/75/659ab6-0188-438e-ba7b-202e3e2bbc90.h5
finished measure script
executed snippet estimated_duration=226.132928, duration=273.158288956
jan_unknown120_60.py completed successfully
Measurement Finished
04:44:14 -- ******* Measurement Finished *******
Post Measurement Started jan_pump_ms.py
04:44:14 -- ******* Post Measurement Started jan_pump_ms.py *******
testing...
no interpolation path defined
executed snippet estimated_duration=0, duration=2.59876251221e-05
Pumping spectrometer
open () {'name': 'O'}
opening name=O desc=---
checking ownership. requestor=129.138.12.150
check software interlocks O
interlocks []
actuate state mode=None-script, software_lock=False
doing actuation None-script open_channel True
Open O ===>> OK
GetIndicatorState O ===>> OK
change switch state (True, True)
update switch state O True args=() kw={} ncanvase=2
04:44:14 -- OPEN   VALVE-O (Jan Ion Pump)
---------------------------------------- open O () result=[(True, True)], time=0.09 sec
action=open, ok=True, locked=[False]
executed snippet estimated_duration=0, duration=0.344484806061
jan_pump_ms.py completed successfully
setting _ms_pumptime
Post Measurement Finished
04:44:14 -- ******* Post Measurement Finished *******
$$$$$$$$$$$$$$$$$$$$ state at run end measurement
state changed from measurement to success
post measurement save measured=True aborted=False
Set filtering
setting fod for Ar40= {'filter_outliers': True, 'std_devs': 2, 'iterations': 1}
setting fod for H1= {'filter_outliers': True, 'std_devs': 2, 'iterations': 1}
setting fod for PM41= {'filter_outliers': False, 'std_devs': 2, 'iterations': 1}
setting fod for H2= {'filter_outliers': True, 'std_devs': 2, 'iterations': 1}
setting fod for Ar36= {'filter_outliers': True, 'std_devs': 2, 'iterations': 1}
setting fod for CDD= {'filter_outliers': True, 'std_devs': 10, 'iterations': 1}
setting fod for Ar37= {'filter_outliers': True, 'std_devs': 2, 'iterations': 1}
setting fod for L2= {'filter_outliers': True, 'std_devs': 2, 'iterations': 1}
setting fod for Ar38= {'filter_outliers': True, 'std_devs': 2, 'iterations': 1}
setting fod for L1= {'filter_outliers': True, 'std_devs': 2, 'iterations': 1}
setting fod for Ar39= {'filter_outliers': True, 'std_devs': 2, 'iterations': 1}
setting fod for AX= {'filter_outliers': True, 'std_devs': 2, 'iterations': 1}
persistence save...
persistence save - db
post measurement save
7020826992 connecting to database sqlite:////Users/jan/PychronDev/.appdata/local_lab.db
connected to db sqlite:////Users/jan/PychronDev/.appdata/local_lab.db
create new session 7020826992
close session 7020826992
No database instance. Not saving post measurement to isotopedb database
$$$$$$$$$$$$$$$ auto_save_detector_ic=False
massspec enabled True
create new session 4979675504
MassSpec Database Version: 16.0
close session 4979675504
saving post measurement to secondary database
saving to massspec database 129.138.12.160/massspecdata
setting labnumber to 25347
setting aliquot to 6
setting step to 
setting uuid to 75659ab6-0188-438e-ba7b-202e3e2bbc90
setting irradpos to 25347
setting extract_device to Fusions CO2
setting tray to 
setting position to 216
setting power_requested to 5.0
setting extract_value to 5.0
setting duration to 30.0
setting duration_at_request to 30.0
setting first_stage_delay to 30.0
setting cleanup to 30.0
setting comment to Q:12
setting irradiation to NM-288
setting level to Q
setting irradiation_level to Q
setting sample to FC-2
setting material to Sanidine
setting project to Irradiation-NM-288
setting mass_spectrometer to Jan
no attribute chron_dosages
no attribute production_ratios
no attribute interference_corrections
no attribute production_name
no attribute j
Reference Isotope=Ar40
Reference Detector=H1
%%%%%%%%%%%%%%%%%%%% Comment: Q:12 %%%%%%%%%%%%%%%%%%%
adding isotope PM41 H2
add baseline dbdet= PM41. original det= H2
get baseline data PM41 H2
Get data baseline <pychron.processing.isotope.Baseline object at 0x1b917fb90> len t=60
baseline PM41. v=-0.208941219428, e=0.00809381903598
get signal data PM41 H2
Get data signal PM41 0.12+/-0.07 len t=120
adding isotope Ar40 H1
add baseline dbdet= Ar40. original det= H1
get baseline data Ar40 H1
Get data baseline <pychron.processing.isotope.Baseline object at 0x1b917f750> len t=60
baseline Ar40. v=0.000961544810985, e=0.00527994828256
get signal data Ar40 H1
Get data signal Ar40 1064.57+/-0.06 len t=120
adding isotope Ar39 AX
add baseline dbdet= Ar39. original det= AX
get baseline data Ar39 AX
Get data baseline <pychron.processing.isotope.Baseline object at 0x1b917f690> len t=60
baseline Ar39. v=-0.0924785926445, e=0.00710941178586
get signal data Ar39 AX
Get data signal Ar39 130.525+/-0.024 len t=120
adding isotope Ar38 L1
add baseline dbdet= Ar38. original det= L1
get baseline data Ar38 L1
Get data baseline <pychron.processing.isotope.Baseline object at 0x1a7144310> len t=60
baseline Ar38. v=-0.0188557400782, e=0.00270510878302
get signal data Ar38 L1
Get data signal Ar38 1.699+/-0.004 len t=120
adding isotope Ar37 L2
add baseline dbdet= Ar37. original det= L2
get baseline data Ar37 L2
Get data baseline <pychron.processing.isotope.Baseline object at 0x1a7144e90> len t=60
baseline Ar37. v=-0.0253378510448, e=0.0059902308713
get signal data Ar37 L2
Get data signal Ar37 0.324+/-0.011 len t=120
adding isotope Ar36 CDD
add baseline dbdet= Ar36. original det= CDD
get baseline data Ar36 CDD
Get data baseline <pychron.processing.isotope.Baseline object at 0x1a7144510> len t=60
baseline Ar36. v=0.000230741391574, e=2.8179768786e-05
get signal data Ar36 CDD
Get data signal Ar36 0.0194+/-0.0004 len t=120
25347-06 added analysis time 0.549472093582s
analysis added to mass spec database
mass spec save time= 0.561
persistence save - dvc
================= post measurement started
create new session 4982376208
close session 4982376208
---------------- Experiment Queue saving disabled
DVC saving peakcenter
Failed to find a valid peak. No peak greater than 1.0. max = 0.030776119677
Smart pull ahead: 0 behind: 0
Up-to-date with origin
add to repo msg=modified - ad8224ebc6dbfeb9f5997218dfa5fe690569839d.json
add to repo msg=modified - 47-06.json
add to repo msg=modified - 47-06.dat.json
add to repo msg=modified - 47-06.blan.json
add to repo msg=modified - 47-06.inte.json
add to repo msg=modified - 47-06.icfa.json
add to repo msg=modified - 47-06.base.json
not at valid file /Users/jan/PychronDev/data/.dvc/repositories/Load1788/253/tags/47-06.tags.json
add to repo msg=modified - 47-06.peak.json
add to repo msg=modified - 47-06.extr.json
not at valid file /Users/jan/PychronDev/data/.dvc/repositories/Load1788/253/monitor/47-06.moni.json
commit message=<COLLECTION>
add to repo msg=modified - 47-06.inte.json
add to repo msg=modified - 47-06.base.json
commit message=<ISOEVO> default collection fits
add to repo msg=modified - 47-06.blan.json
commit message=<BLANKS> preceding bc-02-J-346
add to repo msg=modified - 47-06.icfa.json
commit message=<ICFactor> default
push repository <pychron.git_archive.repo_manager.GitRepoManager object at 0x1bdca6410>
pushing to remote=origin, url=https://github.com
no changes to meta repo
create new session 4982376208
add association Load1788
get identifier "25347"
setting analysis irradiation position=<pychron.dvc.dvc_orm.IrradiationPositionTbl object at 0x1c818eed0>
close session 4982376208
================= post measurement finished
04:44:29 -- ******* Post Run Check *******
loading queue conditionals post_run_actions
loading system conditionals post_run_actions
loading conditionals from /Users/jan/PychronDev/setupfiles/spectrometer/default_conditionals.yaml
loading queue conditionals post_run_terminations
loading system conditionals post_run_terminations
loading conditionals from /Users/jan/PychronDev/setupfiles/spectrometer/default_conditionals.yaml
Checking default post run terminations n=1
GetDeflection CDD ===>> 50
testing CDD==2000
evaluate ot="CDD.deflection==2000" t="CDD==2000", ctx="{'CDD': 50.0}"
04:44:29 -- ******* Post Run Check Passed *******
04:44:29 -- Automated run 25347-06 success duration: 365.201 s
----------------- finish -----------------
----------------- stop -----------------
retroactive repository identifiers disabled
finish run. runs completed=127
update duration runid=25347-06, duration=365.200728893, md5=301e91d8
loading script "jan_unknown120_60.py"
loading script "jan_pump_ms.py"
loading script "jan_co2.py"
loading script "jan_pump_extraction_line.py"
testing...
no interpolation path defined
executed snippet estimated_duration=213.652928, duration=0.000388860702515
script duration name:unknown120_60 seconds:214.0
loading script "jan_unknown120_60.py"
loading script "jan_pump_ms.py"
loading script "jan_co2.py"
loading script "jan_pump_extraction_line.py"
testing...
no interpolation path defined
executed snippet estimated_duration=0, duration=5.50746917725e-05
loading script "jan_unknown120_60.py"
loading script "jan_pump_ms.py"
loading script "jan_co2.py"
loading script "jan_pump_extraction_line.py"
testing...
no interpolation path defined
calculate duration
testing...
no interpolation path defined
executed snippet estimated_duration=0, duration=5.19752502441e-05
calculate duration
testing...
no interpolation path defined
executed snippet estimated_duration=0, duration=9.10758972168e-05
executed snippet estimated_duration=0.0, duration=0.00230693817139
script duration name:co2 seconds:0.0
loading script "jan_unknown120_60.py"
loading script "jan_pump_ms.py"
loading script "jan_co2.py"
loading script "jan_pump_extraction_line.py"
testing...
no interpolation path defined
calculate duration
testing...
no interpolation path defined
executed snippet estimated_duration=4.0, duration=0.000300884246826
executed snippet estimated_duration=4.0, duration=0.00164890289307
Script duration 214.0
Run total estimated duration= 215.000
unknown120_60 in script context. using previous estimated duration
script duration name:unknown120_60 seconds:214.0
pump_ms in script context. using previous estimated duration
co2 in script context. using previous estimated duration
script duration name:co2 seconds:0.0
pump_extraction_line in script context. using previous estimated duration
Script duration 214.0
Run total estimated duration= 215.000
script duration name:unknown120_60 seconds:214.0
script duration name:co2 seconds:0.0
Script duration 214.0
Run total estimated duration= 215.000
script duration name:unknown120_60 seconds:214.0
script duration name:co2 seconds:0.0
Script duration 214.0
Run total estimated duration= 215.000
loading script "jan_unknown400_120.py"
loading script "jan_pump_ms.py"
loading script "jan_co2.py"
loading script "jan_pump_extraction_line.py"
testing...
no interpolation path defined
executed snippet estimated_duration=556.052928, duration=0.000148057937622
script duration name:unknown400_120 seconds:556.0
script duration name:co2 seconds:0.0
Script duration 556.0
Run total estimated duration= 557.000
unknown400_120 in script context. using previous estimated duration
script duration name:unknown400_120 seconds:556.0
loading script "jan_unknown400_120.py"
loading script "jan_pump_ms.py"
loading script "jan_sniffair_x2.py"
loading script "jan_pump_extraction_line.py"
testing...
no interpolation path defined
calculate duration
testing...
no interpolation path defined
executed snippet estimated_duration=0, duration=4.60147857666e-05
calculate duration
testing...
no interpolation path defined
executed snippet estimated_duration=0, duration=0.000107049942017
calculate duration
testing...
no interpolation path defined
executed snippet estimated_duration=32.0, duration=0.000123023986816
calculate duration
testing...
no interpolation path defined
executed snippet estimated_duration=34.0, duration=0.000188827514648
calculate duration
testing...
no interpolation path defined
executed snippet estimated_duration=4.0, duration=0.000146865844727
calculate duration
testing...
no interpolation path defined
executed snippet estimated_duration=36.0, duration=0.000121831893921
calculate duration
testing...
no interpolation path defined
executed snippet estimated_duration=34.0, duration=0.000148057937622
calculate duration
testing...
no interpolation path defined
executed snippet estimated_duration=4.0, duration=9.98973846436e-05
calculate duration
testing...
no interpolation path defined
executed snippet estimated_duration=36.0, duration=0.000167846679688
calculate duration
testing...
no interpolation path defined
executed snippet estimated_duration=70.0, duration=0.00010085105896
executed snippet estimated_duration=250.0, duration=0.018315076828
script duration name:sniffair_x2 seconds:250.0
Script duration 806.0
Run total estimated duration= 807.000
script duration name:unknown400_120 seconds:556.0
sniffair_x2 in script context. using previous estimated duration
script duration name:sniffair_x2 seconds:250.0
Script duration 806.0
Run total estimated duration= 807.000
loading script "jan_ic_peak_hop3.py"
loading script "jan_pump_ms.py"
loading script "jan_sniffair_x1.py"
loading script "jan_pump_extraction_line.py"
testing...
no interpolation path defined
executed snippet estimated_duration=133.8, duration=0.0120460987091
script duration name:ic_peak_hop3 seconds:134.0
loading script "jan_ic_peak_hop3.py"
loading script "jan_pump_ms.py"
loading script "jan_sniffair_x1.py"
loading script "jan_pump_extraction_line.py"
testing...
no interpolation path defined
calculate duration
testing...
no interpolation path defined
executed snippet estimated_duration=0, duration=4.50611114502e-05
calculate duration
testing...
no interpolation path defined
executed snippet estimated_duration=0, duration=9.70363616943e-05
calculate duration
testing...
no interpolation path defined
executed snippet estimated_duration=32.0, duration=9.3936920166e-05
calculate duration
testing...
no interpolation path defined
executed snippet estimated_duration=34.0, duration=9.20295715332e-05
calculate duration
testing...
no interpolation path defined
executed snippet estimated_duration=4.0, duration=6.07967376709e-05
calculate duration
testing...
no interpolation path defined
executed snippet estimated_duration=70.0, duration=9.3936920166e-05
executed snippet estimated_duration=140.0, duration=0.00974893569946
script duration name:sniffair_x1 seconds:140.0
Script duration 274.0
Run total estimated duration= 275.000
script duration name:unknown120_60 seconds:214.0
script duration name:co2 seconds:0.0
Script duration 214.0
Run total estimated duration= 215.000
script duration name:unknown120_60 seconds:214.0
script duration name:co2 seconds:0.0
Script duration 214.0
Run total estimated duration= 215.000
nruns=10 before=5.0, run_dur=3736.0, btw=405.0
write rem/ex queues
/Users/jan/PychronDev/experiments/rem/CurrentExperiment.rem.txt
/Users/jan/PychronDev/experiments/rem/CurrentExperiment.ex.txt
doing event level: 3
