do run
loading script "jan_unknown120_60.py"
loading script "jan_pump_ms.py"
loading script "jan_co2.py"
loading script "jan_pump_extraction_line.py"
testing...
no interpolation path defined
executed snippet estimated_duration=213.652928, duration=0.000219821929932
script duration name:unknown120_60 seconds:214.0
loading script "jan_unknown120_60.py"
loading script "jan_pump_ms.py"
loading script "jan_co2.py"
loading script "jan_pump_extraction_line.py"
testing...
no interpolation path defined
executed snippet estimated_duration=0, duration=2.40802764893e-05
loading script "jan_unknown120_60.py"
loading script "jan_pump_ms.py"
loading script "jan_co2.py"
loading script "jan_pump_extraction_line.py"
testing...
no interpolation path defined
calculate duration
testing...
no interpolation path defined
executed snippet estimated_duration=0, duration=5.50746917725e-05
calculate duration
testing...
no interpolation path defined
executed snippet estimated_duration=0, duration=9.20295715332e-05
executed snippet estimated_duration=0.0, duration=0.00196099281311
script duration name:co2 seconds:0.0
loading script "jan_unknown120_60.py"
loading script "jan_pump_ms.py"
loading script "jan_co2.py"
loading script "jan_pump_extraction_line.py"
testing...
no interpolation path defined
calculate duration
testing...
no interpolation path defined
executed snippet estimated_duration=4.0, duration=0.000140190124512
executed snippet estimated_duration=4.0, duration=0.0014271736145
Script duration 214.0
Run total estimated duration= 215.000
run duration: 0:03:35
doing event level: 2
03:50:47 -- Setting default integration. t=1.048576
setting integration time = 1.048576
SetIntegrationTime 1.048576 ===>> OK
----------------- start -----------------
**************** Experiment Type: Ar/Ar, Ar/Ar
create new session 4419362736
close session 4419362736
$$$$$ Clearing conditionals
adding conditionals 
Add queue conditionals
add default conditionals
adding default conditionals from /Users/jan/PychronDev/setupfiles/spectrometer/default_conditionals.yaml
Start automated run 25347-01
loading script "jan_unknown120_60.py"
loading script "jan_pump_ms.py"
loading script "jan_co2.py"
loading script "jan_pump_extraction_line.py"
%%%%%%%%%%%%%%%%%% setting automated run 25347-01
No value "sensitivity_multiplier" in metadata
$$$$$$$$$$$$$$$ auto_save_detector_ic=False
============================= Pre Extraction Check =============================
loading queue conditionals pre_run_terminations
loading system conditionals pre_run_terminations
loading conditionals from /Users/jan/PychronDev/setupfiles/spectrometer/default_conditionals.yaml
03:50:47 -- ******* Pre Extraction Check *******
Get a measurement from the spectrometer
GetData ===>> H2,-0.182690091585741,H1,0.0274488472500558,AX,-0.227199707687413,L1,-0.0127436289208558,L2,0.087...
Pre Extraction Termination data. keys=H2,H1,AX,L1,L2,CDD, signals=-0.18269,0.02745,-0.22720,-0.01274,0.08726,0.00357
03:50:47 -- testing system defined conditionals
Checking default pre extraction terminations n=2
testing CDD
evaluate ot="CDD.inactive" t="CDD", ctx="{'CDD': False}"
GetDeflection CDD ===>> 50
testing CDD==2000
evaluate ot="CDD.deflection==2000" t="CDD==2000", ctx="{'CDD': 50.0}"
03:50:47 -- ******* Pre Extraction Check Passed *******
=================================================================================
03:50:47 -- stopping status monitor
stop 4976433200
Alive clients [4982646160]
03:50:47 -- starting status monitor
start 4976433200
Monitor already running
start extraction
do extraction
Analysis started at 03:50:47.302777
Extraction Started jan_co2.py
03:50:47 -- ******* Extraction Started jan_co2.py *******
state changed from not run to extraction
DO EXTRACTION <pychron.extraction_line.pyscript_runner.RemotePyScriptRunner object at 0x12b9a8890>
testing...
no interpolation path defined
calculate duration
testing...
no interpolation path defined
executed snippet estimated_duration=0, duration=4.81605529785e-05
calculate duration
testing...
no interpolation path defined
executed snippet estimated_duration=0, duration=9.10758972168e-05
executed snippet estimated_duration=100.0, duration=0.00263690948486
Jan CO2 laser analysis
doing GOSUB
testing...
no interpolation path defined
executed snippet estimated_duration=0, duration=4.6968460083e-05
Waiting for CO2 access
wait ('FelixCO2Flag', 0) {}
waiting for FelixCO2Flag = 0
Read FelixCO2Flag ===>> 0
finished waiting
CO2 free
wait ('CO2PumpTimeFlag', 0) {}
waiting for CO2PumpTimeFlag = 0
Read CO2PumpTimeFlag ===>> 0
finished waiting
acquire ('JanCO2Flag',) {'clear': True}
acquire JanCO2Flag
Set JanCO2Flag 1 ===>> OK
JanCO2Flag acquired
set extraction state False (0.75, 'red', 1.5)
CO2 acquired
executed snippet estimated_duration=0, duration=0.0199460983276
WaitForCO2Access.py completed successfully
gosub finished
doing GOSUB
testing...
no interpolation path defined
executed snippet estimated_duration=0, duration=9.60826873779e-05
Prepare for CO2 analysis
close () {'description': 'Jan Inlet'}
closing name=--- desc=Jan Inlet
checking ownership. requestor=129.138.12.150
check software interlocks R
interlocks []
actuate state mode=None-script, software_lock=False
doing actuation None-script close_channel False
Close R ===>> OK
GetIndicatorState R ===>> False
change switch state (True, True)
update switch state R False args=() kw={} ncanvase=2
03:50:47 -- CLOSE  VALVE-R (Jan Inlet)
---------------------------------------- close None (Jan Inlet) result=[(True, True)]
action=close, ok=True, locked=[False]
open () {'description': 'Jan Ion Pump'}
opening name=--- desc=Jan Ion Pump
checking ownership. requestor=129.138.12.150
check software interlocks O
interlocks []
actuate state mode=None-script, software_lock=False
doing actuation None-script open_channel False
Open O ===>> OK
GetIndicatorState O ===>> OK
change switch state (True, True)
update switch state O True args=() kw={} ncanvase=2
03:50:48 -- OPEN   VALVE-O (Jan Ion Pump)
---------------------------------------- open None (Jan Ion Pump) result=[(True, True)], time=0.10 sec
action=open, ok=True, locked=[False]
close () {'description': 'Microbone to Minibone'}
closing name=--- desc=Microbone to Minibone
checking ownership. requestor=129.138.12.150
check software interlocks L
interlocks []
actuate state mode=None-script, software_lock=False
doing actuation None-script close_channel False
Close L ===>> OK
GetIndicatorState L ===>> False
change switch state (True, True)
update switch state L False args=() kw={} ncanvase=2
03:50:48 -- CLOSE  VALVE-L (Microbone to Minibone)
---------------------------------------- close None (Microbone to Minibone) result=[(True, True)]
action=close, ok=True, locked=[False]
open () {'description': 'Microbone to Turbo'}
opening name=--- desc=Microbone to Turbo
checking ownership. requestor=129.138.12.150
check software interlocks U
interlocks []
actuate state mode=None-script, software_lock=False
doing actuation None-script open_channel False
Open U ===>> OK
GetIndicatorState U ===>> OK
change switch state (True, True)
update switch state U True args=() kw={} ncanvase=2
03:50:49 -- OPEN   VALVE-U (Microbone to Turbo)
---------------------------------------- open None (Microbone to Turbo) result=[(True, True)], time=0.14 sec
action=open, ok=True, locked=[False]
open () {'description': 'Microbone to Inlet Pipette'}
opening name=--- desc=Microbone to Inlet Pipette
checking ownership. requestor=129.138.12.150
check software interlocks S
interlocks []
actuate state mode=None-script, software_lock=False
doing actuation None-script open_channel False
Open S ===>> OK
GetIndicatorState S ===>> OK
change switch state (True, True)
update switch state S True args=() kw={} ncanvase=2
03:50:49 -- OPEN   VALVE-S (Microbone to Inlet Pipette)
---------------------------------------- open None (Microbone to Inlet Pipette) result=[(True, True)], time=0.41 sec
action=open, ok=True, locked=[False]
open () {'description': 'Microbone to Getter D-50'}
opening name=--- desc=Microbone to Getter D-50
checking ownership. requestor=129.138.12.150
check software interlocks K
interlocks []
actuate state mode=None-script, software_lock=False
doing actuation None-script open_channel False
Open K ===>> OK
GetIndicatorState K ===>> OK
change switch state (True, True)
update switch state K True args=() kw={} ncanvase=2
03:50:50 -- OPEN   VALVE-K (Microbone to Getter D-50)
---------------------------------------- open None (Microbone to Getter D-50) result=[(True, True)], time=0.43 sec
action=open, ok=True, locked=[False]
open () {'description': 'Microbone to Getter NP-10'}
opening name=--- desc=Microbone to Getter NP-10
checking ownership. requestor=129.138.12.150
check software interlocks M
interlocks []
actuate state mode=None-script, software_lock=False
doing actuation None-script open_channel False
Open M ===>> OK
GetIndicatorState M ===>> OK
change switch state (True, True)
update switch state M True args=() kw={} ncanvase=2
03:50:50 -- OPEN   VALVE-M (Microbone to Getter NP-10)
---------------------------------------- open None (Microbone to Getter NP-10) result=[(True, True)], time=0.15 sec
action=open, ok=True, locked=[False]
close () {'description': 'CO2 Laser to Felix'}
closing name=--- desc=CO2 Laser to Felix
checking ownership. requestor=129.138.12.150
check software interlocks F
interlocks []
actuate state mode=None-script, software_lock=True
VALVE-F(CO2 Laser to Felix) software locked
change switch state (True, False)
---------------------------------------- close None (CO2 Laser to Felix) result=[(True, False)]
action=close, ok=True, locked=[True]
open () {'description': 'CO2 Laser to Jan'}
opening name=--- desc=CO2 Laser to Jan
checking ownership. requestor=129.138.12.150
check software interlocks A
interlocks []
actuate state mode=None-script, software_lock=False
doing actuation None-script open_channel False
Open A ===>> OK
GetIndicatorState A ===>> OK
change switch state (True, True)
update switch state A True args=() kw={} ncanvase=2
03:50:51 -- OPEN   VALVE-A (CO2 Laser to Jan)
---------------------------------------- open None (CO2 Laser to Jan) result=[(True, True)], time=0.14 sec
action=open, ok=True, locked=[False]
open () {'description': 'Microbone to CO2 Laser'}
opening name=--- desc=Microbone to CO2 Laser
checking ownership. requestor=129.138.12.150
check software interlocks T
interlocks []
actuate state mode=None-script, software_lock=False
doing actuation None-script open_channel False
Open T ===>> OK
GetIndicatorState T ===>> OK
change switch state (True, True)
update switch state T True args=() kw={} ncanvase=2
03:50:52 -- OPEN   VALVE-T (Microbone to CO2 Laser)
---------------------------------------- open None (Microbone to CO2 Laser) result=[(True, True)], time=0.42 sec
action=open, ok=True, locked=[False]
executed snippet estimated_duration=0, duration=4.9551589489
PrepareForCO2Analysis.py completed successfully
gosub finished
set_motor ('beam', '1.25') {}
setting motor "beam" to 1.25
set motor beam to 1.25
SetMotor beam,1.25 ===>> OK
GetMotorMoving beam ===>> False
GetMotorMoving beam ===>> False
Block completed
move_to_position ('211',) {'autocenter': True}
FusionsCO2 move to position 211
sending GoToHole 211,True
GoToHole 211,True ===>> OK
GetDriveMoving ===>> OK
GetDriveMoving ===>> OK
GetDriveMoving ===>> OK
GetDriveMoving ===>> OK
GetDriveMoving ===>> OK
GetDriveMoving ===>> OK
GetDriveMoving ===>> False
GetDriveMoving ===>> OK
GetDriveMoving ===>> OK
GetDriveMoving ===>> OK
GetDriveMoving ===>> OK
GetDriveMoving ===>> OK
GetDriveMoving ===>> OK
GetDriveMoving ===>> False
Block completed
GetAutoCorrecting ===>> False
GetAutoCorrecting ===>> False
Block completed
update position
GetPosition ===>> -1.99390,-13.95730,1.00000
got position (-1.9939, -13.9573, 1.0)
move to position succeeded
sleep (5,) {}
SLEEP 5.0
block started
WaitControl setup for 5.0  
Join finished
block finished. duration 5.04267001152
close () {'description': 'Microbone to Turbo'}
closing name=--- desc=Microbone to Turbo
checking ownership. requestor=129.138.12.150
check software interlocks U
interlocks []
actuate state mode=None-script, software_lock=False
doing actuation None-script close_channel True
Close U ===>> OK
GetIndicatorState U ===>> False
change switch state (True, True)
update switch state U False args=() kw={} ncanvase=2
03:51:03 -- CLOSE  VALVE-U (Microbone to Turbo)
---------------------------------------- close None (Microbone to Turbo) result=[(True, True)]
action=close, ok=True, locked=[False]
enable laser
enable () {}
set extraction state FusionsCO2 Enabled (False, 'red', 1.5)
enabling laser
Enable ===>> OK
begin interval
BEGIN INTERVAL Interval 1 waiting for 30.0
block started
WaitControl setup for 30.0  
set extract to 5.0
extract (5.0,) {}
GetPosition ===>> -1.99390,-13.95730,1.00000
set extraction state FusionsCO2 ON! 5.0(watts) (0.75, 'red', 1.5)
extract sample to 5.0 (watts)
set laser output
SetLaserOutput 5.0,watts ===>> OK
executing pattern triangle.lp
execute_pattern ('triangle.lp',) {}
executing pattern triangle.lp
IsPatterning ===>> OK
IsPatterning ===>> OK
IsPatterning ===>> OK
IsPatterning ===>> OK
IsPatterning ===>> OK
IsPatterning ===>> OK
IsPatterning ===>> OK
IsPatterning ===>> OK
IsPatterning ===>> OK
IsPatterning ===>> OK
IsPatterning ===>> OK
IsPatterning ===>> OK
IsPatterning ===>> OK
IsPatterning ===>> OK
IsPatterning ===>> OK
IsPatterning ===>> OK
IsPatterning ===>> OK
IsPatterning ===>> OK
IsPatterning ===>> OK
IsPatterning ===>> OK
IsPatterning ===>> OK
IsPatterning ===>> OK
IsPatterning ===>> OK
IsPatterning ===>> OK
IsPatterning ===>> OK
IsPatterning ===>> OK
IsPatterning ===>> False
IsPatterning ===>> False
Block completed
COMPLETE INTERVAL waiting for Interval 1 to complete
Join finished
block finished. duration 30.0899908543
Interval 1 finished
end_extract () {}
ending extraction. set laser power to 0
set laser power 0
SetLaserPower 0 ===>> OK
disable () {}
%%%%%%%%%%%%%%%%%%%%%%%%%%%%%%%%%%% disable
set extraction state False (0.75, 'red', 1.5)
disabling laser
Disable ===>> OK
sleep (30.0,) {}
SLEEP 30.0
block started
WaitControl setup for 30.0  
Join finished
block finished. duration 30.0909070969
executed snippet estimated_duration=166.5, duration=77.6456429958
jan_co2.py completed successfully
GetAchievedOutput ===>> No Response
Requested Output= 0.000
Achieved Output=  0.000
GetResponseBlob ===>> No Response
GetOutputBlob ===>> No Response
persistence save...
persistence save - db
AutomatedRunPersister post_extraction_save deprecated
persistence save - dvc
no extraction position for 211
create new session 4982376208
close session 4982376208
Extraction Finished
03:52:05 -- ******* Extraction Finished *******
no overlap. not waiting for min ms pumptime
03:52:05 -- Sending spectrometer configuration
======== Sending configuration ========
SetDeflection CDD,50.0 ===>> OK
SetDeflection H2,0.0 ===>> OK
SetDeflection H1,0.0 ===>> OK
SetDeflection L2,825.0 ===>> OK
SetDeflection L1,400.0 ===>> OK
SetDeflection AX,190.0 ===>> OK
SetZFocus 74.64 ===>> OK
SetZSymmetry -50.72 ===>> OK
SetExtractionLens 26.13 ===>> OK
SetIonRepeller -3.81 ===>> OK
SetElectronEnergy 75.08 ===>> OK
SetYSymmetry -2.81 ===>> OK
SetIonCounterVoltage 1590.0 ===>> OK
send trap current 200.0
GetParameter Trap Current Readback ===>> 198.147042666178
SetParameter Trap Current Set,200.0 ===>> OK
updating mftable name mftable
Using mftable located at /Users/jan/PychronDev/setupfiles/spectrometer/mftables/mftable.csv
============ MFtable ===========
Isotope  H2     H1     AX     L1     L2     CDD    
Ar40     5.8014 5.8794 5.9927 6.1414 6.2312 6.3696
Ar39     5.7007 5.7717 5.8851 6.0274 6.1163 6.2561
Ar36     5.3782 5.4407 5.5485 5.6863 5.7713 5.9072
================================
get initial guess parabolic
get initial guess parabolic
get initial guess parabolic
get initial guess parabolic
get initial guess parabolic
get initial guess parabolic
======== Configuration Finished ========
GetYSymmetry ===>> -2.81
GetZSymmetry ===>> -50.72
GetParameter Trap Current Readback ===>> 197.923274125618
GetHighVoltage ===>> 4500
start measurement
do measurement
L#=25347 analysis type=unknown
Measurement Started jan_unknown120_60.py
03:52:05 -- ******* Measurement Started jan_unknown120_60.py *******
state changed from extraction to measurement
setting spec, defl, and gains
GetExtractionLens ===>> 26.13
GetYSymmetry ===>> -2.81
GetZSymmetry ===>> -50.72
GetZFocus ===>> 74.64
GetDeflection H2 ===>> 0
GetDeflection H1 ===>> 0
GetDeflection AX ===>> 190
GetDeflection L1 ===>> 400
GetDeflection L2 ===>> 825
GetDeflection CDD ===>> 50
GetGain H2 ===>> 0.0113
GetGain H1 ===>> 0.1
GetGain AX ===>> 0.097049
GetGain L1 ===>> 0.010355
GetGain L2 ===>> 0.095649
GetGain CDD ===>> 0
pre measurement save
New frame /Users/jan/PychronDev/data/isotopes/ee/e3f58a-c117-48d6-b03e-e63583af6cab.h5
flush and close file /Users/jan/PychronDev/data/isotopes/ee/e3f58a-c117-48d6-b03e-e63583af6cab.h5
testing...
no interpolation path defined
executed snippet estimated_duration=226.132928, duration=0.000254154205322
unknown measurement script
activate_detectors ('H2', 'H1', 'AX', 'L1', 'L2', 'CDD') {}
activate detectors
*************** Set Analysis View Ar/Ar
create graphs
clearing graphs
clear isotope group
setting isotope det=H2, iso=PM41
setting isotope det=H1, iso=Ar40
setting isotope det=AX, iso=Ar39
setting isotope det=L1, iso=Ar38
setting isotope det=L2, iso=Ar37
setting isotope det=CDD, iso=Ar36
setting previous blanks
 - setting Ar40 blank 0.923+/-0.008
 - setting Ar36 blank 0.00749+/-0.00022
 - setting Ar37 blank 0.039+/-0.005
 - setting Ar38 blank 0.0154+/-0.0024
 - setting PM41 blank 0.02+/-0.06
 - setting Ar39 blank 0.003+/-0.010
load analysis view
position_magnet ('Ar40',) {'detector': 'H1'}
detector Detector(H1)
POSITION Ar40 H1
setting detector H2 to PM41 (40.9624)
setting detector H1 to Ar40 (39.9624)
setting detector AX to Ar39 (38.9624)
setting detector L1 to Ar38 (37.9624)
setting detector L2 to Ar37 (36.9624)
setting detector CDD to Ar36 (35.9624)
Mapping mass to dac mass func: "parabolic"
H1 map mass coeffs = [-0.00063987  0.15840543  0.57104999]
H1 map mass to dac 39.9624 >> 5.87944
GetDeflection H1 ===>> 0
GetHighVoltage ===>> 4500
positioning Ar40 (5.87944) on H1
setting magnet DAC
current  : 5.879440
requested: 5.879440
Delta Dac: 0.000000
Checking detector protection. dv=0.00000
Checking detector "CDD". Protection Threshold: 0.1 (V)
SetMagnetDAC 5.87944 ===>> OK
Magnet settling time: 0.500
equilibrate () {'delay': 3, 'inlet': 'R', 'outlet': 'O', 'eqtime': 12.0}
Equilibration Started
03:52:06 -- ******* Equilibration Started *******
checking ownership. requestor=129.138.12.150
check software interlocks O
interlocks []
actuate state mode=None-script, software_lock=False
doing actuation None-script close_channel True
Close O ===>> OK
GetIndicatorState O ===>> False
change switch state (True, True)
update switch state O False args=() kw={} ncanvase=2
03:52:07 -- CLOSE  VALVE-O (Jan Ion Pump)
waiting 3s before opening inlet value ('R',)
update labels <pychron.experiment.plot_panel.PlotPanel object at 0x1b05731d0>
update labels "<pychron.graph.stacked_regression_graph.StackedRegressionGraph object at 0x1b1339590>"
setting label 0 H2 PM41
setting label 1 H1 Ar40
setting label 2 AX Ar39
setting label 3 L1 Ar38
setting label 4 L2 Ar37
setting label 5 CDD Ar36
update labels "<pychron.graph.stacked_graph.StackedGraph object at 0x1a882bbf0>"
setting label 0 H2 PM41
setting label 1 H1 Ar40
setting label 2 AX Ar39
setting label 3 L1 Ar38
setting label 4 L2 Ar37
setting label 5 CDD Ar36
checking ownership. requestor=129.138.12.150
check software interlocks R
interlocks []
actuate state mode=None-script, software_lock=False
doing actuation None-script open_channel True
Open R ===>> OK
GetIndicatorState R ===>> OK
change switch state (True, True)
update switch state R True args=() kw={} ncanvase=2
03:52:10 -- OPEN   VALVE-R (Jan Inlet)
equilibrating for 12.0sec
set_time_zero () {}
sniff (12.0,) {}
py_sniff
build tables- sniff [Detector(H2), Detector(H1), Detector(AX), Detector(L1), Detector(L2), Detector(CDD)]
add group /sniff/PM41 (Group) '' table H2
add group /sniff/Ar40 (Group) '' table H1
add group /sniff/Ar39 (Group) '' table AX
add group /sniff/Ar38 (Group) '' table L1
add group /sniff/Ar37 (Group) '' table L2
add group /sniff/Ar36 (Group) '' table CDD
flush and close file /Users/jan/PychronDev/data/isotopes/ee/e3f58a-c117-48d6-b03e-e63583af6cab.h5
measuring sniff. ncounts=12.0
"sniff" increment series count="1" fit count="0" regressing="False"
starting measurement
GetData ===>> H2,-0.108922264359478,H1,0.0230460897362895,AX,-0.00192530568491115,L1,-0.00922500037226157,L2,-0...
GetData ===>> H2,0.505977509328463,H1,319.862397475495,AX,43.2226916351947,L1,0.188857024269581,L2,0.4640363297...
GetData ===>> H2,0.78508380509198,H1,820.860444408739,AX,105.736987755769,L1,0.850451426091238,L2,0.41313201724...
GetData ===>> H2,0.251484136053102,H1,991.502333813981,AX,124.373097691786,L1,1.22674473797569,L2,0.35321446471...
GetData ===>> H2,0.121203032550727,H1,1049.80715216176,AX,130.034941367482,L1,1.3977086310792,L2,0.409955880915...
GetData ===>> H2,0.136031647422315,H1,1071.79154580518,AX,132.20137643131,L1,1.50804998092588,L2,0.355064198503...
GetData ===>> H2,0.0272774786826556,H1,1081.37366566363,AX,133.202737242293,L1,1.58707516481148,L2,0.2983895007...
GetData ===>> H2,-0.0204729942854893,H1,1085.29704475149,AX,133.609131489683,L1,1.6677180041591,L2,0.3639708239...
GetData ===>> H2,-0.128760146931666,H1,1087.20147132108,AX,133.902549704878,L1,1.71804640271662,L2,0.3769782680...
GetData ===>> H2,-0.147858133322277,H1,1087.95915507707,AX,133.930662068281,L1,1.70458634611458,L2,0.3667000710...
GetData ===>> H2,-0.0325071052416332,H1,1087.87501358681,AX,134.009308261232,L1,1.7150717870935,L2,0.2955594985...
Equilibration Finished
03:52:22 -- ******* Equilibration Finished *******
checking ownership. requestor=129.138.12.150
check software interlocks R
interlocks []
actuate state mode=None-script, software_lock=False
doing actuation None-script close_channel True
GetData ===>> H2,-0.122485219909798,H1,1087.2058450371,AX,133.696715546355,L1,1.73139141075899,L2,0.27316206731...
Close R ===>> OK
set states for children of R. state=False
handle state [('R', False)]
update switch state R False args=() kw={'refresh': False} ncanvase=2
refresh_canvas_needed fired
GetIndicatorState R ===>> False
change switch state (True, True)
update switch state R False args=() kw={} ncanvase=2
03:52:23 -- CLOSE  VALVE-R (Jan Inlet)
Post Equilibration Started jan_pump_extraction_line.py
03:52:23 -- ******* Post Equilibration Started jan_pump_extraction_line.py *******
testing...
no interpolation path defined
calculate duration
testing...
no interpolation path defined
executed snippet estimated_duration=4.0, duration=0.000131845474243
executed snippet estimated_duration=4.0, duration=0.00145101547241
Pump after analysis
doing GOSUB
testing...
no interpolation path defined
executed snippet estimated_duration=4.0, duration=0.000110864639282
Pump Microbone
close () {'description': 'Jan Inlet'}
closing name=--- desc=Jan Inlet
checking ownership. requestor=129.138.12.150
check software interlocks R
interlocks []
actuate state mode=None-script, software_lock=False
doing actuation None-script close_channel False
measurement finished
estimated time: 12.583 actual time: :12.679
flush and close file /Users/jan/PychronDev/data/isotopes/ee/e3f58a-c117-48d6-b03e-e63583af6cab.h5
set_fits () {}
using default fits file=/Users/jan/PychronDev/scripts/measurement/fits/nominal_linear.yaml
set "Ar40" to "('Linear', 'SEM')"
No fit for "PM41". defaulting to linear. check the measurement script "jan_unknown120_60.py"
set "PM41" to "linear"
set "Ar36" to "('Linear', 'SEM')"
set "Ar37" to "('linear', 'SEM')"
set "Ar38" to "('linear', 'SEM')"
set "Ar39" to "('Linear', 'SEM')"
set_baseline_fits () {}
using default fits file=/Users/jan/PychronDev/scripts/measurement/fits/nominal_linear.yaml
set "H1" to "('average', 'SEM')"
set "H2" to "('average', 'SEM')"
set "CDD" to "('average', 'SEM')"
set "L2" to "('average', 'SEM')"
set "L1" to "('average', 'SEM')"
set "AX" to "('average', 'SEM')"
multicollect () {'integration_time': 1, 'ncounts': 120}
build tables- signal [Detector(H2), Detector(H1), Detector(AX), Detector(L1), Detector(L2), Detector(CDD)]
add group /signal/PM41 (Group) '' table H2
add group /signal/Ar40 (Group) '' table H1
add group /signal/Ar39 (Group) '' table AX
add group /signal/Ar38 (Group) '' table L1
add group /signal/Ar37 (Group) '' table L2
add group /signal/Ar36 (Group) '' table CDD
flush and close file /Users/jan/PychronDev/data/isotopes/ee/e3f58a-c117-48d6-b03e-e63583af6cab.h5
measuring signal. ncounts=120
Close R ===>> OK
GetIndicatorState R ===>> False
change switch state (True, True)
update switch state R False args=() kw={} ncanvase=2
03:52:23 -- CLOSE  VALVE-R (Jan Inlet)
---------------------------------------- close None (Jan Inlet) result=[(True, True)]
action=close, ok=True, locked=[False]
is_closed ('F',) {}
is F () closed?
is closed True
open () {'description': 'CO2 Laser to Jan'}
opening name=--- desc=CO2 Laser to Jan
checking ownership. requestor=129.138.12.150
check software interlocks A
interlocks []
actuate state mode=None-script, software_lock=False
doing actuation None-script open_channel False
Open A ===>> OK
GetIndicatorState A ===>> OK
change switch state (True, True)
update switch state A True args=() kw={} ncanvase=2
03:52:24 -- OPEN   VALVE-A (CO2 Laser to Jan)
---------------------------------------- open None (CO2 Laser to Jan) result=[(True, True)], time=0.13 sec
"signal" increment series count="2" fit count="1" regressing="True"
starting measurement
GetData ===>> H2,0.0164818338395648,H1,1087.60288004516,AX,133.854934692482,L1,1.78143770431085,L2,0.4417334093...
action=open, ok=True, locked=[False]
sleep (1,) {}
SLEEP 1.0
GetData ===>> H2,-0.00138615118031218,H1,1087.24405876753,AX,133.813585813327,L1,1.76415100762819,L2,0.38853684...
close () {'description': 'CO2 Laser to Roughing'}
closing name=--- desc=CO2 Laser to Roughing
checking ownership. requestor=129.138.12.150
check software interlocks G
interlocks []
actuate state mode=None-script, software_lock=True
VALVE-G(CO2 Laser to Roughing) software locked
change switch state (True, False)
---------------------------------------- close None (CO2 Laser to Roughing) result=[(True, False)]
action=close, ok=True, locked=[True]
open () {'description': 'Microbone to Turbo'}
opening name=--- desc=Microbone to Turbo
checking ownership. requestor=129.138.12.150
check software interlocks U
interlocks []
actuate state mode=None-script, software_lock=False
doing actuation None-script open_channel True
Open U ===>> OK
GetIndicatorState U ===>> OK
change switch state (True, True)
update switch state U True args=() kw={} ncanvase=2
03:52:25 -- OPEN   VALVE-U (Microbone to Turbo)
---------------------------------------- open None (Microbone to Turbo) result=[(True, True)], time=0.21 sec
action=open, ok=True, locked=[False]
open () {'description': 'Microbone to Getter NP-10'}
opening name=--- desc=Microbone to Getter NP-10
checking ownership. requestor=129.138.12.150
check software interlocks M
interlocks []
actuate state mode=None-script, software_lock=False
doing actuation None-script open_channel False
Open M ===>> OK
GetIndicatorState M ===>> OK
change switch state (True, True)
update switch state M True args=() kw={} ncanvase=2
03:52:26 -- OPEN   VALVE-M (Microbone to Getter NP-10)
---------------------------------------- open None (Microbone to Getter NP-10) result=[(True, True)], time=0.14 sec
action=open, ok=True, locked=[False]
open () {'description': 'Microbone to Getter D-50'}
opening name=--- desc=Microbone to Getter D-50
checking ownership. requestor=129.138.12.150
check software interlocks K
interlocks []
actuate state mode=None-script, software_lock=False
doing actuation None-script open_channel False
GetData ===>> H2,-0.200190415781431,H1,1086.37561051431,AX,133.980301138185,L1,1.73295768358886,L2,0.2942700494...
Open K ===>> OK
GetIndicatorState K ===>> OK
change switch state (True, True)
update switch state K True args=() kw={} ncanvase=2
03:52:26 -- OPEN   VALVE-K (Microbone to Getter D-50)
---------------------------------------- open None (Microbone to Getter D-50) result=[(True, True)], time=0.43 sec
action=open, ok=True, locked=[False]
open () {'description': 'Microbone to CO2 Laser'}
opening name=--- desc=Microbone to CO2 Laser
checking ownership. requestor=129.138.12.150
check software interlocks T
interlocks []
actuate state mode=None-script, software_lock=False
doing actuation None-script open_channel False
Open T ===>> OK
GetIndicatorState T ===>> OK
change switch state (True, True)
update switch state T True args=() kw={} ncanvase=2
03:52:27 -- OPEN   VALVE-T (Microbone to CO2 Laser)
---------------------------------------- open None (Microbone to CO2 Laser) result=[(True, True)], time=0.42 sec
GetData ===>> H2,-0.179306007724773,H1,1086.23488269745,AX,133.644856072015,L1,1.74343183085115,L2,0.3047230748...
action=open, ok=True, locked=[False]
open () {'description': 'Microbone to Inlet Pipette'}
opening name=--- desc=Microbone to Inlet Pipette
checking ownership. requestor=129.138.12.150
check software interlocks S
interlocks []
actuate state mode=None-script, software_lock=False
doing actuation None-script open_channel False
Open S ===>> OK
GetIndicatorState S ===>> OK
change switch state (True, True)
update switch state S True args=() kw={} ncanvase=2
03:52:28 -- OPEN   VALVE-S (Microbone to Inlet Pipette)
---------------------------------------- open None (Microbone to Inlet Pipette) result=[(True, True)], time=0.42 sec
action=open, ok=True, locked=[False]
sleep (1,) {}
SLEEP 1.0
GetData ===>> H2,-0.148576681701572,H1,1086.10556754758,AX,133.820868099346,L1,1.76210074642289,L2,0.3699432942...
set_resource () {'name': 'CO2PumpTimeFlag', 'value': 30}
Set CO2PumpTimeFlag 30 ===>> OK
release ('JanCO2Flag',) {}
release JanCO2Flag
Set JanCO2Flag 0 ===>> OK
executed snippet estimated_duration=6.0, duration=6.04660081863
PumpMicrobone.py completed successfully
gosub finished
get_resource_value () {'name': 'JanMiniboneFlag'}
Read JanMiniboneFlag ===>> 0
Get Resource Value JanMiniboneFlag=0.0
get resource value 0.0
get_resource_value () {'name': 'JanMiniboneFlag'}
Read JanMiniboneFlag ===>> 0
Get Resource Value JanMiniboneFlag=0.0
executed snippet estimated_duration=4.0, duration=6.0609600544
jan_pump_extraction_line.py completed successfully
Post Equilibration Finished
03:52:29 -- ******* Post Equilibration Finished *******
GetData ===>> H2,-0.193973852628274,H1,1085.56553897572,AX,133.671390420644,L1,1.73412536734627,L2,0.4590229306...
GetData ===>> H2,-0.142241892696141,H1,1085.31696580804,AX,133.628147112276,L1,1.71392201038779,L2,0.3331437235...
GetData ===>> H2,-0.113620590447588,H1,1084.77541259057,AX,133.451371241788,L1,1.70855885253765,L2,0.3383493823...
GetData ===>> H2,-0.135940070774742,H1,1084.00375028312,AX,133.243122893304,L1,1.73154516139025,L2,0.3278241978...
GetData ===>> H2,-0.128222161609015,H1,1083.8285657261,AX,133.34934808652,L1,1.74781935239036,L2,0.384721904555...
GetData ===>> H2,-0.0969073715357753,H1,1083.35382295921,AX,133.284867140216,L1,1.70281866999883,L2,0.393962549...
GetData ===>> H2,-0.121529006422637,H1,1082.83037011037,AX,133.222899516855,L1,1.70192950150588,L2,0.3772066849...
GetData ===>> H2,-0.135153110989351,H1,1082.28577939704,AX,133.246054024391,L1,1.70761666661604,L2,0.2175753733...
GetData ===>> H2,-0.0938518820784689,H1,1082.04995482181,AX,133.106974127599,L1,1.67846003197346,L2,0.230016026...
GetData ===>> H2,-0.0663293798956294,H1,1081.88780809022,AX,133.133192867162,L1,1.69020003841233,L2,0.397686472...
GetData ===>> H2,-0.13371291436249,H1,1081.51253579113,AX,133.187148346104,L1,1.64915659037417,L2,0.36188111830...
GetData ===>> H2,0.00962704795948664,H1,1080.5693389733,AX,133.061189308902,L1,1.71983755348637,L2,0.4182734681...
GetData ===>> H2,0.0760135712528943,H1,1080.45087197258,AX,133.157166353772,L1,1.69349056268412,L2,0.3340341451...
GetData ===>> H2,-0.0157007258551387,H1,1079.89024712529,AX,133.112580912337,L1,1.71882535440007,L2,0.249456357...
GetData ===>> H2,-0.18073640580828,H1,1079.35500704391,AX,132.96848688767,L1,1.68233396710035,L2,0.306412098605...
GetData ===>> H2,-0.0794126767218339,H1,1078.94863284672,AX,133.158494430189,L1,1.69162277580582,L2,0.313351103...
GetData ===>> H2,-0.124550203926615,H1,1078.63358170734,AX,133.034220537251,L1,1.7137566504162,L2,0.38038173625...
GetData ===>> H2,-0.144345775541542,H1,1078.18888289912,AX,132.84234525009,L1,1.69998217598491,L2,0.33728767896...
GetData ===>> H2,-0.203370637712303,H1,1077.86594539432,AX,132.771247014577,L1,1.69644247356025,L2,0.3433155703...
03:52:49 -- collecting point 25
GetData ===>> H2,-0.219284253770814,H1,1077.43918064879,AX,132.858055570852,L1,1.69670921262436,L2,0.2856665589...
GetData ===>> H2,-0.136748608337423,H1,1077.03764222637,AX,132.738870608036,L1,1.70570651693514,L2,0.3558863138...
GetData ===>> H2,-0.165306714907406,H1,1076.36911322148,AX,132.583586231421,L1,1.71339078409699,L2,0.4213127666...
GetData ===>> H2,-0.151925704933833,H1,1076.22410540177,AX,132.373647259798,L1,1.71315903169858,L2,0.3253700097...
GetData ===>> H2,-0.0754892673303092,H1,1075.42343669581,AX,132.171940705474,L1,1.73249637860288,L2,0.361195978...
GetData ===>> H2,-0.168173543910362,H1,1074.97166528889,AX,132.190856105808,L1,1.68376347013706,L2,0.3597686206...
GetData ===>> H2,-0.0931908347964588,H1,1074.3911409908,AX,132.265618117558,L1,1.67494490146882,L2,0.3381438904...
GetData ===>> H2,-0.137301571581921,H1,1073.89498933655,AX,132.245847783369,L1,1.66732704110889,L2,0.3040954046...
GetData ===>> H2,-0.0386681556322207,H1,1074.32452212333,AX,132.298405133869,L1,1.67462646372462,L2,0.414377365...
GetData ===>> H2,-0.0475829844608885,H1,1073.76757282895,AX,132.412976395819,L1,1.73069434814902,L2,0.398840232...
GetData ===>> H2,-0.072306178100623,H1,1073.38280567856,AX,132.313135131951,L1,1.7407728526068,L2,0.31995960321...
GetData ===>> H2,-0.145608998705168,H1,1073.11483011959,AX,132.229273710343,L1,1.704827023535,L2,0.469369777810...
GetData ===>> H2,-0.113141443572436,H1,1072.69498020399,AX,132.22643038374,L1,1.6784028240378,L2,0.343212819056...
GetData ===>> H2,-0.153263241908256,H1,1072.24762664952,AX,132.145684849641,L1,1.69421773327296,L2,0.3267283665...
GetData ===>> H2,-0.0394553570263956,H1,1071.88681897181,AX,132.014351537821,L1,1.68758003385341,L2,0.295856188...
GetData ===>> H2,-0.0827156935794681,H1,1071.32671532795,AX,131.983024979918,L1,1.6787070696857,L2,0.2716561620...
GetData ===>> H2,-0.184600276004196,H1,1070.97239906135,AX,131.82312550497,L1,1.67182071420708,L2,0.27400629730...
GetData ===>> H2,-0.224328844500479,H1,1071.2259428899,AX,131.814660760706,L1,1.6616882223592,L2,0.254959269179...
GetData ===>> H2,-0.113103544086783,H1,1069.91431505605,AX,132.018576896988,L1,1.66824017600985,L2,0.3618011851...
GetData ===>> H2,-0.0802798453825456,H1,1069.78809207366,AX,132.021147215016,L1,1.62056652061323,L2,0.295639376...
GetData ===>> H2,-0.213227821714297,H1,1069.65042769301,AX,131.820420630925,L1,1.63494232334787,L2,0.3414432301...
GetData ===>> H2,-0.190512250295359,H1,1068.85258103808,AX,131.777207103046,L1,1.64414442667405,L2,0.2766531206...
GetData ===>> H2,-0.0338025871876931,H1,1068.18041470437,AX,131.683678592971,L1,1.70914320479863,L2,0.286499489...
GetData ===>> H2,-0.00651735683193408,H1,1067.47946013485,AX,131.679167863511,L1,1.71317335333352,L2,0.33132865...
GetData ===>> H2,-0.0343104193843908,H1,1067.75919400051,AX,131.438032246293,L1,1.65547904290357,L2,0.303867161...
03:53:15 -- collecting point 50
GetData ===>> H2,-0.0788422062830094,H1,1067.2795297753,AX,131.601259601139,L1,1.68136372869675,L2,0.3710396198...
GetData ===>> H2,-0.158228318554118,H1,1066.70882495065,AX,131.496974423828,L1,1.69228869101533,L2,0.3310661054...
GetData ===>> H2,-0.242821558846018,H1,1066.31486828334,AX,131.308737968189,L1,1.69604823214532,L2,0.4580408375...
GetData ===>> H2,-0.158101347775194,H1,1065.6445884673,AX,131.311748163937,L1,1.6651347904206,L2,0.314697876424...
GetData ===>> H2,-0.0772187157758855,H1,1065.10423704189,AX,131.448489067036,L1,1.66604644303456,L2,0.370285894...
GetData ===>> H2,-0.0727224162772645,H1,1064.91810653799,AX,131.41127128171,L1,1.65169681471092,L2,0.2986519648...
GetData ===>> H2,-0.135811618867561,H1,1064.79709252586,AX,131.133218648057,L1,1.65447395615879,L2,0.4301455606...
GetData ===>> H2,-0.025009701539682,H1,1063.89995696853,AX,130.957456293299,L1,1.68531940392221,L2,0.3707997975...
GetData ===>> H2,-0.241393575073383,H1,1063.5172342096,AX,131.122737289607,L1,1.69505553546431,L2,0.30987012536...
GetData ===>> H2,-0.141182371695307,H1,1063.14294532797,AX,131.097783276248,L1,1.6715790298586,L2,0.29442980322...
GetData ===>> H2,-0.0600611827100612,H1,1063.16011306158,AX,131.103919275007,L1,1.67940400622489,L2,0.333828662...
GetData ===>> H2,-0.111797288084642,H1,1062.22206492145,AX,131.100326969204,L1,1.65655954961166,L2,0.3278926876...
GetData ===>> H2,-0.163037302481932,H1,1062.04563210835,AX,130.936330380429,L1,1.63586737367026,L2,0.4158398137...
GetData ===>> H2,-0.129094009420437,H1,1061.78322036252,AX,130.92746568528,L1,1.65699074325032,L2,0.32510747241...
GetData ===>> H2,-0.172627567100075,H1,1061.30482109201,AX,130.792232834815,L1,1.65541151479117,L2,0.2620166474...
GetData ===>> H2,-0.0829486839749478,H1,1060.62328031707,AX,130.616057460935,L1,1.6711112689147,L2,0.3864922927...
GetData ===>> H2,-0.0886993010935859,H1,1060.55045765683,AX,130.590339587367,L1,1.66559450315118,L2,0.369052538...
GetData ===>> H2,-0.0524296282737682,H1,1059.93837299676,AX,130.686584445216,L1,1.64445542808393,L2,0.320884144...
GetData ===>> H2,-0.166603896418359,H1,1059.0374383324,AX,130.867956674628,L1,1.69259695067717,L2,0.40338686812...
GetData ===>> H2,-0.210653872270468,H1,1059.10460753294,AX,130.719008424825,L1,1.66661918686813,L2,0.4677594335...
GetData ===>> H2,-0.2822502656046,H1,1058.80060985524,AX,130.700410387887,L1,1.67918815917941,L2,0.322995785295...
GetData ===>> H2,-0.262491948641085,H1,1058.35036534781,AX,130.633444039425,L1,1.65579720983253,L2,0.3355296153...
GetData ===>> H2,-0.084284222848916,H1,1058.16842178038,AX,130.356874852186,L1,1.65827793175448,L2,0.4368306870...
GetData ===>> H2,-0.0780589484751019,H1,1057.82259698772,AX,130.197840927034,L1,1.66811937283602,L2,0.304118228...
GetData ===>> H2,-0.141137772339579,H1,1057.30258636911,AX,130.174620216653,L1,1.65946654048858,L2,0.2423783871...
03:53:42 -- collecting point 75
GetData ===>> H2,-0.047861271016266,H1,1056.77629831589,AX,130.161977016992,L1,1.67524385148492,L2,0.3140130742...
GetData ===>> H2,-0.0474255119829231,H1,1056.76798311027,AX,130.074198784107,L1,1.65787136638751,L2,0.277873878...
GetData ===>> H2,-0.110253952674298,H1,1055.96970164122,AX,130.180932503945,L1,1.65831040568065,L2,0.4299855804...
GetData ===>> H2,-0.0547253297567604,H1,1055.24387631408,AX,130.106962484278,L1,1.66589709301217,L2,0.323486605...
set states for children of V. state=True
handle state [('V', True)]
update switch state V True args=() kw={'refresh': False} ncanvase=2
refresh_canvas_needed fired
GetData ===>> H2,-0.0390644776152448,H1,1054.76044931589,AX,130.22375827942,L1,1.66244317757359,L2,0.3030683168...
GetData ===>> H2,-0.0660417851455286,H1,1054.60293154503,AX,130.066207224621,L1,1.67009265894311,L2,0.407328221...
GetData ===>> H2,-0.0965241260271393,H1,1054.47378320726,AX,130.09610502672,L1,1.64474992105106,L2,0.3041182289...
GetData ===>> H2,-0.15577374839681,H1,1053.39841259501,AX,129.946214965098,L1,1.63866376095326,L2,0.32906843811...
GetData ===>> H2,-0.210578436343258,H1,1053.23540859668,AX,130.097904875906,L1,1.64761093889593,L2,0.3859211962...
GetData ===>> H2,-0.0449857679456294,H1,1053.48561015251,AX,129.941862111852,L1,1.64203725038828,L2,0.368059013...
GetData ===>> H2,-0.0629505053969527,H1,1052.76039008643,AX,129.761871878803,L1,1.60429122523373,L2,0.238086195...
GetData ===>> H2,-0.0774585949899916,H1,1052.45862751822,AX,129.601124753931,L1,1.67052399747015,L2,0.370000394...
GetData ===>> H2,-0.11659382681806,H1,1052.45735831599,AX,129.804453867016,L1,1.68054702651888,L2,0.39366555532...
GetData ===>> H2,-0.0113926944407072,H1,1052.33315150273,AX,129.622811324694,L1,1.64486149315348,L2,0.414811527...
GetData ===>> H2,-0.152526739214814,H1,1051.41923351433,AX,129.544583221385,L1,1.64178280690157,L2,0.3227104257...
GetData ===>> H2,-0.113512310435968,H1,1050.41823421698,AX,129.773144768798,L1,1.64594224487415,L2,0.2620280545...
GetData ===>> H2,0.0752671932672166,H1,1050.22355391912,AX,129.580233394638,L1,1.61394052258887,L2,0.2911777244...
GetData ===>> H2,-0.0266022424855511,H1,1050.27498311039,AX,129.617244441585,L1,1.63958134006938,L2,0.302897136...
GetData ===>> H2,-0.0375469783764174,H1,1049.31645184146,AX,129.508515930067,L1,1.66559710045332,L2,0.379856360...
GetData ===>> H2,-0.083902269328421,H1,1048.57721315331,AX,129.624860295067,L1,1.63247374490884,L2,0.3357008539...
GetData ===>> H2,-0.110584298244488,H1,1048.58577193795,AX,129.399015967312,L1,1.62169869810748,L2,0.3222310236...
GetData ===>> H2,-0.159815333282765,H1,1047.93888978294,AX,129.306797873258,L1,1.59822869341955,L2,0.1893559192...
GetData ===>> H2,-0.115748083229005,H1,1047.60075236588,AX,129.171645955558,L1,1.62511414051638,L2,0.2420473336...
GetData ===>> H2,-0.131552952923026,H1,1047.48068376411,AX,129.36964181989,L1,1.65669332171641,L2,0.30632079926...
GetData ===>> H2,-0.186413034304274,H1,1047.23108293696,AX,129.18256903251,L1,1.67405589852898,L2,0.27546660457...
03:54:08 -- collecting point 100
GetData ===>> H2,-0.161125297153726,H1,1047.16935179887,AX,129.223778437779,L1,1.66514777638989,L2,0.3286803247...
GetData ===>> H2,-0.146050755842844,H1,1046.503537029,AX,129.249339328356,L1,1.6422177011576,L2,0.3339314037776...
GetData ===>> H2,-0.149588245005068,H1,1046.02980437539,AX,129.103383769604,L1,1.60502623329749,L2,0.3046774259...
GetData ===>> H2,-0.0448269017147545,H1,1045.7307270478,AX,129.358461344508,L1,1.62968154031076,L2,0.3122211983...
GetData ===>> H2,-0.0316080574192587,H1,1045.15101633242,AX,129.08978493511,L1,1.61806525400664,L2,0.3881484920...
GetData ===>> H2,-0.196658634347138,H1,1044.57680237231,AX,129.025185681868,L1,1.67282259192926,L2,0.2143912823...
GetData ===>> H2,-0.133134079617007,H1,1044.28104246505,AX,128.943332645507,L1,1.68333160780353,L2,0.2718044698...
GetData ===>> H2,-0.215105047938275,H1,1044.15859482594,AX,128.981052417146,L1,1.66794791256453,L2,0.4145144691...
GetData ===>> H2,-0.204148368555054,H1,1043.4821172539,AX,128.695669703683,L1,1.66861948069438,L2,0.42206689321...
GetData ===>> H2,-0.166823903109131,H1,1043.23463058418,AX,128.782254584633,L1,1.61981180106097,L2,0.2549250177...
GetData ===>> H2,-0.0800400256642139,H1,1042.45216174765,AX,128.597033995894,L1,1.63316250371666,L2,0.300854409...
GetData ===>> H2,-0.0292256451793874,H1,1042.13708465716,AX,128.725349303459,L1,1.61415825685981,L2,0.385247306...
GetData ===>> H2,-0.147031476231783,H1,1042.16996040411,AX,128.604045760872,L1,1.62098799331535,L2,0.2928665094...
GetData ===>> H2,-0.13814516039943,H1,1041.41062025281,AX,128.642269080329,L1,1.6496887293663,L2,0.347654060246...
GetData ===>> H2,-0.119414771901309,H1,1040.71983707444,AX,128.655044311451,L1,1.68269425185157,L2,0.3880228483...
GetData ===>> H2,-0.18724243628081,H1,1040.89437124865,AX,128.337769573355,L1,1.64988082494805,L2,0.27494180408...
GetData ===>> H2,-0.132618783655823,H1,1040.62568738991,AX,128.285942266809,L1,1.62836155543691,L2,0.3278241978...
GetData ===>> H2,-0.124355486701511,H1,1039.64696205251,AX,128.120022142362,L1,1.61748313395718,L2,0.4526166677...
GetData ===>> H2,-0.0675095275240632,H1,1039.53050166172,AX,128.20221744075,L1,1.61620491281092,L2,0.2869216619...
GetData ===>> H2,-0.100456179692687,H1,1039.28444055695,AX,128.148110930887,L1,1.63984481766726,L2,0.3392741012...
GetData ===>> H2,-0.0730044191565605,H1,1038.79978804826,AX,128.275260172963,L1,1.63718826898093,L2,0.261503327...
measurement finished
estimated time: 125.829 actual time: :126.375
flush and close file /Users/jan/PychronDev/data/isotopes/ee/e3f58a-c117-48d6-b03e-e63583af6cab.h5
baselines () {'settling_time': 15.0, 'detector': 'H1', 'mass': 34.2, 'ncounts': 60}
%%%%%%%%%%%%%%%%%%%%%%%%%%%%%%%% Baseline
build tables- baseline [Detector(H2), Detector(H1), Detector(AX), Detector(L1), Detector(L2), Detector(CDD)]
add group baseline table H2
add group baseline table H1
add group baseline table AX
add group baseline table L1
add group baseline table L2
add group baseline table CDD
flush and close file /Users/jan/PychronDev/data/isotopes/ee/e3f58a-c117-48d6-b03e-e63583af6cab.h5
detector Detector(H1)
POSITION 34.2 H1
Mapping mass to dac mass func: "parabolic"
H1 map mass coeffs = [-0.00063987  0.15840543  0.57104999]
H1 map mass to dac 34.2 >> 5.24009599104
GetDeflection H1 ===>> 0
GetHighVoltage ===>> 4500
positioning 34.2 (5.24009599104) on H1
setting magnet DAC
current  : 5.879440
requested: 5.240096
Delta Dac: 0.639344
Checking detector protection. dv=0.63934
Checking detector "CDD". Protection Threshold: 0.1 (V)
ProtectDetector CDD,On ===>> OK
GetDeflection CDD ===>> 2000
Protected = 2000
SetMagnetDAC 5.24009599104 ===>> OK
Magnet settling time: 0.500
GetMagnetMoving ===>> True
GetMagnetMoving ===>> True
GetMagnetMoving ===>> True
GetMagnetMoving ===>> True
GetMagnetMoving ===>> True
GetMagnetMoving ===>> True
GetMagnetMoving ===>> True
GetMagnetMoving ===>> True
GetMagnetMoving ===>> False
ProtectDetector CDD,Off ===>> OK
GetDeflection CDD ===>> 50
Delaying 15.0s for detectors to settle
Join finished
measuring baseline. ncounts=60
"baseline" increment series count="2" fit count="1" regressing="True"
starting measurement
GetData ===>> H2,-0.153575396501848,H1,-0.125806614654977,AX,-0.0496498702952165,L1,-0.0670320995677344,L2,-0.0...
GetData ===>> H2,-0.0940943467517729,H1,-0.0540244858348025,AX,-0.0253787937507441,L1,-0.055923869380582,L2,-0....
GetData ===>> H2,-0.27107215642857,H1,-0.064050508595481,AX,-0.136796795531037,L1,-0.0272543885019525,L2,-4.559...
GetData ===>> H2,-0.175938461155191,H1,-0.0178461556059826,AX,-0.0547630709615165,L1,-0.0370832443193585,L2,-0....
GetData ===>> H2,-0.146200706188437,H1,-0.0872698286701333,AX,-0.0514122736561233,L1,-0.0492293646746134,L2,0.0...
set states for children of Q. state=False
handle state [('Q', False)]
update switch state Q False args=() kw={'refresh': False} ncanvase=2
refresh_canvas_needed fired
GetData ===>> H2,-0.19315707462744,H1,-0.0551093952658064,AX,0.0293432004120331,L1,-0.0565211670988084,L2,-0.09...
GetData ===>> H2,-0.080611790885644,H1,-0.0802259328425368,AX,-0.176549658434944,L1,-0.0690036173505483,L2,-0.0...
set states for children of E. state=True
set states for children of D. state=False
handle state [('E', True), ('D', False)]
update switch state E True args=() kw={'refresh': True} ncanvase=2
update switch state D False args=() kw={'refresh': False} ncanvase=2
refresh_canvas_needed fired
GetData ===>> H2,-0.160142163187682,H1,-0.0988655516308555,AX,-0.134582028807479,L1,-0.0506508801077693,L2,-0.0...
GetData ===>> H2,-0.162734859841933,H1,0.0118789878884364,AX,-0.136901155022677,L1,-0.0179637135015737,L2,-0.10...
set states for children of B. state=False
handle state [('B', False)]
update switch state B False args=() kw={'refresh': False} ncanvase=2
refresh_canvas_needed fired
GetData ===>> H2,-0.149181739757432,H1,-0.0403369259014184,AX,-0.0477830792948367,L1,-0.0019440685177483,L2,-0....
State checksums do not match. Local:611344307 Remote:-1747703360
State checksum failed
GetData ===>> H2,-0.276578707322847,H1,-0.0984127120249976,AX,-0.0731034534898508,L1,-0.0284655832274633,L2,-0....
set states for children of W. state=True
handle state [('W', True)]
update switch state W True args=() kw={'refresh': False} ncanvase=2
refresh_canvas_needed fired
GetData ===>> H2,-0.111988159733463,H1,0.0241557095586266,AX,-0.0996340836008822,L1,-0.023472509621912,L2,0.053...
GetData ===>> H2,-0.107185174527372,H1,-0.000300800048002969,AX,-0.0583920050265717,L1,-0.0209336830481884,L2,-...
GetData ===>> H2,-0.174884125523034,H1,-0.00919910095265024,AX,-0.0790963689583113,L1,-0.049759465077802,L2,-0....
GetData ===>> H2,-0.286644549232075,H1,-0.088580820535422,AX,-0.0864450109827129,L1,-0.0917165027259754,L2,0.04...
GetData ===>> H2,-0.259674534577516,H1,0.00575908549824717,AX,-0.0398865051119724,L1,-0.0976708247515005,L2,0.0...
GetData ===>> H2,-0.128093744256683,H1,0.0367322604855726,AX,-0.0169236624094577,L1,-0.0162043394692636,L2,0.03...
GetData ===>> H2,-0.174709968450799,H1,-0.00851923187721297,AX,-0.0770446773616114,L1,-0.00737108155049573,L2,-...
GetData ===>> H2,-0.166830651713088,H1,-0.0907856317534204,AX,-0.073474399012566,L1,-0.0245739069209011,L2,-0.0...
GetData ===>> H2,-0.235984076389498,H1,-0.0428528112250025,AX,-0.150223463931825,L1,-0.0339398966155482,L2,-0.0...
GetData ===>> H2,-0.205606638222765,H1,-0.00187535593256776,AX,-0.107398342954912,L1,-0.0432503367217501,L2,-0....
GetData ===>> H2,-0.183531907490617,H1,0.00357605295910908,AX,-0.0268864903477683,L1,0.00462648240780522,L2,-0....
GetData ===>> H2,-0.119259198467653,H1,0.0441429035174636,AX,-0.0288348636640862,L1,0.0210683252743239,L2,-0.09...
GetData ===>> H2,-0.126994702641887,H1,0.0183691176990354,AX,-0.0425651505437035,L1,0.00562534160743085,L2,-0.0...
03:55:15 -- collecting point 25
GetData ===>> H2,-0.129344061936438,H1,-0.00579970939666978,AX,-0.175321029378508,L1,-0.0156250099385747,L2,0.0...
GetData ===>> H2,-0.163571958114417,H1,0.0352167859088983,AX,-0.113365971879897,L1,-0.00735908872606875,L2,-0.0...
set states for children of W. state=False
handle state [('W', False)]
update switch state W False args=() kw={'refresh': False} ncanvase=2
refresh_canvas_needed fired
GetData ===>> H2,-0.198258119076107,H1,-0.0150076186475665,AX,-0.0435623763298744,L1,-0.0272340209735787,L2,-0....
GetData ===>> H2,-0.218815376383316,H1,-0.155781455505255,AX,-0.142061012481729,L1,-0.00492304991708837,L2,-0.1...
GetData ===>> H2,-0.162269028377565,H1,0.00540120804892759,AX,-0.17500807421388,L1,-0.0385340311770204,L2,0.031...
GetData ===>> H2,-0.204361325386841,H1,-0.0385602673584671,AX,-0.105312483404332,L1,-0.0279516519473224,L2,-0.0...
GetData ===>> H2,-0.300840703146558,H1,-0.03183491178238,AX,-0.0632728818338087,L1,-0.0153755161389278,L2,0.005...
GetData ===>> H2,-0.276265769796097,H1,-0.00550151164719888,AX,-0.0551920574409768,L1,-0.0144431594118269,L2,0....
GetData ===>> H2,-0.153142972260197,H1,-0.0301415772812728,AX,-0.0754334315994089,L1,-0.0397366717642849,L2,0.0...
GetData ===>> H2,-0.124575895533267,H1,0.061961718495618,AX,-0.15483772858341,L1,-0.0335543610867717,L2,-0.0669...
GetData ===>> H2,-0.357476139948337,H1,-0.0560273863668968,AX,-0.162013750457509,L1,-0.0375936193105789,L2,-0.0...
GetData ===>> H2,-0.242759651890018,H1,0.0349900633386248,AX,-0.134477666827724,L1,0.00285078665050377,L2,-0.04...
GetData ===>> H2,-0.220380919756745,H1,0.0291670490487618,AX,-0.0153694156889878,L1,0.0158239655613726,L2,-0.01...
GetData ===>> H2,-0.242281880268932,H1,0.0213757174971853,AX,-0.107525810699658,L1,-0.0236367081637916,L2,-0.09...
GetData ===>> H2,-0.2069730899826,H1,0.0147541589252011,AX,-0.145330713054547,L1,-0.0179817014222858,L2,0.00797...
GetData ===>> H2,-0.218218472719074,H1,0.0403002794007847,AX,-0.00845619674150776,L1,-0.0402253531142456,L2,-0....
GetData ===>> H2,-0.200148618019218,H1,-0.0232367688968392,AX,-0.00146128254287704,L1,-0.0347311110648191,L2,-0...
GetData ===>> H2,-0.126581013653312,H1,-0.0592700927146027,AX,-0.0316877685063964,L1,-0.025681175006818,L2,-0.0...
GetData ===>> H2,-0.114094303359508,H1,0.0173311458795623,AX,-0.140692807283009,L1,-0.0448953730679423,L2,-0.00...
set states for children of C. state=False
handle state [('C', False)]
update switch state C False args=() kw={'refresh': False} ncanvase=2
refresh_canvas_needed fired
GetData ===>> H2,-0.111231422784703,H1,-0.0805119890334492,AX,0.0216962817586725,L1,-0.0393929037350206,L2,0.04...
GetData ===>> H2,-0.338719110922082,H1,-0.0360800469813015,AX,0.0076688227028898,L1,0.0112352877920958,L2,-0.08...
set states for children of P. state=False
handle state [('P', False)]
update switch state P False args=() kw={'refresh': False} ncanvase=2
refresh_canvas_needed fired
GetData ===>> H2,-0.293837480453651,H1,0.0624988385073301,AX,-0.10402618105553,L1,0.00941936328844154,L2,-0.063...
GetData ===>> H2,-0.258245993454365,H1,0.0183333253881869,AX,-0.147220596239177,L1,0.000166826713368244,L2,0.02...
set states for children of W. state=True
handle state [('W', True)]
update switch state W True args=() kw={'refresh': False} ncanvase=2
refresh_canvas_needed fired
GetData ===>> H2,-0.172825872756216,H1,0.0115330185166187,AX,-0.112635970905311,L1,-0.0305294296205732,L2,-0.03...
GetData ===>> H2,-0.130844147112537,H1,-0.0164030439345762,AX,-0.0508557286745448,L1,0.013043135860742,L2,-0.03...
03:55:42 -- collecting point 50
GetData ===>> H2,-0.163594909937952,H1,-0.0240596467109054,AX,-0.104014592668798,L1,-0.0122905321384812,L2,-0.0...
GetData ===>> H2,-0.168304450514107,H1,0.0407298822280968,AX,-0.0531166728625804,L1,-0.0351780946857393,L2,-0.0...
GetData ===>> H2,-0.174430501505684,H1,0.0389995487471097,AX,-0.0748306565428173,L1,-0.0103460598544972,L2,-0.0...
GetData ===>> H2,-0.191345396204248,H1,-0.0398480498503549,AX,0.0919407027739754,L1,-0.0174852230052334,L2,0.01...
GetData ===>> H2,-0.235587196758669,H1,-0.0291279478511928,AX,-0.0800120817526874,L1,-0.0236103406953876,L2,-0....
GetData ===>> H2,-0.212298519799587,H1,0.00738147931567141,AX,-0.0264225861901108,L1,-0.028809387393119,L2,-0.1...
GetData ===>> H2,-0.147856782624554,H1,0.0143962493169838,AX,-0.0697069177933014,L1,-0.0227941135098977,L2,-0.0...
GetData ===>> H2,-0.151679963474771,H1,0.0165079345027631,AX,-0.107803921563078,L1,-0.000112811327116152,L2,-0....
GetData ===>> H2,-0.220992527539164,H1,0.0404554135424508,AX,-0.0940017106869993,L1,0.0106207413415527,L2,0.013...
GetData ===>> H2,-0.311506598742812,H1,-0.0179773465444065,AX,-0.0518296803035856,L1,0.00214011582919301,L2,0.0...
GetData ===>> H2,-0.269052369066609,H1,-0.0280069809982074,AX,-0.0777169878480383,L1,-0.0211674544874461,L2,-0....
measurement finished
estimated time: 62.915 actual time: :64.768
flush and close file /Users/jan/PychronDev/data/isotopes/ee/e3f58a-c117-48d6-b03e-e63583af6cab.h5
activate_detectors ('H1', 'AX', 'CDD') {'peak_center': True}
peak_center () {'detector': 'H1', 'integration_time': 0.262144, 'isotope': 'Ar40'}
peak center: mean=1040.52192533 threshold=3
peak center started
setup peak center. detector=['H1', 'AX', 'CDD'], isotope=Ar40
VersionedUnpickler [<apptools.sweet_pickle.versioned_unpickler.VersionedUnpickler object at 0x1cb56e3b0>] using Updater [<apptools.sweet_pickle.updater.Updater object at 0x134a15590>]
VersionedUnpickler [<apptools.sweet_pickle.versioned_unpickler.VersionedUnpickler object at 0x1cb56e3b0>] using Updater [<apptools.sweet_pickle.updater.Updater object at 0x134a15590>]
VersionedUnpickler [<apptools.sweet_pickle.versioned_unpickler.VersionedUnpickler object at 0x1bfa165f0>] using Updater [<apptools.sweet_pickle.updater.Updater object at 0x134a15590>]
setting integration time = 0.524288
SetIntegrationTime 0.524288 ===>> OK
Mapping mass to dac mass func: "parabolic"
H1 map mass coeffs = [-0.00063987  0.15840543  0.57104999]
H1 map mass to dac 39.9624 >> 5.87944
GetDeflection H1 ===>> 0
GetHighVoltage ===>> 4500
do peak center. <pychron.spectrometer.jobs.peak_center.PeakCenter object at 0x134a156b0>
doing pc
starting peak center. center dac= 5.87944 step_width=0.001
width = 0.001
get scan parameters. half-width=0.015,window=0.015, i=0, scalar=1
Scan parameters center=5.87944 width=0.03000 (5.86444 - 5.89444)
GetData ===>> H2,-0.239751372390223,H1,0.010685995101656,AX,-0.108174734810943,L1,-0.048396464198221,L2,0.02579...
Moving to starting dac 5.86444
setting magnet DAC
current  : 5.240096
requested: 5.864440
Delta Dac: 0.624344
Checking detector protection. dv=0.62434
Checking detector "CDD". Protection Threshold: 0.1 (V)
ProtectDetector CDD,On ===>> OK
GetDeflection CDD ===>> 2000
Protected = 2000
SetMagnetDAC 5.86444 ===>> OK
Magnet settling time: 0.500
GetMagnetMoving ===>> True
GetMagnetMoving ===>> True
GetMagnetMoving ===>> True
GetMagnetMoving ===>> True
GetMagnetMoving ===>> True
set states for children of W. state=False
handle state [('W', False)]
update switch state W False args=() kw={'refresh': False} ncanvase=2
refresh_canvas_needed fired
GetMagnetMoving ===>> True
GetMagnetMoving ===>> True
GetMagnetMoving ===>> True
GetMagnetMoving ===>> False
ProtectDetector CDD,Off ===>> OK
GetDeflection CDD ===>> 50
Wait until signal near baseline. tol= 0.00801449632624. timeout= 10
GetData ===>> H2,6.1655626009643,H1,2.06317638891667,AX,-0.0579978142677445,L1,0.0302252120410715,L2,-0.0473573...
GetData ===>> H2,56.7893810850242,H1,27.0210915309509,AX,2.04570370596183,L1,0.0237612995399372,L2,-0.139424462...
GetData ===>> H2,50.7123324290727,H1,26.4753828748415,AX,2.64285664204884,L1,-0.00490625587557693,L2,-0.1675355...
GetData ===>> H2,25.6811620931766,H1,13.0996878468575,AX,1.12823134921977,L1,-0.0187709914737883,L2,0.146295349...
GetData ===>> H2,10.2725559618419,H1,6.79750688085636,AX,0.50453059147527,L1,-0.0627268396620359,L2,-0.00783378...
GetData ===>> H2,3.44517927433395,H1,3.74971495883003,AX,0.202181924791219,L1,-0.0429797299862404,L2,-0.0723242...
GetData ===>> H2,1.01909089757735,H1,2.26545057916299,AX,0.0948221027418894,L1,-0.03407838951955,L2,-0.15099792...
GetData ===>> H2,0.416346912358059,H1,1.61017539755475,AX,0.0481439454252805,L1,-0.0357329019372211,L2,-0.08088...
GetData ===>> H2,0.239903823439278,H1,1.2256145367229,AX,0.0199673955454282,L1,-0.0192932727728289,L2,-0.060626...
GetData ===>> H2,0.159524056578172,H1,1.09987104227016,AX,0.0569995272923479,L1,0.00649409555942327,L2,-0.08813...
GetData ===>> H2,0.116736722915813,H1,0.991670074239459,AX,0.0310374396941598,L1,-0.00591384878371827,L2,0.0783...
GetData ===>> H2,0.165799750500187,H1,0.915586826976722,AX,0.0509752283575391,L1,-0.0292449755811839,L2,0.04075...
GetData ===>> H2,0.156938690191597,H1,0.994760600740707,AX,-0.0741583261129012,L1,-0.0516546742810044,L2,-0.028...
GetData ===>> H2,0.190292097733042,H1,0.940510503567915,AX,0.035865022905648,L1,-0.0499700615369218,L2,0.128848...
GetData ===>> H2,0.139246519218417,H1,0.948029520759097,AX,0.10778064013878,L1,-0.00222364794524901,L2,-0.05992...
GetData ===>> H2,0.0363818910411923,H1,0.930430155565421,AX,0.13470003580566,L1,-0.0241793621041773,L2,-0.04897...
GetData ===>> H2,0.0870080564859246,H1,0.853627628119358,AX,0.0355400819062768,L1,-0.0464036849840452,L2,-0.047...
GetData ===>> H2,0.0735940546420453,H1,0.914940473739035,AX,-0.141576892065121,L1,-0.0331382093429118,L2,0.0166...
GetData ===>> H2,-0.00345053802354862,H1,0.889496608578511,AX,-0.239550603102062,L1,-0.0303602168755712,L2,0.08...
GetData ===>> H2,0.0312190440636561,H1,0.851139527777334,AX,-0.135321377539416,L1,-0.0349635929618966,L2,-0.061...
GetData ===>> H2,-0.0470029425459251,H1,0.915993792257752,AX,0.0349366229275949,L1,-0.0321716220340592,L2,-0.00...
Peak center failed to move to a baseline position
_do_sweep sm= 5.86444, em= 5.89444, stm= 0.001
calculated step values: start=5.86444, end=5.89444, width=0.001, nsteps=31.0
setting magnet DAC
current  : 5.864440
requested: 5.864440
Delta Dac: 0.000000
Checking detector protection. dv=0.00000
Checking detector "CDD". Protection Threshold: 0.1 (V)
SetMagnetDAC 5.86444 ===>> OK
GetData ===>> H2,-0.0470029425459251,H1,0.915993792257752,AX,0.0349366229275949,L1,-0.0321716220340592,L2,-0.00...
setting magnet DAC
current  : 5.864440
requested: 5.865474
Delta Dac: 0.001034
Checking detector protection. dv=0.00103
Checking detector "CDD". Protection Threshold: 0.1 (V)
SetMagnetDAC 5.86547448276 ===>> OK
Magnet settling time: 1.049
GetData ===>> H2,-0.132013198160933,H1,1.84142849961131,AX,0.238482336885398,L1,-0.026841760640958,L2,-0.038206...
setting magnet DAC
current  : 5.865474
requested: 5.866509
Delta Dac: 0.001034
Checking detector protection. dv=0.00103
Checking detector "CDD". Protection Threshold: 0.1 (V)
SetMagnetDAC 5.86650896552 ===>> OK
Magnet settling time: 1.049
GetData ===>> H2,-0.109711027812564,H1,6.15910752069999,AX,0.626094925514679,L1,0.02218618373931,L2,-0.03212811...
setting magnet DAC
current  : 5.866509
requested: 5.867543
Delta Dac: 0.001034
Checking detector protection. dv=0.00103
Checking detector "CDD". Protection Threshold: 0.1 (V)
SetMagnetDAC 5.86754344828 ===>> OK
Magnet settling time: 1.049
GetData ===>> H2,-0.136968693210657,H1,23.6202460330709,AX,1.98730027839185,L1,0.0184846700465972,L2,0.03113653...
setting magnet DAC
current  : 5.867543
requested: 5.868578
Delta Dac: 0.001034
Checking detector protection. dv=0.00103
Checking detector "CDD". Protection Threshold: 0.1 (V)
SetMagnetDAC 5.86857793103 ===>> OK
Magnet settling time: 1.049
GetData ===>> H2,-0.136766084546458,H1,81.2334707053451,AX,6.41754662192373,L1,-0.0125422550915432,L2,0.1066853...
setting magnet DAC
current  : 5.868578
requested: 5.869612
Delta Dac: 0.001034
Checking detector protection. dv=0.00103
Checking detector "CDD". Protection Threshold: 0.1 (V)
SetMagnetDAC 5.86961241379 ===>> OK
Magnet settling time: 1.049
GetData ===>> H2,-0.127288061185432,H1,225.492862456696,AX,19.4619416695658,L1,0.0792485370147808,L2,0.01377900...
setting magnet DAC
current  : 5.869612
requested: 5.870647
Delta Dac: 0.001034
Checking detector protection. dv=0.00103
Checking detector "CDD". Protection Threshold: 0.1 (V)
SetMagnetDAC 5.87064689655 ===>> OK
Magnet settling time: 1.049
GetData ===>> H2,-0.135280177102757,H1,456.564348603804,AX,43.6404517776414,L1,0.233143140031018,L2,-0.00143472...
setting magnet DAC
current  : 5.870647
requested: 5.871681
Delta Dac: 0.001034
Checking detector protection. dv=0.00103
Checking detector "CDD". Protection Threshold: 0.1 (V)
SetMagnetDAC 5.87168137931 ===>> OK
Magnet settling time: 1.049
GetData ===>> H2,-0.116830623734951,H1,700.61747421907,AX,73.2477801560842,L1,0.515985567251065,L2,0.0065362383...
setting magnet DAC
current  : 5.871681
requested: 5.872716
Delta Dac: 0.001034
Checking detector protection. dv=0.00103
Checking detector "CDD". Protection Threshold: 0.1 (V)
SetMagnetDAC 5.87271586207 ===>> OK
Magnet settling time: 1.049
GetData ===>> H2,-0.127953159383801,H1,873.620767059451,AX,98.8128585247916,L1,0.836286216090004,L2,0.334605648...
setting magnet DAC
current  : 5.872716
requested: 5.873750
Delta Dac: 0.001034
Checking detector protection. dv=0.00103
Checking detector "CDD". Protection Threshold: 0.1 (V)
SetMagnetDAC 5.87375034483 ===>> OK
Magnet settling time: 1.049
GetData ===>> H2,-0.112713713464594,H1,955.268495935929,AX,113.911582378513,L1,1.12367253114472,L2,0.5165500192...
setting magnet DAC
current  : 5.873750
requested: 5.874785
Delta Dac: 0.001034
Checking detector protection. dv=0.00103
Checking detector "CDD". Protection Threshold: 0.1 (V)
SetMagnetDAC 5.87478482759 ===>> OK
Magnet settling time: 1.049
GetData ===>> H2,-0.185882120016137,H1,983.197115803231,AX,120.165249864908,L1,1.33492411384414,L2,0.2355178220...
setting magnet DAC
current  : 5.874785
requested: 5.875819
Delta Dac: 0.001034
Checking detector protection. dv=0.00103
Checking detector "CDD". Protection Threshold: 0.1 (V)
SetMagnetDAC 5.87581931034 ===>> OK
Magnet settling time: 1.049
set states for children of W. state=True
handle state [('W', True)]
update switch state W True args=() kw={'refresh': False} ncanvase=2
refresh_canvas_needed fired
GetData ===>> H2,-0.0707753210465501,H1,991.769558051063,AX,122.357090482336,L1,1.49498372082134,L2,0.315561307...
setting magnet DAC
current  : 5.875819
requested: 5.876854
Delta Dac: 0.001034
Checking detector protection. dv=0.00103
Checking detector "CDD". Protection Threshold: 0.1 (V)
SetMagnetDAC 5.8768537931 ===>> OK
Magnet settling time: 1.049
GetData ===>> H2,-0.170435181390095,H1,992.638913460886,AX,122.423458944545,L1,1.50576693281325,L2,0.2755463139...
setting magnet DAC
current  : 5.876854
requested: 5.877888
Delta Dac: 0.001034
Checking detector protection. dv=0.00103
Checking detector "CDD". Protection Threshold: 0.1 (V)
SetMagnetDAC 5.87788827586 ===>> OK
Magnet settling time: 1.049
GetData ===>> H2,-0.130145544488892,H1,992.508534474169,AX,122.332053711263,L1,1.50094526897604,L2,0.3666816824...
setting magnet DAC
current  : 5.877888
requested: 5.878923
Delta Dac: 0.001034
Checking detector protection. dv=0.00103
Checking detector "CDD". Protection Threshold: 0.1 (V)
SetMagnetDAC 5.87892275862 ===>> OK
Magnet settling time: 1.049
GetData ===>> H2,-0.0684644079756618,H1,992.108352451842,AX,122.361773515012,L1,1.55862935591827,L2,0.290843520...
setting magnet DAC
current  : 5.878923
requested: 5.879957
Delta Dac: 0.001034
Checking detector protection. dv=0.00103
Checking detector "CDD". Protection Threshold: 0.1 (V)
SetMagnetDAC 5.87995724138 ===>> OK
Magnet settling time: 1.049
GetData ===>> H2,-0.223825886109041,H1,991.538298083303,AX,122.433395829378,L1,1.54191502706058,L2,0.4505726917...
setting magnet DAC
current  : 5.879957
requested: 5.880992
Delta Dac: 0.001034
Checking detector protection. dv=0.00103
Checking detector "CDD". Protection Threshold: 0.1 (V)
SetMagnetDAC 5.88099172414 ===>> OK
Magnet settling time: 1.049
GetData ===>> H2,-0.184421388136127,H1,991.489548469727,AX,122.422476624737,L1,1.57409530891624,L2,0.3170892761...
setting magnet DAC
current  : 5.880992
requested: 5.882026
Delta Dac: 0.001034
Checking detector protection. dv=0.00103
Checking detector "CDD". Protection Threshold: 0.1 (V)
SetMagnetDAC 5.8820262069 ===>> OK
Magnet settling time: 1.049
GetData ===>> H2,-0.0534272699101233,H1,991.203086650238,AX,122.15778388018,L1,1.50507541193653,L2,0.2814734064...
setting magnet DAC
current  : 5.882026
requested: 5.883061
Delta Dac: 0.001034
Checking detector protection. dv=0.00103
Checking detector "CDD". Protection Threshold: 0.1 (V)
SetMagnetDAC 5.88306068966 ===>> OK
Magnet settling time: 1.049
GetData ===>> H2,-0.0635648531581687,H1,989.894749851238,AX,121.93329435518,L1,1.5056817804692,L2,0.36090902926...
setting magnet DAC
current  : 5.883061
requested: 5.884095
Delta Dac: 0.001034
Checking detector protection. dv=0.00103
Checking detector "CDD". Protection Threshold: 0.1 (V)
SetMagnetDAC 5.88409517241 ===>> OK
Magnet settling time: 1.049
GetData ===>> H2,-0.181917222882571,H1,984.915538156336,AX,120.624733255515,L1,1.53688974067175,L2,0.3464903237...
setting magnet DAC
current  : 5.884095
requested: 5.885130
Delta Dac: 0.001034
Checking detector protection. dv=0.00103
Checking detector "CDD". Protection Threshold: 0.1 (V)
SetMagnetDAC 5.88512965517 ===>> OK
Magnet settling time: 1.049
GetData ===>> H2,-0.191125187536448,H1,964.972081590174,AX,115.95102053557,L1,1.5133574789442,L2,0.250084266684...
setting magnet DAC
current  : 5.885130
requested: 5.886164
Delta Dac: 0.001034
Checking detector protection. dv=0.00103
Checking detector "CDD". Protection Threshold: 0.1 (V)
SetMagnetDAC 5.88616413793 ===>> OK
Magnet settling time: 1.049
GetData ===>> H2,-0.166418979514933,H1,904.259443305818,AX,103.741464387761,L1,1.38338612547628,L2,0.3247979101...
setting magnet DAC
current  : 5.886164
requested: 5.887199
Delta Dac: 0.001034
Checking detector protection. dv=0.00103
Checking detector "CDD". Protection Threshold: 0.1 (V)
SetMagnetDAC 5.88719862069 ===>> OK
Magnet settling time: 1.049
GetData ===>> H2,-0.260373284682884,H1,763.592582930512,AX,79.7600462618361,L1,1.11652043791701,L2,0.0476769645...
setting magnet DAC
current  : 5.887199
requested: 5.888233
Delta Dac: 0.001034
Checking detector protection. dv=0.00103
Checking detector "CDD". Protection Threshold: 0.1 (V)
SetMagnetDAC 5.88823310345 ===>> OK
Magnet settling time: 1.049
GetData ===>> H2,-0.3246397464366,H1,534.307291264819,AX,48.3200736521817,L1,0.818339380559987,L2,-0.0053516395...
setting magnet DAC
current  : 5.888233
requested: 5.889268
Delta Dac: 0.001034
Checking detector protection. dv=0.00103
Checking detector "CDD". Protection Threshold: 0.1 (V)
SetMagnetDAC 5.88926758621 ===>> OK
Magnet settling time: 1.049
set states for children of W. state=False
handle state [('W', False)]
update switch state W False args=() kw={'refresh': False} ncanvase=2
refresh_canvas_needed fired
GetData ===>> H2,-0.141460273200312,H1,185.745040968524,AX,12.9301482035246,L1,0.387673240633695,L2,0.039543092...
setting magnet DAC
current  : 5.889268
requested: 5.890302
Delta Dac: 0.001034
Checking detector protection. dv=0.00103
Checking detector "CDD". Protection Threshold: 0.1 (V)
SetMagnetDAC 5.89030206897 ===>> OK
Magnet settling time: 1.049
GetData ===>> H2,-0.195159564049439,H1,64.9112331600445,AX,3.60190902328989,L1,0.202651401044347,L2,-0.11445017...
setting magnet DAC
current  : 5.890302
requested: 5.891337
Delta Dac: 0.001034
Checking detector protection. dv=0.00103
Checking detector "CDD". Protection Threshold: 0.1 (V)
SetMagnetDAC 5.89133655172 ===>> OK
Magnet settling time: 1.049
GetData ===>> H2,-0.216307440129985,H1,18.4425379008769,AX,0.789907741748881,L1,0.126435239047843,L2,0.08094873...
setting magnet DAC
current  : 5.891337
requested: 5.892371
Delta Dac: 0.001034
Checking detector protection. dv=0.00103
Checking detector "CDD". Protection Threshold: 0.1 (V)
SetMagnetDAC 5.89237103448 ===>> OK
Magnet settling time: 1.049
GetData ===>> H2,-0.173192796515545,H1,4.48339526205108,AX,0.150331074625401,L1,0.0727489957594925,L2,-0.041643...
setting magnet DAC
current  : 5.892371
requested: 5.893406
Delta Dac: 0.001034
Checking detector protection. dv=0.00103
Checking detector "CDD". Protection Threshold: 0.1 (V)
SetMagnetDAC 5.89340551724 ===>> OK
Magnet settling time: 1.049
GetData ===>> H2,-0.233821197137943,H1,0.898902668416768,AX,-0.211564878085537,L1,0.049252577950094,L2,-0.07821...
setting magnet DAC
current  : 5.893406
requested: 5.894440
Delta Dac: 0.001034
Checking detector protection. dv=0.00103
Checking detector "CDD". Protection Threshold: 0.1 (V)
SetMagnetDAC 5.89444 ===>> OK
Magnet settling time: 1.049
GetData ===>> H2,-0.296740474907004,H1,0.0218887574336748,AX,-0.142619438708377,L1,0.0529485332163814,L2,-0.097...
result of _do_sweep=True
result of _calculate_peak_center=([5.8718648496993993, 5.879590300601202, 5.8873157515030048], [731.30042294932468, 992.63499425286852, 737.63142265184388], 5.8768848897795589, 992.63499425286852)
Failed to find a valid peak. No peak greater than 1.0. max = 0.0202439320195
new center pos Detector(H1) (Ar40) @ 5.8795903006
GetHighVoltage ===>> 4500
GetDeflection H1 ===>> 0
dac uncorrected for HV and deflection 5.8795903006
update mftable H1 Ar40 5.8795903006 message=automated run peakcenter
get initial guess parabolic
get initial guess parabolic
get initial guess parabolic
get initial guess parabolic
get initial guess parabolic
get initial guess parabolic
dump mftable to /Users/jan/PychronDev/setupfiles/spectrometer/mftables/mftable.csv
add to repo msg=modified - automated run peakcenter
sweep finished
locally archiving mftable
setting magnet DAC
current  : 5.894440
requested: 5.879590
Delta Dac: 0.014850
Checking detector protection. dv=0.01485
Checking detector "CDD". Protection Threshold: 0.1 (V)
SetMagnetDAC 5.8795903006 ===>> OK
Magnet settling time: 0.500
setting integration time = 1.048576
SetIntegrationTime 1.048576 ===>> OK
Failed to find a valid peak. No peak greater than 1.0. max = 0.0202439320195
flush and close file /Users/jan/PychronDev/data/isotopes/ee/e3f58a-c117-48d6-b03e-e63583af6cab.h5
finished measure script
executed snippet estimated_duration=226.132928, duration=274.615755081
jan_unknown120_60.py completed successfully
Measurement Finished
03:56:39 -- ******* Measurement Finished *******
Post Measurement Started jan_pump_ms.py
03:56:39 -- ******* Post Measurement Started jan_pump_ms.py *******
testing...
no interpolation path defined
executed snippet estimated_duration=0, duration=9.29832458496e-05
Pumping spectrometer
open () {'name': 'O'}
opening name=O desc=---
checking ownership. requestor=129.138.12.150
check software interlocks O
interlocks []
actuate state mode=None-script, software_lock=False
doing actuation None-script open_channel True
Open O ===>> OK
GetIndicatorState O ===>> OK
change switch state (True, True)
update switch state O True args=() kw={} ncanvase=2
03:56:40 -- OPEN   VALVE-O (Jan Ion Pump)
---------------------------------------- open O () result=[(True, True)], time=0.12 sec
action=open, ok=True, locked=[False]
executed snippet estimated_duration=0, duration=0.376247167587
jan_pump_ms.py completed successfully
setting _ms_pumptime
Post Measurement Finished
03:56:40 -- ******* Post Measurement Finished *******
$$$$$$$$$$$$$$$$$$$$ state at run end measurement
state changed from measurement to success
post measurement save measured=True aborted=False
Set filtering
setting fod for Ar40= {'filter_outliers': True, 'std_devs': 2, 'iterations': 1}
setting fod for H1= {'filter_outliers': True, 'std_devs': 2, 'iterations': 1}
setting fod for PM41= {'filter_outliers': False, 'std_devs': 2, 'iterations': 1}
setting fod for H2= {'filter_outliers': True, 'std_devs': 2, 'iterations': 1}
setting fod for Ar36= {'filter_outliers': True, 'std_devs': 2, 'iterations': 1}
setting fod for CDD= {'filter_outliers': True, 'std_devs': 10, 'iterations': 1}
setting fod for Ar37= {'filter_outliers': True, 'std_devs': 2, 'iterations': 1}
setting fod for L2= {'filter_outliers': True, 'std_devs': 2, 'iterations': 1}
setting fod for Ar38= {'filter_outliers': True, 'std_devs': 2, 'iterations': 1}
setting fod for L1= {'filter_outliers': True, 'std_devs': 2, 'iterations': 1}
setting fod for Ar39= {'filter_outliers': True, 'std_devs': 2, 'iterations': 1}
setting fod for AX= {'filter_outliers': True, 'std_devs': 2, 'iterations': 1}
persistence save...
persistence save - db
post measurement save
7411350416 connecting to database sqlite:////Users/jan/PychronDev/.appdata/local_lab.db
connected to db sqlite:////Users/jan/PychronDev/.appdata/local_lab.db
create new session 7411350416
close session 7411350416
No database instance. Not saving post measurement to isotopedb database
$$$$$$$$$$$$$$$ auto_save_detector_ic=False
massspec enabled True
create new session 4979675504
MassSpec Database Version: 16.0
close session 4979675504
saving post measurement to secondary database
saving to massspec database 129.138.12.160/massspecdata
setting labnumber to 25347
setting aliquot to 1
setting step to 
setting uuid to eee3f58a-c117-48d6-b03e-e63583af6cab
setting irradpos to 25347
setting extract_device to Fusions CO2
setting tray to 
setting position to 211
setting power_requested to 5.0
setting extract_value to 5.0
setting duration to 30.0
setting duration_at_request to 30.0
setting first_stage_delay to 30.0
setting cleanup to 30.0
setting comment to Q:12
setting irradiation to NM-288
setting level to Q
setting irradiation_level to Q
setting sample to FC-2
setting material to Sanidine
setting project to Irradiation-NM-288
setting mass_spectrometer to Jan
no attribute chron_dosages
no attribute production_ratios
no attribute interference_corrections
no attribute production_name
no attribute j
Reference Isotope=Ar40
Reference Detector=H1
%%%%%%%%%%%%%%%%%%%% Comment: Q:12 %%%%%%%%%%%%%%%%%%%
adding isotope PM41 H2
add baseline dbdet= PM41. original det= H2
get baseline data PM41 H2
Get data baseline <pychron.processing.isotope.Baseline object at 0x1b9d82950> len t=60
baseline PM41. v=-0.187261933211, e=0.00755236374221
get signal data PM41 H2
Get data signal PM41 0.07+/-0.07 len t=120
adding isotope Ar40 H1
add baseline dbdet= Ar40. original det= H1
get baseline data Ar40 H1
Get data baseline <pychron.processing.isotope.Baseline object at 0x1b9d82b50> len t=60
baseline Ar40. v=-0.0124086588013, e=0.00554503489693
get signal data Ar40 H1
Get data signal Ar40 1092.70+/-0.06 len t=120
adding isotope Ar39 AX
add baseline dbdet= Ar39. original det= AX
get baseline data Ar39 AX
Get data baseline <pychron.processing.isotope.Baseline object at 0x1b9d82d10> len t=60
baseline Ar39. v=-0.0799931125816, e=0.00673220584389
get signal data Ar39 AX
Get data signal Ar39 134.554+/-0.025 len t=120
adding isotope Ar38 L1
add baseline dbdet= Ar38. original det= L1
get baseline data Ar38 L1
Get data baseline <pychron.processing.isotope.Baseline object at 0x1b9d82ed0> len t=60
baseline Ar38. v=-0.0219854275109, e=0.00277005447158
get signal data Ar38 L1
Get data signal Ar38 1.755+/-0.004 len t=120
adding isotope Ar37 L2
add baseline dbdet= Ar37. original det= L2
get baseline data Ar37 L2
Get data baseline <pychron.processing.isotope.Baseline object at 0x1b9d900d0> len t=60
baseline Ar37. v=-0.0308441769628, e=0.00580508786343
get signal data Ar37 L2
Get data signal Ar37 0.390+/-0.011 len t=120
adding isotope Ar36 CDD
add baseline dbdet= Ar36. original det= CDD
get baseline data Ar36 CDD
Get data baseline <pychron.processing.isotope.Baseline object at 0x1b9d90290> len t=60
baseline Ar36. v=0.0002183359396, e=2.41200354559e-05
get signal data Ar36 CDD
Get data signal Ar36 0.00929+/-0.00027 len t=120
25347-01 added analysis time 0.484218120575s
analysis added to mass spec database
mass spec save time= 0.492
persistence save - dvc
================= post measurement started
create new session 4982376208
close session 4982376208
---------------- Experiment Queue saving disabled
DVC saving peakcenter
Failed to find a valid peak. No peak greater than 1.0. max = 0.0202439320195
Smart pull ahead: 0 behind: 0
Up-to-date with origin
add to repo msg=modified - ad8224ebc6dbfeb9f5997218dfa5fe690569839d.json
add to repo msg=modified - 47-01.json
add to repo msg=modified - 47-01.dat.json
add to repo msg=modified - 47-01.blan.json
add to repo msg=modified - 47-01.inte.json
add to repo msg=modified - 47-01.icfa.json
add to repo msg=modified - 47-01.base.json
not at valid file /Users/jan/PychronDev/data/.dvc/repositories/Load1788/253/tags/47-01.tags.json
add to repo msg=modified - 47-01.peak.json
add to repo msg=modified - 47-01.extr.json
not at valid file /Users/jan/PychronDev/data/.dvc/repositories/Load1788/253/monitor/47-01.moni.json
commit message=<COLLECTION>
add to repo msg=modified - 47-01.inte.json
add to repo msg=modified - 47-01.base.json
commit message=<ISOEVO> default collection fits
add to repo msg=modified - 47-01.blan.json
commit message=<BLANKS> preceding bu-FC-J-7711
add to repo msg=modified - 47-01.icfa.json
commit message=<ICFactor> default
push repository <pychron.git_archive.repo_manager.GitRepoManager object at 0x1c54d35f0>
pushing to remote=origin, url=https://github.com
no changes to meta repo
set states for children of W. state=True
handle state [('W', True)]
update switch state W True args=() kw={'refresh': False} ncanvase=2
refresh_canvas_needed fired
create new session 4982376208
add association Load1788
get identifier "25347"
setting analysis irradiation position=<pychron.dvc.dvc_orm.IrradiationPositionTbl object at 0x1aac82990>
close session 4982376208
================= post measurement finished
03:56:55 -- ******* Post Run Check *******
loading queue conditionals post_run_actions
loading system conditionals post_run_actions
loading conditionals from /Users/jan/PychronDev/setupfiles/spectrometer/default_conditionals.yaml
loading queue conditionals post_run_terminations
loading system conditionals post_run_terminations
loading conditionals from /Users/jan/PychronDev/setupfiles/spectrometer/default_conditionals.yaml
Checking default post run terminations n=1
GetDeflection CDD ===>> 50
testing CDD==2000
evaluate ot="CDD.deflection==2000" t="CDD==2000", ctx="{'CDD': 50.0}"
03:56:55 -- ******* Post Run Check Passed *******
03:56:55 -- Automated run 25347-01 success duration: 368.095 s
----------------- finish -----------------
----------------- stop -----------------
retroactive repository identifiers disabled
finish run. runs completed=121
update duration runid=25347-01, duration=368.095449924, md5=301e91d8
loading script "jan_unknown120_60.py"
loading script "jan_pump_ms.py"
loading script "jan_co2.py"
loading script "jan_pump_extraction_line.py"
testing...
no interpolation path defined
executed snippet estimated_duration=213.652928, duration=0.00020694732666
script duration name:unknown120_60 seconds:214.0
loading script "jan_unknown120_60.py"
loading script "jan_pump_ms.py"
loading script "jan_co2.py"
loading script "jan_pump_extraction_line.py"
testing...
no interpolation path defined
executed snippet estimated_duration=0, duration=2.69412994385e-05
loading script "jan_unknown120_60.py"
loading script "jan_pump_ms.py"
loading script "jan_co2.py"
loading script "jan_pump_extraction_line.py"
testing...
no interpolation path defined
calculate duration
testing...
no interpolation path defined
executed snippet estimated_duration=0, duration=4.88758087158e-05
calculate duration
testing...
no interpolation path defined
executed snippet estimated_duration=0, duration=9.10758972168e-05
executed snippet estimated_duration=0.0, duration=0.00224614143372
script duration name:co2 seconds:0.0
loading script "jan_unknown120_60.py"
loading script "jan_pump_ms.py"
loading script "jan_co2.py"
loading script "jan_pump_extraction_line.py"
testing...
no interpolation path defined
calculate duration
testing...
no interpolation path defined
executed snippet estimated_duration=4.0, duration=0.000144004821777
executed snippet estimated_duration=4.0, duration=0.00127410888672
Script duration 214.0
Run total estimated duration= 215.000
unknown120_60 in script context. using previous estimated duration
script duration name:unknown120_60 seconds:214.0
pump_ms in script context. using previous estimated duration
co2 in script context. using previous estimated duration
script duration name:co2 seconds:0.0
pump_extraction_line in script context. using previous estimated duration
Script duration 214.0
Run total estimated duration= 215.000
script duration name:unknown120_60 seconds:214.0
script duration name:co2 seconds:0.0
Script duration 214.0
Run total estimated duration= 215.000
loading script "jan_unknown400_120.py"
loading script "jan_pump_ms.py"
loading script "jan_cocktail_x1.py"
loading script "jan_pump_extraction_line.py"
testing...
no interpolation path defined
executed snippet estimated_duration=556.052928, duration=0.000204086303711
script duration name:unknown400_120 seconds:556.0
loading script "jan_unknown400_120.py"
loading script "jan_pump_ms.py"
loading script "jan_cocktail_x1.py"
loading script "jan_pump_extraction_line.py"
testing...
no interpolation path defined
calculate duration
testing...
no interpolation path defined
executed snippet estimated_duration=0, duration=4.60147857666e-05
calculate duration
testing...
no interpolation path defined
executed snippet estimated_duration=0, duration=0.000101804733276
calculate duration
testing...
no interpolation path defined
executed snippet estimated_duration=32.0, duration=9.01222229004e-05
calculate duration
testing...
no interpolation path defined
executed snippet estimated_duration=34.0, duration=0.000101089477539
calculate duration
testing...
no interpolation path defined
executed snippet estimated_duration=4.0, duration=6.31809234619e-05
calculate duration
testing...
no interpolation path defined
executed snippet estimated_duration=38.0, duration=9.29832458496e-05
executed snippet estimated_duration=108.0, duration=0.00716185569763
script duration name:cocktail_x1 seconds:108.0
Script duration 664.0
Run total estimated duration= 665.000
script duration name:unknown120_60 seconds:214.0
script duration name:co2 seconds:0.0
Script duration 214.0
Run total estimated duration= 215.000
script duration name:unknown120_60 seconds:214.0
script duration name:co2 seconds:0.0
Script duration 214.0
Run total estimated duration= 215.000
script duration name:unknown120_60 seconds:214.0
script duration name:co2 seconds:0.0
Script duration 214.0
Run total estimated duration= 215.000
script duration name:unknown120_60 seconds:214.0
script duration name:co2 seconds:0.0
Script duration 214.0
Run total estimated duration= 215.000
script duration name:unknown120_60 seconds:214.0
script duration name:co2 seconds:0.0
Script duration 214.0
Run total estimated duration= 215.000
script duration name:unknown120_60 seconds:214.0
script duration name:co2 seconds:0.0
Script duration 214.0
Run total estimated duration= 215.000
unknown400_120 in script context. using previous estimated duration
script duration name:unknown400_120 seconds:556.0
script duration name:co2 seconds:0.0
Script duration 556.0
Run total estimated duration= 557.000
script duration name:unknown400_120 seconds:556.0
loading script "jan_unknown400_120.py"
loading script "jan_pump_ms.py"
loading script "jan_sniffair_x2.py"
loading script "jan_pump_extraction_line.py"
testing...
no interpolation path defined
calculate duration
testing...
no interpolation path defined
executed snippet estimated_duration=0, duration=4.60147857666e-05
calculate duration
testing...
no interpolation path defined
executed snippet estimated_duration=0, duration=0.00016713142395
calculate duration
testing...
no interpolation path defined
executed snippet estimated_duration=32.0, duration=0.00010085105896
calculate duration
testing...
no interpolation path defined
executed snippet estimated_duration=34.0, duration=9.41753387451e-05
calculate duration
testing...
no interpolation path defined
executed snippet estimated_duration=4.0, duration=6.31809234619e-05
calculate duration
testing...
no interpolation path defined
executed snippet estimated_duration=36.0, duration=8.39233398438e-05
calculate duration
testing...
no interpolation path defined
executed snippet estimated_duration=34.0, duration=9.79900360107e-05
calculate duration
testing...
no interpolation path defined
executed snippet estimated_duration=4.0, duration=9.10758972168e-05
calculate duration
testing...
no interpolation path defined
executed snippet estimated_duration=36.0, duration=8.79764556885e-05
calculate duration
testing...
no interpolation path defined
executed snippet estimated_duration=70.0, duration=9.70363616943e-05
executed snippet estimated_duration=250.0, duration=0.0133221149445
script duration name:sniffair_x2 seconds:250.0
Script duration 806.0
Run total estimated duration= 807.000
script duration name:unknown400_120 seconds:556.0
sniffair_x2 in script context. using previous estimated duration
script duration name:sniffair_x2 seconds:250.0
Script duration 806.0
Run total estimated duration= 807.000
loading script "jan_ic_peak_hop3.py"
loading script "jan_pump_ms.py"
loading script "jan_sniffair_x1.py"
loading script "jan_pump_extraction_line.py"
testing...
no interpolation path defined
executed snippet estimated_duration=133.8, duration=0.00925397872925
script duration name:ic_peak_hop3 seconds:134.0
loading script "jan_ic_peak_hop3.py"
loading script "jan_pump_ms.py"
loading script "jan_sniffair_x1.py"
loading script "jan_pump_extraction_line.py"
testing...
no interpolation path defined
calculate duration
testing...
no interpolation path defined
executed snippet estimated_duration=0, duration=4.10079956055e-05
calculate duration
testing...
no interpolation path defined
executed snippet estimated_duration=0, duration=9.51290130615e-05
calculate duration
testing...
no interpolation path defined
executed snippet estimated_duration=32.0, duration=8.39233398438e-05
calculate duration
testing...
no interpolation path defined
executed snippet estimated_duration=34.0, duration=0.0001540184021
calculate duration
testing...
no interpolation path defined
executed snippet estimated_duration=4.0, duration=0.000128984451294
calculate duration
testing...
no interpolation path defined
executed snippet estimated_duration=70.0, duration=9.58442687988e-05
executed snippet estimated_duration=140.0, duration=0.00772786140442
script duration name:sniffair_x1 seconds:140.0
Script duration 274.0
Run total estimated duration= 275.000
script duration name:unknown120_60 seconds:214.0
script duration name:co2 seconds:0.0
Script duration 214.0
Run total estimated duration= 215.000
script duration name:unknown120_60 seconds:214.0
script duration name:co2 seconds:0.0
Script duration 214.0
Run total estimated duration= 215.000
nruns=16 before=5.0, run_dur=5476.0, btw=675.0
write rem/ex queues
/Users/jan/PychronDev/experiments/rem/CurrentExperiment.rem.txt
/Users/jan/PychronDev/experiments/rem/CurrentExperiment.ex.txt
doing event level: 3
