do run
loading script "jan_unknown120_60.py"
loading script "jan_pump_ms.py"
loading script "jan_co2.py"
loading script "jan_pump_extraction_line.py"
testing...
no interpolation path defined
executed snippet estimated_duration=213.652928, duration=0.000248908996582
script duration name:unknown120_60 seconds:214.0
loading script "jan_unknown120_60.py"
loading script "jan_pump_ms.py"
loading script "jan_co2.py"
loading script "jan_pump_extraction_line.py"
testing...
no interpolation path defined
executed snippet estimated_duration=0, duration=2.40802764893e-05
loading script "jan_unknown120_60.py"
loading script "jan_pump_ms.py"
loading script "jan_co2.py"
loading script "jan_pump_extraction_line.py"
testing...
no interpolation path defined
calculate duration
testing...
no interpolation path defined
executed snippet estimated_duration=0, duration=4.88758087158e-05
calculate duration
testing...
no interpolation path defined
executed snippet estimated_duration=0, duration=9.29832458496e-05
executed snippet estimated_duration=0.0, duration=0.00211501121521
script duration name:co2 seconds:0.0
loading script "jan_unknown120_60.py"
loading script "jan_pump_ms.py"
loading script "jan_co2.py"
loading script "jan_pump_extraction_line.py"
testing...
no interpolation path defined
calculate duration
testing...
no interpolation path defined
executed snippet estimated_duration=4.0, duration=0.000136137008667
executed snippet estimated_duration=4.0, duration=0.00133895874023
Script duration 214.0
Run total estimated duration= 215.000
run duration: 0:03:35
doing event level: 2
04:11:47 -- Setting default integration. t=1.048576
setting integration time = 1.048576
SetIntegrationTime 1.048576 ===>> OK
----------------- start -----------------
**************** Experiment Type: Ar/Ar, Ar/Ar
create new session 4419362736
close session 4419362736
$$$$$ Clearing conditionals
adding conditionals 
Add queue conditionals
add default conditionals
adding default conditionals from /Users/jan/PychronDev/setupfiles/spectrometer/default_conditionals.yaml
Start automated run 25347-04
loading script "jan_unknown120_60.py"
loading script "jan_pump_ms.py"
loading script "jan_co2.py"
loading script "jan_pump_extraction_line.py"
%%%%%%%%%%%%%%%%%% setting automated run 25347-04
No value "sensitivity_multiplier" in metadata
$$$$$$$$$$$$$$$ auto_save_detector_ic=False
============================= Pre Extraction Check =============================
loading queue conditionals pre_run_terminations
loading system conditionals pre_run_terminations
loading conditionals from /Users/jan/PychronDev/setupfiles/spectrometer/default_conditionals.yaml
04:11:47 -- ******* Pre Extraction Check *******
Get a measurement from the spectrometer
GetData ===>> H2,-0.243853740038663,H1,0.0271982786182125,AX,-0.0216442446834697,L1,0.00178840034187339,L2,0.05...
Pre Extraction Termination data. keys=H2,H1,AX,L1,L2,CDD, signals=-0.24385,0.02720,-0.02164,0.00179,0.05563,0.00283
04:11:47 -- testing system defined conditionals
Checking default pre extraction terminations n=2
testing CDD
evaluate ot="CDD.inactive" t="CDD", ctx="{'CDD': False}"
GetDeflection CDD ===>> 50
testing CDD==2000
evaluate ot="CDD.deflection==2000" t="CDD==2000", ctx="{'CDD': 50.0}"
04:11:47 -- ******* Pre Extraction Check Passed *******
=================================================================================
04:11:47 -- stopping status monitor
stop 4976433200
Alive clients [4982646160]
04:11:47 -- starting status monitor
start 4976433200
Monitor already running
start extraction
do extraction
Analysis started at 04:11:47.707541
Extraction Started jan_co2.py
04:11:47 -- ******* Extraction Started jan_co2.py *******
state changed from not run to extraction
DO EXTRACTION <pychron.extraction_line.pyscript_runner.RemotePyScriptRunner object at 0x12b9a8890>
testing...
no interpolation path defined
calculate duration
testing...
no interpolation path defined
executed snippet estimated_duration=0, duration=6.103515625e-05
calculate duration
testing...
no interpolation path defined
executed snippet estimated_duration=0, duration=0.0001060962677
executed snippet estimated_duration=100.0, duration=0.00277996063232
Jan CO2 laser analysis
doing GOSUB
testing...
no interpolation path defined
executed snippet estimated_duration=0, duration=4.6968460083e-05
Waiting for CO2 access
wait ('FelixCO2Flag', 0) {}
waiting for FelixCO2Flag = 0
Read FelixCO2Flag ===>> 0
finished waiting
CO2 free
wait ('CO2PumpTimeFlag', 0) {}
waiting for CO2PumpTimeFlag = 0
Read CO2PumpTimeFlag ===>> 3.25904989243
Read CO2PumpTimeFlag ===>> 2.25249195099
finished waiting
acquire ('JanCO2Flag',) {'clear': True}
acquire JanCO2Flag
Set JanCO2Flag 1 ===>> OK
JanCO2Flag acquired
set extraction state False (0.75, 'red', 1.5)
CO2 acquired
executed snippet estimated_duration=0, duration=4.05168008804
WaitForCO2Access.py completed successfully
gosub finished
doing GOSUB
testing...
no interpolation path defined
executed snippet estimated_duration=0, duration=9.3936920166e-05
Prepare for CO2 analysis
close () {'description': 'Jan Inlet'}
closing name=--- desc=Jan Inlet
checking ownership. requestor=129.138.12.150
check software interlocks R
interlocks []
actuate state mode=None-script, software_lock=False
doing actuation None-script close_channel False
Close R ===>> OK
GetIndicatorState R ===>> False
change switch state (True, True)
update switch state R False args=() kw={} ncanvase=2
04:11:52 -- CLOSE  VALVE-R (Jan Inlet)
---------------------------------------- close None (Jan Inlet) result=[(True, True)]
action=close, ok=True, locked=[False]
open () {'description': 'Jan Ion Pump'}
opening name=--- desc=Jan Ion Pump
checking ownership. requestor=129.138.12.150
check software interlocks O
interlocks []
actuate state mode=None-script, software_lock=False
doing actuation None-script open_channel False
Open O ===>> OK
GetIndicatorState O ===>> OK
change switch state (True, True)
update switch state O True args=() kw={} ncanvase=2
04:11:52 -- OPEN   VALVE-O (Jan Ion Pump)
---------------------------------------- open None (Jan Ion Pump) result=[(True, True)], time=0.11 sec
action=open, ok=True, locked=[False]
close () {'description': 'Microbone to Minibone'}
closing name=--- desc=Microbone to Minibone
checking ownership. requestor=129.138.12.150
check software interlocks L
interlocks []
actuate state mode=None-script, software_lock=False
doing actuation None-script close_channel False
Close L ===>> OK
GetIndicatorState L ===>> False
change switch state (True, True)
update switch state L False args=() kw={} ncanvase=2
04:11:53 -- CLOSE  VALVE-L (Microbone to Minibone)
---------------------------------------- close None (Microbone to Minibone) result=[(True, True)]
action=close, ok=True, locked=[False]
open () {'description': 'Microbone to Turbo'}
opening name=--- desc=Microbone to Turbo
checking ownership. requestor=129.138.12.150
check software interlocks U
interlocks []
actuate state mode=None-script, software_lock=False
doing actuation None-script open_channel False
Open U ===>> OK
GetIndicatorState U ===>> OK
change switch state (True, True)
update switch state U True args=() kw={} ncanvase=2
04:11:53 -- OPEN   VALVE-U (Microbone to Turbo)
---------------------------------------- open None (Microbone to Turbo) result=[(True, True)], time=0.14 sec
action=open, ok=True, locked=[False]
open () {'description': 'Microbone to Inlet Pipette'}
opening name=--- desc=Microbone to Inlet Pipette
checking ownership. requestor=129.138.12.150
check software interlocks S
interlocks []
actuate state mode=None-script, software_lock=False
doing actuation None-script open_channel False
Open S ===>> OK
GetIndicatorState S ===>> OK
change switch state (True, True)
update switch state S True args=() kw={} ncanvase=2
04:11:54 -- OPEN   VALVE-S (Microbone to Inlet Pipette)
---------------------------------------- open None (Microbone to Inlet Pipette) result=[(True, True)], time=0.43 sec
action=open, ok=True, locked=[False]
open () {'description': 'Microbone to Getter D-50'}
opening name=--- desc=Microbone to Getter D-50
checking ownership. requestor=129.138.12.150
check software interlocks K
interlocks []
actuate state mode=None-script, software_lock=False
doing actuation None-script open_channel False
Open K ===>> OK
GetIndicatorState K ===>> OK
change switch state (True, True)
update switch state K True args=() kw={} ncanvase=2
04:11:55 -- OPEN   VALVE-K (Microbone to Getter D-50)
---------------------------------------- open None (Microbone to Getter D-50) result=[(True, True)], time=0.42 sec
action=open, ok=True, locked=[False]
open () {'description': 'Microbone to Getter NP-10'}
opening name=--- desc=Microbone to Getter NP-10
checking ownership. requestor=129.138.12.150
check software interlocks M
interlocks []
actuate state mode=None-script, software_lock=False
doing actuation None-script open_channel False
Open M ===>> OK
GetIndicatorState M ===>> OK
change switch state (True, True)
update switch state M True args=() kw={} ncanvase=2
04:11:55 -- OPEN   VALVE-M (Microbone to Getter NP-10)
---------------------------------------- open None (Microbone to Getter NP-10) result=[(True, True)], time=0.15 sec
action=open, ok=True, locked=[False]
close () {'description': 'CO2 Laser to Felix'}
closing name=--- desc=CO2 Laser to Felix
checking ownership. requestor=129.138.12.150
check software interlocks F
interlocks []
actuate state mode=None-script, software_lock=True
VALVE-F(CO2 Laser to Felix) software locked
change switch state (True, False)
---------------------------------------- close None (CO2 Laser to Felix) result=[(True, False)]
action=close, ok=True, locked=[True]
open () {'description': 'CO2 Laser to Jan'}
opening name=--- desc=CO2 Laser to Jan
checking ownership. requestor=129.138.12.150
check software interlocks A
interlocks []
actuate state mode=None-script, software_lock=False
doing actuation None-script open_channel False
Open A ===>> OK
GetIndicatorState A ===>> OK
change switch state (True, True)
update switch state A True args=() kw={} ncanvase=2
04:11:55 -- OPEN   VALVE-A (CO2 Laser to Jan)
---------------------------------------- open None (CO2 Laser to Jan) result=[(True, True)], time=0.14 sec
action=open, ok=True, locked=[False]
open () {'description': 'Microbone to CO2 Laser'}
opening name=--- desc=Microbone to CO2 Laser
checking ownership. requestor=129.138.12.150
check software interlocks T
interlocks []
actuate state mode=None-script, software_lock=False
doing actuation None-script open_channel False
Open T ===>> OK
GetIndicatorState T ===>> OK
change switch state (True, True)
update switch state T True args=() kw={} ncanvase=2
04:11:56 -- OPEN   VALVE-T (Microbone to CO2 Laser)
---------------------------------------- open None (Microbone to CO2 Laser) result=[(True, True)], time=0.41 sec
action=open, ok=True, locked=[False]
executed snippet estimated_duration=0, duration=5.00241708755
PrepareForCO2Analysis.py completed successfully
gosub finished
set_motor ('beam', '1.25') {}
setting motor "beam" to 1.25
set motor beam to 1.25
SetMotor beam,1.25 ===>> OK
GetMotorMoving beam ===>> False
GetMotorMoving beam ===>> False
Block completed
move_to_position ('214',) {'autocenter': True}
FusionsCO2 move to position 214
sending GoToHole 214,True
GoToHole 214,True ===>> OK
GetDriveMoving ===>> OK
GetDriveMoving ===>> OK
GetDriveMoving ===>> OK
GetDriveMoving ===>> OK
GetDriveMoving ===>> OK
GetDriveMoving ===>> OK
GetDriveMoving ===>> False
GetDriveMoving ===>> OK
GetDriveMoving ===>> OK
GetDriveMoving ===>> OK
GetDriveMoving ===>> OK
GetDriveMoving ===>> OK
GetDriveMoving ===>> OK
GetDriveMoving ===>> False
Block completed
GetAutoCorrecting ===>> False
GetAutoCorrecting ===>> False
Block completed
update position
GetPosition ===>> 3.98780,-13.95730,1.00000
got position (3.9878, -13.9573, 1.0)
move to position succeeded
sleep (5,) {}
SLEEP 5.0
block started
WaitControl setup for 5.0  
Join finished
block finished. duration 5.02494907379
close () {'description': 'Microbone to Turbo'}
closing name=--- desc=Microbone to Turbo
checking ownership. requestor=129.138.12.150
check software interlocks U
interlocks []
actuate state mode=None-script, software_lock=False
doing actuation None-script close_channel True
Close U ===>> OK
set states for children of U. state=False
handle state [('U', False)]
update switch state U False args=() kw={'refresh': False} ncanvase=2
refresh_canvas_needed fired
GetIndicatorState U ===>> False
change switch state (True, True)
update switch state U False args=() kw={} ncanvase=2
04:12:08 -- CLOSE  VALVE-U (Microbone to Turbo)
---------------------------------------- close None (Microbone to Turbo) result=[(True, True)]
action=close, ok=True, locked=[False]
enable laser
enable () {}
set extraction state FusionsCO2 Enabled (False, 'red', 1.5)
enabling laser
Enable ===>> OK
begin interval
BEGIN INTERVAL Interval 1 waiting for 30.0
block started
set extract to 5.0
WaitControl setup for 30.0  
extract (5.0,) {}
GetPosition ===>> 3.98780,-13.95730,1.00000
set extraction state FusionsCO2 ON! 5.0(watts) (0.75, 'red', 1.5)
extract sample to 5.0 (watts)
set laser output
SetLaserOutput 5.0,watts ===>> OK
executing pattern triangle.lp
execute_pattern ('triangle.lp',) {}
executing pattern triangle.lp
IsPatterning ===>> OK
IsPatterning ===>> OK
IsPatterning ===>> OK
IsPatterning ===>> OK
IsPatterning ===>> OK
IsPatterning ===>> OK
IsPatterning ===>> OK
IsPatterning ===>> OK
IsPatterning ===>> OK
IsPatterning ===>> OK
IsPatterning ===>> OK
IsPatterning ===>> OK
IsPatterning ===>> OK
IsPatterning ===>> OK
IsPatterning ===>> OK
IsPatterning ===>> OK
IsPatterning ===>> OK
IsPatterning ===>> OK
IsPatterning ===>> OK
IsPatterning ===>> OK
IsPatterning ===>> OK
IsPatterning ===>> OK
IsPatterning ===>> OK
IsPatterning ===>> OK
IsPatterning ===>> OK
IsPatterning ===>> OK
IsPatterning ===>> False
IsPatterning ===>> False
Block completed
COMPLETE INTERVAL waiting for Interval 1 to complete
Join finished
block finished. duration 30.0930950642
Interval 1 finished
end_extract () {}
ending extraction. set laser power to 0
set laser power 0
SetLaserPower 0 ===>> OK
disable () {}
%%%%%%%%%%%%%%%%%%%%%%%%%%%%%%%%%%% disable
set extraction state False (0.75, 'red', 1.5)
disabling laser
Disable ===>> OK
sleep (30.0,) {}
SLEEP 30.0
block started
WaitControl setup for 30.0  
Join finished
block finished. duration 30.0920939445
executed snippet estimated_duration=166.5, duration=81.6834881306
jan_co2.py completed successfully
GetAchievedOutput ===>> No Response
Requested Output= 0.000
Achieved Output=  0.000
GetResponseBlob ===>> No Response
GetOutputBlob ===>> No Response
persistence save...
persistence save - db
AutomatedRunPersister post_extraction_save deprecated
persistence save - dvc
no extraction position for 214
create new session 4982376208
close session 4982376208
Extraction Finished
04:13:09 -- ******* Extraction Finished *******
no overlap. not waiting for min ms pumptime
04:13:09 -- Sending spectrometer configuration
======== Sending configuration ========
SetDeflection CDD,50.0 ===>> OK
SetDeflection H2,0.0 ===>> OK
SetDeflection H1,0.0 ===>> OK
SetDeflection L2,825.0 ===>> OK
SetDeflection L1,400.0 ===>> OK
SetDeflection AX,190.0 ===>> OK
SetZFocus 74.64 ===>> OK
SetZSymmetry -50.72 ===>> OK
SetExtractionLens 26.13 ===>> OK
SetIonRepeller -3.81 ===>> OK
SetElectronEnergy 75.08 ===>> OK
SetYSymmetry -2.81 ===>> OK
SetIonCounterVoltage 1590.0 ===>> OK
send trap current 200.0
GetParameter Trap Current Readback ===>> 198.147042666178
SetParameter Trap Current Set,200.0 ===>> OK
updating mftable name mftable
Using mftable located at /Users/jan/PychronDev/setupfiles/spectrometer/mftables/mftable.csv
============ MFtable ===========
Isotope  H2     H1     AX     L1     L2     CDD    
Ar40     5.8013 5.8793 5.9926 6.1412 6.2310 6.3695
Ar39     5.7006 5.7716 5.8850 6.0273 6.1162 6.2560
Ar36     5.3781 5.4406 5.5484 5.6862 5.7711 5.9071
================================
get initial guess parabolic
get initial guess parabolic
get initial guess parabolic
get initial guess parabolic
get initial guess parabolic
get initial guess parabolic
======== Configuration Finished ========
GetYSymmetry ===>> -2.81
GetZSymmetry ===>> -50.72
GetParameter Trap Current Readback ===>> 198.147042666178
GetHighVoltage ===>> 4500
start measurement
do measurement
L#=25347 analysis type=unknown
Measurement Started jan_unknown120_60.py
04:13:09 -- ******* Measurement Started jan_unknown120_60.py *******
state changed from extraction to measurement
setting spec, defl, and gains
GetExtractionLens ===>> 26.13
GetYSymmetry ===>> -2.81
GetZSymmetry ===>> -50.72
GetZFocus ===>> 74.64
GetDeflection H2 ===>> 0
GetDeflection H1 ===>> 0
GetDeflection AX ===>> 190
GetDeflection L1 ===>> 400
GetDeflection L2 ===>> 825
GetDeflection CDD ===>> 50
GetGain H2 ===>> 0.0113
GetGain H1 ===>> 0.1
GetGain AX ===>> 0.097049
GetGain L1 ===>> 0.010355
GetGain L2 ===>> 0.095649
GetGain CDD ===>> 0
pre measurement save
New frame /Users/jan/PychronDev/data/isotopes/fc/bd5345-b630-4c53-bc1d-e9b062dfece0.h5
flush and close file /Users/jan/PychronDev/data/isotopes/fc/bd5345-b630-4c53-bc1d-e9b062dfece0.h5
testing...
no interpolation path defined
executed snippet estimated_duration=226.132928, duration=0.000118017196655
unknown measurement script
activate_detectors ('H2', 'H1', 'AX', 'L1', 'L2', 'CDD') {}
activate detectors
*************** Set Analysis View Ar/Ar
create graphs
clearing graphs
clear isotope group
setting isotope det=H2, iso=PM41
setting isotope det=H1, iso=Ar40
setting isotope det=AX, iso=Ar39
setting isotope det=L1, iso=Ar38
setting isotope det=L2, iso=Ar37
setting isotope det=CDD, iso=Ar36
setting previous blanks
 - setting Ar40 blank 0.923+/-0.008
 - setting Ar36 blank 0.00749+/-0.00022
 - setting Ar37 blank 0.039+/-0.005
 - setting Ar38 blank 0.0154+/-0.0024
 - setting PM41 blank 0.02+/-0.06
 - setting Ar39 blank 0.003+/-0.010
load analysis view
position_magnet ('Ar40',) {'detector': 'H1'}
detector Detector(H1)
POSITION Ar40 H1
setting detector H2 to PM41 (40.9624)
setting detector H1 to Ar40 (39.9624)
setting detector AX to Ar39 (38.9624)
setting detector L1 to Ar38 (37.9624)
setting detector L2 to Ar37 (36.9624)
setting detector CDD to Ar36 (35.9624)
Mapping mass to dac mass func: "parabolic"
H1 map mass coeffs = [-0.00063987  0.15840543  0.57092999]
H1 map mass to dac 39.9624 >> 5.87932
GetDeflection H1 ===>> 0
GetHighVoltage ===>> 4500
positioning Ar40 (5.87932) on H1
setting magnet DAC
current  : 5.879320
requested: 5.879320
Delta Dac: 0.000000
Checking detector protection. dv=0.00000
Checking detector "CDD". Protection Threshold: 0.1 (V)
SetMagnetDAC 5.87932 ===>> OK
Magnet settling time: 0.500
equilibrate () {'delay': 3, 'inlet': 'R', 'outlet': 'O', 'eqtime': 12.0}
Equilibration Started
04:13:11 -- ******* Equilibration Started *******
checking ownership. requestor=129.138.12.150
check software interlocks O
interlocks []
actuate state mode=None-script, software_lock=False
doing actuation None-script close_channel True
Close O ===>> OK
GetIndicatorState O ===>> False
change switch state (True, True)
update switch state O False args=() kw={} ncanvase=2
04:13:11 -- CLOSE  VALVE-O (Jan Ion Pump)
waiting 3s before opening inlet value ('R',)
update labels <pychron.experiment.plot_panel.PlotPanel object at 0x1c8391470>
update labels "<pychron.graph.stacked_regression_graph.StackedRegressionGraph object at 0x1af2388f0>"
setting label 0 H2 PM41
setting label 1 H1 Ar40
setting label 2 AX Ar39
setting label 3 L1 Ar38
setting label 4 L2 Ar37
setting label 5 CDD Ar36
update labels "<pychron.graph.stacked_graph.StackedGraph object at 0x1c1006470>"
setting label 0 H2 PM41
setting label 1 H1 Ar40
setting label 2 AX Ar39
setting label 3 L1 Ar38
setting label 4 L2 Ar37
setting label 5 CDD Ar36
checking ownership. requestor=129.138.12.150
check software interlocks R
interlocks []
actuate state mode=None-script, software_lock=False
doing actuation None-script open_channel True
Open R ===>> OK
set states for children of R. state=True
handle state [('R', True)]
update switch state R True args=() kw={'refresh': False} ncanvase=2
refresh_canvas_needed fired
GetIndicatorState R ===>> OK
change switch state (True, True)
update switch state R True args=() kw={} ncanvase=2
04:13:15 -- OPEN   VALVE-R (Jan Inlet)
set_time_zero () {}
equilibrating for 12.0sec
sniff (12.0,) {}
py_sniff
build tables- sniff [Detector(H2), Detector(H1), Detector(AX), Detector(L1), Detector(L2), Detector(CDD)]
add group /sniff/PM41 (Group) '' table H2
add group /sniff/Ar40 (Group) '' table H1
add group /sniff/Ar39 (Group) '' table AX
add group /sniff/Ar38 (Group) '' table L1
add group /sniff/Ar37 (Group) '' table L2
add group /sniff/Ar36 (Group) '' table CDD
flush and close file /Users/jan/PychronDev/data/isotopes/fc/bd5345-b630-4c53-bc1d-e9b062dfece0.h5
measuring sniff. ncounts=12.0
"sniff" increment series count="1" fit count="0" regressing="False"
starting measurement
GetData ===>> H2,-0.184771583292812,H1,1.52049901752418,AX,0.178880432986596,L1,0.00342824361904654,L2,0.006166...
GetData ===>> H2,0.649322632020698,H1,444.992512391182,AX,59.3358741237041,L1,0.293746912817667,L2,0.4056259940...
GetData ===>> H2,0.66188655562465,H1,973.829461350096,AX,124.670475161292,L1,0.915368963803073,L2,0.36729389246...
GetData ===>> H2,0.25246192929429,H1,1147.94331412804,AX,143.515280297539,L1,1.41747986155567,L2,0.351102158074...
GetData ===>> H2,0.146693429610722,H1,1207.84585541724,AX,149.648992174101,L1,1.68209204971937,L2,0.38702912666...
GetData ===>> H2,0.0236284217184191,H1,1231.2732937307,AX,151.753996135529,L1,1.77726660908494,L2,0.35097656293...
GetData ===>> H2,0.017319061026688,H1,1241.2170437839,AX,152.532641815574,L1,1.83524659851043,L2,0.343304153563...
GetData ===>> H2,-0.136883809664095,H1,1245.5919213921,AX,152.899366237958,L1,1.89129025554083,L2,0.32296154210...
GetData ===>> H2,-0.127296172373841,H1,1247.62243719479,AX,153.134152581998,L1,1.88343579845201,L2,0.4317568048...
GetData ===>> H2,-0.0242391688554664,H1,1247.94994874652,AX,153.201958663949,L1,1.89793535709056,L2,0.365124178...
GetData ===>> H2,-0.0110066588891716,H1,1248.31637033886,AX,153.391357748008,L1,1.9467137733138,L2,0.3994114060...
Equilibration Finished
04:13:27 -- ******* Equilibration Finished *******
checking ownership. requestor=129.138.12.150
check software interlocks R
interlocks []
actuate state mode=None-script, software_lock=False
doing actuation None-script close_channel True
GetData ===>> H2,-0.0838169375332881,H1,1248.42852358146,AX,153.538288464596,L1,1.96471793631053,L2,0.315508232...
Close R ===>> OK
GetIndicatorState R ===>> False
change switch state (True, True)
update switch state R False args=() kw={} ncanvase=2
04:13:27 -- CLOSE  VALVE-R (Jan Inlet)
Post Equilibration Started jan_pump_extraction_line.py
04:13:27 -- ******* Post Equilibration Started jan_pump_extraction_line.py *******
testing...
no interpolation path defined
calculate duration
testing...
no interpolation path defined
executed snippet estimated_duration=4.0, duration=0.00014591217041
executed snippet estimated_duration=4.0, duration=0.00127482414246
Pump after analysis
doing GOSUB
testing...
no interpolation path defined
executed snippet estimated_duration=4.0, duration=0.000144958496094
Pump Microbone
close () {'description': 'Jan Inlet'}
closing name=--- desc=Jan Inlet
checking ownership. requestor=129.138.12.150
check software interlocks R
interlocks []
actuate state mode=None-script, software_lock=False
doing actuation None-script close_channel False
Close R ===>> OK
measurement finished
estimated time: 12.583 actual time: :12.693
flush and close file /Users/jan/PychronDev/data/isotopes/fc/bd5345-b630-4c53-bc1d-e9b062dfece0.h5
set_fits () {}
using default fits file=/Users/jan/PychronDev/scripts/measurement/fits/nominal_linear.yaml
GetIndicatorState R ===>> False
change switch state (True, True)
set "Ar40" to "('Linear', 'SEM')"
update switch state R False args=() kw={} ncanvase=2
No fit for "PM41". defaulting to linear. check the measurement script "jan_unknown120_60.py"
set "PM41" to "linear"
set "Ar36" to "('Linear', 'SEM')"
set "Ar37" to "('linear', 'SEM')"
set "Ar38" to "('linear', 'SEM')"
04:13:28 -- CLOSE  VALVE-R (Jan Inlet)
set "Ar39" to "('Linear', 'SEM')"
---------------------------------------- close None (Jan Inlet) result=[(True, True)]
set_baseline_fits () {}
using default fits file=/Users/jan/PychronDev/scripts/measurement/fits/nominal_linear.yaml
set "H1" to "('average', 'SEM')"
set "H2" to "('average', 'SEM')"
set "CDD" to "('average', 'SEM')"
set "L2" to "('average', 'SEM')"
set "L1" to "('average', 'SEM')"
set "AX" to "('average', 'SEM')"
multicollect () {'integration_time': 1, 'ncounts': 120}
build tables- signal [Detector(H2), Detector(H1), Detector(AX), Detector(L1), Detector(L2), Detector(CDD)]
add group /signal/PM41 (Group) '' table H2
add group /signal/Ar40 (Group) '' table H1
add group /signal/Ar39 (Group) '' table AX
add group /signal/Ar38 (Group) '' table L1
add group /signal/Ar37 (Group) '' table L2
add group /signal/Ar36 (Group) '' table CDD
flush and close file /Users/jan/PychronDev/data/isotopes/fc/bd5345-b630-4c53-bc1d-e9b062dfece0.h5
measuring signal. ncounts=120
action=close, ok=True, locked=[False]
is_closed ('F',) {}
is F () closed?
is closed True
open () {'description': 'CO2 Laser to Jan'}
opening name=--- desc=CO2 Laser to Jan
checking ownership. requestor=129.138.12.150
check software interlocks A
interlocks []
actuate state mode=None-script, software_lock=False
doing actuation None-script open_channel False
Open A ===>> OK
"signal" increment series count="2" fit count="1" regressing="True"
GetIndicatorState A ===>> OK
change switch state (True, True)
update switch state A True args=() kw={} ncanvase=2
04:13:28 -- OPEN   VALVE-A (CO2 Laser to Jan)
---------------------------------------- open None (CO2 Laser to Jan) result=[(True, True)], time=0.13 sec
starting measurement
GetData ===>> H2,0.178667009105815,H1,1247.46492803428,AX,153.397496878159,L1,1.99606426319512,L2,0.38223199449...
action=open, ok=True, locked=[False]
sleep (1,) {}
SLEEP 1.0
close () {'description': 'CO2 Laser to Roughing'}
closing name=--- desc=CO2 Laser to Roughing
checking ownership. requestor=129.138.12.150
check software interlocks G
interlocks []
actuate state mode=None-script, software_lock=True
VALVE-G(CO2 Laser to Roughing) software locked
change switch state (True, False)
---------------------------------------- close None (CO2 Laser to Roughing) result=[(True, False)]
action=close, ok=True, locked=[True]
open () {'description': 'Microbone to Turbo'}
opening name=--- desc=Microbone to Turbo
checking ownership. requestor=129.138.12.150
check software interlocks U
interlocks []
actuate state mode=None-script, software_lock=False
doing actuation None-script open_channel True
GetData ===>> H2,0.133541082692282,H1,1247.9715266958,AX,153.459398044916,L1,1.98979715462082,L2,0.471185730409...
Open U ===>> OK
GetIndicatorState U ===>> OK
change switch state (True, True)
update switch state U True args=() kw={} ncanvase=2
04:13:30 -- OPEN   VALVE-U (Microbone to Turbo)
---------------------------------------- open None (Microbone to Turbo) result=[(True, True)], time=0.19 sec
action=open, ok=True, locked=[False]
open () {'description': 'Microbone to Getter NP-10'}
opening name=--- desc=Microbone to Getter NP-10
checking ownership. requestor=129.138.12.150
check software interlocks M
interlocks []
actuate state mode=None-script, software_lock=False
doing actuation None-script open_channel False
Open M ===>> OK
GetIndicatorState M ===>> OK
change switch state (True, True)
update switch state M True args=() kw={} ncanvase=2
04:13:30 -- OPEN   VALVE-M (Microbone to Getter NP-10)
---------------------------------------- open None (Microbone to Getter NP-10) result=[(True, True)], time=0.14 sec
action=open, ok=True, locked=[False]
open () {'description': 'Microbone to Getter D-50'}
opening name=--- desc=Microbone to Getter D-50
checking ownership. requestor=129.138.12.150
check software interlocks K
interlocks []
actuate state mode=None-script, software_lock=False
doing actuation None-script open_channel False
GetData ===>> H2,-0.0529873146358154,H1,1248.02124473858,AX,153.464211658596,L1,1.97855273669501,L2,0.351627375...
Open K ===>> OK
GetIndicatorState K ===>> OK
change switch state (True, True)
update switch state K True args=() kw={} ncanvase=2
04:13:31 -- OPEN   VALVE-K (Microbone to Getter D-50)
---------------------------------------- open None (Microbone to Getter D-50) result=[(True, True)], time=0.44 sec
action=open, ok=True, locked=[False]
open () {'description': 'Microbone to CO2 Laser'}
opening name=--- desc=Microbone to CO2 Laser
checking ownership. requestor=129.138.12.150
check software interlocks T
interlocks []
actuate state mode=None-script, software_lock=False
doing actuation None-script open_channel False
Open T ===>> OK
GetIndicatorState T ===>> OK
change switch state (True, True)
update switch state T True args=() kw={} ncanvase=2
04:13:31 -- OPEN   VALVE-T (Microbone to CO2 Laser)
---------------------------------------- open None (Microbone to CO2 Laser) result=[(True, True)], time=0.46 sec
GetData ===>> H2,-0.0533360243454179,H1,1247.32541572849,AX,153.307975240993,L1,1.95867584468533,L2,0.420512941...
action=open, ok=True, locked=[False]
open () {'description': 'Microbone to Inlet Pipette'}
opening name=--- desc=Microbone to Inlet Pipette
checking ownership. requestor=129.138.12.150
check software interlocks S
interlocks []
actuate state mode=None-script, software_lock=False
doing actuation None-script open_channel False
Open S ===>> OK
GetIndicatorState S ===>> OK
change switch state (True, True)
update switch state S True args=() kw={} ncanvase=2
04:13:32 -- OPEN   VALVE-S (Microbone to Inlet Pipette)
---------------------------------------- open None (Microbone to Inlet Pipette) result=[(True, True)], time=0.42 sec
action=open, ok=True, locked=[False]
sleep (1,) {}
SLEEP 1.0
GetData ===>> H2,-0.0332757213120253,H1,1246.5821297566,AX,152.965957655834,L1,1.96257858628064,L2,0.2684733037...
set_resource () {'name': 'CO2PumpTimeFlag', 'value': 30}
Set CO2PumpTimeFlag 30 ===>> OK
release ('JanCO2Flag',) {}
release JanCO2Flag
Set JanCO2Flag 0 ===>> OK
executed snippet estimated_duration=6.0, duration=6.03119301796
PumpMicrobone.py completed successfully
gosub finished
get_resource_value () {'name': 'JanMiniboneFlag'}
Read JanMiniboneFlag ===>> 0
Get Resource Value JanMiniboneFlag=0.0
get resource value 0.0
get_resource_value () {'name': 'JanMiniboneFlag'}
Read JanMiniboneFlag ===>> 0
Get Resource Value JanMiniboneFlag=0.0
executed snippet estimated_duration=4.0, duration=6.05947899818
jan_pump_extraction_line.py completed successfully
Post Equilibration Finished
04:13:33 -- ******* Post Equilibration Finished *******
GetData ===>> H2,-0.030275652197126,H1,1246.04798966666,AX,152.932388107174,L1,1.95633164320428,L2,0.3875659635...
GetData ===>> H2,-0.103465231343523,H1,1245.45962392347,AX,153.212758492486,L1,1.9808550005741,L2,0.25444549843...
GetData ===>> H2,-0.184650184694464,H1,1244.77683514359,AX,152.780423517695,L1,1.98815315389398,L2,0.2685645670...
GetData ===>> H2,-0.105861885802196,H1,1244.70750743144,AX,152.801021449637,L1,1.96336976840478,L2,0.3453706200...
GetData ===>> H2,-0.191485595959298,H1,1244.21876175614,AX,152.817770714018,L1,1.97534314413464,L2,0.4016618628...
GetData ===>> H2,-0.119134738185814,H1,1243.69727346028,AX,152.533697148318,L1,2.01250828506625,L2,0.2765048053...
GetData ===>> H2,-0.0565417536556154,H1,1243.20719816613,AX,152.505929548636,L1,1.94154172564962,L2,0.386572246...
GetData ===>> H2,-0.0680534394215692,H1,1242.68507397736,AX,152.542967797915,L1,1.92851352427189,L2,0.285267211...
GetData ===>> H2,-0.0738192055062412,H1,1241.87504509614,AX,152.650800955976,L1,1.94284897788975,L2,0.378188883...
GetData ===>> H2,-0.110222813047143,H1,1241.86447330841,AX,152.377592728866,L1,1.94121427925877,L2,0.3104750075...
GetData ===>> H2,-0.149555833161221,H1,1241.35313140368,AX,152.357322332999,L1,1.90259284871581,L2,0.3934599447...
GetData ===>> H2,-0.0714099262913754,H1,1240.66199020254,AX,152.45965318938,L1,1.90865297823736,L2,0.4036039239...
GetData ===>> H2,-0.0966758007065915,H1,1240.0877810179,AX,152.334634708645,L1,1.93091572221124,L2,0.3468548499...
GetData ===>> H2,-0.143349959283025,H1,1239.76496403127,AX,152.091262248959,L1,1.91035934483552,L2,0.2827000172...
GetData ===>> H2,-0.175156831217359,H1,1239.3701315422,AX,152.044406738878,L1,1.91999561575043,L2,0.39965129990...
GetData ===>> H2,-0.279958684838077,H1,1238.83999153169,AX,152.139659846605,L1,1.91889382627644,L2,0.3718961329...
GetData ===>> H2,-0.193949592745104,H1,1237.55168671299,AX,152.207836163758,L1,1.96005889341658,L2,0.3547444888...
GetData ===>> H2,-0.0897955887157621,H1,1237.59124826346,AX,152.07035337566,L1,1.94768873622721,L2,0.3663917422...
GetData ===>> H2,-0.0889730441235563,H1,1237.25222702166,AX,151.988574477165,L1,1.9177224739302,L2,0.3132255577...
04:13:54 -- collecting point 25
GetData ===>> H2,-0.164109288610268,H1,1236.95918355864,AX,152.12455222909,L1,1.90978527208989,L2,0.34720878513...
GetData ===>> H2,-0.0805752096113509,H1,1235.90007285991,AX,151.981963090444,L1,1.94721374354325,L2,0.334696258...
GetData ===>> H2,-0.144809198883225,H1,1235.7556554045,AX,151.763286206171,L1,1.9670328503255,L2,0.361047532572...
GetData ===>> H2,-0.0682175573570042,H1,1235.2676719963,AX,151.787731794529,L1,1.9636093721683,L2,0.35373969413...
GetData ===>> H2,-0.0368003705861164,H1,1234.51186717854,AX,151.882698651652,L1,1.91080732625407,L2,0.380198996...
GetData ===>> H2,-0.204405803206306,H1,1234.28655350646,AX,151.7001854624,L1,1.88595580493035,L2,0.384242192082...
GetData ===>> H2,-0.130556400612632,H1,1233.66060483246,AX,151.623002036831,L1,1.93821624772872,L2,0.2439880085...
GetData ===>> H2,-0.142458109311656,H1,1233.31487103599,AX,151.652601558286,L1,1.93166265331643,L2,0.3089456901...
GetData ===>> H2,-0.19701199697541,H1,1233.23755086438,AX,151.691187687207,L1,1.90452148624089,L2,0.34071257074...
GetData ===>> H2,-0.0808502437161585,H1,1232.35209281692,AX,151.49687894251,L1,1.88214781378884,L2,0.2750444822...
GetData ===>> H2,-0.0344081812738305,H1,1231.99846648765,AX,151.430424127876,L1,1.90491539517229,L2,0.290721301...
GetData ===>> H2,-0.146029141215107,H1,1231.70344235295,AX,151.358036603616,L1,1.93268976613624,L2,0.3304610931...
GetData ===>> H2,-0.116106686203008,H1,1230.72853671263,AX,151.212849614649,L1,1.92281187756655,L2,0.3988630793...
GetData ===>> H2,-0.143787750878152,H1,1229.95519610698,AX,151.148982846261,L1,1.94459441404306,L2,0.4216784030...
GetData ===>> H2,-0.211210196692325,H1,1229.23672957464,AX,151.129553398315,L1,1.94825849124226,L2,0.3501430720...
GetData ===>> H2,-0.223938289056275,H1,1229.3776901681,AX,151.082301505337,L1,1.91799853903611,L2,0.33342911420...
GetData ===>> H2,-0.268409939050237,H1,1229.30062782042,AX,150.963433605955,L1,1.87248624252333,L2,0.3612644925...
GetData ===>> H2,-0.15489553971227,H1,1228.50203940732,AX,150.964051425263,L1,1.8918888200418,L2,0.391849344148...
GetData ===>> H2,-0.0691995028243236,H1,1227.6073151522,AX,150.664003125098,L1,1.86759921309066,L2,0.4132691190...
GetData ===>> H2,-0.0546507131685854,H1,1227.1735326893,AX,150.683452612584,L1,1.86415062022804,L2,0.3693266165...
GetData ===>> H2,-0.0193904771513359,H1,1227.00730749977,AX,150.826034924595,L1,1.88797904886093,L2,0.297088602...
GetData ===>> H2,-0.214824965100309,H1,1226.70874164569,AX,150.836658964881,L1,1.90049415288676,L2,0.3849046527...
GetData ===>> H2,-0.276993705495524,H1,1226.46446372889,AX,150.765782624136,L1,1.88690964859497,L2,0.2560895745...
GetData ===>> H2,-0.218673900938226,H1,1225.90952726684,AX,150.704777531191,L1,1.88809977295925,L2,0.2640927685...
GetData ===>> H2,-0.101471468382514,H1,1224.60937888259,AX,150.668839565485,L1,1.92291699883555,L2,0.3557378758...
04:14:20 -- collecting point 50
GetData ===>> H2,-0.136015789112376,H1,1224.30487149459,AX,150.359793882131,L1,1.92228891414103,L2,0.3775150486...
GetData ===>> H2,-0.22103428809701,H1,1224.41476131892,AX,150.270116038304,L1,1.93670970789543,L2,0.38865106851...
GetData ===>> H2,-0.075226303079703,H1,1223.97214897805,AX,150.392130057676,L1,1.9573390621116,L2,0.31217554587...
GetData ===>> H2,-0.024929525081203,H1,1223.99608683433,AX,150.548236545749,L1,1.92414962044649,L2,0.3509194742...
GetData ===>> H2,-0.117872471505092,H1,1222.88813653789,AX,150.485225468987,L1,1.8684513694848,L2,0.33188801489...
GetData ===>> H2,-0.102646382581467,H1,1222.91366547067,AX,150.355524399439,L1,1.88816538443725,L2,0.3329496584...
GetData ===>> H2,-0.288872606410089,H1,1222.32303908869,AX,150.16528078115,L1,1.91639482876074,L2,0.39102692022...
GetData ===>> H2,-0.21281031870911,H1,1221.5308068159,AX,150.132397587913,L1,1.93179547558514,L2,0.360876248731...
GetData ===>> H2,-0.140736370246287,H1,1220.60501954203,AX,150.095021124323,L1,1.89645525728183,L2,0.3830543429...
GetData ===>> H2,-0.201571003452536,H1,1220.26685475027,AX,149.95741843098,L1,1.89277753829314,L2,0.28003020828...
GetData ===>> H2,-0.120360341958634,H1,1219.93230894577,AX,149.854460585387,L1,1.86288470343801,L2,0.2831449926...
GetData ===>> H2,-0.224001586889588,H1,1219.5507759494,AX,150.071682924028,L1,1.86635387244027,L2,0.24028934441...
GetData ===>> H2,-0.173481470824469,H1,1219.27375723337,AX,150.036270775103,L1,1.8958722024515,L2,0.34755130426...
GetData ===>> H2,-0.130761630581893,H1,1218.78728722566,AX,150.052805124825,L1,1.8974546640137,L2,0.36268045389...
GetData ===>> H2,-0.156951792266975,H1,1217.78769118502,AX,149.991358753421,L1,1.9154037998184,L2,0.31272337672...
GetData ===>> H2,-0.15763127336166,H1,1217.37660054575,AX,149.744144103849,L1,1.90319411678962,L2,0.25903528140...
GetData ===>> H2,-0.128600646405268,H1,1217.31776203566,AX,149.687194373387,L1,1.87122461205245,L2,0.3733921941...
GetData ===>> H2,0.00154322806388779,H1,1216.89246194544,AX,149.721526136391,L1,1.87598992705481,L2,0.317322996...
GetData ===>> H2,0.0172292093156527,H1,1216.46659713341,AX,149.747838790954,L1,1.88761032366649,L2,0.3939853948...
GetData ===>> H2,-0.110623559988997,H1,1215.89832013549,AX,149.561736120749,L1,1.89479021848771,L2,0.2757974585...
GetData ===>> H2,-0.207319393248886,H1,1215.15990200621,AX,149.298147061889,L1,1.88331774878014,L2,0.2944412142...
GetData ===>> H2,-0.137665241761548,H1,1214.76985274081,AX,149.385599770801,L1,1.91336156216974,L2,0.4360535885...
GetData ===>> H2,-0.0409264634807463,H1,1214.4577988298,AX,149.298167556611,L1,1.93678733243477,L2,0.2993708920...
GetData ===>> H2,-0.0375252595679204,H1,1213.77789574833,AX,149.08286117775,L1,1.89600483158259,L2,0.3089799283...
GetData ===>> H2,-0.0492173116115207,H1,1212.93969339575,AX,149.234029742299,L1,1.89503050429168,L2,0.269477204...
04:14:46 -- collecting point 75
GetData ===>> H2,-0.158842891048817,H1,1213.04332727973,AX,149.05528164762,L1,1.88757227087937,L2,0.33966225758...
GetData ===>> H2,-0.0813677775442153,H1,1212.53886056446,AX,148.974742364792,L1,1.90025506158628,L2,0.301265233...
GetData ===>> H2,-0.0946375030299489,H1,1211.87535168977,AX,149.234296217909,L1,1.87201803221873,L2,0.329513628...
GetData ===>> H2,-0.117300143589356,H1,1210.98425267903,AX,149.102154507066,L1,1.9031796754689,L2,0.34977770847...
GetData ===>> H2,-0.131639521591075,H1,1210.84676238153,AX,148.955801043356,L1,1.91052487250628,L2,0.3450509427...
GetData ===>> H2,-0.0655070324110742,H1,1210.5504159468,AX,148.955493903996,L1,1.89429128109764,L2,0.3119929362...
GetData ===>> H2,-0.054287119887527,H1,1210.11543471167,AX,148.900831843301,L1,1.85446038863674,L2,0.3921234870...
GetData ===>> H2,-0.142775669992912,H1,1209.64547093758,AX,148.700101055194,L1,1.90465541369814,L2,0.3574049621...
GetData ===>> H2,-0.0416185235064123,H1,1209.35577883481,AX,148.74556148363,L1,1.91120934267111,L2,0.2710971577...
GetData ===>> H2,-0.0438531832185205,H1,1208.8200023196,AX,148.816968061963,L1,1.87820211199772,L2,0.3454277053...
GetData ===>> H2,-0.140974239868187,H1,1207.9750157652,AX,148.639709785512,L1,1.84915255215712,L2,0.35079387937...
GetData ===>> H2,-0.122708369881348,H1,1207.89587181807,AX,148.53287858095,L1,1.87128493620477,L2,0.36770500172...
GetData ===>> H2,-0.183279639100246,H1,1206.86527993594,AX,148.448476478541,L1,1.86368407493845,L2,0.3048942582...
GetData ===>> H2,-0.188899709562051,H1,1206.334724571,AX,148.496087415444,L1,1.87596762377628,L2,0.360065509370...
GetData ===>> H2,-0.104913298727899,H1,1205.93644677587,AX,148.404129206112,L1,1.8449013180593,L2,0.30488284605...
GetData ===>> H2,-0.13513823665336,H1,1205.76609420361,AX,148.146252654109,L1,1.85161157923135,L2,0.25973524746...
GetData ===>> H2,-0.10316747498563,H1,1205.46701236157,AX,148.229090388178,L1,1.8689810507144,L2,0.300432175285...
GetData ===>> H2,0.0339061990797688,H1,1205.1530692722,AX,148.156873258286,L1,1.88494301048043,L2,0.34354390705...
GetData ===>> H2,-0.140148432449222,H1,1205.24269317074,AX,147.817976082978,L1,1.88771136101509,L2,0.3062637372...
GetData ===>> H2,-0.253160639726434,H1,1204.63242519544,AX,148.032434496527,L1,1.87231705498897,L2,0.4030098775...
GetData ===>> H2,-0.165264867869782,H1,1203.61532967627,AX,148.114485564908,L1,1.87605421322812,L2,0.3955274930...
GetData ===>> H2,-0.169421818518167,H1,1203.06661654489,AX,148.214235893721,L1,1.84949445108155,L2,0.3559776604...
GetData ===>> H2,-0.178906543530818,H1,1202.74597675775,AX,148.134406798459,L1,1.84708304617008,L2,0.3832713527...
GetData ===>> H2,-0.219053859553961,H1,1202.39964424817,AX,148.100327572648,L1,1.83296314383974,L2,0.4039809168...
GetData ===>> H2,-0.13430118577471,H1,1201.82871944066,AX,147.919161169489,L1,1.85150938175176,L2,0.37098251920...
04:15:13 -- collecting point 100
GetData ===>> H2,-0.0300705484669915,H1,1201.17134570591,AX,147.714053672201,L1,1.88742793391643,L2,0.435447913...
GetData ===>> H2,0.00332161245187266,H1,1200.82506935632,AX,147.597477780535,L1,1.88945013592749,L2,0.329330986...
GetData ===>> H2,-0.0349349947965811,H1,1199.84185011354,AX,147.769864229026,L1,1.90717933141564,L2,0.308477769...
GetData ===>> H2,-0.0690299740927252,H1,1200.0050269568,AX,147.945196857678,L1,1.90911008519221,L2,0.2837154769...
GetData ===>> H2,-0.0463652311189052,H1,1199.19666873213,AX,147.729827601973,L1,1.89329347409808,L2,0.392089219...
GetData ===>> H2,-0.0150294866515399,H1,1198.53051712227,AX,147.580662225048,L1,1.89435561649218,L2,0.338200971...
GetData ===>> H2,0.00175803348336181,H1,1197.87638136634,AX,147.433537259848,L1,1.85974456411636,L2,0.386629356...
GetData ===>> H2,-0.144695709203565,H1,1198.02611148164,AX,147.646709425712,L1,1.9081893230163,L2,0.23204777335...
GetData ===>> H2,-0.128043728684173,H1,1197.57675730072,AX,147.470169028479,L1,1.89257799708236,L2,0.2652335136...
GetData ===>> H2,-0.104772560089264,H1,1197.26886384489,AX,147.502200224154,L1,1.87460196205542,L2,0.3862638537...
GetData ===>> H2,-0.0335106413223513,H1,1196.76451054571,AX,147.137532087423,L1,1.85656143247777,L2,0.320096571...
GetData ===>> H2,-0.00474671024146668,H1,1196.83961107943,AX,147.023307577437,L1,1.84545914971173,L2,0.39315152...
GetData ===>> H2,-0.0779654417764106,H1,1195.47527568306,AX,147.07443886336,L1,1.87119445010028,L2,0.3956074543...
GetData ===>> H2,-0.101210209428482,H1,1195.34028372124,AX,147.137287652974,L1,1.87043649426753,L2,0.3287145699...
GetData ===>> H2,-0.0664677483649553,H1,1195.08053415824,AX,147.391376494821,L1,1.89262656928112,L2,0.368378767...
GetData ===>> H2,-0.140706636192797,H1,1194.43353617301,AX,147.191642181821,L1,1.88431465245529,L2,0.3253814244...
GetData ===>> H2,-0.198789432434726,H1,1193.6906078837,AX,147.329956135559,L1,1.88601615572651,L2,0.36156138593...
GetData ===>> H2,-0.153406482745637,H1,1193.18840207032,AX,147.164320147484,L1,1.84611522738504,L2,0.3003066465...
GetData ===>> H2,-0.180519158869675,H1,1192.70922564544,AX,146.875670144503,L1,1.84703720709306,L2,0.4040723092...
GetData ===>> H2,-0.176274585939799,H1,1192.25281894335,AX,146.981051345828,L1,1.86571683687229,L2,0.3506340315...
GetData ===>> H2,-0.169525722743786,H1,1191.80550394285,AX,147.062792177407,L1,1.86285194354988,L2,0.4713570484...
measurement finished
estimated time: 125.829 actual time: :126.406
flush and close file /Users/jan/PychronDev/data/isotopes/fc/bd5345-b630-4c53-bc1d-e9b062dfece0.h5
baselines () {'settling_time': 15.0, 'detector': 'H1', 'mass': 34.2, 'ncounts': 60}
%%%%%%%%%%%%%%%%%%%%%%%%%%%%%%%% Baseline
build tables- baseline [Detector(H2), Detector(H1), Detector(AX), Detector(L1), Detector(L2), Detector(CDD)]
add group baseline table H2
add group baseline table H1
add group baseline table AX
add group baseline table L1
add group baseline table L2
add group baseline table CDD
flush and close file /Users/jan/PychronDev/data/isotopes/fc/bd5345-b630-4c53-bc1d-e9b062dfece0.h5
detector Detector(H1)
POSITION 34.2 H1
Mapping mass to dac mass func: "parabolic"
H1 map mass coeffs = [-0.00063987  0.15840543  0.57092999]
H1 map mass to dac 34.2 >> 5.23997599104
GetDeflection H1 ===>> 0
GetHighVoltage ===>> 4500
positioning 34.2 (5.23997599104) on H1
setting magnet DAC
current  : 5.879320
requested: 5.239976
Delta Dac: 0.639344
Checking detector protection. dv=0.63934
Checking detector "CDD". Protection Threshold: 0.1 (V)
ProtectDetector CDD,On ===>> OK
GetDeflection CDD ===>> 2000
Protected = 2000
SetMagnetDAC 5.23997599104 ===>> OK
Magnet settling time: 0.500
GetMagnetMoving ===>> True
GetMagnetMoving ===>> True
GetMagnetMoving ===>> True
GetMagnetMoving ===>> True
GetMagnetMoving ===>> True
GetMagnetMoving ===>> True
GetMagnetMoving ===>> True
GetMagnetMoving ===>> True
GetMagnetMoving ===>> False
ProtectDetector CDD,Off ===>> OK
GetDeflection CDD ===>> 50
Delaying 15.0s for detectors to settle
Join finished
measuring baseline. ncounts=60
"baseline" increment series count="2" fit count="1" regressing="True"
starting measurement
GetData ===>> H2,-0.101816645871744,H1,-0.0559200891403709,AX,-0.139834770474952,L1,-0.031746217721626,L2,-0.04...
GetData ===>> H2,-0.0986162454372497,H1,-0.107266546269558,AX,-0.188753970203737,L1,-0.00824771832172252,L2,-0....
GetData ===>> H2,-0.136932481747256,H1,-0.0903923446640363,AX,-0.0739264869564848,L1,-0.0243905488179404,L2,-0....
GetData ===>> H2,-0.13520855152445,H1,0.046362623158225,AX,-0.0700894686940821,L1,-0.0641177524568581,L2,-0.037...
GetData ===>> H2,-0.240568465379198,H1,-0.0151626668624115,AX,-0.110573398865775,L1,-0.0733242982189493,L2,-0.0...
GetData ===>> H2,-0.219489044687917,H1,0.0170209494934738,AX,-0.0540790075281415,L1,-0.00463034975439712,L2,-0....
GetData ===>> H2,-0.134015844140286,H1,0.0187986264275299,AX,-0.10122175121,L1,0.00620599108610349,L2,0.0437655...
GetData ===>> H2,-0.162050283517431,H1,-0.00316361050705078,AX,-0.0832459858257868,L1,0.00533143056020918,L2,0....
GetData ===>> H2,-0.252536743065403,H1,-0.036819349869943,AX,-0.205278925581226,L1,-0.0272495961460437,L2,-0.20...
GetData ===>> H2,-0.241721986954095,H1,0.100736977116944,AX,-0.211686515219748,L1,-0.0281133814060987,L2,-0.050...
GetData ===>> H2,-0.00912386871768496,H1,-0.0377971291735999,AX,-0.101326049635024,L1,-0.0526105185136471,L2,0....
GetData ===>> H2,-0.163453147931748,H1,-0.0416008382823961,AX,0.0558111851231534,L1,-0.0289854776576311,L2,0.02...
GetData ===>> H2,-0.22480153320809,H1,0.0427943881956551,AX,-0.0213310927531199,L1,-0.026164068691045,L2,-0.057...
GetData ===>> H2,-0.112233174665824,H1,-0.000909154121297817,AX,-0.149979991626578,L1,-0.0420708690737325,L2,-0...
GetData ===>> H2,-0.149990684348755,H1,-0.130075656804229,AX,-0.043597163091468,L1,-0.0106361960864646,L2,-0.01...
GetData ===>> H2,-0.136055000195751,H1,-0.093526680654654,AX,-0.0934801781827595,L1,-0.0209468702996015,L2,0.02...
GetData ===>> H2,-0.184009448302498,H1,0.00213265321813445,AX,-0.0674347662977254,L1,-0.0125830096441277,L2,0.0...
GetData ===>> H2,-0.217470614390508,H1,-0.0130158240661203,AX,-0.128694727075394,L1,-0.0681273021963752,L2,-0.0...
GetData ===>> H2,-0.293814661537899,H1,-0.0502927844719945,AX,-0.0280578385054833,L1,-0.0457644756751289,L2,-0....
GetData ===>> H2,-0.230793942371975,H1,-0.0160333177614767,AX,-0.0563398768297956,L1,-0.047544345124617,L2,0.01...
GetData ===>> H2,-0.174011963231978,H1,-0.0280069809982074,AX,-0.0332997387381508,L1,-0.0473875569168507,L2,-0....
GetData ===>> H2,-0.108074045736703,H1,0.00113063588529374,AX,-0.0165525012693007,L1,-0.0278378407689807,L2,-0....
GetData ===>> H2,-0.282952982432887,H1,0.0480930838957285,AX,-0.197978625362784,L1,-0.0014676856883785,L2,-0.01...
GetData ===>> H2,-0.255569847899645,H1,-0.0215552149344543,AX,-0.0508557286745448,L1,-0.0193966504183216,L2,-0....
04:16:18 -- collecting point 25
GetData ===>> H2,-0.137992399768189,H1,-0.0483374604685281,AX,0.000661651541661789,L1,-0.0536858840701816,L2,-0...
GetData ===>> H2,-0.12626735704968,H1,-0.020732316529881,AX,0.0374549284305418,L1,-0.027502389803035,L2,-0.0162...
GetData ===>> H2,-0.179366735844555,H1,0.105640010527508,AX,-0.0514702469086222,L1,-0.00272879108918399,L2,0.00...
GetData ===>> H2,-0.175614476017149,H1,0.00581873186418243,AX,-0.0427970644291059,L1,-0.0107644767953078,L2,-0....
GetData ===>> H2,-0.234696521197362,H1,-0.00434449596899962,AX,0.0230422815440809,L1,-0.0207742358221117,L2,-0....
GetData ===>> H2,-0.251084436234739,H1,0.109230948824446,AX,-0.0308179893061928,L1,-0.0164610089713478,L2,0.021...
GetData ===>> H2,-0.230275740005345,H1,0.123357350852271,AX,-0.117433019892108,L1,-0.0278821673810536,L2,0.0551...
GetData ===>> H2,-0.165389058626923,H1,0.0391069478858476,AX,-0.10133763834202,L1,-0.0351984661198518,L2,-0.030...
GetData ===>> H2,-0.101193965150071,H1,0.0335342780145133,AX,-0.0996109057796968,L1,-0.0122761477795679,L2,0.08...
GetData ===>> H2,-0.173588035649258,H1,0.0191088283219678,AX,-0.0646640607919916,L1,0.0006769161009433,L2,-0.04...
GetData ===>> H2,-0.239553484305872,H1,-0.0351737972804188,AX,-0.107954564615509,L1,-0.000147615518385169,L2,-0...
GetData ===>> H2,-0.308357737874148,H1,-0.0198497802873952,AX,-0.169409483896134,L1,-0.00899957440419199,L2,-0....
GetData ===>> H2,-0.31421066924603,H1,-0.0835989600617591,AX,-0.148762620958569,L1,-0.0297940158164353,L2,-0.05...
GetData ===>> H2,-0.239225009354613,H1,0.0136327130961568,AX,-0.0854714057649303,L1,-0.0343811797224397,L2,-0.0...
GetData ===>> H2,-0.169775358870925,H1,0.0210416463937825,AX,-0.0956126489902469,L1,-0.0179349327615417,L2,0.04...
GetData ===>> H2,-0.135814323133226,H1,-0.0239642409342487,AX,-0.0773112838000434,L1,0.000739328811819056,L2,-0...
GetData ===>> H2,-0.0928210108377181,H1,0.0742218100128646,AX,-0.00807340349356286,L1,-0.0360660112338107,L2,-0...
GetData ===>> H2,-0.168026440870306,H1,0.000235986028207691,AX,-0.0674231735519773,L1,-0.0175991513779045,L2,-0...
GetData ===>> H2,-0.130807623476268,H1,0.0575097013141736,AX,-0.0780879157830666,L1,0.0270095522034277,L2,-0.03...
GetData ===>> H2,-0.105826704243778,H1,-0.0599615385646455,AX,-0.0742858374134641,L1,0.0557875080007557,L2,0.01...
GetData ===>> H2,-0.153278106607621,H1,-0.0311432715740743,AX,-0.0343898329709202,L1,0.0371140417880255,L2,0.03...
GetData ===>> H2,-0.223150403375449,H1,-0.0276134471043353,AX,-0.0625888782192218,L1,-0.00473351553692169,L2,0....
GetData ===>> H2,-0.266493183528205,H1,0.0465297008215739,AX,-0.00535900818696853,L1,-0.0468022724500081,L2,-0....
GetData ===>> H2,-0.178134566036923,H1,0.0192400678743489,AX,-0.0551688690309422,L1,-0.0570262689065368,L2,-0.0...
GetData ===>> H2,-0.27219947856334,H1,-0.0530707095869552,AX,-0.112276762065625,L1,-0.0377865007638818,L2,-0.06...
04:16:45 -- collecting point 50
GetData ===>> H2,-0.301008383590706,H1,0.0243108186856357,AX,-0.259434669790897,L1,-0.018575284764797,L2,-0.076...
GetData ===>> H2,-0.158791565390561,H1,0.0655306366029731,AX,-0.052954350414738,L1,1.68053399018553E-05,L2,-0.0...
GetData ===>> H2,-0.160518951257234,H1,-0.0270410314054502,AX,-0.0484903769930622,L1,-0.00493504564387241,L2,-0...
GetData ===>> H2,-0.160518951257234,H1,-0.0270410314054502,AX,-0.0484903769930622,L1,-0.00493504564387241,L2,-0...
GetData ===>> H2,-0.148271439268962,H1,-0.0392637802177685,AX,-0.0728947960118419,L1,-0.0282619306172488,L2,-0....
GetData ===>> H2,-0.130767041520322,H1,0.0447873331822503,AX,-0.153713166668972,L1,-0.0465078219741138,L2,0.007...
GetData ===>> H2,-0.217984014351131,H1,0.00963617320970407,AX,-0.151788628484684,L1,-0.0665358712636729,L2,-0.0...
GetData ===>> H2,-0.219247876048775,H1,-0.0104276245880939,AX,-0.0636902376096274,L1,-0.0500849304719262,L2,-0....
GetData ===>> H2,-0.254074908737079,H1,0.0448708706646929,AX,0.0189231167335669,L1,0.0103062808975587,L2,-0.016...
GetData ===>> H2,-0.254074908737079,H1,0.0448708706646929,AX,0.0189231167335669,L1,0.0103062808975587,L2,-0.016...
GetData ===>> H2,-0.255365515381462,H1,0.0153745386108241,AX,-0.0274779649418823,L1,0.00876052645997981,L2,-0.0...
measurement finished
estimated time: 62.915 actual time: :63.243
flush and close file /Users/jan/PychronDev/data/isotopes/fc/bd5345-b630-4c53-bc1d-e9b062dfece0.h5
activate_detectors ('H1', 'AX', 'CDD') {'peak_center': True}
peak_center () {'detector': 'H1', 'integration_time': 0.262144, 'isotope': 'Ar40'}
peak center: mean=1194.08157993 threshold=3
peak center started
setup peak center. detector=['H1', 'AX', 'CDD'], isotope=Ar40
VersionedUnpickler [<apptools.sweet_pickle.versioned_unpickler.VersionedUnpickler object at 0x1ca6bb290>] using Updater [<apptools.sweet_pickle.updater.Updater object at 0x134a15590>]
VersionedUnpickler [<apptools.sweet_pickle.versioned_unpickler.VersionedUnpickler object at 0x1ca6bb290>] using Updater [<apptools.sweet_pickle.updater.Updater object at 0x134a15590>]
VersionedUnpickler [<apptools.sweet_pickle.versioned_unpickler.VersionedUnpickler object at 0x1c7885cb0>] using Updater [<apptools.sweet_pickle.updater.Updater object at 0x134a15590>]
setting integration time = 0.524288
SetIntegrationTime 0.524288 ===>> OK
Mapping mass to dac mass func: "parabolic"
H1 map mass coeffs = [-0.00063987  0.15840543  0.57092999]
H1 map mass to dac 39.9624 >> 5.87932
GetDeflection H1 ===>> 0
GetHighVoltage ===>> 4500
do peak center. <pychron.spectrometer.jobs.peak_center.PeakCenter object at 0x134a156b0>
doing pc
starting peak center. center dac= 5.87932 step_width=0.001
width = 0.001
get scan parameters. half-width=0.015,window=0.015, i=0, scalar=1
Scan parameters center=5.87932 width=0.03000 (5.86432 - 5.89432)
GetData ===>> H2,-0.188222805445195,H1,0.0109603821836447,AX,-0.0952997350043001,L1,1.08045314483704E-05,L2,-0....
Moving to starting dac 5.86432
setting magnet DAC
current  : 5.239976
requested: 5.864320
Delta Dac: 0.624344
Checking detector protection. dv=0.62434
Checking detector "CDD". Protection Threshold: 0.1 (V)
ProtectDetector CDD,On ===>> OK
GetDeflection CDD ===>> 2000
Protected = 2000
SetMagnetDAC 5.86432 ===>> OK
Magnet settling time: 0.500
GetMagnetMoving ===>> True
GetMagnetMoving ===>> True
GetMagnetMoving ===>> True
GetMagnetMoving ===>> True
GetMagnetMoving ===>> True
GetMagnetMoving ===>> True
GetMagnetMoving ===>> True
GetMagnetMoving ===>> True
GetMagnetMoving ===>> False
ProtectDetector CDD,Off ===>> OK
GetDeflection CDD ===>> 50
Wait until signal near baseline. tol= 0.00822028663773. timeout= 10
GetData ===>> H2,5.48921901068266,H1,1.58098419247199,AX,-0.164000763903651,L1,0.00473334629708931,L2,-0.064609...
GetData ===>> H2,67.0371056560397,H1,29.6604112614448,AX,2.04211981855973,L1,0.00564073992331459,L2,-0.05363948...
GetData ===>> H2,67.9116583192538,H1,33.2275553934531,AX,3.20746463746679,L1,-0.0284024795464965,L2,-0.04339658...
GetData ===>> H2,35.5326058481048,H1,16.2156304093489,AX,1.45328575879381,L1,-0.0297691065307976,L2,0.053441724...
GetData ===>> H2,14.5351769203561,H1,8.33049853847572,AX,0.479813136090098,L1,-0.0375133507828455,L2,-0.0493603...
GetData ===>> H2,4.99704771485645,H1,4.58069493873265,AX,0.262419224988327,L1,-0.0413655171978184,L2,-0.1172760...
GetData ===>> H2,1.53792561551573,H1,2.94353181514035,AX,0.17638064761401,L1,-0.015006410138995,L2,-0.075623896...
GetData ===>> H2,0.544425108666892,H1,1.85079170910309,AX,0.121111882936167,L1,-0.0181863875867443,L2,-0.034085...
GetData ===>> H2,0.345734554543281,H1,1.43634180599841,AX,0.124844957925076,L1,-0.0232047288803503,L2,0.0780085...
GetData ===>> H2,0.263436279359667,H1,1.22455996979587,AX,0.00632303546429067,L1,-0.0506616483963668,L2,0.04858...
GetData ===>> H2,0.299460965887959,H1,1.08080638123058,AX,0.0486546335894935,L1,-0.0482684115925448,L2,-0.09639...
GetData ===>> H2,0.341885018023695,H1,1.05702258483535,AX,-0.0480497659159279,L1,-0.0441722607146679,L2,-0.0716...
GetData ===>> H2,0.29467534844578,H1,1.08612973448603,AX,-0.0696141779545244,L1,-0.011619240148009,L2,-0.009951...
GetData ===>> H2,0.166941402855402,H1,1.11997078382056,AX,0.0514634663740547,L1,0.0113807087516125,L2,-0.021905...
GetData ===>> H2,0.0761294549762949,H1,1.0629440327967,AX,0.187099413367866,L1,0.0199559910040378,L2,0.01940505...
GetData ===>> H2,0.048695585190044,H1,1.00978334936646,AX,-0.0050690042128017,L1,-0.0175466386709182,L2,-0.0057...
GetData ===>> H2,0.0678492250033503,H1,1.02253168337849,AX,0.0297377466523518,L1,-0.0202012110422822,L2,-0.0076...
GetData ===>> H2,0.130389330323509,H1,0.949610022622172,AX,0.0372576394726635,L1,0.00444517660492938,L2,-0.0627...
GetData ===>> H2,0.10521489026057,H1,0.983908240324305,AX,0.0133074094448686,L1,-0.0336932372799529,L2,0.018835...
GetData ===>> H2,0.102047237894918,H1,1.01057408249179,AX,0.0563043968538361,L1,-0.0129426014850165,L2,-0.02324...
GetData ===>> H2,-0.082951393137516,H1,1.05076588685173,AX,0.0795939684087704,L1,-0.0140812242217569,L2,0.00491...
Peak center failed to move to a baseline position
_do_sweep sm= 5.86432, em= 5.89432, stm= 0.001
calculated step values: start=5.86432, end=5.89432, width=0.001, nsteps=31.0
setting magnet DAC
current  : 5.864320
requested: 5.864320
Delta Dac: 0.000000
Checking detector protection. dv=0.00000
Checking detector "CDD". Protection Threshold: 0.1 (V)
SetMagnetDAC 5.86432 ===>> OK
GetData ===>> H2,-0.082951393137516,H1,1.05076588685173,AX,0.0795939684087704,L1,-0.0140812242217569,L2,0.00491...
setting magnet DAC
current  : 5.864320
requested: 5.865354
Delta Dac: 0.001034
Checking detector protection. dv=0.00103
Checking detector "CDD". Protection Threshold: 0.1 (V)
SetMagnetDAC 5.86535448276 ===>> OK
Magnet settling time: 1.049
GetData ===>> H2,-0.126617516229437,H1,2.15559923730806,AX,0.199559720530354,L1,-0.00127088620322938,L2,-0.0281...
setting magnet DAC
current  : 5.865354
requested: 5.866389
Delta Dac: 0.001034
Checking detector protection. dv=0.00103
Checking detector "CDD". Protection Threshold: 0.1 (V)
SetMagnetDAC 5.86638896552 ===>> OK
Magnet settling time: 1.049
GetData ===>> H2,-0.114197164123394,H1,7.12033230324221,AX,0.627932686861249,L1,-0.0297643200703918,L2,0.020316...
setting magnet DAC
current  : 5.866389
requested: 5.867423
Delta Dac: 0.001034
Checking detector protection. dv=0.00103
Checking detector "CDD". Protection Threshold: 0.1 (V)
SetMagnetDAC 5.86742344828 ===>> OK
Magnet settling time: 1.049
GetData ===>> H2,-0.0947463835927595,H1,26.3872911804044,AX,2.07004480131261,L1,-0.022716179397681,L2,0.0226851...
setting magnet DAC
current  : 5.867423
requested: 5.868458
Delta Dac: 0.001034
Checking detector protection. dv=0.00103
Checking detector "CDD". Protection Threshold: 0.1 (V)
SetMagnetDAC 5.86845793103 ===>> OK
Magnet settling time: 1.049
GetData ===>> H2,-0.12505726435838,H1,90.8938475229281,AX,7.2013815639659,L1,0.0392975277582952,L2,-0.106405055...
setting magnet DAC
current  : 5.868458
requested: 5.869492
Delta Dac: 0.001034
Checking detector protection. dv=0.00103
Checking detector "CDD". Protection Threshold: 0.1 (V)
SetMagnetDAC 5.86949241379 ===>> OK
Magnet settling time: 1.049
GetData ===>> H2,-0.178552305400287,H1,250.859303050465,AX,21.1936171390428,L1,0.097348566724892,L2,-0.19074254...
setting magnet DAC
current  : 5.869492
requested: 5.870527
Delta Dac: 0.001034
Checking detector protection. dv=0.00103
Checking detector "CDD". Protection Threshold: 0.1 (V)
SetMagnetDAC 5.87052689655 ===>> OK
Magnet settling time: 1.049
GetData ===>> H2,-0.0478004178245077,H1,518.662709616648,AX,49.3795241906512,L1,0.324867547521967,L2,-0.0601033...
setting magnet DAC
current  : 5.870527
requested: 5.871561
Delta Dac: 0.001034
Checking detector protection. dv=0.00103
Checking detector "CDD". Protection Threshold: 0.1 (V)
SetMagnetDAC 5.87156137931 ===>> OK
Magnet settling time: 1.049
GetData ===>> H2,-0.118224242669786,H1,801.289744598186,AX,83.8341414535869,L1,0.599402646933388,L2,0.103653109...
setting magnet DAC
current  : 5.871561
requested: 5.872596
Delta Dac: 0.001034
Checking detector protection. dv=0.00103
Checking detector "CDD". Protection Threshold: 0.1 (V)
SetMagnetDAC 5.87259586207 ===>> OK
Magnet settling time: 1.049
GetData ===>> H2,-0.0870902397124827,H1,1001.22454624769,AX,113.3651039513,L1,0.96183066760752,L2,-0.0378877174...
setting magnet DAC
current  : 5.872596
requested: 5.873630
Delta Dac: 0.001034
Checking detector protection. dv=0.00103
Checking detector "CDD". Protection Threshold: 0.1 (V)
SetMagnetDAC 5.87363034483 ===>> OK
Magnet settling time: 1.049
GetData ===>> H2,-0.0178052925084742,H1,1095.48553784466,AX,130.486521047615,L1,1.31403903328321,L2,0.304843402...
setting magnet DAC
current  : 5.873630
requested: 5.874665
Delta Dac: 0.001034
Checking detector protection. dv=0.00103
Checking detector "CDD". Protection Threshold: 0.1 (V)
SetMagnetDAC 5.87466482759 ===>> OK
Magnet settling time: 1.049
GetData ===>> H2,-0.1101199162807,H1,1128.63111062905,AX,137.532883741432,L1,1.5175209269072,L2,0.2734719182064...
setting magnet DAC
current  : 5.874665
requested: 5.875699
Delta Dac: 0.001034
Checking detector protection. dv=0.00103
Checking detector "CDD". Protection Threshold: 0.1 (V)
SetMagnetDAC 5.87569931034 ===>> OK
Magnet settling time: 1.049
GetData ===>> H2,-0.096545965807862,H1,1137.93757655437,AX,139.443321333337,L1,1.63420373517126,L2,0.4228748335...
setting magnet DAC
current  : 5.875699
requested: 5.876734
Delta Dac: 0.001034
Checking detector protection. dv=0.00103
Checking detector "CDD". Protection Threshold: 0.1 (V)
SetMagnetDAC 5.8767337931 ===>> OK
Magnet settling time: 1.049
GetData ===>> H2,-0.14983098493671,H1,1139.32399126277,AX,140.059874178842,L1,1.68853304462007,L2,0.31225459145...
setting magnet DAC
current  : 5.876734
requested: 5.877768
Delta Dac: 0.001034
Checking detector protection. dv=0.00103
Checking detector "CDD". Protection Threshold: 0.1 (V)
SetMagnetDAC 5.87776827586 ===>> OK
Magnet settling time: 1.049
GetData ===>> H2,-0.119395832640742,H1,1139.99496757076,AX,140.413150165535,L1,1.73234522074966,L2,0.2045201319...
setting magnet DAC
current  : 5.877768
requested: 5.878803
Delta Dac: 0.001034
Checking detector protection. dv=0.00103
Checking detector "CDD". Protection Threshold: 0.1 (V)
SetMagnetDAC 5.87880275862 ===>> OK
Magnet settling time: 1.049
GetData ===>> H2,-0.149782414303098,H1,1139.61134470382,AX,140.486677281473,L1,1.78829998743985,L2,0.3502544917...
setting magnet DAC
current  : 5.878803
requested: 5.879837
Delta Dac: 0.001034
Checking detector protection. dv=0.00103
Checking detector "CDD". Protection Threshold: 0.1 (V)
SetMagnetDAC 5.87983724138 ===>> OK
Magnet settling time: 1.049
GetData ===>> H2,-0.00806993229796518,H1,1139.61038660542,AX,140.518700800185,L1,1.81048198468774,L2,0.36764002...
setting magnet DAC
current  : 5.879837
requested: 5.880872
Delta Dac: 0.001034
Checking detector protection. dv=0.00103
Checking detector "CDD". Protection Threshold: 0.1 (V)
SetMagnetDAC 5.88087172414 ===>> OK
Magnet settling time: 1.049
GetData ===>> H2,-0.141803213135856,H1,1139.25230769597,AX,140.280650013018,L1,1.81952963906423,L2,0.3264400662...
setting magnet DAC
current  : 5.880872
requested: 5.881906
Delta Dac: 0.001034
Checking detector protection. dv=0.00103
Checking detector "CDD". Protection Threshold: 0.1 (V)
SetMagnetDAC 5.8819062069 ===>> OK
Magnet settling time: 1.049
GetData ===>> H2,-0.274033214561969,H1,1138.11546596531,AX,139.958625565678,L1,1.82962825980148,L2,0.2990288705...
setting magnet DAC
current  : 5.881906
requested: 5.882941
Delta Dac: 0.001034
Checking detector protection. dv=0.00103
Checking detector "CDD". Protection Threshold: 0.1 (V)
SetMagnetDAC 5.88294068966 ===>> OK
Magnet settling time: 1.049
GetData ===>> H2,-0.12411343771626,H1,1136.70907242278,AX,139.525508130635,L1,1.78363937476713,L2,0.39876845595...
setting magnet DAC
current  : 5.882941
requested: 5.883975
Delta Dac: 0.001034
Checking detector protection. dv=0.00103
Checking detector "CDD". Protection Threshold: 0.1 (V)
SetMagnetDAC 5.88397517241 ===>> OK
Magnet settling time: 1.049
GetData ===>> H2,-0.0735900951091668,H1,1130.59018527935,AX,138.01950982918,L1,1.78410639051678,L2,0.3167015802...
setting magnet DAC
current  : 5.883975
requested: 5.885010
Delta Dac: 0.001034
Checking detector protection. dv=0.00103
Checking detector "CDD". Protection Threshold: 0.1 (V)
SetMagnetDAC 5.88500965517 ===>> OK
Magnet settling time: 1.049
GetData ===>> H2,-0.238433399315619,H1,1107.78001554156,AX,132.869453815215,L1,1.75218472206928,L2,0.2903191342...
setting magnet DAC
current  : 5.885010
requested: 5.886044
Delta Dac: 0.001034
Checking detector protection. dv=0.00103
Checking detector "CDD". Protection Threshold: 0.1 (V)
SetMagnetDAC 5.88604413793 ===>> OK
Magnet settling time: 1.049
GetData ===>> H2,-0.208616925579945,H1,1034.52801272491,AX,117.892954868916,L1,1.53920702545741,L2,0.2070077941...
setting magnet DAC
current  : 5.886044
requested: 5.887079
Delta Dac: 0.001034
Checking detector protection. dv=0.00103
Checking detector "CDD". Protection Threshold: 0.1 (V)
SetMagnetDAC 5.88707862069 ===>> OK
Magnet settling time: 1.049
GetData ===>> H2,-0.174393309567207,H1,861.875905535308,AX,88.7948589887412,L1,1.22890975648672,L2,0.1865150359...
setting magnet DAC
current  : 5.887079
requested: 5.888113
Delta Dac: 0.001034
Checking detector protection. dv=0.00103
Checking detector "CDD". Protection Threshold: 0.1 (V)
SetMagnetDAC 5.88811310345 ===>> OK
Magnet settling time: 1.049
GetData ===>> H2,-0.255822569843902,H1,597.732127614788,AX,53.7905255194224,L1,0.910371980864417,L2,-0.03128576...
setting magnet DAC
current  : 5.888113
requested: 5.889148
Delta Dac: 0.001034
Checking detector protection. dv=0.00103
Checking detector "CDD". Protection Threshold: 0.1 (V)
SetMagnetDAC 5.88914758621 ===>> OK
Magnet settling time: 1.049
GetData ===>> H2,-0.354094168204036,H1,320.442125287855,AX,24.3944468037277,L1,0.605100111693437,L2,0.044282070...
setting magnet DAC
current  : 5.889148
requested: 5.890182
Delta Dac: 0.001034
Checking detector protection. dv=0.00103
Checking detector "CDD". Protection Threshold: 0.1 (V)
SetMagnetDAC 5.89018206897 ===>> OK
Magnet settling time: 1.049
GetData ===>> H2,-0.282942233748239,H1,129.759715909828,AX,8.06236341180309,L1,0.35999508698308,L2,0.0280383753...
setting magnet DAC
current  : 5.890182
requested: 5.891217
Delta Dac: 0.001034
Checking detector protection. dv=0.00103
Checking detector "CDD". Protection Threshold: 0.1 (V)
SetMagnetDAC 5.89121655172 ===>> OK
Magnet settling time: 1.049
GetData ===>> H2,-0.141889621562871,H1,21.10469545191,AX,0.957125634341565,L1,0.161183697298919,L2,-0.091756234...
setting magnet DAC
current  : 5.891217
requested: 5.892251
Delta Dac: 0.001034
Checking detector protection. dv=0.00103
Checking detector "CDD". Protection Threshold: 0.1 (V)
SetMagnetDAC 5.89225103448 ===>> OK
Magnet settling time: 1.049
GetData ===>> H2,-0.26473949263645,H1,5.1815490970023,AX,0.0475171954301447,L1,0.0849140338083585,L2,0.00756112...
setting magnet DAC
current  : 5.892251
requested: 5.893286
Delta Dac: 0.001034
Checking detector protection. dv=0.00103
Checking detector "CDD". Protection Threshold: 0.1 (V)
SetMagnetDAC 5.89328551724 ===>> OK
Magnet settling time: 1.049
GetData ===>> H2,-0.283957939165731,H1,1.08752056686454,AX,-0.149106144534282,L1,0.0546599928715583,L2,-0.03340...
setting magnet DAC
current  : 5.893286
requested: 5.894320
Delta Dac: 0.001034
Checking detector protection. dv=0.00103
Checking detector "CDD". Protection Threshold: 0.1 (V)
SetMagnetDAC 5.89432 ===>> OK
Magnet settling time: 1.049
GetData ===>> H2,-0.214648563213221,H1,0.101046570588337,AX,-0.160688471906115,L1,0.0374170083016262,L2,0.01587...
result of _do_sweep=True
result of _calculate_peak_center=([5.8718049699398804, 5.8795003607214431, 5.8871957515030058], [848.36858065801835, 1139.9880485210556, 831.96784250424366], 5.8777869338677355, 1139.9880485210556)
Failed to find a valid peak. No peak greater than 1.0. max = 0.0261878263023
new center pos Detector(H1) (Ar40) @ 5.87950036072
GetHighVoltage ===>> 4500
GetDeflection H1 ===>> 0
dac uncorrected for HV and deflection 5.87950036072
update mftable H1 Ar40 5.87950036072 message=automated run peakcenter
get initial guess parabolic
get initial guess parabolic
get initial guess parabolic
get initial guess parabolic
get initial guess parabolic
get initial guess parabolic
dump mftable to /Users/jan/PychronDev/setupfiles/spectrometer/mftables/mftable.csv
add to repo msg=modified - automated run peakcenter
sweep finished
locally archiving mftable
setting magnet DAC
current  : 5.894320
requested: 5.879500
Delta Dac: 0.014820
Checking detector protection. dv=0.01482
Checking detector "CDD". Protection Threshold: 0.1 (V)
SetMagnetDAC 5.87950036072 ===>> OK
Magnet settling time: 0.500
setting integration time = 1.048576
SetIntegrationTime 1.048576 ===>> OK
Failed to find a valid peak. No peak greater than 1.0. max = 0.0261878263023
flush and close file /Users/jan/PychronDev/data/isotopes/fc/bd5345-b630-4c53-bc1d-e9b062dfece0.h5
finished measure script
executed snippet estimated_duration=226.132928, duration=272.777132034
jan_unknown120_60.py completed successfully
Measurement Finished
04:17:42 -- ******* Measurement Finished *******
Post Measurement Started jan_pump_ms.py
04:17:42 -- ******* Post Measurement Started jan_pump_ms.py *******
testing...
no interpolation path defined
executed snippet estimated_duration=0, duration=2.69412994385e-05
Pumping spectrometer
open () {'name': 'O'}
opening name=O desc=---
checking ownership. requestor=129.138.12.150
check software interlocks O
interlocks []
actuate state mode=None-script, software_lock=False
doing actuation None-script open_channel True
Open O ===>> OK
GetIndicatorState O ===>> OK
change switch state (True, True)
update switch state O True args=() kw={} ncanvase=2
04:17:42 -- OPEN   VALVE-O (Jan Ion Pump)
---------------------------------------- open O () result=[(True, True)], time=0.12 sec
action=open, ok=True, locked=[False]
executed snippet estimated_duration=0, duration=0.372730970383
jan_pump_ms.py completed successfully
setting _ms_pumptime
Post Measurement Finished
04:17:43 -- ******* Post Measurement Finished *******
$$$$$$$$$$$$$$$$$$$$ state at run end measurement
state changed from measurement to success
post measurement save measured=True aborted=False
Set filtering
setting fod for Ar40= {'filter_outliers': True, 'std_devs': 2, 'iterations': 1}
setting fod for H1= {'filter_outliers': True, 'std_devs': 2, 'iterations': 1}
setting fod for PM41= {'filter_outliers': False, 'std_devs': 2, 'iterations': 1}
setting fod for H2= {'filter_outliers': True, 'std_devs': 2, 'iterations': 1}
setting fod for Ar36= {'filter_outliers': True, 'std_devs': 2, 'iterations': 1}
setting fod for CDD= {'filter_outliers': True, 'std_devs': 10, 'iterations': 1}
setting fod for Ar37= {'filter_outliers': True, 'std_devs': 2, 'iterations': 1}
setting fod for L2= {'filter_outliers': True, 'std_devs': 2, 'iterations': 1}
setting fod for Ar38= {'filter_outliers': True, 'std_devs': 2, 'iterations': 1}
setting fod for L1= {'filter_outliers': True, 'std_devs': 2, 'iterations': 1}
setting fod for Ar39= {'filter_outliers': True, 'std_devs': 2, 'iterations': 1}
setting fod for AX= {'filter_outliers': True, 'std_devs': 2, 'iterations': 1}
persistence save...
persistence save - db
post measurement save
7692486608 connecting to database sqlite:////Users/jan/PychronDev/.appdata/local_lab.db
connected to db sqlite:////Users/jan/PychronDev/.appdata/local_lab.db
create new session 7692486608
close session 7692486608
No database instance. Not saving post measurement to isotopedb database
$$$$$$$$$$$$$$$ auto_save_detector_ic=False
massspec enabled True
create new session 4979675504
MassSpec Database Version: 16.0
close session 4979675504
saving post measurement to secondary database
saving to massspec database 129.138.12.160/massspecdata
setting labnumber to 25347
setting aliquot to 4
setting step to 
setting uuid to fcbd5345-b630-4c53-bc1d-e9b062dfece0
setting irradpos to 25347
setting extract_device to Fusions CO2
setting tray to 
setting position to 214
setting power_requested to 5.0
setting extract_value to 5.0
setting duration to 30.0
setting duration_at_request to 30.0
setting first_stage_delay to 30.0
setting cleanup to 30.0
setting comment to Q:12
setting irradiation to NM-288
setting level to Q
setting irradiation_level to Q
setting sample to FC-2
setting material to Sanidine
setting project to Irradiation-NM-288
setting mass_spectrometer to Jan
no attribute chron_dosages
no attribute production_ratios
no attribute interference_corrections
no attribute production_name
no attribute j
Reference Isotope=Ar40
Reference Detector=H1
%%%%%%%%%%%%%%%%%%%% Comment: Q:12 %%%%%%%%%%%%%%%%%%%
adding isotope PM41 H2
add baseline dbdet= PM41. original det= H2
get baseline data PM41 H2
Get data baseline <pychron.processing.isotope.Baseline object at 0x1bb95ae50> len t=60
baseline PM41. v=-0.191355147796, e=0.00787760846817
get signal data PM41 H2
Get data signal PM41 0.08+/-0.08 len t=120
adding isotope Ar40 H1
add baseline dbdet= Ar40. original det= H1
get baseline data Ar40 H1
Get data baseline <pychron.processing.isotope.Baseline object at 0x1bb980090> len t=60
baseline Ar40. v=-0.00289687056085, e=0.00566017192226
get signal data Ar40 H1
Get data signal Ar40 1254.37+/-0.06 len t=120
adding isotope Ar39 AX
add baseline dbdet= Ar39. original det= AX
get baseline data Ar39 AX
Get data baseline <pychron.processing.isotope.Baseline object at 0x1bb980250> len t=60
baseline Ar39. v=-0.0718116881273, e=0.007062977325
get signal data Ar39 AX
Get data signal Ar39 154.037+/-0.027 len t=120
adding isotope Ar38 L1
add baseline dbdet= Ar38. original det= L1
get baseline data Ar38 L1
Get data baseline <pychron.processing.isotope.Baseline object at 0x1bb980410> len t=60
baseline Ar38. v=-0.0226148395741, e=0.00287245329563
get signal data Ar38 L1
Get data signal Ar38 1.985+/-0.005 len t=120
adding isotope Ar37 L2
add baseline dbdet= Ar37. original det= L2
get baseline data Ar37 L2
Get data baseline <pychron.processing.isotope.Baseline object at 0x1bb9805d0> len t=60
baseline Ar37. v=-0.0304994162845, e=0.00560871679562
get signal data Ar37 L2
Get data signal Ar37 0.371+/-0.010 len t=120
adding isotope Ar36 CDD
add baseline dbdet= Ar36. original det= CDD
get baseline data Ar36 CDD
Get data baseline <pychron.processing.isotope.Baseline object at 0x1bb980790> len t=60
baseline Ar36. v=0.000265476654709, e=2.69689539806e-05
get signal data Ar36 CDD
Get data signal Ar36 0.01754+/-0.00035 len t=120
25347-04 added analysis time 0.516263008118s
analysis added to mass spec database
mass spec save time= 0.524
persistence save - dvc
================= post measurement started
create new session 4982376208
close session 4982376208
---------------- Experiment Queue saving disabled
DVC saving peakcenter
Failed to find a valid peak. No peak greater than 1.0. max = 0.0261878263023
Smart pull ahead: 0 behind: 0
Up-to-date with origin
add to repo msg=modified - ad8224ebc6dbfeb9f5997218dfa5fe690569839d.json
add to repo msg=modified - 47-04.json
add to repo msg=modified - 47-04.dat.json
add to repo msg=modified - 47-04.blan.json
add to repo msg=modified - 47-04.inte.json
add to repo msg=modified - 47-04.icfa.json
add to repo msg=modified - 47-04.base.json
not at valid file /Users/jan/PychronDev/data/.dvc/repositories/Load1788/253/tags/47-04.tags.json
add to repo msg=modified - 47-04.peak.json
add to repo msg=modified - 47-04.extr.json
not at valid file /Users/jan/PychronDev/data/.dvc/repositories/Load1788/253/monitor/47-04.moni.json
commit message=<COLLECTION>
add to repo msg=modified - 47-04.inte.json
add to repo msg=modified - 47-04.base.json
commit message=<ISOEVO> default collection fits
add to repo msg=modified - 47-04.blan.json
commit message=<BLANKS> preceding bu-FC-J-7711
add to repo msg=modified - 47-04.icfa.json
commit message=<ICFactor> default
push repository <pychron.git_archive.repo_manager.GitRepoManager object at 0x1674e9bf0>
pushing to remote=origin, url=https://github.com
no changes to meta repo
create new session 4982376208
add association Load1788
get identifier "25347"
setting analysis irradiation position=<pychron.dvc.dvc_orm.IrradiationPositionTbl object at 0x1bdc93e10>
close session 4982376208
================= post measurement finished
04:17:57 -- ******* Post Run Check *******
loading queue conditionals post_run_actions
loading system conditionals post_run_actions
loading conditionals from /Users/jan/PychronDev/setupfiles/spectrometer/default_conditionals.yaml
loading queue conditionals post_run_terminations
loading system conditionals post_run_terminations
loading conditionals from /Users/jan/PychronDev/setupfiles/spectrometer/default_conditionals.yaml
Checking default post run terminations n=1
GetDeflection CDD ===>> 50
testing CDD==2000
evaluate ot="CDD.deflection==2000" t="CDD==2000", ctx="{'CDD': 50.0}"
04:17:57 -- ******* Post Run Check Passed *******
04:17:57 -- Automated run 25347-04 success duration: 369.812 s
----------------- finish -----------------
----------------- stop -----------------
retroactive repository identifiers disabled
finish run. runs completed=124
update duration runid=25347-04, duration=369.811610937, md5=301e91d8
loading script "jan_unknown400_120.py"
loading script "jan_pump_ms.py"
loading script "jan_cocktail_x1.py"
loading script "jan_pump_extraction_line.py"
testing...
no interpolation path defined
executed snippet estimated_duration=556.052928, duration=0.000211954116821
script duration name:unknown400_120 seconds:556.0
loading script "jan_unknown400_120.py"
loading script "jan_pump_ms.py"
loading script "jan_cocktail_x1.py"
loading script "jan_pump_extraction_line.py"
testing...
no interpolation path defined
executed snippet estimated_duration=0, duration=5.79357147217e-05
loading script "jan_unknown400_120.py"
loading script "jan_pump_ms.py"
loading script "jan_cocktail_x1.py"
loading script "jan_pump_extraction_line.py"
testing...
no interpolation path defined
calculate duration
testing...
no interpolation path defined
executed snippet estimated_duration=0, duration=5.10215759277e-05
calculate duration
testing...
no interpolation path defined
executed snippet estimated_duration=0, duration=0.000102996826172
calculate duration
testing...
no interpolation path defined
executed snippet estimated_duration=32.0, duration=0.000109910964966
calculate duration
testing...
no interpolation path defined
executed snippet estimated_duration=34.0, duration=0.000112056732178
calculate duration
testing...
no interpolation path defined
executed snippet estimated_duration=4.0, duration=8.01086425781e-05
calculate duration
testing...
no interpolation path defined
executed snippet estimated_duration=38.0, duration=0.000102043151855
executed snippet estimated_duration=108.0, duration=0.00828099250793
script duration name:cocktail_x1 seconds:108.0
loading script "jan_unknown400_120.py"
loading script "jan_pump_ms.py"
loading script "jan_cocktail_x1.py"
loading script "jan_pump_extraction_line.py"
testing...
no interpolation path defined
calculate duration
testing...
no interpolation path defined
executed snippet estimated_duration=4.0, duration=0.000158071517944
executed snippet estimated_duration=4.0, duration=0.00560307502747
Script duration 664.0
Run total estimated duration= 665.000
loading script "jan_unknown120_60.py"
loading script "jan_pump_ms.py"
loading script "jan_co2.py"
loading script "jan_pump_extraction_line.py"
testing...
no interpolation path defined
executed snippet estimated_duration=213.652928, duration=0.0001540184021
script duration name:unknown120_60 seconds:214.0
pump_ms in script context. using previous estimated duration
loading script "jan_unknown120_60.py"
loading script "jan_pump_ms.py"
loading script "jan_co2.py"
loading script "jan_pump_extraction_line.py"
testing...
no interpolation path defined
calculate duration
testing...
no interpolation path defined
executed snippet estimated_duration=0, duration=6.60419464111e-05
calculate duration
testing...
no interpolation path defined
executed snippet estimated_duration=0, duration=9.89437103271e-05
executed snippet estimated_duration=0.0, duration=0.00392508506775
script duration name:co2 seconds:0.0
pump_extraction_line in script context. using previous estimated duration
Script duration 214.0
Run total estimated duration= 215.000
unknown120_60 in script context. using previous estimated duration
script duration name:unknown120_60 seconds:214.0
co2 in script context. using previous estimated duration
script duration name:co2 seconds:0.0
Script duration 214.0
Run total estimated duration= 215.000
script duration name:unknown120_60 seconds:214.0
script duration name:co2 seconds:0.0
Script duration 214.0
Run total estimated duration= 215.000
script duration name:unknown120_60 seconds:214.0
script duration name:co2 seconds:0.0
Script duration 214.0
Run total estimated duration= 215.000
script duration name:unknown120_60 seconds:214.0
script duration name:co2 seconds:0.0
Script duration 214.0
Run total estimated duration= 215.000
script duration name:unknown120_60 seconds:214.0
script duration name:co2 seconds:0.0
Script duration 214.0
Run total estimated duration= 215.000
unknown400_120 in script context. using previous estimated duration
script duration name:unknown400_120 seconds:556.0
script duration name:co2 seconds:0.0
Script duration 556.0
Run total estimated duration= 557.000
script duration name:unknown400_120 seconds:556.0
loading script "jan_unknown400_120.py"
loading script "jan_pump_ms.py"
loading script "jan_sniffair_x2.py"
loading script "jan_pump_extraction_line.py"
testing...
no interpolation path defined
calculate duration
testing...
no interpolation path defined
executed snippet estimated_duration=0, duration=4.91142272949e-05
calculate duration
testing...
no interpolation path defined
executed snippet estimated_duration=0, duration=9.98973846436e-05
calculate duration
testing...
no interpolation path defined
executed snippet estimated_duration=32.0, duration=9.01222229004e-05
calculate duration
testing...
no interpolation path defined
executed snippet estimated_duration=34.0, duration=0.000117063522339
calculate duration
testing...
no interpolation path defined
executed snippet estimated_duration=4.0, duration=6.60419464111e-05
calculate duration
testing...
no interpolation path defined
executed snippet estimated_duration=36.0, duration=0.000102996826172
calculate duration
testing...
no interpolation path defined
executed snippet estimated_duration=34.0, duration=0.000103950500488
calculate duration
testing...
no interpolation path defined
executed snippet estimated_duration=4.0, duration=8.60691070557e-05
calculate duration
testing...
no interpolation path defined
executed snippet estimated_duration=36.0, duration=0.000142812728882
calculate duration
testing...
no interpolation path defined
executed snippet estimated_duration=70.0, duration=9.60826873779e-05
executed snippet estimated_duration=250.0, duration=0.0244400501251
script duration name:sniffair_x2 seconds:250.0
Script duration 806.0
Run total estimated duration= 807.000
script duration name:unknown400_120 seconds:556.0
sniffair_x2 in script context. using previous estimated duration
script duration name:sniffair_x2 seconds:250.0
Script duration 806.0
Run total estimated duration= 807.000
loading script "jan_ic_peak_hop3.py"
loading script "jan_pump_ms.py"
loading script "jan_sniffair_x1.py"
loading script "jan_pump_extraction_line.py"
testing...
no interpolation path defined
executed snippet estimated_duration=133.8, duration=0.00887203216553
script duration name:ic_peak_hop3 seconds:134.0
loading script "jan_ic_peak_hop3.py"
loading script "jan_pump_ms.py"
loading script "jan_sniffair_x1.py"
loading script "jan_pump_extraction_line.py"
testing...
no interpolation path defined
calculate duration
testing...
no interpolation path defined
executed snippet estimated_duration=0, duration=0.000109910964966
calculate duration
testing...
no interpolation path defined
executed snippet estimated_duration=0, duration=8.89301300049e-05
calculate duration
testing...
no interpolation path defined
executed snippet estimated_duration=32.0, duration=8.82148742676e-05
calculate duration
testing...
no interpolation path defined
executed snippet estimated_duration=34.0, duration=8.51154327393e-05
calculate duration
testing...
no interpolation path defined
executed snippet estimated_duration=4.0, duration=6.00814819336e-05
calculate duration
testing...
no interpolation path defined
executed snippet estimated_duration=70.0, duration=0.000100135803223
executed snippet estimated_duration=140.0, duration=0.00956392288208
script duration name:sniffair_x1 seconds:140.0
Script duration 274.0
Run total estimated duration= 275.000
script duration name:unknown120_60 seconds:214.0
script duration name:co2 seconds:0.0
Script duration 214.0
Run total estimated duration= 215.000
script duration name:unknown120_60 seconds:214.0
script duration name:co2 seconds:0.0
Script duration 214.0
Run total estimated duration= 215.000
nruns=13 before=5.0, run_dur=4831.0, btw=540.0
write rem/ex queues
/Users/jan/PychronDev/experiments/rem/CurrentExperiment.rem.txt
/Users/jan/PychronDev/experiments/rem/CurrentExperiment.ex.txt
doing event level: 3
