do run
loading script "jan_unknown120_60.py"
loading script "jan_pump_ms.py"
loading script "jan_co2.py"
loading script "jan_pump_extraction_line.py"
testing...
no interpolation path defined
executed snippet estimated_duration=213.652928, duration=0.000246047973633
script duration name:unknown120_60 seconds:214.0
loading script "jan_unknown120_60.py"
loading script "jan_pump_ms.py"
loading script "jan_co2.py"
loading script "jan_pump_extraction_line.py"
testing...
no interpolation path defined
executed snippet estimated_duration=0, duration=2.31266021729e-05
loading script "jan_unknown120_60.py"
loading script "jan_pump_ms.py"
loading script "jan_co2.py"
loading script "jan_pump_extraction_line.py"
testing...
no interpolation path defined
calculate duration
testing...
no interpolation path defined
executed snippet estimated_duration=0, duration=8.48770141602e-05
calculate duration
testing...
no interpolation path defined
executed snippet estimated_duration=0, duration=8.70227813721e-05
executed snippet estimated_duration=0.0, duration=0.002760887146
script duration name:co2 seconds:0.0
loading script "jan_unknown120_60.py"
loading script "jan_pump_ms.py"
loading script "jan_co2.py"
loading script "jan_pump_extraction_line.py"
testing...
no interpolation path defined
calculate duration
testing...
no interpolation path defined
executed snippet estimated_duration=4.0, duration=0.000149011611938
executed snippet estimated_duration=4.0, duration=0.00128483772278
Script duration 214.0
Run total estimated duration= 215.000
run duration: 0:03:35
doing event level: 2
04:31:26 -- Setting default integration. t=1.048576
setting integration time = 1.048576
SetIntegrationTime 1.048576 ===>> OK
----------------- start -----------------
**************** Experiment Type: Ar/Ar, Ar/Ar
create new session 4419362736
close session 4419362736
$$$$$ Clearing conditionals
adding conditionals 
Add queue conditionals
add default conditionals
adding default conditionals from /Users/jan/PychronDev/setupfiles/spectrometer/default_conditionals.yaml
Start automated run 25347-05
loading script "jan_unknown120_60.py"
loading script "jan_pump_ms.py"
loading script "jan_co2.py"
loading script "jan_pump_extraction_line.py"
%%%%%%%%%%%%%%%%%% setting automated run 25347-05
No value "sensitivity_multiplier" in metadata
$$$$$$$$$$$$$$$ auto_save_detector_ic=False
============================= Pre Extraction Check =============================
loading queue conditionals pre_run_terminations
loading system conditionals pre_run_terminations
loading conditionals from /Users/jan/PychronDev/setupfiles/spectrometer/default_conditionals.yaml
04:31:26 -- ******* Pre Extraction Check *******
Get a measurement from the spectrometer
GetData ===>> H2,-0.120310292298671,H1,0.0258977181756272,AX,-0.0442465136918979,L1,-0.0471194553809172,L2,0.03...
Pre Extraction Termination data. keys=H2,H1,AX,L1,L2,CDD, signals=-0.12031,0.02590,-0.04425,-0.04712,0.03404,0.00298
04:31:26 -- testing system defined conditionals
Checking default pre extraction terminations n=2
testing CDD
evaluate ot="CDD.inactive" t="CDD", ctx="{'CDD': False}"
GetDeflection CDD ===>> 50
testing CDD==2000
evaluate ot="CDD.deflection==2000" t="CDD==2000", ctx="{'CDD': 50.0}"
04:31:26 -- ******* Pre Extraction Check Passed *******
=================================================================================
04:31:26 -- stopping status monitor
stop 4976433200
Alive clients [4982646160]
04:31:26 -- starting status monitor
start 4976433200
Monitor already running
start extraction
do extraction
Analysis started at 04:31:26.212499
Extraction Started jan_co2.py
04:31:26 -- ******* Extraction Started jan_co2.py *******
state changed from not run to extraction
DO EXTRACTION <pychron.extraction_line.pyscript_runner.RemotePyScriptRunner object at 0x12b9a8890>
testing...
no interpolation path defined
calculate duration
testing...
no interpolation path defined
executed snippet estimated_duration=0, duration=4.79221343994e-05
calculate duration
testing...
no interpolation path defined
executed snippet estimated_duration=0, duration=9.70363616943e-05
executed snippet estimated_duration=100.0, duration=0.00254702568054
Jan CO2 laser analysis
doing GOSUB
testing...
no interpolation path defined
executed snippet estimated_duration=0, duration=7.20024108887e-05
Waiting for CO2 access
wait ('FelixCO2Flag', 0) {}
waiting for FelixCO2Flag = 0
Read FelixCO2Flag ===>> 0
finished waiting
CO2 free
wait ('CO2PumpTimeFlag', 0) {}
waiting for CO2PumpTimeFlag = 0
Read CO2PumpTimeFlag ===>> 0
finished waiting
acquire ('JanCO2Flag',) {'clear': True}
acquire JanCO2Flag
Set JanCO2Flag 1 ===>> OK
JanCO2Flag acquired
set extraction state False (0.75, 'red', 1.5)
CO2 acquired
executed snippet estimated_duration=0, duration=0.0190210342407
WaitForCO2Access.py completed successfully
gosub finished
doing GOSUB
testing...
no interpolation path defined
executed snippet estimated_duration=0, duration=0.000153064727783
Prepare for CO2 analysis
close () {'description': 'Jan Inlet'}
closing name=--- desc=Jan Inlet
checking ownership. requestor=129.138.12.150
check software interlocks R
interlocks []
actuate state mode=None-script, software_lock=False
doing actuation None-script close_channel False
Close R ===>> OK
GetIndicatorState R ===>> False
change switch state (True, True)
update switch state R False args=() kw={} ncanvase=2
04:31:26 -- CLOSE  VALVE-R (Jan Inlet)
---------------------------------------- close None (Jan Inlet) result=[(True, True)]
action=close, ok=True, locked=[False]
open () {'description': 'Jan Ion Pump'}
opening name=--- desc=Jan Ion Pump
checking ownership. requestor=129.138.12.150
check software interlocks O
interlocks []
actuate state mode=None-script, software_lock=False
doing actuation None-script open_channel False
Open O ===>> OK
GetIndicatorState O ===>> OK
change switch state (True, True)
update switch state O True args=() kw={} ncanvase=2
04:31:27 -- OPEN   VALVE-O (Jan Ion Pump)
---------------------------------------- open None (Jan Ion Pump) result=[(True, True)], time=0.11 sec
action=open, ok=True, locked=[False]
close () {'description': 'Microbone to Minibone'}
closing name=--- desc=Microbone to Minibone
checking ownership. requestor=129.138.12.150
check software interlocks L
interlocks []
actuate state mode=None-script, software_lock=False
doing actuation None-script close_channel False
Close L ===>> OK
GetIndicatorState L ===>> False
change switch state (True, True)
update switch state L False args=() kw={} ncanvase=2
04:31:27 -- CLOSE  VALVE-L (Microbone to Minibone)
---------------------------------------- close None (Microbone to Minibone) result=[(True, True)]
action=close, ok=True, locked=[False]
open () {'description': 'Microbone to Turbo'}
opening name=--- desc=Microbone to Turbo
checking ownership. requestor=129.138.12.150
check software interlocks U
interlocks []
actuate state mode=None-script, software_lock=False
doing actuation None-script open_channel False
Open U ===>> OK
GetIndicatorState U ===>> OK
change switch state (True, True)
update switch state U True args=() kw={} ncanvase=2
04:31:28 -- OPEN   VALVE-U (Microbone to Turbo)
---------------------------------------- open None (Microbone to Turbo) result=[(True, True)], time=0.13 sec
action=open, ok=True, locked=[False]
open () {'description': 'Microbone to Inlet Pipette'}
opening name=--- desc=Microbone to Inlet Pipette
checking ownership. requestor=129.138.12.150
check software interlocks S
interlocks []
actuate state mode=None-script, software_lock=False
doing actuation None-script open_channel False
Open S ===>> OK
GetIndicatorState S ===>> OK
change switch state (True, True)
update switch state S True args=() kw={} ncanvase=2
04:31:28 -- OPEN   VALVE-S (Microbone to Inlet Pipette)
---------------------------------------- open None (Microbone to Inlet Pipette) result=[(True, True)], time=0.41 sec
action=open, ok=True, locked=[False]
open () {'description': 'Microbone to Getter D-50'}
opening name=--- desc=Microbone to Getter D-50
checking ownership. requestor=129.138.12.150
check software interlocks K
interlocks []
actuate state mode=None-script, software_lock=False
doing actuation None-script open_channel False
Open K ===>> OK
GetIndicatorState K ===>> OK
change switch state (True, True)
update switch state K True args=() kw={} ncanvase=2
04:31:29 -- OPEN   VALVE-K (Microbone to Getter D-50)
---------------------------------------- open None (Microbone to Getter D-50) result=[(True, True)], time=0.41 sec
action=open, ok=True, locked=[False]
open () {'description': 'Microbone to Getter NP-10'}
opening name=--- desc=Microbone to Getter NP-10
checking ownership. requestor=129.138.12.150
check software interlocks M
interlocks []
actuate state mode=None-script, software_lock=False
doing actuation None-script open_channel False
Open M ===>> OK
GetIndicatorState M ===>> OK
change switch state (True, True)
update switch state M True args=() kw={} ncanvase=2
04:31:29 -- OPEN   VALVE-M (Microbone to Getter NP-10)
---------------------------------------- open None (Microbone to Getter NP-10) result=[(True, True)], time=0.16 sec
action=open, ok=True, locked=[False]
close () {'description': 'CO2 Laser to Felix'}
closing name=--- desc=CO2 Laser to Felix
checking ownership. requestor=129.138.12.150
check software interlocks F
interlocks []
actuate state mode=None-script, software_lock=True
VALVE-F(CO2 Laser to Felix) software locked
change switch state (True, False)
---------------------------------------- close None (CO2 Laser to Felix) result=[(True, False)]
action=close, ok=True, locked=[True]
open () {'description': 'CO2 Laser to Jan'}
opening name=--- desc=CO2 Laser to Jan
checking ownership. requestor=129.138.12.150
check software interlocks A
interlocks []
actuate state mode=None-script, software_lock=False
doing actuation None-script open_channel False
Open A ===>> OK
GetIndicatorState A ===>> OK
change switch state (True, True)
update switch state A True args=() kw={} ncanvase=2
04:31:30 -- OPEN   VALVE-A (CO2 Laser to Jan)
---------------------------------------- open None (CO2 Laser to Jan) result=[(True, True)], time=0.17 sec
action=open, ok=True, locked=[False]
open () {'description': 'Microbone to CO2 Laser'}
opening name=--- desc=Microbone to CO2 Laser
checking ownership. requestor=129.138.12.150
check software interlocks T
interlocks []
actuate state mode=None-script, software_lock=False
doing actuation None-script open_channel False
Open T ===>> OK
GetIndicatorState T ===>> OK
change switch state (True, True)
update switch state T True args=() kw={} ncanvase=2
04:31:30 -- OPEN   VALVE-T (Microbone to CO2 Laser)
---------------------------------------- open None (Microbone to CO2 Laser) result=[(True, True)], time=0.43 sec
action=open, ok=True, locked=[False]
executed snippet estimated_duration=0, duration=5.00769615173
PrepareForCO2Analysis.py completed successfully
gosub finished
set_motor ('beam', '1.25') {}
setting motor "beam" to 1.25
set motor beam to 1.25
SetMotor beam,1.25 ===>> OK
GetMotorMoving beam ===>> False
GetMotorMoving beam ===>> False
Block completed
move_to_position ('215',) {'autocenter': True}
FusionsCO2 move to position 215
sending GoToHole 215,True
GoToHole 215,True ===>> OK
GetDriveMoving ===>> OK
GetDriveMoving ===>> OK
GetDriveMoving ===>> OK
GetDriveMoving ===>> OK
GetDriveMoving ===>> OK
GetDriveMoving ===>> OK
GetDriveMoving ===>> OK
GetDriveMoving ===>> False
GetDriveMoving ===>> OK
GetDriveMoving ===>> OK
GetDriveMoving ===>> OK
GetDriveMoving ===>> OK
GetDriveMoving ===>> OK
GetDriveMoving ===>> False
Block completed
GetAutoCorrecting ===>> False
GetAutoCorrecting ===>> False
Block completed
update position
GetPosition ===>> 5.98170,-13.95730,1.00000
got position (5.9817, -13.9573, 1.0)
move to position succeeded
sleep (5,) {}
SLEEP 5.0
block started
WaitControl setup for 5.0  
Join finished
block finished. duration 5.03637599945
close () {'description': 'Microbone to Turbo'}
closing name=--- desc=Microbone to Turbo
checking ownership. requestor=129.138.12.150
check software interlocks U
interlocks []
actuate state mode=None-script, software_lock=False
doing actuation None-script close_channel True
Close U ===>> OK
GetIndicatorState U ===>> False
change switch state (True, True)
update switch state U False args=() kw={} ncanvase=2
04:31:42 -- CLOSE  VALVE-U (Microbone to Turbo)
---------------------------------------- close None (Microbone to Turbo) result=[(True, True)]
action=close, ok=True, locked=[False]
enable laser
enable () {}
set extraction state FusionsCO2 Enabled (False, 'red', 1.5)
enabling laser
Enable ===>> OK
begin interval
BEGIN INTERVAL Interval 1 waiting for 30.0
block started
WaitControl setup for 30.0  
set extract to 5.0
extract (5.0,) {}
GetPosition ===>> 5.98170,-13.95730,1.00000
set extraction state FusionsCO2 ON! 5.0(watts) (0.75, 'red', 1.5)
extract sample to 5.0 (watts)
set laser output
SetLaserOutput 5.0,watts ===>> OK
executing pattern triangle.lp
execute_pattern ('triangle.lp',) {}
executing pattern triangle.lp
IsPatterning ===>> OK
IsPatterning ===>> OK
IsPatterning ===>> OK
IsPatterning ===>> OK
IsPatterning ===>> OK
IsPatterning ===>> OK
IsPatterning ===>> OK
IsPatterning ===>> OK
IsPatterning ===>> OK
IsPatterning ===>> OK
IsPatterning ===>> OK
IsPatterning ===>> OK
IsPatterning ===>> OK
IsPatterning ===>> OK
IsPatterning ===>> OK
IsPatterning ===>> OK
IsPatterning ===>> OK
IsPatterning ===>> OK
IsPatterning ===>> OK
IsPatterning ===>> OK
IsPatterning ===>> OK
IsPatterning ===>> OK
IsPatterning ===>> OK
IsPatterning ===>> OK
IsPatterning ===>> OK
IsPatterning ===>> OK
IsPatterning ===>> False
IsPatterning ===>> False
Block completed
COMPLETE INTERVAL waiting for Interval 1 to complete
Join finished
block finished. duration 30.1119918823
Interval 1 finished
end_extract () {}
ending extraction. set laser power to 0
set laser power 0
SetLaserPower 0 ===>> OK
disable () {}
%%%%%%%%%%%%%%%%%%%%%%%%%%%%%%%%%%% disable
set extraction state False (0.75, 'red', 1.5)
disabling laser
Disable ===>> OK
sleep (30.0,) {}
SLEEP 30.0
block started
WaitControl setup for 30.0  
Join finished
block finished. duration 30.0942771435
executed snippet estimated_duration=166.5, duration=77.8511841297
jan_co2.py completed successfully
GetAchievedOutput ===>> No Response
Requested Output= 0.000
Achieved Output=  0.000
GetResponseBlob ===>> No Response
GetOutputBlob ===>> No Response
persistence save...
persistence save - db
AutomatedRunPersister post_extraction_save deprecated
persistence save - dvc
no extraction position for 215
create new session 4982376208
close session 4982376208
Extraction Finished
04:32:44 -- ******* Extraction Finished *******
no overlap. not waiting for min ms pumptime
04:32:44 -- Sending spectrometer configuration
======== Sending configuration ========
SetDeflection CDD,50.0 ===>> OK
SetDeflection H2,0.0 ===>> OK
SetDeflection H1,0.0 ===>> OK
SetDeflection L2,825.0 ===>> OK
SetDeflection L1,400.0 ===>> OK
SetDeflection AX,190.0 ===>> OK
SetZFocus 74.64 ===>> OK
SetZSymmetry -50.72 ===>> OK
SetExtractionLens 26.13 ===>> OK
SetIonRepeller -3.81 ===>> OK
SetElectronEnergy 75.08 ===>> OK
SetYSymmetry -2.81 ===>> OK
SetIonCounterVoltage 1590.0 ===>> OK
send trap current 200.0
GetParameter Trap Current Readback ===>> 198.035158395898
SetParameter Trap Current Set,200.0 ===>> OK
updating mftable name mftable
Using mftable located at /Users/jan/PychronDev/setupfiles/spectrometer/mftables/mftable.csv
============ MFtable ===========
Isotope  H2     H1     AX     L1     L2     CDD    
Ar40     5.8016 5.8796 5.9928 6.1415 6.2313 6.3697
Ar39     5.7008 5.7718 5.8853 6.0275 6.1164 6.2562
Ar36     5.3783 5.4408 5.5486 5.6864 5.7714 5.9073
================================
get initial guess parabolic
get initial guess parabolic
get initial guess parabolic
get initial guess parabolic
get initial guess parabolic
get initial guess parabolic
======== Configuration Finished ========
GetYSymmetry ===>> -2.81
GetZSymmetry ===>> -50.72
GetParameter Trap Current Readback ===>> 198.035158395898
GetHighVoltage ===>> 4500
start measurement
do measurement
L#=25347 analysis type=unknown
Measurement Started jan_unknown120_60.py
04:32:44 -- ******* Measurement Started jan_unknown120_60.py *******
state changed from extraction to measurement
setting spec, defl, and gains
GetExtractionLens ===>> 26.13
GetYSymmetry ===>> -2.81
GetZSymmetry ===>> -50.72
GetZFocus ===>> 74.64
GetDeflection H2 ===>> 0
GetDeflection H1 ===>> 0
GetDeflection AX ===>> 190
GetDeflection L1 ===>> 400
GetDeflection L2 ===>> 825
GetDeflection CDD ===>> 50
GetGain H2 ===>> 0.0113
GetGain H1 ===>> 0.1
GetGain AX ===>> 0.097049
GetGain L1 ===>> 0.010355
GetGain L2 ===>> 0.095649
GetGain CDD ===>> 0
pre measurement save
New frame /Users/jan/PychronDev/data/isotopes/6c/479fad-715a-4ca9-8309-ae93a67ff5d6.h5
flush and close file /Users/jan/PychronDev/data/isotopes/6c/479fad-715a-4ca9-8309-ae93a67ff5d6.h5
testing...
no interpolation path defined
executed snippet estimated_duration=226.132928, duration=0.000217914581299
unknown measurement script
activate_detectors ('H2', 'H1', 'AX', 'L1', 'L2', 'CDD') {}
activate detectors
*************** Set Analysis View Ar/Ar
create graphs
clearing graphs
clear isotope group
setting isotope det=H2, iso=PM41
setting isotope det=H1, iso=Ar40
setting isotope det=AX, iso=Ar39
setting isotope det=L1, iso=Ar38
setting isotope det=L2, iso=Ar37
setting isotope det=CDD, iso=Ar36
setting previous blanks
 - setting Ar40 blank 0.188+/-0.007
 - setting Ar36 blank 0.00429+/-0.00017
 - setting Ar37 blank 0.047+/-0.005
 - setting Ar38 blank 0.0098+/-0.0021
 - setting PM41 blank 0.02+/-0.06
 - setting Ar39 blank 0.013+/-0.009
load analysis view
position_magnet ('Ar40',) {'detector': 'H1'}
detector Detector(H1)
POSITION Ar40 H1
setting detector H2 to PM41 (40.9624)
setting detector H1 to Ar40 (39.9624)
setting detector AX to Ar39 (38.9624)
setting detector L1 to Ar38 (37.9624)
setting detector L2 to Ar37 (36.9624)
setting detector CDD to Ar36 (35.9624)
Mapping mass to dac mass func: "parabolic"
H1 map mass coeffs = [-0.00063987  0.15840543  0.57116999]
H1 map mass to dac 39.9624 >> 5.87956
GetDeflection H1 ===>> 0
GetHighVoltage ===>> 4500
positioning Ar40 (5.87956) on H1
setting magnet DAC
current  : 5.879560
requested: 5.879560
Delta Dac: 0.000000
Checking detector protection. dv=0.00000
Checking detector "CDD". Protection Threshold: 0.1 (V)
SetMagnetDAC 5.87956 ===>> OK
Magnet settling time: 0.500
equilibrate () {'delay': 3, 'inlet': 'R', 'outlet': 'O', 'eqtime': 12.0}
Equilibration Started
04:32:46 -- ******* Equilibration Started *******
checking ownership. requestor=129.138.12.150
check software interlocks O
interlocks []
actuate state mode=None-script, software_lock=False
doing actuation None-script close_channel True
Close O ===>> OK
GetIndicatorState O ===>> False
change switch state (True, True)
update switch state O False args=() kw={} ncanvase=2
04:32:46 -- CLOSE  VALVE-O (Jan Ion Pump)
waiting 3s before opening inlet value ('R',)
update labels <pychron.experiment.plot_panel.PlotPanel object at 0x1cb16a4d0>
update labels "<pychron.graph.stacked_regression_graph.StackedRegressionGraph object at 0x1b4fa8410>"
setting label 0 H2 PM41
setting label 1 H1 Ar40
setting label 2 AX Ar39
setting label 3 L1 Ar38
setting label 4 L2 Ar37
setting label 5 CDD Ar36
update labels "<pychron.graph.stacked_graph.StackedGraph object at 0x1ca6bb9b0>"
setting label 0 H2 PM41
setting label 1 H1 Ar40
setting label 2 AX Ar39
setting label 3 L1 Ar38
setting label 4 L2 Ar37
setting label 5 CDD Ar36
checking ownership. requestor=129.138.12.150
check software interlocks R
interlocks []
actuate state mode=None-script, software_lock=False
doing actuation None-script open_channel True
Open R ===>> OK
GetIndicatorState R ===>> OK
change switch state (True, True)
update switch state R True args=() kw={} ncanvase=2
04:32:49 -- OPEN   VALVE-R (Jan Inlet)
equilibrating for 12.0sec
set_time_zero () {}
sniff (12.0,) {}
py_sniff
build tables- sniff [Detector(H2), Detector(H1), Detector(AX), Detector(L1), Detector(L2), Detector(CDD)]
add group /sniff/PM41 (Group) '' table H2
add group /sniff/Ar40 (Group) '' table H1
add group /sniff/Ar39 (Group) '' table AX
add group /sniff/Ar38 (Group) '' table L1
add group /sniff/Ar37 (Group) '' table L2
add group /sniff/Ar36 (Group) '' table CDD
flush and close file /Users/jan/PychronDev/data/isotopes/6c/479fad-715a-4ca9-8309-ae93a67ff5d6.h5
measuring sniff. ncounts=12.0
"sniff" increment series count="1" fit count="0" regressing="False"
starting measurement
GetData ===>> H2,-0.301998318055552,H1,0.0020491513905931,AX,-0.102102489951515,L1,-0.0258081914737216,L2,-0.02...
GetData ===>> H2,0.198633801187691,H1,527.97961414157,AX,70.3004475906304,L1,0.250895038189562,L2,0.42890000740...
GetData ===>> H2,0.88284615347968,H1,1977.35244211734,AX,254.719818237994,L1,1.64021473539707,L2,0.751418427274...
GetData ===>> H2,0.405715991537756,H1,2538.65321845948,AX,318.324442303238,L1,2.81017194433511,L2,0.69603535645...
GetData ===>> H2,0.08666146226819,H1,2724.28222724508,AX,336.919903067518,L1,3.47743302553386,L2,0.700370122923...
GetData ===>> H2,0.00674319835683972,H1,2793.72071448219,AX,343.505853382212,L1,3.8127465153902,L2,0.7271608059...
GetData ===>> H2,-0.0566624765641153,H1,2823.55047859997,AX,346.447639074883,L1,4.05620547380416,L2,0.785389395...
GetData ===>> H2,-0.0558295980902677,H1,2835.570119612,AX,347.605786922571,L1,4.20581813430125,L2,0.79040364858...
GetData ===>> H2,0.0294367011664875,H1,2840.27382831115,AX,348.225771458325,L1,4.28933221189288,L2,0.7230307555...
GetData ===>> H2,0.0167037271004449,H1,2841.89922011638,AX,348.448391175589,L1,4.31884920530067,L2,0.6989747413...
GetData ===>> H2,0.0459626033519836,H1,2842.10699220648,AX,348.369928989592,L1,4.37268386812399,L2,0.7643964822...
Equilibration Finished
04:33:01 -- ******* Equilibration Finished *******
checking ownership. requestor=129.138.12.150
check software interlocks R
interlocks []
actuate state mode=None-script, software_lock=False
doing actuation None-script close_channel True
GetData ===>> H2,0.041818055347715,H1,2841.84881510888,AX,348.140195160135,L1,4.429057342339,L2,0.7870607838409...
Close R ===>> OK
GetIndicatorState R ===>> False
change switch state (True, True)
update switch state R False args=() kw={} ncanvase=2
04:33:02 -- CLOSE  VALVE-R (Jan Inlet)
Post Equilibration Started jan_pump_extraction_line.py
04:33:02 -- ******* Post Equilibration Started jan_pump_extraction_line.py *******
testing...
no interpolation path defined
calculate duration
testing...
no interpolation path defined
executed snippet estimated_duration=4.0, duration=0.000148057937622
executed snippet estimated_duration=4.0, duration=0.00143384933472
Pump after analysis
doing GOSUB
testing...
no interpolation path defined
executed snippet estimated_duration=4.0, duration=0.00019907951355
Pump Microbone
close () {'description': 'Jan Inlet'}
closing name=--- desc=Jan Inlet
checking ownership. requestor=129.138.12.150
check software interlocks R
interlocks []
actuate state mode=None-script, software_lock=False
doing actuation None-script close_channel False
Close R ===>> OK
measurement finished
estimated time: 12.583 actual time: :12.700
flush and close file /Users/jan/PychronDev/data/isotopes/6c/479fad-715a-4ca9-8309-ae93a67ff5d6.h5
set_fits () {}
using default fits file=/Users/jan/PychronDev/scripts/measurement/fits/nominal_linear.yaml
GetIndicatorState R ===>> False
set "Ar40" to "('Linear', 'SEM')"
change switch state (True, True)
No fit for "PM41". defaulting to linear. check the measurement script "jan_unknown120_60.py"
update switch state R False args=() kw={} ncanvase=2
set "PM41" to "linear"
set "Ar36" to "('Linear', 'SEM')"
set "Ar37" to "('linear', 'SEM')"
set "Ar38" to "('linear', 'SEM')"
set "Ar39" to "('Linear', 'SEM')"
set_baseline_fits () {}
04:33:02 -- CLOSE  VALVE-R (Jan Inlet)
using default fits file=/Users/jan/PychronDev/scripts/measurement/fits/nominal_linear.yaml
---------------------------------------- close None (Jan Inlet) result=[(True, True)]
set "H1" to "('average', 'SEM')"
set "H2" to "('average', 'SEM')"
set "CDD" to "('average', 'SEM')"
set "L2" to "('average', 'SEM')"
set "L1" to "('average', 'SEM')"
set "AX" to "('average', 'SEM')"
multicollect () {'integration_time': 1, 'ncounts': 120}
build tables- signal [Detector(H2), Detector(H1), Detector(AX), Detector(L1), Detector(L2), Detector(CDD)]
add group /signal/PM41 (Group) '' table H2
add group /signal/Ar40 (Group) '' table H1
add group /signal/Ar39 (Group) '' table AX
add group /signal/Ar38 (Group) '' table L1
add group /signal/Ar37 (Group) '' table L2
add group /signal/Ar36 (Group) '' table CDD
flush and close file /Users/jan/PychronDev/data/isotopes/6c/479fad-715a-4ca9-8309-ae93a67ff5d6.h5
measuring signal. ncounts=120
"signal" increment series count="2" fit count="1" regressing="True"
action=close, ok=True, locked=[False]
is_closed ('F',) {}
is F () closed?
is closed True
open () {'description': 'CO2 Laser to Jan'}
opening name=--- desc=CO2 Laser to Jan
checking ownership. requestor=129.138.12.150
check software interlocks A
interlocks []
actuate state mode=None-script, software_lock=False
doing actuation None-script open_channel False
Open A ===>> OK
GetIndicatorState A ===>> OK
change switch state (True, True)
update switch state A True args=() kw={} ncanvase=2
04:33:03 -- OPEN   VALVE-A (CO2 Laser to Jan)
---------------------------------------- open None (CO2 Laser to Jan) result=[(True, True)], time=0.13 sec
starting measurement
GetData ===>> H2,-0.0215717052064954,H1,2842.05749009108,AX,348.438973541969,L1,4.38798191508177,L2,0.703424020...
action=open, ok=True, locked=[False]
sleep (1,) {}
SLEEP 1.0
close () {'description': 'CO2 Laser to Roughing'}
closing name=--- desc=CO2 Laser to Roughing
checking ownership. requestor=129.138.12.150
check software interlocks G
interlocks []
actuate state mode=None-script, software_lock=True
VALVE-G(CO2 Laser to Roughing) software locked
change switch state (True, False)
---------------------------------------- close None (CO2 Laser to Roughing) result=[(True, False)]
action=close, ok=True, locked=[True]
open () {'description': 'Microbone to Turbo'}
opening name=--- desc=Microbone to Turbo
checking ownership. requestor=129.138.12.150
check software interlocks U
GetData ===>> H2,0.161315804625643,H1,2842.00946422781,AX,348.602485443516,L1,4.44726896235924,L2,0.78767897608...
interlocks []
actuate state mode=None-script, software_lock=False
doing actuation None-script open_channel True
Open U ===>> OK
GetIndicatorState U ===>> OK
change switch state (True, True)
update switch state U True args=() kw={} ncanvase=2
04:33:04 -- OPEN   VALVE-U (Microbone to Turbo)
---------------------------------------- open None (Microbone to Turbo) result=[(True, True)], time=0.38 sec
action=open, ok=True, locked=[False]
open () {'description': 'Microbone to Getter NP-10'}
opening name=--- desc=Microbone to Getter NP-10
checking ownership. requestor=129.138.12.150
check software interlocks M
interlocks []
actuate state mode=None-script, software_lock=False
doing actuation None-script open_channel False
Open M ===>> OK
GetIndicatorState M ===>> OK
change switch state (True, True)
update switch state M True args=() kw={} ncanvase=2
04:33:05 -- OPEN   VALVE-M (Microbone to Getter NP-10)
---------------------------------------- open None (Microbone to Getter NP-10) result=[(True, True)], time=0.14 sec
action=open, ok=True, locked=[False]
open () {'description': 'Microbone to Getter D-50'}
opening name=--- desc=Microbone to Getter D-50
checking ownership. requestor=129.138.12.150
check software interlocks K
interlocks []
actuate state mode=None-script, software_lock=False
doing actuation None-script open_channel False
GetData ===>> H2,-0.0952497079170533,H1,2840.63082601004,AX,348.001110022035,L1,4.48650901724484,L2,0.737229263...
Open K ===>> OK
GetIndicatorState K ===>> OK
change switch state (True, True)
update switch state K True args=() kw={} ncanvase=2
04:33:06 -- OPEN   VALVE-K (Microbone to Getter D-50)
---------------------------------------- open None (Microbone to Getter D-50) result=[(True, True)], time=0.43 sec
action=open, ok=True, locked=[False]
open () {'description': 'Microbone to CO2 Laser'}
opening name=--- desc=Microbone to CO2 Laser
checking ownership. requestor=129.138.12.150
check software interlocks T
interlocks []
actuate state mode=None-script, software_lock=False
doing actuation None-script open_channel False
Open T ===>> OK
GetData ===>> H2,-0.0680656466222185,H1,2839.47303059068,AX,347.687174890982,L1,4.49901825510736,L2,0.678366631...
GetIndicatorState T ===>> OK
change switch state (True, True)
update switch state T True args=() kw={} ncanvase=2
04:33:06 -- OPEN   VALVE-T (Microbone to CO2 Laser)
---------------------------------------- open None (Microbone to CO2 Laser) result=[(True, True)], time=0.44 sec
action=open, ok=True, locked=[False]
open () {'description': 'Microbone to Inlet Pipette'}
opening name=--- desc=Microbone to Inlet Pipette
checking ownership. requestor=129.138.12.150
check software interlocks S
interlocks []
actuate state mode=None-script, software_lock=False
doing actuation None-script open_channel False
Open S ===>> OK
GetIndicatorState S ===>> OK
change switch state (True, True)
update switch state S True args=() kw={} ncanvase=2
04:33:07 -- OPEN   VALVE-S (Microbone to Inlet Pipette)
---------------------------------------- open None (Microbone to Inlet Pipette) result=[(True, True)], time=0.40 sec
action=open, ok=True, locked=[False]
sleep (1,) {}
SLEEP 1.0
GetData ===>> H2,0.0738114186164778,H1,2838.2076729759,AX,347.809877797319,L1,4.46508530533514,L2,0.61022528718...
set_resource () {'name': 'CO2PumpTimeFlag', 'value': 30}
Set CO2PumpTimeFlag 30 ===>> OK
release ('JanCO2Flag',) {}
release JanCO2Flag
Set JanCO2Flag 0 ===>> OK
executed snippet estimated_duration=6.0, duration=6.17504882812
PumpMicrobone.py completed successfully
gosub finished
get_resource_value () {'name': 'JanMiniboneFlag'}
Read JanMiniboneFlag ===>> 0
Get Resource Value JanMiniboneFlag=0.0
get resource value 0.0
get_resource_value () {'name': 'JanMiniboneFlag'}
Read JanMiniboneFlag ===>> 0
Get Resource Value JanMiniboneFlag=0.0
executed snippet estimated_duration=4.0, duration=6.18791007996
jan_pump_extraction_line.py completed successfully
Post Equilibration Finished
04:33:08 -- ******* Post Equilibration Finished *******
GetData ===>> H2,-0.0360944418640632,H1,2837.44912620741,AX,347.578026940406,L1,4.43003868258602,L2,0.682083083...
GetData ===>> H2,-0.0617411737925155,H1,2836.13234130822,AX,347.447102657995,L1,4.4702906500815,L2,0.7839126443...
GetData ===>> H2,-0.0388079557136995,H1,2835.10612814174,AX,347.22315972079,L1,4.46996963741806,L2,0.8118646724...
GetData ===>> H2,-0.109651453429702,H1,2834.23938505875,AX,347.270507938628,L1,4.41384239111736,L2,0.7098409533...
GetData ===>> H2,-0.110050866612137,H1,2832.79041050666,AX,347.377579600319,L1,4.42971820512629,L2,0.6741700728...
GetData ===>> H2,-0.0387645228623572,H1,2830.92863682359,AX,347.130392830956,L1,4.44319425013479,L2,0.798704072...
GetData ===>> H2,0.0145870682075449,H1,2829.85685707534,AX,347.001443877574,L1,4.42400018749391,L2,0.7466236284...
GetData ===>> H2,0.00452503429231108,H1,2828.24934960543,AX,346.727976354798,L1,4.4306928337593,L2,0.8804952225...
GetData ===>> H2,0.0822621308108041,H1,2827.64701361899,AX,346.798988018658,L1,4.40213314185835,L2,0.7350553024...
GetData ===>> H2,-0.0258589938081839,H1,2826.57064336221,AX,346.626090651565,L1,4.41788723663894,L2,0.742572839...
GetData ===>> H2,0.00951821022003132,H1,2825.35500137803,AX,346.629090537495,L1,4.44340081037847,L2,0.785480977...
GetData ===>> H2,0.0349741257511621,H1,2824.52303163208,AX,346.224958717002,L1,4.43023624134971,L2,0.6778520573...
GetData ===>> H2,0.0448864836483738,H1,2823.47491155547,AX,345.770989025635,L1,4.45238269638583,L2,0.6707969500...
GetData ===>> H2,-0.0940022378761793,H1,2822.36835221256,AX,345.847383558837,L1,4.42616247401193,L2,0.836269420...
GetData ===>> H2,-0.128330301410246,H1,2820.70671187505,AX,345.767896894113,L1,4.39435118256289,L2,0.8034213230...
GetData ===>> H2,-0.109805804595851,H1,2819.61077308386,AX,346.032013557735,L1,4.40614958678784,L2,0.7179628201...
GetData ===>> H2,0.0384374008658755,H1,2818.77066360459,AX,345.793408037381,L1,4.431427514857,L2,0.593264586371...
GetData ===>> H2,0.0417204424847581,H1,2817.71283757333,AX,345.700168764152,L1,4.39966191173569,L2,0.7397923119...
GetData ===>> H2,-0.0790441100185351,H1,2816.40434128007,AX,345.613885225637,L1,4.37786825110531,L2,0.698105497...
04:33:28 -- collecting point 25
GetData ===>> H2,-0.0451093290377927,H1,2815.45158409743,AX,345.142474236551,L1,4.37032898408174,L2,0.711076347...
GetData ===>> H2,0.0702771259829313,H1,2814.75323972358,AX,344.765698210604,L1,4.38712526940785,L2,0.6070342048...
GetData ===>> H2,-0.0185455805845878,H1,2813.29750060303,AX,345.065450403955,L1,4.39366430321291,L2,0.770931951...
GetData ===>> H2,-0.00704496181698719,H1,2812.33919373451,AX,345.187416763258,L1,4.39961366190002,L2,0.76120330...
GetData ===>> H2,0.00411844029293229,H1,2810.34867435556,AX,345.0041093513,L1,4.38617075009026,L2,0.71551474851...
GetData ===>> H2,-0.0889811750038456,H1,2808.63296321946,AX,344.653401168723,L1,4.37472377070505,L2,0.744861399...
GetData ===>> H2,-0.118106535839493,H1,2808.64507426722,AX,344.548635799555,L1,4.4025967357255,L2,0.82628022986...
GetData ===>> H2,-0.0552381359883363,H1,2807.02356146405,AX,344.467482113359,L1,4.39676287206372,L2,0.662038818...
GetData ===>> H2,-0.0705542856948737,H1,2805.51671956747,AX,344.237240851494,L1,4.39829783043643,L2,0.795315123...
GetData ===>> H2,-0.028051913533973,H1,2804.39561940668,AX,343.890534280931,L1,4.40870259933665,L2,0.6710370667...
GetData ===>> H2,0.0359685859593902,H1,2803.72423364022,AX,344.02649081025,L1,4.40566830466104,L2,0.84773595780...
GetData ===>> H2,-0.0352839274591263,H1,2802.58220817211,AX,344.01791991882,L1,4.40969214121813,L2,0.7577355682...
GetData ===>> H2,-0.10911526992239,H1,2801.27324807273,AX,344.041610912869,L1,4.36680278693583,L2,0.73230931704...
GetData ===>> H2,-0.119068449000582,H1,2800.31353182586,AX,343.41287811474,L1,4.34925864014957,L2,0.53766869691...
GetData ===>> H2,-0.0962505647909647,H1,2798.43718358028,AX,343.614608943209,L1,4.33846934290388,L2,0.703435458...
GetData ===>> H2,-0.0669750850253284,H1,2797.77136523955,AX,343.548737412734,L1,4.361754684063,L2,0.65636818322...
GetData ===>> H2,-0.0283005265057896,H1,2797.19516060872,AX,343.137442319283,L1,4.32548123797053,L2,0.769066264...
GetData ===>> H2,0.0359590496287483,H1,2796.11968594908,AX,343.357334780823,L1,4.33735958417282,L2,0.8237630718...
GetData ===>> H2,0.00285115660040936,H1,2795.49286900602,AX,343.262886137562,L1,4.3170802991315,L2,0.7474132089...
GetData ===>> H2,-0.0579143926004839,H1,2793.49964837118,AX,343.167411122372,L1,4.34454928114053,L2,0.730879147...
GetData ===>> H2,-0.0365777362490196,H1,2792.89498965211,AX,342.821400680291,L1,4.32044493736223,L2,0.763217627...
GetData ===>> H2,-0.0327189551284194,H1,2792.30033213249,AX,342.530844975001,L1,4.34852446222547,L2,0.789430542...
GetData ===>> H2,-0.101562163091418,H1,2790.54118995729,AX,342.711063447799,L1,4.35182080221849,L2,0.7409136672...
GetData ===>> H2,0.0256331491202021,H1,2789.34635090847,AX,342.312152732756,L1,4.35338908148433,L2,0.7412226143...
GetData ===>> H2,0.0372410762869831,H1,2787.58345364713,AX,342.42234651258,L1,4.33042042946744,L2,0.78036395622...
04:33:55 -- collecting point 50
GetData ===>> H2,-0.053137925976182,H1,2786.43996447655,AX,342.042878057192,L1,4.37249697920976,L2,0.7166129411...
GetData ===>> H2,-0.0909242886245171,H1,2785.24914202966,AX,341.89038570371,L1,4.36391560742939,L2,0.7158236139...
GetData ===>> H2,-0.0751829269491565,H1,2783.8507365868,AX,341.733814434975,L1,4.32102499019884,L2,0.6522869050...
GetData ===>> H2,-0.120557833058347,H1,2783.19275455118,AX,341.807061421557,L1,4.30019571767359,L2,0.6517153113...
GetData ===>> H2,-0.0665613496107915,H1,2782.41419205717,AX,341.46735777862,L1,4.28757927766249,L2,0.7353413471...
GetData ===>> H2,-0.0560181540901106,H1,2781.06771944094,AX,341.348219250185,L1,4.32133688927775,L2,0.776826845...
GetData ===>> H2,-0.0618387927700687,H1,2779.91820102423,AX,341.450871766096,L1,4.32445485971944,L2,0.777502206...
GetData ===>> H2,-0.0936784963469832,H1,2778.97486202005,AX,341.126497964906,L1,4.29606823529258,L2,0.751784627...
GetData ===>> H2,-0.118007769396675,H1,2777.51292879009,AX,341.078476464098,L1,4.32043473567409,L2,0.7695469902...
GetData ===>> H2,-0.0853148915523953,H1,2777.85587514395,AX,341.11369351835,L1,4.32436301472735,L2,0.7168074140...
GetData ===>> H2,-0.0454189047892012,H1,2775.86165925236,AX,341.024749842858,L1,4.32314722696135,L2,0.744426569...
GetData ===>> H2,-0.0941024739696636,H1,2774.33621958804,AX,340.495699794766,L1,4.32604257500366,L2,0.744174825...
GetData ===>> H2,-0.105668385882575,H1,2773.48344509362,AX,340.529664753096,L1,4.32956719369045,L2,0.5678463046...
GetData ===>> H2,0.00683976832378164,H1,2772.86287593839,AX,340.330539046258,L1,4.29701008115702,L2,0.742984776...
GetData ===>> H2,-0.0161545372653092,H1,2771.1450872388,AX,340.043551097197,L1,4.30893135833823,L2,0.6814198293...
GetData ===>> H2,0.0819590420514342,H1,2770.37863581779,AX,340.362836752422,L1,4.30170001112406,L2,0.6738613413...
GetData ===>> H2,-0.0239999805698308,H1,2769.18595550677,AX,340.115776781609,L1,4.32763487110283,L2,0.736439766...
GetData ===>> H2,-0.0322640162248558,H1,2767.50428238202,AX,340.012703537023,L1,4.32375802129777,L2,0.781359865...
GetData ===>> H2,-0.0512585337083425,H1,2766.69734495373,AX,339.855881005032,L1,4.31324174956289,L2,0.643073228...
GetData ===>> H2,-0.0927275369431784,H1,2765.29722276693,AX,339.703628352531,L1,4.29982731778638,L2,0.777857058...
GetData ===>> H2,-0.0814991894526886,H1,2764.05565799104,AX,339.662926262212,L1,4.26616309419382,L2,0.786122055...
GetData ===>> H2,-0.132706696695943,H1,2762.7825657157,AX,339.387922071846,L1,4.26645253222621,L2,0.74591415589...
GetData ===>> H2,-0.0341298292442262,H1,2761.34772719498,AX,339.286453270171,L1,4.34288750102042,L2,0.774056772...
GetData ===>> H2,0.0275347668854592,H1,2760.74560384204,AX,339.457530444236,L1,4.31506254315258,L2,0.6336889916...
GetData ===>> H2,-0.0748738672313549,H1,2760.85726910056,AX,339.008208383748,L1,4.2757957262967,L2,0.7580216805...
04:34:21 -- collecting point 75
GetData ===>> H2,-0.152506467821881,H1,2759.72101441523,AX,338.894312114621,L1,4.28083195584165,L2,0.7489351722...
GetData ===>> H2,-0.0958334389440495,H1,2758.08097839994,AX,338.818579189636,L1,4.33327286487924,L2,0.638615316...
GetData ===>> H2,-0.162162357028819,H1,2756.68133702896,AX,338.504967578748,L1,4.33610995005366,L2,0.6198449265...
GetData ===>> H2,-0.234240392773798,H1,2755.9316331142,AX,338.628857916458,L1,4.30650392234259,L2,0.73006682052...
GetData ===>> H2,-0.126301156669365,H1,2754.23442917452,AX,338.567537938102,L1,4.28182868306441,L2,0.7517388519...
GetData ===>> H2,-0.0926042586025059,H1,2753.22813604008,AX,338.097681367124,L1,4.30513305654988,L2,0.707038496...
GetData ===>> H2,-0.0213191061344286,H1,2752.15080980914,AX,338.257745170074,L1,4.30456931257675,L2,0.778143231...
GetData ===>> H2,-0.0792324599363699,H1,2750.80073044277,AX,338.048237581712,L1,4.27380624623452,L2,0.682792084...
GetData ===>> H2,-0.078846271494246,H1,2749.20403142277,AX,337.893234467144,L1,4.28003899740503,L2,0.7301583499...
GetData ===>> H2,-0.0339954031466009,H1,2749.56702531285,AX,338.031599708721,L1,4.30640922422541,L2,0.811235471...
GetData ===>> H2,-0.0454189047892012,H1,2748.28817920806,AX,337.839646086494,L1,4.29953464436954,L2,0.728041753...
GetData ===>> H2,-0.0335527363039155,H1,2747.11253286697,AX,337.700983537148,L1,4.30327148924463,L2,0.706878358...
GetData ===>> H2,-0.0304481538014287,H1,2745.59759836198,AX,337.504203257242,L1,4.26675797679048,L2,0.725890882...
GetData ===>> H2,-0.0500018139222083,H1,2745.56178106536,AX,337.14286266339,L1,4.24301790197931,L2,0.6985744307...
GetData ===>> H2,-0.0152523315773569,H1,2743.44905844153,AX,337.266731590654,L1,4.2515590267958,L2,0.8147590512...
GetData ===>> H2,-0.0586020062124227,H1,2742.50665858546,AX,337.185075581497,L1,4.29008063419758,L2,0.646399652...
GetData ===>> H2,0.0801925491563243,H1,2742.04057599328,AX,337.179655980604,L1,4.26795219295998,L2,0.6566882908...
GetData ===>> H2,0.00923523695274347,H1,2740.37344805982,AX,336.86104006564,L1,4.26109104350947,L2,0.7776968027...
GetData ===>> H2,-0.0229670644407853,H1,2739.29410571186,AX,336.779040103304,L1,4.28154784511828,L2,0.659123429...
GetData ===>> H2,0.0245048512510179,H1,2738.32452958479,AX,336.746651590415,L1,4.2980830295867,L2,0.63741514412...
GetData ===>> H2,-0.013578170503276,H1,2737.63744203774,AX,336.460023835121,L1,4.24581353173519,L2,0.7547257192...
GetData ===>> H2,-0.0153189124482119,H1,2736.26434129818,AX,336.228861219286,L1,4.25533519203525,L2,0.758193348...
GetData ===>> H2,-0.0982086847439377,H1,2735.08200265289,AX,336.544800335428,L1,4.24432264316408,L2,0.700621751...
GetData ===>> H2,0.0166560809447798,H1,2733.83610265812,AX,336.277140730349,L1,4.22766487575116,L2,0.7491983713...
GetData ===>> H2,0.0319926260081057,H1,2731.96833648224,AX,336.129715785704,L1,4.25643382668514,L2,0.7057917158...
04:34:47 -- collecting point 100
GetData ===>> H2,-0.031188386951624,H1,2730.75835490974,AX,335.900999084543,L1,4.2680947503223,L2,0.72697775290...
GetData ===>> H2,0.00199459602783046,H1,2729.61327232496,AX,335.874314789377,L1,4.24803857874715,L2,0.691792278...
GetData ===>> H2,0.0729465005278241,H1,2729.44419414043,AX,335.819372461791,L1,4.25532356680082,L2,0.6510408350...
GetData ===>> H2,-0.0176177522735437,H1,2728.48704270557,AX,335.534787060324,L1,4.24157529393379,L2,0.622693256...
GetData ===>> H2,-0.0742719899986422,H1,2727.3288669755,AX,335.448569974082,L1,4.22891965006943,L2,0.7084568727...
GetData ===>> H2,-0.073680926410333,H1,2726.10285401189,AX,335.490713656848,L1,4.24455803450322,L2,0.7338539241...
GetData ===>> H2,-0.0323550054584089,H1,2724.82565459066,AX,335.440228439811,L1,4.27291632064151,L2,0.696572902...
GetData ===>> H2,-0.192334845811336,H1,2723.61139699966,AX,335.266217126131,L1,4.26207242550332,L2,0.5627703155...
GetData ===>> H2,-0.13349247377039,H1,2722.8620868181,AX,335.16383343517,L1,4.26893558170142,L2,0.8365554952439...
GetData ===>> H2,-0.0551838718713837,H1,2721.38085885809,AX,334.876507375687,L1,4.25761685875542,L2,0.782298547...
GetData ===>> H2,-0.0413430615131789,H1,2720.85846646815,AX,334.784046503593,L1,4.26361517217487,L2,0.776048470...
GetData ===>> H2,-0.025326325094332,H1,2720.14336492116,AX,334.787674905169,L1,4.25951372822774,L2,0.6997410549...
GetData ===>> H2,-0.0456442923679377,H1,2718.7727686796,AX,334.533727101878,L1,4.24302080770655,L2,0.7353871143...
GetData ===>> H2,-0.00052168868854665,H1,2717.66762409496,AX,334.369784152521,L1,4.25371939070646,L2,0.77357602...
GetData ===>> H2,-0.147683891987394,H1,2717.01705217792,AX,334.447659364754,L1,4.2376158998737,L2,0.66382239413...
GetData ===>> H2,-0.0175606944816883,H1,2715.64718265779,AX,334.075997870166,L1,4.23538549438913,L2,0.797914070...
GetData ===>> H2,0.0139746034470105,H1,2715.18874939304,AX,333.756646225942,L1,4.2090871878693,L2,0.72811039949...
GetData ===>> H2,-0.0651980023961866,H1,2714.07463521949,AX,333.698135322654,L1,4.2549995178501,L2,0.6528813661...
GetData ===>> H2,-0.103892904094561,H1,2712.56810717278,AX,333.665610376172,L1,4.22806424013216,L2,0.7281676042...
GetData ===>> H2,-0.0580771451362513,H1,2711.50236588334,AX,333.676346629213,L1,4.23288693760168,L2,0.745616636...
GetData ===>> H2,-0.0688794304617102,H1,2709.92118471857,AX,333.700811803434,L1,4.21000726624458,L2,0.724209117...
measurement finished
estimated time: 125.829 actual time: :126.420
flush and close file /Users/jan/PychronDev/data/isotopes/6c/479fad-715a-4ca9-8309-ae93a67ff5d6.h5
baselines () {'settling_time': 15.0, 'detector': 'H1', 'mass': 34.2, 'ncounts': 60}
%%%%%%%%%%%%%%%%%%%%%%%%%%%%%%%% Baseline
build tables- baseline [Detector(H2), Detector(H1), Detector(AX), Detector(L1), Detector(L2), Detector(CDD)]
add group baseline table H2
add group baseline table H1
add group baseline table AX
add group baseline table L1
add group baseline table L2
add group baseline table CDD
flush and close file /Users/jan/PychronDev/data/isotopes/6c/479fad-715a-4ca9-8309-ae93a67ff5d6.h5
detector Detector(H1)
POSITION 34.2 H1
Mapping mass to dac mass func: "parabolic"
H1 map mass coeffs = [-0.00063987  0.15840543  0.57116999]
H1 map mass to dac 34.2 >> 5.24021599104
GetDeflection H1 ===>> 0
GetHighVoltage ===>> 4500
positioning 34.2 (5.24021599104) on H1
setting magnet DAC
current  : 5.879560
requested: 5.240216
Delta Dac: 0.639344
Checking detector protection. dv=0.63934
Checking detector "CDD". Protection Threshold: 0.1 (V)
ProtectDetector CDD,On ===>> OK
GetDeflection CDD ===>> 2000
Protected = 2000
SetMagnetDAC 5.24021599104 ===>> OK
Magnet settling time: 0.500
GetMagnetMoving ===>> True
GetMagnetMoving ===>> True
GetMagnetMoving ===>> True
GetMagnetMoving ===>> True
GetMagnetMoving ===>> True
GetMagnetMoving ===>> True
GetMagnetMoving ===>> True
GetMagnetMoving ===>> True
GetMagnetMoving ===>> False
ProtectDetector CDD,Off ===>> OK
GetDeflection CDD ===>> 50
Delaying 15.0s for detectors to settle
Join finished
measuring baseline. ncounts=60
"baseline" increment series count="2" fit count="1" regressing="True"
starting measurement
GetData ===>> H2,-0.114919870061811,H1,-0.0309763232214653,AX,-0.0774503825213299,L1,-0.0564732888319561,L2,0.0...
GetData ===>> H2,-0.135547949869965,H1,-0.181575995977678,AX,-0.232134677890548,L1,-0.057756347469469,L2,0.0342...
GetData ===>> H2,-0.165617188101276,H1,-0.107052061564761,AX,-0.201709958394318,L1,-0.0837067667617223,L2,-0.09...
GetData ===>> H2,-0.0500248867014843,H1,-0.117346808741225,AX,-0.159706815710231,L1,-0.0869467864189495,L2,-0.0...
GetData ===>> H2,-0.144035014588864,H1,-0.103524913797703,AX,-0.0298554245968578,L1,-0.0829145230417348,L2,0.02...
GetData ===>> H2,-0.0788259454235251,H1,-0.12641478541886,AX,-0.12377078711195,L1,-0.092849484304531,L2,0.02066...
GetData ===>> H2,-0.145965648007873,H1,-0.0648849717469922,AX,-0.0771258185289101,L1,-0.0475551167437189,L2,0.0...
GetData ===>> H2,-0.24260757466584,H1,-0.0293187494693868,AX,-0.116355442531316,L1,-0.0396540247751294,L2,-0.06...
GetData ===>> H2,-0.11130994166406,H1,0.0558148835247742,AX,-0.117189697015268,L1,-0.0515577688487229,L2,-0.055...
GetData ===>> H2,-0.209617931345631,H1,-0.0238330578428812,AX,-0.147220596239177,L1,-0.0780784482399017,L2,-0.0...
GetData ===>> H2,-0.203467688501887,H1,-0.0451420926738109,AX,-0.167659133836055,L1,-0.0962434116564051,L2,0.01...
GetData ===>> H2,-0.161851789156794,H1,0.0213041307383534,AX,-0.164656804415657,L1,-0.0550667628953162,L2,-0.08...
GetData ===>> H2,-0.248629881892597,H1,-0.00475004937847672,AX,-0.0871056661177739,L1,-0.0196928052345536,L2,0....
GetData ===>> H2,-0.260907734363894,H1,-0.0416246855324374,AX,-0.0325227492256857,L1,-0.00618132377182058,L2,-0...
GetData ===>> H2,-0.263699460029506,H1,-0.0462509445499968,AX,-0.107873449154777,L1,-0.0182539146965458,L2,-0.0...
GetData ===>> H2,-0.178455779848968,H1,-0.0309286236410021,AX,-0.061359978290505,L1,-0.0613987659964064,L2,-0.0...
GetData ===>> H2,-0.259536123171913,H1,-0.0306185758139009,AX,-0.101673710244366,L1,-0.0328742499485467,L2,0.01...
GetData ===>> H2,-0.274773488999526,H1,-0.0208754297818857,AX,-0.162802037224637,L1,-0.026328223298074,L2,-0.00...
GetData ===>> H2,-0.309103776856097,H1,0.0051029778185498,AX,-0.0739148949841376,L1,-0.0247440794243929,L2,-0.1...
GetData ===>> H2,-0.309949049056868,H1,-0.00355724054223998,AX,-0.0561775597583511,L1,-0.064194299269881,L2,-0....
GetData ===>> H2,-0.264324679615382,H1,0.0711289617324919,AX,0.00834172329934843,L1,-0.0248627191142962,L2,-0.1...
GetData ===>> H2,-0.256513493505618,H1,0.0290477285266324,AX,-0.107861861226268,L1,-0.0020484617442975,L2,-0.06...
GetData ===>> H2,-0.229402145065503,H1,0.0635014702380811,AX,-0.199519845492889,L1,-0.0478866375950827,L2,-0.00...
GetData ===>> H2,-0.15930751274767,H1,0.0119028478892115,AX,-0.137249019186085,L1,-0.0191808236030929,L2,-0.099...
04:35:53 -- collecting point 25
GetData ===>> H2,-0.153674040971362,H1,0.0198485444106613,AX,-0.110584986471305,L1,0.00745378088968635,L2,-0.01...
GetData ===>> H2,-0.131285126923936,H1,0.0367799923409297,AX,-0.00156568794273235,L1,-0.0286368878176102,L2,0.0...
GetData ===>> H2,-0.20361191522038,H1,0.0524372688380794,AX,-0.0344130263325316,L1,-0.0187035900963587,L2,0.033...
GetData ===>> H2,-0.277978089905809,H1,0.0385580201651027,AX,-0.038251451534117,L1,-0.0242023935641758,L2,-0.03...
GetData ===>> H2,-0.404995162955489,H1,0.0221154503362133,AX,-0.112647558265136,L1,-0.0440130253409091,L2,-0.11...
GetData ===>> H2,-0.292068206213509,H1,0.05073060227494,AX,-0.0430289777618573,L1,-0.0343469677726332,L2,0.0398...
GetData ===>> H2,-0.207094364706502,H1,-0.00960463469363833,AX,-0.130849596511899,L1,-0.0302276050553886,L2,-0....
GetData ===>> H2,-0.22789170294074,H1,0.0366964616089984,AX,-0.213586695707488,L1,-0.0425977549788956,L2,0.0364...
GetData ===>> H2,-0.249708606580791,H1,0.0367441934473024,AX,-0.119205782482296,L1,-0.0204241623702606,L2,-0.09...
State checksums do not match. Local:1695186306 Remote:-1097334291
State checksum failed
GetData ===>> H2,-0.309420425939899,H1,0.0395126790050383,AX,-0.057174646063488,L1,-0.00472991674834714,L2,-0.0...
set states for children of V. state=True
handle state [('V', True)]
update switch state V True args=() kw={'refresh': False} ncanvase=2
refresh_canvas_needed fired
GetData ===>> H2,-0.293504588160502,H1,0.0267925974009266,AX,0.0293780132512701,L1,-0.00213125560267498,L2,0.01...
GetData ===>> H2,-0.252269156128131,H1,0.148835249004287,AX,-0.0613483848210483,L1,-0.000699665914353266,L2,-0....
GetData ===>> H2,-0.271823269163918,H1,0.0225927002299066,AX,-0.135764790085934,L1,-0.0232843371939731,L2,0.048...
GetData ===>> H2,-0.272873936851757,H1,0.082498845749446,AX,-0.036024951426714,L1,0.00605242763800622,L2,-0.088...
GetData ===>> H2,-0.280886423530868,H1,-0.0188718256322272,AX,-0.130119726726169,L1,0.0153688463557208,L2,-0.04...
GetData ===>> H2,-0.164133589387232,H1,0.0302528723357788,AX,-0.0758159599870005,L1,-0.0253816015147109,L2,-0.0...
GetData ===>> H2,-0.272645539159783,H1,-0.033766709114613,AX,-0.0347145395311257,L1,0.0148393008020719,L2,-0.00...
GetData ===>> H2,-0.207621220909915,H1,-0.0298196019865802,AX,-0.109426219087844,L1,-0.0295269059566008,L2,0.01...
GetData ===>> H2,-0.210094826212599,H1,0.0184168408001063,AX,-0.00902458393852878,L1,-0.0317450201679381,L2,-0....
GetData ===>> H2,-0.235245465496753,H1,0.0470070671102054,AX,-0.0516557610847325,L1,-0.00333348969651024,L2,-0....
GetData ===>> H2,-0.209387559671803,H1,0.0199081991720586,AX,-0.0557253893459192,L1,0.0407021341041212,L2,-0.00...
GetData ===>> H2,-0.175717072313662,H1,0.105365625188347,AX,-0.116181638613304,L1,0.0430295449996929,L2,-0.0116...
GetData ===>> H2,-0.155245480250026,H1,0.104029498627711,AX,-0.171669823128027,L1,-0.0237170086645008,L2,-0.014...
GetData ===>> H2,-0.0398109370643696,H1,0.0301812792289137,AX,-0.149353917186062,L1,-0.0547890255486773,L2,-0.1...
GetData ===>> H2,-0.0556898747234705,H1,0.00274102577810815,AX,-0.00236612562088023,L1,-0.032580877948238,L2,-0...
04:36:19 -- collecting point 50
GetData ===>> H2,-0.114367694389702,H1,0.0629404726753659,AX,-0.139602867335708,L1,-0.00936049333878992,L2,0.06...
GetData ===>> H2,-0.131730147457847,H1,0.0415413592646409,AX,-0.0305280611787693,L1,0.0122664176994503,L2,-0.07...
GetData ===>> H2,-0.10998994008538,H1,0.123118712652359,AX,-0.0481193362186293,L1,-0.00960869253797116,L2,-0.05...
GetData ===>> H2,-0.0877967154988144,H1,0.123226099771956,AX,-0.0790847776018837,L1,-0.0296011703965763,L2,-0.0...
GetData ===>> H2,-0.177803895242103,H1,0.0477469893555905,AX,0.00640424623569982,L1,-0.0208629511319626,L2,-0.0...
GetData ===>> H2,-0.217083864638939,H1,0.0689683769934614,AX,-0.0193709707432364,L1,-0.00900437075395228,L2,-0....
GetData ===>> H2,-0.248001699202948,H1,0.043868425475302,AX,-0.0531282673127847,L1,0.00162154985000165,L2,0.023...
GetData ===>> H2,-0.187887035195848,H1,0.00190600556264648,AX,-0.0248105020495506,L1,0.00582088717740609,L2,-0....
GetData ===>> H2,-0.153676743547482,H1,-0.0301773522500824,AX,-0.0836284835002851,L1,0.00876652660099153,L2,0.0...
GetData ===>> H2,-0.277561785022747,H1,0.0551465125655739,AX,-0.0989271575699299,L1,-0.00222724762974643,L2,-0....
GetData ===>> H2,-0.25053842811362,H1,0.0288090879089655,AX,-0.0103353417606473,L1,-0.0258045966901083,L2,-0.06...
measurement finished
estimated time: 62.915 actual time: :63.216
flush and close file /Users/jan/PychronDev/data/isotopes/6c/479fad-715a-4ca9-8309-ae93a67ff5d6.h5
activate_detectors ('H1', 'AX', 'CDD') {'peak_center': True}
peak_center () {'detector': 'H1', 'integration_time': 0.262144, 'isotope': 'Ar40'}
peak center: mean=2715.25030349 threshold=3
peak center started
setup peak center. detector=['H1', 'AX', 'CDD'], isotope=Ar40
VersionedUnpickler [<apptools.sweet_pickle.versioned_unpickler.VersionedUnpickler object at 0x19dce87d0>] using Updater [<apptools.sweet_pickle.updater.Updater object at 0x134a15590>]
VersionedUnpickler [<apptools.sweet_pickle.versioned_unpickler.VersionedUnpickler object at 0x19dce87d0>] using Updater [<apptools.sweet_pickle.updater.Updater object at 0x134a15590>]
VersionedUnpickler [<apptools.sweet_pickle.versioned_unpickler.VersionedUnpickler object at 0x1d0b09f50>] using Updater [<apptools.sweet_pickle.updater.Updater object at 0x134a15590>]
setting integration time = 0.524288
SetIntegrationTime 0.524288 ===>> OK
Mapping mass to dac mass func: "parabolic"
H1 map mass coeffs = [-0.00063987  0.15840543  0.57116999]
H1 map mass to dac 39.9624 >> 5.87956
GetDeflection H1 ===>> 0
GetHighVoltage ===>> 4500
do peak center. <pychron.spectrometer.jobs.peak_center.PeakCenter object at 0x134a156b0>
doing pc
starting peak center. center dac= 5.87956 step_width=0.001
width = 0.001
get scan parameters. half-width=0.015,window=0.015, i=0, scalar=1
Scan parameters center=5.87956 width=0.03000 (5.86456 - 5.89456)
GetData ===>> H2,-0.296918951772451,H1,0.0432120679908945,AX,0.000510840488811879,L1,-0.0394240469676751,L2,-0....
Moving to starting dac 5.86456
setting magnet DAC
current  : 5.240216
requested: 5.864560
Delta Dac: 0.624344
Checking detector protection. dv=0.62434
Checking detector "CDD". Protection Threshold: 0.1 (V)
ProtectDetector CDD,On ===>> OK
GetDeflection CDD ===>> 2000
Protected = 2000
SetMagnetDAC 5.86456 ===>> OK
Magnet settling time: 0.500
GetMagnetMoving ===>> True
GetMagnetMoving ===>> True
GetMagnetMoving ===>> True
GetMagnetMoving ===>> True
GetMagnetMoving ===>> True
GetMagnetMoving ===>> True
GetMagnetMoving ===>> True
GetMagnetMoving ===>> True
GetMagnetMoving ===>> False
ProtectDetector CDD,Off ===>> OK
GetDeflection CDD ===>> 50
Wait until signal near baseline. tol= 0.0324090509932. timeout= 10
GetData ===>> H2,12.5171044817891,H1,3.93154535744149,AX,-0.0591340068291499,L1,0.0265711871619067,L2,0.1591601...
GetData ===>> H2,137.316939819781,H1,68.6428318111618,AX,4.4276011232022,L1,0.0273230249191056,L2,-0.0017990952...
GetData ===>> H2,151.393652187015,H1,81.3696651549919,AX,7.6100970183434,L1,-0.00255001410899437,L2,-0.23554645...
GetData ===>> H2,122.843998946396,H1,39.678459038322,AX,3.5197253367679,L1,-0.0032699020675127,L2,-0.1365308775...
GetData ===>> H2,65.0074153733935,H1,20.5368498178099,AX,1.64753817582467,L1,0.00771672539480678,L2,-0.09653397...
GetData ===>> H2,26.6732748068594,H1,11.4581196988639,AX,0.833750655657039,L1,0.00583729295963418,L2,-0.0537760...
GetData ===>> H2,9.17042532105538,H1,7.10704951146848,AX,0.53580807326195,L1,0.0309028296223689,L2,-0.057690826...
GetData ===>> H2,2.98670704839882,H1,4.89765846045713,AX,0.259005943661068,L1,0.0170423599330484,L2,-0.01953772...
GetData ===>> H2,1.39998069735517,H1,3.78648208273062,AX,0.261258231531327,L1,0.0448230596541696,L2,-0.00785655...
GetData ===>> H2,1.11422754514121,H1,3.29548268132929,AX,0.23291106282562,L1,0.0236964652225865,L2,0.0492491372...
GetData ===>> H2,1.06461799688939,H1,3.01432737261009,AX,0.170186573876562,L1,0.0200304028262237,L2,-0.06404061...
GetData ===>> H2,1.02530557675524,H1,2.80638941662563,AX,0.21165029393935,L1,0.022399866424273,L2,0.05170998114...
GetData ===>> H2,0.958453391142771,H1,2.83536441312411,AX,0.218496869267808,L1,-0.00447679872509272,L2,-0.11244...
GetData ===>> H2,0.894520132873851,H1,2.75305258954337,AX,0.226133108835889,L1,0.0367581879785752,L2,-0.0781724...
GetData ===>> H2,0.821697451884081,H1,2.77092503380272,AX,0.223997686743027,L1,0.061944151060836,L2,0.010977491...
GetData ===>> H2,0.732835450642747,H1,2.71775322941272,AX,0.234048505405401,L1,0.0451761007165203,L2,-0.0081298...
GetData ===>> H2,0.674989635137214,H1,2.66402438181526,AX,0.24707200841052,L1,0.0306385052918447,L2,-0.06438198...
GetData ===>> H2,0.588732623127963,H1,2.72984735203015,AX,0.129250634208294,L1,0.0298744066407746,L2,-0.0721649...
GetData ===>> H2,0.482604741965449,H1,2.71806765834766,AX,0.197749744594836,L1,0.0169295756634711,L2,0.00835826...
GetData ===>> H2,0.375945749066602,H1,2.57044168199891,AX,0.100431848250118,L1,0.0144438428806322,L2,0.08537065...
GetData ===>> H2,0.241894144881312,H1,2.53593477771574,AX,0.117749919217292,L1,0.00973079216954417,L2,0.1293958...
Peak center failed to move to a baseline position
_do_sweep sm= 5.86456, em= 5.89456, stm= 0.001
calculated step values: start=5.86456, end=5.89456, width=0.001, nsteps=31.0
setting magnet DAC
current  : 5.864560
requested: 5.864560
Delta Dac: 0.000000
Checking detector protection. dv=0.00000
Checking detector "CDD". Protection Threshold: 0.1 (V)
SetMagnetDAC 5.86456 ===>> OK
GetData ===>> H2,0.241894144881312,H1,2.53593477771574,AX,0.117749919217292,L1,0.00973079216954417,L2,0.1293958...
setting magnet DAC
current  : 5.864560
requested: 5.865594
Delta Dac: 0.001034
Checking detector protection. dv=0.00103
Checking detector "CDD". Protection Threshold: 0.1 (V)
SetMagnetDAC 5.86559448276 ===>> OK
Magnet settling time: 1.049
GetData ===>> H2,0.18958704619926,H1,5.65301594324461,AX,0.505947853401696,L1,-0.0157014420482212,L2,-0.0761927...
setting magnet DAC
current  : 5.865594
requested: 5.866629
Delta Dac: 0.001034
Checking detector protection. dv=0.00103
Checking detector "CDD". Protection Threshold: 0.1 (V)
SetMagnetDAC 5.86662896552 ===>> OK
Magnet settling time: 1.049
GetData ===>> H2,0.186495754303795,H1,19.3286660465427,AX,1.90902291918139,L1,0.0137409427890353,L2,-0.05705354...
setting magnet DAC
current  : 5.866629
requested: 5.867663
Delta Dac: 0.001034
Checking detector protection. dv=0.00103
Checking detector "CDD". Protection Threshold: 0.1 (V)
SetMagnetDAC 5.86766344828 ===>> OK
Magnet settling time: 1.049
GetData ===>> H2,0.16144772763501,H1,72.3896457156664,AX,5.79001254409745,L1,0.0351257492826127,L2,-0.139014352...
setting magnet DAC
current  : 5.867663
requested: 5.868698
Delta Dac: 0.001034
Checking detector protection. dv=0.00103
Checking detector "CDD". Protection Threshold: 0.1 (V)
SetMagnetDAC 5.86869793103 ===>> OK
Magnet settling time: 1.049
GetData ===>> H2,0.102760498272221,H1,245.449532287194,AX,19.5867477551242,L1,0.101802130665988,L2,-0.051727563...
setting magnet DAC
current  : 5.868698
requested: 5.869732
Delta Dac: 0.001034
Checking detector protection. dv=0.00103
Checking detector "CDD". Protection Threshold: 0.1 (V)
SetMagnetDAC 5.86973241379 ===>> OK
Magnet settling time: 1.049
GetData ===>> H2,0.0790881317092131,H1,657.93512696288,AX,57.3698254230463,L1,0.283726642675046,L2,-0.107795336...
setting magnet DAC
current  : 5.869732
requested: 5.870767
Delta Dac: 0.001034
Checking detector protection. dv=0.00103
Checking detector "CDD". Protection Threshold: 0.1 (V)
SetMagnetDAC 5.87076689655 ===>> OK
Magnet settling time: 1.049
GetData ===>> H2,0.039352196940866,H1,1276.83880803121,AX,123.603397763534,L1,0.772309962487669,L2,0.0624199465...
setting magnet DAC
current  : 5.870767
requested: 5.871801
Delta Dac: 0.001034
Checking detector protection. dv=0.00103
Checking detector "CDD". Protection Threshold: 0.1 (V)
SetMagnetDAC 5.87180137931 ===>> OK
Magnet settling time: 1.049
GetData ===>> H2,0.0705168874595085,H1,1897.35224778695,AX,201.315764341221,L1,1.50432201411091,L2,0.2557927253...
setting magnet DAC
current  : 5.871801
requested: 5.872836
Delta Dac: 0.001034
Checking detector protection. dv=0.00103
Checking detector "CDD". Protection Threshold: 0.1 (V)
SetMagnetDAC 5.87283586207 ===>> OK
Magnet settling time: 1.049
GetData ===>> H2,0.0795026801902412,H1,2316.10621352558,AX,264.286978949172,L1,2.27388448247937,L2,0.3868544740...
setting magnet DAC
current  : 5.872836
requested: 5.873870
Delta Dac: 0.001034
Checking detector protection. dv=0.00103
Checking detector "CDD". Protection Threshold: 0.1 (V)
SetMagnetDAC 5.87387034483 ===>> OK
Magnet settling time: 1.049
GetData ===>> H2,0.00358540254048034,H1,2504.82439830836,AX,299.478005352947,L1,2.92307046300743,L2,0.488376167...
setting magnet DAC
current  : 5.873870
requested: 5.874905
Delta Dac: 0.001034
Checking detector protection. dv=0.00103
Checking detector "CDD". Protection Threshold: 0.1 (V)
SetMagnetDAC 5.87490482759 ===>> OK
Magnet settling time: 1.049
GetData ===>> H2,-0.180725595635954,H1,2566.51351445427,AX,313.419602781937,L1,3.37595549484983,L2,0.5798742697...
setting magnet DAC
current  : 5.874905
requested: 5.875939
Delta Dac: 0.001034
Checking detector protection. dv=0.00103
Checking detector "CDD". Protection Threshold: 0.1 (V)
SetMagnetDAC 5.87593931034 ===>> OK
Magnet settling time: 1.049
GetData ===>> H2,-0.04487064257594,H1,2585.10069193857,AX,317.901312221321,L1,3.78150474584138,L2,0.54434353178...
setting magnet DAC
current  : 5.875939
requested: 5.876974
Delta Dac: 0.001034
Checking detector protection. dv=0.00103
Checking detector "CDD". Protection Threshold: 0.1 (V)
SetMagnetDAC 5.8769737931 ===>> OK
Magnet settling time: 1.049
GetData ===>> H2,0.18027454465974,H1,2587.0108997607,AX,318.033351104946,L1,3.87164864641431,L2,0.6052843015428...
setting magnet DAC
current  : 5.876974
requested: 5.878008
Delta Dac: 0.001034
Checking detector protection. dv=0.00103
Checking detector "CDD". Protection Threshold: 0.1 (V)
SetMagnetDAC 5.87800827586 ===>> OK
Magnet settling time: 1.049
GetData ===>> H2,0.15110528626781,H1,2586.21380104462,AX,317.881887898782,L1,3.94818115469779,L2,0.806739662172...
setting magnet DAC
current  : 5.878008
requested: 5.879043
Delta Dac: 0.001034
Checking detector protection. dv=0.00103
Checking detector "CDD". Protection Threshold: 0.1 (V)
SetMagnetDAC 5.87904275862 ===>> OK
Magnet settling time: 1.049
GetData ===>> H2,-0.0120003790270427,H1,2586.30314953769,AX,317.974563711012,L1,3.97292581067616,L2,0.706079518...
setting magnet DAC
current  : 5.879043
requested: 5.880077
Delta Dac: 0.001034
Checking detector protection. dv=0.00103
Checking detector "CDD". Protection Threshold: 0.1 (V)
SetMagnetDAC 5.88007724138 ===>> OK
Magnet settling time: 1.049
GetData ===>> H2,0.002761418668967,H1,2586.96538376449,AX,318.125716634698,L1,4.04250464342419,L2,0.67792637377...
setting magnet DAC
current  : 5.880077
requested: 5.881112
Delta Dac: 0.001034
Checking detector protection. dv=0.00103
Checking detector "CDD". Protection Threshold: 0.1 (V)
SetMagnetDAC 5.88111172414 ===>> OK
Magnet settling time: 1.049
GetData ===>> H2,-0.108391738004448,H1,2584.95428281955,AX,317.794740901037,L1,4.08153670937687,L2,0.6936472416...
setting magnet DAC
current  : 5.881112
requested: 5.882146
Delta Dac: 0.001034
Checking detector protection. dv=0.00103
Checking detector "CDD". Protection Threshold: 0.1 (V)
SetMagnetDAC 5.8821462069 ===>> OK
Magnet settling time: 1.049
GetData ===>> H2,-0.182367420444075,H1,2582.89463596988,AX,317.357980452172,L1,4.0893887194736,L2,0.57088745374...
setting magnet DAC
current  : 5.882146
requested: 5.883181
Delta Dac: 0.001034
Checking detector protection. dv=0.00103
Checking detector "CDD". Protection Threshold: 0.1 (V)
SetMagnetDAC 5.88318068966 ===>> OK
Magnet settling time: 1.049
GetData ===>> H2,-0.0622890061547297,H1,2578.13899697871,AX,316.202252161333,L1,4.04816918984694,L2,0.635323885...
setting magnet DAC
current  : 5.883181
requested: 5.884215
Delta Dac: 0.001034
Checking detector protection. dv=0.00103
Checking detector "CDD". Protection Threshold: 0.1 (V)
SetMagnetDAC 5.88421517241 ===>> OK
Magnet settling time: 1.049
GetData ===>> H2,-0.0608856801772657,H1,2559.04840137071,AX,311.436774587975,L1,3.9972983441521,L2,0.7617931429...
setting magnet DAC
current  : 5.884215
requested: 5.885250
Delta Dac: 0.001034
Checking detector protection. dv=0.00103
Checking detector "CDD". Protection Threshold: 0.1 (V)
SetMagnetDAC 5.88524965517 ===>> OK
Magnet settling time: 1.049
GetData ===>> H2,-0.166583650189206,H1,2489.99169952088,AX,296.170295619099,L1,3.87545846623937,L2,0.5991313001...
setting magnet DAC
current  : 5.885250
requested: 5.886284
Delta Dac: 0.001034
Checking detector protection. dv=0.00103
Checking detector "CDD". Protection Threshold: 0.1 (V)
SetMagnetDAC 5.88628413793 ===>> OK
Magnet settling time: 1.049
GetData ===>> H2,-0.203655048087379,H1,2278.87984330281,AX,254.623255621928,L1,3.4227049049549,L2,0.51620722188...
setting magnet DAC
current  : 5.886284
requested: 5.887319
Delta Dac: 0.001034
Checking detector protection. dv=0.00103
Checking detector "CDD". Protection Threshold: 0.1 (V)
SetMagnetDAC 5.88731862069 ===>> OK
Magnet settling time: 1.049
GetData ===>> H2,-0.253757612001461,H1,1820.93293006347,AX,182.089819219276,L1,2.65636791840794,L2,0.2717394902...
setting magnet DAC
current  : 5.887319
requested: 5.888353
Delta Dac: 0.001034
Checking detector protection. dv=0.00103
Checking detector "CDD". Protection Threshold: 0.1 (V)
SetMagnetDAC 5.88835310345 ===>> OK
Magnet settling time: 1.049
GetData ===>> H2,-0.393095002055228,H1,1177.32380371239,AX,101.395300628903,L1,1.83524981455464,L2,-0.023772653...
setting magnet DAC
current  : 5.888353
requested: 5.889388
Delta Dac: 0.001034
Checking detector protection. dv=0.00103
Checking detector "CDD". Protection Threshold: 0.1 (V)
SetMagnetDAC 5.88938758621 ===>> OK
Magnet settling time: 1.049
GetData ===>> H2,-0.29042083999599,H1,579.303983862666,AX,42.0227517200396,L1,1.15770733714338,L2,-0.0836107680...
setting magnet DAC
current  : 5.889388
requested: 5.890422
Delta Dac: 0.001034
Checking detector protection. dv=0.00103
Checking detector "CDD". Protection Threshold: 0.1 (V)
SetMagnetDAC 5.89042206897 ===>> OK
Magnet settling time: 1.049
GetData ===>> H2,-0.27454051025191,H1,217.09397717602,AX,12.9379167609649,L1,0.738276820896444,L2,0.00423597808...
setting magnet DAC
current  : 5.890422
requested: 5.891457
Delta Dac: 0.001034
Checking detector protection. dv=0.00103
Checking detector "CDD". Protection Threshold: 0.1 (V)
SetMagnetDAC 5.89145655172 ===>> OK
Magnet settling time: 1.049
GetData ===>> H2,-0.186493846557807,H1,32.4871678596565,AX,1.08182276527191,L1,0.317059085266745,L2,-0.02919126...
setting magnet DAC
current  : 5.891457
requested: 5.892491
Delta Dac: 0.001034
Checking detector protection. dv=0.00103
Checking detector "CDD". Protection Threshold: 0.1 (V)
SetMagnetDAC 5.89249103448 ===>> OK
Magnet settling time: 1.049
set states for children of E. state=False
handle state [('E', False)]
update switch state E False args=() kw={'refresh': False} ncanvase=2
refresh_canvas_needed fired
GetData ===>> H2,-0.271195695648032,H1,7.62984646331757,AX,-0.0273851848510833,L1,0.195673053007573,L2,-0.01038...
setting magnet DAC
current  : 5.892491
requested: 5.893526
Delta Dac: 0.001034
Checking detector protection. dv=0.00103
Checking detector "CDD". Protection Threshold: 0.1 (V)
SetMagnetDAC 5.89352551724 ===>> OK
Magnet settling time: 1.049
State checksums do not match. Local:-861571959 Remote:498999145
State checksum failed
GetData ===>> H2,-0.186127353568745,H1,1.45589413446758,AX,-0.274839556244486,L1,0.0965727674180433,L2,0.073951...
setting magnet DAC
current  : 5.893526
requested: 5.894560
Delta Dac: 0.001034
Checking detector protection. dv=0.00103
Checking detector "CDD". Protection Threshold: 0.1 (V)
SetMagnetDAC 5.89456 ===>> OK
Magnet settling time: 1.049
set states for children of D. state=False
handle state [('D', False)]
update switch state D False args=() kw={'refresh': False} ncanvase=2
refresh_canvas_needed fired
GetData ===>> H2,-0.170243580446555,H1,0.0793106308072169,AX,-0.226264753724361,L1,0.105273799220984,L2,-0.0964...
result of _do_sweep=True
result of _calculate_peak_center=([5.8718646092184379, 5.8794998797595195, 5.8871351503006011], [1922.947430061562, 2586.9869388774514, 1902.1519717904105], 5.8770048897795597, 2586.9869388774514)
Failed to find a valid peak. No peak greater than 1.0. max = 0.0579234774526
new center pos Detector(H1) (Ar40) @ 5.87949987976
GetHighVoltage ===>> 4500
GetDeflection H1 ===>> 0
dac uncorrected for HV and deflection 5.87949987976
update mftable H1 Ar40 5.87949987976 message=automated run peakcenter
get initial guess parabolic
get initial guess parabolic
get initial guess parabolic
get initial guess parabolic
get initial guess parabolic
get initial guess parabolic
dump mftable to /Users/jan/PychronDev/setupfiles/spectrometer/mftables/mftable.csv
add to repo msg=modified - automated run peakcenter
locally archiving mftable
setting magnet DAC
current  : 5.894560
requested: 5.879500
Delta Dac: 0.015060
Checking detector protection. dv=0.01506
Checking detector "CDD". Protection Threshold: 0.1 (V)
SetMagnetDAC 5.87949987976 ===>> OK
Magnet settling time: 0.500
sweep finished
setting integration time = 1.048576
SetIntegrationTime 1.048576 ===>> OK
Failed to find a valid peak. No peak greater than 1.0. max = 0.0579234774526
flush and close file /Users/jan/PychronDev/data/isotopes/6c/479fad-715a-4ca9-8309-ae93a67ff5d6.h5
finished measure script
executed snippet estimated_duration=226.132928, duration=272.81775713
jan_unknown120_60.py completed successfully
Measurement Finished
04:37:17 -- ******* Measurement Finished *******
Post Measurement Started jan_pump_ms.py
04:37:17 -- ******* Post Measurement Started jan_pump_ms.py *******
testing...
no interpolation path defined
executed snippet estimated_duration=0, duration=2.90870666504e-05
Pumping spectrometer
open () {'name': 'O'}
opening name=O desc=---
checking ownership. requestor=129.138.12.150
check software interlocks O
interlocks []
actuate state mode=None-script, software_lock=False
doing actuation None-script open_channel True
Open O ===>> OK
GetIndicatorState O ===>> OK
change switch state (True, True)
update switch state O True args=() kw={} ncanvase=2
04:37:17 -- OPEN   VALVE-O (Jan Ion Pump)
---------------------------------------- open O () result=[(True, True)], time=0.09 sec
action=open, ok=True, locked=[False]
executed snippet estimated_duration=0, duration=0.34922504425
jan_pump_ms.py completed successfully
setting _ms_pumptime
Post Measurement Finished
04:37:17 -- ******* Post Measurement Finished *******
$$$$$$$$$$$$$$$$$$$$ state at run end measurement
state changed from measurement to success
post measurement save measured=True aborted=False
Set filtering
setting fod for Ar40= {'filter_outliers': True, 'std_devs': 2, 'iterations': 1}
setting fod for H1= {'filter_outliers': True, 'std_devs': 2, 'iterations': 1}
setting fod for PM41= {'filter_outliers': False, 'std_devs': 2, 'iterations': 1}
setting fod for H2= {'filter_outliers': True, 'std_devs': 2, 'iterations': 1}
setting fod for Ar36= {'filter_outliers': True, 'std_devs': 2, 'iterations': 1}
setting fod for CDD= {'filter_outliers': True, 'std_devs': 10, 'iterations': 1}
setting fod for Ar37= {'filter_outliers': True, 'std_devs': 2, 'iterations': 1}
setting fod for L2= {'filter_outliers': True, 'std_devs': 2, 'iterations': 1}
setting fod for Ar38= {'filter_outliers': True, 'std_devs': 2, 'iterations': 1}
setting fod for L1= {'filter_outliers': True, 'std_devs': 2, 'iterations': 1}
setting fod for Ar39= {'filter_outliers': True, 'std_devs': 2, 'iterations': 1}
setting fod for AX= {'filter_outliers': True, 'std_devs': 2, 'iterations': 1}
persistence save...
persistence save - db
post measurement save
7507483728 connecting to database sqlite:////Users/jan/PychronDev/.appdata/local_lab.db
connected to db sqlite:////Users/jan/PychronDev/.appdata/local_lab.db
create new session 7507483728
close session 7507483728
No database instance. Not saving post measurement to isotopedb database
$$$$$$$$$$$$$$$ auto_save_detector_ic=False
massspec enabled True
create new session 4979675504
MassSpec Database Version: 16.0
close session 4979675504
saving post measurement to secondary database
saving to massspec database 129.138.12.160/massspecdata
setting labnumber to 25347
setting aliquot to 5
setting step to 
setting uuid to 6c479fad-715a-4ca9-8309-ae93a67ff5d6
setting irradpos to 25347
setting extract_device to Fusions CO2
setting tray to 
setting position to 215
setting power_requested to 5.0
setting extract_value to 5.0
setting duration to 30.0
setting duration_at_request to 30.0
setting first_stage_delay to 30.0
setting cleanup to 30.0
setting comment to Q:12
setting irradiation to NM-288
setting level to Q
setting irradiation_level to Q
setting sample to FC-2
setting material to Sanidine
setting project to Irradiation-NM-288
setting mass_spectrometer to Jan
no attribute chron_dosages
no attribute production_ratios
no attribute interference_corrections
no attribute production_name
no attribute j
Reference Isotope=Ar40
Reference Detector=H1
set states for children of B. state=False
handle state [('B', False)]
update switch state B False args=() kw={'refresh': False} ncanvase=2
%%%%%%%%%%%%%%%%%%%% Comment: Q:12 %%%%%%%%%%%%%%%%%%%
refresh_canvas_needed fired
adding isotope PM41 H2
add baseline dbdet= PM41. original det= H2
get baseline data PM41 H2
Get data baseline <pychron.processing.isotope.Baseline object at 0x1bbc44e90> len t=60
baseline PM41. v=-0.206924177128, e=0.00864758133139
get signal data PM41 H2
Get data signal PM41 0.18+/-0.06 len t=120
adding isotope Ar40 H1
add baseline dbdet= Ar40. original det= H1
get baseline data Ar40 H1
Get data baseline <pychron.processing.isotope.Baseline object at 0x1bb896650> len t=60
baseline Ar40. v=0.0173697672055, e=0.00659893007351
get signal data Ar40 H1
Get data signal Ar40 2856.66+/-0.13 len t=120
adding isotope Ar39 AX
add baseline dbdet= Ar39. original det= AX
get baseline data Ar39 AX
Get data baseline <pychron.processing.isotope.Baseline object at 0x1bb896790> len t=60
baseline Ar39. v=-0.0834670161766, e=0.00736664399903
get signal data Ar39 AX
Get data signal Ar39 349.995+/-0.033 len t=120
adding isotope Ar38 L1
add baseline dbdet= Ar38. original det= L1
get baseline data Ar38 L1
Get data baseline <pychron.processing.isotope.Baseline object at 0x1bb8968d0> len t=60
baseline Ar38. v=-0.0267269181275, e=0.00345228590588
get signal data Ar38 L1
Get data signal Ar38 4.493+/-0.005 len t=120
adding isotope Ar37 L2
add baseline dbdet= Ar37. original det= L2
get baseline data Ar37 L2
Get data baseline <pychron.processing.isotope.Baseline object at 0x1bb896810> len t=60
baseline Ar37. v=-0.0290845737075, e=0.00653000203798
get signal data Ar37 L2
Get data signal Ar37 0.774+/-0.012 len t=120
adding isotope Ar36 CDD
add baseline dbdet= Ar36. original det= CDD
get baseline data Ar36 CDD
Get data baseline <pychron.processing.isotope.Baseline object at 0x1bb896990> len t=60
baseline Ar36. v=0.000555764221269, e=3.62348053568e-05
get signal data Ar36 CDD
Get data signal Ar36 0.0500+/-0.0005 len t=120
25347-05 added analysis time 0.520158052444s
analysis added to mass spec database
mass spec save time= 0.528
persistence save - dvc
================= post measurement started
create new session 4982376208
close session 4982376208
---------------- Experiment Queue saving disabled
DVC saving peakcenter
Failed to find a valid peak. No peak greater than 1.0. max = 0.0579234774526
Smart pull ahead: 0 behind: 0
Up-to-date with origin
add to repo msg=modified - ad8224ebc6dbfeb9f5997218dfa5fe690569839d.json
add to repo msg=modified - 47-05.json
add to repo msg=modified - 47-05.dat.json
add to repo msg=modified - 47-05.blan.json
add to repo msg=modified - 47-05.inte.json
add to repo msg=modified - 47-05.icfa.json
add to repo msg=modified - 47-05.base.json
not at valid file /Users/jan/PychronDev/data/.dvc/repositories/Load1788/253/tags/47-05.tags.json
add to repo msg=modified - 47-05.peak.json
add to repo msg=modified - 47-05.extr.json
not at valid file /Users/jan/PychronDev/data/.dvc/repositories/Load1788/253/monitor/47-05.moni.json
commit message=<COLLECTION>
add to repo msg=modified - 47-05.inte.json
add to repo msg=modified - 47-05.base.json
commit message=<ISOEVO> default collection fits
add to repo msg=modified - 47-05.blan.json
commit message=<BLANKS> preceding bc-02-J-346
add to repo msg=modified - 47-05.icfa.json
commit message=<ICFactor> default
push repository <pychron.git_archive.repo_manager.GitRepoManager object at 0x1cb34cef0>
pushing to remote=origin, url=https://github.com
no changes to meta repo
create new session 4982376208
add association Load1788
get identifier "25347"
setting analysis irradiation position=<pychron.dvc.dvc_orm.IrradiationPositionTbl object at 0x1a5145cd0>
close session 4982376208
================= post measurement finished
04:37:31 -- ******* Post Run Check *******
loading queue conditionals post_run_actions
loading system conditionals post_run_actions
loading conditionals from /Users/jan/PychronDev/setupfiles/spectrometer/default_conditionals.yaml
loading queue conditionals post_run_terminations
loading system conditionals post_run_terminations
loading conditionals from /Users/jan/PychronDev/setupfiles/spectrometer/default_conditionals.yaml
Checking default post run terminations n=1
GetDeflection CDD ===>> 50
testing CDD==2000
evaluate ot="CDD.deflection==2000" t="CDD==2000", ctx="{'CDD': 50.0}"
04:37:32 -- ******* Post Run Check Passed *******
04:37:32 -- Automated run 25347-05 success duration: 365.926 s
----------------- finish -----------------
----------------- stop -----------------
retroactive repository identifiers disabled
finish run. runs completed=126
update duration runid=25347-05, duration=365.92565012, md5=301e91d8
loading script "jan_unknown120_60.py"
loading script "jan_pump_ms.py"
loading script "jan_co2.py"
loading script "jan_pump_extraction_line.py"
testing...
no interpolation path defined
executed snippet estimated_duration=213.652928, duration=0.000342845916748
script duration name:unknown120_60 seconds:214.0
loading script "jan_unknown120_60.py"
loading script "jan_pump_ms.py"
loading script "jan_co2.py"
loading script "jan_pump_extraction_line.py"
testing...
no interpolation path defined
executed snippet estimated_duration=0, duration=2.78949737549e-05
loading script "jan_unknown120_60.py"
loading script "jan_pump_ms.py"
loading script "jan_co2.py"
loading script "jan_pump_extraction_line.py"
testing...
no interpolation path defined
calculate duration
testing...
no interpolation path defined
executed snippet estimated_duration=0, duration=5.60283660889e-05
calculate duration
testing...
no interpolation path defined
executed snippet estimated_duration=0, duration=9.51290130615e-05
executed snippet estimated_duration=0.0, duration=0.00244808197021
script duration name:co2 seconds:0.0
loading script "jan_unknown120_60.py"
loading script "jan_pump_ms.py"
loading script "jan_co2.py"
loading script "jan_pump_extraction_line.py"
testing...
no interpolation path defined
calculate duration
testing...
no interpolation path defined
executed snippet estimated_duration=4.0, duration=0.000248908996582
executed snippet estimated_duration=4.0, duration=0.00184917449951
Script duration 214.0
Run total estimated duration= 215.000
unknown120_60 in script context. using previous estimated duration
script duration name:unknown120_60 seconds:214.0
pump_ms in script context. using previous estimated duration
co2 in script context. using previous estimated duration
script duration name:co2 seconds:0.0
pump_extraction_line in script context. using previous estimated duration
Script duration 214.0
Run total estimated duration= 215.000
script duration name:unknown120_60 seconds:214.0
script duration name:co2 seconds:0.0
Script duration 214.0
Run total estimated duration= 215.000
script duration name:unknown120_60 seconds:214.0
script duration name:co2 seconds:0.0
Script duration 214.0
Run total estimated duration= 215.000
script duration name:unknown120_60 seconds:214.0
script duration name:co2 seconds:0.0
Script duration 214.0
Run total estimated duration= 215.000
loading script "jan_unknown400_120.py"
loading script "jan_pump_ms.py"
loading script "jan_co2.py"
loading script "jan_pump_extraction_line.py"
testing...
no interpolation path defined
executed snippet estimated_duration=556.052928, duration=0.000276803970337
script duration name:unknown400_120 seconds:556.0
script duration name:co2 seconds:0.0
Script duration 556.0
Run total estimated duration= 557.000
unknown400_120 in script context. using previous estimated duration
script duration name:unknown400_120 seconds:556.0
loading script "jan_unknown400_120.py"
loading script "jan_pump_ms.py"
loading script "jan_sniffair_x2.py"
loading script "jan_pump_extraction_line.py"
testing...
no interpolation path defined
calculate duration
testing...
no interpolation path defined
executed snippet estimated_duration=0, duration=5.57899475098e-05
calculate duration
testing...
no interpolation path defined
executed snippet estimated_duration=0, duration=0.000110864639282
calculate duration
testing...
no interpolation path defined
executed snippet estimated_duration=32.0, duration=0.000184059143066
calculate duration
testing...
no interpolation path defined
executed snippet estimated_duration=34.0, duration=0.000139951705933
calculate duration
testing...
no interpolation path defined
executed snippet estimated_duration=4.0, duration=7.39097595215e-05
calculate duration
testing...
no interpolation path defined
executed snippet estimated_duration=36.0, duration=0.000130176544189
calculate duration
testing...
no interpolation path defined
executed snippet estimated_duration=34.0, duration=0.00015115737915
calculate duration
testing...
no interpolation path defined
executed snippet estimated_duration=4.0, duration=9.51290130615e-05
calculate duration
testing...
no interpolation path defined
executed snippet estimated_duration=36.0, duration=8.70227813721e-05
calculate duration
testing...
no interpolation path defined
executed snippet estimated_duration=70.0, duration=0.000102043151855
executed snippet estimated_duration=250.0, duration=0.0191049575806
script duration name:sniffair_x2 seconds:250.0
Script duration 806.0
Run total estimated duration= 807.000
script duration name:unknown400_120 seconds:556.0
sniffair_x2 in script context. using previous estimated duration
script duration name:sniffair_x2 seconds:250.0
Script duration 806.0
Run total estimated duration= 807.000
loading script "jan_ic_peak_hop3.py"
loading script "jan_pump_ms.py"
loading script "jan_sniffair_x1.py"
loading script "jan_pump_extraction_line.py"
testing...
no interpolation path defined
executed snippet estimated_duration=133.8, duration=0.00805592536926
script duration name:ic_peak_hop3 seconds:134.0
loading script "jan_ic_peak_hop3.py"
loading script "jan_pump_ms.py"
loading script "jan_sniffair_x1.py"
loading script "jan_pump_extraction_line.py"
testing...
no interpolation path defined
calculate duration
testing...
no interpolation path defined
executed snippet estimated_duration=0, duration=6.29425048828e-05
calculate duration
testing...
no interpolation path defined
executed snippet estimated_duration=0, duration=0.000114917755127
calculate duration
testing...
no interpolation path defined
executed snippet estimated_duration=32.0, duration=0.000121831893921
calculate duration
testing...
no interpolation path defined
executed snippet estimated_duration=34.0, duration=9.58442687988e-05
calculate duration
testing...
no interpolation path defined
executed snippet estimated_duration=4.0, duration=8.70227813721e-05
calculate duration
testing...
no interpolation path defined
executed snippet estimated_duration=70.0, duration=9.89437103271e-05
executed snippet estimated_duration=140.0, duration=0.0221788883209
script duration name:sniffair_x1 seconds:140.0
Script duration 274.0
Run total estimated duration= 275.000
script duration name:unknown120_60 seconds:214.0
script duration name:co2 seconds:0.0
Script duration 214.0
Run total estimated duration= 215.000
script duration name:unknown120_60 seconds:214.0
script duration name:co2 seconds:0.0
Script duration 214.0
Run total estimated duration= 215.000
nruns=11 before=5.0, run_dur=3951.0, btw=450.0
write rem/ex queues
/Users/jan/PychronDev/experiments/rem/CurrentExperiment.rem.txt
/Users/jan/PychronDev/experiments/rem/CurrentExperiment.ex.txt
doing event level: 3
