do run
loading script "jan_unknown120_60.py"
loading script "jan_pump_ms.py"
loading script "jan_co2.py"
loading script "jan_pump_extraction_line.py"
testing...
no interpolation path defined
executed snippet estimated_duration=213.652928, duration=0.000257968902588
script duration name:unknown120_60 seconds:214.0
loading script "jan_unknown120_60.py"
loading script "jan_pump_ms.py"
loading script "jan_co2.py"
loading script "jan_pump_extraction_line.py"
testing...
no interpolation path defined
executed snippet estimated_duration=0, duration=2.59876251221e-05
loading script "jan_unknown120_60.py"
loading script "jan_pump_ms.py"
loading script "jan_co2.py"
loading script "jan_pump_extraction_line.py"
testing...
no interpolation path defined
calculate duration
testing...
no interpolation path defined
executed snippet estimated_duration=0, duration=5.79357147217e-05
calculate duration
testing...
no interpolation path defined
executed snippet estimated_duration=0, duration=9.41753387451e-05
executed snippet estimated_duration=0.0, duration=0.00256395339966
script duration name:co2 seconds:0.0
loading script "jan_unknown120_60.py"
loading script "jan_pump_ms.py"
loading script "jan_co2.py"
loading script "jan_pump_extraction_line.py"
testing...
no interpolation path defined
calculate duration
testing...
no interpolation path defined
executed snippet estimated_duration=4.0, duration=0.000220060348511
executed snippet estimated_duration=4.0, duration=0.00113201141357
Script duration 214.0
Run total estimated duration= 215.000
run duration: 0:03:35
doing event level: 2
03:57:47 -- Setting default integration. t=1.048576
setting integration time = 1.048576
SetIntegrationTime 1.048576 ===>> OK
----------------- start -----------------
**************** Experiment Type: Ar/Ar, Ar/Ar
create new session 4419362736
close session 4419362736
$$$$$ Clearing conditionals
adding conditionals 
Add queue conditionals
add default conditionals
adding default conditionals from /Users/jan/PychronDev/setupfiles/spectrometer/default_conditionals.yaml
Start automated run 25347-02
loading script "jan_unknown120_60.py"
loading script "jan_pump_ms.py"
loading script "jan_co2.py"
loading script "jan_pump_extraction_line.py"
%%%%%%%%%%%%%%%%%% setting automated run 25347-02
No value "sensitivity_multiplier" in metadata
$$$$$$$$$$$$$$$ auto_save_detector_ic=False
============================= Pre Extraction Check =============================
loading queue conditionals pre_run_terminations
loading system conditionals pre_run_terminations
loading conditionals from /Users/jan/PychronDev/setupfiles/spectrometer/default_conditionals.yaml
03:57:47 -- ******* Pre Extraction Check *******
Get a measurement from the spectrometer
GetData ===>> H2,-0.0954420309638634,H1,0.00633169207839863,AX,0.0123560200529316,L1,0.0315348331497705,L2,0.04...
Pre Extraction Termination data. keys=H2,H1,AX,L1,L2,CDD, signals=-0.09544,0.00633,0.01236,0.03153,0.04353,0.00447
03:57:47 -- testing system defined conditionals
Checking default pre extraction terminations n=2
testing CDD
evaluate ot="CDD.inactive" t="CDD", ctx="{'CDD': False}"
GetDeflection CDD ===>> 50
testing CDD==2000
evaluate ot="CDD.deflection==2000" t="CDD==2000", ctx="{'CDD': 50.0}"
03:57:47 -- ******* Pre Extraction Check Passed *******
=================================================================================
03:57:47 -- stopping status monitor
stop 4976433200
Alive clients [4982646160]
03:57:47 -- starting status monitor
start 4976433200
Monitor already running
start extraction
do extraction
Analysis started at 03:57:47.400810
Extraction Started jan_co2.py
03:57:47 -- ******* Extraction Started jan_co2.py *******
state changed from not run to extraction
DO EXTRACTION <pychron.extraction_line.pyscript_runner.RemotePyScriptRunner object at 0x12b9a8890>
testing...
no interpolation path defined
calculate duration
testing...
no interpolation path defined
executed snippet estimated_duration=0, duration=4.79221343994e-05
calculate duration
testing...
no interpolation path defined
executed snippet estimated_duration=0, duration=9.51290130615e-05
executed snippet estimated_duration=100.0, duration=0.00233006477356
Jan CO2 laser analysis
doing GOSUB
testing...
no interpolation path defined
executed snippet estimated_duration=0, duration=4.60147857666e-05
Waiting for CO2 access
wait ('FelixCO2Flag', 0) {}
waiting for FelixCO2Flag = 0
Read FelixCO2Flag ===>> 0
finished waiting
CO2 free
wait ('CO2PumpTimeFlag', 0) {}
waiting for CO2PumpTimeFlag = 0
Read CO2PumpTimeFlag ===>> 0
finished waiting
acquire ('JanCO2Flag',) {'clear': True}
acquire JanCO2Flag
Set JanCO2Flag 1 ===>> OK
JanCO2Flag acquired
set extraction state False (0.75, 'red', 1.5)
CO2 acquired
executed snippet estimated_duration=0, duration=0.0188510417938
WaitForCO2Access.py completed successfully
gosub finished
doing GOSUB
testing...
no interpolation path defined
executed snippet estimated_duration=0, duration=8.08238983154e-05
Prepare for CO2 analysis
close () {'description': 'Jan Inlet'}
closing name=--- desc=Jan Inlet
checking ownership. requestor=129.138.12.150
check software interlocks R
interlocks []
actuate state mode=None-script, software_lock=False
doing actuation None-script close_channel False
Close R ===>> OK
GetIndicatorState R ===>> False
change switch state (True, True)
update switch state R False args=() kw={} ncanvase=2
State checksums do not match. Local:1971109982 Remote:-2038898666
State checksum failed
03:57:47 -- CLOSE  VALVE-R (Jan Inlet)
---------------------------------------- close None (Jan Inlet) result=[(True, True)]
action=close, ok=True, locked=[False]
open () {'description': 'Jan Ion Pump'}
opening name=--- desc=Jan Ion Pump
checking ownership. requestor=129.138.12.150
check software interlocks O
interlocks []
actuate state mode=None-script, software_lock=False
doing actuation None-script open_channel False
Open O ===>> OK
GetIndicatorState O ===>> OK
change switch state (True, True)
update switch state O True args=() kw={} ncanvase=2
03:57:48 -- OPEN   VALVE-O (Jan Ion Pump)
---------------------------------------- open None (Jan Ion Pump) result=[(True, True)], time=0.10 sec
action=open, ok=True, locked=[False]
close () {'description': 'Microbone to Minibone'}
closing name=--- desc=Microbone to Minibone
checking ownership. requestor=129.138.12.150
check software interlocks L
interlocks []
actuate state mode=None-script, software_lock=False
doing actuation None-script close_channel False
Close L ===>> OK
set states for children of C. state=True
handle state [('C', True)]
update switch state C True args=() kw={'refresh': False} ncanvase=2
refresh_canvas_needed fired
GetIndicatorState L ===>> False
change switch state (True, True)
update switch state L False args=() kw={} ncanvase=2
03:57:49 -- CLOSE  VALVE-L (Microbone to Minibone)
---------------------------------------- close None (Microbone to Minibone) result=[(True, True)]
action=close, ok=True, locked=[False]
open () {'description': 'Microbone to Turbo'}
opening name=--- desc=Microbone to Turbo
checking ownership. requestor=129.138.12.150
check software interlocks U
interlocks []
actuate state mode=None-script, software_lock=False
doing actuation None-script open_channel False
Open U ===>> OK
GetIndicatorState U ===>> OK
change switch state (True, True)
update switch state U True args=() kw={} ncanvase=2
03:57:49 -- OPEN   VALVE-U (Microbone to Turbo)
---------------------------------------- open None (Microbone to Turbo) result=[(True, True)], time=0.24 sec
action=open, ok=True, locked=[False]
open () {'description': 'Microbone to Inlet Pipette'}
opening name=--- desc=Microbone to Inlet Pipette
checking ownership. requestor=129.138.12.150
check software interlocks S
interlocks []
actuate state mode=None-script, software_lock=False
doing actuation None-script open_channel False
Open S ===>> OK
GetIndicatorState S ===>> OK
change switch state (True, True)
update switch state S True args=() kw={} ncanvase=2
03:57:50 -- OPEN   VALVE-S (Microbone to Inlet Pipette)
---------------------------------------- open None (Microbone to Inlet Pipette) result=[(True, True)], time=0.60 sec
action=open, ok=True, locked=[False]
open () {'description': 'Microbone to Getter D-50'}
opening name=--- desc=Microbone to Getter D-50
checking ownership. requestor=129.138.12.150
check software interlocks K
interlocks []
actuate state mode=None-script, software_lock=False
doing actuation None-script open_channel False
Open K ===>> OK
set states for children of B. state=True
set states for children of D. state=True
handle state [('B', True), ('D', True)]
update switch state B True args=() kw={'refresh': True} ncanvase=2
update switch state D True args=() kw={'refresh': False} ncanvase=2
refresh_canvas_needed fired
GetIndicatorState K ===>> OK
change switch state (True, True)
update switch state K True args=() kw={} ncanvase=2
03:57:51 -- OPEN   VALVE-K (Microbone to Getter D-50)
---------------------------------------- open None (Microbone to Getter D-50) result=[(True, True)], time=0.44 sec
action=open, ok=True, locked=[False]
open () {'description': 'Microbone to Getter NP-10'}
opening name=--- desc=Microbone to Getter NP-10
checking ownership. requestor=129.138.12.150
check software interlocks M
interlocks []
actuate state mode=None-script, software_lock=False
doing actuation None-script open_channel False
Open M ===>> OK
GetIndicatorState M ===>> OK
change switch state (True, True)
update switch state M True args=() kw={} ncanvase=2
03:57:51 -- OPEN   VALVE-M (Microbone to Getter NP-10)
---------------------------------------- open None (Microbone to Getter NP-10) result=[(True, True)], time=0.15 sec
action=open, ok=True, locked=[False]
close () {'description': 'CO2 Laser to Felix'}
closing name=--- desc=CO2 Laser to Felix
checking ownership. requestor=129.138.12.150
check software interlocks F
interlocks []
actuate state mode=None-script, software_lock=True
VALVE-F(CO2 Laser to Felix) software locked
change switch state (True, False)
---------------------------------------- close None (CO2 Laser to Felix) result=[(True, False)]
action=close, ok=True, locked=[True]
open () {'description': 'CO2 Laser to Jan'}
opening name=--- desc=CO2 Laser to Jan
checking ownership. requestor=129.138.12.150
check software interlocks A
interlocks []
actuate state mode=None-script, software_lock=False
doing actuation None-script open_channel False
Open A ===>> OK
GetIndicatorState A ===>> OK
change switch state (True, True)
update switch state A True args=() kw={} ncanvase=2
03:57:52 -- OPEN   VALVE-A (CO2 Laser to Jan)
---------------------------------------- open None (CO2 Laser to Jan) result=[(True, True)], time=0.53 sec
action=open, ok=True, locked=[False]
open () {'description': 'Microbone to CO2 Laser'}
opening name=--- desc=Microbone to CO2 Laser
checking ownership. requestor=129.138.12.150
check software interlocks T
interlocks []
actuate state mode=None-script, software_lock=False
doing actuation None-script open_channel False
Open T ===>> OK
GetIndicatorState T ===>> OK
change switch state (True, True)
update switch state T True args=() kw={} ncanvase=2
03:57:53 -- OPEN   VALVE-T (Microbone to CO2 Laser)
---------------------------------------- open None (Microbone to CO2 Laser) result=[(True, True)], time=0.60 sec
set states for children of P. state=True
handle state [('P', True)]
update switch state P True args=() kw={'refresh': False} ncanvase=2
refresh_canvas_needed fired
action=open, ok=True, locked=[False]
executed snippet estimated_duration=0, duration=6.04647898674
PrepareForCO2Analysis.py completed successfully
gosub finished
set_motor ('beam', '1.25') {}
setting motor "beam" to 1.25
set motor beam to 1.25
SetMotor beam,1.25 ===>> OK
GetMotorMoving beam ===>> False
State checksums do not match. Local:-646558306 Remote:192129876
State checksum failed
GetMotorMoving beam ===>> False
Block completed
move_to_position ('212',) {'autocenter': True}
FusionsCO2 move to position 212
sending GoToHole 212,True
GoToHole 212,True ===>> OK
GetDriveMoving ===>> OK
set states for children of I. state=False
set states for children of Q. state=True
handle state [('I', False), ('Q', True)]
update switch state I False args=() kw={'refresh': True} ncanvase=2
update switch state Q True args=() kw={'refresh': False} ncanvase=2
refresh_canvas_needed fired
GetDriveMoving ===>> OK
GetDriveMoving ===>> OK
GetDriveMoving ===>> OK
GetDriveMoving ===>> OK
GetDriveMoving ===>> OK
GetDriveMoving ===>> False
GetDriveMoving ===>> OK
GetDriveMoving ===>> OK
GetDriveMoving ===>> OK
GetDriveMoving ===>> OK
GetDriveMoving ===>> OK
GetDriveMoving ===>> OK
GetDriveMoving ===>> False
Block completed
GetAutoCorrecting ===>> False
GetAutoCorrecting ===>> False
Block completed
update position
GetPosition ===>> 0.00000,-13.95730,1.00000
got position (0.0, -13.9573, 1.0)
move to position succeeded
sleep (5,) {}
SLEEP 5.0
block started
WaitControl setup for 5.0  
Join finished
block finished. duration 5.03314399719
close () {'description': 'Microbone to Turbo'}
closing name=--- desc=Microbone to Turbo
checking ownership. requestor=129.138.12.150
check software interlocks U
interlocks []
actuate state mode=None-script, software_lock=False
doing actuation None-script close_channel True
Close U ===>> OK
GetIndicatorState U ===>> False
change switch state (True, True)
update switch state U False args=() kw={} ncanvase=2
03:58:04 -- CLOSE  VALVE-U (Microbone to Turbo)
---------------------------------------- close None (Microbone to Turbo) result=[(True, True)]
action=close, ok=True, locked=[False]
enable laser
enable () {}
set extraction state FusionsCO2 Enabled (False, 'red', 1.5)
enabling laser
Enable ===>> OK
begin interval
BEGIN INTERVAL Interval 1 waiting for 30.0
block started
set extract to 5.0
WaitControl setup for 30.0  
extract (5.0,) {}
GetPosition ===>> 0.00000,-13.95730,1.00000
set extraction state FusionsCO2 ON! 5.0(watts) (0.75, 'red', 1.5)
extract sample to 5.0 (watts)
set laser output
SetLaserOutput 5.0,watts ===>> OK
executing pattern triangle.lp
execute_pattern ('triangle.lp',) {}
executing pattern triangle.lp
IsPatterning ===>> OK
IsPatterning ===>> OK
IsPatterning ===>> OK
IsPatterning ===>> OK
IsPatterning ===>> OK
IsPatterning ===>> OK
IsPatterning ===>> OK
IsPatterning ===>> OK
IsPatterning ===>> OK
IsPatterning ===>> OK
IsPatterning ===>> OK
IsPatterning ===>> OK
IsPatterning ===>> OK
IsPatterning ===>> OK
IsPatterning ===>> OK
IsPatterning ===>> OK
IsPatterning ===>> OK
IsPatterning ===>> OK
IsPatterning ===>> OK
IsPatterning ===>> OK
IsPatterning ===>> OK
IsPatterning ===>> OK
IsPatterning ===>> OK
IsPatterning ===>> OK
IsPatterning ===>> OK
IsPatterning ===>> OK
IsPatterning ===>> False
IsPatterning ===>> False
Block completed
COMPLETE INTERVAL waiting for Interval 1 to complete
Join finished
block finished. duration 30.1192829609
Interval 1 finished
end_extract () {}
ending extraction. set laser power to 0
set laser power 0
SetLaserPower 0 ===>> OK
disable () {}
%%%%%%%%%%%%%%%%%%%%%%%%%%%%%%%%%%% disable
set extraction state False (0.75, 'red', 1.5)
disabling laser
Disable ===>> OK
sleep (30.0,) {}
SLEEP 30.0
block started
WaitControl setup for 30.0  
Join finished
block finished. duration 30.0727119446
executed snippet estimated_duration=166.5, duration=78.636523962
jan_co2.py completed successfully
GetAchievedOutput ===>> No Response
Requested Output= 0.000
Achieved Output=  0.000
GetResponseBlob ===>> No Response
GetOutputBlob ===>> No Response
persistence save...
persistence save - db
AutomatedRunPersister post_extraction_save deprecated
persistence save - dvc
no extraction position for 212
create new session 4982376208
close session 4982376208
Extraction Finished
03:59:06 -- ******* Extraction Finished *******
no overlap. not waiting for min ms pumptime
03:59:06 -- Sending spectrometer configuration
======== Sending configuration ========
SetDeflection CDD,50.0 ===>> OK
SetDeflection H2,0.0 ===>> OK
SetDeflection H1,0.0 ===>> OK
SetDeflection L2,825.0 ===>> OK
SetDeflection L1,400.0 ===>> OK
SetDeflection AX,190.0 ===>> OK
SetZFocus 74.64 ===>> OK
SetZSymmetry -50.72 ===>> OK
SetExtractionLens 26.13 ===>> OK
SetIonRepeller -3.81 ===>> OK
SetElectronEnergy 75.08 ===>> OK
SetYSymmetry -2.81 ===>> OK
SetIonCounterVoltage 1590.0 ===>> OK
send trap current 200.0
GetParameter Trap Current Readback ===>> 198.147042666178
SetParameter Trap Current Set,200.0 ===>> OK
updating mftable name mftable
Using mftable located at /Users/jan/PychronDev/setupfiles/spectrometer/mftables/mftable.csv
============ MFtable ===========
Isotope  H2     H1     AX     L1     L2     CDD    
Ar40     5.8016 5.8796 5.9929 6.1415 6.2313 6.3697
Ar39     5.7008 5.7719 5.8853 6.0276 6.1164 6.2562
Ar36     5.3784 5.4409 5.5487 5.6864 5.7714 5.9073
================================
get initial guess parabolic
get initial guess parabolic
get initial guess parabolic
get initial guess parabolic
get initial guess parabolic
get initial guess parabolic
======== Configuration Finished ========
GetYSymmetry ===>> -2.81
GetZSymmetry ===>> -50.72
GetParameter Trap Current Readback ===>> 198.035158395898
GetHighVoltage ===>> 4500
start measurement
do measurement
L#=25347 analysis type=unknown
Measurement Started jan_unknown120_60.py
03:59:06 -- ******* Measurement Started jan_unknown120_60.py *******
state changed from extraction to measurement
setting spec, defl, and gains
GetExtractionLens ===>> 26.13
GetYSymmetry ===>> -2.81
GetZSymmetry ===>> -50.72
GetZFocus ===>> 74.64
GetDeflection H2 ===>> 0
GetDeflection H1 ===>> 0
GetDeflection AX ===>> 190
GetDeflection L1 ===>> 400
GetDeflection L2 ===>> 825
GetDeflection CDD ===>> 50
GetGain H2 ===>> 0.0113
GetGain H1 ===>> 0.1
GetGain AX ===>> 0.097049
GetGain L1 ===>> 0.010355
GetGain L2 ===>> 0.095649
GetGain CDD ===>> 0
pre measurement save
New frame /Users/jan/PychronDev/data/isotopes/c4/897c37-7067-49ed-b4e2-2fa5a01f9a90.h5
flush and close file /Users/jan/PychronDev/data/isotopes/c4/897c37-7067-49ed-b4e2-2fa5a01f9a90.h5
testing...
no interpolation path defined
executed snippet estimated_duration=226.132928, duration=0.000153064727783
unknown measurement script
activate_detectors ('H2', 'H1', 'AX', 'L1', 'L2', 'CDD') {}
activate detectors
*************** Set Analysis View Ar/Ar
create graphs
clearing graphs
clear isotope group
setting isotope det=H2, iso=PM41
setting isotope det=H1, iso=Ar40
setting isotope det=AX, iso=Ar39
setting isotope det=L1, iso=Ar38
setting isotope det=L2, iso=Ar37
setting isotope det=CDD, iso=Ar36
setting previous blanks
 - setting Ar40 blank 0.923+/-0.008
 - setting Ar36 blank 0.00749+/-0.00022
 - setting Ar37 blank 0.039+/-0.005
 - setting Ar38 blank 0.0154+/-0.0024
 - setting PM41 blank 0.02+/-0.06
 - setting Ar39 blank 0.003+/-0.010
load analysis view
position_magnet ('Ar40',) {'detector': 'H1'}
detector Detector(H1)
POSITION Ar40 H1
setting detector H2 to PM41 (40.9624)
setting detector H1 to Ar40 (39.9624)
setting detector AX to Ar39 (38.9624)
setting detector L1 to Ar38 (37.9624)
setting detector L2 to Ar37 (36.9624)
setting detector CDD to Ar36 (35.9624)
Mapping mass to dac mass func: "parabolic"
H1 map mass coeffs = [-0.00063987  0.15840543  0.57119999]
H1 map mass to dac 39.9624 >> 5.87959
GetDeflection H1 ===>> 0
GetHighVoltage ===>> 4500
positioning Ar40 (5.87959) on H1
setting magnet DAC
current  : 5.879590
requested: 5.879590
Delta Dac: 0.000000
Checking detector protection. dv=0.00000
Checking detector "CDD". Protection Threshold: 0.1 (V)
SetMagnetDAC 5.87959 ===>> OK
Magnet settling time: 0.500
equilibrate () {'delay': 3, 'inlet': 'R', 'outlet': 'O', 'eqtime': 12.0}
Equilibration Started
03:59:08 -- ******* Equilibration Started *******
checking ownership. requestor=129.138.12.150
check software interlocks O
interlocks []
actuate state mode=None-script, software_lock=False
doing actuation None-script close_channel True
Close O ===>> OK
GetIndicatorState O ===>> False
change switch state (True, True)
update switch state O False args=() kw={} ncanvase=2
03:59:08 -- CLOSE  VALVE-O (Jan Ion Pump)
waiting 3s before opening inlet value ('R',)
update labels <pychron.experiment.plot_panel.PlotPanel object at 0x1a882b890>
update labels "<pychron.graph.stacked_regression_graph.StackedRegressionGraph object at 0x1c51ede30>"
setting label 0 H2 PM41
setting label 1 H1 Ar40
setting label 2 AX Ar39
setting label 3 L1 Ar38
setting label 4 L2 Ar37
setting label 5 CDD Ar36
update labels "<pychron.graph.stacked_graph.StackedGraph object at 0x1b2317230>"
setting label 0 H2 PM41
setting label 1 H1 Ar40
setting label 2 AX Ar39
setting label 3 L1 Ar38
setting label 4 L2 Ar37
setting label 5 CDD Ar36
checking ownership. requestor=129.138.12.150
check software interlocks R
interlocks []
actuate state mode=None-script, software_lock=False
doing actuation None-script open_channel True
Open R ===>> OK
GetIndicatorState R ===>> OK
change switch state (True, True)
update switch state R True args=() kw={} ncanvase=2
03:59:11 -- OPEN   VALVE-R (Jan Inlet)
equilibrating for 12.0sec
set_time_zero () {}
sniff (12.0,) {}
py_sniff
build tables- sniff [Detector(H2), Detector(H1), Detector(AX), Detector(L1), Detector(L2), Detector(CDD)]
add group /sniff/PM41 (Group) '' table H2
add group /sniff/Ar40 (Group) '' table H1
add group /sniff/Ar39 (Group) '' table AX
add group /sniff/Ar38 (Group) '' table L1
add group /sniff/Ar37 (Group) '' table L2
add group /sniff/Ar36 (Group) '' table CDD
flush and close file /Users/jan/PychronDev/data/isotopes/c4/897c37-7067-49ed-b4e2-2fa5a01f9a90.h5
measuring sniff. ncounts=12.0
"sniff" increment series count="1" fit count="0" regressing="False"
starting measurement
GetData ===>> H2,-0.247471684906519,H1,0.0106740652455752,AX,-0.0299134106921668,L1,-0.00289796638219693,L2,-0....
GetData ===>> H2,0.48482671228445,H1,531.620270606137,AX,70.6504859908414,L1,0.255244825949157,L2,0.43269385298...
GetData ===>> H2,0.83598794721184,H1,1527.3174089146,AX,196.068623608554,L1,1.29603721795017,L2,0.6244313864481...
GetData ===>> H2,0.258820256388561,H1,1878.00805099392,AX,234.860358691107,L1,2.15306352545732,L2,0.60422065041...
GetData ===>> H2,0.0383243033208875,H1,1995.87147531744,AX,246.857485415512,L1,2.62393393153912,L2,0.5421947328...
GetData ===>> H2,0.0470851449717766,H1,2041.52201021186,AX,251.242279727717,L1,2.85170894966948,L2,0.5672746708...
GetData ===>> H2,0.0617673384049474,H1,2059.73765097324,AX,252.95838446773,L1,2.98738362785863,L2,0.53456002825...
GetData ===>> H2,0.0596395024529298,H1,2068.39830036325,AX,253.574223178365,L1,3.05996928766196,L2,0.4843781165...
GetData ===>> H2,-0.108249917641839,H1,2072.79222079951,AX,254.15480912536,L1,3.13703538234435,L2,0.59149206310...
GetData ===>> H2,-0.038427912650565,H1,2074.00051214332,AX,254.388594325922,L1,3.1790010235011,L2,0.57676423307...
GetData ===>> H2,-0.0223919345720906,H1,2074.28721518843,AX,254.184663908866,L1,3.18840937586813,L2,0.488593209...
Equilibration Finished
03:59:23 -- ******* Equilibration Finished *******
GetData ===>> H2,-0.0251605404671811,H1,2074.48730291496,AX,254.444921983066,L1,3.22289147046945,L2,0.512219436...
checking ownership. requestor=129.138.12.150
check software interlocks R
interlocks []
actuate state mode=None-script, software_lock=False
doing actuation None-script close_channel True
Close R ===>> OK
measurement finished
estimated time: 12.583 actual time: :12.683
flush and close file /Users/jan/PychronDev/data/isotopes/c4/897c37-7067-49ed-b4e2-2fa5a01f9a90.h5
set_fits () {}
using default fits file=/Users/jan/PychronDev/scripts/measurement/fits/nominal_linear.yaml
set "Ar40" to "('Linear', 'SEM')"
No fit for "PM41". defaulting to linear. check the measurement script "jan_unknown120_60.py"
set "PM41" to "linear"
set "Ar36" to "('Linear', 'SEM')"
set "Ar37" to "('linear', 'SEM')"
set "Ar38" to "('linear', 'SEM')"
set "Ar39" to "('Linear', 'SEM')"
set_baseline_fits () {}
using default fits file=/Users/jan/PychronDev/scripts/measurement/fits/nominal_linear.yaml
GetIndicatorState R ===>> False
set "H1" to "('average', 'SEM')"
change switch state (True, True)
set "H2" to "('average', 'SEM')"
update switch state R False args=() kw={} ncanvase=2
set "CDD" to "('average', 'SEM')"
set "L2" to "('average', 'SEM')"
set "L1" to "('average', 'SEM')"
set "AX" to "('average', 'SEM')"
multicollect () {'integration_time': 1, 'ncounts': 120}
build tables- signal [Detector(H2), Detector(H1), Detector(AX), Detector(L1), Detector(L2), Detector(CDD)]
03:59:25 -- CLOSE  VALVE-R (Jan Inlet)
add group /signal/PM41 (Group) '' table H2
Post Equilibration Started jan_pump_extraction_line.py
add group /signal/Ar40 (Group) '' table H1
add group /signal/Ar39 (Group) '' table AX
03:59:25 -- ******* Post Equilibration Started jan_pump_extraction_line.py *******
add group /signal/Ar38 (Group) '' table L1
add group /signal/Ar37 (Group) '' table L2
add group /signal/Ar36 (Group) '' table CDD
testing...
flush and close file /Users/jan/PychronDev/data/isotopes/c4/897c37-7067-49ed-b4e2-2fa5a01f9a90.h5
no interpolation path defined
measuring signal. ncounts=120
calculate duration
testing...
no interpolation path defined
executed snippet estimated_duration=4.0, duration=0.00022292137146
executed snippet estimated_duration=4.0, duration=0.00195002555847
Pump after analysis
doing GOSUB
testing...
no interpolation path defined
executed snippet estimated_duration=4.0, duration=0.000149011611938
Pump Microbone
close () {'description': 'Jan Inlet'}
closing name=--- desc=Jan Inlet
checking ownership. requestor=129.138.12.150
check software interlocks R
interlocks []
actuate state mode=None-script, software_lock=False
doing actuation None-script close_channel False
Close R ===>> OK
"signal" increment series count="2" fit count="1" regressing="True"
GetIndicatorState R ===>> False
change switch state (True, True)
update switch state R False args=() kw={} ncanvase=2
03:59:25 -- CLOSE  VALVE-R (Jan Inlet)
---------------------------------------- close None (Jan Inlet) result=[(True, True)]
starting measurement
GetData ===>> H2,0.0411425369896176,H1,2073.67164698343,AX,254.403470946791,L1,3.28616680050336,L2,0.5676633814...
action=close, ok=True, locked=[False]
is_closed ('F',) {}
is F () closed?
is closed True
open () {'description': 'CO2 Laser to Jan'}
opening name=--- desc=CO2 Laser to Jan
checking ownership. requestor=129.138.12.150
check software interlocks A
interlocks []
actuate state mode=None-script, software_lock=False
doing actuation None-script open_channel False
Open A ===>> OK
GetIndicatorState A ===>> OK
change switch state (True, True)
update switch state A True args=() kw={} ncanvase=2
03:59:25 -- OPEN   VALVE-A (CO2 Laser to Jan)
---------------------------------------- open None (CO2 Laser to Jan) result=[(True, True)], time=0.12 sec
action=open, ok=True, locked=[False]
sleep (1,) {}
SLEEP 1.0
GetData ===>> H2,0.0914464808233064,H1,2073.60822109838,AX,254.434190541771,L1,3.27242708656185,L2,0.5215321452...
close () {'description': 'CO2 Laser to Roughing'}
closing name=--- desc=CO2 Laser to Roughing
checking ownership. requestor=129.138.12.150
check software interlocks G
interlocks []
actuate state mode=None-script, software_lock=True
VALVE-G(CO2 Laser to Roughing) software locked
change switch state (True, False)
---------------------------------------- close None (CO2 Laser to Roughing) result=[(True, False)]
action=close, ok=True, locked=[True]
open () {'description': 'Microbone to Turbo'}
opening name=--- desc=Microbone to Turbo
checking ownership. requestor=129.138.12.150
check software interlocks U
interlocks []
actuate state mode=None-script, software_lock=False
doing actuation None-script open_channel True
Open U ===>> OK
GetIndicatorState U ===>> OK
change switch state (True, True)
update switch state U True args=() kw={} ncanvase=2
03:59:27 -- OPEN   VALVE-U (Microbone to Turbo)
---------------------------------------- open None (Microbone to Turbo) result=[(True, True)], time=0.19 sec
action=open, ok=True, locked=[False]
open () {'description': 'Microbone to Getter NP-10'}
opening name=--- desc=Microbone to Getter NP-10
checking ownership. requestor=129.138.12.150
check software interlocks M
interlocks []
actuate state mode=None-script, software_lock=False
doing actuation None-script open_channel False
Open M ===>> OK
GetData ===>> H2,0.0442517567227167,H1,2072.44356093265,AX,254.191887437046,L1,3.28211968589619,L2,0.5758724029...
GetIndicatorState M ===>> OK
change switch state (True, True)
update switch state M True args=() kw={} ncanvase=2
03:59:27 -- OPEN   VALVE-M (Microbone to Getter NP-10)
---------------------------------------- open None (Microbone to Getter NP-10) result=[(True, True)], time=0.17 sec
action=open, ok=True, locked=[False]
open () {'description': 'Microbone to Getter D-50'}
opening name=--- desc=Microbone to Getter D-50
checking ownership. requestor=129.138.12.150
check software interlocks K
interlocks []
actuate state mode=None-script, software_lock=False
doing actuation None-script open_channel False
Open K ===>> OK
GetIndicatorState K ===>> OK
change switch state (True, True)
update switch state K True args=() kw={} ncanvase=2
03:59:28 -- OPEN   VALVE-K (Microbone to Getter D-50)
---------------------------------------- open None (Microbone to Getter D-50) result=[(True, True)], time=0.42 sec
action=open, ok=True, locked=[False]
open () {'description': 'Microbone to CO2 Laser'}
opening name=--- desc=Microbone to CO2 Laser
checking ownership. requestor=129.138.12.150
check software interlocks T
interlocks []
actuate state mode=None-script, software_lock=False
doing actuation None-script open_channel False
GetData ===>> H2,-0.0385948617002178,H1,2072.18495696512,AX,253.941835662512,L1,3.25932873707633,L2,0.607651825...
Open T ===>> OK
GetIndicatorState T ===>> OK
change switch state (True, True)
update switch state T True args=() kw={} ncanvase=2
03:59:29 -- OPEN   VALVE-T (Microbone to CO2 Laser)
---------------------------------------- open None (Microbone to CO2 Laser) result=[(True, True)], time=0.41 sec
action=open, ok=True, locked=[False]
open () {'description': 'Microbone to Inlet Pipette'}
opening name=--- desc=Microbone to Inlet Pipette
checking ownership. requestor=129.138.12.150
check software interlocks S
interlocks []
actuate state mode=None-script, software_lock=False
doing actuation None-script open_channel False
Open S ===>> OK
GetIndicatorState S ===>> OK
change switch state (True, True)
update switch state S True args=() kw={} ncanvase=2
03:59:29 -- OPEN   VALVE-S (Microbone to Inlet Pipette)
---------------------------------------- open None (Microbone to Inlet Pipette) result=[(True, True)], time=0.43 sec
GetData ===>> H2,-0.00395921461566144,H1,2070.99981594661,AX,253.781000898926,L1,3.21490698908824,L2,0.49475054...
action=open, ok=True, locked=[False]
sleep (1,) {}
SLEEP 1.0
GetData ===>> H2,-0.0488834066893491,H1,2070.18290718655,AX,253.675212384372,L1,3.21432952300446,L2,0.629151510...
set_resource () {'name': 'CO2PumpTimeFlag', 'value': 30}
Set CO2PumpTimeFlag 30 ===>> OK
release ('JanCO2Flag',) {}
release JanCO2Flag
Set JanCO2Flag 0 ===>> OK
executed snippet estimated_duration=6.0, duration=5.9948220253
PumpMicrobone.py completed successfully
gosub finished
get_resource_value () {'name': 'JanMiniboneFlag'}
Read JanMiniboneFlag ===>> 0
Get Resource Value JanMiniboneFlag=0.0
get resource value 0.0
get_resource_value () {'name': 'JanMiniboneFlag'}
Read JanMiniboneFlag ===>> 0
Get Resource Value JanMiniboneFlag=0.0
executed snippet estimated_duration=4.0, duration=6.00945687294
jan_pump_extraction_line.py completed successfully
Post Equilibration Finished
03:59:31 -- ******* Post Equilibration Finished *******
GetData ===>> H2,0.0778367392078494,H1,2068.98486809576,AX,253.752030351486,L1,3.25559078756702,L2,0.5660170884...
GetData ===>> H2,0.0311292395664515,H1,2068.34881133759,AX,253.828420184915,L1,3.24676443191861,L2,0.5715277079...
GetData ===>> H2,-0.0991266912021358,H1,2067.84825395675,AX,253.388319213071,L1,3.22426870501641,L2,0.574992014...
GetData ===>> H2,-0.064574495242065,H1,2066.42569962596,AX,253.173884591062,L1,3.24355638594869,L2,0.5420232882...
GetData ===>> H2,-0.0419876049971864,H1,2064.51948759148,AX,253.395261991267,L1,3.25493980099232,L2,0.527405901...
GetData ===>> H2,-0.106865867432211,H1,2064.75193116358,AX,253.099517344969,L1,3.20948410767161,L2,0.4954588389...
GetData ===>> H2,-0.0858769119946486,H1,2063.72351104593,AX,252.999145126691,L1,3.18005021336786,L2,0.584493775...
GetData ===>> H2,-0.102302583857996,H1,2062.74816347941,AX,253.021956195219,L1,3.22562135273404,L2,0.5262288359...
GetData ===>> H2,-0.0602930606357092,H1,2062.99014612999,AX,253.101251498912,L1,3.21981590796406,L2,0.495653048...
GetData ===>> H2,-0.100729639706461,H1,2061.64614561183,AX,252.962465534391,L1,3.22101596321908,L2,0.5735285298...
GetData ===>> H2,-0.0554429806989139,H1,2060.79509889261,AX,252.58793574469,L1,3.22621698111345,L2,0.5645880375...
GetData ===>> H2,-0.0620123355518307,H1,2059.70626676857,AX,252.450309477893,L1,3.21639183419706,L2,0.548264070...
GetData ===>> H2,-0.0856697125103476,H1,2059.02981267835,AX,252.684914198948,L1,3.24734252573433,L2,0.498097838...
GetData ===>> H2,-0.0570300631549329,H1,2058.14304378168,AX,252.507072505548,L1,3.23832260723966,L2,0.627917170...
GetData ===>> H2,-0.067677722508497,H1,2056.81054338044,AX,252.152517014027,L1,3.21574193030271,L2,0.5472239122...
GetData ===>> H2,-0.173906651166387,H1,2057.02978685056,AX,252.019287760686,L1,3.21605922361705,L2,0.5566886283...
GetData ===>> H2,-0.0631606339961773,H1,2055.6083201886,AX,252.403231083934,L1,3.18756456744549,L2,0.5632733295...
GetData ===>> H2,-0.108818100571859,H1,2054.75493052354,AX,252.01074399147,L1,3.21732709128005,L2,0.60709139177...
03:59:50 -- collecting point 25
GetData ===>> H2,-0.100739115925584,H1,2053.50084557889,AX,252.032543227073,L1,3.16512858179484,L2,0.4770906693...
GetData ===>> H2,-0.132916332735198,H1,2052.65224359013,AX,251.783806033878,L1,3.17655559641038,L2,0.5655140600...
GetData ===>> H2,-0.0619892870535058,H1,2052.44594350648,AX,251.808915284634,L1,3.18701992077167,L2,0.494065110...
GetData ===>> H2,-0.115174294913759,H1,2051.34856546627,AX,251.605780429844,L1,3.2147205270383,L2,0.55337358528...
GetData ===>> H2,-0.150424168466994,H1,2050.23786229622,AX,251.790538618335,L1,3.19581657423281,L2,0.6109458688...
GetData ===>> H2,-0.129933353099949,H1,2049.73892449053,AX,251.725084154305,L1,3.18890545143146,L2,0.4693583568...
GetData ===>> H2,-0.14766903407526,H1,2049.020545451,AX,251.554793259459,L1,3.19245780207439,L2,0.4676680672822...
GetData ===>> H2,0.0764174816378287,H1,2048.87365420588,AX,251.392227467976,L1,3.18077427891377,L2,0.5634562443...
GetData ===>> H2,0.00989234429593056,H1,2047.99429439404,AX,251.324044823953,L1,3.17534279928193,L2,0.585625816...
GetData ===>> H2,-0.188531597404286,H1,2046.82291457693,AX,251.273180592889,L1,3.17290647253681,L2,0.4927970640...
GetData ===>> H2,-0.0633016213331803,H1,2045.48658043006,AX,251.186939080879,L1,3.14637255937775,L2,0.523966167...
GetData ===>> H2,-0.0356056963594889,H1,2044.55138088616,AX,250.8997494783,L1,3.16848793633632,L2,0.47189384703...
GetData ===>> H2,-0.173221124693862,H1,2043.79045016601,AX,250.807876945927,L1,3.18105363291915,L2,0.5915492407...
GetData ===>> H2,-0.106192045887473,H1,2042.70041735518,AX,250.696503383615,L1,3.20071744469297,L2,0.4786783261...
GetData ===>> H2,-0.0913930794156387,H1,2042.43579323162,AX,250.503034567907,L1,3.1934558792486,L2,0.5525619887...
GetData ===>> H2,-0.108643590267467,H1,2041.88888456328,AX,250.399520302055,L1,3.2013350670127,L2,0.53694866542...
GetData ===>> H2,-0.124707057039912,H1,2040.4184206017,AX,250.565428060833,L1,3.18274101780816,L2,0.55146462970...
GetData ===>> H2,-0.0577828326001288,H1,2038.97470962789,AX,250.466500497002,L1,3.17738087071244,L2,0.576878570...
GetData ===>> H2,-0.0988410068751964,H1,2038.9936614035,AX,250.350378945768,L1,3.17876757422557,L2,0.5122994190...
GetData ===>> H2,-0.195675364989082,H1,2038.24941220676,AX,250.277642499233,L1,3.20447236967587,L2,0.5718707030...
GetData ===>> H2,-0.131625995280229,H1,2037.78870920964,AX,250.181504215711,L1,3.23565506207931,L2,0.5434062837...
GetData ===>> H2,-0.0734924845442431,H1,2036.67501236761,AX,249.854790877674,L1,3.19009361733623,L2,0.572739629...
GetData ===>> H2,-0.0682379023907053,H1,2035.30619578262,AX,249.783885833081,L1,3.17487049547502,L2,0.524491833...
GetData ===>> H2,-0.131239135964913,H1,2035.06391061996,AX,249.941486271828,L1,3.107905769688,L2,0.398120558657...
GetData ===>> H2,-0.149400525123769,H1,2034.36641411729,AX,250.080649939659,L1,3.1410235317714,L2,0.50035989671...
04:00:17 -- collecting point 50
GetData ===>> H2,-0.112177674508853,H1,2033.44539234346,AX,249.802662740641,L1,3.15637904574994,L2,0.4998800618...
GetData ===>> H2,-0.0332702895782067,H1,2032.7548823985,AX,249.808568922479,L1,3.20428730802229,L2,0.5706244934...
GetData ===>> H2,-0.115221660613162,H1,2032.60248765705,AX,249.815984978446,L1,3.18093410750069,L2,0.5229948369...
GetData ===>> H2,-0.110282384433221,H1,2031.41465215891,AX,249.551153312176,L1,3.17810060204989,L2,0.5156930281...
GetData ===>> H2,-0.0788394961413787,H1,2030.26474889451,AX,249.350548448167,L1,3.14176027514536,L2,0.531211464...
GetData ===>> H2,-0.00956978501333887,H1,2029.38915373538,AX,248.949380754256,L1,3.14825609660226,L2,0.51140818...
GetData ===>> H2,0.038092661239467,H1,2028.8367705478,AX,249.286197402305,L1,3.1462754780872,L2,0.5963179774315...
GetData ===>> H2,-0.0148582735679269,H1,2027.37268498361,AX,249.019320852782,L1,3.12241348873379,L2,0.635254872...
GetData ===>> H2,-0.0824501870768371,H1,2026.6750547582,AX,248.807542798041,L1,3.14628657305086,L2,0.4965555573...
GetData ===>> H2,-0.171984061568857,H1,2026.29520231432,AX,248.963129051173,L1,3.1942107491949,L2,0.52649167457...
GetData ===>> H2,-0.130456390952278,H1,2025.5519452383,AX,249.004907951201,L1,3.17166350312609,L2,0.49938880476...
GetData ===>> H2,-0.0669940757980275,H1,2024.66860472463,AX,248.988882961865,L1,3.17355509132441,L2,0.457926641...
GetData ===>> H2,-0.148163386881122,H1,2024.21170498199,AX,248.583585374251,L1,3.11740142312522,L2,0.4951046929...
GetData ===>> H2,-0.156493828749645,H1,2023.14117234184,AX,248.376670119365,L1,3.09057779760901,L2,0.6025165457...
GetData ===>> H2,-0.0867002556379924,H1,2022.45134231148,AX,248.170698889713,L1,3.12028004745088,L2,0.628180037...
GetData ===>> H2,-0.0722560115591626,H1,2021.39335143178,AX,248.119720204637,L1,3.13491632364061,L2,0.458566141...
GetData ===>> H2,-0.0250219317973414,H1,2020.43005228115,AX,248.107452242385,L1,3.12057252340052,L2,0.445594250...
GetData ===>> H2,0.0227901607250874,H1,2019.16480910376,AX,247.984028799179,L1,3.12657558619742,L2,0.6051127441...
GetData ===>> H2,-0.0320643805849805,H1,2018.80543152315,AX,248.084922413808,L1,3.16231873824073,L2,0.490535184...
GetData ===>> H2,-0.117825116862137,H1,2018.11436073535,AX,247.922945083737,L1,3.16010245392293,L2,0.5251317781...
GetData ===>> H2,-0.224590105090562,H1,2017.74242997989,AX,247.826919539002,L1,3.1162983934016,L2,0.47175679179...
GetData ===>> H2,-0.175083930338174,H1,2016.65740483873,AX,248.116659746113,L1,3.12396217693752,L2,0.5034788820...
GetData ===>> H2,-0.0295842612986268,H1,2015.9479801867,AX,247.810412156214,L1,3.11299270240176,L2,0.5283087091...
GetData ===>> H2,-0.134617622607663,H1,2015.22854016376,AX,247.765616376707,L1,3.10059224337889,L2,0.5433605646...
GetData ===>> H2,-0.188817458433597,H1,2013.67043563105,AX,247.451031578994,L1,3.10008674588312,L2,0.4545579142...
04:00:43 -- collecting point 75
GetData ===>> H2,-0.13293391493664,H1,2013.38636072424,AX,247.020298646978,L1,3.13361151936054,L2,0.44120769754...
GetData ===>> H2,-0.179125170950291,H1,2013.20077800417,AX,247.203842100928,L1,3.10976965817248,L2,0.4797862749...
GetData ===>> H2,0.0357833101025515,H1,2012.05390353133,AX,247.379535045061,L1,3.1407848979643,L2,0.53752011854...
GetData ===>> H2,-0.123964689969217,H1,2011.02237313042,AX,247.247395270235,L1,3.12504374666075,L2,0.6066796467...
GetData ===>> H2,-0.0637245728654934,H1,2010.4423040191,AX,247.217375842378,L1,3.08929373792681,L2,0.4822763508...
GetData ===>> H2,-0.0404338539683219,H1,2008.83193566972,AX,246.801136145534,L1,3.08268956065846,L2,0.538834473...
GetData ===>> H2,-0.0183472517400953,H1,2008.3363482016,AX,246.732586282966,L1,3.13974162620806,L2,0.4399734289...
GetData ===>> H2,-0.0912237208112601,H1,2007.50498576555,AX,246.629305421722,L1,3.18529166962854,L2,0.595608941...
GetData ===>> H2,-0.0861978606042976,H1,2006.29405683954,AX,246.550636672323,L1,3.18058804662817,L2,0.624226128...
GetData ===>> H2,-0.0640634649941501,H1,2005.96033845307,AX,246.358512407063,L1,3.13750279212169,L2,0.494225045...
GetData ===>> H2,-0.0749958654914618,H1,2005.42837920276,AX,246.486405648368,L1,3.07220912529294,L2,0.509134443...
GetData ===>> H2,-0.0673643895312163,H1,2004.50933590581,AX,246.584534423331,L1,3.09683823746279,L2,0.516858537...
GetData ===>> H2,-0.00773026794727729,H1,2004.15154643913,AX,246.525946399215,L1,3.07144725565834,L2,0.49250004...
GetData ===>> H2,-0.221365672859883,H1,2003.16612001534,AX,246.26840359422,L1,3.10878782527964,L2,0.46903857003...
GetData ===>> H2,-0.109908704207979,H1,2001.77519750068,AX,246.111912981206,L1,3.16084950015399,L2,0.5726024299...
GetData ===>> H2,0.00445976070116608,H1,2001.18319560682,AX,245.922267198877,L1,3.1675078093155,L2,0.5115338739...
GetData ===>> H2,-0.0523916340484872,H1,2000.82941993386,AX,246.037473112481,L1,3.13844460355336,L2,0.599725996...
GetData ===>> H2,-0.0130739715803476,H1,2000.00564942281,AX,245.974649928564,L1,3.11427690575471,L2,0.512482236...
GetData ===>> H2,-0.0157292594398567,H1,1999.52760894897,AX,245.847911778012,L1,3.10614185927576,L2,0.555522634...
GetData ===>> H2,-0.101771976434442,H1,1997.48469968951,AX,245.744513459997,L1,3.07557384100382,L2,0.4934139495...
GetData ===>> H2,-0.0685579927992565,H1,1997.43386481879,AX,245.760155278047,L1,3.11986283145611,L2,0.555899866...
GetData ===>> H2,-0.0770967413539631,H1,1996.79959309304,AX,245.571475925452,L1,3.12280999982627,L2,0.535028607...
GetData ===>> H2,-0.0658499374739455,H1,1995.94950290125,AX,245.635024170091,L1,3.10282639016749,L2,0.509225849...
GetData ===>> H2,-0.0841839951525347,H1,1995.14061128005,AX,245.452300741073,L1,3.1365652175595,L2,0.5678691700...
GetData ===>> H2,-0.03443262161515,H1,1994.45133602166,AX,245.214834365947,L1,3.13114235929305,L2,0.52206922476...
04:01:09 -- collecting point 100
GetData ===>> H2,-0.133032645254075,H1,1993.28764846028,AX,245.090438727768,L1,3.0913499621838,L2,0.47092304331...
GetData ===>> H2,-0.157325984708428,H1,1993.22373417993,AX,244.972263896769,L1,3.03907505233945,L2,0.4800832530...
GetData ===>> H2,-0.0683708223823742,H1,1991.64836059882,AX,245.081815843658,L1,3.0792342323701,L2,0.4439614700...
GetData ===>> H2,-0.215655767513632,H1,1990.78633124817,AX,244.825091393789,L1,3.10767592004034,L2,0.5396573833...
GetData ===>> H2,-0.0862262986517581,H1,1990.53023665718,AX,244.775651574061,L1,3.04027671783475,L2,0.573128362...
GetData ===>> H2,-0.105334150985391,H1,1990.01418491006,AX,244.728248775414,L1,3.09179418764408,L2,0.5080375816...
GetData ===>> H2,-0.0876516988196422,H1,1988.74607977533,AX,244.971216067114,L1,3.12070143693642,L2,0.590257033...
GetData ===>> H2,-0.192070641575451,H1,1988.12903893944,AX,244.855735000929,L1,3.10430174422819,L2,0.5730597621...
GetData ===>> H2,-0.168659375241597,H1,1987.13046335219,AX,244.363690577689,L1,3.09905781480806,L2,0.4977893806...
GetData ===>> H2,-0.198480626438052,H1,1986.99201488008,AX,244.184089052173,L1,3.1041687468859,L2,0.46646889343...
GetData ===>> H2,-0.163636763143541,H1,1985.50571587197,AX,244.524937762823,L1,3.0885396957598,L2,0.56271315508...
GetData ===>> H2,-0.192798536292413,H1,1984.49128362056,AX,244.53595795634,L1,3.09689500240471,L2,0.54941854584...
GetData ===>> H2,-0.141824312690235,H1,1984.72302269539,AX,244.297994104364,L1,3.10178475061979,L2,0.4035468039...
GetData ===>> H2,-0.0885583615176191,H1,1982.96539791554,AX,244.03209102295,L1,3.08558662939005,L2,0.5724537974...
GetData ===>> H2,-0.0478979228850894,H1,1981.89182973757,AX,243.714474644881,L1,3.07594453106545,L2,0.475560147...
GetData ===>> H2,-0.0583172008794207,H1,1981.11124589608,AX,243.610904666886,L1,3.05865740102154,L2,0.479123788...
GetData ===>> H2,-0.165540245537479,H1,1980.27744793349,AX,243.701361243679,L1,3.0734011160467,L2,0.53315430308...
GetData ===>> H2,-0.132841946196866,H1,1979.72420686751,AX,243.770489715911,L1,3.12943601974586,L2,0.5948656032...
GetData ===>> H2,-0.02645414012515,H1,1979.27596949292,AX,243.67294285947,L1,3.09396158725056,L2,0.470546145696...
GetData ===>> H2,-0.0246020187764312,H1,1978.34763808682,AX,243.484433393538,L1,3.07179154263897,L2,0.533920020...
GetData ===>> H2,-0.0523414271992089,H1,1978.46578058437,AX,243.53626133556,L1,3.0925166092485,L2,0.40978450964...
measurement finished
estimated time: 125.829 actual time: :126.384
flush and close file /Users/jan/PychronDev/data/isotopes/c4/897c37-7067-49ed-b4e2-2fa5a01f9a90.h5
baselines () {'settling_time': 15.0, 'detector': 'H1', 'mass': 34.2, 'ncounts': 60}
%%%%%%%%%%%%%%%%%%%%%%%%%%%%%%%% Baseline
build tables- baseline [Detector(H2), Detector(H1), Detector(AX), Detector(L1), Detector(L2), Detector(CDD)]
add group baseline table H2
add group baseline table H1
add group baseline table AX
add group baseline table L1
add group baseline table L2
add group baseline table CDD
flush and close file /Users/jan/PychronDev/data/isotopes/c4/897c37-7067-49ed-b4e2-2fa5a01f9a90.h5
detector Detector(H1)
POSITION 34.2 H1
Mapping mass to dac mass func: "parabolic"
H1 map mass coeffs = [-0.00063987  0.15840543  0.57119999]
H1 map mass to dac 34.2 >> 5.24024599104
GetDeflection H1 ===>> 0
GetHighVoltage ===>> 4500
positioning 34.2 (5.24024599104) on H1
setting magnet DAC
current  : 5.879590
requested: 5.240246
Delta Dac: 0.639344
Checking detector protection. dv=0.63934
Checking detector "CDD". Protection Threshold: 0.1 (V)
ProtectDetector CDD,On ===>> OK
GetDeflection CDD ===>> 2000
Protected = 2000
SetMagnetDAC 5.24024599104 ===>> OK
Magnet settling time: 0.500
GetMagnetMoving ===>> True
GetMagnetMoving ===>> True
GetMagnetMoving ===>> True
GetMagnetMoving ===>> True
GetMagnetMoving ===>> True
GetMagnetMoving ===>> True
GetMagnetMoving ===>> True
GetMagnetMoving ===>> True
GetMagnetMoving ===>> False
ProtectDetector CDD,Off ===>> OK
GetDeflection CDD ===>> 50
Delaying 15.0s for detectors to settle
Join finished
measuring baseline. ncounts=60
"baseline" increment series count="2" fit count="1" regressing="True"
starting measurement
GetData ===>> H2,-0.172244436134959,H1,-0.146923477731575,AX,-0.0856684457024582,L1,-0.0633522522210546,L2,0.03...
GetData ===>> H2,-0.198512990780706,H1,-0.164817453594046,AX,-0.0753291054145241,L1,-0.0764057185933953,L2,0.03...
GetData ===>> H2,-0.225912475828818,H1,-0.1299921856593,AX,-0.0932252057187079,L1,-0.0544262794299403,L2,-0.056...
GetData ===>> H2,-0.213586053939013,H1,-0.114642157163103,AX,-0.0565253817227662,L1,-0.0612743424851037,L2,0.04...
GetData ===>> H2,-0.248492680091783,H1,-0.0902374129619464,AX,-0.129030704483476,L1,-0.047936903339448,L2,-0.04...
GetData ===>> H2,-0.15370917441073,H1,-0.0393353236213255,AX,-0.1662796966925,L1,-0.0666721870250012,L2,-0.0173...
GetData ===>> H2,-0.223504622024819,H1,0.0252653416799699,AX,-0.0676782136386037,L1,-0.0450665658906093,L2,0.05...
GetData ===>> H2,-0.167209916794573,H1,0.000295629103219808,AX,-0.0281274231009116,L1,-0.0443446630862828,L2,-0...
GetData ===>> H2,-0.226211401740344,H1,-0.0275299700187801,AX,-0.00220371850831599,L1,-0.0655170316844105,L2,0....
GetData ===>> H2,-0.259560311695326,H1,0.0350258616050649,AX,-0.128938021176501,L1,-0.0540435162885049,L2,-0.05...
GetData ===>> H2,-0.341092466709254,H1,0.00680886673054566,AX,-0.137933148411645,L1,-0.0473971318393852,L2,-0.0...
GetData ===>> H2,-0.259447431475759,H1,-0.0268621508281662,AX,-0.138756416185391,L1,-0.029958111180434,L2,0.039...
GetData ===>> H2,-0.299434772090364,H1,-0.0113340983797226,AX,-0.165398701388111,L1,-0.0431174290144973,L2,0.08...
GetData ===>> H2,-0.245771166491741,H1,-0.0516161833073124,AX,-0.063400407399688,L1,-0.0731546136277134,L2,-0.0...
GetData ===>> H2,-0.174584411690903,H1,0.0338206603401893,AX,-0.120190636628964,L1,-0.0707703612129245,L2,-0.13...
GetData ===>> H2,-0.138538543351772,H1,0.0341547740888128,AX,-0.115231505039712,L1,-0.0242611175562493,L2,-0.00...
GetData ===>> H2,-0.123621210451543,H1,-0.0129442618465923,AX,-0.0747611053344803,L1,-0.024869909353556,L2,-0.0...
GetData ===>> H2,-0.246784243511535,H1,0.012380049098515,AX,-0.0437479055812925,L1,-0.0530890046142233,L2,-0.09...
GetData ===>> H2,-0.266018648867612,H1,-0.00652730817709539,AX,-0.120816303495971,L1,-0.0562889553733394,L2,-0....
GetData ===>> H2,-0.170557966206393,H1,0.0116403881937234,AX,-0.111604690351693,L1,-0.0424301124601511,L2,-0.02...
GetData ===>> H2,-0.274840652595697,H1,0.0133583186892718,AX,-0.0914867392910436,L1,-0.0233682361636007,L2,-0.0...
GetData ===>> H2,-0.279233626051958,H1,0.0695055345908415,AX,0.0550806140620584,L1,-0.0372449856778601,L2,0.012...
GetData ===>> H2,-0.236363453372795,H1,0.0428182555656466,AX,-0.0356886527117257,L1,-0.0246949454056487,L2,0.05...
GetData ===>> H2,-0.28501385331043,H1,-0.0238449835855413,AX,-0.150664031315873,L1,-0.0231081470798617,L2,-0.03...
04:02:15 -- collecting point 25
GetData ===>> H2,-0.214688960834928,H1,0.0561848765098684,AX,-0.127953255585695,L1,-0.0195165522039389,L2,-0.02...
GetData ===>> H2,-0.148417308359243,H1,-0.00362880947328819,AX,-0.0987185554645473,L1,-0.0316025102603183,L2,-0...
GetData ===>> H2,-0.166927831164404,H1,0.0234040302707018,AX,-0.069764880147677,L1,-0.0136965040024916,L2,-0.06...
GetData ===>> H2,-0.100387136767451,H1,0.0051387653992709,AX,-0.0692432177154682,L1,-0.0153983066946623,L2,0.10...
GetData ===>> H2,-0.243114939369663,H1,0.0220080694236514,AX,-0.000521628905284215,L1,-0.048725563874258,L2,-0....
GetData ===>> H2,-0.247057341680034,H1,0.0188344189047342,AX,-0.166499944271695,L1,-0.0217728373231017,L2,-0.06...
GetData ===>> H2,-0.273293101756708,H1,0.0244301335622367,AX,-0.0408489706148792,L1,-0.0271453618400788,L2,-0.1...
GetData ===>> H2,-0.254782071907112,H1,0.0421261041475997,AX,-0.0498121982550874,L1,-0.015690980822629,L2,-0.04...
GetData ===>> H2,-0.225154353487488,H1,0.0739713628229445,AX,-0.100051283438451,L1,0.0220704213448791,L2,0.0301...
GetData ===>> H2,-0.231512656438979,H1,0.0534756046865816,AX,-0.0838602995408672,L1,-0.0181387945629933,L2,-0.0...
GetData ===>> H2,-0.148180945464208,H1,0.00828812260758056,AX,-0.063585898833498,L1,-0.0177682426896509,L2,-0.1...
GetData ===>> H2,-0.186756940059809,H1,0.025742606590007,AX,-0.14606116305612,L1,0.00199726744351952,L2,-0.0373...
GetData ===>> H2,-0.23577016672782,H1,0.000736988963035046,AX,-0.106529240243745,L1,0.00411018970033823,L2,-0.0...
GetData ===>> H2,-0.24984982849106,H1,0.00399356916169782,AX,-0.150594468177421,L1,-0.0107369025752847,L2,0.021...
GetData ===>> H2,-0.203808707589348,H1,-0.0191699835518254,AX,-0.00827060020325158,L1,-0.0314851476432277,L2,-0...
GetData ===>> H2,-0.140941803395306,H1,-0.0341005962322114,AX,0.0208260331826527,L1,-0.00133568645842828,L2,-0....
GetData ===>> H2,-0.148193101390423,H1,0.018583871832978,AX,-0.186679461150005,L1,-0.0370664709924933,L2,0.0122...
GetData ===>> H2,-0.237765154255333,H1,0.0682879815066208,AX,-0.0777285793674212,L1,-0.0480386308620732,L2,-0.0...
GetData ===>> H2,-0.259701410381752,H1,0.0357656953106524,AX,-0.0564558174293628,L1,-0.0392323947748306,L2,0.04...
GetData ===>> H2,-0.270514500126033,H1,0.0582616367035939,AX,0.0326852897458135,L1,-0.0123049164768415,L2,-0.11...
GetData ===>> H2,-0.144948357297473,H1,0.0413265558795619,AX,-0.105393601000419,L1,0.00348707165490633,L2,0.097...
GetData ===>> H2,-0.164514294755656,H1,0.0399661451428781,AX,-0.0181415249593182,L1,-0.00660351198204488,L2,-0....
GetData ===>> H2,-0.266614166508613,H1,-0.0164865303007964,AX,-0.0990662253917226,L1,-0.00104168195454411,L2,-0...
GetData ===>> H2,-0.264806007861119,H1,0.0598848815587917,AX,-0.115741333964642,L1,0.0134489258809983,L2,-0.060...
GetData ===>> H2,-0.243133780060239,H1,0.0404554135424508,AX,-0.110874676160591,L1,-0.0268302561617351,L2,-0.02...
04:02:41 -- collecting point 50
GetData ===>> H2,-0.242347827413579,H1,0.0333910871588518,AX,-0.0965050277928445,L1,-0.00147728556488078,L2,-0....
GetData ===>> H2,-0.229116765055342,H1,0.102037271592281,AX,-0.0341926891736711,L1,-0.00189127153129707,L2,-0.0...
GetData ===>> H2,-0.311481110861326,H1,0.0291073887699113,AX,-0.108360140904851,L1,-0.01139746420447,L2,-0.0871...
GetData ===>> H2,-0.233185441141277,H1,0.0414100904745364,AX,-0.0405822642601879,L1,-0.0207610483443951,L2,0.00...
GetData ===>> H2,-0.210364249449839,H1,0.0625227105747196,AX,-0.0429825951395346,L1,-0.0316204738053132,L2,-0.0...
GetData ===>> H2,-0.235632939528823,H1,0.000903990498568774,AX,-0.0901423039536168,L1,-0.00653874562226607,L2,-...
GetData ===>> H2,-0.205229285175778,H1,-0.0658743976096553,AX,-0.0654871656439072,L1,0.00212811168519295,L2,-0....
GetData ===>> H2,-0.161125297153726,H1,-0.0109285716456185,AX,-0.093202026370718,L1,0.00601883594579339,L2,-0.0...
GetData ===>> H2,-0.162805070459956,H1,-0.0135525390820622,AX,-0.0535572609989893,L1,0.000654111553068002,L2,-0...
GetData ===>> H2,-0.200380526235151,H1,-0.0295811011005174,AX,-0.069231625185169,L1,-0.0113111500837275,L2,-0.0...
GetData ===>> H2,-0.133569560844784,H1,-0.00331867706930815,AX,-0.0867347725591179,L1,-0.0334573762195234,L2,-0...
measurement finished
estimated time: 62.915 actual time: :63.266
flush and close file /Users/jan/PychronDev/data/isotopes/c4/897c37-7067-49ed-b4e2-2fa5a01f9a90.h5
activate_detectors ('H1', 'AX', 'CDD') {'peak_center': True}
peak_center () {'detector': 'H1', 'integration_time': 0.262144, 'isotope': 'Ar40'}
peak center: mean=1981.12738228 threshold=3
peak center started
setup peak center. detector=['H1', 'AX', 'CDD'], isotope=Ar40
VersionedUnpickler [<apptools.sweet_pickle.versioned_unpickler.VersionedUnpickler object at 0x19e57ab90>] using Updater [<apptools.sweet_pickle.updater.Updater object at 0x134a15590>]
VersionedUnpickler [<apptools.sweet_pickle.versioned_unpickler.VersionedUnpickler object at 0x19e57ab90>] using Updater [<apptools.sweet_pickle.updater.Updater object at 0x134a15590>]
VersionedUnpickler [<apptools.sweet_pickle.versioned_unpickler.VersionedUnpickler object at 0x1cb56e3b0>] using Updater [<apptools.sweet_pickle.updater.Updater object at 0x134a15590>]
setting integration time = 0.524288
SetIntegrationTime 0.524288 ===>> OK
Mapping mass to dac mass func: "parabolic"
H1 map mass coeffs = [-0.00063987  0.15840543  0.57119999]
H1 map mass to dac 39.9624 >> 5.87959
GetDeflection H1 ===>> 0
GetHighVoltage ===>> 4500
do peak center. <pychron.spectrometer.jobs.peak_center.PeakCenter object at 0x134a156b0>
doing pc
starting peak center. center dac= 5.87959 step_width=0.001
width = 0.001
get scan parameters. half-width=0.015,window=0.015, i=0, scalar=1
Scan parameters center=5.87959 width=0.03000 (5.86459 - 5.89459)
GetData ===>> H2,-0.258559132244318,H1,0.031792136516118,AX,-0.0926804895797377,L1,-0.027441288600985,L2,0.0498...
Moving to starting dac 5.86459
setting magnet DAC
current  : 5.240246
requested: 5.864590
Delta Dac: 0.624344
Checking detector protection. dv=0.62434
Checking detector "CDD". Protection Threshold: 0.1 (V)
ProtectDetector CDD,On ===>> OK
GetDeflection CDD ===>> 2000
Protected = 2000
SetMagnetDAC 5.86459 ===>> OK
Magnet settling time: 0.500
GetMagnetMoving ===>> True
GetMagnetMoving ===>> True
GetMagnetMoving ===>> True
GetMagnetMoving ===>> True
GetMagnetMoving ===>> True
GetMagnetMoving ===>> True
GetMagnetMoving ===>> True
GetMagnetMoving ===>> True
GetMagnetMoving ===>> False
ProtectDetector CDD,Off ===>> OK
GetDeflection CDD ===>> 50
Wait until signal near baseline. tol= 0.0238441023871. timeout= 10
GetData ===>> H2,7.20823185905711,H1,2.47404979276624,AX,-0.070193800496845,L1,0.0520568623069439,L2,0.07458974...
GetData ===>> H2,115.018236059027,H1,48.2451932094823,AX,3.32441288733837,L1,0.0375228082750753,L2,-0.193384012...
GetData ===>> H2,123.770208076704,H1,58.3812048792424,AX,5.69741683512648,L1,0.0134170974704729,L2,-0.118415503...
GetData ===>> H2,66.3142474364345,H1,28.574547687697,AX,2.51460001446498,L1,0.0161689147217544,L2,-0.0824503239...
GetData ===>> H2,27.4727922321529,H1,14.8410285366642,AX,1.21977875654721,L1,0.031030188363725,L2,0.15459797286...
GetData ===>> H2,9.24765682811164,H1,8.22762528132788,AX,0.657457922922784,L1,0.0294971843123167,L2,-0.16612332...
GetData ===>> H2,2.64591839282962,H1,5.07812817957649,AX,0.348928906003172,L1,0.000284445033128882,L2,-0.005351...
GetData ===>> H2,0.836078198482718,H1,3.72449838385072,AX,0.135789952709963,L1,-0.00431844677329585,L2,-0.02604...
GetData ===>> H2,0.512925117526901,H1,2.85692582338599,AX,0.252760180509272,L1,-0.0404624987352714,L2,-0.158469...
GetData ===>> H2,0.60945624467086,H1,2.46480890591838,AX,0.198399475677803,L1,-0.0425271059726663,L2,-0.0268918...
GetData ===>> H2,0.702724768277332,H1,2.33538737336325,AX,0.225877784166257,L1,-0.00966264807577038,L2,0.004076...
GetData ===>> H2,0.69039369939372,H1,2.18408740820093,AX,0.208981420305306,L1,0.031039800409471,L2,-0.050020453...
GetData ===>> H2,0.565074954825825,H1,2.13504549680683,AX,0.229150632873868,L1,0.0247098492585834,L2,-0.0935991...
GetData ===>> H2,0.372151312214828,H1,2.1051018579757,AX,0.172460008380927,L1,0.00884599181925166,L2,-0.0809257...
GetData ===>> H2,0.308365611454242,H1,2.09392645582398,AX,0.00873618443232443,L1,0.00166716337898513,L2,-0.1077...
GetData ===>> H2,0.313727684632981,H1,2.06312823639456,AX,0.296349560485206,L1,-0.00424406848174362,L2,-0.04594...
GetData ===>> H2,0.229502389379332,H1,2.13846681456238,AX,0.206637513315395,L1,-0.00827410018757835,L2,-0.06615...
GetData ===>> H2,0.147768230909656,H1,2.09460079853507,AX,0.101683653741651,L1,0.00599789401935304,L2,-0.263560...
GetData ===>> H2,0.0987875743349831,H1,2.15263519292452,AX,0.0644377336344066,L1,0.000354056522553377,L2,-0.036...
GetData ===>> H2,0.119514570065069,H1,2.11729023422584,AX,0.141146955616848,L1,0.00530277354748526,L2,0.1131832...
GetData ===>> H2,0.0911379738431536,H1,2.13080515086219,AX,0.149751243525287,L1,0.0196967541074018,L2,-0.129672...
Peak center failed to move to a baseline position
_do_sweep sm= 5.86459, em= 5.89459, stm= 0.001
calculated step values: start=5.86459, end=5.89459, width=0.001, nsteps=31.0
setting magnet DAC
current  : 5.864590
requested: 5.864590
Delta Dac: 0.000000
Checking detector protection. dv=0.00000
Checking detector "CDD". Protection Threshold: 0.1 (V)
SetMagnetDAC 5.86459 ===>> OK
GetData ===>> H2,0.0911379738431536,H1,2.13080515086219,AX,0.149751243525287,L1,0.0196967541074018,L2,-0.129672...
setting magnet DAC
current  : 5.864590
requested: 5.865624
Delta Dac: 0.001034
Checking detector protection. dv=0.00103
Checking detector "CDD". Protection Threshold: 0.1 (V)
SetMagnetDAC 5.86562448276 ===>> OK
Magnet settling time: 1.049
GetData ===>> H2,0.109897400806627,H1,4.63920706342422,AX,0.418675702120903,L1,0.0206113139976984,L2,-0.1295813...
setting magnet DAC
current  : 5.865624
requested: 5.866659
Delta Dac: 0.001034
Checking detector protection. dv=0.00103
Checking detector "CDD". Protection Threshold: 0.1 (V)
SetMagnetDAC 5.86665896552 ===>> OK
Magnet settling time: 1.049
GetData ===>> H2,0.108734712174036,H1,15.4663658466971,AX,1.32456982794118,L1,0.0168047945379579,L2,0.036695261...
setting magnet DAC
current  : 5.866659
requested: 5.867693
Delta Dac: 0.001034
Checking detector protection. dv=0.00103
Checking detector "CDD". Protection Threshold: 0.1 (V)
SetMagnetDAC 5.86769344828 ===>> OK
Magnet settling time: 1.049
GetData ===>> H2,0.0617427841952328,H1,56.7396519425522,AX,4.60359313675123,L1,0.00285078665050377,L2,-0.014323...
setting magnet DAC
current  : 5.867693
requested: 5.868728
Delta Dac: 0.001034
Checking detector protection. dv=0.00103
Checking detector "CDD". Protection Threshold: 0.1 (V)
SetMagnetDAC 5.86872793103 ===>> OK
Magnet settling time: 1.049
GetData ===>> H2,-0.101591394649925,H1,190.165984788974,AX,15.2288733976136,L1,0.0584998137156018,L2,0.00223183...
setting magnet DAC
current  : 5.868728
requested: 5.869762
Delta Dac: 0.001034
Checking detector protection. dv=0.00103
Checking detector "CDD". Protection Threshold: 0.1 (V)
SetMagnetDAC 5.86976241379 ===>> OK
Magnet settling time: 1.049
GetData ===>> H2,-0.0591597312726726,H1,499.906841604402,AX,43.6989104132886,L1,0.192598188168362,L2,0.05635841...
setting magnet DAC
current  : 5.869762
requested: 5.870797
Delta Dac: 0.001034
Checking detector protection. dv=0.00103
Checking detector "CDD". Protection Threshold: 0.1 (V)
SetMagnetDAC 5.87079689655 ===>> OK
Magnet settling time: 1.049
GetData ===>> H2,0.0494722744671626,H1,955.61786093828,AX,92.6607887651175,L1,0.558463388758676,L2,0.0539202375...
setting magnet DAC
current  : 5.870797
requested: 5.871831
Delta Dac: 0.001034
Checking detector protection. dv=0.00103
Checking detector "CDD". Protection Threshold: 0.1 (V)
SetMagnetDAC 5.87183137931 ===>> OK
Magnet settling time: 1.049
GetData ===>> H2,-0.0638032121135365,H1,1405.7630437768,AX,149.57995450051,L1,1.09945736455278,L2,0.17250580808...
setting magnet DAC
current  : 5.871831
requested: 5.872866
Delta Dac: 0.001034
Checking detector protection. dv=0.00103
Checking detector "CDD". Protection Threshold: 0.1 (V)
SetMagnetDAC 5.87286586207 ===>> OK
Magnet settling time: 1.049
GetData ===>> H2,0.0117768059191744,H1,1699.7725121925,AX,194.187715059424,L1,1.6881169860291,L2,0.242115827363...
setting magnet DAC
current  : 5.872866
requested: 5.873900
Delta Dac: 0.001034
Checking detector protection. dv=0.00103
Checking detector "CDD". Protection Threshold: 0.1 (V)
SetMagnetDAC 5.87390034483 ===>> OK
Magnet settling time: 1.049
GetData ===>> H2,-0.0369239036161993,H1,1831.94899374679,AX,219.193265677944,L1,2.17286697175256,L2,0.314375437...
setting magnet DAC
current  : 5.873900
requested: 5.874935
Delta Dac: 0.001034
Checking detector protection. dv=0.00103
Checking detector "CDD". Protection Threshold: 0.1 (V)
SetMagnetDAC 5.87493482759 ===>> OK
Magnet settling time: 1.049
GetData ===>> H2,-0.00944180389484243,H1,1874.62282123938,AX,228.778557030324,L1,2.49721393539664,L2,0.35520516...
setting magnet DAC
current  : 5.874935
requested: 5.875969
Delta Dac: 0.001034
Checking detector protection. dv=0.00103
Checking detector "CDD". Protection Threshold: 0.1 (V)
SetMagnetDAC 5.87596931034 ===>> OK
Magnet settling time: 1.049
GetData ===>> H2,0.0211885084387562,H1,1886.07729180612,AX,231.437610217235,L1,2.6516465282778,L2,0.45185159896...
setting magnet DAC
current  : 5.875969
requested: 5.877004
Delta Dac: 0.001034
Checking detector protection. dv=0.00103
Checking detector "CDD". Protection Threshold: 0.1 (V)
SetMagnetDAC 5.8770037931 ===>> OK
Magnet settling time: 1.049
GetData ===>> H2,0.00299528263341513,H1,1889.0175423514,AX,232.273307083448,L1,2.81860232975356,L2,0.4401136977...
setting magnet DAC
current  : 5.877004
requested: 5.878038
Delta Dac: 0.001034
Checking detector protection. dv=0.00103
Checking detector "CDD". Protection Threshold: 0.1 (V)
SetMagnetDAC 5.87803827586 ===>> OK
Magnet settling time: 1.049
GetData ===>> H2,0.00706963533425789,H1,1888.48919114786,AX,232.347480362025,L1,2.88309788869905,L2,0.563181872...
setting magnet DAC
current  : 5.878038
requested: 5.879073
Delta Dac: 0.001034
Checking detector protection. dv=0.00103
Checking detector "CDD". Protection Threshold: 0.1 (V)
SetMagnetDAC 5.87907275862 ===>> OK
Magnet settling time: 1.049
GetData ===>> H2,-0.110856419959904,H1,1888.30841161068,AX,232.359997736106,L1,2.97335878300749,L2,0.5276573154...
setting magnet DAC
current  : 5.879073
requested: 5.880107
Delta Dac: 0.001034
Checking detector protection. dv=0.00103
Checking detector "CDD". Protection Threshold: 0.1 (V)
SetMagnetDAC 5.88010724138 ===>> OK
Magnet settling time: 1.049
GetData ===>> H2,-0.0855193889524913,H1,1888.06495219161,AX,232.278088397021,L1,2.97797647525604,L2,0.445731268...
setting magnet DAC
current  : 5.880107
requested: 5.881142
Delta Dac: 0.001034
Checking detector protection. dv=0.00103
Checking detector "CDD". Protection Threshold: 0.1 (V)
SetMagnetDAC 5.88114172414 ===>> OK
Magnet settling time: 1.049
GetData ===>> H2,-0.107972749047783,H1,1886.93413112243,AX,231.936467428826,L1,2.95492995259646,L2,0.5656055195...
setting magnet DAC
current  : 5.881142
requested: 5.882176
Delta Dac: 0.001034
Checking detector protection. dv=0.00103
Checking detector "CDD". Protection Threshold: 0.1 (V)
SetMagnetDAC 5.8821762069 ===>> OK
Magnet settling time: 1.049
GetData ===>> H2,-0.16389192934295,H1,1887.01548332834,AX,231.902669295389,L1,2.94856710996112,L2,0.54436639161...
setting magnet DAC
current  : 5.882176
requested: 5.883211
Delta Dac: 0.001034
Checking detector protection. dv=0.00103
Checking detector "CDD". Protection Threshold: 0.1 (V)
SetMagnetDAC 5.88321068966 ===>> OK
Magnet settling time: 1.049
GetData ===>> H2,-0.0863508835451178,H1,1882.83161010481,AX,231.010200895449,L1,2.95380457734305,L2,0.525348903...
setting magnet DAC
current  : 5.883211
requested: 5.884245
Delta Dac: 0.001034
Checking detector protection. dv=0.00103
Checking detector "CDD". Protection Threshold: 0.1 (V)
SetMagnetDAC 5.88424517241 ===>> OK
Magnet settling time: 1.049
GetData ===>> H2,-0.132669912145799,H1,1868.34609826786,AX,227.683391992311,L1,2.95641594612303,L2,0.3564828034...
setting magnet DAC
current  : 5.884245
requested: 5.885280
Delta Dac: 0.001034
Checking detector protection. dv=0.00103
Checking detector "CDD". Protection Threshold: 0.1 (V)
SetMagnetDAC 5.88527965517 ===>> OK
Magnet settling time: 1.049
GetData ===>> H2,-0.0648622239272159,H1,1818.9060244046,AX,216.516494306867,L1,2.81544034815523,L2,0.5648509813...
setting magnet DAC
current  : 5.885280
requested: 5.886314
Delta Dac: 0.001034
Checking detector protection. dv=0.00103
Checking detector "CDD". Protection Threshold: 0.1 (V)
SetMagnetDAC 5.88631413793 ===>> OK
Magnet settling time: 1.049
GetData ===>> H2,-0.0903585386727777,H1,1668.92879882846,AX,186.903362728273,L1,2.52545075635356,L2,0.328629651...
setting magnet DAC
current  : 5.886314
requested: 5.887349
Delta Dac: 0.001034
Checking detector protection. dv=0.00103
Checking detector "CDD". Protection Threshold: 0.1 (V)
SetMagnetDAC 5.88734862069 ===>> OK
Magnet settling time: 1.049
GetData ===>> H2,-0.344755987141199,H1,1348.98154411629,AX,135.697430648798,L1,1.96621638617267,L2,0.1446075410...
setting magnet DAC
current  : 5.887349
requested: 5.888383
Delta Dac: 0.001034
Checking detector protection. dv=0.00103
Checking detector "CDD". Protection Threshold: 0.1 (V)
SetMagnetDAC 5.88838310345 ===>> OK
Magnet settling time: 1.049
GetData ===>> H2,-0.242180940015899,H1,880.076317942232,AX,76.3154525795197,L1,1.41940531408912,L2,0.0572471114...
setting magnet DAC
current  : 5.888383
requested: 5.889418
Delta Dac: 0.001034
Checking detector protection. dv=0.00103
Checking detector "CDD". Protection Threshold: 0.1 (V)
SetMagnetDAC 5.88941758621 ===>> OK
Magnet settling time: 1.049
GetData ===>> H2,-0.319024171368193,H1,438.368843320701,AX,32.106604986715,L1,0.884560302655245,L2,-0.016076790...
setting magnet DAC
current  : 5.889418
requested: 5.890452
Delta Dac: 0.001034
Checking detector protection. dv=0.00103
Checking detector "CDD". Protection Threshold: 0.1 (V)
SetMagnetDAC 5.89045206897 ===>> OK
Magnet settling time: 1.049
GetData ===>> H2,-0.201465847429073,H1,163.722383072369,AX,9.73428914760152,L1,0.489581067388006,L2,0.087969193...
setting magnet DAC
current  : 5.890452
requested: 5.891487
Delta Dac: 0.001034
Checking detector protection. dv=0.00103
Checking detector "CDD". Protection Threshold: 0.1 (V)
SetMagnetDAC 5.89148655172 ===>> OK
Magnet settling time: 1.049
GetData ===>> H2,-0.177918575235709,H1,24.5001389737036,AX,0.89997055939168,L1,0.243409947076754,L2,0.063855628...
setting magnet DAC
current  : 5.891487
requested: 5.892521
Delta Dac: 0.001034
Checking detector protection. dv=0.00103
Checking detector "CDD". Protection Threshold: 0.1 (V)
SetMagnetDAC 5.89252103448 ===>> OK
Magnet settling time: 1.049
GetData ===>> H2,-0.250508840712286,H1,5.79405577688863,AX,-0.0560964011210674,L1,0.17259673157907,L2,-0.053685...
setting magnet DAC
current  : 5.892521
requested: 5.893556
Delta Dac: 0.001034
Checking detector protection. dv=0.00103
Checking detector "CDD". Protection Threshold: 0.1 (V)
SetMagnetDAC 5.89355551724 ===>> OK
Magnet settling time: 1.049
GetData ===>> H2,-0.218081845808376,H1,1.09943934960837,AX,-0.104964835797955,L1,0.0941228849979696,L2,0.047699...
setting magnet DAC
current  : 5.893556
requested: 5.894590
Delta Dac: 0.001034
Checking detector protection. dv=0.00103
Checking detector "CDD". Protection Threshold: 0.1 (V)
SetMagnetDAC 5.89459 ===>> OK
Magnet settling time: 1.049
GetData ===>> H2,-0.295980910155738,H1,0.0750926891024629,AX,-0.0709820816136846,L1,0.0683886001955404,L2,-0.11...
result of _do_sweep=True
result of _calculate_peak_center=([5.8718344889779566, 5.8794998196392791, 5.8871651503006017], [1404.6130078225956, 1889.0016600506924, 1405.7256965052084], 5.8770348897795603, 1889.0016600506924)
Failed to find a valid peak. No peak greater than 1.0. max = 0.0441281282451
new center pos Detector(H1) (Ar40) @ 5.87949981964
GetHighVoltage ===>> 4500
GetDeflection H1 ===>> 0
dac uncorrected for HV and deflection 5.87949981964
update mftable H1 Ar40 5.87949981964 message=automated run peakcenter
get initial guess parabolic
get initial guess parabolic
get initial guess parabolic
get initial guess parabolic
get initial guess parabolic
get initial guess parabolic
dump mftable to /Users/jan/PychronDev/setupfiles/spectrometer/mftables/mftable.csv
add to repo msg=modified - automated run peakcenter
sweep finished
locally archiving mftable
setting magnet DAC
current  : 5.894590
requested: 5.879500
Delta Dac: 0.015090
Checking detector protection. dv=0.01509
Checking detector "CDD". Protection Threshold: 0.1 (V)
SetMagnetDAC 5.87949981964 ===>> OK
Magnet settling time: 0.500
setting integration time = 1.048576
SetIntegrationTime 1.048576 ===>> OK
Failed to find a valid peak. No peak greater than 1.0. max = 0.0441281282451
flush and close file /Users/jan/PychronDev/data/isotopes/c4/897c37-7067-49ed-b4e2-2fa5a01f9a90.h5
finished measure script
executed snippet estimated_duration=226.132928, duration=272.936247826
jan_unknown120_60.py completed successfully
Measurement Finished
04:03:39 -- ******* Measurement Finished *******
Post Measurement Started jan_pump_ms.py
04:03:39 -- ******* Post Measurement Started jan_pump_ms.py *******
testing...
no interpolation path defined
executed snippet estimated_duration=0, duration=2.71797180176e-05
Pumping spectrometer
open () {'name': 'O'}
opening name=O desc=---
checking ownership. requestor=129.138.12.150
check software interlocks O
interlocks []
actuate state mode=None-script, software_lock=False
doing actuation None-script open_channel True
Open O ===>> OK
GetIndicatorState O ===>> OK
change switch state (True, True)
update switch state O True args=() kw={} ncanvase=2
04:03:39 -- OPEN   VALVE-O (Jan Ion Pump)
---------------------------------------- open O () result=[(True, True)], time=0.10 sec
action=open, ok=True, locked=[False]
executed snippet estimated_duration=0, duration=0.350485086441
jan_pump_ms.py completed successfully
setting _ms_pumptime
Post Measurement Finished
04:03:39 -- ******* Post Measurement Finished *******
$$$$$$$$$$$$$$$$$$$$ state at run end measurement
state changed from measurement to success
post measurement save measured=True aborted=False
Set filtering
setting fod for Ar40= {'filter_outliers': True, 'std_devs': 2, 'iterations': 1}
setting fod for H1= {'filter_outliers': True, 'std_devs': 2, 'iterations': 1}
setting fod for PM41= {'filter_outliers': False, 'std_devs': 2, 'iterations': 1}
setting fod for H2= {'filter_outliers': True, 'std_devs': 2, 'iterations': 1}
setting fod for Ar36= {'filter_outliers': True, 'std_devs': 2, 'iterations': 1}
setting fod for CDD= {'filter_outliers': True, 'std_devs': 10, 'iterations': 1}
setting fod for Ar37= {'filter_outliers': True, 'std_devs': 2, 'iterations': 1}
setting fod for L2= {'filter_outliers': True, 'std_devs': 2, 'iterations': 1}
setting fod for Ar38= {'filter_outliers': True, 'std_devs': 2, 'iterations': 1}
setting fod for L1= {'filter_outliers': True, 'std_devs': 2, 'iterations': 1}
setting fod for Ar39= {'filter_outliers': True, 'std_devs': 2, 'iterations': 1}
setting fod for AX= {'filter_outliers': True, 'std_devs': 2, 'iterations': 1}
persistence save...
persistence save - db
post measurement save
7144450000 connecting to database sqlite:////Users/jan/PychronDev/.appdata/local_lab.db
connected to db sqlite:////Users/jan/PychronDev/.appdata/local_lab.db
create new session 7144450000
close session 7144450000
No database instance. Not saving post measurement to isotopedb database
$$$$$$$$$$$$$$$ auto_save_detector_ic=False
massspec enabled True
create new session 4979675504
MassSpec Database Version: 16.0
close session 4979675504
saving post measurement to secondary database
saving to massspec database 129.138.12.160/massspecdata
setting labnumber to 25347
setting aliquot to 2
setting step to 
setting uuid to c4897c37-7067-49ed-b4e2-2fa5a01f9a90
setting irradpos to 25347
setting extract_device to Fusions CO2
setting tray to 
setting position to 212
setting power_requested to 5.0
setting extract_value to 5.0
setting duration to 30.0
setting duration_at_request to 30.0
setting first_stage_delay to 30.0
setting cleanup to 30.0
setting comment to Q:12
setting irradiation to NM-288
setting level to Q
setting irradiation_level to Q
setting sample to FC-2
setting material to Sanidine
setting project to Irradiation-NM-288
setting mass_spectrometer to Jan
no attribute chron_dosages
no attribute production_ratios
no attribute interference_corrections
no attribute production_name
no attribute j
Reference Isotope=Ar40
Reference Detector=H1
%%%%%%%%%%%%%%%%%%%% Comment: Q:12 %%%%%%%%%%%%%%%%%%%
adding isotope PM41 H2
add baseline dbdet= PM41. original det= H2
get baseline data PM41 H2
Get data baseline <pychron.processing.isotope.Baseline object at 0x1a890ad90> len t=60
baseline PM41. v=-0.216979997338, e=0.0062554467942
get signal data PM41 H2
Get data signal PM41 0.17+/-0.07 len t=120
adding isotope Ar40 H1
add baseline dbdet= Ar40. original det= H1
get baseline data Ar40 H1
Get data baseline <pychron.processing.isotope.Baseline object at 0x1a890a3d0> len t=60
baseline Ar40. v=0.014079288473, e=0.00492038069284
get signal data Ar40 H1
Get data signal Ar40 2084.00+/-0.09 len t=120
adding isotope Ar39 AX
add baseline dbdet= Ar39. original det= AX
get baseline data Ar39 AX
Get data baseline <pychron.processing.isotope.Baseline object at 0x1a890a1d0> len t=60
baseline Ar39. v=-0.0865960963215, e=0.0056372831127
get signal data Ar39 AX
Get data signal Ar39 255.465+/-0.033 len t=120
adding isotope Ar38 L1
add baseline dbdet= Ar38. original det= L1
get baseline data Ar38 L1
Get data baseline <pychron.processing.isotope.Baseline object at 0x1a890a350> len t=60
baseline Ar38. v=-0.0277091096151, e=0.00292183490009
get signal data Ar38 L1
Get data signal Ar38 3.287+/-0.005 len t=120
adding isotope Ar37 L2
add baseline dbdet= Ar37. original det= L2
get baseline data Ar37 L2
Get data baseline <pychron.processing.isotope.Baseline object at 0x19dc8f610> len t=60
baseline Ar37. v=-0.0316462567582, e=0.00680009902653
get signal data Ar37 L2
Get data signal Ar37 0.588+/-0.010 len t=120
adding isotope Ar36 CDD
add baseline dbdet= Ar36. original det= CDD
get baseline data Ar36 CDD
Get data baseline <pychron.processing.isotope.Baseline object at 0x19dc8f710> len t=60
baseline Ar36. v=0.000424266433566, e=3.31601334737e-05
get signal data Ar36 CDD
Get data signal Ar36 0.0333+/-0.0005 len t=120
25347-02 added analysis time 0.519143104553s
analysis added to mass spec database
mass spec save time= 0.529
persistence save - dvc
================= post measurement started
create new session 4982376208
close session 4982376208
---------------- Experiment Queue saving disabled
DVC saving peakcenter
Failed to find a valid peak. No peak greater than 1.0. max = 0.0441281282451
Smart pull ahead: 0 behind: 0
Up-to-date with origin
add to repo msg=modified - ad8224ebc6dbfeb9f5997218dfa5fe690569839d.json
add to repo msg=modified - 47-02.json
add to repo msg=modified - 47-02.dat.json
add to repo msg=modified - 47-02.blan.json
add to repo msg=modified - 47-02.inte.json
add to repo msg=modified - 47-02.icfa.json
add to repo msg=modified - 47-02.base.json
not at valid file /Users/jan/PychronDev/data/.dvc/repositories/Load1788/253/tags/47-02.tags.json
add to repo msg=modified - 47-02.peak.json
add to repo msg=modified - 47-02.extr.json
not at valid file /Users/jan/PychronDev/data/.dvc/repositories/Load1788/253/monitor/47-02.moni.json
commit message=<COLLECTION>
add to repo msg=modified - 47-02.inte.json
add to repo msg=modified - 47-02.base.json
commit message=<ISOEVO> default collection fits
add to repo msg=modified - 47-02.blan.json
commit message=<BLANKS> preceding bu-FC-J-7711
add to repo msg=modified - 47-02.icfa.json
commit message=<ICFactor> default
push repository <pychron.git_archive.repo_manager.GitRepoManager object at 0x1a431afb0>
pushing to remote=origin, url=https://github.com
no changes to meta repo
create new session 4982376208
add association Load1788
get identifier "25347"
setting analysis irradiation position=<pychron.dvc.dvc_orm.IrradiationPositionTbl object at 0x1a364a110>
close session 4982376208
================= post measurement finished
04:03:53 -- ******* Post Run Check *******
loading queue conditionals post_run_actions
loading system conditionals post_run_actions
loading conditionals from /Users/jan/PychronDev/setupfiles/spectrometer/default_conditionals.yaml
loading queue conditionals post_run_terminations
loading system conditionals post_run_terminations
loading conditionals from /Users/jan/PychronDev/setupfiles/spectrometer/default_conditionals.yaml
Checking default post run terminations n=1
GetDeflection CDD ===>> 50
testing CDD==2000
evaluate ot="CDD.deflection==2000" t="CDD==2000", ctx="{'CDD': 50.0}"
04:03:53 -- ******* Post Run Check Passed *******
04:03:53 -- Automated run 25347-02 success duration: 366.414 s
----------------- finish -----------------
----------------- stop -----------------
retroactive repository identifiers disabled
finish run. runs completed=122
update duration runid=25347-02, duration=366.414123058, md5=301e91d8
loading script "jan_unknown120_60.py"
loading script "jan_pump_ms.py"
loading script "jan_co2.py"
loading script "jan_pump_extraction_line.py"
testing...
no interpolation path defined
executed snippet estimated_duration=213.652928, duration=0.000249862670898
script duration name:unknown120_60 seconds:214.0
loading script "jan_unknown120_60.py"
loading script "jan_pump_ms.py"
loading script "jan_co2.py"
loading script "jan_pump_extraction_line.py"
testing...
no interpolation path defined
executed snippet estimated_duration=0, duration=2.47955322266e-05
loading script "jan_unknown120_60.py"
loading script "jan_pump_ms.py"
loading script "jan_co2.py"
loading script "jan_pump_extraction_line.py"
testing...
no interpolation path defined
calculate duration
testing...
no interpolation path defined
executed snippet estimated_duration=0, duration=5.69820404053e-05
calculate duration
testing...
no interpolation path defined
executed snippet estimated_duration=0, duration=9.60826873779e-05
executed snippet estimated_duration=0.0, duration=0.00226283073425
script duration name:co2 seconds:0.0
loading script "jan_unknown120_60.py"
loading script "jan_pump_ms.py"
loading script "jan_co2.py"
loading script "jan_pump_extraction_line.py"
testing...
no interpolation path defined
calculate duration
testing...
no interpolation path defined
executed snippet estimated_duration=4.0, duration=0.00014591217041
executed snippet estimated_duration=4.0, duration=0.00126194953918
Script duration 214.0
Run total estimated duration= 215.000
unknown120_60 in script context. using previous estimated duration
script duration name:unknown120_60 seconds:214.0
pump_ms in script context. using previous estimated duration
co2 in script context. using previous estimated duration
script duration name:co2 seconds:0.0
pump_extraction_line in script context. using previous estimated duration
Script duration 214.0
Run total estimated duration= 215.000
loading script "jan_unknown400_120.py"
loading script "jan_pump_ms.py"
loading script "jan_cocktail_x1.py"
loading script "jan_pump_extraction_line.py"
testing...
no interpolation path defined
executed snippet estimated_duration=556.052928, duration=0.0002760887146
script duration name:unknown400_120 seconds:556.0
loading script "jan_unknown400_120.py"
loading script "jan_pump_ms.py"
loading script "jan_cocktail_x1.py"
loading script "jan_pump_extraction_line.py"
testing...
no interpolation path defined
calculate duration
testing...
no interpolation path defined
executed snippet estimated_duration=0, duration=4.79221343994e-05
calculate duration
testing...
no interpolation path defined
executed snippet estimated_duration=0, duration=9.89437103271e-05
calculate duration
testing...
no interpolation path defined
executed snippet estimated_duration=32.0, duration=8.79764556885e-05
calculate duration
testing...
no interpolation path defined
executed snippet estimated_duration=34.0, duration=0.000100135803223
calculate duration
testing...
no interpolation path defined
executed snippet estimated_duration=4.0, duration=7.5101852417e-05
calculate duration
testing...
no interpolation path defined
executed snippet estimated_duration=38.0, duration=9.29832458496e-05
executed snippet estimated_duration=108.0, duration=0.00665903091431
script duration name:cocktail_x1 seconds:108.0
Script duration 664.0
Run total estimated duration= 665.000
script duration name:unknown120_60 seconds:214.0
script duration name:co2 seconds:0.0
Script duration 214.0
Run total estimated duration= 215.000
script duration name:unknown120_60 seconds:214.0
script duration name:co2 seconds:0.0
Script duration 214.0
Run total estimated duration= 215.000
script duration name:unknown120_60 seconds:214.0
script duration name:co2 seconds:0.0
Script duration 214.0
Run total estimated duration= 215.000
script duration name:unknown120_60 seconds:214.0
script duration name:co2 seconds:0.0
Script duration 214.0
Run total estimated duration= 215.000
script duration name:unknown120_60 seconds:214.0
script duration name:co2 seconds:0.0
Script duration 214.0
Run total estimated duration= 215.000
script duration name:unknown120_60 seconds:214.0
script duration name:co2 seconds:0.0
Script duration 214.0
Run total estimated duration= 215.000
unknown400_120 in script context. using previous estimated duration
script duration name:unknown400_120 seconds:556.0
script duration name:co2 seconds:0.0
Script duration 556.0
Run total estimated duration= 557.000
script duration name:unknown400_120 seconds:556.0
loading script "jan_unknown400_120.py"
loading script "jan_pump_ms.py"
loading script "jan_sniffair_x2.py"
loading script "jan_pump_extraction_line.py"
testing...
no interpolation path defined
calculate duration
testing...
no interpolation path defined
executed snippet estimated_duration=0, duration=4.60147857666e-05
calculate duration
testing...
no interpolation path defined
executed snippet estimated_duration=0, duration=9.70363616943e-05
calculate duration
testing...
no interpolation path defined
executed snippet estimated_duration=32.0, duration=8.41617584229e-05
calculate duration
testing...
no interpolation path defined
executed snippet estimated_duration=34.0, duration=0.000123023986816
calculate duration
testing...
no interpolation path defined
executed snippet estimated_duration=4.0, duration=6.69956207275e-05
calculate duration
testing...
no interpolation path defined
executed snippet estimated_duration=36.0, duration=9.20295715332e-05
calculate duration
testing...
no interpolation path defined
executed snippet estimated_duration=34.0, duration=9.79900360107e-05
calculate duration
testing...
no interpolation path defined
executed snippet estimated_duration=4.0, duration=6.19888305664e-05
calculate duration
testing...
no interpolation path defined
executed snippet estimated_duration=36.0, duration=8.70227813721e-05
calculate duration
testing...
no interpolation path defined
executed snippet estimated_duration=70.0, duration=9.20295715332e-05
executed snippet estimated_duration=250.0, duration=0.0123500823975
script duration name:sniffair_x2 seconds:250.0
Script duration 806.0
Run total estimated duration= 807.000
script duration name:unknown400_120 seconds:556.0
sniffair_x2 in script context. using previous estimated duration
script duration name:sniffair_x2 seconds:250.0
Script duration 806.0
Run total estimated duration= 807.000
loading script "jan_ic_peak_hop3.py"
loading script "jan_pump_ms.py"
loading script "jan_sniffair_x1.py"
loading script "jan_pump_extraction_line.py"
testing...
no interpolation path defined
executed snippet estimated_duration=133.8, duration=0.00774097442627
script duration name:ic_peak_hop3 seconds:134.0
loading script "jan_ic_peak_hop3.py"
loading script "jan_pump_ms.py"
loading script "jan_sniffair_x1.py"
loading script "jan_pump_extraction_line.py"
testing...
no interpolation path defined
calculate duration
testing...
no interpolation path defined
executed snippet estimated_duration=0, duration=4.38690185547e-05
calculate duration
testing...
no interpolation path defined
executed snippet estimated_duration=0, duration=9.48905944824e-05
calculate duration
testing...
no interpolation path defined
executed snippet estimated_duration=32.0, duration=0.000133037567139
calculate duration
testing...
no interpolation path defined
executed snippet estimated_duration=34.0, duration=9.79900360107e-05
calculate duration
testing...
no interpolation path defined
executed snippet estimated_duration=4.0, duration=6.69956207275e-05
calculate duration
testing...
no interpolation path defined
executed snippet estimated_duration=70.0, duration=9.29832458496e-05
executed snippet estimated_duration=140.0, duration=0.00800585746765
script duration name:sniffair_x1 seconds:140.0
Script duration 274.0
Run total estimated duration= 275.000
script duration name:unknown120_60 seconds:214.0
script duration name:co2 seconds:0.0
Script duration 214.0
Run total estimated duration= 215.000
script duration name:unknown120_60 seconds:214.0
script duration name:co2 seconds:0.0
Script duration 214.0
Run total estimated duration= 215.000
nruns=15 before=5.0, run_dur=5261.0, btw=630.0
write rem/ex queues
/Users/jan/PychronDev/experiments/rem/CurrentExperiment.rem.txt
/Users/jan/PychronDev/experiments/rem/CurrentExperiment.ex.txt
doing event level: 3
