do run
loading script "jan_unknown120_60.py"
loading script "jan_pump_ms.py"
loading script "jan_co2.py"
loading script "jan_pump_extraction_line.py"
testing...
no interpolation path defined
executed snippet estimated_duration=213.652928, duration=0.000241994857788
script duration name:unknown120_60 seconds:214.0
loading script "jan_unknown120_60.py"
loading script "jan_pump_ms.py"
loading script "jan_co2.py"
loading script "jan_pump_extraction_line.py"
testing...
no interpolation path defined
executed snippet estimated_duration=0, duration=2.69412994385e-05
loading script "jan_unknown120_60.py"
loading script "jan_pump_ms.py"
loading script "jan_co2.py"
loading script "jan_pump_extraction_line.py"
testing...
no interpolation path defined
calculate duration
testing...
no interpolation path defined
executed snippet estimated_duration=0, duration=5.3882598877e-05
calculate duration
testing...
no interpolation path defined
executed snippet estimated_duration=0, duration=0.0001540184021
executed snippet estimated_duration=0.0, duration=0.00421380996704
script duration name:co2 seconds:0.0
loading script "jan_unknown120_60.py"
loading script "jan_pump_ms.py"
loading script "jan_co2.py"
loading script "jan_pump_extraction_line.py"
testing...
no interpolation path defined
calculate duration
testing...
no interpolation path defined
executed snippet estimated_duration=4.0, duration=0.000141859054565
executed snippet estimated_duration=4.0, duration=0.00149011611938
Script duration 214.0
Run total estimated duration= 215.000
run duration: 0:03:35
doing event level: 2
04:52:24 -- Setting default integration. t=1.048576
setting integration time = 1.048576
SetIntegrationTime 1.048576 ===>> OK
----------------- start -----------------
**************** Experiment Type: Ar/Ar, Ar/Ar
create new session 4419362736
close session 4419362736
$$$$$ Clearing conditionals
adding conditionals 
Add queue conditionals
add default conditionals
adding default conditionals from /Users/jan/PychronDev/setupfiles/spectrometer/default_conditionals.yaml
Start automated run 25351-02
loading script "jan_unknown120_60.py"
loading script "jan_pump_ms.py"
loading script "jan_co2.py"
loading script "jan_pump_extraction_line.py"
%%%%%%%%%%%%%%%%%% setting automated run 25351-02
No value "sensitivity_multiplier" in metadata
$$$$$$$$$$$$$$$ auto_save_detector_ic=False
============================= Pre Extraction Check =============================
loading queue conditionals pre_run_terminations
loading system conditionals pre_run_terminations
loading conditionals from /Users/jan/PychronDev/setupfiles/spectrometer/default_conditionals.yaml
04:52:24 -- ******* Pre Extraction Check *******
Get a measurement from the spectrometer
GetData ===>> H2,-0.194587071291094,H1,0.0212564062608724,AX,-0.0305744497372089,L1,0.0443889531503636,L2,0.040...
Pre Extraction Termination data. keys=H2,H1,AX,L1,L2,CDD, signals=-0.19459,0.02126,-0.03057,0.04439,0.04055,0.00417
04:52:24 -- testing system defined conditionals
Checking default pre extraction terminations n=2
testing CDD
evaluate ot="CDD.inactive" t="CDD", ctx="{'CDD': False}"
GetDeflection CDD ===>> 50
testing CDD==2000
evaluate ot="CDD.deflection==2000" t="CDD==2000", ctx="{'CDD': 50.0}"
04:52:24 -- ******* Pre Extraction Check Passed *******
=================================================================================
04:52:24 -- stopping status monitor
stop 4976433200
Alive clients [4982646160]
04:52:24 -- starting status monitor
start 4976433200
Monitor already running
start extraction
do extraction
Analysis started at 04:52:24.403409
Extraction Started jan_co2.py
04:52:24 -- ******* Extraction Started jan_co2.py *******
state changed from not run to extraction
DO EXTRACTION <pychron.extraction_line.pyscript_runner.RemotePyScriptRunner object at 0x12b9a8890>
testing...
no interpolation path defined
calculate duration
testing...
no interpolation path defined
executed snippet estimated_duration=0, duration=4.98294830322e-05
calculate duration
testing...
no interpolation path defined
executed snippet estimated_duration=0, duration=0.000102996826172
executed snippet estimated_duration=100.0, duration=0.00210189819336
Jan CO2 laser analysis
doing GOSUB
testing...
no interpolation path defined
executed snippet estimated_duration=0, duration=4.19616699219e-05
Waiting for CO2 access
wait ('FelixCO2Flag', 0) {}
waiting for FelixCO2Flag = 0
Read FelixCO2Flag ===>> 0
finished waiting
CO2 free
wait ('CO2PumpTimeFlag', 0) {}
waiting for CO2PumpTimeFlag = 0
Read CO2PumpTimeFlag ===>> 0
finished waiting
acquire ('JanCO2Flag',) {'clear': True}
acquire JanCO2Flag
Set JanCO2Flag 1 ===>> OK
JanCO2Flag acquired
set extraction state False (0.75, 'red', 1.5)
CO2 acquired
executed snippet estimated_duration=0, duration=0.0289390087128
WaitForCO2Access.py completed successfully
gosub finished
doing GOSUB
testing...
no interpolation path defined
executed snippet estimated_duration=0, duration=7.82012939453e-05
Prepare for CO2 analysis
close () {'description': 'Jan Inlet'}
closing name=--- desc=Jan Inlet
checking ownership. requestor=129.138.12.150
check software interlocks R
interlocks []
actuate state mode=None-script, software_lock=False
doing actuation None-script close_channel False
Close R ===>> OK
GetIndicatorState R ===>> False
change switch state (True, True)
update switch state R False args=() kw={} ncanvase=2
04:52:24 -- CLOSE  VALVE-R (Jan Inlet)
---------------------------------------- close None (Jan Inlet) result=[(True, True)]
action=close, ok=True, locked=[False]
open () {'description': 'Jan Ion Pump'}
opening name=--- desc=Jan Ion Pump
checking ownership. requestor=129.138.12.150
check software interlocks O
interlocks []
actuate state mode=None-script, software_lock=False
doing actuation None-script open_channel False
Open O ===>> OK
GetIndicatorState O ===>> OK
change switch state (True, True)
update switch state O True args=() kw={} ncanvase=2
04:52:25 -- OPEN   VALVE-O (Jan Ion Pump)
---------------------------------------- open None (Jan Ion Pump) result=[(True, True)], time=0.15 sec
action=open, ok=True, locked=[False]
close () {'description': 'Microbone to Minibone'}
closing name=--- desc=Microbone to Minibone
checking ownership. requestor=129.138.12.150
check software interlocks L
interlocks []
actuate state mode=None-script, software_lock=False
doing actuation None-script close_channel False
Close L ===>> OK
GetIndicatorState L ===>> False
change switch state (True, True)
update switch state L False args=() kw={} ncanvase=2
04:52:25 -- CLOSE  VALVE-L (Microbone to Minibone)
---------------------------------------- close None (Microbone to Minibone) result=[(True, True)]
action=close, ok=True, locked=[False]
open () {'description': 'Microbone to Turbo'}
opening name=--- desc=Microbone to Turbo
checking ownership. requestor=129.138.12.150
check software interlocks U
interlocks []
actuate state mode=None-script, software_lock=False
doing actuation None-script open_channel False
Open U ===>> OK
GetIndicatorState U ===>> OK
change switch state (True, True)
update switch state U True args=() kw={} ncanvase=2
04:52:26 -- OPEN   VALVE-U (Microbone to Turbo)
---------------------------------------- open None (Microbone to Turbo) result=[(True, True)], time=0.15 sec
action=open, ok=True, locked=[False]
open () {'description': 'Microbone to Inlet Pipette'}
opening name=--- desc=Microbone to Inlet Pipette
checking ownership. requestor=129.138.12.150
check software interlocks S
interlocks []
actuate state mode=None-script, software_lock=False
doing actuation None-script open_channel False
Open S ===>> OK
GetIndicatorState S ===>> OK
change switch state (True, True)
update switch state S True args=() kw={} ncanvase=2
04:52:27 -- OPEN   VALVE-S (Microbone to Inlet Pipette)
---------------------------------------- open None (Microbone to Inlet Pipette) result=[(True, True)], time=0.43 sec
action=open, ok=True, locked=[False]
open () {'description': 'Microbone to Getter D-50'}
opening name=--- desc=Microbone to Getter D-50
checking ownership. requestor=129.138.12.150
check software interlocks K
interlocks []
actuate state mode=None-script, software_lock=False
doing actuation None-script open_channel False
Open K ===>> OK
GetIndicatorState K ===>> OK
change switch state (True, True)
update switch state K True args=() kw={} ncanvase=2
04:52:27 -- OPEN   VALVE-K (Microbone to Getter D-50)
---------------------------------------- open None (Microbone to Getter D-50) result=[(True, True)], time=0.41 sec
action=open, ok=True, locked=[False]
open () {'description': 'Microbone to Getter NP-10'}
opening name=--- desc=Microbone to Getter NP-10
checking ownership. requestor=129.138.12.150
check software interlocks M
interlocks []
actuate state mode=None-script, software_lock=False
doing actuation None-script open_channel False
Open M ===>> OK
GetIndicatorState M ===>> OK
change switch state (True, True)
update switch state M True args=() kw={} ncanvase=2
04:52:28 -- OPEN   VALVE-M (Microbone to Getter NP-10)
---------------------------------------- open None (Microbone to Getter NP-10) result=[(True, True)], time=0.19 sec
action=open, ok=True, locked=[False]
close () {'description': 'CO2 Laser to Felix'}
closing name=--- desc=CO2 Laser to Felix
checking ownership. requestor=129.138.12.150
check software interlocks F
interlocks []
actuate state mode=None-script, software_lock=True
VALVE-F(CO2 Laser to Felix) software locked
change switch state (True, False)
---------------------------------------- close None (CO2 Laser to Felix) result=[(True, False)]
action=close, ok=True, locked=[True]
open () {'description': 'CO2 Laser to Jan'}
opening name=--- desc=CO2 Laser to Jan
checking ownership. requestor=129.138.12.150
check software interlocks A
interlocks []
actuate state mode=None-script, software_lock=False
doing actuation None-script open_channel False
Open A ===>> OK
GetIndicatorState A ===>> OK
change switch state (True, True)
update switch state A True args=() kw={} ncanvase=2
04:52:28 -- OPEN   VALVE-A (CO2 Laser to Jan)
---------------------------------------- open None (CO2 Laser to Jan) result=[(True, True)], time=0.13 sec
action=open, ok=True, locked=[False]
open () {'description': 'Microbone to CO2 Laser'}
opening name=--- desc=Microbone to CO2 Laser
checking ownership. requestor=129.138.12.150
check software interlocks T
interlocks []
actuate state mode=None-script, software_lock=False
doing actuation None-script open_channel False
Open T ===>> OK
GetIndicatorState T ===>> OK
change switch state (True, True)
update switch state T True args=() kw={} ncanvase=2
04:52:29 -- OPEN   VALVE-T (Microbone to CO2 Laser)
---------------------------------------- open None (Microbone to CO2 Laser) result=[(True, True)], time=0.42 sec
action=open, ok=True, locked=[False]
executed snippet estimated_duration=0, duration=5.08423089981
PrepareForCO2Analysis.py completed successfully
gosub finished
set_motor ('beam', '1.25') {}
setting motor "beam" to 1.25
set motor beam to 1.25
SetMotor beam,1.25 ===>> OK
GetMotorMoving beam ===>> False
GetMotorMoving beam ===>> False
Block completed
move_to_position ('218',) {'autocenter': True}
FusionsCO2 move to position 218
sending GoToHole 218,True
GoToHole 218,True ===>> OK
GetDriveMoving ===>> OK
GetDriveMoving ===>> OK
GetDriveMoving ===>> OK
GetDriveMoving ===>> OK
GetDriveMoving ===>> OK
GetDriveMoving ===>> OK
GetDriveMoving ===>> OK
GetDriveMoving ===>> False
GetDriveMoving ===>> OK
GetDriveMoving ===>> OK
GetDriveMoving ===>> OK
GetDriveMoving ===>> OK
GetDriveMoving ===>> OK
GetDriveMoving ===>> False
Block completed
GetAutoCorrecting ===>> False
GetAutoCorrecting ===>> False
Block completed
update position
GetPosition ===>> -1.99390,-15.95120,1.00000
got position (-1.9939, -15.9512, 1.0)
move to position succeeded
sleep (5,) {}
SLEEP 5.0
block started
WaitControl setup for 5.0  
Join finished
block finished. duration 5.02414393425
close () {'description': 'Microbone to Turbo'}
closing name=--- desc=Microbone to Turbo
checking ownership. requestor=129.138.12.150
check software interlocks U
interlocks []
actuate state mode=None-script, software_lock=False
doing actuation None-script close_channel True
Close U ===>> OK
GetIndicatorState U ===>> False
change switch state (True, True)
update switch state U False args=() kw={} ncanvase=2
04:52:40 -- CLOSE  VALVE-U (Microbone to Turbo)
---------------------------------------- close None (Microbone to Turbo) result=[(True, True)]
action=close, ok=True, locked=[False]
enable laser
enable () {}
set extraction state FusionsCO2 Enabled (False, 'red', 1.5)
enabling laser
Enable ===>> OK
begin interval
BEGIN INTERVAL Interval 1 waiting for 30.0
block started
set extract to 5.0
WaitControl setup for 30.0  
extract (5.0,) {}
GetPosition ===>> -1.99390,-15.95120,1.00000
set extraction state FusionsCO2 ON! 5.0(watts) (0.75, 'red', 1.5)
extract sample to 5.0 (watts)
set laser output
SetLaserOutput 5.0,watts ===>> OK
executing pattern triangle.lp
execute_pattern ('triangle.lp',) {}
executing pattern triangle.lp
IsPatterning ===>> OK
IsPatterning ===>> OK
IsPatterning ===>> OK
IsPatterning ===>> OK
IsPatterning ===>> OK
set states for children of V. state=False
handle state [('V', False)]
update switch state V False args=() kw={'refresh': False} ncanvase=2
refresh_canvas_needed fired
IsPatterning ===>> OK
IsPatterning ===>> OK
set states for children of H. state=True
handle state [('H', True)]
update switch state H True args=() kw={'refresh': False} ncanvase=2
refresh_canvas_needed fired
IsPatterning ===>> OK
IsPatterning ===>> OK
IsPatterning ===>> OK
IsPatterning ===>> OK
IsPatterning ===>> OK
IsPatterning ===>> OK
IsPatterning ===>> OK
IsPatterning ===>> OK
IsPatterning ===>> OK
IsPatterning ===>> OK
IsPatterning ===>> OK
IsPatterning ===>> OK
IsPatterning ===>> OK
IsPatterning ===>> OK
IsPatterning ===>> OK
IsPatterning ===>> OK
IsPatterning ===>> OK
IsPatterning ===>> OK
IsPatterning ===>> OK
IsPatterning ===>> False
IsPatterning ===>> False
Block completed
COMPLETE INTERVAL waiting for Interval 1 to complete
Join finished
block finished. duration 30.0978391171
Interval 1 finished
end_extract () {}
ending extraction. set laser power to 0
set laser power 0
SetLaserPower 0 ===>> OK
disable () {}
%%%%%%%%%%%%%%%%%%%%%%%%%%%%%%%%%%% disable
set extraction state False (0.75, 'red', 1.5)
disabling laser
Disable ===>> OK
sleep (30.0,) {}
SLEEP 30.0
block started
WaitControl setup for 30.0  
set states for children of H. state=False
handle state [('H', False)]
update switch state H False args=() kw={'refresh': False} ncanvase=2
refresh_canvas_needed fired
State checksums do not match. Local:834010572 Remote:1229008974
State checksum failed
set states for children of C. state=True
set states for children of B. state=True
handle state [('C', True), ('B', True)]
update switch state C True args=() kw={'refresh': True} ncanvase=2
update switch state B True args=() kw={'refresh': False} ncanvase=2
refresh_canvas_needed fired
set states for children of D. state=True
handle state [('D', True)]
update switch state D True args=() kw={'refresh': False} ncanvase=2
refresh_canvas_needed fired
Join finished
block finished. duration 30.0982060432
executed snippet estimated_duration=166.5, duration=77.8054618835
jan_co2.py completed successfully
GetAchievedOutput ===>> No Response
Requested Output= 0.000
Achieved Output=  0.000
GetResponseBlob ===>> No Response
GetOutputBlob ===>> No Response
persistence save...
persistence save - db
AutomatedRunPersister post_extraction_save deprecated
persistence save - dvc
no extraction position for 218
create new session 4982376208
close session 4982376208
Extraction Finished
04:53:42 -- ******* Extraction Finished *******
no overlap. not waiting for min ms pumptime
04:53:42 -- Sending spectrometer configuration
======== Sending configuration ========
SetDeflection CDD,50.0 ===>> OK
SetDeflection H2,0.0 ===>> OK
SetDeflection H1,0.0 ===>> OK
SetDeflection L2,825.0 ===>> OK
SetDeflection L1,400.0 ===>> OK
SetDeflection AX,190.0 ===>> OK
SetZFocus 74.64 ===>> OK
SetZSymmetry -50.72 ===>> OK
SetExtractionLens 26.13 ===>> OK
SetIonRepeller -3.81 ===>> OK
SetElectronEnergy 75.08 ===>> OK
SetYSymmetry -2.81 ===>> OK
SetIonCounterVoltage 1590.0 ===>> OK
send trap current 200.0
GetParameter Trap Current Readback ===>> 198.147042666178
SetParameter Trap Current Set,200.0 ===>> OK
updating mftable name mftable
Using mftable located at /Users/jan/PychronDev/setupfiles/spectrometer/mftables/mftable.csv
============ MFtable ===========
Isotope  H2     H1     AX     L1     L2     CDD    
Ar40     5.8015 5.8795 5.9928 6.1414 6.2312 6.3697
Ar39     5.7008 5.7718 5.8852 6.0275 6.1163 6.2561
Ar36     5.3783 5.4408 5.5486 5.6864 5.7713 5.9073
================================
get initial guess parabolic
get initial guess parabolic
get initial guess parabolic
get initial guess parabolic
get initial guess parabolic
get initial guess parabolic
======== Configuration Finished ========
GetYSymmetry ===>> -2.81
GetZSymmetry ===>> -50.72
GetParameter Trap Current Readback ===>> 198.370811206739
GetHighVoltage ===>> 4500
start measurement
do measurement
L#=25351 analysis type=unknown
Measurement Started jan_unknown120_60.py
04:53:42 -- ******* Measurement Started jan_unknown120_60.py *******
state changed from extraction to measurement
setting spec, defl, and gains
GetExtractionLens ===>> 26.13
GetYSymmetry ===>> -2.81
GetZSymmetry ===>> -50.72
GetZFocus ===>> 74.64
GetDeflection H2 ===>> 0
GetDeflection H1 ===>> 0
GetDeflection AX ===>> 190
GetDeflection L1 ===>> 400
GetDeflection L2 ===>> 825
GetDeflection CDD ===>> 50
GetGain H2 ===>> 0.0113
GetGain H1 ===>> 0.1
GetGain AX ===>> 0.097049
GetGain L1 ===>> 0.010355
GetGain L2 ===>> 0.095649
GetGain CDD ===>> 0
pre measurement save
New frame /Users/jan/PychronDev/data/isotopes/9d/7dcd05-67a0-40bd-a11d-9cda9a522b31.h5
flush and close file /Users/jan/PychronDev/data/isotopes/9d/7dcd05-67a0-40bd-a11d-9cda9a522b31.h5
testing...
no interpolation path defined
executed snippet estimated_duration=226.132928, duration=0.000152111053467
unknown measurement script
activate_detectors ('H2', 'H1', 'AX', 'L1', 'L2', 'CDD') {}
activate detectors
*************** Set Analysis View Ar/Ar
create graphs
clearing graphs
clear isotope group
setting isotope det=H2, iso=PM41
setting isotope det=H1, iso=Ar40
setting isotope det=AX, iso=Ar39
setting isotope det=L1, iso=Ar38
setting isotope det=L2, iso=Ar37
setting isotope det=CDD, iso=Ar36
setting previous blanks
 - setting Ar40 blank 0.188+/-0.007
 - setting Ar36 blank 0.00429+/-0.00017
 - setting Ar37 blank 0.047+/-0.005
 - setting Ar38 blank 0.0098+/-0.0021
 - setting PM41 blank 0.02+/-0.06
 - setting Ar39 blank 0.013+/-0.009
load analysis view
position_magnet ('Ar40',) {'detector': 'H1'}
detector Detector(H1)
POSITION Ar40 H1
setting detector H2 to PM41 (40.9624)
setting detector H1 to Ar40 (39.9624)
setting detector AX to Ar39 (38.9624)
setting detector L1 to Ar38 (37.9624)
setting detector L2 to Ar37 (36.9624)
setting detector CDD to Ar36 (35.9624)
Mapping mass to dac mass func: "parabolic"
H1 map mass coeffs = [-0.00063987  0.15840543  0.57110999]
H1 map mass to dac 39.9624 >> 5.8795
GetDeflection H1 ===>> 0
GetHighVoltage ===>> 4500
positioning Ar40 (5.8795) on H1
setting magnet DAC
current  : 5.879501
requested: 5.879500
Delta Dac: 0.000001
Checking detector protection. dv=0.00000
Checking detector "CDD". Protection Threshold: 0.1 (V)
SetMagnetDAC 5.8795 ===>> OK
Magnet settling time: 0.500
equilibrate () {'delay': 3, 'inlet': 'R', 'outlet': 'O', 'eqtime': 12.0}
Equilibration Started
04:53:44 -- ******* Equilibration Started *******
checking ownership. requestor=129.138.12.150
check software interlocks O
interlocks []
actuate state mode=None-script, software_lock=False
doing actuation None-script close_channel True
Close O ===>> OK
GetIndicatorState O ===>> False
change switch state (True, True)
update switch state O False args=() kw={} ncanvase=2
04:53:44 -- CLOSE  VALVE-O (Jan Ion Pump)
waiting 3s before opening inlet value ('R',)
update labels <pychron.experiment.plot_panel.PlotPanel object at 0x1a2795530>
update labels "<pychron.graph.stacked_regression_graph.StackedRegressionGraph object at 0x1bc68f2f0>"
setting label 0 H2 PM41
setting label 1 H1 Ar40
setting label 2 AX Ar39
setting label 3 L1 Ar38
setting label 4 L2 Ar37
setting label 5 CDD Ar36
update labels "<pychron.graph.stacked_graph.StackedGraph object at 0x1b1f66ad0>"
setting label 0 H2 PM41
setting label 1 H1 Ar40
setting label 2 AX Ar39
setting label 3 L1 Ar38
setting label 4 L2 Ar37
setting label 5 CDD Ar36
checking ownership. requestor=129.138.12.150
check software interlocks R
interlocks []
actuate state mode=None-script, software_lock=False
doing actuation None-script open_channel True
Open R ===>> OK
GetIndicatorState R ===>> OK
change switch state (True, True)
update switch state R True args=() kw={} ncanvase=2
04:53:47 -- OPEN   VALVE-R (Jan Inlet)
equilibrating for 12.0sec
set_time_zero () {}
sniff (12.0,) {}
py_sniff
build tables- sniff [Detector(H2), Detector(H1), Detector(AX), Detector(L1), Detector(L2), Detector(CDD)]
add group /sniff/PM41 (Group) '' table H2
add group /sniff/Ar40 (Group) '' table H1
add group /sniff/Ar39 (Group) '' table AX
add group /sniff/Ar38 (Group) '' table L1
add group /sniff/Ar37 (Group) '' table L2
add group /sniff/Ar36 (Group) '' table CDD
flush and close file /Users/jan/PychronDev/data/isotopes/9d/7dcd05-67a0-40bd-a11d-9cda9a522b31.h5
measuring sniff. ncounts=12.0
"sniff" increment series count="1" fit count="0" regressing="False"
starting measurement
GetData ===>> H2,-0.0871444031093273,H1,0.0976831408811442,AX,-0.0955547020317453,L1,0.0264294732247302,L2,0.02...
GetData ===>> H2,0.441559477120993,H1,320.278121329548,AX,43.0823678375204,L1,0.175308233210048,L2,0.3995027940...
GetData ===>> H2,0.869635001436305,H1,1154.30227894007,AX,149.582293486231,L1,0.998555036190866,L2,0.5693325684...
GetData ===>> H2,0.457711320997703,H1,1471.75769466388,AX,185.531580418611,L1,1.69380015712123,L2,0.50254203331...
GetData ===>> H2,0.210560601854631,H1,1577.59112885374,AX,196.121560553605,L1,2.06741907886596,L2,0.45210281489...
GetData ===>> H2,0.0978696804549085,H1,1617.87561407378,AX,200.129275299511,L1,2.25269028627158,L2,0.5125736455...
GetData ===>> H2,0.0190726722874979,H1,1634.10729653514,AX,201.730496081958,L1,2.35737914473463,L2,0.5885646125...
GetData ===>> H2,-0.0193415780920843,H1,1641.86888959525,AX,202.244701940742,L1,2.42464083028951,L2,0.433893745...
GetData ===>> H2,0.0346090579607625,H1,1645.26572839757,AX,202.654901288033,L1,2.50031482757743,L2,0.4859887400...
GetData ===>> H2,-0.00373070830288709,H1,1646.54522597144,AX,202.671168588983,L1,2.562861943213,L2,0.4297456105...
GetData ===>> H2,-0.0231695777409459,H1,1646.77403396061,AX,202.687887173999,L1,2.56089673085151,L2,0.527588747...
Equilibration Finished
04:53:59 -- ******* Equilibration Finished *******
checking ownership. requestor=129.138.12.150
check software interlocks R
interlocks []
actuate state mode=None-script, software_lock=False
doing actuation None-script close_channel True
GetData ===>> H2,-0.113433806781949,H1,1646.95308841469,AX,202.497267649825,L1,2.55780014933672,L2,0.5514303374...
Close R ===>> OK
set states for children of R. state=False
handle state [('R', False)]
update switch state R False args=() kw={'refresh': False} ncanvase=2
refresh_canvas_needed fired
GetIndicatorState R ===>> False
change switch state (True, True)
update switch state R False args=() kw={} ncanvase=2
04:54:00 -- CLOSE  VALVE-R (Jan Inlet)
Post Equilibration Started jan_pump_extraction_line.py
04:54:00 -- ******* Post Equilibration Started jan_pump_extraction_line.py *******
testing...
no interpolation path defined
calculate duration
testing...
no interpolation path defined
executed snippet estimated_duration=4.0, duration=0.000192880630493
executed snippet estimated_duration=4.0, duration=0.00139594078064
Pump after analysis
doing GOSUB
testing...
no interpolation path defined
executed snippet estimated_duration=4.0, duration=0.000189065933228
Pump Microbone
close () {'description': 'Jan Inlet'}
closing name=--- desc=Jan Inlet
checking ownership. requestor=129.138.12.150
check software interlocks R
interlocks []
actuate state mode=None-script, software_lock=False
doing actuation None-script close_channel False
measurement finished
estimated time: 12.583 actual time: :12.689
flush and close file /Users/jan/PychronDev/data/isotopes/9d/7dcd05-67a0-40bd-a11d-9cda9a522b31.h5
set_fits () {}
Close R ===>> OK
using default fits file=/Users/jan/PychronDev/scripts/measurement/fits/nominal_linear.yaml
set "Ar40" to "('Linear', 'SEM')"
No fit for "PM41". defaulting to linear. check the measurement script "jan_unknown120_60.py"
set "PM41" to "linear"
set "Ar36" to "('Linear', 'SEM')"
set "Ar37" to "('linear', 'SEM')"
set "Ar38" to "('linear', 'SEM')"
set "Ar39" to "('Linear', 'SEM')"
set_baseline_fits () {}
using default fits file=/Users/jan/PychronDev/scripts/measurement/fits/nominal_linear.yaml
set "H1" to "('average', 'SEM')"
set "H2" to "('average', 'SEM')"
set "CDD" to "('average', 'SEM')"
set "L2" to "('average', 'SEM')"
set "L1" to "('average', 'SEM')"
set "AX" to "('average', 'SEM')"
multicollect () {'integration_time': 1, 'ncounts': 120}
build tables- signal [Detector(H2), Detector(H1), Detector(AX), Detector(L1), Detector(L2), Detector(CDD)]
add group /signal/PM41 (Group) '' table H2
add group /signal/Ar40 (Group) '' table H1
add group /signal/Ar39 (Group) '' table AX
add group /signal/Ar38 (Group) '' table L1
add group /signal/Ar37 (Group) '' table L2
add group /signal/Ar36 (Group) '' table CDD
flush and close file /Users/jan/PychronDev/data/isotopes/9d/7dcd05-67a0-40bd-a11d-9cda9a522b31.h5
measuring signal. ncounts=120
GetIndicatorState R ===>> False
change switch state (True, True)
update switch state R False args=() kw={} ncanvase=2
04:54:01 -- CLOSE  VALVE-R (Jan Inlet)
---------------------------------------- close None (Jan Inlet) result=[(True, True)]
"signal" increment series count="2" fit count="1" regressing="True"
action=close, ok=True, locked=[False]
is_closed ('F',) {}
is F () closed?
is closed True
open () {'description': 'CO2 Laser to Jan'}
opening name=--- desc=CO2 Laser to Jan
checking ownership. requestor=129.138.12.150
check software interlocks A
interlocks []
actuate state mode=None-script, software_lock=False
doing actuation None-script open_channel False
Open A ===>> OK
GetIndicatorState A ===>> OK
change switch state (True, True)
update switch state A True args=() kw={} ncanvase=2
04:54:01 -- OPEN   VALVE-A (CO2 Laser to Jan)
---------------------------------------- open None (CO2 Laser to Jan) result=[(True, True)], time=0.17 sec
starting measurement
GetData ===>> H2,-0.00523631742790844,H1,1647.03026620512,AX,202.851621821749,L1,2.63063780947988,L2,0.49690970...
action=open, ok=True, locked=[False]
sleep (1,) {}
SLEEP 1.0
GetData ===>> H2,0.0506156025372532,H1,1647.21251862301,AX,202.8077524175,L1,2.62598497227919,L2,0.472647654345...
close () {'description': 'CO2 Laser to Roughing'}
closing name=--- desc=CO2 Laser to Roughing
checking ownership. requestor=129.138.12.150
check software interlocks G
interlocks []
actuate state mode=None-script, software_lock=True
VALVE-G(CO2 Laser to Roughing) software locked
change switch state (True, False)
---------------------------------------- close None (CO2 Laser to Roughing) result=[(True, False)]
action=close, ok=True, locked=[True]
open () {'description': 'Microbone to Turbo'}
opening name=--- desc=Microbone to Turbo
checking ownership. requestor=129.138.12.150
check software interlocks U
interlocks []
actuate state mode=None-script, software_lock=False
doing actuation None-script open_channel True
Open U ===>> OK
GetIndicatorState U ===>> OK
change switch state (True, True)
update switch state U True args=() kw={} ncanvase=2
04:54:02 -- OPEN   VALVE-U (Microbone to Turbo)
---------------------------------------- open None (Microbone to Turbo) result=[(True, True)], time=0.19 sec
action=open, ok=True, locked=[False]
open () {'description': 'Microbone to Getter NP-10'}
opening name=--- desc=Microbone to Getter NP-10
checking ownership. requestor=129.138.12.150
check software interlocks M
interlocks []
actuate state mode=None-script, software_lock=False
doing actuation None-script open_channel False
Open M ===>> OK
GetIndicatorState M ===>> OK
change switch state (True, True)
update switch state M True args=() kw={} ncanvase=2
04:54:03 -- OPEN   VALVE-M (Microbone to Getter NP-10)
---------------------------------------- open None (Microbone to Getter NP-10) result=[(True, True)], time=0.23 sec
action=open, ok=True, locked=[False]
open () {'description': 'Microbone to Getter D-50'}
opening name=--- desc=Microbone to Getter D-50
checking ownership. requestor=129.138.12.150
check software interlocks K
interlocks []
actuate state mode=None-script, software_lock=False
doing actuation None-script open_channel False
GetData ===>> H2,-0.0222384855517882,H1,1646.1670865661,AX,202.578507782014,L1,2.61105244028366,L2,0.5762840158...
Open K ===>> OK
GetIndicatorState K ===>> OK
change switch state (True, True)
update switch state K True args=() kw={} ncanvase=2
04:54:04 -- OPEN   VALVE-K (Microbone to Getter D-50)
---------------------------------------- open None (Microbone to Getter D-50) result=[(True, True)], time=0.47 sec
action=open, ok=True, locked=[False]
open () {'description': 'Microbone to CO2 Laser'}
opening name=--- desc=Microbone to CO2 Laser
checking ownership. requestor=129.138.12.150
check software interlocks T
interlocks []
actuate state mode=None-script, software_lock=False
doing actuation None-script open_channel False
GetData ===>> H2,-0.0269758866790054,H1,1645.65334151154,AX,202.376137763543,L1,2.59655083709076,L2,0.466069172...
Open T ===>> OK
GetIndicatorState T ===>> OK
change switch state (True, True)
update switch state T True args=() kw={} ncanvase=2
04:54:04 -- OPEN   VALVE-T (Microbone to CO2 Laser)
---------------------------------------- open None (Microbone to CO2 Laser) result=[(True, True)], time=0.45 sec
action=open, ok=True, locked=[False]
open () {'description': 'Microbone to Inlet Pipette'}
opening name=--- desc=Microbone to Inlet Pipette
checking ownership. requestor=129.138.12.150
check software interlocks S
interlocks []
actuate state mode=None-script, software_lock=False
doing actuation None-script open_channel False
Open S ===>> OK
GetIndicatorState S ===>> OK
change switch state (True, True)
update switch state S True args=() kw={} ncanvase=2
04:54:05 -- OPEN   VALVE-S (Microbone to Inlet Pipette)
---------------------------------------- open None (Microbone to Inlet Pipette) result=[(True, True)], time=0.52 sec
GetData ===>> H2,-0.144402522274311,H1,1644.71708166513,AX,202.352295610836,L1,2.57490609088878,L2,0.5371543881...
action=open, ok=True, locked=[False]
sleep (1,) {}
SLEEP 1.0
GetData ===>> H2,-0.111093336542164,H1,1643.28814715292,AX,202.333223526763,L1,2.5950232897753,L2,0.60595909708...
set_resource () {'name': 'CO2PumpTimeFlag', 'value': 30}
Set CO2PumpTimeFlag 30 ===>> OK
release ('JanCO2Flag',) {}
release JanCO2Flag
Set JanCO2Flag 0 ===>> OK
executed snippet estimated_duration=6.0, duration=6.31045484543
PumpMicrobone.py completed successfully
gosub finished
get_resource_value () {'name': 'JanMiniboneFlag'}
Read JanMiniboneFlag ===>> 0
Get Resource Value JanMiniboneFlag=0.0
get resource value 0.0
get_resource_value () {'name': 'JanMiniboneFlag'}
Read JanMiniboneFlag ===>> 0
Get Resource Value JanMiniboneFlag=0.0
executed snippet estimated_duration=4.0, duration=6.32965397835
jan_pump_extraction_line.py completed successfully
Post Equilibration Finished
04:54:06 -- ******* Post Equilibration Finished *******
GetData ===>> H2,-0.142821614206273,H1,1642.77047150246,AX,202.441059304795,L1,2.63972638516266,L2,0.5102084670...
GetData ===>> H2,-0.102387857739877,H1,1642.72686462126,AX,202.298089310783,L1,2.59863529525296,L2,0.3800733633...
GetData ===>> H2,-0.00907492562374277,H1,1641.79368447729,AX,202.280536362235,L1,2.57888836400306,L2,0.47709066...
GetData ===>> H2,-0.149608502360422,H1,1641.85198163217,AX,201.98366241295,L1,2.60973310185659,L2,0.48132828680...
GetData ===>> H2,-0.00849303053028471,H1,1640.85016911776,AX,202.164809920104,L1,2.596368008115,L2,0.4486429443...
GetData ===>> H2,-0.00458486324590719,H1,1640.23258748134,AX,201.97352029978,L1,2.59845107822739,L2,0.596295105...
GetData ===>> H2,-0.0214236773968192,H1,1639.52694950371,AX,201.881295794797,L1,2.62920606910168,L2,0.431551112...
GetData ===>> H2,-0.0515313022979574,H1,1638.48210933936,AX,201.597808071713,L1,2.61276550390171,L2,0.439824860...
GetData ===>> H2,-0.0568360982779345,H1,1637.71413149211,AX,201.647078092125,L1,2.61746309638178,L2,0.475971329...
GetData ===>> H2,0.00139640136901774,H1,1637.0749091483,AX,201.737110561884,L1,2.61923637924568,L2,0.4841610843...
GetData ===>> H2,-0.0402710031639013,H1,1636.46353761566,AX,201.338700375458,L1,2.54506888591205,L2,0.446256505...
GetData ===>> H2,-0.129891454968104,H1,1635.79234494569,AX,201.23871807066,L1,2.55787586352422,L2,0.49082077255...
GetData ===>> H2,-0.1265715500033,H1,1635.33473371372,AX,201.183036457784,L1,2.58285443365911,L2,0.453267551886...
GetData ===>> H2,-0.126424186435003,H1,1634.45513879926,AX,201.291958037695,L1,2.57898445376013,L2,0.4948990604...
GetData ===>> H2,-0.051080755637995,H1,1633.60924879263,AX,201.029236075204,L1,2.56416866637597,L2,0.4689586235...
GetData ===>> H2,-0.00549199283086736,H1,1632.939331571,AX,201.240440675394,L1,2.54424708592894,L2,0.4860801237...
GetData ===>> H2,-0.128362743149682,H1,1632.15652037032,AX,201.078581323928,L1,2.55883179858726,L2,0.5009996803...
invalid checksum "None". error=int() argument must be a string or a number, not 'NoneType'
State checksums do not match. Local:799532470 Remote:None
State checksum failed
GetData ===>> H2,-0.0673372607290828,H1,1632.60024664609,AX,200.795622789983,L1,2.61374254096581,L2,0.470294881...
04:54:26 -- collecting point 25
GetData ===>> H2,-0.145634667021995,H1,1631.25081221103,AX,200.687744220956,L1,2.58518192933314,L2,0.4196788460...
GetData ===>> H2,-0.220748696685435,H1,1630.36443496098,AX,201.055863394138,L1,2.56720203426764,L2,0.4577325081...
GetData ===>> H2,-0.0977225716469687,H1,1629.97458870958,AX,200.64031428959,L1,2.56128622973553,L2,0.5434977222...
GetData ===>> H2,-0.0897495169512245,H1,1629.96302631074,AX,200.45274303068,L1,2.5597147917533,L2,0.51138533604...
GetData ===>> H2,-0.0013841733942763,H1,1629.22249256788,AX,200.288123400255,L1,2.56779473155765,L2,0.493071234...
GetData ===>> H2,-0.0252855586062649,H1,1627.30915515787,AX,200.525073768355,L1,2.51711158799277,L2,0.450218711...
GetData ===>> H2,-0.132336104802924,H1,1627.57482707705,AX,200.484534929857,L1,2.55315821218199,L2,0.5421718735...
GetData ===>> H2,-0.207757310211507,H1,1627.07367111243,AX,200.512892910203,L1,2.5703891611831,L2,0.43635071371...
GetData ===>> H2,-0.0714139941595424,H1,1626.09602370933,AX,200.378275817872,L1,2.55606562156277,L2,0.463648038...
GetData ===>> H2,-0.151559791261525,H1,1624.93059296717,AX,200.248558189077,L1,2.56405909064368,L2,0.4133376699...
GetData ===>> H2,-0.237548588034202,H1,1624.7219117168,AX,200.157712953071,L1,2.54328208761954,L2,0.43723066664...
GetData ===>> H2,-0.227582050827588,H1,1623.74879287128,AX,200.10191045061,L1,2.50907271214908,L2,0.48566889774...
GetData ===>> H2,-0.143372930249774,H1,1622.41422764642,AX,199.861429397694,L1,2.52284047818809,L2,0.4167767062...
GetData ===>> H2,-0.0521053163449685,H1,1621.93220006335,AX,199.918473561051,L1,2.54731021544666,L2,0.435539335...
GetData ===>> H2,-0.0946930362491433,H1,1621.84964014794,AX,199.947730964827,L1,2.55605751059813,L2,0.487336658...
GetData ===>> H2,-0.131797778230086,H1,1621.48511714516,AX,199.769122127773,L1,2.55544650126233,L2,0.4609757268...
GetData ===>> H2,-0.0941349827831206,H1,1620.63351958637,AX,199.700084466504,L1,2.57751883497387,L2,0.484914988...
GetData ===>> H2,-0.0947539870310428,H1,1619.88190893082,AX,199.660041006319,L1,2.55821387945089,L2,0.541486096...
GetData ===>> H2,0.027129098173168,H1,1618.67967349041,AX,199.695995148815,L1,2.55042691314332,L2,0.51307639636...
GetData ===>> H2,0.00968554867313596,H1,1617.94746665012,AX,199.598511187182,L1,2.54674240612889,L2,0.426351815...
GetData ===>> H2,-0.162661948355074,H1,1617.69932097565,AX,199.364584087388,L1,2.55927801931961,L2,0.3750595876...
GetData ===>> H2,-0.150216206191952,H1,1617.56678215252,AX,199.383959455909,L1,2.53560692326243,L2,0.4270831285...
GetData ===>> H2,-0.0234835342026532,H1,1616.89194361021,AX,199.089711953042,L1,2.54790509378848,L2,0.417347986...
GetData ===>> H2,-0.11699299590956,H1,1616.56163335472,AX,198.908210847742,L1,2.56024759574492,L2,0.43571075301...
GetData ===>> H2,-0.128956140271471,H1,1616.02087595515,AX,198.985007039501,L1,2.53221353790975,L2,0.5013766976...
04:54:53 -- collecting point 50
GetData ===>> H2,-0.0987570603522314,H1,1614.94774359965,AX,199.023345978119,L1,2.53350023549553,L2,0.480197475...
GetData ===>> H2,-0.0686922653321875,H1,1614.0440665617,AX,198.931148049905,L1,2.59400910091141,L2,0.4641962146...
GetData ===>> H2,-0.10144168787245,H1,1614.08978489936,AX,198.977570056355,L1,2.57347752178264,L2,0.49766371272...
GetData ===>> H2,-0.111906938147327,H1,1613.41609138458,AX,198.813153177035,L1,2.54002953988198,L2,0.4321224810...
GetData ===>> H2,-0.111591522146742,H1,1612.69132862059,AX,198.722768393988,L1,2.48101769177185,L2,0.4678051166...
GetData ===>> H2,-0.14313511092964,H1,1611.5780474141,AX,198.324393117104,L1,2.4923754906038,L2,0.4455143240077...
GetData ===>> H2,-0.0755055329606038,H1,1610.54159895836,AX,198.495204302084,L1,2.53110819709967,L2,0.375310841...
GetData ===>> H2,-0.0344937222391217,H1,1610.34310452213,AX,198.348582620697,L1,2.59549046995829,L2,0.430591221...
GetData ===>> H2,0.0344360634900327,H1,1610.27836045193,AX,198.352704265733,L1,2.54856355232626,L2,0.4979721706...
GetData ===>> H2,0.0378691992089215,H1,1609.46541669642,AX,198.245576616108,L1,2.53154059142829,L2,0.5371886753...
GetData ===>> H2,-0.120821600059093,H1,1608.95390681694,AX,198.261172919619,L1,2.52811702058711,L2,0.4643675202...
GetData ===>> H2,-0.0573596602270218,H1,1608.04223789764,AX,198.180745797649,L1,2.48245161854714,L2,0.470923043...
GetData ===>> H2,-0.0649580917301453,H1,1606.98805472537,AX,198.269838067683,L1,2.49638401082021,L2,0.511453891...
GetData ===>> H2,-0.123306119706451,H1,1606.17699858975,AX,197.972252262436,L1,2.51159298875973,L2,0.5018679648...
GetData ===>> H2,-0.139030590796364,H1,1605.64087386257,AX,197.967362685416,L1,2.48872448918145,L2,0.4108013169...
GetData ===>> H2,-0.0736131419258852,H1,1604.92332476444,AX,197.868233547397,L1,2.48784125059999,L2,0.530114349...
GetData ===>> H2,-0.0680887046321554,H1,1604.84470562319,AX,197.625034926878,L1,2.53805306276393,L2,0.508208965...
GetData ===>> H2,-0.084655328519717,H1,1603.90063835628,AX,197.736359981091,L1,2.55390966083906,L2,0.4045406969...
GetData ===>> H2,-0.0580608699873795,H1,1603.0984937606,AX,197.782676846579,L1,2.5621450679022,L2,0.37195323405...
GetData ===>> H2,0.025352765542622,H1,1602.31733294044,AX,197.692603406632,L1,2.53155275275724,L2,0.49076365490...
GetData ===>> H2,-0.0710885601104805,H1,1601.95930354429,AX,197.457463075473,L1,2.51786735484549,L2,0.382003565...
GetData ===>> H2,-0.0910692635641214,H1,1601.06547768809,AX,197.522457826738,L1,2.53203786529653,L2,0.486925427...
GetData ===>> H2,-0.138105956539846,H1,1600.74668661176,AX,197.432531935998,L1,2.48137346115862,L2,0.4778673615...
GetData ===>> H2,-0.170505344305228,H1,1600.36192465213,AX,197.499458299819,L1,2.48915062588666,L2,0.4808828141...
GetData ===>> H2,-0.031461378235764,H1,1599.48910494684,AX,197.117744854735,L1,2.48423349888297,L2,0.3911183003...
04:55:19 -- collecting point 75
GetData ===>> H2,0.015553468296362,H1,1598.96711274912,AX,197.044630388216,L1,2.49624514243263,L2,0.47902098939...
GetData ===>> H2,-0.0851171620920689,H1,1597.78821816581,AX,197.15421891173,L1,2.53880416454483,L2,0.5155559103...
GetData ===>> H2,-0.181749720001722,H1,1597.68663213383,AX,197.283709822154,L1,2.52024835001568,L2,0.4222611389...
GetData ===>> H2,-0.138038363360319,H1,1596.71623465758,AX,196.947632579663,L1,2.47460767483594,L2,0.5789138064...
GetData ===>> H2,-0.152944321845012,H1,1596.41821666212,AX,196.862765398415,L1,2.51269468912635,L2,0.4240664999...
GetData ===>> H2,-0.133023178000603,H1,1595.59388540144,AX,196.746807169816,L1,2.5397498670354,L2,0.47484058204...
GetData ===>> H2,-0.083257524350568,H1,1595.13996938071,AX,196.815142540175,L1,2.476718348969,L2,0.512230862480...
GetData ===>> H2,-0.0778488961192638,H1,1594.29747359731,AX,196.630971263276,L1,2.4723470731285,L2,0.4983377516...
GetData ===>> H2,-0.164369844224646,H1,1593.77331724555,AX,196.446635918344,L1,2.48293951853928,L2,0.4241122057...
GetData ===>> H2,-0.148710391506475,H1,1593.31821202217,AX,196.374822293344,L1,2.48188018233155,L2,0.5013538480...
GetData ===>> H2,-0.193037113817464,H1,1592.36600762792,AX,196.203098729023,L1,2.51859347834562,L2,0.4122751355...
GetData ===>> H2,-0.253291062040748,H1,1591.28618505456,AX,196.447941440885,L1,2.49389946792951,L2,0.4456285054...
GetData ===>> H2,-0.225899010511547,H1,1591.25586125515,AX,196.632953793429,L1,2.49474601162611,L2,0.4697009867...
GetData ===>> H2,-0.19788726374815,H1,1590.66629581049,AX,196.556023037031,L1,2.48976828289115,L2,0.40748816418...
GetData ===>> H2,-0.105043209769922,H1,1590.338319562,AX,196.411926202877,L1,2.47459420657873,L2,0.516161515666...
GetData ===>> H2,-0.0595621545449157,H1,1589.60795064105,AX,196.165527785364,L1,2.49199914158206,L2,0.436259290...
GetData ===>> H2,-0.144709219939267,H1,1588.98478706584,AX,195.954257453841,L1,2.48858154818517,L2,0.5003713213...
GetData ===>> H2,-0.166636290309753,H1,1588.69727126528,AX,195.993202414347,L1,2.4785976788335,L2,0.47287608197...
GetData ===>> H2,-0.0730003518570167,H1,1588.0199745635,AX,196.153440468226,L1,2.52709987618832,L2,0.4274030795...
GetData ===>> H2,-0.045124264903187,H1,1587.17619073675,AX,195.959052409357,L1,2.51712913200881,L2,0.4822649283...
GetData ===>> H2,-0.102031868880901,H1,1586.63635000437,AX,195.884057686867,L1,2.50604831075354,L2,0.4340765870...
GetData ===>> H2,-0.0697894431215422,H1,1585.62146589397,AX,195.597906820701,L1,2.52586807849733,L2,0.505204078...
GetData ===>> H2,-0.0179478667512327,H1,1584.65610485744,AX,195.485808831738,L1,2.49411783779086,L2,0.504952723...
GetData ===>> H2,-0.0618347253293877,H1,1583.78525646993,AX,195.556492666354,L1,2.4702933141066,L2,0.3844820480...
GetData ===>> H2,-0.0734667260610563,H1,1583.07987963814,AX,195.151272473129,L1,2.5130781491974,L2,0.4286828942...
04:55:45 -- collecting point 100
GetData ===>> H2,-0.0947905573432862,H1,1583.00208143548,AX,195.426893483557,L1,2.49866007728234,L2,0.439882002...
GetData ===>> H2,-0.0697718131652407,H1,1582.32515973898,AX,195.490343307455,L1,2.51552868974768,L2,0.420421533...
GetData ===>> H2,-0.100534698588002,H1,1581.47188722801,AX,195.185286382053,L1,2.47614046730075,L2,0.4767137474...
GetData ===>> H2,-0.10901425236465,H1,1580.79967022277,AX,195.323359979262,L1,2.49080273160004,L2,0.44882564064...
GetData ===>> H2,-0.118202595528201,H1,1580.35040482442,AX,195.228937926519,L1,2.51806035339095,L2,0.3900331673...
GetData ===>> H2,-0.162938739472543,H1,1579.64396326163,AX,195.047506507455,L1,2.48180336409818,L2,0.5437606081...
GetData ===>> H2,-0.225520628535733,H1,1579.0666985653,AX,195.189258523874,L1,2.4499764427196,L2,0.416399663016...
GetData ===>> H2,-0.235491674494249,H1,1579.0437927798,AX,194.795239516405,L1,2.48683943136427,L2,0.37628159991...
GetData ===>> H2,-0.255974469140427,H1,1577.88918231535,AX,194.66790557039,L1,2.48915736868503,L2,0.57666132917...
GetData ===>> H2,-0.157763652611125,H1,1577.19166009649,AX,194.730300594595,L1,2.48241792457315,L2,0.3967497663...
GetData ===>> H2,-0.115047083200348,H1,1576.64658843691,AX,194.811947280899,L1,2.46664220989852,L2,0.4027813991...
GetData ===>> H2,-0.1507712138991,H1,1576.2959397214,AX,194.576653296617,L1,2.49263718869891,L2,0.4973552558345...
GetData ===>> H2,-0.183127196118244,H1,1575.47214721867,AX,194.625523630298,L1,2.48230471355571,L2,0.4409448427...
GetData ===>> H2,-0.191807779199271,H1,1574.60123390739,AX,194.646748243266,L1,2.50147747816154,L2,0.4237008544...
GetData ===>> H2,-0.220832219448639,H1,1574.33423453155,AX,194.318617704707,L1,2.48398277863016,L2,0.4640591704...
GetData ===>> H2,-0.0753198322983808,H1,1573.72430448902,AX,194.202961367529,L1,2.48875415640698,L2,0.528525841...
GetData ===>> H2,-0.0366293226411427,H1,1573.76585661686,AX,194.354875404127,L1,2.48021455657526,L2,0.477627500...
GetData ===>> H2,-0.103662828982439,H1,1573.3785855501,AX,194.201895193664,L1,2.48624350560844,L2,0.42442072036...
GetData ===>> H2,-0.0056755859958151,H1,1571.96363762715,AX,194.032091894547,L1,2.45294126060792,L2,0.429859881...
GetData ===>> H2,-0.0931705151111318,H1,1571.17637295883,AX,194.097461671877,L1,2.46382317875609,L2,0.465726555...
GetData ===>> H2,-0.0625437938613253,H1,1569.98652606199,AX,193.902415185409,L1,2.49182783273185,L2,0.446633307...
measurement finished
estimated time: 125.829 actual time: :126.373
flush and close file /Users/jan/PychronDev/data/isotopes/9d/7dcd05-67a0-40bd-a11d-9cda9a522b31.h5
baselines () {'settling_time': 15.0, 'detector': 'H1', 'mass': 34.2, 'ncounts': 60}
%%%%%%%%%%%%%%%%%%%%%%%%%%%%%%%% Baseline
build tables- baseline [Detector(H2), Detector(H1), Detector(AX), Detector(L1), Detector(L2), Detector(CDD)]
add group baseline table H2
add group baseline table H1
add group baseline table AX
add group baseline table L1
add group baseline table L2
add group baseline table CDD
flush and close file /Users/jan/PychronDev/data/isotopes/9d/7dcd05-67a0-40bd-a11d-9cda9a522b31.h5
detector Detector(H1)
POSITION 34.2 H1
Mapping mass to dac mass func: "parabolic"
H1 map mass coeffs = [-0.00063987  0.15840543  0.57110999]
H1 map mass to dac 34.2 >> 5.24015599104
GetDeflection H1 ===>> 0
GetHighVoltage ===>> 4500
positioning 34.2 (5.24015599104) on H1
setting magnet DAC
current  : 5.879500
requested: 5.240156
Delta Dac: 0.639344
Checking detector protection. dv=0.63934
Checking detector "CDD". Protection Threshold: 0.1 (V)
ProtectDetector CDD,On ===>> OK
GetDeflection CDD ===>> 2000
Protected = 2000
SetMagnetDAC 5.24015599104 ===>> OK
Magnet settling time: 0.500
GetMagnetMoving ===>> True
GetMagnetMoving ===>> True
GetMagnetMoving ===>> True
GetMagnetMoving ===>> True
GetMagnetMoving ===>> True
GetMagnetMoving ===>> True
GetMagnetMoving ===>> True
GetMagnetMoving ===>> True
GetMagnetMoving ===>> False
ProtectDetector CDD,Off ===>> OK
GetDeflection CDD ===>> 50
Delaying 15.0s for detectors to settle
Join finished
measuring baseline. ncounts=60
"baseline" increment series count="2" fit count="1" regressing="True"
starting measurement
GetData ===>> H2,-0.0665586365420401,H1,-0.0297003516146031,AX,-0.095218608991869,L1,-0.051548197891108,L2,-0.0...
GetData ===>> H2,-0.157963569363368,H1,-0.0516042608734278,AX,-0.0749697588103708,L1,-0.0786056768965404,L2,-0....
GetData ===>> H2,-0.196138011284058,H1,-0.0962199859963374,AX,-0.0139195362987689,L1,-0.0552199940055885,L2,-0....
GetData ===>> H2,-0.26259549310246,H1,-0.0803332040099523,AX,-0.112079776009777,L1,-0.0366243639288579,L2,0.011...
GetData ===>> H2,-0.221478826407301,H1,-0.0519142436933738,AX,-0.0967831701620667,L1,-0.0332993248015238,L2,-0....
GetData ===>> H2,-0.195978852302451,H1,-0.100915221054998,AX,-0.147336538797308,L1,-0.0504546559382503,L2,-0.01...
GetData ===>> H2,-0.291529851409632,H1,-0.0203626063483895,AX,-0.113956921037847,L1,-0.051003834666536,L2,-0.00...
GetData ===>> H2,-0.18302466694042,H1,-0.0384887234008644,AX,-0.193180986785377,L1,-0.018279097050178,L2,-0.099...
GetData ===>> H2,-0.271009001557245,H1,-0.0640624295466406,AX,0.003828737626496,L1,0.0126817803967929,L2,0.0319...
GetData ===>> H2,-0.193569514451725,H1,-0.0416843036324942,AX,-0.0305396583204695,L1,-0.04106970974138,L2,-0.06...
GetData ===>> H2,-0.172560115405322,H1,0.020659852212135,AX,-0.046739515926211,L1,-0.0490522594345836,L2,-0.078...
GetData ===>> H2,-0.0646870001456625,H1,0.00470931527487579,AX,-0.179760247880512,L1,-0.059785926322623,L2,-0.0...
GetData ===>> H2,-0.164884187719906,H1,-0.0429839693888432,AX,-0.130838011319967,L1,-0.0704237309900129,L2,-0.0...
GetData ===>> H2,-0.134717690538576,H1,0.0281647610824944,AX,-0.0471453474548317,L1,-0.0162499167748165,L2,-0.1...
GetData ===>> H2,-0.125727901496574,H1,-0.0463105598941692,AX,-0.120074771952726,L1,-0.0242922770862853,L2,0.01...
GetData ===>> H2,-0.176914410369379,H1,-0.0531780098686373,AX,-0.083732800786899,L1,-0.00951157184107529,L2,-0....
GetData ===>> H2,-0.184072849098958,H1,0.0177009966730203,AX,-0.0270720513916794,L1,-0.0393689473365425,L2,-0.0...
GetData ===>> H2,-0.0842788051581814,H1,-0.010821226058577,AX,-0.117201283832744,L1,-0.0115161449118362,L2,-0.0...
GetData ===>> H2,-0.184445152994579,H1,0.0190849666036331,AX,-0.0356538631231779,L1,-0.0135658635735687,L2,0.07...
GetData ===>> H2,-0.149543678695887,H1,-0.019301172755015,AX,-0.027048856280574,L1,-0.0421930132660462,L2,-0.01...
GetData ===>> H2,-0.119660979413669,H1,0.0419351666674618,AX,-0.0917301264609336,L1,-0.0277264243677794,L2,0.00...
GetData ===>> H2,-0.246929537940824,H1,0.0507067330188128,AX,-0.111488815449021,L1,-0.0133321448137867,L2,-0.04...
GetData ===>> H2,-0.261763076322859,H1,0.041827764494884,AX,-0.0871983892865585,L1,-0.00225124549352598,L2,0.02...
GetData ===>> H2,-0.174754520514894,H1,0.0521747028579657,AX,0.0050468750973021,L1,-0.0219826149545046,L2,-0.03...
04:56:51 -- collecting point 25
GetData ===>> H2,0.0069431398978218,H1,0.0561729412309699,AX,0.0160804144983597,L1,-0.0137132833842226,L2,0.018...
GetData ===>> H2,-0.11078331327388,H1,-0.0198140016269164,AX,-0.0555630712494652,L1,-0.0340692033576642,L2,-0.0...
GetData ===>> H2,-0.163242526819007,H1,-0.00405822198474832,AX,-0.11452469233759,L1,-0.000789671261707288,L2,-0...
GetData ===>> H2,-0.249657497263572,H1,0.00522226980408398,AX,-0.136054680361744,L1,-0.0120148283465662,L2,0.09...
GetData ===>> H2,-0.182437804436926,H1,0.119050018830547,AX,-0.0896323408623766,L1,-0.0206927129557016,L2,-0.03...
GetData ===>> H2,-0.0950302931428017,H1,0.0285704478600437,AX,-0.0587166315114329,L1,-0.00975377232732949,L2,0....
GetData ===>> H2,-0.126656722569336,H1,-0.0441047685056926,AX,-0.170545455820209,L1,-0.0316228689422183,L2,0.00...
GetData ===>> H2,-0.244836041286411,H1,0.00655834975453757,AX,-0.0962384739428815,L1,-0.00751499432920191,L2,-0...
GetData ===>> H2,-0.218050040475383,H1,-0.014614033638982,AX,-0.0171092424488223,L1,0.00390848252960056,L2,-0.0...
GetData ===>> H2,-0.178404494221319,H1,0.00635555075698697,AX,-0.0400488493580873,L1,0.00372478844213278,L2,0.0...
GetData ===>> H2,-0.246609349588772,H1,0.0512557273497861,AX,-0.103354052342438,L1,0.00417982763777217,L2,-0.12...
GetData ===>> H2,-0.292183660502391,H1,0.0148615320572311,AX,-0.0557137952051616,L1,-0.0145737884522723,L2,-0.0...
GetData ===>> H2,-0.233712929272833,H1,-0.0615589986382446,AX,-0.0144298963073068,L1,-0.0243390162003393,L2,-0....
GetData ===>> H2,-0.139765918623008,H1,0.0355389714972844,AX,-0.0831996223691563,L1,0.00856132380720813,L2,-0.0...
GetData ===>> H2,-0.13017798103949,H1,0.037615303493488,AX,-0.1731071397259,L1,0.0147624529657483,L2,-0.0558777...
GetData ===>> H2,-0.178890348739229,H1,0.0524611385067654,AX,-0.0650930036258607,L1,-0.0152375721998656,L2,0.00...
GetData ===>> H2,-0.317514762347822,H1,0.036040151140049,AX,-0.0453364853165328,L1,-0.0169263556713847,L2,-0.05...
GetData ===>> H2,-0.224351738711161,H1,0.0163409069335653,AX,-0.045464034389623,L1,-0.0047958943344409,L2,-0.01...
GetData ===>> H2,-0.221439761620162,H1,-0.0339336528126342,AX,-0.0160421523904971,L1,0.0107983798234595,L2,-0.1...
GetData ===>> H2,-0.122963972640537,H1,0.0391427476243102,AX,0.104261439233372,L1,-0.0215067131185436,L2,0.0428...
GetData ===>> H2,-0.206229243226639,H1,0.0231534717622719,AX,-0.0390283953120109,L1,-0.0657358756672743,L2,-0.1...
GetData ===>> H2,-0.200449288803997,H1,0.0076916458335631,AX,-0.170093386950097,L1,-0.0420888315480623,L2,-0.08...
GetData ===>> H2,-0.129030481687326,H1,0.0362907419022786,AX,-0.121036444584761,L1,0.00253866153306459,L2,-0.05...
GetData ===>> H2,-0.20642733763138,H1,0.0218768262425285,AX,-0.136460525296471,L1,0.0178284158137921,L2,-0.0234...
GetData ===>> H2,-0.252547500196571,H1,0.0625346466105238,AX,-0.0691272923507591,L1,0.00428668678835351,L2,-0.0...
04:57:17 -- collecting point 50
GetData ===>> H2,-0.189727581077531,H1,-0.030403926755551,AX,-0.157782396120409,L1,-0.00401613158554029,L2,-0.1...
GetData ===>> H2,-0.181481220811134,H1,-0.0529753314622237,AX,-0.0509021075445903,L1,-0.0186820061363713,L2,0.0...
GetData ===>> H2,-0.0956912334514847,H1,0.0300022966858161,AX,-0.1732694160718,L1,-0.0155278520308812,L2,-0.056...
GetData ===>> H2,-0.122040259296879,H1,0.0111154708670959,AX,-0.107294051039515,L1,-0.0148645143359632,L2,-0.07...
GetData ===>> H2,-0.109049424052102,H1,-0.0599376956837759,AX,-0.0182343138621483,L1,-0.0519788819556301,L2,-0....
GetData ===>> H2,-0.19195471328007,H1,0.0110558213450187,AX,-0.139927531575901,L1,-0.0264276733259985,L2,-0.098...
GetData ===>> H2,-0.240728646365219,H1,0.0433672066444181,AX,-0.156031836795163,L1,0.00481619660945485,L2,0.022...
GetData ===>> H2,-0.201193515747621,H1,0.0567577715714364,AX,-0.042831851464245,L1,-0.00406291905356034,L2,-0.0...
GetData ===>> H2,-0.165806167619212,H1,0.108944623439178,AX,-0.115022937891237,L1,0.00537221770326891,L2,0.0869...
GetData ===>> H2,-0.191104086789365,H1,0.12723530128993,AX,-0.0516325718320375,L1,-0.00913626947668817,L2,0.028...
GetData ===>> H2,-0.296740474907004,H1,0.0272340740986589,AX,-0.0289392397053023,L1,0.00469252175611722,L2,0.03...
measurement finished
estimated time: 62.915 actual time: :63.235
flush and close file /Users/jan/PychronDev/data/isotopes/9d/7dcd05-67a0-40bd-a11d-9cda9a522b31.h5
activate_detectors ('H1', 'AX', 'CDD') {'peak_center': True}
peak_center () {'detector': 'H1', 'integration_time': 0.262144, 'isotope': 'Ar40'}
peak center: mean=1573.46988387 threshold=3
peak center started
setup peak center. detector=['H1', 'AX', 'CDD'], isotope=Ar40
VersionedUnpickler [<apptools.sweet_pickle.versioned_unpickler.VersionedUnpickler object at 0x1d67e9fb0>] using Updater [<apptools.sweet_pickle.updater.Updater object at 0x134a15590>]
VersionedUnpickler [<apptools.sweet_pickle.versioned_unpickler.VersionedUnpickler object at 0x1d67e9fb0>] using Updater [<apptools.sweet_pickle.updater.Updater object at 0x134a15590>]
VersionedUnpickler [<apptools.sweet_pickle.versioned_unpickler.VersionedUnpickler object at 0x1c54f93b0>] using Updater [<apptools.sweet_pickle.updater.Updater object at 0x134a15590>]
setting integration time = 0.524288
SetIntegrationTime 0.524288 ===>> OK
Mapping mass to dac mass func: "parabolic"
H1 map mass coeffs = [-0.00063987  0.15840543  0.57110999]
H1 map mass to dac 39.9624 >> 5.8795
GetDeflection H1 ===>> 0
GetHighVoltage ===>> 4500
do peak center. <pychron.spectrometer.jobs.peak_center.PeakCenter object at 0x134a156b0>
doing pc
starting peak center. center dac= 5.8795 step_width=0.001
width = 0.001
get scan parameters. half-width=0.015,window=0.015, i=0, scalar=1
Scan parameters center=5.87950 width=0.03000 (5.86450 - 5.89450)
GetData ===>> H2,-0.215414746844278,H1,0.0312193842890053,AX,-0.0111473067788647,L1,0.0198644998460207,L2,-0.09...
Moving to starting dac 5.8645
setting magnet DAC
current  : 5.240156
requested: 5.864500
Delta Dac: 0.624344
Checking detector protection. dv=0.62434
Checking detector "CDD". Protection Threshold: 0.1 (V)
ProtectDetector CDD,On ===>> OK
GetDeflection CDD ===>> 2000
Protected = 2000
SetMagnetDAC 5.8645 ===>> OK
Magnet settling time: 0.500
GetMagnetMoving ===>> True
GetMagnetMoving ===>> True
GetMagnetMoving ===>> True
GetMagnetMoving ===>> True
GetMagnetMoving ===>> True
GetMagnetMoving ===>> True
GetMagnetMoving ===>> True
GetMagnetMoving ===>> True
GetMagnetMoving ===>> True
GetMagnetMoving ===>> False
ProtectDetector CDD,Off ===>> OK
GetDeflection CDD ===>> 50
Wait until signal near baseline. tol= 0.0234145382168. timeout= 10
GetData ===>> H2,73.9196068385684,H1,24.3093503475082,AX,1.05154888319752,L1,0.00577497084994818,L2,0.058226966...
GetData ===>> H2,107.567231243784,H1,54.7187178664942,AX,5.23365155710623,L1,-0.0369454625907799,L2,-0.18844259...
GetData ===>> H2,61.6965890823416,H1,26.3823483434206,AX,2.39108513721937,L1,-0.0256088129660786,L2,-0.08675072...
GetData ===>> H2,26.6344077178943,H1,13.5430137931634,AX,1.12333045980592,L1,-0.0153059987451634,L2,-0.20256025...
GetData ===>> H2,9.36017888145441,H1,7.3952977284385,AX,0.628002475948479,L1,-0.00466393872988447,L2,-0.2372079...
GetData ===>> H2,2.84313606832729,H1,4.56912828933647,AX,0.160049557534291,L1,-0.0181504477148605,L2,-0.1933384...
GetData ===>> H2,0.850759845891534,H1,3.06600901563885,AX,0.028693363031182,L1,-9.00085158878982E-05,L2,-0.0023...
GetData ===>> H2,0.454162102023502,H1,2.40185819131427,AX,0.191855953390519,L1,0.0113687171041092,L2,0.00111591...
GetData ===>> H2,0.474301101497882,H1,2.06972534552035,AX,0.0494670975531765,L1,0.00990824116060761,L2,0.108098...
GetData ===>> H2,0.474301101497882,H1,2.06972534552035,AX,0.0494670975531765,L1,0.00990824116060761,L2,0.108098...
GetData ===>> H2,0.542074837326975,H1,1.83507452783236,AX,0.0168345927155736,L1,0.0032925802747632,L2,0.0317516...
GetData ===>> H2,0.565838503713772,H1,1.75291805891333,AX,0.144393767430446,L1,-0.00651835612646918,L2,0.066954...
GetData ===>> H2,0.543337527898172,H1,1.73130144723788,AX,0.00305145787379745,L1,-0.0167846374454845,L2,-0.0726...
GetData ===>> H2,0.450877591117823,H1,1.62283144580593,AX,0.108290671509759,L1,-0.0140284908559357,L2,-0.149608...
GetData ===>> H2,0.293843987440602,H1,1.53469432748687,AX,0.187122615438546,L1,-0.0247636178256915,L2,-0.094941...
GetData ===>> H2,0.1902783803651,H1,1.67731620296385,AX,-0.0145342877975371,L1,-0.0369742171944274,L2,-0.057690...
GetData ===>> H2,0.259313809076304,H1,1.60313960945857,AX,-0.0401416173771931,L1,-0.036454225405919,L2,-0.09610...
GetData ===>> H2,0.274322934165886,H1,1.5269052902428,AX,0.0675661209943653,L1,-0.0195232596086847,L2,-0.027848...
GetData ===>> H2,0.153339296868954,H1,1.60047430250627,AX,0.146249137055835,L1,0.0149044729448876,L2,0.05692809...
GetData ===>> H2,0.120869595023938,H1,1.75149925173159,AX,0.117031169616909,L1,0.0465523582632544,L2,-0.0622882...
GetData ===>> H2,0.153924531786824,H1,1.6350086868788,AX,-0.0321864384087059,L1,0.0723203367786133,L2,-0.027483...
Peak center failed to move to a baseline position
_do_sweep sm= 5.8645, em= 5.8945, stm= 0.001
calculated step values: start=5.8645, end=5.8945, width=0.001, nsteps=31.0
setting magnet DAC
current  : 5.864500
requested: 5.864500
Delta Dac: 0.000000
Checking detector protection. dv=0.00000
Checking detector "CDD". Protection Threshold: 0.1 (V)
SetMagnetDAC 5.8645 ===>> OK
GetData ===>> H2,0.153924531786824,H1,1.6350086868788,AX,-0.0321864384087059,L1,0.0723203367786133,L2,-0.027483...
setting magnet DAC
current  : 5.864500
requested: 5.865534
Delta Dac: 0.001034
Checking detector protection. dv=0.00103
Checking detector "CDD". Protection Threshold: 0.1 (V)
SetMagnetDAC 5.86553448276 ===>> OK
Magnet settling time: 1.049
GetData ===>> H2,-0.0109683264770482,H1,3.18508576023511,AX,0.231657570052782,L1,0.0587162528437384,L2,-0.03124...
setting magnet DAC
current  : 5.865534
requested: 5.866569
Delta Dac: 0.001034
Checking detector protection. dv=0.00103
Checking detector "CDD". Protection Threshold: 0.1 (V)
SetMagnetDAC 5.86656896552 ===>> OK
Magnet settling time: 1.049
GetData ===>> H2,0.0100052671709459,H1,10.1660290303691,AX,0.978328550449367,L1,0.0537032703976523,L2,-0.076693...
setting magnet DAC
current  : 5.866569
requested: 5.867603
Delta Dac: 0.001034
Checking detector protection. dv=0.00103
Checking detector "CDD". Protection Threshold: 0.1 (V)
SetMagnetDAC 5.86760344828 ===>> OK
Magnet settling time: 1.049
GetData ===>> H2,-0.0639034297290754,H1,36.388637578281,AX,2.89099727616505,L1,0.015269153344866,L2,0.017195591...
setting magnet DAC
current  : 5.867603
requested: 5.868638
Delta Dac: 0.001034
Checking detector protection. dv=0.00103
Checking detector "CDD". Protection Threshold: 0.1 (V)
SetMagnetDAC 5.86863793103 ===>> OK
Magnet settling time: 1.049
GetData ===>> H2,-0.0536658412249464,H1,120.012750876505,AX,9.67170133856165,L1,0.0316021210290375,L2,-0.004622...
setting magnet DAC
current  : 5.868638
requested: 5.869672
Delta Dac: 0.001034
Checking detector protection. dv=0.00103
Checking detector "CDD". Protection Threshold: 0.1 (V)
SetMagnetDAC 5.86967241379 ===>> OK
Magnet settling time: 1.049
GetData ===>> H2,0.0489026971735923,H1,450.301209561434,AX,39.4311077188597,L1,0.247104500115319,L2,-0.05484580...
setting magnet DAC
current  : 5.869672
requested: 5.870707
Delta Dac: 0.001034
Checking detector protection. dv=0.00103
Checking detector "CDD". Protection Threshold: 0.1 (V)
SetMagnetDAC 5.87070689655 ===>> OK
Magnet settling time: 1.049
GetData ===>> H2,-0.00780097179276764,H1,846.534212621225,AX,83.6009844565445,L1,0.543753595907341,L2,-0.005055...
setting magnet DAC
current  : 5.870707
requested: 5.871741
Delta Dac: 0.001034
Checking detector protection. dv=0.00103
Checking detector "CDD". Protection Threshold: 0.1 (V)
SetMagnetDAC 5.87174137931 ===>> OK
Magnet settling time: 1.049
GetData ===>> H2,-0.123940349243212,H1,1187.84704684194,AX,128.631835363615,L1,0.982174212602317,L2,0.084094203...
setting magnet DAC
current  : 5.871741
requested: 5.872776
Delta Dac: 0.001034
Checking detector protection. dv=0.00103
Checking detector "CDD". Protection Threshold: 0.1 (V)
SetMagnetDAC 5.87277586207 ===>> OK
Magnet settling time: 1.049
GetData ===>> H2,-0.0396684349465895,H1,1386.82102094872,AX,161.444697730308,L1,1.45332117994052,L2,0.252778616...
setting magnet DAC
current  : 5.872776
requested: 5.873810
Delta Dac: 0.001034
Checking detector protection. dv=0.00103
Checking detector "CDD". Protection Threshold: 0.1 (V)
SetMagnetDAC 5.87381034483 ===>> OK
Magnet settling time: 1.049
GetData ===>> H2,-0.091086805365361,H1,1467.66251480905,AX,177.553854303584,L1,1.81365487906865,L2,0.3876532578...
setting magnet DAC
current  : 5.873810
requested: 5.874845
Delta Dac: 0.001034
Checking detector protection. dv=0.00103
Checking detector "CDD". Protection Threshold: 0.1 (V)
SetMagnetDAC 5.87484482759 ===>> OK
Magnet settling time: 1.049
GetData ===>> H2,0.023162370167911,H1,1492.39259524111,AX,183.170423512227,L1,1.99962868964092,L2,0.43502163118...
setting magnet DAC
current  : 5.874845
requested: 5.875879
Delta Dac: 0.001034
Checking detector protection. dv=0.00103
Checking detector "CDD". Protection Threshold: 0.1 (V)
SetMagnetDAC 5.87587931034 ===>> OK
Magnet settling time: 1.049
GetData ===>> H2,-0.0862181735026036,H1,1498.76773119958,AX,184.71566304416,L1,2.14482450427224,L2,0.4725448620...
setting magnet DAC
current  : 5.875879
requested: 5.876914
Delta Dac: 0.001034
Checking detector protection. dv=0.00103
Checking detector "CDD". Protection Threshold: 0.1 (V)
SetMagnetDAC 5.8769137931 ===>> OK
Magnet settling time: 1.049
GetData ===>> H2,-0.0861937980202836,H1,1500.02781975364,AX,184.654943711405,L1,2.20940552838498,L2,0.502359234...
setting magnet DAC
current  : 5.876914
requested: 5.877948
Delta Dac: 0.001034
Checking detector protection. dv=0.00103
Checking detector "CDD". Protection Threshold: 0.1 (V)
SetMagnetDAC 5.87794827586 ===>> OK
Magnet settling time: 1.049
GetData ===>> H2,0.014199170045361,H1,1500.17717821492,AX,185.255705008889,L1,2.28645879560099,L2,0.49452206854...
setting magnet DAC
current  : 5.877948
requested: 5.878983
Delta Dac: 0.001034
Checking detector protection. dv=0.00103
Checking detector "CDD". Protection Threshold: 0.1 (V)
SetMagnetDAC 5.87898275862 ===>> OK
Magnet settling time: 1.049
GetData ===>> H2,-0.0114789325668825,H1,1499.97652158074,AX,185.276525503083,L1,2.31362448676028,L2,0.437601882...
setting magnet DAC
current  : 5.878983
requested: 5.880017
Delta Dac: 0.001034
Checking detector protection. dv=0.00103
Checking detector "CDD". Protection Threshold: 0.1 (V)
SetMagnetDAC 5.88001724138 ===>> OK
Magnet settling time: 1.049
GetData ===>> H2,-0.171460596142874,H1,1500.30548126215,AX,185.134831671778,L1,2.38846302482598,L2,0.4620149504...
setting magnet DAC
current  : 5.880017
requested: 5.881052
Delta Dac: 0.001034
Checking detector protection. dv=0.00103
Checking detector "CDD". Protection Threshold: 0.1 (V)
SetMagnetDAC 5.88105172414 ===>> OK
Magnet settling time: 1.049
GetData ===>> H2,-0.238202788541139,H1,1499.30778253757,AX,185.274986518892,L1,2.38960315951361,L2,0.2118920162...
setting magnet DAC
current  : 5.881052
requested: 5.882086
Delta Dac: 0.001034
Checking detector protection. dv=0.00103
Checking detector "CDD". Protection Threshold: 0.1 (V)
SetMagnetDAC 5.8820862069 ===>> OK
Magnet settling time: 1.049
GetData ===>> H2,-0.245558583679066,H1,1498.25347000805,AX,184.733027916314,L1,2.41109413312128,L2,0.4942935893...
setting magnet DAC
current  : 5.882086
requested: 5.883121
Delta Dac: 0.001034
Checking detector protection. dv=0.00103
Checking detector "CDD". Protection Threshold: 0.1 (V)
SetMagnetDAC 5.88312068966 ===>> OK
Magnet settling time: 1.049
GetData ===>> H2,-0.0246020187764312,H1,1494.25782213343,AX,183.836697228212,L1,2.38797749661847,L2,0.408743560...
setting magnet DAC
current  : 5.883121
requested: 5.884155
Delta Dac: 0.001034
Checking detector protection. dv=0.00103
Checking detector "CDD". Protection Threshold: 0.1 (V)
SetMagnetDAC 5.88415517241 ===>> OK
Magnet settling time: 1.049
GetData ===>> H2,-0.180348130987442,H1,1481.6194280374,AX,180.253755686258,L1,2.32372110817575,L2,0.37619705167...
setting magnet DAC
current  : 5.884155
requested: 5.885190
Delta Dac: 0.001034
Checking detector protection. dv=0.00103
Checking detector "CDD". Protection Threshold: 0.1 (V)
SetMagnetDAC 5.88518965517 ===>> OK
Magnet settling time: 1.049
GetData ===>> H2,-0.27090035937524,H1,1435.42461356616,AX,170.332793754219,L1,2.19152722284378,L2,0.34589719562...
setting magnet DAC
current  : 5.885190
requested: 5.886224
Delta Dac: 0.001034
Checking detector protection. dv=0.00103
Checking detector "CDD". Protection Threshold: 0.1 (V)
SetMagnetDAC 5.88622413793 ===>> OK
Magnet settling time: 1.049
GetData ===>> H2,-0.29935964106374,H1,1294.20545545718,AX,142.76035033399,L1,1.88931102383306,L2,0.283844346144...
setting magnet DAC
current  : 5.886224
requested: 5.887259
Delta Dac: 0.001034
Checking detector protection. dv=0.00103
Checking detector "CDD". Protection Threshold: 0.1 (V)
SetMagnetDAC 5.88725862069 ===>> OK
Magnet settling time: 1.049
GetData ===>> H2,-0.154548290739491,H1,995.083891842826,AX,96.7877184381914,L1,1.4538562919338,L2,-0.0099287617...
setting magnet DAC
current  : 5.887259
requested: 5.888293
Delta Dac: 0.001034
Checking detector protection. dv=0.00103
Checking detector "CDD". Protection Threshold: 0.1 (V)
SetMagnetDAC 5.88829310345 ===>> OK
Magnet settling time: 1.049
GetData ===>> H2,-0.183515747524856,H1,609.50569386293,AX,50.8230984184457,L1,1.00813927004585,L2,-0.0335395893...
setting magnet DAC
current  : 5.888293
requested: 5.889328
Delta Dac: 0.001034
Checking detector protection. dv=0.00103
Checking detector "CDD". Protection Threshold: 0.1 (V)
SetMagnetDAC 5.88932758621 ===>> OK
Magnet settling time: 1.049
GetData ===>> H2,-0.2591988222479,H1,284.994631700637,AX,20.1395477628911,L1,0.621375352984676,L2,0.03721925574...
setting magnet DAC
current  : 5.889328
requested: 5.890362
Delta Dac: 0.001034
Checking detector protection. dv=0.00103
Checking detector "CDD". Protection Threshold: 0.1 (V)
SetMagnetDAC 5.89036206897 ===>> OK
Magnet settling time: 1.049
GetData ===>> H2,-0.0193822632516841,H1,102.703335615824,AX,5.92997522513557,L1,0.37266053687347,L2,0.014052325...
setting magnet DAC
current  : 5.890362
requested: 5.891397
Delta Dac: 0.001034
Checking detector protection. dv=0.00103
Checking detector "CDD". Protection Threshold: 0.1 (V)
SetMagnetDAC 5.89139655172 ===>> OK
Magnet settling time: 1.049
GetData ===>> H2,-0.0921642296159654,H1,29.7264202091215,AX,1.254642238304,L1,0.215693565151336,L2,0.0345765299...
setting magnet DAC
current  : 5.891397
requested: 5.892431
Delta Dac: 0.001034
Checking detector protection. dv=0.00103
Checking detector "CDD". Protection Threshold: 0.1 (V)
SetMagnetDAC 5.89243103448 ===>> OK
Magnet settling time: 1.049
GetData ===>> H2,-0.190438284576835,H1,7.38361013131807,AX,-0.0107297256154954,L1,0.159298759700908,L2,0.001411...
setting magnet DAC
current  : 5.892431
requested: 5.893466
Delta Dac: 0.001034
Checking detector protection. dv=0.00103
Checking detector "CDD". Protection Threshold: 0.1 (V)
SetMagnetDAC 5.89346551724 ===>> OK
Magnet settling time: 1.049
GetData ===>> H2,-0.193638088968949,H1,1.5557806344485,AX,-0.273636471733283,L1,0.07843164897782,L2,-0.01853589...
setting magnet DAC
current  : 5.893466
requested: 5.894500
Delta Dac: 0.001034
Checking detector protection. dv=0.00103
Checking detector "CDD". Protection Threshold: 0.1 (V)
SetMagnetDAC 5.8945 ===>> OK
Magnet settling time: 1.049
GetData ===>> H2,-0.150365248174203,H1,0.0797872455615913,AX,-0.184497404610703,L1,0.0804221760688869,L2,-0.002...
result of _do_sweep=True
result of _calculate_peak_center=([5.8715040080160321, 5.8791993987975948, 5.8868947895791575], [1109.5297732583099, 1500.3035035486341, 1100.2859648174801], 5.880011022044088, 1500.3035035486341)
Failed to find a valid peak. No peak greater than 1.0. max = 0.0234634911522
new center pos Detector(H1) (Ar40) @ 5.8791993988
GetHighVoltage ===>> 4500
GetDeflection H1 ===>> 0
dac uncorrected for HV and deflection 5.8791993988
update mftable H1 Ar40 5.8791993988 message=automated run peakcenter
get initial guess parabolic
get initial guess parabolic
get initial guess parabolic
get initial guess parabolic
get initial guess parabolic
get initial guess parabolic
dump mftable to /Users/jan/PychronDev/setupfiles/spectrometer/mftables/mftable.csv
add to repo msg=modified - automated run peakcenter
locally archiving mftable
setting magnet DAC
current  : 5.894500
requested: 5.879199
Delta Dac: 0.015301
Checking detector protection. dv=0.01530
Checking detector "CDD". Protection Threshold: 0.1 (V)
SetMagnetDAC 5.8791993988 ===>> OK
Magnet settling time: 0.500
sweep finished
setting integration time = 1.048576
SetIntegrationTime 1.048576 ===>> OK
Failed to find a valid peak. No peak greater than 1.0. max = 0.0234634911522
flush and close file /Users/jan/PychronDev/data/isotopes/9d/7dcd05-67a0-40bd-a11d-9cda9a522b31.h5
finished measure script
executed snippet estimated_duration=226.132928, duration=273.031163931
jan_unknown120_60.py completed successfully
Measurement Finished
04:58:15 -- ******* Measurement Finished *******
Post Measurement Started jan_pump_ms.py
04:58:15 -- ******* Post Measurement Started jan_pump_ms.py *******
testing...
no interpolation path defined
executed snippet estimated_duration=0, duration=2.69412994385e-05
Pumping spectrometer
open () {'name': 'O'}
opening name=O desc=---
checking ownership. requestor=129.138.12.150
check software interlocks O
interlocks []
actuate state mode=None-script, software_lock=False
doing actuation None-script open_channel True
Open O ===>> OK
GetIndicatorState O ===>> OK
change switch state (True, True)
update switch state O True args=() kw={} ncanvase=2
04:58:15 -- OPEN   VALVE-O (Jan Ion Pump)
---------------------------------------- open O () result=[(True, True)], time=0.09 sec
action=open, ok=True, locked=[False]
executed snippet estimated_duration=0, duration=0.353500843048
jan_pump_ms.py completed successfully
setting _ms_pumptime
Post Measurement Finished
04:58:16 -- ******* Post Measurement Finished *******
$$$$$$$$$$$$$$$$$$$$ state at run end measurement
state changed from measurement to success
post measurement save measured=True aborted=False
Set filtering
setting fod for Ar40= {'filter_outliers': True, 'std_devs': 2, 'iterations': 1}
setting fod for H1= {'filter_outliers': True, 'std_devs': 2, 'iterations': 1}
setting fod for PM41= {'filter_outliers': False, 'std_devs': 2, 'iterations': 1}
setting fod for H2= {'filter_outliers': True, 'std_devs': 2, 'iterations': 1}
setting fod for Ar36= {'filter_outliers': True, 'std_devs': 2, 'iterations': 1}
setting fod for CDD= {'filter_outliers': True, 'std_devs': 10, 'iterations': 1}
setting fod for Ar37= {'filter_outliers': True, 'std_devs': 2, 'iterations': 1}
setting fod for L2= {'filter_outliers': True, 'std_devs': 2, 'iterations': 1}
setting fod for Ar38= {'filter_outliers': True, 'std_devs': 2, 'iterations': 1}
setting fod for L1= {'filter_outliers': True, 'std_devs': 2, 'iterations': 1}
setting fod for Ar39= {'filter_outliers': True, 'std_devs': 2, 'iterations': 1}
setting fod for AX= {'filter_outliers': True, 'std_devs': 2, 'iterations': 1}
persistence save...
persistence save - db
post measurement save
7920797936 connecting to database sqlite:////Users/jan/PychronDev/.appdata/local_lab.db
connected to db sqlite:////Users/jan/PychronDev/.appdata/local_lab.db
create new session 7920797936
close session 7920797936
No database instance. Not saving post measurement to isotopedb database
$$$$$$$$$$$$$$$ auto_save_detector_ic=False
massspec enabled True
create new session 4979675504
MassSpec Database Version: 16.0
close session 4979675504
saving post measurement to secondary database
saving to massspec database 129.138.12.160/massspecdata
setting labnumber to 25351
setting aliquot to 2
setting step to 
setting uuid to 9d7dcd05-67a0-40bd-a11d-9cda9a522b31
setting irradpos to 25351
setting extract_device to Fusions CO2
setting tray to 
setting position to 218
setting power_requested to 5.0
setting extract_value to 5.0
setting duration to 30.0
setting duration_at_request to 30.0
setting first_stage_delay to 30.0
setting cleanup to 30.0
setting comment to Q:16
setting irradiation to NM-288
setting level to Q
setting irradiation_level to Q
setting sample to FC-2
setting material to Sanidine
setting project to Irradiation-NM-288
setting mass_spectrometer to Jan
no attribute chron_dosages
no attribute production_ratios
no attribute interference_corrections
no attribute production_name
no attribute j
Reference Isotope=Ar40
Reference Detector=H1
%%%%%%%%%%%%%%%%%%%% Comment: Q:16 %%%%%%%%%%%%%%%%%%%
adding isotope PM41 H2
add baseline dbdet= PM41. original det= H2
get baseline data PM41 H2
Get data baseline <pychron.processing.isotope.Baseline object at 0x1bd737810> len t=60
baseline PM41. v=-0.183175549971, e=0.00750844637917
get signal data PM41 H2
Get data signal PM41 0.12+/-0.07 len t=120
adding isotope Ar40 H1
add baseline dbdet= Ar40. original det= H1
get baseline data Ar40 H1
Get data baseline <pychron.processing.isotope.Baseline object at 0x1d6556510> len t=60
baseline Ar40. v=0.0022188105139, e=0.00524720592861
get signal data Ar40 H1
Get data signal Ar40 1655.26+/-0.08 len t=120
adding isotope Ar39 AX
add baseline dbdet= Ar39. original det= AX
get baseline data Ar39 AX
Get data baseline <pychron.processing.isotope.Baseline object at 0x1d6573990> len t=60
baseline Ar39. v=-0.0833305241881, e=0.00698246574079
get signal data Ar39 AX
Get data signal Ar39 203.708+/-0.027 len t=120
adding isotope Ar38 L1
add baseline dbdet= Ar38. original det= L1
get baseline data Ar38 L1
Get data baseline <pychron.processing.isotope.Baseline object at 0x1d6573b50> len t=60
baseline Ar38. v=-0.0172721323987, e=0.00264552477241
get signal data Ar38 L1
Get data signal Ar38 2.633+/-0.005 len t=120
adding isotope Ar37 L2
add baseline dbdet= Ar37. original det= L2
get baseline data Ar37 L2
Get data baseline <pychron.processing.isotope.Baseline object at 0x1d6573d10> len t=60
baseline Ar37. v=-0.032961827406, e=0.00627756984884
get signal data Ar37 L2
Get data signal Ar37 0.518+/-0.009 len t=120
adding isotope Ar36 CDD
add baseline dbdet= Ar36. original det= CDD
get baseline data Ar36 CDD
Get data baseline <pychron.processing.isotope.Baseline object at 0x1d6573ed0> len t=60
baseline Ar36. v=0.00034983372276, e=2.26084235525e-05
get signal data Ar36 CDD
Get data signal Ar36 0.00879+/-0.00027 len t=120
25351-02 added analysis time 0.559386014938s
analysis added to mass spec database
mass spec save time= 0.567
persistence save - dvc
================= post measurement started
create new session 4982376208
close session 4982376208
---------------- Experiment Queue saving disabled
DVC saving peakcenter
Failed to find a valid peak. No peak greater than 1.0. max = 0.0234634911522
Smart pull ahead: 0 behind: 0
Up-to-date with origin
add to repo msg=modified - ad8224ebc6dbfeb9f5997218dfa5fe690569839d.json
add to repo msg=modified - 51-02.json
add to repo msg=modified - 51-02.dat.json
add to repo msg=modified - 51-02.blan.json
add to repo msg=modified - 51-02.inte.json
add to repo msg=modified - 51-02.icfa.json
add to repo msg=modified - 51-02.base.json
not at valid file /Users/jan/PychronDev/data/.dvc/repositories/Load1788/253/tags/51-02.tags.json
add to repo msg=modified - 51-02.peak.json
add to repo msg=modified - 51-02.extr.json
not at valid file /Users/jan/PychronDev/data/.dvc/repositories/Load1788/253/monitor/51-02.moni.json
commit message=<COLLECTION>
add to repo msg=modified - 51-02.inte.json
add to repo msg=modified - 51-02.base.json
commit message=<ISOEVO> default collection fits
add to repo msg=modified - 51-02.blan.json
commit message=<BLANKS> preceding bc-02-J-346
add to repo msg=modified - 51-02.icfa.json
commit message=<ICFactor> default
push repository <pychron.git_archive.repo_manager.GitRepoManager object at 0x1a082e7d0>
pushing to remote=origin, url=https://github.com
no changes to meta repo
create new session 4982376208
add association Load1788
get identifier "25351"
setting analysis irradiation position=<pychron.dvc.dvc_orm.IrradiationPositionTbl object at 0x1d6ae4fd0>
close session 4982376208
================= post measurement finished
04:58:30 -- ******* Post Run Check *******
loading queue conditionals post_run_actions
loading system conditionals post_run_actions
loading conditionals from /Users/jan/PychronDev/setupfiles/spectrometer/default_conditionals.yaml
loading queue conditionals post_run_terminations
loading system conditionals post_run_terminations
loading conditionals from /Users/jan/PychronDev/setupfiles/spectrometer/default_conditionals.yaml
Checking default post run terminations n=1
GetDeflection CDD ===>> 50
testing CDD==2000
evaluate ot="CDD.deflection==2000" t="CDD==2000", ctx="{'CDD': 50.0}"
04:58:30 -- ******* Post Run Check Passed *******
04:58:30 -- Automated run 25351-02 success duration: 366.738 s
----------------- finish -----------------
----------------- stop -----------------
retroactive repository identifiers disabled
finish run. runs completed=129
update duration runid=25351-02, duration=366.738041878, md5=301e91d8
loading script "jan_unknown120_60.py"
loading script "jan_pump_ms.py"
loading script "jan_co2.py"
loading script "jan_pump_extraction_line.py"
testing...
no interpolation path defined
executed snippet estimated_duration=213.652928, duration=0.000381946563721
script duration name:unknown120_60 seconds:214.0
loading script "jan_unknown120_60.py"
loading script "jan_pump_ms.py"
loading script "jan_co2.py"
loading script "jan_pump_extraction_line.py"
testing...
no interpolation path defined
executed snippet estimated_duration=0, duration=2.28881835938e-05
loading script "jan_unknown120_60.py"
loading script "jan_pump_ms.py"
loading script "jan_co2.py"
loading script "jan_pump_extraction_line.py"
testing...
no interpolation path defined
calculate duration
testing...
no interpolation path defined
executed snippet estimated_duration=0, duration=6.69956207275e-05
calculate duration
testing...
no interpolation path defined
executed snippet estimated_duration=0, duration=9.70363616943e-05
executed snippet estimated_duration=0.0, duration=0.00273585319519
script duration name:co2 seconds:0.0
loading script "jan_unknown120_60.py"
loading script "jan_pump_ms.py"
loading script "jan_co2.py"
loading script "jan_pump_extraction_line.py"
testing...
no interpolation path defined
calculate duration
testing...
no interpolation path defined
executed snippet estimated_duration=4.0, duration=0.000143051147461
executed snippet estimated_duration=4.0, duration=0.00116205215454
Script duration 214.0
Run total estimated duration= 215.000
unknown120_60 in script context. using previous estimated duration
script duration name:unknown120_60 seconds:214.0
pump_ms in script context. using previous estimated duration
co2 in script context. using previous estimated duration
script duration name:co2 seconds:0.0
pump_extraction_line in script context. using previous estimated duration
Script duration 214.0
Run total estimated duration= 215.000
loading script "jan_unknown400_120.py"
loading script "jan_pump_ms.py"
loading script "jan_co2.py"
loading script "jan_pump_extraction_line.py"
testing...
no interpolation path defined
executed snippet estimated_duration=556.052928, duration=0.000147104263306
script duration name:unknown400_120 seconds:556.0
script duration name:co2 seconds:0.0
Script duration 556.0
Run total estimated duration= 557.000
unknown400_120 in script context. using previous estimated duration
script duration name:unknown400_120 seconds:556.0
loading script "jan_unknown400_120.py"
loading script "jan_pump_ms.py"
loading script "jan_sniffair_x2.py"
loading script "jan_pump_extraction_line.py"
testing...
no interpolation path defined
calculate duration
testing...
no interpolation path defined
executed snippet estimated_duration=0, duration=5.00679016113e-05
calculate duration
testing...
no interpolation path defined
executed snippet estimated_duration=0, duration=9.91821289062e-05
calculate duration
testing...
no interpolation path defined
executed snippet estimated_duration=32.0, duration=9.29832458496e-05
calculate duration
testing...
no interpolation path defined
executed snippet estimated_duration=34.0, duration=0.000123977661133
calculate duration
testing...
no interpolation path defined
executed snippet estimated_duration=4.0, duration=6.60419464111e-05
calculate duration
testing...
no interpolation path defined
executed snippet estimated_duration=36.0, duration=8.89301300049e-05
calculate duration
testing...
no interpolation path defined
executed snippet estimated_duration=34.0, duration=0.000101089477539
calculate duration
testing...
no interpolation path defined
executed snippet estimated_duration=4.0, duration=5.91278076172e-05
calculate duration
testing...
no interpolation path defined
executed snippet estimated_duration=36.0, duration=0.000127792358398
calculate duration
testing...
no interpolation path defined
executed snippet estimated_duration=70.0, duration=9.51290130615e-05
executed snippet estimated_duration=250.0, duration=0.0129871368408
script duration name:sniffair_x2 seconds:250.0
Script duration 806.0
Run total estimated duration= 807.000
script duration name:unknown400_120 seconds:556.0
sniffair_x2 in script context. using previous estimated duration
script duration name:sniffair_x2 seconds:250.0
Script duration 806.0
Run total estimated duration= 807.000
loading script "jan_ic_peak_hop3.py"
loading script "jan_pump_ms.py"
loading script "jan_sniffair_x1.py"
loading script "jan_pump_extraction_line.py"
testing...
no interpolation path defined
executed snippet estimated_duration=133.8, duration=0.0081729888916
script duration name:ic_peak_hop3 seconds:134.0
loading script "jan_ic_peak_hop3.py"
loading script "jan_pump_ms.py"
loading script "jan_sniffair_x1.py"
loading script "jan_pump_extraction_line.py"
testing...
no interpolation path defined
calculate duration
testing...
no interpolation path defined
executed snippet estimated_duration=0, duration=4.31537628174e-05
calculate duration
testing...
no interpolation path defined
executed snippet estimated_duration=0, duration=0.000118970870972
calculate duration
testing...
no interpolation path defined
executed snippet estimated_duration=32.0, duration=8.29696655273e-05
calculate duration
testing...
no interpolation path defined
executed snippet estimated_duration=34.0, duration=0.000173807144165
calculate duration
testing...
no interpolation path defined
executed snippet estimated_duration=4.0, duration=6.5803527832e-05
calculate duration
testing...
no interpolation path defined
executed snippet estimated_duration=70.0, duration=0.000114917755127
executed snippet estimated_duration=140.0, duration=0.00786900520325
script duration name:sniffair_x1 seconds:140.0
Script duration 274.0
Run total estimated duration= 275.000
script duration name:unknown120_60 seconds:214.0
script duration name:co2 seconds:0.0
Script duration 214.0
Run total estimated duration= 215.000
script duration name:unknown120_60 seconds:214.0
script duration name:co2 seconds:0.0
Script duration 214.0
Run total estimated duration= 215.000
nruns=8 before=5.0, run_dur=3306.0, btw=315.0
write rem/ex queues
/Users/jan/PychronDev/experiments/rem/CurrentExperiment.rem.txt
/Users/jan/PychronDev/experiments/rem/CurrentExperiment.ex.txt
doing event level: 3
