do run
loading script "jan_unknown120_60.py"
loading script "jan_pump_ms.py"
loading script "jan_co2.py"
loading script "jan_pump_extraction_line.py"
testing...
no interpolation path defined
executed snippet estimated_duration=213.652928, duration=0.000213861465454
script duration name:unknown120_60 seconds:214.0
loading script "jan_unknown120_60.py"
loading script "jan_pump_ms.py"
loading script "jan_co2.py"
loading script "jan_pump_extraction_line.py"
testing...
no interpolation path defined
executed snippet estimated_duration=0, duration=2.38418579102e-05
loading script "jan_unknown120_60.py"
loading script "jan_pump_ms.py"
loading script "jan_co2.py"
loading script "jan_pump_extraction_line.py"
testing...
no interpolation path defined
calculate duration
testing...
no interpolation path defined
executed snippet estimated_duration=0, duration=5.10215759277e-05
calculate duration
testing...
no interpolation path defined
executed snippet estimated_duration=0, duration=9.3936920166e-05
executed snippet estimated_duration=0.0, duration=0.0021448135376
script duration name:co2 seconds:0.0
loading script "jan_unknown120_60.py"
loading script "jan_pump_ms.py"
loading script "jan_co2.py"
loading script "jan_pump_extraction_line.py"
testing...
no interpolation path defined
calculate duration
testing...
no interpolation path defined
executed snippet estimated_duration=4.0, duration=0.000294923782349
executed snippet estimated_duration=4.0, duration=0.00140905380249
Script duration 214.0
Run total estimated duration= 215.000
run duration: 0:03:35
doing event level: 2
06:05:56 -- Setting default integration. t=1.048576
setting integration time = 1.048576
SetIntegrationTime 1.048576 ===>> OK
----------------- start -----------------
**************** Experiment Type: Ar/Ar, Ar/Ar
create new session 4419362736
close session 4419362736
$$$$$ Clearing conditionals
adding conditionals 
Add queue conditionals
add default conditionals
adding default conditionals from /Users/jan/PychronDev/setupfiles/spectrometer/default_conditionals.yaml
Start automated run 25351-05
loading script "jan_unknown120_60.py"
loading script "jan_pump_ms.py"
loading script "jan_co2.py"
loading script "jan_pump_extraction_line.py"
%%%%%%%%%%%%%%%%%% setting automated run 25351-05
No value "sensitivity_multiplier" in metadata
$$$$$$$$$$$$$$$ auto_save_detector_ic=False
============================= Pre Extraction Check =============================
loading queue conditionals pre_run_terminations
loading system conditionals pre_run_terminations
loading conditionals from /Users/jan/PychronDev/setupfiles/spectrometer/default_conditionals.yaml
06:05:56 -- ******* Pre Extraction Check *******
Get a measurement from the spectrometer
GetData ===>> H2,-0.139311751182191,H1,-0.0417558453057907,AX,-0.104524480379878,L1,-0.0514752190393675,L2,-0.0...
Pre Extraction Termination data. keys=H2,H1,AX,L1,L2,CDD, signals=-0.13931,-0.04176,-0.10452,-0.05148,-0.02414,0.00000
06:05:56 -- testing system defined conditionals
Checking default pre extraction terminations n=2
testing CDD
evaluate ot="CDD.inactive" t="CDD", ctx="{'CDD': False}"
GetDeflection CDD ===>> 50
testing CDD==2000
evaluate ot="CDD.deflection==2000" t="CDD==2000", ctx="{'CDD': 50.0}"
06:05:56 -- ******* Pre Extraction Check Passed *******
=================================================================================
06:05:56 -- stopping status monitor
stop 4976433200
Alive clients [4982646160]
06:05:56 -- starting status monitor
start 4976433200
Monitor already running
start extraction
do extraction
Analysis started at 06:05:56.347233
Extraction Started jan_co2.py
06:05:56 -- ******* Extraction Started jan_co2.py *******
state changed from not run to extraction
DO EXTRACTION <pychron.extraction_line.pyscript_runner.RemotePyScriptRunner object at 0x12b9a8890>
testing...
no interpolation path defined
calculate duration
testing...
no interpolation path defined
executed snippet estimated_duration=0, duration=8.20159912109e-05
calculate duration
testing...
no interpolation path defined
executed snippet estimated_duration=0, duration=0.000133037567139
executed snippet estimated_duration=100.0, duration=0.00284504890442
Jan CO2 laser analysis
doing GOSUB
testing...
no interpolation path defined
executed snippet estimated_duration=0, duration=4.19616699219e-05
Waiting for CO2 access
wait ('FelixCO2Flag', 0) {}
waiting for FelixCO2Flag = 0
Read FelixCO2Flag ===>> 0
finished waiting
CO2 free
wait ('CO2PumpTimeFlag', 0) {}
waiting for CO2PumpTimeFlag = 0
Read CO2PumpTimeFlag ===>> 0
finished waiting
acquire ('JanCO2Flag',) {'clear': True}
acquire JanCO2Flag
Set JanCO2Flag 1 ===>> OK
JanCO2Flag acquired
set extraction state False (0.75, 'red', 1.5)
CO2 acquired
executed snippet estimated_duration=0, duration=0.0164771080017
WaitForCO2Access.py completed successfully
gosub finished
doing GOSUB
testing...
no interpolation path defined
executed snippet estimated_duration=0, duration=7.60555267334e-05
Prepare for CO2 analysis
close () {'description': 'Jan Inlet'}
closing name=--- desc=Jan Inlet
checking ownership. requestor=129.138.12.150
check software interlocks R
interlocks []
actuate state mode=None-script, software_lock=False
doing actuation None-script close_channel False
Close R ===>> OK
GetIndicatorState R ===>> False
change switch state (True, True)
update switch state R False args=() kw={} ncanvase=2
06:05:56 -- CLOSE  VALVE-R (Jan Inlet)
---------------------------------------- close None (Jan Inlet) result=[(True, True)]
action=close, ok=True, locked=[False]
open () {'description': 'Jan Ion Pump'}
opening name=--- desc=Jan Ion Pump
checking ownership. requestor=129.138.12.150
check software interlocks O
interlocks []
actuate state mode=None-script, software_lock=False
doing actuation None-script open_channel False
Open O ===>> OK
GetIndicatorState O ===>> OK
change switch state (True, True)
update switch state O True args=() kw={} ncanvase=2
06:05:57 -- OPEN   VALVE-O (Jan Ion Pump)
---------------------------------------- open None (Jan Ion Pump) result=[(True, True)], time=0.09 sec
action=open, ok=True, locked=[False]
close () {'description': 'Microbone to Minibone'}
closing name=--- desc=Microbone to Minibone
checking ownership. requestor=129.138.12.150
check software interlocks L
interlocks []
actuate state mode=None-script, software_lock=False
doing actuation None-script close_channel False
Close L ===>> OK
GetIndicatorState L ===>> False
change switch state (True, True)
update switch state L False args=() kw={} ncanvase=2
06:05:57 -- CLOSE  VALVE-L (Microbone to Minibone)
---------------------------------------- close None (Microbone to Minibone) result=[(True, True)]
action=close, ok=True, locked=[False]
open () {'description': 'Microbone to Turbo'}
opening name=--- desc=Microbone to Turbo
checking ownership. requestor=129.138.12.150
check software interlocks U
interlocks []
actuate state mode=None-script, software_lock=False
doing actuation None-script open_channel False
Open U ===>> OK
GetIndicatorState U ===>> OK
change switch state (True, True)
update switch state U True args=() kw={} ncanvase=2
06:05:58 -- OPEN   VALVE-U (Microbone to Turbo)
---------------------------------------- open None (Microbone to Turbo) result=[(True, True)], time=0.12 sec
action=open, ok=True, locked=[False]
open () {'description': 'Microbone to Inlet Pipette'}
opening name=--- desc=Microbone to Inlet Pipette
checking ownership. requestor=129.138.12.150
check software interlocks S
interlocks []
actuate state mode=None-script, software_lock=False
doing actuation None-script open_channel False
Open S ===>> OK
GetIndicatorState S ===>> OK
change switch state (True, True)
update switch state S True args=() kw={} ncanvase=2
06:05:58 -- OPEN   VALVE-S (Microbone to Inlet Pipette)
---------------------------------------- open None (Microbone to Inlet Pipette) result=[(True, True)], time=0.40 sec
action=open, ok=True, locked=[False]
open () {'description': 'Microbone to Getter D-50'}
opening name=--- desc=Microbone to Getter D-50
checking ownership. requestor=129.138.12.150
check software interlocks K
interlocks []
actuate state mode=None-script, software_lock=False
doing actuation None-script open_channel False
Open K ===>> OK
GetIndicatorState K ===>> OK
change switch state (True, True)
update switch state K True args=() kw={} ncanvase=2
06:05:59 -- OPEN   VALVE-K (Microbone to Getter D-50)
---------------------------------------- open None (Microbone to Getter D-50) result=[(True, True)], time=0.40 sec
action=open, ok=True, locked=[False]
open () {'description': 'Microbone to Getter NP-10'}
opening name=--- desc=Microbone to Getter NP-10
checking ownership. requestor=129.138.12.150
check software interlocks M
interlocks []
actuate state mode=None-script, software_lock=False
doing actuation None-script open_channel False
Open M ===>> OK
GetIndicatorState M ===>> OK
change switch state (True, True)
update switch state M True args=() kw={} ncanvase=2
06:05:59 -- OPEN   VALVE-M (Microbone to Getter NP-10)
---------------------------------------- open None (Microbone to Getter NP-10) result=[(True, True)], time=0.12 sec
action=open, ok=True, locked=[False]
close () {'description': 'CO2 Laser to Felix'}
closing name=--- desc=CO2 Laser to Felix
checking ownership. requestor=129.138.12.150
check software interlocks F
interlocks []
actuate state mode=None-script, software_lock=True
VALVE-F(CO2 Laser to Felix) software locked
change switch state (True, False)
---------------------------------------- close None (CO2 Laser to Felix) result=[(True, False)]
action=close, ok=True, locked=[True]
open () {'description': 'CO2 Laser to Jan'}
opening name=--- desc=CO2 Laser to Jan
checking ownership. requestor=129.138.12.150
check software interlocks A
interlocks []
actuate state mode=None-script, software_lock=False
doing actuation None-script open_channel False
Open A ===>> OK
GetIndicatorState A ===>> OK
change switch state (True, True)
update switch state A True args=() kw={} ncanvase=2
06:06:00 -- OPEN   VALVE-A (CO2 Laser to Jan)
---------------------------------------- open None (CO2 Laser to Jan) result=[(True, True)], time=0.12 sec
action=open, ok=True, locked=[False]
open () {'description': 'Microbone to CO2 Laser'}
opening name=--- desc=Microbone to CO2 Laser
checking ownership. requestor=129.138.12.150
check software interlocks T
interlocks []
actuate state mode=None-script, software_lock=False
doing actuation None-script open_channel False
Open T ===>> OK
GetIndicatorState T ===>> OK
change switch state (True, True)
update switch state T True args=() kw={} ncanvase=2
06:06:00 -- OPEN   VALVE-T (Microbone to CO2 Laser)
---------------------------------------- open None (Microbone to CO2 Laser) result=[(True, True)], time=0.39 sec
action=open, ok=True, locked=[False]
executed snippet estimated_duration=0, duration=4.79052090645
PrepareForCO2Analysis.py completed successfully
gosub finished
set_motor ('beam', '1.25') {}
setting motor "beam" to 1.25
set motor beam to 1.25
SetMotor beam,1.25 ===>> OK
GetMotorMoving beam ===>> False
GetMotorMoving beam ===>> False
Block completed
move_to_position ('221',) {'autocenter': True}
FusionsCO2 move to position 221
sending GoToHole 221,True
GoToHole 221,True ===>> OK
GetDriveMoving ===>> OK
GetDriveMoving ===>> OK
GetDriveMoving ===>> OK
GetDriveMoving ===>> OK
GetDriveMoving ===>> OK
GetDriveMoving ===>> OK
GetDriveMoving ===>> False
GetDriveMoving ===>> OK
GetDriveMoving ===>> OK
GetDriveMoving ===>> OK
GetDriveMoving ===>> OK
GetDriveMoving ===>> OK
GetDriveMoving ===>> False
Block completed
GetAutoCorrecting ===>> False
GetAutoCorrecting ===>> False
Block completed
update position
GetPosition ===>> 3.98780,-15.95120,1.00000
got position (3.9878, -15.9512, 1.0)
move to position succeeded
sleep (5,) {}
SLEEP 5.0
block started
WaitControl setup for 5.0  
Join finished
block finished. duration 5.02900099754
close () {'description': 'Microbone to Turbo'}
closing name=--- desc=Microbone to Turbo
checking ownership. requestor=129.138.12.150
check software interlocks U
interlocks []
actuate state mode=None-script, software_lock=False
doing actuation None-script close_channel True
Close U ===>> OK
GetIndicatorState U ===>> False
change switch state (True, True)
update switch state U False args=() kw={} ncanvase=2
06:06:12 -- CLOSE  VALVE-U (Microbone to Turbo)
---------------------------------------- close None (Microbone to Turbo) result=[(True, True)]
action=close, ok=True, locked=[False]
enable laser
enable () {}
set extraction state FusionsCO2 Enabled (False, 'red', 1.5)
enabling laser
Enable ===>> OK
begin interval
BEGIN INTERVAL Interval 1 waiting for 30.0
block started
set extract to 5.0
WaitControl setup for 30.0  
extract (5.0,) {}
GetPosition ===>> 3.98780,-15.95120,1.00000
set extraction state FusionsCO2 ON! 5.0(watts) (0.75, 'red', 1.5)
extract sample to 5.0 (watts)
set laser output
SetLaserOutput 5.0,watts ===>> OK
executing pattern triangle.lp
execute_pattern ('triangle.lp',) {}
executing pattern triangle.lp
IsPatterning ===>> OK
IsPatterning ===>> OK
IsPatterning ===>> OK
IsPatterning ===>> OK
IsPatterning ===>> OK
IsPatterning ===>> OK
IsPatterning ===>> OK
IsPatterning ===>> OK
IsPatterning ===>> OK
IsPatterning ===>> OK
IsPatterning ===>> OK
IsPatterning ===>> OK
IsPatterning ===>> OK
IsPatterning ===>> OK
IsPatterning ===>> OK
IsPatterning ===>> OK
IsPatterning ===>> OK
IsPatterning ===>> OK
IsPatterning ===>> OK
IsPatterning ===>> OK
IsPatterning ===>> OK
IsPatterning ===>> OK
IsPatterning ===>> OK
IsPatterning ===>> OK
IsPatterning ===>> OK
IsPatterning ===>> OK
IsPatterning ===>> False
IsPatterning ===>> False
Block completed
COMPLETE INTERVAL waiting for Interval 1 to complete
Join finished
block finished. duration 30.1038150787
Interval 1 finished
end_extract () {}
ending extraction. set laser power to 0
set laser power 0
SetLaserPower 0 ===>> OK
disable () {}
%%%%%%%%%%%%%%%%%%%%%%%%%%%%%%%%%%% disable
set extraction state False (0.75, 'red', 1.5)
disabling laser
Disable ===>> OK
sleep (30.0,) {}
SLEEP 30.0
block started
WaitControl setup for 30.0  
Join finished
block finished. duration 30.1099998951
executed snippet estimated_duration=166.5, duration=77.0705740452
jan_co2.py completed successfully
GetAchievedOutput ===>> No Response
Requested Output= 0.000
Achieved Output=  0.000
GetResponseBlob ===>> No Response
GetOutputBlob ===>> No Response
persistence save...
persistence save - db
AutomatedRunPersister post_extraction_save deprecated
persistence save - dvc
no extraction position for 221
create new session 4982376208
close session 4982376208
Extraction Finished
06:07:13 -- ******* Extraction Finished *******
no overlap. not waiting for min ms pumptime
06:07:13 -- Sending spectrometer configuration
======== Sending configuration ========
SetDeflection CDD,50.0 ===>> OK
SetDeflection H2,0.0 ===>> OK
SetDeflection H1,0.0 ===>> OK
SetDeflection L2,825.0 ===>> OK
SetDeflection L1,400.0 ===>> OK
SetDeflection AX,190.0 ===>> OK
SetZFocus 74.64 ===>> OK
SetZSymmetry -50.72 ===>> OK
SetExtractionLens 26.13 ===>> OK
SetIonRepeller -3.81 ===>> OK
SetElectronEnergy 75.08 ===>> OK
SetYSymmetry -2.81 ===>> OK
SetIonCounterVoltage 1590.0 ===>> OK
send trap current 200.0
GetParameter Trap Current Readback ===>> 198.370811206739
SetParameter Trap Current Set,200.0 ===>> OK
updating mftable name mftable
Using mftable located at /Users/jan/PychronDev/setupfiles/spectrometer/mftables/mftable.csv
============ MFtable ===========
Isotope  H2     H1     AX     L1     L2     CDD    
Ar40     5.8014 5.8791 5.9924 6.1413 6.2309 6.3695
Ar39     5.7006 5.7714 5.8849 6.0273 6.1160 6.2560
Ar36     5.3781 5.4404 5.5482 5.6862 5.7710 5.9071
================================
get initial guess parabolic
get initial guess parabolic
get initial guess parabolic
get initial guess parabolic
get initial guess parabolic
get initial guess parabolic
======== Configuration Finished ========
GetYSymmetry ===>> -2.81
GetZSymmetry ===>> -50.72
GetParameter Trap Current Readback ===>> 198.035158395898
GetHighVoltage ===>> 4500
start measurement
do measurement
L#=25351 analysis type=unknown
Measurement Started jan_unknown120_60.py
06:07:13 -- ******* Measurement Started jan_unknown120_60.py *******
state changed from extraction to measurement
setting spec, defl, and gains
GetExtractionLens ===>> 26.13
GetYSymmetry ===>> -2.81
GetZSymmetry ===>> -50.72
GetZFocus ===>> 74.64
GetDeflection H2 ===>> 0
GetDeflection H1 ===>> 0
GetDeflection AX ===>> 190
GetDeflection L1 ===>> 400
GetDeflection L2 ===>> 825
GetDeflection CDD ===>> 50
GetGain H2 ===>> 0.0113
GetGain H1 ===>> 0.1
GetGain AX ===>> 0.097049
GetGain L1 ===>> 0.010355
GetGain L2 ===>> 0.095649
GetGain CDD ===>> 0
pre measurement save
New frame /Users/jan/PychronDev/data/isotopes/cf/8363d7-a4e9-48e5-b3b5-1f9b7e4533c4.h5
flush and close file /Users/jan/PychronDev/data/isotopes/cf/8363d7-a4e9-48e5-b3b5-1f9b7e4533c4.h5
testing...
no interpolation path defined
executed snippet estimated_duration=226.132928, duration=0.000148057937622
unknown measurement script
activate_detectors ('H2', 'H1', 'AX', 'L1', 'L2', 'CDD') {}
activate detectors
*************** Set Analysis View Ar/Ar
create graphs
clearing graphs
clear isotope group
setting isotope det=H2, iso=PM41
setting isotope det=H1, iso=Ar40
setting isotope det=AX, iso=Ar39
setting isotope det=L1, iso=Ar38
setting isotope det=L2, iso=Ar37
setting isotope det=CDD, iso=Ar36
setting previous blanks
 - setting Ar40 blank 0.099+/-0.007
 - setting Ar36 blank 0.00400+/-0.00017
 - setting Ar37 blank 0.043+/-0.005
 - setting Ar38 blank 0.0060+/-0.0023
 - setting PM41 blank 0.02+/-0.06
 - setting Ar39 blank 0.038+/-0.008
load analysis view
position_magnet ('Ar40',) {'detector': 'H1'}
detector Detector(H1)
POSITION Ar40 H1
setting detector H2 to PM41 (40.9624)
setting detector H1 to Ar40 (39.9624)
setting detector AX to Ar39 (38.9624)
setting detector L1 to Ar38 (37.9624)
setting detector L2 to Ar37 (36.9624)
setting detector CDD to Ar36 (35.9624)
Mapping mass to dac mass func: "parabolic"
H1 map mass coeffs = [-0.00063987  0.15840543  0.57074999]
H1 map mass to dac 39.9624 >> 5.87914
GetDeflection H1 ===>> 0
GetHighVoltage ===>> 4500
positioning Ar40 (5.87914) on H1
setting magnet DAC
current  : 5.301530
requested: 5.879140
Delta Dac: 0.577610
Checking detector protection. dv=0.57761
Checking detector "CDD". Protection Threshold: 0.1 (V)
ProtectDetector CDD,On ===>> OK
GetDeflection CDD ===>> 2000
Protected = 2000
SetMagnetDAC 5.87914 ===>> OK
Magnet settling time: 0.500
GetMagnetMoving ===>> True
GetMagnetMoving ===>> True
GetMagnetMoving ===>> True
GetMagnetMoving ===>> True
GetMagnetMoving ===>> True
GetMagnetMoving ===>> True
GetMagnetMoving ===>> True
GetMagnetMoving ===>> True
GetMagnetMoving ===>> False
ProtectDetector CDD,Off ===>> OK
GetDeflection CDD ===>> 50
update labels <pychron.experiment.plot_panel.PlotPanel object at 0x1aabed650>
update labels "<pychron.graph.stacked_regression_graph.StackedRegressionGraph object at 0x1de08c890>"
setting label 0 H2 PM41
setting label 1 H1 Ar40
setting label 2 AX Ar39
setting label 3 L1 Ar38
setting label 4 L2 Ar37
setting label 5 CDD Ar36
update labels "<pychron.graph.stacked_graph.StackedGraph object at 0x1de0de710>"
setting label 0 H2 PM41
setting label 1 H1 Ar40
setting label 2 AX Ar39
setting label 3 L1 Ar38
setting label 4 L2 Ar37
setting label 5 CDD Ar36
equilibrate () {'delay': 3, 'inlet': 'R', 'outlet': 'O', 'eqtime': 12.0}
Equilibration Started
06:07:17 -- ******* Equilibration Started *******
checking ownership. requestor=129.138.12.150
check software interlocks O
interlocks []
actuate state mode=None-script, software_lock=False
doing actuation None-script close_channel True
Close O ===>> OK
GetIndicatorState O ===>> False
change switch state (True, True)
update switch state O False args=() kw={} ncanvase=2
06:07:17 -- CLOSE  VALVE-O (Jan Ion Pump)
waiting 3s before opening inlet value ('R',)
checking ownership. requestor=129.138.12.150
check software interlocks R
interlocks []
actuate state mode=None-script, software_lock=False
doing actuation None-script open_channel True
Open R ===>> OK
GetIndicatorState R ===>> OK
change switch state (True, True)
update switch state R True args=() kw={} ncanvase=2
06:07:20 -- OPEN   VALVE-R (Jan Inlet)
set_time_zero () {}
equilibrating for 12.0sec
sniff (12.0,) {}
py_sniff
build tables- sniff [Detector(H2), Detector(H1), Detector(AX), Detector(L1), Detector(L2), Detector(CDD)]
add group /sniff/PM41 (Group) '' table H2
add group /sniff/Ar40 (Group) '' table H1
add group /sniff/Ar39 (Group) '' table AX
add group /sniff/Ar38 (Group) '' table L1
add group /sniff/Ar37 (Group) '' table L2
add group /sniff/Ar36 (Group) '' table CDD
flush and close file /Users/jan/PychronDev/data/isotopes/cf/8363d7-a4e9-48e5-b3b5-1f9b7e4533c4.h5
measuring sniff. ncounts=12.0
"sniff" increment series count="1" fit count="0" regressing="False"
starting measurement
GetData ===>> H2,-0.10294821304231,H1,0.432339925919112,AX,0.0598352223896727,L1,0.00369357278644242,L2,0.04717...
GetData ===>> H2,0.610856529521045,H1,533.537819737025,AX,71.0872211755986,L1,0.332575842196371,L2,0.3630915433...
GetData ===>> H2,0.756407844888517,H1,1269.00691996364,AX,162.821805356617,L1,1.17843781103143,L2,0.47397254216...
GetData ===>> H2,0.309137376315922,H1,1515.51768138283,AX,189.966194497686,L1,1.78830163430432,L2,0.42213545047...
GetData ===>> H2,0.121583163716051,H1,1600.10055473227,AX,198.56040588437,L1,2.0911644801637,L2,0.4721108515605...
GetData ===>> H2,0.143205468076423,H1,1633.45819661867,AX,201.476142073847,L1,2.30607777970348,L2,0.53918878113...
GetData ===>> H2,0.00434961236247118,H1,1647.38695073769,AX,202.694376068961,L1,2.42149133842573,L2,0.384276457...
GetData ===>> H2,-0.0679300103238345,H1,1653.35631926115,AX,203.290849063644,L1,2.44312748515291,L2,0.390421529...
GetData ===>> H2,-0.116626302115994,H1,1655.73177052394,AX,203.647070903626,L1,2.49072450401167,L2,0.4786783261...
GetData ===>> H2,-0.130769746988566,H1,1656.62806216278,AX,203.584452284031,L1,2.53188787006593,L2,0.4523882883...
GetData ===>> H2,-0.0522925770793239,H1,1656.70575269941,AX,203.636435269366,L1,2.59074331097603,L2,0.512036619...
Equilibration Finished
06:07:32 -- ******* Equilibration Finished *******
checking ownership. requestor=129.138.12.150
check software interlocks R
interlocks []
actuate state mode=None-script, software_lock=False
doing actuation None-script close_channel True
GetData ===>> H2,-0.136121253097648,H1,1656.90500131661,AX,203.691344399942,L1,2.59187732165466,L2,0.3789084080...
Close R ===>> OK
GetIndicatorState R ===>> False
change switch state (True, True)
update switch state R False args=() kw={} ncanvase=2
06:07:33 -- CLOSE  VALVE-R (Jan Inlet)
Post Equilibration Started jan_pump_extraction_line.py
06:07:33 -- ******* Post Equilibration Started jan_pump_extraction_line.py *******
testing...
no interpolation path defined
calculate duration
testing...
no interpolation path defined
executed snippet estimated_duration=4.0, duration=0.000131130218506
executed snippet estimated_duration=4.0, duration=0.001384973526
Pump after analysis
doing GOSUB
testing...
no interpolation path defined
executed snippet estimated_duration=4.0, duration=0.000108957290649
Pump Microbone
close () {'description': 'Jan Inlet'}
closing name=--- desc=Jan Inlet
checking ownership. requestor=129.138.12.150
check software interlocks R
interlocks []
actuate state mode=None-script, software_lock=False
doing actuation None-script close_channel False
Close R ===>> OK
measurement finished
estimated time: 12.583 actual time: :12.686
flush and close file /Users/jan/PychronDev/data/isotopes/cf/8363d7-a4e9-48e5-b3b5-1f9b7e4533c4.h5
set_fits () {}
using default fits file=/Users/jan/PychronDev/scripts/measurement/fits/nominal_linear.yaml
GetIndicatorState R ===>> False
set "Ar40" to "('Linear', 'SEM')"
change switch state (True, True)
No fit for "PM41". defaulting to linear. check the measurement script "jan_unknown120_60.py"
update switch state R False args=() kw={} ncanvase=2
set "PM41" to "linear"
set "Ar36" to "('Linear', 'SEM')"
set "Ar37" to "('linear', 'SEM')"
set "Ar38" to "('linear', 'SEM')"
set "Ar39" to "('Linear', 'SEM')"
set_baseline_fits () {}
06:07:33 -- CLOSE  VALVE-R (Jan Inlet)
---------------------------------------- close None (Jan Inlet) result=[(True, True)]
using default fits file=/Users/jan/PychronDev/scripts/measurement/fits/nominal_linear.yaml
set "H1" to "('average', 'SEM')"
set "H2" to "('average', 'SEM')"
set "CDD" to "('average', 'SEM')"
set "L2" to "('average', 'SEM')"
set "L1" to "('average', 'SEM')"
set "AX" to "('average', 'SEM')"
multicollect () {'integration_time': 1, 'ncounts': 120}
build tables- signal [Detector(H2), Detector(H1), Detector(AX), Detector(L1), Detector(L2), Detector(CDD)]
add group /signal/PM41 (Group) '' table H2
add group /signal/Ar40 (Group) '' table H1
add group /signal/Ar39 (Group) '' table AX
add group /signal/Ar38 (Group) '' table L1
add group /signal/Ar37 (Group) '' table L2
add group /signal/Ar36 (Group) '' table CDD
flush and close file /Users/jan/PychronDev/data/isotopes/cf/8363d7-a4e9-48e5-b3b5-1f9b7e4533c4.h5
measuring signal. ncounts=120
action=close, ok=True, locked=[False]
is_closed ('F',) {}
is F () closed?
is closed True
open () {'description': 'CO2 Laser to Jan'}
opening name=--- desc=CO2 Laser to Jan
checking ownership. requestor=129.138.12.150
check software interlocks A
interlocks []
actuate state mode=None-script, software_lock=False
doing actuation None-script open_channel False
Open A ===>> OK
"signal" increment series count="2" fit count="1" regressing="True"
GetIndicatorState A ===>> OK
change switch state (True, True)
update switch state A True args=() kw={} ncanvase=2
06:07:34 -- OPEN   VALVE-A (CO2 Laser to Jan)
---------------------------------------- open None (CO2 Laser to Jan) result=[(True, True)], time=0.14 sec
starting measurement
GetData ===>> H2,0.00229506471886178,H1,1656.89681049297,AX,203.671004425734,L1,2.62154151770735,L2,0.491883166...
action=open, ok=True, locked=[False]
sleep (1,) {}
SLEEP 1.0
GetData ===>> H2,-0.0839984361395771,H1,1655.67491582342,AX,203.550943507199,L1,2.61902893968481,L2,0.517772672...
close () {'description': 'CO2 Laser to Roughing'}
closing name=--- desc=CO2 Laser to Roughing
checking ownership. requestor=129.138.12.150
check software interlocks G
interlocks []
actuate state mode=None-script, software_lock=True
VALVE-G(CO2 Laser to Roughing) software locked
change switch state (True, False)
---------------------------------------- close None (CO2 Laser to Roughing) result=[(True, False)]
action=close, ok=True, locked=[True]
open () {'description': 'Microbone to Turbo'}
opening name=--- desc=Microbone to Turbo
checking ownership. requestor=129.138.12.150
check software interlocks U
interlocks []
actuate state mode=None-script, software_lock=False
doing actuation None-script open_channel True
Open U ===>> OK
GetIndicatorState U ===>> OK
change switch state (True, True)
update switch state U True args=() kw={} ncanvase=2
06:07:35 -- OPEN   VALVE-U (Microbone to Turbo)
---------------------------------------- open None (Microbone to Turbo) result=[(True, True)], time=0.20 sec
action=open, ok=True, locked=[False]
open () {'description': 'Microbone to Getter NP-10'}
opening name=--- desc=Microbone to Getter NP-10
checking ownership. requestor=129.138.12.150
check software interlocks M
interlocks []
actuate state mode=None-script, software_lock=False
doing actuation None-script open_channel False
Open M ===>> OK
GetIndicatorState M ===>> OK
change switch state (True, True)
update switch state M True args=() kw={} ncanvase=2
06:07:36 -- OPEN   VALVE-M (Microbone to Getter NP-10)
---------------------------------------- open None (Microbone to Getter NP-10) result=[(True, True)], time=0.13 sec
action=open, ok=True, locked=[False]
open () {'description': 'Microbone to Getter D-50'}
opening name=--- desc=Microbone to Getter D-50
checking ownership. requestor=129.138.12.150
check software interlocks K
interlocks []
actuate state mode=None-script, software_lock=False
doing actuation None-script open_channel False
GetData ===>> H2,-0.0283630185311584,H1,1655.08385432932,AX,203.425030585606,L1,2.60031505875852,L2,0.518104049...
Open K ===>> OK
GetIndicatorState K ===>> OK
change switch state (True, True)
update switch state K True args=() kw={} ncanvase=2
06:07:36 -- OPEN   VALVE-K (Microbone to Getter D-50)
---------------------------------------- open None (Microbone to Getter D-50) result=[(True, True)], time=0.41 sec
action=open, ok=True, locked=[False]
open () {'description': 'Microbone to CO2 Laser'}
opening name=--- desc=Microbone to CO2 Laser
checking ownership. requestor=129.138.12.150
check software interlocks T
interlocks []
actuate state mode=None-script, software_lock=False
doing actuation None-script open_channel False
Open T ===>> OK
GetIndicatorState T ===>> OK
change switch state (True, True)
update switch state T True args=() kw={} ncanvase=2
06:07:37 -- OPEN   VALVE-T (Microbone to CO2 Laser)
---------------------------------------- open None (Microbone to CO2 Laser) result=[(True, True)], time=0.40 sec
GetData ===>> H2,-0.0859500403229098,H1,1654.15613607623,AX,203.331716529799,L1,2.65219538992227,L2,0.358261353...
action=open, ok=True, locked=[False]
open () {'description': 'Microbone to Inlet Pipette'}
opening name=--- desc=Microbone to Inlet Pipette
checking ownership. requestor=129.138.12.150
check software interlocks S
interlocks []
actuate state mode=None-script, software_lock=False
doing actuation None-script open_channel False
Open S ===>> OK
GetIndicatorState S ===>> OK
change switch state (True, True)
update switch state S True args=() kw={} ncanvase=2
06:07:38 -- OPEN   VALVE-S (Microbone to Inlet Pipette)
---------------------------------------- open None (Microbone to Inlet Pipette) result=[(True, True)], time=0.40 sec
action=open, ok=True, locked=[False]
sleep (1,) {}
SLEEP 1.0
GetData ===>> H2,-0.0693391926010525,H1,1653.71933412444,AX,203.004129727043,L1,2.62229417872438,L2,0.373072423...
set_resource () {'name': 'CO2PumpTimeFlag', 'value': 30}
Set CO2PumpTimeFlag 30 ===>> OK
release ('JanCO2Flag',) {}
release JanCO2Flag
Set JanCO2Flag 0 ===>> OK
executed snippet estimated_duration=6.0, duration=5.92978906631
PumpMicrobone.py completed successfully
gosub finished
get_resource_value () {'name': 'JanMiniboneFlag'}
Read JanMiniboneFlag ===>> 0
Get Resource Value JanMiniboneFlag=0.0
get resource value 0.0
get_resource_value () {'name': 'JanMiniboneFlag'}
Read JanMiniboneFlag ===>> 0
Get Resource Value JanMiniboneFlag=0.0
executed snippet estimated_duration=4.0, duration=5.94103503227
jan_pump_extraction_line.py completed successfully
Post Equilibration Finished
06:07:39 -- ******* Post Equilibration Finished *******
GetData ===>> H2,-0.109537719649282,H1,1653.43656855519,AX,203.206422032562,L1,2.59431510831294,L2,0.3916094697...
GetData ===>> H2,-0.141283733215224,H1,1652.62122247938,AX,203.2828079799,L1,2.58923960034818,L2,0.442796846138...
GetData ===>> H2,-0.0640648205424078,H1,1651.82106149441,AX,203.318697787195,L1,2.61444454172365,L2,0.522274915...
GetData ===>> H2,-0.109433462683425,H1,1651.47779990964,AX,203.163107798007,L1,2.63252250651421,L2,0.5149046032...
GetData ===>> H2,-0.13340456681832,H1,1650.46276335703,AX,203.085665309642,L1,2.58480278176664,L2,0.48541759385...
GetData ===>> H2,-0.030949344437797,H1,1649.62453463534,AX,202.952120855856,L1,2.58628288307507,L2,0.4012734553...
GetData ===>> H2,-0.117158071906788,H1,1649.3566466058,AX,202.680261809166,L1,2.60127426084063,L2,0.49475054828...
GetData ===>> H2,-0.133339650478074,H1,1647.76080783915,AX,202.554249565095,L1,2.63074909921166,L2,0.4865141974...
GetData ===>> H2,0.0811221764474094,H1,1647.24544259697,AX,202.330620778974,L1,2.59223096103028,L2,0.4427968461...
GetData ===>> H2,-0.0430106580875222,H1,1646.86265432645,AX,202.590082101912,L1,2.60027577113272,L2,0.505432583...
GetData ===>> H2,-0.202054978188519,H1,1646.75631090789,AX,202.535735159835,L1,2.60538430099603,L2,0.4135775987...
GetData ===>> H2,-0.116488281458314,H1,1645.98967989743,AX,202.420946499537,L1,2.53246624098174,L2,0.4957558656...
GetData ===>> H2,-0.0786646906418702,H1,1645.62319741593,AX,202.399014033092,L1,2.5186366693139,L2,0.4764738889...
GetData ===>> H2,-0.131559716123996,H1,1644.83259149515,AX,202.032991282499,L1,2.56201251855885,L2,0.5007254868...
GetData ===>> H2,-0.184245513297623,H1,1644.13698129885,AX,202.051239688801,L1,2.54867848227195,L2,0.4174850944...
GetData ===>> H2,-0.0703861332262844,H1,1642.95526381429,AX,202.299579726967,L1,2.58729997202942,L2,0.364895790...
GetData ===>> H2,-0.0812024944311335,H1,1642.38528867728,AX,202.114223767453,L1,2.57749312405139,L2,0.507900474...
GetData ===>> H2,-0.16710599132691,H1,1641.719218982,AX,202.170841387855,L1,2.57205548466301,L2,0.3616755759426...
GetData ===>> H2,-0.175949260500176,H1,1641.30372464036,AX,201.904099759821,L1,2.61744005094645,L2,0.4467246540...
06:07:59 -- collecting point 25
GetData ===>> H2,-0.153633502252167,H1,1640.70410191584,AX,201.832411986525,L1,2.59611746947914,L2,0.3479737462...
GetData ===>> H2,-0.267627684061761,H1,1639.97650760205,AX,201.673313657797,L1,2.5808549824822,L2,0.38956485066...
GetData ===>> H2,-0.0711061880265944,H1,1639.21325311172,AX,201.753742229519,L1,2.54334831036985,L2,0.438259193...
GetData ===>> H2,-0.0764922710276168,H1,1638.14673715029,AX,201.443692595747,L1,2.52839529910056,L2,0.349823378...
GetData ===>> H2,-0.09317322440461,H1,1638.01550718974,AX,201.387578092647,L1,2.55570198567725,L2,0.44222595721...
GetData ===>> H2,-0.135512793540623,H1,1637.78786388267,AX,201.257974340698,L1,2.53342731869759,L2,0.5854542941...
GetData ===>> H2,-0.231975624058913,H1,1637.18908708127,AX,201.272518739524,L1,2.53912839651407,L2,0.5234176503...
GetData ===>> H2,-0.20036299845468,H1,1636.58660562798,AX,201.230600792565,L1,2.56075337698823,L2,0.49831490276...
GetData ===>> H2,0.00346302493720925,H1,1635.58147906291,AX,201.31939806253,L1,2.55166571711746,L2,0.4739154345...
GetData ===>> H2,-0.132921742646234,H1,1634.8942221328,AX,201.02334034212,L1,2.56400497956106,L2,0.391952147635...
GetData ===>> H2,-0.21249785476078,H1,1634.27905821778,AX,201.113291386523,L1,2.55459222478023,L2,0.39879453873...
GetData ===>> H2,-0.246283770608499,H1,1633.95560534543,AX,200.996387288087,L1,2.55197543924634,L2,0.4128006887...
GetData ===>> H2,-0.0877208191497739,H1,1633.54749795202,AX,200.994595264201,L1,2.5595430556953,L2,0.4338708898...
GetData ===>> H2,-0.110332478311496,H1,1632.09088452212,AX,200.809739608852,L1,2.55676453812145,L2,0.4236437224...
GetData ===>> H2,-0.111361384773446,H1,1630.84224569702,AX,200.923540453635,L1,2.57381841399567,L2,0.5276915992...
GetData ===>> H2,-0.102202420068239,H1,1630.86916089685,AX,200.763622114584,L1,2.48730999220502,L2,0.3284748535...
GetData ===>> H2,-0.0737676899610794,H1,1630.5252614613,AX,200.893796483142,L1,2.51902269590496,L2,0.4293456622...
GetData ===>> H2,-0.0836543990091406,H1,1629.7257343617,AX,200.554648820316,L1,2.53515179153809,L2,0.4792722765...
GetData ===>> H2,-0.206578264372828,H1,1629.4010031527,AX,200.642458169063,L1,2.53206354035475,L2,0.40567169107...
GetData ===>> H2,-0.157960867809141,H1,1628.79144543606,AX,200.539224972641,L1,2.47484875935356,L2,0.4546264295...
GetData ===>> H2,-0.22212539637544,H1,1627.42275719793,AX,200.298575023442,L1,2.4722473413033,L2,0.401604744025...
GetData ===>> H2,-0.142929717503542,H1,1626.69996481825,AX,200.260537538238,L1,2.52771312363751,L2,0.4560195847...
GetData ===>> H2,-0.0359627541662958,H1,1626.64327613958,AX,200.168651696312,L1,2.51577697288597,L2,0.393825474...
GetData ===>> H2,-0.00447197700768986,H1,1625.94818918395,AX,200.085582760644,L1,2.51215462653699,L2,0.38604683...
GetData ===>> H2,-0.00282615924185261,H1,1625.28649073122,AX,200.317219832818,L1,2.56445546218819,L2,0.38588693...
06:08:26 -- collecting point 50
GetData ===>> H2,-0.0681863615680115,H1,1625.02091258304,AX,199.912218119689,L1,2.55603858503649,L2,0.492294419...
GetData ===>> H2,-0.122441941831685,H1,1624.21756962658,AX,199.816200822118,L1,2.53738846023092,L2,0.4489512445...
GetData ===>> H2,-0.156510040163516,H1,1623.28429781384,AX,199.820032154907,L1,2.57083989718718,L2,0.3784744086...
GetData ===>> H2,-0.0638059078966889,H1,1622.44627506443,AX,199.84824057668,L1,2.55827607547801,L2,0.4734585748...
GetData ===>> H2,-0.0439400099638372,H1,1622.01202359063,AX,199.705913065879,L1,2.5598256778327,L2,0.3784972506...
GetData ===>> H2,-0.117940120652412,H1,1621.34299768123,AX,199.50571401308,L1,2.52188591201517,L2,0.50578676803...
GetData ===>> H2,-0.0969845607635986,H1,1620.36242528193,AX,199.621532697066,L1,2.50514155261632,L2,0.399982582...
GetData ===>> H2,-0.0670144230193261,H1,1619.59232771616,AX,199.561980430978,L1,2.4908216142024,L2,0.3999597358...
GetData ===>> H2,-0.0153990807361349,H1,1619.37469706388,AX,199.460125327816,L1,2.51624251843785,L2,0.420250143...
GetData ===>> H2,-0.00331040795781454,H1,1619.44265482402,AX,199.344670542693,L1,2.58633705329413,L2,0.31286033...
GetData ===>> H2,-0.107078288829647,H1,1617.79867803154,AX,199.41769340647,L1,2.55412591427801,L2,0.47576573845...
GetData ===>> H2,-0.0940184924378726,H1,1617.5142388867,AX,199.515180683086,L1,2.56349228985244,L2,0.4962242557...
GetData ===>> H2,-0.0238042773308882,H1,1616.99732524593,AX,199.434341034668,L1,2.54294692534464,L2,0.410812741...
GetData ===>> H2,-0.0777784260728151,H1,1615.97152254211,AX,199.043613717029,L1,2.5479415987026,L2,0.3877715614...
GetData ===>> H2,-0.166575551687414,H1,1615.17698981533,AX,198.764614551276,L1,2.52559661477341,L2,0.4081050874...
GetData ===>> H2,-0.188497886901362,H1,1614.62859442217,AX,198.999881848822,L1,2.50269555690165,L2,0.4613754269...
GetData ===>> H2,-0.0982344115986587,H1,1614.22398404154,AX,198.823659731484,L1,2.51633832873687,L2,0.368709942...
GetData ===>> H2,-0.0607351072208414,H1,1613.80803141041,AX,198.736833336013,L1,2.49603212433393,L2,0.347517052...
GetData ===>> H2,-0.119458061521115,H1,1613.76856881294,AX,198.467817380353,L1,2.48556133049511,L2,0.3441718357...
GetData ===>> H2,-0.175301281573334,H1,1613.36539621291,AX,198.496914308199,L1,2.52089902644736,L2,0.5056610896...
GetData ===>> H2,-0.129552209558442,H1,1612.51464400901,AX,198.40500514427,L1,2.46834905537996,L2,0.44745542678...
GetData ===>> H2,-0.15939935431716,H1,1610.49357452551,AX,198.312498499839,L1,2.45840797878361,L2,0.45241112625...
GetData ===>> H2,-0.262115415315732,H1,1610.24701311469,AX,198.435647323321,L1,2.50591337190803,L2,0.3247536188...
GetData ===>> H2,-0.228895994442085,H1,1610.14493548459,AX,198.178592161497,L1,2.56897480549733,L2,0.4805629889...
GetData ===>> H2,-0.0458954720653842,H1,1609.88495143389,AX,198.363406895431,L1,2.53530034884616,L2,0.479340809...
06:08:52 -- collecting point 75
GetData ===>> H2,-0.0908728017524527,H1,1609.36802177852,AX,198.12068692993,L1,2.50785124799562,L2,0.3000555895...
GetData ===>> H2,-0.110511189806858,H1,1608.29396851789,AX,198.005944524457,L1,2.50931432121832,L2,0.4692441471...
GetData ===>> H2,-0.0393209937413746,H1,1607.78222722956,AX,197.913693406542,L1,2.49524075676514,L2,0.486959696...
GetData ===>> H2,0.0378950878789935,H1,1607.22117608607,AX,197.846291176308,L1,2.50319064961692,L2,0.4340080212...
GetData ===>> H2,0.04327385586694,H1,1606.36309572286,AX,197.857121698947,L1,2.51071413553218,L2,0.513442034952...
GetData ===>> H2,-0.131746378879946,H1,1605.31616226736,AX,197.915635570174,L1,2.51860697550552,L2,0.4594911412...
GetData ===>> H2,-0.11649369406473,H1,1604.29424875273,AX,197.596284467153,L1,2.51155518721737,L2,0.33977642150...
GetData ===>> H2,-0.190896475689192,H1,1604.37559181347,AX,197.609724198175,L1,2.50483796678747,L2,0.4186276671...
GetData ===>> H2,-0.15054705347292,H1,1603.67464473046,AX,197.56242042892,L1,2.48892272166498,L2,0.378131778998...
GetData ===>> H2,-0.107503119708031,H1,1603.49144517272,AX,197.268177735418,L1,2.48632170222155,L2,0.4516232214...
GetData ===>> H2,-0.144130946052429,H1,1602.573920144,AX,197.383146331062,L1,2.51475149075534,L2,0.442762592707...
GetData ===>> H2,-0.1571544250865,H1,1601.42471178338,AX,197.398353155298,L1,2.50907136239223,L2,0.359962740082...
GetData ===>> H2,-0.24152009553549,H1,1600.65041880513,AX,197.35715939648,L1,2.48918164279243,L2,0.436887826882...
GetData ===>> H2,-0.216144525497631,H1,1600.18633687477,AX,197.269275451498,L1,2.52778606717214,L2,0.3200965717...
GetData ===>> H2,-0.136172632632751,H1,1599.77153573303,AX,196.996091271297,L1,2.53630113561778,L2,0.3056817062...
GetData ===>> H2,-0.116764321096003,H1,1599.14540323479,AX,197.004565771439,L1,2.49434160387157,L2,0.4332538007...
GetData ===>> H2,-0.12996714180328,H1,1598.69500128142,AX,196.979843668495,L1,2.50943310298592,L2,0.45756121439...
GetData ===>> H2,-0.197651258573758,H1,1597.71256334196,AX,196.985516169762,L1,2.50669603959696,L2,0.4586004009...
GetData ===>> H2,-0.201723343137305,H1,1596.72255318865,AX,196.950690071361,L1,2.49538230908097,L2,0.4654067805...
GetData ===>> H2,-0.164830189499754,H1,1596.57724180699,AX,196.826561618863,L1,2.47549661528166,L2,0.4768279660...
GetData ===>> H2,-0.00793693949490233,H1,1596.35868183228,AX,197.088981374133,L1,2.47528649577857,L2,0.45056127...
GetData ===>> H2,0.0185307667724922,H1,1595.72329132125,AX,196.669588224609,L1,2.47557608457283,L2,0.4468045820...
GetData ===>> H2,-0.0650123092721452,H1,1594.95651532789,AX,196.582743659801,L1,2.48197317352259,L2,0.371964654...
GetData ===>> H2,-0.128850709792112,H1,1594.01687157751,AX,196.458451488319,L1,2.49666849409955,L2,0.4259290283...
GetData ===>> H2,-0.133276086201699,H1,1593.94212215668,AX,196.586101483097,L1,2.49595258062892,L2,0.4427397570...
06:09:18 -- collecting point 100
GetData ===>> H2,-0.151806885552804,H1,1593.04311686853,AX,196.5801087416,L1,2.48605880196149,L2,0.396441340777...
GetData ===>> H2,-0.121331532217097,H1,1591.95936238834,AX,196.511986275871,L1,2.49532299170456,L2,0.5016394681...
GetData ===>> H2,-0.205404486370442,H1,1591.26152019614,AX,196.33851761971,L1,2.48658595684456,L2,0.39039868447...
GetData ===>> H2,-0.160394707113265,H1,1590.96718641223,AX,196.003050457369,L1,2.494245896151,L2,0.392865961256...
GetData ===>> H2,-0.104596634339117,H1,1590.67739641901,AX,195.986474367825,L1,2.49902418250703,L2,0.3429844831...
GetData ===>> H2,-0.106929458967768,H1,1590.28261366501,AX,196.16881175212,L1,2.462923607302,L2,0.3596430141121...
GetData ===>> H2,-0.083410586866628,H1,1589.73200201379,AX,196.145196368646,L1,2.4733592661512,L2,0.34961786234...
GetData ===>> H2,-0.0741459170850886,H1,1588.98670654875,AX,195.717894072982,L1,2.50920498910155,L2,0.410709918...
GetData ===>> H2,-0.190860075948069,H1,1588.00153647345,AX,195.837575336633,L1,2.49911318778776,L2,0.4689586235...
GetData ===>> H2,-0.134524315228272,H1,1587.99098536754,AX,195.805297911102,L1,2.49047903474538,L2,0.5339085920...
GetData ===>> H2,-0.0758864131544091,H1,1587.80697894884,AX,195.942666251501,L1,2.50768794619846,L2,0.441561981...
GetData ===>> H2,-0.0783543703851931,H1,1586.10443905402,AX,195.491017674385,L1,2.46473090276621,L2,0.392329094...
GetData ===>> H2,-0.033901711292346,H1,1585.05129235814,AX,195.257796522359,L1,2.48556402675846,L2,0.3983718727...
GetData ===>> H2,-0.0202570423602576,H1,1585.23723549048,AX,195.103273556344,L1,2.47674933180393,L2,0.286887431...
GetData ===>> H2,-0.114157914731309,H1,1584.83268498984,AX,195.316223858314,L1,2.51401886761471,L2,0.3984975299...
GetData ===>> H2,-0.141601326778711,H1,1583.84671440686,AX,195.306182592939,L1,2.51505372847166,L2,0.4349565191...
GetData ===>> H2,-0.188929373756805,H1,1583.57157406089,AX,195.390609182529,L1,2.49594179508485,L2,0.4664003696...
GetData ===>> H2,-0.108726110978118,H1,1583.63387439115,AX,195.153767634876,L1,2.48721695713414,L2,0.3699775541...
GetData ===>> H2,-0.0936825601053332,H1,1582.17873295068,AX,195.188538421981,L1,2.49932221809271,L2,0.321215155...
GetData ===>> H2,-0.160050327637598,H1,1581.86755190341,AX,194.976433043169,L1,2.4855168422426,L2,0.43014556063...
GetData ===>> H2,-0.100278833294474,H1,1580.9435799074,AX,195.105898554549,L1,2.48704706897876,L2,0.40618578374...
measurement finished
estimated time: 125.829 actual time: :126.416
flush and close file /Users/jan/PychronDev/data/isotopes/cf/8363d7-a4e9-48e5-b3b5-1f9b7e4533c4.h5
baselines () {'settling_time': 15.0, 'detector': 'H1', 'mass': 34.2, 'ncounts': 60}
%%%%%%%%%%%%%%%%%%%%%%%%%%%%%%%% Baseline
build tables- baseline [Detector(H2), Detector(H1), Detector(AX), Detector(L1), Detector(L2), Detector(CDD)]
add group baseline table H2
add group baseline table H1
add group baseline table AX
add group baseline table L1
add group baseline table L2
add group baseline table CDD
flush and close file /Users/jan/PychronDev/data/isotopes/cf/8363d7-a4e9-48e5-b3b5-1f9b7e4533c4.h5
detector Detector(H1)
POSITION 34.2 H1
Mapping mass to dac mass func: "parabolic"
H1 map mass coeffs = [-0.00063987  0.15840543  0.57074999]
H1 map mass to dac 34.2 >> 5.23979599104
GetDeflection H1 ===>> 0
GetHighVoltage ===>> 4500
positioning 34.2 (5.23979599104) on H1
setting magnet DAC
current  : 5.879140
requested: 5.239796
Delta Dac: 0.639344
Checking detector protection. dv=0.63934
Checking detector "CDD". Protection Threshold: 0.1 (V)
ProtectDetector CDD,On ===>> OK
GetDeflection CDD ===>> 2000
Protected = 2000
SetMagnetDAC 5.23979599104 ===>> OK
Magnet settling time: 0.500
GetMagnetMoving ===>> True
GetMagnetMoving ===>> True
GetMagnetMoving ===>> True
GetMagnetMoving ===>> True
GetMagnetMoving ===>> True
GetMagnetMoving ===>> True
GetMagnetMoving ===>> True
GetMagnetMoving ===>> True
GetMagnetMoving ===>> False
ProtectDetector CDD,Off ===>> OK
GetDeflection CDD ===>> 50
Delaying 15.0s for detectors to settle
Join finished
measuring baseline. ncounts=60
"baseline" increment series count="2" fit count="1" regressing="True"
starting measurement
GetData ===>> H2,-0.0494276938317641,H1,-0.193565093252501,AX,-0.0772417343647752,L1,-0.0782195234756542,L2,-0....
GetData ===>> H2,-0.17378918655338,H1,-0.102917183211892,AX,-0.168760351125042,L1,-0.0333544036080475,L2,-0.020...
GetData ===>> H2,-0.230216515364269,H1,-0.175354446675135,AX,-0.162674520680764,L1,-0.00851393216034838,L2,-0.0...
GetData ===>> H2,-0.23321235439735,H1,-0.0491005182835956,AX,-0.130386187758828,L1,-0.0430012830021784,L2,-0.02...
GetData ===>> H2,-0.247042543426398,H1,-0.0434370599050159,AX,0.0551385956920701,L1,-0.0759405569267806,L2,0.04...
GetData ===>> H2,-0.217180890210211,H1,4.51284268400354E-05,AX,-0.0830025774318676,L1,-0.0795966961262936,L2,0....
GetData ===>> H2,-0.229723861999388,H1,-0.0863878790231752,AX,-0.0985910761799859,L1,-0.057325487851708,L2,-0.1...
GetData ===>> H2,-0.321289681323031,H1,-0.0111074807014109,AX,-0.141713165526829,L1,-0.0832108749275898,L2,-0.0...
GetData ===>> H2,-0.187319304606326,H1,-0.0899871381671467,AX,-0.16758958285183,L1,-0.101184142071747,L2,0.0533...
GetData ===>> H2,-0.163585459192718,H1,-0.054978252992499,AX,-0.108105207434649,L1,-0.0264672134253205,L2,-0.00...
GetData ===>> H2,-0.186163527510432,H1,-0.00537030435598924,AX,-0.0673999880564296,L1,0.00338982549537753,L2,-0...
GetData ===>> H2,-0.245572038406116,H1,-0.013325926426355,AX,-0.106934822475151,L1,-0.0233166983080169,L2,-0.06...
GetData ===>> H2,-0.244923502322602,H1,-0.0339098037299699,AX,-0.00618261476225812,L1,-0.0893832795698139,L2,-0...
GetData ===>> H2,-0.201854110964859,H1,-0.00158907488667632,AX,-0.0382166628616691,L1,-0.0517719166406112,L2,-0...
GetData ===>> H2,-0.263312209876417,H1,-0.143442065812826,AX,-0.0584499741211513,L1,-0.0454544325442168,L2,-0.1...
GetData ===>> H2,-0.204959739576821,H1,-0.0575891440849795,AX,-0.0301453547280558,L1,-0.0167656455841294,L2,-0....
GetData ===>> H2,-0.216584793524732,H1,-0.0226524022830297,AX,-0.117201283832744,L1,0.00440555391698454,L2,0.08...
GetData ===>> H2,-0.127473265209116,H1,0.0640744071632283,AX,-0.118255678444693,L1,-0.0310911345519326,L2,-0.07...
GetData ===>> H2,-0.210792619179691,H1,0.0236903836196902,AX,-0.136831582040677,L1,-0.0493705679667019,L2,-0.05...
GetData ===>> H2,-0.222152335988078,H1,0.00154814188835246,AX,-0.0841384780605217,L1,-0.0497056186834844,L2,0.0...
GetData ===>> H2,-0.202098116992766,H1,-0.00489318548366742,AX,-0.153388548440301,L1,-0.0231980403808387,L2,-0....
GetData ===>> H2,-0.226772876332755,H1,0.0113898591262763,AX,-0.033670836017966,L1,-0.0232304017725242,L2,-0.09...
GetData ===>> H2,-0.338191332799913,H1,0.0381880923117307,AX,-0.0684781077559805,L1,-0.0727985056481243,L2,-0.0...
GetData ===>> H2,-0.246707559586633,H1,0.0155415645676672,AX,0.0462869201351518,L1,-0.0872119629156511,L2,0.063...
06:10:24 -- collecting point 25
GetData ===>> H2,-0.237136966253827,H1,0.00331361509446921,AX,-0.176572839966041,L1,-0.0598589165044052,L2,0.02...
GetData ===>> H2,-0.25077646938418,H1,0.0731365433804811,AX,-0.035955372477609,L1,-0.0355615500499411,L2,0.0790...
GetData ===>> H2,-0.197775330479177,H1,0.0634298533529478,AX,-0.0906059044443764,L1,-0.0232867343170997,L2,0.02...
GetData ===>> H2,-0.25188188339645,H1,-0.0165103835354728,AX,-0.00317815711921982,L1,0.00742498399809713,L2,0.0...
GetData ===>> H2,-0.273139947155584,H1,0.00937371945701777,AX,-0.11009830585131,L1,0.00336581424249855,L2,-0.05...
GetData ===>> H2,-0.282356414932601,H1,-0.0112267532276221,AX,-0.179296631403602,L1,-0.0307258502646774,L2,0.01...
GetData ===>> H2,-0.248382379395712,H1,0.0573903470097338,AX,0.031002626261587,L1,-0.0608687589879635,L2,-0.006...
GetData ===>> H2,-0.210783189832011,H1,0.0138474570696047,AX,-0.0172716246929553,L1,-0.0341482233257685,L2,-0.0...
GetData ===>> H2,-0.220459056515636,H1,0.0181662947733809,AX,-0.0380311230652328,L1,0.0294010789680193,L2,-0.04...
GetData ===>> H2,-0.274559906104762,H1,0.0284511280489454,AX,-0.0439914121870149,L1,0.0237191702391642,L2,-0.02...
GetData ===>> H2,-0.297372511833772,H1,0.0233324420614302,AX,-0.0218762084267117,L1,-0.00180727575503675,L2,0.0...
GetData ===>> H2,-0.129492739198869,H1,0.000319486343225606,AX,-0.0129800029217829,L1,-0.00908231111719947,L2,-...
GetData ===>> H2,-0.143655334215453,H1,0.00540120804892759,AX,-0.0734396229298973,L1,0.0104827136022824,L2,-0.0...
GetData ===>> H2,-0.140718800133191,H1,0.0515660298250122,AX,-0.0660552198612909,L1,-0.0192227902908945,L2,-0.0...
GetData ===>> H2,-0.218148405210554,H1,0.0709021578295889,AX,-0.0591456005624551,L1,-0.0132314642906831,L2,-0.0...
GetData ===>> H2,-0.18052185761498,H1,0.00653449102763233,AX,-0.129911191495819,L1,-0.0143460853568936,L2,-0.04...
GetData ===>> H2,-0.188578791939716,H1,0.0372095800632579,AX,-0.0815768874676804,L1,-0.00464474504332704,L2,-0....
GetData ===>> H2,-0.187371898423014,H1,0.0205882659651603,AX,-0.10513865975647,L1,-0.00449239385835087,L2,0.023...
GetData ===>> H2,-0.199334204995514,H1,0.0248119421229155,AX,-0.113829461719186,L1,-0.0355974982404272,L2,-0.08...
GetData ===>> H2,-0.191264510940133,H1,-0.021579066961208,AX,-0.01404712655179,L1,-0.0189002418212098,L2,0.0111...
GetData ===>> H2,-0.198673462612078,H1,0.0238812863073481,AX,-0.0443508732056911,L1,0.00375960601838535,L2,0.01...
GetData ===>> H2,-0.152043172870485,H1,0.0902636611216813,AX,-0.0813218838082643,L1,-0.0112116481649107,L2,-0.0...
GetData ===>> H2,-0.138930560901461,H1,0.0572351866266143,AX,-0.169363117413305,L1,-0.00240243072017164,L2,0.00...
GetData ===>> H2,-0.322348468810507,H1,0.0154461211296699,AX,-0.0358510039606004,L1,0.0171137817702949,L2,-0.15...
GetData ===>> H2,-0.249973564331673,H1,0.0501458071374252,AX,-0.042020150737568,L1,-0.032977227477995,L2,-0.040...
06:10:50 -- collecting point 50
GetData ===>> H2,-0.146842363198474,H1,-0.0275061194101365,AX,-0.0759318773832868,L1,-0.0160424184247472,L2,0.0...
GetData ===>> H2,-0.146842363198474,H1,-0.0275061194101365,AX,-0.0759318773832868,L1,-0.0160424184247472,L2,0.0...
GetData ===>> H2,-0.336844984529377,H1,0.0132390170078046,AX,-0.0748190646782163,L1,-0.0176447223657641,L2,0.01...
GetData ===>> H2,-0.194464430216985,H1,-0.0453090173976765,AX,-0.150385778463394,L1,-0.0183414530831351,L2,0.04...
GetData ===>> H2,-0.130677760706365,H1,0.0247642159731722,AX,-0.0659276977746172,L1,-0.00602059974321994,L2,-0....
GetData ===>> H2,-0.130677760706365,H1,0.0247642159731722,AX,-0.0659276977746172,L1,-0.00602059974321994,L2,-0....
GetData ===>> H2,-0.221827709380578,H1,0.000605773666318044,AX,-0.0468438727666528,L1,0.0140528389175016,L2,-0....
GetData ===>> H2,-0.210369637849108,H1,0.0558864949635531,AX,-0.00740061171271188,L1,-0.0328706576901111,L2,0.0...
GetData ===>> H2,-0.12510323671756,H1,-0.0785691746527427,AX,-0.0442465136918979,L1,-0.0377984808562839,L2,-0.0...
GetData ===>> H2,-0.200700066395672,H1,-0.0264924632886963,AX,-0.14340600900317,L1,-0.000944478577339532,L2,-0....
GetData ===>> H2,-0.159824787172719,H1,0.102430942056286,AX,-0.0577427488081338,L1,0.019794821737695,L2,-0.0510...
measurement finished
estimated time: 62.915 actual time: :63.217
flush and close file /Users/jan/PychronDev/data/isotopes/cf/8363d7-a4e9-48e5-b3b5-1f9b7e4533c4.h5
activate_detectors ('H1', 'AX', 'CDD') {'peak_center': True}
peak_center () {'detector': 'H1', 'integration_time': 0.262144, 'isotope': 'Ar40'}
peak center: mean=1583.72676795 threshold=3
peak center started
setup peak center. detector=['H1', 'AX', 'CDD'], isotope=Ar40
VersionedUnpickler [<apptools.sweet_pickle.versioned_unpickler.VersionedUnpickler object at 0x1d75aaad0>] using Updater [<apptools.sweet_pickle.updater.Updater object at 0x134a15590>]
VersionedUnpickler [<apptools.sweet_pickle.versioned_unpickler.VersionedUnpickler object at 0x1d75aaad0>] using Updater [<apptools.sweet_pickle.updater.Updater object at 0x134a15590>]
VersionedUnpickler [<apptools.sweet_pickle.versioned_unpickler.VersionedUnpickler object at 0x1caa60e90>] using Updater [<apptools.sweet_pickle.updater.Updater object at 0x134a15590>]
setting integration time = 0.524288
SetIntegrationTime 0.524288 ===>> OK
Mapping mass to dac mass func: "parabolic"
H1 map mass coeffs = [-0.00063987  0.15840543  0.57074999]
H1 map mass to dac 39.9624 >> 5.87914
GetDeflection H1 ===>> 0
GetHighVoltage ===>> 4500
do peak center. <pychron.spectrometer.jobs.peak_center.PeakCenter object at 0x134a156b0>
doing pc
starting peak center. center dac= 5.87914 step_width=0.001
width = 0.001
get scan parameters. half-width=0.015,window=0.015, i=0, scalar=1
Scan parameters center=5.87914 width=0.03000 (5.86414 - 5.89414)
GetData ===>> H2,-0.173204937172071,H1,0.0375795043011664,AX,-0.0269560757806849,L1,-0.00490505630010952,L2,0.0...
Moving to starting dac 5.86414
setting magnet DAC
current  : 5.239796
requested: 5.864140
Delta Dac: 0.624344
Checking detector protection. dv=0.62434
Checking detector "CDD". Protection Threshold: 0.1 (V)
ProtectDetector CDD,On ===>> OK
GetDeflection CDD ===>> 2000
Protected = 2000
SetMagnetDAC 5.86414 ===>> OK
Magnet settling time: 0.500
GetMagnetMoving ===>> True
GetMagnetMoving ===>> True
GetMagnetMoving ===>> True
GetMagnetMoving ===>> True
GetMagnetMoving ===>> True
GetMagnetMoving ===>> True
GetMagnetMoving ===>> True
GetMagnetMoving ===>> True
GetMagnetMoving ===>> False
ProtectDetector CDD,Off ===>> OK
GetDeflection CDD ===>> 50
Wait until signal near baseline. tol= 0.0281846282259. timeout= 10
GetData ===>> H2,5.04667753202367,H1,1.69613324859095,AX,0.0316640836103941,L1,0.0508048104839621,L2,0.00876822...
GetData ===>> H2,96.8475968346472,H1,36.9741387721329,AX,2.15954247217577,L1,0.0633972824630776,L2,-0.179310545...
GetData ===>> H2,116.875606404639,H1,49.0712912081368,AX,4.60504040006101,L1,0.0445946848493878,L2,-0.124044169...
GetData ===>> H2,63.9268258697858,H1,23.6690880695558,AX,2.08583810762764,L1,0.0227648181122347,L2,0.0382216880...
GetData ===>> H2,26.8014219183634,H1,11.9251466958926,AX,0.81641752645411,L1,0.0390642473509799,L2,-0.009541650...
GetData ===>> H2,9.14084592083968,H1,6.49410511844393,AX,0.367035030289745,L1,0.0449215256474067,L2,-0.07594247...
GetData ===>> H2,2.63608542240278,H1,3.7702961107797,AX,0.197146426754279,L1,0.00821301160812549,L2,-0.11754952...
GetData ===>> H2,0.848795354321384,H1,2.48946923195528,AX,0.0994582328805898,L1,-0.00233883721096328,L2,-0.0378...
GetData ===>> H2,0.596377320621699,H1,1.93028154745989,AX,0.108429771438147,L1,-0.0171967962170632,L2,0.0456491...
GetData ===>> H2,0.526699069143515,H1,1.46713723920453,AX,0.0735219214032559,L1,-0.0475096364956102,L2,-0.09646...
GetData ===>> H2,0.525054684712175,H1,1.35190681939117,AX,0.182621517161117,L1,-0.0612855189459873,L2,-0.102266...
GetData ===>> H2,0.499961372065531,H1,1.18617479619123,AX,-0.0144414953672743,L1,-0.0766137787843589,L2,-0.0457...
GetData ===>> H2,0.463050245383995,H1,1.06936931785693,AX,0.0114046399591325,L1,-0.0632239636533461,L2,-0.08504...
GetData ===>> H2,0.438918922358057,H1,1.1610462193677,AX,-0.224297182665416,L1,-0.0429414133993191,L2,-0.195160...
GetData ===>> H2,0.374606231875123,H1,1.22976100920502,AX,0.0421551659386314,L1,-0.0372905124056787,L2,-0.06014...
GetData ===>> H2,0.271759959080873,H1,1.24586915776634,AX,0.0275097418044753,L1,-0.0115353255008512,L2,-0.00769...
GetData ===>> H2,0.265774558487359,H1,1.12997417957386,AX,0.034959832819172,L1,0.00814108455507318,L2,-0.061582...
GetData ===>> H2,0.25827173651923,H1,1.11709229297261,AX,0.0662220607768688,L1,-0.0122449815980487,L2,-0.141201...
GetData ===>> H2,0.151887277282961,H1,1.04443766853748,AX,0.0617960625788948,L1,-0.0263845103021369,L2,0,CDD,0....
GetData ===>> H2,0.10718737282993,H1,1.09075792356006,AX,0.103051385542956,L1,-0.0137456435414083,L2,-0.0139364...
GetData ===>> H2,0.167634115302313,H1,1.12239357741528,AX,0.0289254473121106,L1,-0.0255178321980041,L2,0.010635...
Peak center failed to move to a baseline position
_do_sweep sm= 5.86414, em= 5.89414, stm= 0.001
calculated step values: start=5.86414, end=5.89414, width=0.001, nsteps=31.0
setting magnet DAC
current  : 5.864140
requested: 5.864140
Delta Dac: 0.000000
Checking detector protection. dv=0.00000
Checking detector "CDD". Protection Threshold: 0.1 (V)
SetMagnetDAC 5.86414 ===>> OK
GetData ===>> H2,0.167634115302313,H1,1.12239357741528,AX,0.0289254473121106,L1,-0.0255178321980041,L2,0.010635...
setting magnet DAC
current  : 5.864140
requested: 5.865174
Delta Dac: 0.001034
Checking detector protection. dv=0.00103
Checking detector "CDD". Protection Threshold: 0.1 (V)
SetMagnetDAC 5.86517448276 ===>> OK
Magnet settling time: 1.049
GetData ===>> H2,0.0039199080170391,H1,2.23633655994047,AX,0.169049876518176,L1,-0.0452305730619078,L2,0.105955...
setting magnet DAC
current  : 5.865174
requested: 5.866209
Delta Dac: 0.001034
Checking detector protection. dv=0.00103
Checking detector "CDD". Protection Threshold: 0.1 (V)
SetMagnetDAC 5.86620896552 ===>> OK
Magnet settling time: 1.049
GetData ===>> H2,0.0846476025669976,H1,7.09690339533229,AX,0.63786650195202,L1,0.00171037638648609,L2,0.0061718...
setting magnet DAC
current  : 5.866209
requested: 5.867243
Delta Dac: 0.001034
Checking detector protection. dv=0.00103
Checking detector "CDD". Protection Threshold: 0.1 (V)
SetMagnetDAC 5.86724344828 ===>> OK
Magnet settling time: 1.049
GetData ===>> H2,0.0319945469742211,H1,24.9779473729894,AX,2.11112673627787,L1,-0.0181552397051967,L2,-0.014095...
setting magnet DAC
current  : 5.867243
requested: 5.868278
Delta Dac: 0.001034
Checking detector protection. dv=0.00103
Checking detector "CDD". Protection Threshold: 0.1 (V)
SetMagnetDAC 5.86827793103 ===>> OK
Magnet settling time: 1.049
GetData ===>> H2,-0.0582356856101693,H1,85.7293794939312,AX,6.97821177017502,L1,-0.00579630147390022,L2,-0.0309...
setting magnet DAC
current  : 5.868278
requested: 5.869312
Delta Dac: 0.001034
Checking detector protection. dv=0.00103
Checking detector "CDD". Protection Threshold: 0.1 (V)
SetMagnetDAC 5.86931241379 ===>> OK
Magnet settling time: 1.049
GetData ===>> H2,0.0157208952141068,H1,237.586703158426,AX,19.9947483366064,L1,0.0986665981770131,L2,-0.0276203...
setting magnet DAC
current  : 5.869312
requested: 5.870347
Delta Dac: 0.001034
Checking detector protection. dv=0.00103
Checking detector "CDD". Protection Threshold: 0.1 (V)
SetMagnetDAC 5.87034689655 ===>> OK
Magnet settling time: 1.049
GetData ===>> H2,-0.166014041448362,H1,714.345378486469,AX,67.8361142184498,L1,0.487896502680656,L2,0.042072037...
setting magnet DAC
current  : 5.870347
requested: 5.871381
Delta Dac: 0.001034
Checking detector protection. dv=0.00103
Checking detector "CDD". Protection Threshold: 0.1 (V)
SetMagnetDAC 5.87138137931 ===>> OK
Magnet settling time: 1.049
GetData ===>> H2,-0.0869006657915187,H1,1099.87787024058,AX,115.876431969791,L1,0.889126611927234,L2,0.16497726...
setting magnet DAC
current  : 5.871381
requested: 5.872416
Delta Dac: 0.001034
Checking detector protection. dv=0.00103
Checking detector "CDD". Protection Threshold: 0.1 (V)
SetMagnetDAC 5.87241586207 ===>> OK
Magnet settling time: 1.049
GetData ===>> H2,-0.0490399199070335,H1,1349.23527456571,AX,153.892349104834,L1,1.30490300703259,L2,0.202237929...
setting magnet DAC
current  : 5.872416
requested: 5.873450
Delta Dac: 0.001034
Checking detector protection. dv=0.00103
Checking detector "CDD". Protection Threshold: 0.1 (V)
SetMagnetDAC 5.87345034483 ===>> OK
Magnet settling time: 1.049
GetData ===>> H2,-0.11565606252676,H1,1460.26032428899,AX,174.806198946563,L1,1.72160793621196,L2,0.26843428701...
setting magnet DAC
current  : 5.873450
requested: 5.874485
Delta Dac: 0.001034
Checking detector protection. dv=0.00103
Checking detector "CDD". Protection Threshold: 0.1 (V)
SetMagnetDAC 5.87448482759 ===>> OK
Magnet settling time: 1.049
GetData ===>> H2,0.0220258626721443,H1,1496.92077871485,AX,182.969799400596,L1,1.94027968567241,L2,0.3290630126...
setting magnet DAC
current  : 5.874485
requested: 5.875519
Delta Dac: 0.001034
Checking detector protection. dv=0.00103
Checking detector "CDD". Protection Threshold: 0.1 (V)
SetMagnetDAC 5.87551931034 ===>> OK
Magnet settling time: 1.049
GetData ===>> H2,-0.0599428080268344,H1,1506.88242793955,AX,185.718638007462,L1,2.1034062587125,L2,0.5083460728...
setting magnet DAC
current  : 5.875519
requested: 5.876554
Delta Dac: 0.001034
Checking detector protection. dv=0.00103
Checking detector "CDD". Protection Threshold: 0.1 (V)
SetMagnetDAC 5.8765537931 ===>> OK
Magnet settling time: 1.049
GetData ===>> H2,-0.0378333912906287,H1,1509.52632148133,AX,186.201997937696,L1,2.23338075522566,L2,0.424655658...
setting magnet DAC
current  : 5.876554
requested: 5.877588
Delta Dac: 0.001034
Checking detector protection. dv=0.00103
Checking detector "CDD". Protection Threshold: 0.1 (V)
SetMagnetDAC 5.87758827586 ===>> OK
Magnet settling time: 1.049
GetData ===>> H2,-0.110637098490114,H1,1510.24317057096,AX,186.337361121515,L1,2.26668757818623,L2,0.3975815560...
setting magnet DAC
current  : 5.877588
requested: 5.878623
Delta Dac: 0.001034
Checking detector protection. dv=0.00103
Checking detector "CDD". Protection Threshold: 0.1 (V)
SetMagnetDAC 5.87862275862 ===>> OK
Magnet settling time: 1.049
GetData ===>> H2,-0.175933556791468,H1,1510.57486586593,AX,186.027119039788,L1,2.30289841767858,L2,0.3943861294...
setting magnet DAC
current  : 5.878623
requested: 5.879657
Delta Dac: 0.001034
Checking detector protection. dv=0.00103
Checking detector "CDD". Protection Threshold: 0.1 (V)
SetMagnetDAC 5.87965724138 ===>> OK
Magnet settling time: 1.049
GetData ===>> H2,-0.161915253718244,H1,1508.95985576937,AX,185.993105744481,L1,2.31579874704965,L2,0.4466675626...
setting magnet DAC
current  : 5.879657
requested: 5.880692
Delta Dac: 0.001034
Checking detector protection. dv=0.00103
Checking detector "CDD". Protection Threshold: 0.1 (V)
SetMagnetDAC 5.88069172414 ===>> OK
Magnet settling time: 1.049
GetData ===>> H2,-0.0621833563605733,H1,1509.03666285941,AX,185.861830416377,L1,2.33830422178698,L2,0.369625184...
setting magnet DAC
current  : 5.880692
requested: 5.881726
Delta Dac: 0.001034
Checking detector protection. dv=0.00103
Checking detector "CDD". Protection Threshold: 0.1 (V)
SetMagnetDAC 5.8817262069 ===>> OK
Magnet settling time: 1.049
GetData ===>> H2,-0.118440711815687,H1,1507.91310813743,AX,186.057645478047,L1,2.34804113456304,L2,0.4616266678...
setting magnet DAC
current  : 5.881726
requested: 5.882761
Delta Dac: 0.001034
Checking detector protection. dv=0.00103
Checking detector "CDD". Protection Threshold: 0.1 (V)
SetMagnetDAC 5.88276068966 ===>> OK
Magnet settling time: 1.049
GetData ===>> H2,-0.0175799931710927,H1,1506.8756018723,AX,185.465326656804,L1,2.36411021129504,L2,0.2784870178...
setting magnet DAC
current  : 5.882761
requested: 5.883795
Delta Dac: 0.001034
Checking detector protection. dv=0.00103
Checking detector "CDD". Protection Threshold: 0.1 (V)
SetMagnetDAC 5.88379517241 ===>> OK
Magnet settling time: 1.049
GetData ===>> H2,-0.068602750486289,H1,1500.60259125418,AX,183.910536511575,L1,2.38670341990181,L2,0.4267561617...
setting magnet DAC
current  : 5.883795
requested: 5.884830
Delta Dac: 0.001034
Checking detector protection. dv=0.00103
Checking detector "CDD". Protection Threshold: 0.1 (V)
SetMagnetDAC 5.88482965517 ===>> OK
Magnet settling time: 1.049
GetData ===>> H2,-0.386401672926499,H1,1465.49978426623,AX,175.750434793235,L1,2.22957664679295,L2,0.3818336991...
setting magnet DAC
current  : 5.884830
requested: 5.885864
Delta Dac: 0.001034
Checking detector protection. dv=0.00103
Checking detector "CDD". Protection Threshold: 0.1 (V)
SetMagnetDAC 5.88586413793 ===>> OK
Magnet settling time: 1.049
GetData ===>> H2,-0.351528212930434,H1,1358.62426909552,AX,153.756505666695,L1,2.00708048565924,L2,0.3433650360...
setting magnet DAC
current  : 5.885864
requested: 5.886899
Delta Dac: 0.001034
Checking detector protection. dv=0.00103
Checking detector "CDD". Protection Threshold: 0.1 (V)
SetMagnetDAC 5.88689862069 ===>> OK
Magnet settling time: 1.049
GetData ===>> H2,-0.300744118077595,H1,1101.79882228028,AX,110.942474307914,L1,1.59661482230837,L2,0.1752664220...
setting magnet DAC
current  : 5.886899
requested: 5.887933
Delta Dac: 0.001034
Checking detector protection. dv=0.00103
Checking detector "CDD". Protection Threshold: 0.1 (V)
SetMagnetDAC 5.88793310345 ===>> OK
Magnet settling time: 1.049
GetData ===>> H2,-0.320577638951792,H1,715.193012905254,AX,62.1345875692314,L1,1.14212414978297,L2,0.1612132160...
setting magnet DAC
current  : 5.887933
requested: 5.888968
Delta Dac: 0.001034
Checking detector protection. dv=0.00103
Checking detector "CDD". Protection Threshold: 0.1 (V)
SetMagnetDAC 5.88896758621 ===>> OK
Magnet settling time: 1.049
GetData ===>> H2,-0.312422221010598,H1,354.768986816864,AX,25.8706342969407,L1,0.67711705781586,L2,-0.057417708...
setting magnet DAC
current  : 5.888968
requested: 5.890002
Delta Dac: 0.001034
Checking detector protection. dv=0.00103
Checking detector "CDD". Protection Threshold: 0.1 (V)
SetMagnetDAC 5.89000206897 ===>> OK
Magnet settling time: 1.049
GetData ===>> H2,-0.282958356771362,H1,133.745543002815,AX,8.04714824830328,L1,0.381455810277499,L2,-0.05006597...
setting magnet DAC
current  : 5.890002
requested: 5.891037
Delta Dac: 0.001034
Checking detector protection. dv=0.00103
Checking detector "CDD". Protection Threshold: 0.1 (V)
SetMagnetDAC 5.89103655172 ===>> OK
Magnet settling time: 1.049
GetData ===>> H2,-0.219955574311892,H1,40.3165006087955,AX,1.6959571262369,L1,0.2341093915941,L2,0.046970634458...
setting magnet DAC
current  : 5.891037
requested: 5.892071
Delta Dac: 0.001034
Checking detector protection. dv=0.00103
Checking detector "CDD". Protection Threshold: 0.1 (V)
SetMagnetDAC 5.89207103448 ===>> OK
Magnet settling time: 1.049
GetData ===>> H2,-0.254800893135165,H1,10.2546291797536,AX,0.153740551304212,L1,0.13615638395456,L2,-0.14869701...
setting magnet DAC
current  : 5.892071
requested: 5.893106
Delta Dac: 0.001034
Checking detector protection. dv=0.00103
Checking detector "CDD". Protection Threshold: 0.1 (V)
SetMagnetDAC 5.89310551724 ===>> OK
Magnet settling time: 1.049
GetData ===>> H2,-0.205792614735831,H1,2.18517214173828,AX,-0.0834082577501346,L1,0.0200424047844715,L2,-0.0249...
setting magnet DAC
current  : 5.893106
requested: 5.894140
Delta Dac: 0.001034
Checking detector protection. dv=0.00103
Checking detector "CDD". Protection Threshold: 0.1 (V)
SetMagnetDAC 5.89414 ===>> OK
Magnet settling time: 1.049
GetData ===>> H2,-0.184801412170387,H1,0.397836851700872,AX,-0.258272698815285,L1,0.00799483446420227,L2,-0.042...
result of _do_sweep=True
result of _calculate_peak_center=([5.871444609218436, 5.8791399999999987, 5.8868353907815614], [1115.1191544728813, 1510.5651563863905, 1117.4965700315161], 5.8786289779559109, 1510.5651563863905)
Failed to find a valid peak. No peak greater than 1.0. max = 0.0258650349032
new center pos Detector(H1) (Ar40) @ 5.87914
GetHighVoltage ===>> 4500
GetDeflection H1 ===>> 0
dac uncorrected for HV and deflection 5.87914
update mftable H1 Ar40 5.87914 message=automated run peakcenter
get initial guess parabolic
get initial guess parabolic
get initial guess parabolic
get initial guess parabolic
get initial guess parabolic
get initial guess parabolic
dump mftable to /Users/jan/PychronDev/setupfiles/spectrometer/mftables/mftable.csv
add to repo msg=modified - automated run peakcenter
sweep finished
locally archiving mftable
setting magnet DAC
current  : 5.894140
requested: 5.879140
Delta Dac: 0.015000
Checking detector protection. dv=0.01500
Checking detector "CDD". Protection Threshold: 0.1 (V)
SetMagnetDAC 5.87914 ===>> OK
Magnet settling time: 0.500
setting integration time = 1.048576
SetIntegrationTime 1.048576 ===>> OK
Failed to find a valid peak. No peak greater than 1.0. max = 0.0258650349032
flush and close file /Users/jan/PychronDev/data/isotopes/cf/8363d7-a4e9-48e5-b3b5-1f9b7e4533c4.h5
finished measure script
executed snippet estimated_duration=226.132928, duration=274.798202038
jan_unknown120_60.py completed successfully
Measurement Finished
06:11:48 -- ******* Measurement Finished *******
Post Measurement Started jan_pump_ms.py
06:11:48 -- ******* Post Measurement Started jan_pump_ms.py *******
testing...
no interpolation path defined
executed snippet estimated_duration=0, duration=2.69412994385e-05
Pumping spectrometer
open () {'name': 'O'}
opening name=O desc=---
checking ownership. requestor=129.138.12.150
check software interlocks O
interlocks []
actuate state mode=None-script, software_lock=False
doing actuation None-script open_channel True
Open O ===>> OK
GetIndicatorState O ===>> OK
change switch state (True, True)
update switch state O True args=() kw={} ncanvase=2
06:11:48 -- OPEN   VALVE-O (Jan Ion Pump)
---------------------------------------- open O () result=[(True, True)], time=0.11 sec
action=open, ok=True, locked=[False]
executed snippet estimated_duration=0, duration=0.364066839218
jan_pump_ms.py completed successfully
setting _ms_pumptime
Post Measurement Finished
06:11:48 -- ******* Post Measurement Finished *******
$$$$$$$$$$$$$$$$$$$$ state at run end measurement
state changed from measurement to success
post measurement save measured=True aborted=False
Set filtering
setting fod for Ar40= {'filter_outliers': True, 'std_devs': 2, 'iterations': 1}
setting fod for H1= {'filter_outliers': True, 'std_devs': 2, 'iterations': 1}
setting fod for PM41= {'filter_outliers': False, 'std_devs': 2, 'iterations': 1}
setting fod for H2= {'filter_outliers': True, 'std_devs': 2, 'iterations': 1}
setting fod for Ar36= {'filter_outliers': True, 'std_devs': 2, 'iterations': 1}
setting fod for CDD= {'filter_outliers': True, 'std_devs': 10, 'iterations': 1}
setting fod for Ar37= {'filter_outliers': True, 'std_devs': 2, 'iterations': 1}
setting fod for L2= {'filter_outliers': True, 'std_devs': 2, 'iterations': 1}
setting fod for Ar38= {'filter_outliers': True, 'std_devs': 2, 'iterations': 1}
setting fod for L1= {'filter_outliers': True, 'std_devs': 2, 'iterations': 1}
setting fod for Ar39= {'filter_outliers': True, 'std_devs': 2, 'iterations': 1}
setting fod for AX= {'filter_outliers': True, 'std_devs': 2, 'iterations': 1}
persistence save...
persistence save - db
post measurement save
7285288688 connecting to database sqlite:////Users/jan/PychronDev/.appdata/local_lab.db
connected to db sqlite:////Users/jan/PychronDev/.appdata/local_lab.db
create new session 7285288688
close session 7285288688
No database instance. Not saving post measurement to isotopedb database
$$$$$$$$$$$$$$$ auto_save_detector_ic=False
massspec enabled True
create new session 4979675504
MassSpec Database Version: 16.0
close session 4979675504
saving post measurement to secondary database
saving to massspec database 129.138.12.160/massspecdata
setting labnumber to 25351
setting aliquot to 5
setting step to 
setting uuid to cf8363d7-a4e9-48e5-b3b5-1f9b7e4533c4
setting irradpos to 25351
setting extract_device to Fusions CO2
setting tray to 
setting position to 221
setting power_requested to 5.0
setting extract_value to 5.0
setting duration to 30.0
setting duration_at_request to 30.0
setting first_stage_delay to 30.0
setting cleanup to 30.0
setting comment to Q:16
setting irradiation to NM-288
setting level to Q
setting irradiation_level to Q
setting sample to FC-2
setting material to Sanidine
setting project to Irradiation-NM-288
setting mass_spectrometer to Jan
no attribute chron_dosages
no attribute production_ratios
no attribute interference_corrections
no attribute production_name
no attribute j
Reference Isotope=Ar40
Reference Detector=H1
%%%%%%%%%%%%%%%%%%%% Comment: Q:16 %%%%%%%%%%%%%%%%%%%
adding isotope PM41 H2
add baseline dbdet= PM41. original det= H2
get baseline data PM41 H2
Get data baseline <pychron.processing.isotope.Baseline object at 0x1a2946210> len t=60
baseline PM41. v=-0.207995376063, e=0.00643197559215
get signal data PM41 H2
Get data signal PM41 0.11+/-0.07 len t=120
adding isotope Ar40 H1
add baseline dbdet= Ar40. original det= H1
get baseline data Ar40 H1
Get data baseline <pychron.processing.isotope.Baseline object at 0x1a66aed10> len t=60
baseline Ar40. v=0.00506965630038, e=0.00586328017881
get signal data Ar40 H1
Get data signal Ar40 1664.28+/-0.09 len t=120
adding isotope Ar39 AX
add baseline dbdet= Ar39. original det= AX
get baseline data Ar39 AX
Get data baseline <pychron.processing.isotope.Baseline object at 0x1d8426050> len t=60
baseline Ar39. v=-0.0807039282786, e=0.0067221989053
get signal data Ar39 AX
Get data signal Ar39 204.606+/-0.026 len t=120
adding isotope Ar38 L1
add baseline dbdet= Ar38. original det= L1
get baseline data Ar38 L1
Get data baseline <pychron.processing.isotope.Baseline object at 0x1d8426a90> len t=60
baseline Ar38. v=-0.0239090807257, e=0.00371560993762
get signal data Ar38 L1
Get data signal Ar38 2.634+/-0.005 len t=120
adding isotope Ar37 L2
add baseline dbdet= Ar37. original det= L2
get baseline data Ar37 L2
Get data baseline <pychron.processing.isotope.Baseline object at 0x1d8426d90> len t=60
baseline Ar37. v=-0.0235089724045, e=0.00671740382179
get signal data Ar37 L2
Get data signal Ar37 0.480+/-0.012 len t=120
adding isotope Ar36 CDD
add baseline dbdet= Ar36. original det= CDD
get baseline data Ar36 CDD
Get data baseline <pychron.processing.isotope.Baseline object at 0x1d8426910> len t=60
baseline Ar36. v=0.000310136281003, e=3.43592634343e-05
get signal data Ar36 CDD
Get data signal Ar36 0.01625+/-0.00033 len t=120
25351-05 added analysis time 0.604212999344s
analysis added to mass spec database
mass spec save time= 0.613
persistence save - dvc
================= post measurement started
create new session 4982376208
close session 4982376208
---------------- Experiment Queue saving disabled
DVC saving peakcenter
Failed to find a valid peak. No peak greater than 1.0. max = 0.0258650349032
Smart pull ahead: 0 behind: 0
Up-to-date with origin
add to repo msg=modified - ad8224ebc6dbfeb9f5997218dfa5fe690569839d.json
add to repo msg=modified - 51-05.json
add to repo msg=modified - 51-05.dat.json
add to repo msg=modified - 51-05.blan.json
add to repo msg=modified - 51-05.inte.json
add to repo msg=modified - 51-05.icfa.json
add to repo msg=modified - 51-05.base.json
not at valid file /Users/jan/PychronDev/data/.dvc/repositories/Load1788/253/tags/51-05.tags.json
add to repo msg=modified - 51-05.peak.json
add to repo msg=modified - 51-05.extr.json
not at valid file /Users/jan/PychronDev/data/.dvc/repositories/Load1788/253/monitor/51-05.moni.json
commit message=<COLLECTION>
add to repo msg=modified - 51-05.inte.json
add to repo msg=modified - 51-05.base.json
commit message=<ISOEVO> default collection fits
add to repo msg=modified - 51-05.blan.json
commit message=<BLANKS> preceding ba-01-J-2295
add to repo msg=modified - 51-05.icfa.json
commit message=<ICFactor> default
push repository <pychron.git_archive.repo_manager.GitRepoManager object at 0x1ddc79770>
pushing to remote=origin, url=https://github.com
no changes to meta repo
create new session 4982376208
add association Load1788
get identifier "25351"
setting analysis irradiation position=<pychron.dvc.dvc_orm.IrradiationPositionTbl object at 0x19f82a750>
close session 4982376208
================= post measurement finished
06:12:03 -- ******* Post Run Check *******
loading queue conditionals post_run_actions
loading system conditionals post_run_actions
loading conditionals from /Users/jan/PychronDev/setupfiles/spectrometer/default_conditionals.yaml
loading queue conditionals post_run_terminations
loading system conditionals post_run_terminations
loading conditionals from /Users/jan/PychronDev/setupfiles/spectrometer/default_conditionals.yaml
Checking default post run terminations n=1
GetDeflection CDD ===>> 50
testing CDD==2000
evaluate ot="CDD.deflection==2000" t="CDD==2000", ctx="{'CDD': 50.0}"
06:12:03 -- ******* Post Run Check Passed *******
06:12:03 -- Automated run 25351-05 success duration: 367.629 s
----------------- finish -----------------
----------------- stop -----------------
retroactive repository identifiers disabled
finish run. runs completed=136
update duration runid=25351-05, duration=367.628651857, md5=301e91d8
loading script "jan_unknown120_60.py"
loading script "jan_pump_ms.py"
loading script "jan_co2.py"
loading script "jan_pump_extraction_line.py"
testing...
no interpolation path defined
executed snippet estimated_duration=213.652928, duration=0.000208139419556
script duration name:unknown120_60 seconds:214.0
loading script "jan_unknown120_60.py"
loading script "jan_pump_ms.py"
loading script "jan_co2.py"
loading script "jan_pump_extraction_line.py"
testing...
no interpolation path defined
executed snippet estimated_duration=0, duration=3.60012054443e-05
loading script "jan_unknown120_60.py"
loading script "jan_pump_ms.py"
loading script "jan_co2.py"
loading script "jan_pump_extraction_line.py"
testing...
no interpolation path defined
calculate duration
testing...
no interpolation path defined
executed snippet estimated_duration=0, duration=5.60283660889e-05
calculate duration
testing...
no interpolation path defined
executed snippet estimated_duration=0, duration=9.29832458496e-05
executed snippet estimated_duration=0.0, duration=0.00224900245667
script duration name:co2 seconds:0.0
loading script "jan_unknown120_60.py"
loading script "jan_pump_ms.py"
loading script "jan_co2.py"
loading script "jan_pump_extraction_line.py"
testing...
no interpolation path defined
calculate duration
testing...
no interpolation path defined
executed snippet estimated_duration=4.0, duration=0.000141143798828
executed snippet estimated_duration=4.0, duration=0.00111103057861
Script duration 214.0
Run total estimated duration= 215.000
nruns=1 before=5.0, run_dur=215.0, btw=0.0
write rem/ex queues
/Users/jan/PychronDev/experiments/rem/CurrentExperiment.rem.txt
/Users/jan/PychronDev/experiments/rem/CurrentExperiment.ex.txt
doing event level: 3
