do run
loading script "jan_unknown120_60.py"
loading script "jan_pump_ms.py"
loading script "jan_co2.py"
loading script "jan_pump_extraction_line.py"
testing...
no interpolation path defined
executed snippet estimated_duration=213.652928, duration=0.000207901000977
script duration name:unknown120_60 seconds:214.0
loading script "jan_unknown120_60.py"
loading script "jan_pump_ms.py"
loading script "jan_co2.py"
loading script "jan_pump_extraction_line.py"
testing...
no interpolation path defined
executed snippet estimated_duration=0, duration=2.19345092773e-05
loading script "jan_unknown120_60.py"
loading script "jan_pump_ms.py"
loading script "jan_co2.py"
loading script "jan_pump_extraction_line.py"
testing...
no interpolation path defined
calculate duration
testing...
no interpolation path defined
executed snippet estimated_duration=0, duration=5.19752502441e-05
calculate duration
testing...
no interpolation path defined
executed snippet estimated_duration=0, duration=9.10758972168e-05
executed snippet estimated_duration=0.0, duration=0.00270509719849
script duration name:co2 seconds:0.0
loading script "jan_unknown120_60.py"
loading script "jan_pump_ms.py"
loading script "jan_co2.py"
loading script "jan_pump_extraction_line.py"
testing...
no interpolation path defined
calculate duration
testing...
no interpolation path defined
executed snippet estimated_duration=4.0, duration=0.000142097473145
executed snippet estimated_duration=4.0, duration=0.00118708610535
Script duration 214.0
Run total estimated duration= 215.000
run duration: 0:03:35
doing event level: 2
04:59:22 -- Setting default integration. t=1.048576
setting integration time = 1.048576
SetIntegrationTime 1.048576 ===>> OK
----------------- start -----------------
**************** Experiment Type: Ar/Ar, Ar/Ar
create new session 4419362736
close session 4419362736
$$$$$ Clearing conditionals
adding conditionals 
Add queue conditionals
add default conditionals
adding default conditionals from /Users/jan/PychronDev/setupfiles/spectrometer/default_conditionals.yaml
Start automated run 25351-03
loading script "jan_unknown120_60.py"
loading script "jan_pump_ms.py"
loading script "jan_co2.py"
loading script "jan_pump_extraction_line.py"
%%%%%%%%%%%%%%%%%% setting automated run 25351-03
No value "sensitivity_multiplier" in metadata
$$$$$$$$$$$$$$$ auto_save_detector_ic=False
============================= Pre Extraction Check =============================
loading queue conditionals pre_run_terminations
loading system conditionals pre_run_terminations
loading conditionals from /Users/jan/PychronDev/setupfiles/spectrometer/default_conditionals.yaml
04:59:22 -- ******* Pre Extraction Check *******
Get a measurement from the spectrometer
GetData ===>> H2,-0.15247808781088,H1,0.0843714112640505,AX,-0.112937241812639,L1,-0.0192767472036952,L2,-0.004...
Pre Extraction Termination data. keys=H2,H1,AX,L1,L2,CDD, signals=-0.15248,0.08437,-0.11294,-0.01928,-0.00488,0.00328
04:59:22 -- testing system defined conditionals
Checking default pre extraction terminations n=2
testing CDD
evaluate ot="CDD.inactive" t="CDD", ctx="{'CDD': False}"
GetDeflection CDD ===>> 50
testing CDD==2000
evaluate ot="CDD.deflection==2000" t="CDD==2000", ctx="{'CDD': 50.0}"
04:59:22 -- ******* Pre Extraction Check Passed *******
=================================================================================
04:59:22 -- stopping status monitor
stop 4976433200
Alive clients [4982646160]
04:59:22 -- starting status monitor
start 4976433200
Monitor already running
start extraction
do extraction
Analysis started at 04:59:22.925230
Extraction Started jan_co2.py
04:59:22 -- ******* Extraction Started jan_co2.py *******
state changed from not run to extraction
DO EXTRACTION <pychron.extraction_line.pyscript_runner.RemotePyScriptRunner object at 0x12b9a8890>
testing...
no interpolation path defined
calculate duration
testing...
no interpolation path defined
executed snippet estimated_duration=0, duration=4.88758087158e-05
calculate duration
testing...
no interpolation path defined
executed snippet estimated_duration=0, duration=9.01222229004e-05
executed snippet estimated_duration=100.0, duration=0.00249695777893
Jan CO2 laser analysis
doing GOSUB
testing...
no interpolation path defined
executed snippet estimated_duration=0, duration=4.60147857666e-05
Waiting for CO2 access
wait ('FelixCO2Flag', 0) {}
waiting for FelixCO2Flag = 0
Read FelixCO2Flag ===>> 0
finished waiting
CO2 free
wait ('CO2PumpTimeFlag', 0) {}
waiting for CO2PumpTimeFlag = 0
Read CO2PumpTimeFlag ===>> 0
finished waiting
acquire ('JanCO2Flag',) {'clear': True}
acquire JanCO2Flag
Set JanCO2Flag 1 ===>> OK
JanCO2Flag acquired
set extraction state False (0.75, 'red', 1.5)
CO2 acquired
executed snippet estimated_duration=0, duration=0.0210790634155
WaitForCO2Access.py completed successfully
gosub finished
doing GOSUB
testing...
no interpolation path defined
executed snippet estimated_duration=0, duration=9.29832458496e-05
Prepare for CO2 analysis
close () {'description': 'Jan Inlet'}
closing name=--- desc=Jan Inlet
checking ownership. requestor=129.138.12.150
check software interlocks R
interlocks []
actuate state mode=None-script, software_lock=False
doing actuation None-script close_channel False
Close R ===>> OK
GetIndicatorState R ===>> False
change switch state (True, True)
update switch state R False args=() kw={} ncanvase=2
04:59:23 -- CLOSE  VALVE-R (Jan Inlet)
---------------------------------------- close None (Jan Inlet) result=[(True, True)]
action=close, ok=True, locked=[False]
open () {'description': 'Jan Ion Pump'}
opening name=--- desc=Jan Ion Pump
checking ownership. requestor=129.138.12.150
check software interlocks O
interlocks []
actuate state mode=None-script, software_lock=False
doing actuation None-script open_channel False
Open O ===>> OK
GetIndicatorState O ===>> OK
change switch state (True, True)
update switch state O True args=() kw={} ncanvase=2
04:59:23 -- OPEN   VALVE-O (Jan Ion Pump)
---------------------------------------- open None (Jan Ion Pump) result=[(True, True)], time=0.09 sec
action=open, ok=True, locked=[False]
close () {'description': 'Microbone to Minibone'}
closing name=--- desc=Microbone to Minibone
checking ownership. requestor=129.138.12.150
check software interlocks L
interlocks []
actuate state mode=None-script, software_lock=False
doing actuation None-script close_channel False
Close L ===>> OK
GetIndicatorState L ===>> False
change switch state (True, True)
update switch state L False args=() kw={} ncanvase=2
04:59:24 -- CLOSE  VALVE-L (Microbone to Minibone)
---------------------------------------- close None (Microbone to Minibone) result=[(True, True)]
action=close, ok=True, locked=[False]
open () {'description': 'Microbone to Turbo'}
opening name=--- desc=Microbone to Turbo
checking ownership. requestor=129.138.12.150
check software interlocks U
interlocks []
actuate state mode=None-script, software_lock=False
doing actuation None-script open_channel False
Open U ===>> OK
GetIndicatorState U ===>> OK
change switch state (True, True)
update switch state U True args=() kw={} ncanvase=2
04:59:24 -- OPEN   VALVE-U (Microbone to Turbo)
---------------------------------------- open None (Microbone to Turbo) result=[(True, True)], time=0.15 sec
action=open, ok=True, locked=[False]
open () {'description': 'Microbone to Inlet Pipette'}
opening name=--- desc=Microbone to Inlet Pipette
checking ownership. requestor=129.138.12.150
check software interlocks S
interlocks []
actuate state mode=None-script, software_lock=False
doing actuation None-script open_channel False
Open S ===>> OK
GetIndicatorState S ===>> OK
change switch state (True, True)
update switch state S True args=() kw={} ncanvase=2
04:59:25 -- OPEN   VALVE-S (Microbone to Inlet Pipette)
---------------------------------------- open None (Microbone to Inlet Pipette) result=[(True, True)], time=0.42 sec
action=open, ok=True, locked=[False]
open () {'description': 'Microbone to Getter D-50'}
opening name=--- desc=Microbone to Getter D-50
checking ownership. requestor=129.138.12.150
check software interlocks K
interlocks []
actuate state mode=None-script, software_lock=False
doing actuation None-script open_channel False
Open K ===>> OK
GetIndicatorState K ===>> OK
change switch state (True, True)
update switch state K True args=() kw={} ncanvase=2
04:59:26 -- OPEN   VALVE-K (Microbone to Getter D-50)
---------------------------------------- open None (Microbone to Getter D-50) result=[(True, True)], time=0.43 sec
action=open, ok=True, locked=[False]
open () {'description': 'Microbone to Getter NP-10'}
opening name=--- desc=Microbone to Getter NP-10
checking ownership. requestor=129.138.12.150
check software interlocks M
interlocks []
actuate state mode=None-script, software_lock=False
doing actuation None-script open_channel False
Open M ===>> OK
GetIndicatorState M ===>> OK
change switch state (True, True)
update switch state M True args=() kw={} ncanvase=2
04:59:26 -- OPEN   VALVE-M (Microbone to Getter NP-10)
---------------------------------------- open None (Microbone to Getter NP-10) result=[(True, True)], time=0.14 sec
action=open, ok=True, locked=[False]
close () {'description': 'CO2 Laser to Felix'}
closing name=--- desc=CO2 Laser to Felix
checking ownership. requestor=129.138.12.150
check software interlocks F
interlocks []
actuate state mode=None-script, software_lock=True
VALVE-F(CO2 Laser to Felix) software locked
change switch state (True, False)
---------------------------------------- close None (CO2 Laser to Felix) result=[(True, False)]
action=close, ok=True, locked=[True]
open () {'description': 'CO2 Laser to Jan'}
opening name=--- desc=CO2 Laser to Jan
checking ownership. requestor=129.138.12.150
check software interlocks A
interlocks []
actuate state mode=None-script, software_lock=False
doing actuation None-script open_channel False
Open A ===>> OK
GetIndicatorState A ===>> OK
change switch state (True, True)
update switch state A True args=() kw={} ncanvase=2
04:59:26 -- OPEN   VALVE-A (CO2 Laser to Jan)
---------------------------------------- open None (CO2 Laser to Jan) result=[(True, True)], time=0.13 sec
action=open, ok=True, locked=[False]
open () {'description': 'Microbone to CO2 Laser'}
opening name=--- desc=Microbone to CO2 Laser
checking ownership. requestor=129.138.12.150
check software interlocks T
interlocks []
actuate state mode=None-script, software_lock=False
doing actuation None-script open_channel False
Open T ===>> OK
GetIndicatorState T ===>> OK
change switch state (True, True)
update switch state T True args=() kw={} ncanvase=2
04:59:27 -- OPEN   VALVE-T (Microbone to CO2 Laser)
---------------------------------------- open None (Microbone to CO2 Laser) result=[(True, True)], time=0.43 sec
action=open, ok=True, locked=[False]
executed snippet estimated_duration=0, duration=4.97598195076
PrepareForCO2Analysis.py completed successfully
gosub finished
set_motor ('beam', '1.25') {}
setting motor "beam" to 1.25
set motor beam to 1.25
SetMotor beam,1.25 ===>> OK
GetMotorMoving beam ===>> False
GetMotorMoving beam ===>> False
Block completed
move_to_position ('219',) {'autocenter': True}
FusionsCO2 move to position 219
sending GoToHole 219,True
GoToHole 219,True ===>> OK
GetDriveMoving ===>> OK
GetDriveMoving ===>> OK
GetDriveMoving ===>> OK
GetDriveMoving ===>> OK
GetDriveMoving ===>> OK
GetDriveMoving ===>> OK
GetDriveMoving ===>> False
GetDriveMoving ===>> OK
GetDriveMoving ===>> OK
GetDriveMoving ===>> OK
GetDriveMoving ===>> OK
GetDriveMoving ===>> OK
GetDriveMoving ===>> OK
GetDriveMoving ===>> False
Block completed
GetAutoCorrecting ===>> False
GetAutoCorrecting ===>> False
Block completed
update position
GetPosition ===>> 0.00000,-15.95120,1.00000
got position (0.0, -15.9512, 1.0)
move to position succeeded
sleep (5,) {}
SLEEP 5.0
block started
WaitControl setup for 5.0  
Join finished
block finished. duration 5.0403740406
close () {'description': 'Microbone to Turbo'}
closing name=--- desc=Microbone to Turbo
checking ownership. requestor=129.138.12.150
check software interlocks U
interlocks []
actuate state mode=None-script, software_lock=False
doing actuation None-script close_channel True
Close U ===>> OK
GetIndicatorState U ===>> False
change switch state (True, True)
update switch state U False args=() kw={} ncanvase=2
04:59:39 -- CLOSE  VALVE-U (Microbone to Turbo)
---------------------------------------- close None (Microbone to Turbo) result=[(True, True)]
action=close, ok=True, locked=[False]
enable laser
enable () {}
set extraction state FusionsCO2 Enabled (False, 'red', 1.5)
enabling laser
Enable ===>> OK
begin interval
BEGIN INTERVAL Interval 1 waiting for 30.0
block started
WaitControl setup for 30.0  
set extract to 5.0
extract (5.0,) {}
GetPosition ===>> 0.00000,-15.95120,1.00000
set extraction state FusionsCO2 ON! 5.0(watts) (0.75, 'red', 1.5)
extract sample to 5.0 (watts)
set laser output
SetLaserOutput 5.0,watts ===>> OK
executing pattern triangle.lp
execute_pattern ('triangle.lp',) {}
executing pattern triangle.lp
IsPatterning ===>> OK
IsPatterning ===>> OK
IsPatterning ===>> OK
IsPatterning ===>> OK
IsPatterning ===>> OK
IsPatterning ===>> OK
IsPatterning ===>> OK
IsPatterning ===>> OK
IsPatterning ===>> OK
IsPatterning ===>> OK
IsPatterning ===>> OK
IsPatterning ===>> OK
IsPatterning ===>> OK
IsPatterning ===>> OK
IsPatterning ===>> OK
IsPatterning ===>> OK
IsPatterning ===>> OK
IsPatterning ===>> OK
IsPatterning ===>> OK
IsPatterning ===>> OK
IsPatterning ===>> OK
IsPatterning ===>> OK
IsPatterning ===>> OK
IsPatterning ===>> OK
IsPatterning ===>> OK
IsPatterning ===>> OK
IsPatterning ===>> False
IsPatterning ===>> False
Block completed
COMPLETE INTERVAL waiting for Interval 1 to complete
Join finished
block finished. duration 30.0854861736
Interval 1 finished
end_extract () {}
ending extraction. set laser power to 0
set laser power 0
SetLaserPower 0 ===>> OK
disable () {}
%%%%%%%%%%%%%%%%%%%%%%%%%%%%%%%%%%% disable
set extraction state False (0.75, 'red', 1.5)
disabling laser
Disable ===>> OK
sleep (30.0,) {}
SLEEP 30.0
block started
WaitControl setup for 30.0  
Join finished
block finished. duration 30.1062140465
executed snippet estimated_duration=166.5, duration=77.7163059711
jan_co2.py completed successfully
GetAchievedOutput ===>> No Response
Requested Output= 0.000
Achieved Output=  0.000
GetResponseBlob ===>> No Response
GetOutputBlob ===>> No Response
persistence save...
persistence save - db
AutomatedRunPersister post_extraction_save deprecated
persistence save - dvc
no extraction position for 219
create new session 4982376208
close session 4982376208
Extraction Finished
05:00:40 -- ******* Extraction Finished *******
no overlap. not waiting for min ms pumptime
05:00:40 -- Sending spectrometer configuration
======== Sending configuration ========
SetDeflection CDD,50.0 ===>> OK
SetDeflection H2,0.0 ===>> OK
SetDeflection H1,0.0 ===>> OK
SetDeflection L2,825.0 ===>> OK
SetDeflection L1,400.0 ===>> OK
SetDeflection AX,190.0 ===>> OK
SetZFocus 74.64 ===>> OK
SetZSymmetry -50.72 ===>> OK
SetExtractionLens 26.13 ===>> OK
SetIonRepeller -3.81 ===>> OK
SetElectronEnergy 75.08 ===>> OK
SetYSymmetry -2.81 ===>> OK
SetIonCounterVoltage 1590.0 ===>> OK
send trap current 200.0
GetParameter Trap Current Readback ===>> 198.035158395898
SetParameter Trap Current Set,200.0 ===>> OK
updating mftable name mftable
Using mftable located at /Users/jan/PychronDev/setupfiles/spectrometer/mftables/mftable.csv
============ MFtable ===========
Isotope  H2     H1     AX     L1     L2     CDD    
Ar40     5.8012 5.8792 5.9925 6.1411 6.2309 6.3693
Ar39     5.7005 5.7715 5.8849 6.0272 6.1160 6.2558
Ar36     5.3780 5.4405 5.5483 5.6860 5.7710 5.9070
================================
get initial guess parabolic
get initial guess parabolic
get initial guess parabolic
get initial guess parabolic
get initial guess parabolic
get initial guess parabolic
======== Configuration Finished ========
GetYSymmetry ===>> -2.81
GetZSymmetry ===>> -50.72
GetParameter Trap Current Readback ===>> 198.258926936459
GetHighVoltage ===>> 4500
start measurement
do measurement
L#=25351 analysis type=unknown
Measurement Started jan_unknown120_60.py
05:00:40 -- ******* Measurement Started jan_unknown120_60.py *******
state changed from extraction to measurement
setting spec, defl, and gains
GetExtractionLens ===>> 26.13
GetYSymmetry ===>> -2.81
GetZSymmetry ===>> -50.72
GetZFocus ===>> 74.64
GetDeflection H2 ===>> 0
GetDeflection H1 ===>> 0
GetDeflection AX ===>> 190
GetDeflection L1 ===>> 400
GetDeflection L2 ===>> 825
GetDeflection CDD ===>> 50
GetGain H2 ===>> 0.0113
GetGain H1 ===>> 0.1
GetGain AX ===>> 0.097049
GetGain L1 ===>> 0.010355
GetGain L2 ===>> 0.095649
GetGain CDD ===>> 0
pre measurement save
New frame /Users/jan/PychronDev/data/isotopes/2d/ec80b4-03f3-4278-9e3f-e6f6270047fb.h5
flush and close file /Users/jan/PychronDev/data/isotopes/2d/ec80b4-03f3-4278-9e3f-e6f6270047fb.h5
testing...
no interpolation path defined
executed snippet estimated_duration=226.132928, duration=0.000126838684082
unknown measurement script
activate_detectors ('H2', 'H1', 'AX', 'L1', 'L2', 'CDD') {}
activate detectors
*************** Set Analysis View Ar/Ar
create graphs
clearing graphs
clear isotope group
setting isotope det=H2, iso=PM41
setting isotope det=H1, iso=Ar40
setting isotope det=AX, iso=Ar39
setting isotope det=L1, iso=Ar38
setting isotope det=L2, iso=Ar37
setting isotope det=CDD, iso=Ar36
setting previous blanks
 - setting Ar40 blank 0.188+/-0.007
 - setting Ar36 blank 0.00429+/-0.00017
 - setting Ar37 blank 0.047+/-0.005
 - setting Ar38 blank 0.0098+/-0.0021
 - setting PM41 blank 0.02+/-0.06
 - setting Ar39 blank 0.013+/-0.009
load analysis view
position_magnet ('Ar40',) {'detector': 'H1'}
detector Detector(H1)
POSITION Ar40 H1
setting detector H2 to PM41 (40.9624)
setting detector H1 to Ar40 (39.9624)
setting detector AX to Ar39 (38.9624)
setting detector L1 to Ar38 (37.9624)
setting detector L2 to Ar37 (36.9624)
setting detector CDD to Ar36 (35.9624)
Mapping mass to dac mass func: "parabolic"
H1 map mass coeffs = [-0.00063987  0.15840543  0.57080999]
H1 map mass to dac 39.9624 >> 5.8792
GetDeflection H1 ===>> 0
GetHighVoltage ===>> 4500
positioning Ar40 (5.8792) on H1
setting magnet DAC
current  : 5.879199
requested: 5.879200
Delta Dac: 0.000001
Checking detector protection. dv=0.00000
Checking detector "CDD". Protection Threshold: 0.1 (V)
SetMagnetDAC 5.8792 ===>> OK
Magnet settling time: 0.500
equilibrate () {'delay': 3, 'inlet': 'R', 'outlet': 'O', 'eqtime': 12.0}
Equilibration Started
05:00:45 -- ******* Equilibration Started *******
checking ownership. requestor=129.138.12.150
check software interlocks O
interlocks []
actuate state mode=None-script, software_lock=False
doing actuation None-script close_channel True
update labels <pychron.experiment.plot_panel.PlotPanel object at 0x1cb5a45f0>
update labels "<pychron.graph.stacked_regression_graph.StackedRegressionGraph object at 0x1d7332ef0>"
setting label 0 H2 PM41
setting label 1 H1 Ar40
setting label 2 AX Ar39
setting label 3 L1 Ar38
setting label 4 L2 Ar37
setting label 5 CDD Ar36
update labels "<pychron.graph.stacked_graph.StackedGraph object at 0x1bdbb0ad0>"
setting label 0 H2 PM41
setting label 1 H1 Ar40
setting label 2 AX Ar39
setting label 3 L1 Ar38
setting label 4 L2 Ar37
setting label 5 CDD Ar36
Close O ===>> OK
GetIndicatorState O ===>> False
change switch state (True, True)
update switch state O False args=() kw={} ncanvase=2
05:00:45 -- CLOSE  VALVE-O (Jan Ion Pump)
waiting 3s before opening inlet value ('R',)
checking ownership. requestor=129.138.12.150
check software interlocks R
interlocks []
actuate state mode=None-script, software_lock=False
doing actuation None-script open_channel True
Open R ===>> OK
GetIndicatorState R ===>> OK
change switch state (True, True)
update switch state R True args=() kw={} ncanvase=2
05:00:48 -- OPEN   VALVE-R (Jan Inlet)
equilibrating for 12.0sec
set_time_zero () {}
sniff (12.0,) {}
py_sniff
build tables- sniff [Detector(H2), Detector(H1), Detector(AX), Detector(L1), Detector(L2), Detector(CDD)]
add group /sniff/PM41 (Group) '' table H2
add group /sniff/Ar40 (Group) '' table H1
add group /sniff/Ar39 (Group) '' table AX
add group /sniff/Ar38 (Group) '' table L1
add group /sniff/Ar37 (Group) '' table L2
add group /sniff/Ar36 (Group) '' table CDD
flush and close file /Users/jan/PychronDev/data/isotopes/2d/ec80b4-03f3-4278-9e3f-e6f6270047fb.h5
measuring sniff. ncounts=12.0
"sniff" increment series count="1" fit count="0" regressing="False"
starting measurement
GetData ===>> H2,0.246414967171846,H1,342.820375602206,AX,46.0878798722625,L1,0.146518732758205,L2,0.3001697062...
GetData ===>> H2,0.865302142485651,H1,1657.04370101294,AX,215.40796025746,L1,1.23936241302112,L2,0.577038644020...
GetData ===>> H2,0.331571031017694,H1,2218.2132703276,AX,279.492603430468,L1,2.34667225365289,L2,0.573437062823...
GetData ===>> H2,0.134620124304583,H1,2400.84280368363,AX,298.167039209657,L1,3.00444266636981,L2,0.72663452930...
GetData ===>> H2,0.0809488041069618,H1,2469.3631277202,AX,304.893915876849,L1,3.42053425668704,L2,0.66448552682...
GetData ===>> H2,0.0450540247439366,H1,2497.37687853913,AX,307.696556010571,L1,3.63298823172798,L2,0.5820582160...
GetData ===>> H2,-0.0364161878786321,H1,2509.3545964594,AX,309.076363585166,L1,3.74524782344436,L2,0.6381238152...
GetData ===>> H2,0.0235005012913756,H1,2514.68347270102,AX,309.540009332042,L1,3.84572104433881,L2,0.5449607488...
GetData ===>> H2,0.0166642488430603,H1,2516.19071171089,AX,309.53799576738,L1,3.84984455260764,L2,0.60923020711...
GetData ===>> H2,0.143408036554115,H1,2517.8083069856,AX,309.764752346283,L1,3.92145670337442,L2,0.534480027081...
GetData ===>> H2,-0.0509884727972913,H1,2518.07776924131,AX,309.897944674258,L1,3.94662243883566,L2,0.645805231...
Equilibration Finished
05:01:00 -- ******* Equilibration Finished *******
checking ownership. requestor=129.138.12.150
check software interlocks R
interlocks []
actuate state mode=None-script, software_lock=False
doing actuation None-script close_channel True
GetData ===>> H2,-0.10175708658298,H1,2517.69177426478,AX,309.721865303787,L1,3.99667747397705,L2,0.61269587541...
Close R ===>> OK
GetIndicatorState R ===>> False
change switch state (True, True)
update switch state R False args=() kw={} ncanvase=2
05:01:01 -- CLOSE  VALVE-R (Jan Inlet)
Post Equilibration Started jan_pump_extraction_line.py
05:01:01 -- ******* Post Equilibration Started jan_pump_extraction_line.py *******
testing...
no interpolation path defined
calculate duration
testing...
no interpolation path defined
executed snippet estimated_duration=4.0, duration=0.00021505355835
executed snippet estimated_duration=4.0, duration=0.00140118598938
Pump after analysis
doing GOSUB
testing...
no interpolation path defined
executed snippet estimated_duration=4.0, duration=0.0001220703125
Pump Microbone
close () {'description': 'Jan Inlet'}
closing name=--- desc=Jan Inlet
checking ownership. requestor=129.138.12.150
check software interlocks R
interlocks []
actuate state mode=None-script, software_lock=False
doing actuation None-script close_channel False
Close R ===>> OK
measurement finished
estimated time: 12.583 actual time: :12.686
flush and close file /Users/jan/PychronDev/data/isotopes/2d/ec80b4-03f3-4278-9e3f-e6f6270047fb.h5
set_fits () {}
using default fits file=/Users/jan/PychronDev/scripts/measurement/fits/nominal_linear.yaml
GetIndicatorState R ===>> False
change switch state (True, True)
update switch state R False args=() kw={} ncanvase=2
set "Ar40" to "('Linear', 'SEM')"
No fit for "PM41". defaulting to linear. check the measurement script "jan_unknown120_60.py"
set "PM41" to "linear"
05:01:01 -- CLOSE  VALVE-R (Jan Inlet)
set "Ar36" to "('Linear', 'SEM')"
---------------------------------------- close None (Jan Inlet) result=[(True, True)]
set "Ar37" to "('linear', 'SEM')"
set "Ar38" to "('linear', 'SEM')"
set "Ar39" to "('Linear', 'SEM')"
set_baseline_fits () {}
using default fits file=/Users/jan/PychronDev/scripts/measurement/fits/nominal_linear.yaml
set "H1" to "('average', 'SEM')"
set "H2" to "('average', 'SEM')"
set "CDD" to "('average', 'SEM')"
set "L2" to "('average', 'SEM')"
set "L1" to "('average', 'SEM')"
set "AX" to "('average', 'SEM')"
multicollect () {'integration_time': 1, 'ncounts': 120}
build tables- signal [Detector(H2), Detector(H1), Detector(AX), Detector(L1), Detector(L2), Detector(CDD)]
add group /signal/PM41 (Group) '' table H2
add group /signal/Ar40 (Group) '' table H1
add group /signal/Ar39 (Group) '' table AX
add group /signal/Ar38 (Group) '' table L1
add group /signal/Ar37 (Group) '' table L2
add group /signal/Ar36 (Group) '' table CDD
flush and close file /Users/jan/PychronDev/data/isotopes/2d/ec80b4-03f3-4278-9e3f-e6f6270047fb.h5
measuring signal. ncounts=120
action=close, ok=True, locked=[False]
is_closed ('F',) {}
is F () closed?
is closed True
open () {'description': 'CO2 Laser to Jan'}
opening name=--- desc=CO2 Laser to Jan
checking ownership. requestor=129.138.12.150
check software interlocks A
interlocks []
actuate state mode=None-script, software_lock=False
doing actuation None-script open_channel False
Open A ===>> OK
GetIndicatorState A ===>> OK
change switch state (True, True)
update switch state A True args=() kw={} ncanvase=2
05:01:02 -- OPEN   VALVE-A (CO2 Laser to Jan)
---------------------------------------- open None (CO2 Laser to Jan) result=[(True, True)], time=0.13 sec
"signal" increment series count="2" fit count="1" regressing="True"
starting measurement
GetData ===>> H2,0.0185648053069103,H1,2518.21810876903,AX,309.93870664048,L1,4.01767538767974,L2,0.68340960595...
action=open, ok=True, locked=[False]
sleep (1,) {}
SLEEP 1.0
close () {'description': 'CO2 Laser to Roughing'}
closing name=--- desc=CO2 Laser to Roughing
checking ownership. requestor=129.138.12.150
check software interlocks G
interlocks []
actuate state mode=None-script, software_lock=True
VALVE-G(CO2 Laser to Roughing) software locked
change switch state (True, False)
---------------------------------------- close None (CO2 Laser to Roughing) result=[(True, False)]
action=close, ok=True, locked=[True]
open () {'description': 'Microbone to Turbo'}
opening name=--- desc=Microbone to Turbo
checking ownership. requestor=129.138.12.150
check software interlocks U
interlocks []
actuate state mode=None-script, software_lock=False
doing actuation None-script open_channel True
GetData ===>> H2,0.0783389801744872,H1,2517.98477438895,AX,309.79000237363,L1,4.00087319209126,L2,0.60251654577...
Open U ===>> OK
GetIndicatorState U ===>> OK
change switch state (True, True)
update switch state U True args=() kw={} ncanvase=2
05:01:03 -- OPEN   VALVE-U (Microbone to Turbo)
---------------------------------------- open None (Microbone to Turbo) result=[(True, True)], time=0.18 sec
action=open, ok=True, locked=[False]
open () {'description': 'Microbone to Getter NP-10'}
opening name=--- desc=Microbone to Getter NP-10
checking ownership. requestor=129.138.12.150
check software interlocks M
interlocks []
actuate state mode=None-script, software_lock=False
doing actuation None-script open_channel False
Open M ===>> OK
GetIndicatorState M ===>> OK
change switch state (True, True)
update switch state M True args=() kw={} ncanvase=2
05:01:04 -- OPEN   VALVE-M (Microbone to Getter NP-10)
---------------------------------------- open None (Microbone to Getter NP-10) result=[(True, True)], time=0.17 sec
action=open, ok=True, locked=[False]
open () {'description': 'Microbone to Getter D-50'}
opening name=--- desc=Microbone to Getter D-50
checking ownership. requestor=129.138.12.150
check software interlocks K
interlocks []
actuate state mode=None-script, software_lock=False
doing actuation None-script open_channel False
GetData ===>> H2,-0.0302131706570018,H1,2515.9951238876,AX,309.672444980244,L1,3.98511905835885,L2,0.6339175858...
Open K ===>> OK
GetIndicatorState K ===>> OK
change switch state (True, True)
update switch state K True args=() kw={} ncanvase=2
05:01:04 -- OPEN   VALVE-K (Microbone to Getter D-50)
---------------------------------------- open None (Microbone to Getter D-50) result=[(True, True)], time=0.41 sec
action=open, ok=True, locked=[False]
open () {'description': 'Microbone to CO2 Laser'}
opening name=--- desc=Microbone to CO2 Laser
checking ownership. requestor=129.138.12.150
check software interlocks T
interlocks []
actuate state mode=None-script, software_lock=False
doing actuation None-script open_channel False
Open T ===>> OK
GetIndicatorState T ===>> OK
change switch state (True, True)
update switch state T True args=() kw={} ncanvase=2
05:01:05 -- OPEN   VALVE-T (Microbone to CO2 Laser)
---------------------------------------- open None (Microbone to CO2 Laser) result=[(True, True)], time=0.45 sec
GetData ===>> H2,-0.0694178521089365,H1,2514.42073859479,AX,309.437698528065,L1,3.99108296501823,L2,0.576272582...
action=open, ok=True, locked=[False]
open () {'description': 'Microbone to Inlet Pipette'}
opening name=--- desc=Microbone to Inlet Pipette
checking ownership. requestor=129.138.12.150
check software interlocks S
interlocks []
actuate state mode=None-script, software_lock=False
doing actuation None-script open_channel False
Open S ===>> OK
GetIndicatorState S ===>> OK
change switch state (True, True)
update switch state S True args=() kw={} ncanvase=2
05:01:06 -- OPEN   VALVE-S (Microbone to Inlet Pipette)
---------------------------------------- open None (Microbone to Inlet Pipette) result=[(True, True)], time=0.42 sec
action=open, ok=True, locked=[False]
sleep (1,) {}
SLEEP 1.0
GetData ===>> H2,0.00155138515787597,H1,2512.94100787467,AX,309.10062101068,L1,4.03231406261455,L2,0.6420558920...
set_resource () {'name': 'CO2PumpTimeFlag', 'value': 30}
Set CO2PumpTimeFlag 30 ===>> OK
release ('JanCO2Flag',) {}
release JanCO2Flag
Set JanCO2Flag 0 ===>> OK
executed snippet estimated_duration=6.0, duration=6.01530504227
PumpMicrobone.py completed successfully
gosub finished
get_resource_value () {'name': 'JanMiniboneFlag'}
Read JanMiniboneFlag ===>> 0
Get Resource Value JanMiniboneFlag=0.0
get resource value 0.0
get_resource_value () {'name': 'JanMiniboneFlag'}
Read JanMiniboneFlag ===>> 0
Get Resource Value JanMiniboneFlag=0.0
executed snippet estimated_duration=4.0, duration=6.03002119064
jan_pump_extraction_line.py completed successfully
Post Equilibration Finished
05:01:07 -- ******* Post Equilibration Finished *******
GetData ===>> H2,0.0486465329011538,H1,2512.51589150281,AX,309.418202589355,L1,3.98918333919708,L2,0.6339404452...
GetData ===>> H2,-0.0427949290722573,H1,2511.09709107966,AX,309.2505010576,L1,3.95480579408132,L2,0.65371590427...
GetData ===>> H2,-0.10648972298418,H1,2510.4812226866,AX,309.386994202703,L1,3.95663994937463,L2,0.616161668889...
GetData ===>> H2,-0.0529303260415767,H1,2509.23202308195,AX,309.327058765443,L1,4.00221791344868,L2,0.586494867...
GetData ===>> H2,-0.127557079175392,H1,2508.26096642931,AX,309.055140254033,L1,3.96707411014791,L2,0.5699842452...
GetData ===>> H2,-0.0412697847875074,H1,2507.56182062032,AX,308.75302776734,L1,3.94986065997675,L2,0.6232652209...
GetData ===>> H2,0.0268187304937371,H1,2506.48166140206,AX,308.42381438,L1,3.97225937159175,L2,0.65181819793094...
GetData ===>> H2,-0.00549743267081319,H1,2505.66647759106,AX,308.540920095968,L1,3.94088735516738,L2,0.55962653...
GetData ===>> H2,-0.0578289465877437,H1,2504.89646907475,AX,308.561883552834,L1,3.91077821470806,L2,0.638100954...
GetData ===>> H2,-0.111319418043826,H1,2504.32847592644,AX,308.286933444862,L1,3.92522704746342,L2,0.6425131207...
GetData ===>> H2,-0.0576716157438285,H1,2502.25913481826,AX,308.285315062104,L1,3.9284420913643,L2,0.5835790038...
GetData ===>> H2,-0.0881436637852774,H1,2501.86817193356,AX,308.02128317599,L1,3.9688123394149,L2,0.69107177455...
GetData ===>> H2,-0.0350666943719904,H1,2500.07724783854,AX,307.832660212447,L1,3.94316843483502,L2,0.607994949...
GetData ===>> H2,-0.0678798244836606,H1,2499.76531705156,AX,307.512767367419,L1,3.92424205650232,L2,0.560609672...
GetData ===>> H2,-0.0534907014978512,H1,2499.05436483683,AX,307.619881389143,L1,3.95362245296767,L2,0.702474671...
GetData ===>> H2,-0.0658377394473684,H1,2497.70492162015,AX,307.231271049489,L1,3.95614768364619,L2,0.509248701...
GetData ===>> H2,0.0187853774682766,H1,2495.94719378719,AX,306.97899540495,L1,3.9331027051243,L2,0.632946064475...
GetData ===>> H2,-0.0741160931807535,H1,2495.30801114021,AX,307.332066885225,L1,3.9533323798025,L2,0.4694954086...
GetData ===>> H2,-0.0512449629611244,H1,2494.39052441034,AX,306.938851770014,L1,3.95081679066124,L2,0.681511312...
05:01:27 -- collecting point 25
GetData ===>> H2,-0.19901732315786,H1,2493.13264987546,AX,307.002222146247,L1,3.92354673297866,L2,0.51876680480...
GetData ===>> H2,-0.156839667216663,H1,2492.38352215941,AX,306.908686798214,L1,3.8960474923304,L2,0.67445593612...
GetData ===>> H2,-0.176842870614224,H1,2491.36969430708,AX,306.877867863665,L1,3.87654336010622,L2,0.6523326326...
GetData ===>> H2,-0.106461308688977,H1,2489.91008084373,AX,306.814896619184,L1,3.85949164468789,L2,0.6196962208...
GetData ===>> H2,-0.0484761923150915,H1,2489.50216071302,AX,306.482626057039,L1,3.91761732774857,L2,0.596581008...
GetData ===>> H2,-0.212410309433575,H1,2489.01282353996,AX,306.693717314519,L1,3.92991080041657,L2,0.5897081372...
GetData ===>> H2,-0.0967841385239992,H1,2487.71540113849,AX,306.550071178134,L1,3.88273844734813,L2,0.656745453...
GetData ===>> H2,-0.00271597618676266,H1,2485.90338937449,AX,306.127681677074,L1,3.90430444322625,L2,0.65668829...
GetData ===>> H2,-0.0611201890275433,H1,2484.68889333923,AX,306.012609128597,L1,3.90194678162333,L2,0.570784556...
GetData ===>> H2,0.00976989906699146,H1,2484.07846933521,AX,306.006193082824,L1,3.92011658051704,L2,0.546366647...
GetData ===>> H2,-0.0383301852424975,H1,2483.34547472363,AX,305.983603941956,L1,3.92850519627112,L2,0.538994483...
GetData ===>> H2,-0.151844691854573,H1,2482.56225477385,AX,305.760607149962,L1,3.95057129040596,L2,0.6606096954...
GetData ===>> H2,-0.0445879192793913,H1,2481.5926370502,AX,305.509119599758,L1,3.91777781461859,L2,0.7156405824...
GetData ===>> H2,0.0404120190132238,H1,2480.83724499916,AX,305.497168279112,L1,3.88421114480829,L2,0.5635477019...
GetData ===>> H2,-0.0964929782977912,H1,2479.36925004032,AX,305.104331577879,L1,3.8815006051911,L2,0.6367979186...
GetData ===>> H2,-0.0368831785894304,H1,2478.67507177389,AX,305.193736497054,L1,3.90391480990349,L2,0.675988177...
GetData ===>> H2,-0.181193825175129,H1,2477.64358015194,AX,305.326215011802,L1,3.88665172614208,L2,0.5770043426...
GetData ===>> H2,-0.109418568753038,H1,2476.46745460898,AX,305.336017342275,L1,3.86882140243479,L2,0.5314743170...
GetData ===>> H2,-0.0239660045540554,H1,2474.82010437347,AX,305.03314518038,L1,3.89926024134413,L2,0.4889016382...
GetData ===>> H2,-0.0530727969923906,H1,2474.31892173145,AX,305.066293477563,L1,3.91961783494073,L2,0.524023305...
GetData ===>> H2,0.0799495753129722,H1,2473.97046668528,AX,304.996219641323,L1,3.86452171977071,L2,0.6057646639...
GetData ===>> H2,-0.00813816872034005,H1,2472.07706254793,AX,304.564891584134,L1,3.83264790134407,L2,0.67247777...
GetData ===>> H2,0.0263668066670314,H1,2471.23979676688,AX,304.424962609316,L1,3.86988297165287,L2,0.5770843792...
GetData ===>> H2,0.0518053846657016,H1,2470.7106121564,AX,304.39349812731,L1,3.86827777799527,L2,0.617408470095...
GetData ===>> H2,-0.00506903733523882,H1,2469.94484820584,AX,304.257147436339,L1,3.84444926027861,L2,0.60100689...
05:01:53 -- collecting point 50
GetData ===>> H2,0.0715455809908011,H1,2468.59068812717,AX,304.00554414824,L1,3.86298873904149,L2,0.63655788764...
GetData ===>> H2,0.103706114923638,H1,2467.29123793689,AX,304.187939804113,L1,3.82259574398211,L2,0.57777041037...
GetData ===>> H2,-0.0688333175996744,H1,2466.3725740312,AX,304.176128431531,L1,3.82938670247251,L2,0.6364092973...
GetData ===>> H2,-0.129192679449723,H1,2465.92389935401,AX,303.779091275744,L1,3.87326144662118,L2,0.6006981050...
GetData ===>> H2,-0.197756450059598,H1,2464.39684079774,AX,303.74772097055,L1,3.88942356813393,L2,0.59630654132...
GetData ===>> H2,-0.103652001803552,H1,2463.61362506959,AX,303.61466717768,L1,3.84476505025074,L2,0.59100033664...
GetData ===>> H2,-0.146799136919449,H1,2462.01200411715,AX,303.241020277332,L1,3.82737157376626,L2,0.6023907405...
GetData ===>> H2,-0.10679686344835,H1,2461.33717599319,AX,303.253633557515,L1,3.84056615219818,L2,0.53700581058...
GetData ===>> H2,-0.0396440058331442,H1,2459.69898544384,AX,303.096443545717,L1,3.83024941252302,L2,0.493196896...
GetData ===>> H2,0.080412322072378,H1,2458.5563578924,AX,303.2887009022,L1,3.87417455644564,L2,0.71580073496920...
GetData ===>> H2,0.0667643756499603,H1,2458.23004118452,AX,303.201314875833,L1,3.84488222330574,L2,0.7133755968...
GetData ===>> H2,-0.034876612023658,H1,2457.49261488467,AX,303.069180705643,L1,3.83721408984129,L2,0.5372572496...
GetData ===>> H2,0.0106175190678558,H1,2456.84629375324,AX,303.000241584196,L1,3.85412964326803,L2,0.5246861019...
GetData ===>> H2,0.00726958259239912,H1,2455.92731901977,AX,302.751217069084,L1,3.85683447723779,L2,0.578856636...
GetData ===>> H2,-0.00240446525078346,H1,2454.47447653817,AX,302.562131027904,L1,3.84201324159193,L2,0.69077442...
GetData ===>> H2,-0.0951521907625601,H1,2454.06382611864,AX,302.572234969935,L1,3.80192690004918,L2,0.616516262...
GetData ===>> H2,-0.0666563066097187,H1,2452.91752037462,AX,302.238716983117,L1,3.79874979113168,L2,0.591320530...
GetData ===>> H2,-0.0130372769881718,H1,2452.44671924683,AX,302.111286913812,L1,3.8310764726761,L2,0.5841164308...
GetData ===>> H2,0.0227071544605772,H1,2450.73269418689,AX,302.107260111696,L1,3.85213775075215,L2,0.5875011467...
GetData ===>> H2,-0.127317802181257,H1,2449.65987051583,AX,302.002023839233,L1,3.83575850896905,L2,0.6098821549...
GetData ===>> H2,-0.191377750148031,H1,2448.86125238905,AX,302.186070224979,L1,3.83931491065586,L2,0.6735640454...
GetData ===>> H2,0.00890873805101904,H1,2447.59029760225,AX,301.953691288802,L1,3.83035796984189,L2,0.601979015...
GetData ===>> H2,-0.0409332485870329,H1,2446.15884268291,AX,301.583187531204,L1,3.84424635889258,L2,0.538011570...
GetData ===>> H2,-0.0643576151809893,H1,2445.86702029173,AX,301.564937821026,L1,3.86977566591728,L2,0.671494433...
GetData ===>> H2,-0.0688428114394875,H1,2444.26716114531,AX,301.325327012527,L1,3.8865028436374,L2,0.5499329203...
05:02:20 -- collecting point 75
GetData ===>> H2,-0.0910990712664742,H1,2443.23772782604,AX,301.471817172026,L1,3.86452744021474,L2,0.556505726...
GetData ===>> H2,-0.135771054805245,H1,2442.95536924014,AX,301.229690853243,L1,3.81558751754136,L2,0.4708202529...
GetData ===>> H2,-0.19523799012716,H1,2441.4592767361,AX,301.192999952656,L1,3.80700803376018,L2,0.611689331787...
GetData ===>> H2,-0.111931304684159,H1,2440.71397252775,AX,301.222983520506,L1,3.79457700849128,L2,0.6328660572...
GetData ===>> H2,-0.105641322694028,H1,2439.48302823522,AX,301.052181887923,L1,3.80894005798177,L2,0.5723737647...
GetData ===>> H2,-0.127083927701781,H1,2439.23267646119,AX,300.829865542888,L1,3.81069398947426,L2,0.6282828989...
GetData ===>> H2,-0.102865650349711,H1,2437.90358173175,AX,300.56064159508,L1,3.86514383403237,L2,0.66886460427...
GetData ===>> H2,-0.0377098681205218,H1,2436.71868537178,AX,300.55066657287,L1,3.88973859064551,L2,0.5739401327...
GetData ===>> H2,0.0417840117162928,H1,2435.95014226321,AX,300.542757669275,L1,3.85447428996293,L2,0.5428119361...
GetData ===>> H2,0.0485906680505928,H1,2435.43170127187,AX,300.321533195183,L1,3.82847121220784,L2,0.6603581719...
GetData ===>> H2,-0.00713334686412275,H1,2434.37387071768,AX,300.19071279983,L1,3.80252876342811,L2,0.669401998...
GetData ===>> H2,-0.0500303155839319,H1,2433.14064445991,AX,300.105718545508,L1,3.83331796403445,L2,0.609287395...
GetData ===>> H2,-0.0928765529327175,H1,2432.4128916591,AX,300.017496124522,L1,3.83214073594018,L2,0.4983606004...
GetData ===>> H2,-0.200236258310802,H1,2431.44074518175,AX,300.00411218265,L1,3.82388338868329,L2,0.60876126491...
GetData ===>> H2,-0.178921388736091,H1,2429.8400512957,AX,300.05868429508,L1,3.82369351663151,L2,0.576695630462...
GetData ===>> H2,-0.231396911569439,H1,2428.78515015096,AX,300.093892792116,L1,3.84248754778321,L2,0.5732312622...
GetData ===>> H2,-0.13919820648066,H1,2428.0208311057,AX,299.828592953037,L1,3.81960700024564,L2,0.527405901515...
GetData ===>> H2,-0.102833166502913,H1,2427.13374797682,AX,299.477799205604,L1,3.85443710768538,L2,0.6228190887...
GetData ===>> H2,-0.16912494405067,H1,2426.73067656923,AX,299.230966851956,L1,3.81499356389075,L2,0.54504075880...
GetData ===>> H2,-0.15405374660296,H1,2425.44579888447,AX,299.318128067878,L1,3.83884072994425,L2,0.68414148817...
GetData ===>> H2,-0.0707712529500295,H1,2424.48399329715,AX,299.352194355869,L1,3.82703598992172,L2,0.546938156...
GetData ===>> H2,-0.174132125803044,H1,2423.77275325283,AX,299.397532613669,L1,3.80851338770461,L2,0.5661199809...
GetData ===>> H2,-0.101767915567794,H1,2422.46410633796,AX,299.249950717345,L1,3.82383770490724,L2,0.6234024928...
GetData ===>> H2,-0.0111711333798671,H1,2421.48204094876,AX,298.86482752131,L1,3.75516424680261,L2,0.5284801293...
GetData ===>> H2,-0.0567940495120995,H1,2420.75460790371,AX,298.834566860035,L1,3.73869406607453,L2,0.762210461...
05:02:46 -- collecting point 100
GetData ===>> H2,-0.031045776964295,H1,2419.91857004507,AX,298.650021633424,L1,3.79148337069645,L2,0.5550539548...
GetData ===>> H2,-0.122125465870769,H1,2418.3745896318,AX,298.403681562128,L1,3.80970496315648,L2,0.53232002064...
GetData ===>> H2,-0.0726980118532976,H1,2417.54581330537,AX,298.358369797393,L1,3.81814572744395,L2,0.520915078...
GetData ===>> H2,-0.0460529656988853,H1,2417.03665003913,AX,298.204665802782,L1,3.8131961768703,L2,0.5451893488...
GetData ===>> H2,-0.0992228203322299,H1,2416.61525525094,AX,298.123603941232,L1,3.76195222743444,L2,0.568417941...
GetData ===>> H2,-0.132054771488452,H1,2415.23883502541,AX,298.330252481396,L1,3.75972992937123,L2,0.4938023609...
GetData ===>> H2,-0.160928137014094,H1,2414.05380548012,AX,298.285512309761,L1,3.82084865138012,L2,0.6442391787...
GetData ===>> H2,-0.0649025184815331,H1,2413.25087790996,AX,298.062601524062,L1,3.83588283574041,L2,0.681076768...
GetData ===>> H2,-0.088593596575419,H1,2412.26692648843,AX,297.948147097628,L1,3.82236306906977,L2,0.6038089176...
GetData ===>> H2,0.0556072476727354,H1,2411.04315312474,AX,297.875854958734,L1,3.84692864953123,L2,0.4960186207...
GetData ===>> H2,0.001377368417226,H1,2409.88183445744,AX,297.709715720392,L1,3.81192289354124,L2,0.72338540668...
GetData ===>> H2,-0.0688346738629866,H1,2409.14521463389,AX,297.363823756592,L1,3.78360099191864,L2,0.580640360...
GetData ===>> H2,-0.172183727574306,H1,2408.12363925612,AX,297.296357461835,L1,3.73405693486549,L2,0.6977166278...
GetData ===>> H2,-0.158684861304491,H1,2407.85535585095,AX,297.391824966285,L1,3.77550280364934,L2,0.5525962814...
GetData ===>> H2,-0.0896343367229964,H1,2407.04006199824,AX,297.254811756277,L1,3.79773038596352,L2,0.597312923...
GetData ===>> H2,-0.0570639727590953,H1,2405.72096981534,AX,297.161454813087,L1,3.7850276753591,L2,0.6383295594...
GetData ===>> H2,-0.0328941357140557,H1,2405.06307006222,AX,297.131138277014,L1,3.79342304084602,L2,0.654516153...
GetData ===>> H2,-0.0402764315615549,H1,2404.99920486494,AX,296.955942365754,L1,3.78809683287693,L2,0.536868662...
GetData ===>> H2,-0.0830367314280417,H1,2403.65787760526,AX,296.947708236063,L1,3.78600977711923,L2,0.648308683...
GetData ===>> H2,-0.0683789602906038,H1,2401.91617436424,AX,296.75387864071,L1,3.81051986924876,L2,0.5525619887...
GetData ===>> H2,-0.0918767536963041,H1,2400.70157562959,AX,296.661426279375,L1,3.78130240842217,L2,0.657557159...
measurement finished
estimated time: 125.829 actual time: :126.423
flush and close file /Users/jan/PychronDev/data/isotopes/2d/ec80b4-03f3-4278-9e3f-e6f6270047fb.h5
baselines () {'settling_time': 15.0, 'detector': 'H1', 'mass': 34.2, 'ncounts': 60}
%%%%%%%%%%%%%%%%%%%%%%%%%%%%%%%% Baseline
build tables- baseline [Detector(H2), Detector(H1), Detector(AX), Detector(L1), Detector(L2), Detector(CDD)]
add group baseline table H2
add group baseline table H1
add group baseline table AX
add group baseline table L1
add group baseline table L2
add group baseline table CDD
flush and close file /Users/jan/PychronDev/data/isotopes/2d/ec80b4-03f3-4278-9e3f-e6f6270047fb.h5
detector Detector(H1)
POSITION 34.2 H1
Mapping mass to dac mass func: "parabolic"
H1 map mass coeffs = [-0.00063987  0.15840543  0.57080999]
H1 map mass to dac 34.2 >> 5.23985599104
GetDeflection H1 ===>> 0
GetHighVoltage ===>> 4500
positioning 34.2 (5.23985599104) on H1
setting magnet DAC
current  : 5.879200
requested: 5.239856
Delta Dac: 0.639344
Checking detector protection. dv=0.63934
Checking detector "CDD". Protection Threshold: 0.1 (V)
ProtectDetector CDD,On ===>> OK
GetDeflection CDD ===>> 2000
Protected = 2000
SetMagnetDAC 5.23985599104 ===>> OK
Magnet settling time: 0.500
GetMagnetMoving ===>> True
GetMagnetMoving ===>> True
GetMagnetMoving ===>> True
GetMagnetMoving ===>> True
GetMagnetMoving ===>> True
GetMagnetMoving ===>> True
GetMagnetMoving ===>> True
GetMagnetMoving ===>> True
GetMagnetMoving ===>> False
ProtectDetector CDD,Off ===>> OK
GetDeflection CDD ===>> 50
Delaying 15.0s for detectors to settle
Join finished
measuring baseline. ncounts=60
"baseline" increment series count="2" fit count="1" regressing="True"
starting measurement
GetData ===>> H2,-0.0766671099171928,H1,-0.0925256106300008,AX,-0.0936192537905392,L1,-0.0819740257980306,L2,0....
GetData ===>> H2,-0.173493611171566,H1,-0.0869957100179118,AX,-0.139452129998687,L1,-0.0574822750189571,L2,0.00...
GetData ===>> H2,-0.201767831330771,H1,-0.144383966610362,AX,-0.107769157748631,L1,-0.0799517177947303,L2,-0.04...
GetData ===>> H2,-0.21916299424206,H1,-0.0643366110313125,AX,-0.0610121736061404,L1,-0.0795285592173204,L2,0.07...
GetData ===>> H2,-0.110661467751462,H1,-0.0568023073651556,AX,-0.11692319983278,L1,-0.0843089735116506,L2,-0.07...
GetData ===>> H2,-0.194463082505492,H1,-0.0686638106257352,AX,-0.0553891587028929,L1,-0.0604667485569372,L2,-0....
GetData ===>> H2,-0.272016749851174,H1,-0.076435611106773,AX,-0.216529584878348,L1,-0.0237457728670221,L2,-0.01...
GetData ===>> H2,-0.217350682956104,H1,-0.0833009940379935,AX,-0.0883574214401681,L1,-0.0440800721216373,L2,-0....
GetData ===>> H2,-0.0525965299760306,H1,-0.00680164732786965,AX,-0.0929934119897867,L1,-0.0764188719516279,L2,-...
GetData ===>> H2,-0.18348199387015,H1,-0.0413862127768503,AX,-0.100735023747977,L1,-0.0400421003925575,L2,-0.02...
set states for children of V. state=True
handle state [('V', True)]
update switch state V True args=() kw={'refresh': False} ncanvase=2
refresh_canvas_needed fired
GetData ===>> H2,-0.201847370392138,H1,-0.0349233847318551,AX,-0.104559245353758,L1,-0.0143988170584696,L2,0.00...
GetData ===>> H2,-0.220530456874722,H1,-0.061463628603353,AX,-0.0725934010870179,L1,-0.0513089209866396,L2,0.00...
GetData ===>> H2,-0.164669543273181,H1,0.0505277137790696,AX,-0.0744829000039062,L1,-0.0114610005147953,L2,0.05...
GetData ===>> H2,-0.160955145455154,H1,0.0745080361397089,AX,-0.0866420489485746,L1,-0.0370329242547982,L2,-0.1...
GetData ===>> H2,-0.14808504825607,H1,-0.0100459489566827,AX,-0.0448610736621774,L1,-0.0359833340569744,L2,0.00...
GetData ===>> H2,-0.159511454047778,H1,0.0222228313639274,AX,-0.125230616482015,L1,-0.0865143664587466,L2,-0.03...
GetData ===>> H2,-0.15957898347081,H1,-0.0176911115480348,AX,-0.114235013517078,L1,-0.0886679196990271,L2,-0.07...
GetData ===>> H2,-0.148417308359243,H1,0.0902278771814704,AX,-0.12365492669974,L1,-0.0794484678728788,L2,-0.021...
GetData ===>> H2,-0.192604435612296,H1,0.0739713628229445,AX,-0.0675043227429506,L1,-0.0107297092880733,L2,-0.0...
GetData ===>> H2,-0.161469643964909,H1,-0.045452095510856,AX,-0.0440377943285318,L1,-0.0283278186777591,L2,-0.0...
GetData ===>> H2,-0.112701531042025,H1,-0.00828068023002155,AX,-0.0759782443031334,L1,-0.0558999288517726,L2,-0...
GetData ===>> H2,-0.257283675663557,H1,0.0119982879490667,AX,-0.132205054442194,L1,-0.00715041129382965,L2,0.02...
GetData ===>> H2,-0.223088447642027,H1,0.0415532927995567,AX,-0.168076438697045,L1,-0.00505260300999066,L2,-0.0...
GetData ===>> H2,-0.315342537631742,H1,0.0411475534107587,AX,-0.145469846811095,L1,-0.0068589752268513,L2,-0.06...
05:03:52 -- collecting point 25
GetData ===>> H2,-0.282736663181767,H1,0.013071994892644,AX,0.0510340114860357,L1,-0.0297329285370744,L2,-0.088...
GetData ===>> H2,-0.218840976512761,H1,0.0340354476220163,AX,-0.0567456683239118,L1,-0.0320851196840884,L2,0.03...
GetData ===>> H2,-0.17256551155568,H1,0.0556477903666643,AX,-0.0412200391097808,L1,0.00640754666445473,L2,-0.04...
GetData ===>> H2,-0.188515416375414,H1,0.0694697239947085,AX,-0.163497579066383,L1,-0.005356086598883,L2,-0.072...
GetData ===>> H2,-0.174056518041876,H1,0.0342860333665708,AX,-0.177453734053935,L1,0.0084833238415684,L2,0.0112...
GetData ===>> H2,-0.204349195042085,H1,0.0393217465088248,AX,-0.00429178930136473,L1,-0.0103712372969285,L2,-0....
GetData ===>> H2,-0.20341781528347,H1,0.00394585293614926,AX,-0.0835589385804377,L1,-0.0220988898143364,L2,-0.0...
GetData ===>> H2,-0.21166547331103,H1,0.109815532360913,AX,-0.0770910437512183,L1,-0.0164322239325903,L2,0.0865...
GetData ===>> H2,-0.176178744146483,H1,0.0623078621730279,AX,-0.0161929375650337,L1,-0.0198222952893809,L2,-0.0...
GetData ===>> H2,-0.157881171669687,H1,-0.00680164732786965,AX,-0.0713878120520881,L1,0.00501311892725842,L2,-0...
GetData ===>> H2,-0.223752433794804,H1,0.0111393306858389,AX,-0.00728461265980051,L1,-0.00681459944769802,L2,0....
GetData ===>> H2,-0.289409745369281,H1,0.030061957497929,AX,-0.0232215872355647,L1,-0.0219969995460973,L2,0.006...
GetData ===>> H2,-0.310152978243812,H1,0.0330927735340715,AX,-0.066936276985053,L1,-0.0215594590157967,L2,0.052...
GetData ===>> H2,-0.175299931578531,H1,0.0242511613006481,AX,-0.0797918478171137,L1,-0.014042872710381,L2,-0.02...
GetData ===>> H2,-0.207305918611899,H1,0.0511363805000499,AX,-0.12692213740074,L1,-0.0107189193476095,L2,-0.040...
GetData ===>> H2,-0.254056086298265,H1,0.102526377553347,AX,-0.0662754848901289,L1,0.0102558721208191,L2,-0.057...
GetData ===>> H2,-0.181724084675553,H1,0.0446799279500755,AX,-0.0897134715329704,L1,0.00132866790176159,L2,-0.0...
GetData ===>> H2,-0.268380370260673,H1,0.0198485444106613,AX,-0.13292332363792,L1,-0.0191784255013595,L2,-0.068...
GetData ===>> H2,-0.236857162492265,H1,0.102323577230856,AX,-0.13873322563927,L1,-0.0528784735383117,L2,0.01948...
GetData ===>> H2,-0.125818488556144,H1,0.0927327838742944,AX,-0.0396197961196151,L1,-0.0219946021155927,L2,0.08...
GetData ===>> H2,-0.122044316767289,H1,0.0833695247224543,AX,-0.083593711046546,L1,0.0137538794315416,L2,0.0034...
GetData ===>> H2,-0.135762941975375,H1,0.0848485036163417,AX,-0.146919144941153,L1,0.010175458641884,L2,-0.0872...
GetData ===>> H2,-0.263887701830219,H1,0.0709021578295889,AX,-0.0837212099828205,L1,0.0136734380319572,L2,-0.07...
GetData ===>> H2,-0.247853728172221,H1,0.0636088956618377,AX,-0.0524094087881856,L1,-0.00842039837066842,L2,0.0...
GetData ===>> H2,-0.262752825075344,H1,-0.01839477111345,AX,-0.11260120881743,L1,-0.00649316904523509,L2,0.0611...
05:04:18 -- collecting point 50
GetData ===>> H2,-0.19282684236345,H1,0.0303483298911945,AX,-0.0737757912085708,L1,0.000386462035215481,L2,0.05...
GetData ===>> H2,-0.212934224435509,H1,0.0551226422566888,AX,-0.0702053929125025,L1,0.0170237054447972,L2,-0.01...
GetData ===>> H2,-0.165459252800569,H1,0.0688490090298145,AX,-0.117328738733645,L1,-0.00716600228599105,L2,-0.0...
GetData ===>> H2,-0.214546221925508,H1,0.00265752344310601,AX,-0.185277114318598,L1,-0.0539873006964193,L2,-0.0...
GetData ===>> H2,-0.117024116977861,H1,0.0365532662306435,AX,-0.0629250839865333,L1,-0.0234832964696988,L2,0.02...
GetData ===>> H2,-0.0698911538744823,H1,-0.0106303891752589,AX,-0.0911506321983262,L1,-0.00662390130536644,L2,0...
GetData ===>> H2,-0.116136456506829,H1,0.02490739449057,AX,-0.0345405897228718,L1,0.0239294892334953,L2,-0.0847...
GetData ===>> H2,-0.217226707551614,H1,0.153060313765363,AX,0.0136438786505445,L1,-0.00435443607194672,L2,-0.11...
GetData ===>> H2,-0.203649656487994,H1,0.050670929145258,AX,-3.43975220836854E-05,L1,-0.00326270344269792,L2,0....
GetData ===>> H2,-0.219175120253472,H1,-0.03764211601871,AX,-0.169084918052163,L1,0.00056409410517956,L2,-0.024...
GetData ===>> H2,-0.303250874214445,H1,0.0193355149295861,AX,-0.097733483923964,L1,0.0196290378300345,L2,-0.070...
measurement finished
estimated time: 62.915 actual time: :63.240
flush and close file /Users/jan/PychronDev/data/isotopes/2d/ec80b4-03f3-4278-9e3f-e6f6270047fb.h5
activate_detectors ('H1', 'AX', 'CDD') {'peak_center': True}
peak_center () {'detector': 'H1', 'integration_time': 0.262144, 'isotope': 'Ar40'}
peak center: mean=2405.42231441 threshold=3
peak center started
setup peak center. detector=['H1', 'AX', 'CDD'], isotope=Ar40
VersionedUnpickler [<apptools.sweet_pickle.versioned_unpickler.VersionedUnpickler object at 0x1a6b45410>] using Updater [<apptools.sweet_pickle.updater.Updater object at 0x134a15590>]
VersionedUnpickler [<apptools.sweet_pickle.versioned_unpickler.VersionedUnpickler object at 0x1a6b45410>] using Updater [<apptools.sweet_pickle.updater.Updater object at 0x134a15590>]
VersionedUnpickler [<apptools.sweet_pickle.versioned_unpickler.VersionedUnpickler object at 0x1d67e9fb0>] using Updater [<apptools.sweet_pickle.updater.Updater object at 0x134a15590>]
setting integration time = 0.524288
SetIntegrationTime 0.524288 ===>> OK
Mapping mass to dac mass func: "parabolic"
H1 map mass coeffs = [-0.00063987  0.15840543  0.57080999]
H1 map mass to dac 39.9624 >> 5.8792
GetDeflection H1 ===>> 0
GetHighVoltage ===>> 4500
do peak center. <pychron.spectrometer.jobs.peak_center.PeakCenter object at 0x134a156b0>
doing pc
starting peak center. center dac= 5.8792 step_width=0.001
width = 0.001
get scan parameters. half-width=0.015,window=0.015, i=0, scalar=1
Scan parameters center=5.87920 width=0.03000 (5.86420 - 5.89420)
GetData ===>> H2,-0.284295143874165,H1,0.0713080178081917,AX,-0.0678405115274615,L1,-0.00452838253521652,L2,0.0...
Moving to starting dac 5.8642
setting magnet DAC
current  : 5.239856
requested: 5.864200
Delta Dac: 0.624344
Checking detector protection. dv=0.62434
Checking detector "CDD". Protection Threshold: 0.1 (V)
ProtectDetector CDD,On ===>> OK
GetDeflection CDD ===>> 2000
Protected = 2000
SetMagnetDAC 5.8642 ===>> OK
Magnet settling time: 0.500
GetMagnetMoving ===>> True
GetMagnetMoving ===>> True
GetMagnetMoving ===>> True
GetMagnetMoving ===>> True
GetMagnetMoving ===>> True
GetMagnetMoving ===>> True
GetMagnetMoving ===>> True
GetMagnetMoving ===>> True
GetMagnetMoving ===>> True
GetMagnetMoving ===>> False
ProtectDetector CDD,Off ===>> OK
GetDeflection CDD ===>> 50
Wait until signal near baseline. tol= 0.0534810133561. timeout= 10
GetData ===>> H2,106.307374718812,H1,40.3773092895821,AX,2.19261484773449,L1,0.027070804726658,L2,-0.0306027835...
GetData ===>> H2,141.255312439577,H1,76.4588066445271,AX,7.58439712153692,L1,0.0283343711463232,L2,-0.166396657...
GetData ===>> H2,87.176664377558,H1,36.5986425069769,AX,3.4142448421727,L1,0.0414862973479139,L2,0.037264820624...
GetData ===>> H2,39.1538329248076,H1,18.4565668157233,AX,1.54897388171529,L1,0.0475636548758177,L2,0.0028239645...
GetData ===>> H2,14.135174379043,H1,9.88095480078235,AX,0.683616967122545,L1,0.0642995801606629,L2,0.0150772925...
GetData ===>> H2,4.29728385472384,H1,5.76539185452172,AX,0.446579886990529,L1,0.0294202999636084,L2,0.055059564...
GetData ===>> H2,1.26129628636148,H1,3.80519879603571,AX,0.150841328848322,L1,0.0212354707440531,L2,0.077301952...
GetData ===>> H2,0.630082451452939,H1,2.83853065624682,AX,0.0175307624096674,L1,0.0424942531030178,L2,-0.009837...
GetData ===>> H2,0.655193729022843,H1,2.42423618673187,AX,0.133957971700058,L1,0.0062663671802668,L2,-0.0884799...
GetData ===>> H2,0.655193729022843,H1,2.42423618673187,AX,0.133957971700058,L1,0.0062663671802668,L2,-0.0884799...
GetData ===>> H2,0.679897261707554,H1,2.21906989676295,AX,0.0708336551033193,L1,-0.0277681674904434,L2,-0.09855...
GetData ===>> H2,0.580436326534361,H1,1.92818573864086,AX,0.0522727381718381,L1,-0.0482301151691066,L2,-0.13103...
GetData ===>> H2,0.497482485241284,H1,1.90400276749021,AX,0.161789245087154,L1,-0.034656811592891,L2,-0.0407787...
GetData ===>> H2,0.516371947115596,H1,1.86335758530476,AX,0.0811004509042148,L1,-0.00807503531046602,L2,0.08149...
GetData ===>> H2,0.645522948966181,H1,1.78495474095965,AX,0.102008198532651,L1,-0.00276358623979873,L2,0.043712...
GetData ===>> H2,0.650153190142999,H1,1.89759669494169,AX,0.0214061980356318,L1,0.00844797689355948,L2,-0.02989...
GetData ===>> H2,0.464791530881026,H1,1.83974369543083,AX,0.0497456581871597,L1,0.00966844596868297,L2,-0.06308...
GetData ===>> H2,0.368915699003919,H1,1.78192380875026,AX,0.131546302398401,L1,0.0152259668191831,L2,-0.0120009...
GetData ===>> H2,0.337653383916747,H1,1.81190035905947,AX,0.160258318400352,L1,0.0246113880484043,L2,-0.0786958...
GetData ===>> H2,0.315845629977312,H1,1.76549581457477,AX,0.203295802822361,L1,0.00354950178305179,L2,-0.134844...
GetData ===>> H2,0.238300834939935,H1,1.76268191675446,AX,0.120787274481312,L1,0.00768555847751595,L2,-0.129490...
Peak center failed to move to a baseline position
_do_sweep sm= 5.8642, em= 5.8942, stm= 0.001
calculated step values: start=5.8642, end=5.8942, width=0.001, nsteps=31.0
setting magnet DAC
current  : 5.864200
requested: 5.864200
Delta Dac: 0.000000
Checking detector protection. dv=0.00000
Checking detector "CDD". Protection Threshold: 0.1 (V)
SetMagnetDAC 5.8642 ===>> OK
GetData ===>> H2,0.238300834939935,H1,1.76268191675446,AX,0.120787274481312,L1,0.00768555847751595,L2,-0.129490...
setting magnet DAC
current  : 5.864200
requested: 5.865234
Delta Dac: 0.001034
Checking detector protection. dv=0.00103
Checking detector "CDD". Protection Threshold: 0.1 (V)
SetMagnetDAC 5.86523448276 ===>> OK
Magnet settling time: 1.049
GetData ===>> H2,0.162364526270001,H1,3.3130293357458,AX,0.295420441266818,L1,-0.0256997929111404,L2,-0.0015030...
setting magnet DAC
current  : 5.865234
requested: 5.866269
Delta Dac: 0.001034
Checking detector protection. dv=0.00103
Checking detector "CDD". Protection Threshold: 0.1 (V)
SetMagnetDAC 5.86626896552 ===>> OK
Magnet settling time: 1.049
GetData ===>> H2,0.0740492948550154,H1,10.1450365942491,AX,0.918552775024115,L1,-0.00853551675761352,L2,-0.0344...
setting magnet DAC
current  : 5.866269
requested: 5.867303
Delta Dac: 0.001034
Checking detector protection. dv=0.00103
Checking detector "CDD". Protection Threshold: 0.1 (V)
SetMagnetDAC 5.86730344828 ===>> OK
Magnet settling time: 1.049
GetData ===>> H2,0.00871556393042703,H1,36.3961303340837,AX,3.21217857013482,L1,0.0253943013169245,L2,-0.036499...
setting magnet DAC
current  : 5.867303
requested: 5.868338
Delta Dac: 0.001034
Checking detector protection. dv=0.00103
Checking detector "CDD". Protection Threshold: 0.1 (V)
SetMagnetDAC 5.86833793103 ===>> OK
Magnet settling time: 1.049
set states for children of D. state=False
handle state [('D', False)]
update switch state D False args=() kw={'refresh': False} ncanvase=2
refresh_canvas_needed fired
GetData ===>> H2,-0.0112100524215879,H1,123.014266784458,AX,9.86493201903151,L1,0.0295980959095131,L2,-0.062401...
setting magnet DAC
current  : 5.868338
requested: 5.869372
Delta Dac: 0.001034
Checking detector protection. dv=0.00103
Checking detector "CDD". Protection Threshold: 0.1 (V)
SetMagnetDAC 5.86937241379 ===>> OK
Magnet settling time: 1.049
GetData ===>> H2,0.0188439251153341,H1,514.765101361794,AX,43.4249878555581,L1,0.29328949784418,L2,0.1348690141...
setting magnet DAC
current  : 5.869372
requested: 5.870407
Delta Dac: 0.001034
Checking detector protection. dv=0.00103
Checking detector "CDD". Protection Threshold: 0.1 (V)
SetMagnetDAC 5.87040689655 ===>> OK
Magnet settling time: 1.049
set states for children of B. state=False
handle state [('B', False)]
update switch state B False args=() kw={'refresh': False} ncanvase=2
refresh_canvas_needed fired
GetData ===>> H2,0.0371495771779071,H1,1075.20655312106,AX,102.47240300357,L1,0.665329908346347,L2,-0.022338264...
setting magnet DAC
current  : 5.870407
requested: 5.871441
Delta Dac: 0.001034
Checking detector protection. dv=0.00103
Checking detector "CDD". Protection Threshold: 0.1 (V)
SetMagnetDAC 5.87144137931 ===>> OK
Magnet settling time: 1.049
GetData ===>> H2,0.0074423289615569,H1,1653.86287236476,AX,174.189139796825,L1,1.28317570521948,L2,0.0257148183...
setting magnet DAC
current  : 5.871441
requested: 5.872476
Delta Dac: 0.001034
Checking detector protection. dv=0.00103
Checking detector "CDD". Protection Threshold: 0.1 (V)
SetMagnetDAC 5.87247586207 ===>> OK
Magnet settling time: 1.049
GetData ===>> H2,0.144468841994361,H1,2037.07193964134,AX,232.510976378993,L1,1.97899701242189,L2,0.16566165391...
setting magnet DAC
current  : 5.872476
requested: 5.873510
Delta Dac: 0.001034
Checking detector protection. dv=0.00103
Checking detector "CDD". Protection Threshold: 0.1 (V)
SetMagnetDAC 5.87351034483 ===>> OK
Magnet settling time: 1.049
GetData ===>> H2,0.0274293605465963,H1,2211.43522443679,AX,265.230693776242,L1,2.54741316713962,L2,0.4865484665...
setting magnet DAC
current  : 5.873510
requested: 5.874545
Delta Dac: 0.001034
Checking detector protection. dv=0.00103
Checking detector "CDD". Protection Threshold: 0.1 (V)
SetMagnetDAC 5.87454482759 ===>> OK
Magnet settling time: 1.049
GetData ===>> H2,0.0231351796732824,H1,2271.49370737249,AX,277.840670622739,L1,2.95847739076903,L2,0.4574013405...
setting magnet DAC
current  : 5.874545
requested: 5.875579
Delta Dac: 0.001034
Checking detector protection. dv=0.00103
Checking detector "CDD". Protection Threshold: 0.1 (V)
SetMagnetDAC 5.87557931034 ===>> OK
Magnet settling time: 1.049
GetData ===>> H2,-0.164186240891861,H1,2288.12346679192,AX,281.839228428742,L1,3.26586200106683,L2,0.4994573521...
setting magnet DAC
current  : 5.875579
requested: 5.876614
Delta Dac: 0.001034
Checking detector protection. dv=0.00103
Checking detector "CDD". Protection Threshold: 0.1 (V)
SetMagnetDAC 5.8766137931 ===>> OK
Magnet settling time: 1.049
GetData ===>> H2,0.10614704091081,H1,2291.93429649384,AX,282.628465050254,L1,3.46783770494601,L2,0.588587482874...
setting magnet DAC
current  : 5.876614
requested: 5.877648
Delta Dac: 0.001034
Checking detector protection. dv=0.00103
Checking detector "CDD". Protection Threshold: 0.1 (V)
SetMagnetDAC 5.87764827586 ===>> OK
Magnet settling time: 1.049
GetData ===>> H2,0.100855836777347,H1,2291.81546829056,AX,282.438544441235,L1,3.51286250585868,L2,0.44506901773...
setting magnet DAC
current  : 5.877648
requested: 5.878683
Delta Dac: 0.001034
Checking detector protection. dv=0.00103
Checking detector "CDD". Protection Threshold: 0.1 (V)
SetMagnetDAC 5.87868275862 ===>> OK
Magnet settling time: 1.049
GetData ===>> H2,-0.0428193514299951,H1,2291.02554393045,AX,282.800325175681,L1,3.54613208796841,L2,0.630505169...
setting magnet DAC
current  : 5.878683
requested: 5.879717
Delta Dac: 0.001034
Checking detector protection. dv=0.00103
Checking detector "CDD". Protection Threshold: 0.1 (V)
SetMagnetDAC 5.87971724138 ===>> OK
Magnet settling time: 1.049
GetData ===>> H2,-0.164288843121034,H1,2291.82705354182,AX,282.811365771601,L1,3.58918889103966,L2,0.5267430861...
setting magnet DAC
current  : 5.879717
requested: 5.880752
Delta Dac: 0.001034
Checking detector protection. dv=0.00103
Checking detector "CDD". Protection Threshold: 0.1 (V)
SetMagnetDAC 5.88075172414 ===>> OK
Magnet settling time: 1.049
GetData ===>> H2,-0.10341423189308,H1,2291.52698576183,AX,283.056358456741,L1,3.57743780553222,L2,0.47798158147...
setting magnet DAC
current  : 5.880752
requested: 5.881786
Delta Dac: 0.001034
Checking detector protection. dv=0.00103
Checking detector "CDD". Protection Threshold: 0.1 (V)
SetMagnetDAC 5.8817862069 ===>> OK
Magnet settling time: 1.049
GetData ===>> H2,-0.0326388328778734,H1,2289.84499331644,AX,282.895312491702,L1,3.65507933818232,L2,0.639777416...
setting magnet DAC
current  : 5.881786
requested: 5.882821
Delta Dac: 0.001034
Checking detector protection. dv=0.00103
Checking detector "CDD". Protection Threshold: 0.1 (V)
SetMagnetDAC 5.88282068966 ===>> OK
Magnet settling time: 1.049
GetData ===>> H2,-0.0909297852654447,H1,2285.50573784854,AX,281.340303171119,L1,3.60434016230688,L2,0.543749178...
setting magnet DAC
current  : 5.882821
requested: 5.883855
Delta Dac: 0.001034
Checking detector protection. dv=0.00103
Checking detector "CDD". Protection Threshold: 0.1 (V)
SetMagnetDAC 5.88385517241 ===>> OK
Magnet settling time: 1.049
GetData ===>> H2,-0.0942213389981146,H1,2273.48904136205,AX,278.195088007765,L1,3.6035487832181,L2,0.5536250672...
setting magnet DAC
current  : 5.883855
requested: 5.884890
Delta Dac: 0.001034
Checking detector protection. dv=0.00103
Checking detector "CDD". Protection Threshold: 0.1 (V)
SetMagnetDAC 5.88488965517 ===>> OK
Magnet settling time: 1.049
GetData ===>> H2,-0.0430038742184347,H1,2228.32361440751,AX,267.939366274934,L1,3.44598893872073,L2,0.438880616...
setting magnet DAC
current  : 5.884890
requested: 5.885924
Delta Dac: 0.001034
Checking detector protection. dv=0.00103
Checking detector "CDD". Protection Threshold: 0.1 (V)
SetMagnetDAC 5.88592413793 ===>> OK
Magnet settling time: 1.049
GetData ===>> H2,-0.10441747894599,H1,2077.09526842557,AX,236.59414571964,L1,3.05451790184909,L2,0.261596297558...
setting magnet DAC
current  : 5.885924
requested: 5.886959
Delta Dac: 0.001034
Checking detector protection. dv=0.00103
Checking detector "CDD". Protection Threshold: 0.1 (V)
SetMagnetDAC 5.88695862069 ===>> OK
Magnet settling time: 1.049
GetData ===>> H2,-0.246024107914795,H1,1702.06911247984,AX,173.76736465701,L1,2.46239989849977,L2,0.21314734720...
setting magnet DAC
current  : 5.886959
requested: 5.887993
Delta Dac: 0.001034
Checking detector protection. dv=0.00103
Checking detector "CDD". Protection Threshold: 0.1 (V)
SetMagnetDAC 5.88799310345 ===>> OK
Magnet settling time: 1.049
GetData ===>> H2,-0.340741584491019,H1,1127.45744835947,AX,99.2953899513794,L1,1.76297439952886,L2,0.2049081116...
setting magnet DAC
current  : 5.887993
requested: 5.889028
Delta Dac: 0.001034
Checking detector protection. dv=0.00103
Checking detector "CDD". Protection Threshold: 0.1 (V)
SetMagnetDAC 5.88902758621 ===>> OK
Magnet settling time: 1.049
GetData ===>> H2,-0.325973179514867,H1,577.384107385929,AX,43.137820085703,L1,1.10126436832784,L2,0.09574244115...
setting magnet DAC
current  : 5.889028
requested: 5.890062
Delta Dac: 0.001034
Checking detector protection. dv=0.00103
Checking detector "CDD". Protection Threshold: 0.1 (V)
SetMagnetDAC 5.89006206897 ===>> OK
Magnet settling time: 1.049
GetData ===>> H2,-0.136196059427332,H1,229.710662763455,AX,14.3581507451129,L1,0.655681562761738,L2,-0.00587540...
setting magnet DAC
current  : 5.890062
requested: 5.891097
Delta Dac: 0.001034
Checking detector protection. dv=0.00103
Checking detector "CDD". Protection Threshold: 0.1 (V)
SetMagnetDAC 5.89109655172 ===>> OK
Magnet settling time: 1.049
GetData ===>> H2,-0.19961062658436,H1,71.5998916183637,AX,3.36635358131487,L1,0.405622059934196,L2,-0.109162805...
setting magnet DAC
current  : 5.891097
requested: 5.892131
Delta Dac: 0.001034
Checking detector protection. dv=0.00103
Checking detector "CDD". Protection Threshold: 0.1 (V)
SetMagnetDAC 5.89213103448 ===>> OK
Magnet settling time: 1.049
GetData ===>> H2,-0.163268179599808,H1,18.7049603520785,AX,0.500069835816806,L1,0.210736300007431,L2,-0.1061771...
setting magnet DAC
current  : 5.892131
requested: 5.893166
Delta Dac: 0.001034
Checking detector protection. dv=0.00103
Checking detector "CDD". Protection Threshold: 0.1 (V)
SetMagnetDAC 5.89316551724 ===>> OK
Magnet settling time: 1.049
GetData ===>> H2,-0.119482411859714,H1,4.30547555556193,AX,-0.020635195967405,L1,0.140669062069798,L2,0.0352372...
setting magnet DAC
current  : 5.893166
requested: 5.894200
Delta Dac: 0.001034
Checking detector protection. dv=0.00103
Checking detector "CDD". Protection Threshold: 0.1 (V)
SetMagnetDAC 5.8942 ===>> OK
Magnet settling time: 1.049
GetData ===>> H2,-0.242525479029835,H1,0.696050708145513,AX,-0.326464202849143,L1,0.114018516960377,L2,-0.04569...
result of _do_sweep=True
result of _calculate_peak_center=([5.8715647294589175, 5.8792601202404811, 5.8869555110220446], [1699.5561379018018, 2291.9307245037617, 1700.5966343851583], 5.8766448897795591, 2291.9307245037617)
Failed to find a valid peak. No peak greater than 1.0. max = 0.0279223082658
new center pos Detector(H1) (Ar40) @ 5.87926012024
GetHighVoltage ===>> 4500
GetDeflection H1 ===>> 0
dac uncorrected for HV and deflection 5.87926012024
update mftable H1 Ar40 5.87926012024 message=automated run peakcenter
get initial guess parabolic
get initial guess parabolic
get initial guess parabolic
get initial guess parabolic
get initial guess parabolic
get initial guess parabolic
dump mftable to /Users/jan/PychronDev/setupfiles/spectrometer/mftables/mftable.csv
add to repo msg=modified - automated run peakcenter
sweep finished
locally archiving mftable
setting magnet DAC
current  : 5.894200
requested: 5.879260
Delta Dac: 0.014940
Checking detector protection. dv=0.01494
Checking detector "CDD". Protection Threshold: 0.1 (V)
SetMagnetDAC 5.87926012024 ===>> OK
Magnet settling time: 0.500
setting integration time = 1.048576
SetIntegrationTime 1.048576 ===>> OK
Failed to find a valid peak. No peak greater than 1.0. max = 0.0279223082658
flush and close file /Users/jan/PychronDev/data/isotopes/2d/ec80b4-03f3-4278-9e3f-e6f6270047fb.h5
finished measure script
executed snippet estimated_duration=226.132928, duration=275.541857004
jan_unknown120_60.py completed successfully
Measurement Finished
05:05:16 -- ******* Measurement Finished *******
Post Measurement Started jan_pump_ms.py
05:05:16 -- ******* Post Measurement Started jan_pump_ms.py *******
testing...
no interpolation path defined
executed snippet estimated_duration=0, duration=2.90870666504e-05
Pumping spectrometer
open () {'name': 'O'}
opening name=O desc=---
checking ownership. requestor=129.138.12.150
check software interlocks O
interlocks []
actuate state mode=None-script, software_lock=False
doing actuation None-script open_channel True
Open O ===>> OK
GetIndicatorState O ===>> OK
change switch state (True, True)
update switch state O True args=() kw={} ncanvase=2
05:05:16 -- OPEN   VALVE-O (Jan Ion Pump)
---------------------------------------- open O () result=[(True, True)], time=0.10 sec
action=open, ok=True, locked=[False]
executed snippet estimated_duration=0, duration=0.354405164719
jan_pump_ms.py completed successfully
setting _ms_pumptime
Post Measurement Finished
05:05:16 -- ******* Post Measurement Finished *******
$$$$$$$$$$$$$$$$$$$$ state at run end measurement
state changed from measurement to success
post measurement save measured=True aborted=False
Set filtering
setting fod for Ar40= {'filter_outliers': True, 'std_devs': 2, 'iterations': 1}
setting fod for H1= {'filter_outliers': True, 'std_devs': 2, 'iterations': 1}
setting fod for PM41= {'filter_outliers': False, 'std_devs': 2, 'iterations': 1}
setting fod for H2= {'filter_outliers': True, 'std_devs': 2, 'iterations': 1}
setting fod for Ar36= {'filter_outliers': True, 'std_devs': 2, 'iterations': 1}
setting fod for CDD= {'filter_outliers': True, 'std_devs': 10, 'iterations': 1}
setting fod for Ar37= {'filter_outliers': True, 'std_devs': 2, 'iterations': 1}
setting fod for L2= {'filter_outliers': True, 'std_devs': 2, 'iterations': 1}
setting fod for Ar38= {'filter_outliers': True, 'std_devs': 2, 'iterations': 1}
setting fod for L1= {'filter_outliers': True, 'std_devs': 2, 'iterations': 1}
setting fod for Ar39= {'filter_outliers': True, 'std_devs': 2, 'iterations': 1}
setting fod for AX= {'filter_outliers': True, 'std_devs': 2, 'iterations': 1}
persistence save...
persistence save - db
post measurement save
7053195120 connecting to database sqlite:////Users/jan/PychronDev/.appdata/local_lab.db
connected to db sqlite:////Users/jan/PychronDev/.appdata/local_lab.db
create new session 7053195120
close session 7053195120
No database instance. Not saving post measurement to isotopedb database
$$$$$$$$$$$$$$$ auto_save_detector_ic=False
massspec enabled True
create new session 4979675504
MassSpec Database Version: 16.0
close session 4979675504
saving post measurement to secondary database
saving to massspec database 129.138.12.160/massspecdata
setting labnumber to 25351
setting aliquot to 3
setting step to 
setting uuid to 2dec80b4-03f3-4278-9e3f-e6f6270047fb
setting irradpos to 25351
setting extract_device to Fusions CO2
setting tray to 
setting position to 219
setting power_requested to 5.0
setting extract_value to 5.0
setting duration to 30.0
setting duration_at_request to 30.0
setting first_stage_delay to 30.0
setting cleanup to 30.0
setting comment to Q:16
setting irradiation to NM-288
setting level to Q
setting irradiation_level to Q
setting sample to FC-2
setting material to Sanidine
setting project to Irradiation-NM-288
setting mass_spectrometer to Jan
no attribute chron_dosages
no attribute production_ratios
no attribute interference_corrections
no attribute production_name
no attribute j
Reference Isotope=Ar40
Reference Detector=H1
%%%%%%%%%%%%%%%%%%%% Comment: Q:16 %%%%%%%%%%%%%%%%%%%
adding isotope PM41 H2
add baseline dbdet= PM41. original det= H2
get baseline data PM41 H2
Get data baseline <pychron.processing.isotope.Baseline object at 0x1bfa11510> len t=60
baseline PM41. v=-0.198939948751, e=0.00660557952054
get signal data PM41 H2
Get data signal PM41 0.16+/-0.07 len t=120
adding isotope Ar40 H1
add baseline dbdet= Ar40. original det= H1
get baseline data Ar40 H1
Get data baseline <pychron.processing.isotope.Baseline object at 0x1bfa11990> len t=60
baseline Ar40. v=0.0190077785744, e=0.00693689494075
get signal data Ar40 H1
Get data signal Ar40 2529.81+/-0.11 len t=120
adding isotope Ar39 AX
add baseline dbdet= Ar39. original det= AX
get baseline data Ar39 AX
Get data baseline <pychron.processing.isotope.Baseline object at 0x1bfa11f10> len t=60
baseline Ar39. v=-0.0873500019166, e=0.00602420827847
get signal data Ar39 AX
Get data signal Ar39 311.27+/-0.04 len t=120
adding isotope Ar38 L1
add baseline dbdet= Ar38. original det= L1
get baseline data Ar38 L1
Get data baseline <pychron.processing.isotope.Baseline object at 0x1cb3bbad0> len t=60
baseline Ar38. v=-0.0217224530031, e=0.00373161270496
get signal data Ar38 L1
Get data signal Ar38 4.006+/-0.006 len t=120
adding isotope Ar37 L2
add baseline dbdet= Ar37. original det= L2
get baseline data Ar37 L2
Get data baseline <pychron.processing.isotope.Baseline object at 0x1cb3bb390> len t=60
baseline Ar37. v=-0.0161076915311, e=0.00705421110963
get signal data Ar37 L2
Get data signal Ar37 0.639+/-0.012 len t=120
adding isotope Ar36 CDD
add baseline dbdet= Ar36. original det= CDD
get baseline data Ar36 CDD
Get data baseline <pychron.processing.isotope.Baseline object at 0x1cb3bbc50> len t=60
baseline Ar36. v=0.000491255873292, e=3.83227091614e-05
get signal data Ar36 CDD
Get data signal Ar36 0.01122+/-0.00030 len t=120
25351-03 added analysis time 0.605281829834s
analysis added to mass spec database
mass spec save time= 0.619
persistence save - dvc
================= post measurement started
create new session 4982376208
close session 4982376208
---------------- Experiment Queue saving disabled
DVC saving peakcenter
Failed to find a valid peak. No peak greater than 1.0. max = 0.0279223082658
Smart pull ahead: 0 behind: 0
Up-to-date with origin
add to repo msg=modified - ad8224ebc6dbfeb9f5997218dfa5fe690569839d.json
add to repo msg=modified - 51-03.json
add to repo msg=modified - 51-03.dat.json
add to repo msg=modified - 51-03.blan.json
add to repo msg=modified - 51-03.inte.json
add to repo msg=modified - 51-03.icfa.json
add to repo msg=modified - 51-03.base.json
not at valid file /Users/jan/PychronDev/data/.dvc/repositories/Load1788/253/tags/51-03.tags.json
add to repo msg=modified - 51-03.peak.json
add to repo msg=modified - 51-03.extr.json
not at valid file /Users/jan/PychronDev/data/.dvc/repositories/Load1788/253/monitor/51-03.moni.json
commit message=<COLLECTION>
add to repo msg=modified - 51-03.inte.json
add to repo msg=modified - 51-03.base.json
commit message=<ISOEVO> default collection fits
add to repo msg=modified - 51-03.blan.json
commit message=<BLANKS> preceding bc-02-J-346
add to repo msg=modified - 51-03.icfa.json
commit message=<ICFactor> default
push repository <pychron.git_archive.repo_manager.GitRepoManager object at 0x1a2795bf0>
pushing to remote=origin, url=https://github.com
no changes to meta repo
create new session 4982376208
add association Load1788
get identifier "25351"
setting analysis irradiation position=<pychron.dvc.dvc_orm.IrradiationPositionTbl object at 0x1c3cd48d0>
close session 4982376208
================= post measurement finished
05:05:31 -- ******* Post Run Check *******
loading queue conditionals post_run_actions
loading system conditionals post_run_actions
loading conditionals from /Users/jan/PychronDev/setupfiles/spectrometer/default_conditionals.yaml
loading queue conditionals post_run_terminations
loading system conditionals post_run_terminations
loading conditionals from /Users/jan/PychronDev/setupfiles/spectrometer/default_conditionals.yaml
Checking default post run terminations n=1
GetDeflection CDD ===>> 50
testing CDD==2000
evaluate ot="CDD.deflection==2000" t="CDD==2000", ctx="{'CDD': 50.0}"
05:05:31 -- ******* Post Run Check Passed *******
05:05:31 -- Automated run 25351-03 success duration: 368.900 s
----------------- finish -----------------
----------------- stop -----------------
retroactive repository identifiers disabled
finish run. runs completed=130
update duration runid=25351-03, duration=368.899636984, md5=301e91d8
loading script "jan_unknown120_60.py"
loading script "jan_pump_ms.py"
loading script "jan_co2.py"
loading script "jan_pump_extraction_line.py"
testing...
no interpolation path defined
executed snippet estimated_duration=213.652928, duration=0.000463008880615
script duration name:unknown120_60 seconds:214.0
loading script "jan_unknown120_60.py"
loading script "jan_pump_ms.py"
loading script "jan_co2.py"
loading script "jan_pump_extraction_line.py"
testing...
no interpolation path defined
executed snippet estimated_duration=0, duration=2.8133392334e-05
loading script "jan_unknown120_60.py"
loading script "jan_pump_ms.py"
loading script "jan_co2.py"
loading script "jan_pump_extraction_line.py"
testing...
no interpolation path defined
calculate duration
testing...
no interpolation path defined
executed snippet estimated_duration=0, duration=4.91142272949e-05
calculate duration
testing...
no interpolation path defined
executed snippet estimated_duration=0, duration=9.20295715332e-05
executed snippet estimated_duration=0.0, duration=0.00224208831787
script duration name:co2 seconds:0.0
loading script "jan_unknown120_60.py"
loading script "jan_pump_ms.py"
loading script "jan_co2.py"
loading script "jan_pump_extraction_line.py"
testing...
no interpolation path defined
calculate duration
testing...
no interpolation path defined
executed snippet estimated_duration=4.0, duration=0.000190019607544
executed snippet estimated_duration=4.0, duration=0.00172591209412
Script duration 214.0
Run total estimated duration= 215.000
loading script "jan_unknown400_120.py"
loading script "jan_pump_ms.py"
loading script "jan_co2.py"
loading script "jan_pump_extraction_line.py"
testing...
no interpolation path defined
executed snippet estimated_duration=556.052928, duration=0.000149011611938
script duration name:unknown400_120 seconds:556.0
pump_ms in script context. using previous estimated duration
co2 in script context. using previous estimated duration
script duration name:co2 seconds:0.0
pump_extraction_line in script context. using previous estimated duration
Script duration 556.0
Run total estimated duration= 557.000
unknown400_120 in script context. using previous estimated duration
script duration name:unknown400_120 seconds:556.0
loading script "jan_unknown400_120.py"
loading script "jan_pump_ms.py"
loading script "jan_sniffair_x2.py"
loading script "jan_pump_extraction_line.py"
testing...
no interpolation path defined
calculate duration
testing...
no interpolation path defined
executed snippet estimated_duration=0, duration=5.00679016113e-05
calculate duration
testing...
no interpolation path defined
executed snippet estimated_duration=0, duration=9.89437103271e-05
calculate duration
testing...
no interpolation path defined
executed snippet estimated_duration=32.0, duration=8.98838043213e-05
calculate duration
testing...
no interpolation path defined
executed snippet estimated_duration=34.0, duration=9.58442687988e-05
calculate duration
testing...
no interpolation path defined
executed snippet estimated_duration=4.0, duration=6.60419464111e-05
calculate duration
testing...
no interpolation path defined
executed snippet estimated_duration=36.0, duration=8.79764556885e-05
calculate duration
testing...
no interpolation path defined
executed snippet estimated_duration=34.0, duration=0.000159978866577
calculate duration
testing...
no interpolation path defined
executed snippet estimated_duration=4.0, duration=6.8187713623e-05
calculate duration
testing...
no interpolation path defined
executed snippet estimated_duration=36.0, duration=8.79764556885e-05
calculate duration
testing...
no interpolation path defined
executed snippet estimated_duration=70.0, duration=9.48905944824e-05
executed snippet estimated_duration=250.0, duration=0.0206799507141
script duration name:sniffair_x2 seconds:250.0
Script duration 806.0
Run total estimated duration= 807.000
script duration name:unknown400_120 seconds:556.0
sniffair_x2 in script context. using previous estimated duration
script duration name:sniffair_x2 seconds:250.0
Script duration 806.0
Run total estimated duration= 807.000
loading script "jan_ic_peak_hop3.py"
loading script "jan_pump_ms.py"
loading script "jan_sniffair_x1.py"
loading script "jan_pump_extraction_line.py"
testing...
no interpolation path defined
executed snippet estimated_duration=133.8, duration=0.0103619098663
script duration name:ic_peak_hop3 seconds:134.0
loading script "jan_ic_peak_hop3.py"
loading script "jan_pump_ms.py"
loading script "jan_sniffair_x1.py"
loading script "jan_pump_extraction_line.py"
testing...
no interpolation path defined
calculate duration
testing...
no interpolation path defined
executed snippet estimated_duration=0, duration=4.91142272949e-05
calculate duration
testing...
no interpolation path defined
executed snippet estimated_duration=0, duration=9.79900360107e-05
calculate duration
testing...
no interpolation path defined
executed snippet estimated_duration=32.0, duration=8.6784362793e-05
calculate duration
testing...
no interpolation path defined
executed snippet estimated_duration=34.0, duration=9.67979431152e-05
calculate duration
testing...
no interpolation path defined
executed snippet estimated_duration=4.0, duration=7.5101852417e-05
calculate duration
testing...
no interpolation path defined
executed snippet estimated_duration=70.0, duration=0.000117063522339
executed snippet estimated_duration=140.0, duration=0.0214071273804
script duration name:sniffair_x1 seconds:140.0
Script duration 274.0
Run total estimated duration= 275.000
unknown120_60 in script context. using previous estimated duration
script duration name:unknown120_60 seconds:214.0
script duration name:co2 seconds:0.0
Script duration 214.0
Run total estimated duration= 215.000
script duration name:unknown120_60 seconds:214.0
script duration name:co2 seconds:0.0
Script duration 214.0
Run total estimated duration= 215.000
nruns=7 before=5.0, run_dur=3091.0, btw=270.0
write rem/ex queues
/Users/jan/PychronDev/experiments/rem/CurrentExperiment.rem.txt
/Users/jan/PychronDev/experiments/rem/CurrentExperiment.ex.txt
doing event level: 3
