do run
loading script "jan_unknown120_60.py"
loading script "jan_pump_ms.py"
loading script "jan_co2.py"
loading script "jan_pump_extraction_line.py"
testing...
no interpolation path defined
executed snippet estimated_duration=213.652928, duration=0.000261068344116
script duration name:unknown120_60 seconds:214.0
loading script "jan_unknown120_60.py"
loading script "jan_pump_ms.py"
loading script "jan_co2.py"
loading script "jan_pump_extraction_line.py"
testing...
no interpolation path defined
executed snippet estimated_duration=0, duration=2.50339508057e-05
loading script "jan_unknown120_60.py"
loading script "jan_pump_ms.py"
loading script "jan_co2.py"
loading script "jan_pump_extraction_line.py"
testing...
no interpolation path defined
calculate duration
testing...
no interpolation path defined
executed snippet estimated_duration=0, duration=5.50746917725e-05
calculate duration
testing...
no interpolation path defined
executed snippet estimated_duration=0, duration=9.20295715332e-05
executed snippet estimated_duration=0.0, duration=0.00236892700195
script duration name:co2 seconds:0.0
loading script "jan_unknown120_60.py"
loading script "jan_pump_ms.py"
loading script "jan_co2.py"
loading script "jan_pump_extraction_line.py"
testing...
no interpolation path defined
calculate duration
testing...
no interpolation path defined
executed snippet estimated_duration=4.0, duration=0.000243186950684
executed snippet estimated_duration=4.0, duration=0.00615906715393
Script duration 214.0
Run total estimated duration= 215.000
run duration: 0:03:35
doing event level: 2
05:06:23 -- Setting default integration. t=1.048576
setting integration time = 1.048576
SetIntegrationTime 1.048576 ===>> OK
----------------- start -----------------
**************** Experiment Type: Ar/Ar, Ar/Ar
create new session 4419362736
close session 4419362736
$$$$$ Clearing conditionals
adding conditionals 
Add queue conditionals
add default conditionals
adding default conditionals from /Users/jan/PychronDev/setupfiles/spectrometer/default_conditionals.yaml
Start automated run 25351-04
loading script "jan_unknown120_60.py"
loading script "jan_pump_ms.py"
loading script "jan_co2.py"
loading script "jan_pump_extraction_line.py"
%%%%%%%%%%%%%%%%%% setting automated run 25351-04
No value "sensitivity_multiplier" in metadata
$$$$$$$$$$$$$$$ auto_save_detector_ic=False
============================= Pre Extraction Check =============================
loading queue conditionals pre_run_terminations
loading system conditionals pre_run_terminations
loading conditionals from /Users/jan/PychronDev/setupfiles/spectrometer/default_conditionals.yaml
05:06:23 -- ******* Pre Extraction Check *******
Get a measurement from the spectrometer
GetData ===>> H2,-0.242221316225392,H1,0.0689803137976732,AX,-0.111824852286583,L1,0.00913974239568081,L2,0.046...
Pre Extraction Termination data. keys=H2,H1,AX,L1,L2,CDD, signals=-0.24222,0.06898,-0.11182,0.00914,0.04638,0.00506
05:06:23 -- testing system defined conditionals
Checking default pre extraction terminations n=2
testing CDD
evaluate ot="CDD.inactive" t="CDD", ctx="{'CDD': False}"
GetDeflection CDD ===>> 50
testing CDD==2000
evaluate ot="CDD.deflection==2000" t="CDD==2000", ctx="{'CDD': 50.0}"
05:06:23 -- ******* Pre Extraction Check Passed *******
=================================================================================
05:06:23 -- stopping status monitor
stop 4976433200
Alive clients [4982646160]
05:06:23 -- starting status monitor
start 4976433200
Monitor already running
start extraction
do extraction
Analysis started at 05:06:23.574960
Extraction Started jan_co2.py
05:06:23 -- ******* Extraction Started jan_co2.py *******
state changed from not run to extraction
DO EXTRACTION <pychron.extraction_line.pyscript_runner.RemotePyScriptRunner object at 0x12b9a8890>
testing...
no interpolation path defined
calculate duration
testing...
no interpolation path defined
executed snippet estimated_duration=0, duration=4.19616699219e-05
calculate duration
testing...
no interpolation path defined
executed snippet estimated_duration=0, duration=7.10487365723e-05
executed snippet estimated_duration=100.0, duration=0.00172400474548
Jan CO2 laser analysis
doing GOSUB
testing...
no interpolation path defined
executed snippet estimated_duration=0, duration=3.69548797607e-05
Waiting for CO2 access
wait ('FelixCO2Flag', 0) {}
waiting for FelixCO2Flag = 0
Read FelixCO2Flag ===>> 0
finished waiting
CO2 free
wait ('CO2PumpTimeFlag', 0) {}
waiting for CO2PumpTimeFlag = 0
Read CO2PumpTimeFlag ===>> 0
finished waiting
acquire ('JanCO2Flag',) {'clear': True}
acquire JanCO2Flag
Set JanCO2Flag 1 ===>> OK
JanCO2Flag acquired
set extraction state False (0.75, 'red', 1.5)
CO2 acquired
executed snippet estimated_duration=0, duration=0.0169038772583
WaitForCO2Access.py completed successfully
gosub finished
doing GOSUB
testing...
no interpolation path defined
executed snippet estimated_duration=0, duration=0.000100135803223
Prepare for CO2 analysis
close () {'description': 'Jan Inlet'}
closing name=--- desc=Jan Inlet
checking ownership. requestor=129.138.12.150
check software interlocks R
interlocks []
actuate state mode=None-script, software_lock=False
doing actuation None-script close_channel False
Close R ===>> OK
GetIndicatorState R ===>> False
change switch state (True, True)
update switch state R False args=() kw={} ncanvase=2
05:06:24 -- CLOSE  VALVE-R (Jan Inlet)
---------------------------------------- close None (Jan Inlet) result=[(True, True)]
action=close, ok=True, locked=[False]
open () {'description': 'Jan Ion Pump'}
opening name=--- desc=Jan Ion Pump
checking ownership. requestor=129.138.12.150
check software interlocks O
interlocks []
actuate state mode=None-script, software_lock=False
doing actuation None-script open_channel False
Open O ===>> OK
GetIndicatorState O ===>> OK
change switch state (True, True)
update switch state O True args=() kw={} ncanvase=2
05:06:24 -- OPEN   VALVE-O (Jan Ion Pump)
---------------------------------------- open None (Jan Ion Pump) result=[(True, True)], time=0.09 sec
action=open, ok=True, locked=[False]
close () {'description': 'Microbone to Minibone'}
closing name=--- desc=Microbone to Minibone
checking ownership. requestor=129.138.12.150
check software interlocks L
interlocks []
actuate state mode=None-script, software_lock=False
doing actuation None-script close_channel False
Close L ===>> OK
GetIndicatorState L ===>> False
change switch state (True, True)
update switch state L False args=() kw={} ncanvase=2
05:06:25 -- CLOSE  VALVE-L (Microbone to Minibone)
---------------------------------------- close None (Microbone to Minibone) result=[(True, True)]
action=close, ok=True, locked=[False]
open () {'description': 'Microbone to Turbo'}
opening name=--- desc=Microbone to Turbo
checking ownership. requestor=129.138.12.150
check software interlocks U
interlocks []
actuate state mode=None-script, software_lock=False
doing actuation None-script open_channel False
Open U ===>> OK
GetIndicatorState U ===>> OK
change switch state (True, True)
update switch state U True args=() kw={} ncanvase=2
05:06:25 -- OPEN   VALVE-U (Microbone to Turbo)
---------------------------------------- open None (Microbone to Turbo) result=[(True, True)], time=0.12 sec
action=open, ok=True, locked=[False]
open () {'description': 'Microbone to Inlet Pipette'}
opening name=--- desc=Microbone to Inlet Pipette
checking ownership. requestor=129.138.12.150
check software interlocks S
interlocks []
actuate state mode=None-script, software_lock=False
doing actuation None-script open_channel False
Open S ===>> OK
GetIndicatorState S ===>> OK
change switch state (True, True)
update switch state S True args=() kw={} ncanvase=2
05:06:26 -- OPEN   VALVE-S (Microbone to Inlet Pipette)
---------------------------------------- open None (Microbone to Inlet Pipette) result=[(True, True)], time=0.41 sec
action=open, ok=True, locked=[False]
open () {'description': 'Microbone to Getter D-50'}
opening name=--- desc=Microbone to Getter D-50
checking ownership. requestor=129.138.12.150
check software interlocks K
interlocks []
actuate state mode=None-script, software_lock=False
doing actuation None-script open_channel False
Open K ===>> OK
GetIndicatorState K ===>> OK
change switch state (True, True)
update switch state K True args=() kw={} ncanvase=2
05:06:26 -- OPEN   VALVE-K (Microbone to Getter D-50)
---------------------------------------- open None (Microbone to Getter D-50) result=[(True, True)], time=0.41 sec
action=open, ok=True, locked=[False]
open () {'description': 'Microbone to Getter NP-10'}
opening name=--- desc=Microbone to Getter NP-10
checking ownership. requestor=129.138.12.150
check software interlocks M
interlocks []
actuate state mode=None-script, software_lock=False
doing actuation None-script open_channel False
Open M ===>> OK
GetIndicatorState M ===>> OK
change switch state (True, True)
update switch state M True args=() kw={} ncanvase=2
05:06:27 -- OPEN   VALVE-M (Microbone to Getter NP-10)
---------------------------------------- open None (Microbone to Getter NP-10) result=[(True, True)], time=0.13 sec
action=open, ok=True, locked=[False]
close () {'description': 'CO2 Laser to Felix'}
closing name=--- desc=CO2 Laser to Felix
checking ownership. requestor=129.138.12.150
check software interlocks F
interlocks []
actuate state mode=None-script, software_lock=True
VALVE-F(CO2 Laser to Felix) software locked
change switch state (True, False)
---------------------------------------- close None (CO2 Laser to Felix) result=[(True, False)]
action=close, ok=True, locked=[True]
open () {'description': 'CO2 Laser to Jan'}
opening name=--- desc=CO2 Laser to Jan
checking ownership. requestor=129.138.12.150
check software interlocks A
interlocks []
actuate state mode=None-script, software_lock=False
doing actuation None-script open_channel False
Open A ===>> OK
GetIndicatorState A ===>> OK
change switch state (True, True)
update switch state A True args=() kw={} ncanvase=2
05:06:27 -- OPEN   VALVE-A (CO2 Laser to Jan)
---------------------------------------- open None (CO2 Laser to Jan) result=[(True, True)], time=0.12 sec
action=open, ok=True, locked=[False]
open () {'description': 'Microbone to CO2 Laser'}
opening name=--- desc=Microbone to CO2 Laser
checking ownership. requestor=129.138.12.150
check software interlocks T
interlocks []
actuate state mode=None-script, software_lock=False
doing actuation None-script open_channel False
Open T ===>> OK
GetIndicatorState T ===>> OK
change switch state (True, True)
update switch state T True args=() kw={} ncanvase=2
05:06:28 -- OPEN   VALVE-T (Microbone to CO2 Laser)
---------------------------------------- open None (Microbone to CO2 Laser) result=[(True, True)], time=0.41 sec
action=open, ok=True, locked=[False]
executed snippet estimated_duration=0, duration=4.80786705017
PrepareForCO2Analysis.py completed successfully
gosub finished
set_motor ('beam', '1.25') {}
setting motor "beam" to 1.25
set motor beam to 1.25
SetMotor beam,1.25 ===>> OK
GetMotorMoving beam ===>> False
GetMotorMoving beam ===>> False
Block completed
move_to_position ('220',) {'autocenter': True}
FusionsCO2 move to position 220
sending GoToHole 220,True
GoToHole 220,True ===>> OK
GetDriveMoving ===>> OK
GetDriveMoving ===>> OK
GetDriveMoving ===>> OK
GetDriveMoving ===>> OK
GetDriveMoving ===>> OK
GetDriveMoving ===>> OK
GetDriveMoving ===>> False
GetDriveMoving ===>> OK
GetDriveMoving ===>> OK
GetDriveMoving ===>> OK
GetDriveMoving ===>> OK
GetDriveMoving ===>> OK
GetDriveMoving ===>> False
Block completed
GetAutoCorrecting ===>> False
GetAutoCorrecting ===>> False
Block completed
update position
GetPosition ===>> 1.99390,-15.95120,1.00000
got position (1.9939, -15.9512, 1.0)
move to position succeeded
sleep (5,) {}
SLEEP 5.0
block started
WaitControl setup for 5.0  
Join finished
block finished. duration 5.04366111755
close () {'description': 'Microbone to Turbo'}
closing name=--- desc=Microbone to Turbo
checking ownership. requestor=129.138.12.150
check software interlocks U
interlocks []
actuate state mode=None-script, software_lock=False
doing actuation None-script close_channel True
Close U ===>> OK
GetIndicatorState U ===>> False
change switch state (True, True)
update switch state U False args=() kw={} ncanvase=2
05:06:39 -- CLOSE  VALVE-U (Microbone to Turbo)
---------------------------------------- close None (Microbone to Turbo) result=[(True, True)]
action=close, ok=True, locked=[False]
enable laser
enable () {}
set extraction state FusionsCO2 Enabled (False, 'red', 1.5)
enabling laser
Enable ===>> OK
begin interval
BEGIN INTERVAL Interval 1 waiting for 30.0
block started
set extract to 5.0
WaitControl setup for 30.0  
extract (5.0,) {}
GetPosition ===>> 1.99390,-15.95120,1.00000
set extraction state FusionsCO2 ON! 5.0(watts) (0.75, 'red', 1.5)
extract sample to 5.0 (watts)
set laser output
SetLaserOutput 5.0,watts ===>> OK
executing pattern triangle.lp
execute_pattern ('triangle.lp',) {}
executing pattern triangle.lp
IsPatterning ===>> OK
IsPatterning ===>> OK
IsPatterning ===>> OK
IsPatterning ===>> OK
IsPatterning ===>> OK
IsPatterning ===>> OK
IsPatterning ===>> OK
IsPatterning ===>> OK
IsPatterning ===>> OK
IsPatterning ===>> OK
IsPatterning ===>> OK
IsPatterning ===>> OK
IsPatterning ===>> OK
IsPatterning ===>> OK
IsPatterning ===>> OK
IsPatterning ===>> OK
IsPatterning ===>> OK
IsPatterning ===>> OK
set states for children of V. state=False
handle state [('V', False)]
update switch state V False args=() kw={'refresh': False} ncanvase=2
refresh_canvas_needed fired
IsPatterning ===>> OK
IsPatterning ===>> OK
IsPatterning ===>> OK
IsPatterning ===>> OK
set states for children of H. state=True
handle state [('H', True)]
update switch state H True args=() kw={'refresh': False} ncanvase=2
refresh_canvas_needed fired
IsPatterning ===>> OK
IsPatterning ===>> OK
IsPatterning ===>> OK
IsPatterning ===>> OK
IsPatterning ===>> False
IsPatterning ===>> False
Block completed
COMPLETE INTERVAL waiting for Interval 1 to complete
Join finished
block finished. duration 30.1054060459
Interval 1 finished
end_extract () {}
ending extraction. set laser power to 0
set laser power 0
SetLaserPower 0 ===>> OK
disable () {}
%%%%%%%%%%%%%%%%%%%%%%%%%%%%%%%%%%% disable
set extraction state False (0.75, 'red', 1.5)
disabling laser
Disable ===>> OK
sleep (30.0,) {}
SLEEP 30.0
block started
WaitControl setup for 30.0  
set states for children of H. state=False
handle state [('H', False)]
update switch state H False args=() kw={'refresh': False} ncanvase=2
refresh_canvas_needed fired
set states for children of C. state=True
set states for children of B. state=True
handle state [('C', True), ('B', True)]
update switch state C True args=() kw={'refresh': True} ncanvase=2
update switch state B True args=() kw={'refresh': False} ncanvase=2
refresh_canvas_needed fired
State checksums do not match. Local:-399402248 Remote:1223320555
State checksum failed
set states for children of D. state=True
handle state [('D', True)]
update switch state D True args=() kw={'refresh': False} ncanvase=2
refresh_canvas_needed fired
Join finished
block finished. duration 30.1047768593
executed snippet estimated_duration=166.5, duration=77.1205129623
jan_co2.py completed successfully
GetAchievedOutput ===>> No Response
Requested Output= 0.000
Achieved Output=  0.000
GetResponseBlob ===>> No Response
GetOutputBlob ===>> No Response
persistence save...
persistence save - db
AutomatedRunPersister post_extraction_save deprecated
persistence save - dvc
no extraction position for 220
create new session 4982376208
close session 4982376208
Extraction Finished
05:07:40 -- ******* Extraction Finished *******
no overlap. not waiting for min ms pumptime
05:07:40 -- Sending spectrometer configuration
======== Sending configuration ========
SetDeflection CDD,50.0 ===>> OK
SetDeflection H2,0.0 ===>> OK
SetDeflection H1,0.0 ===>> OK
SetDeflection L2,825.0 ===>> OK
SetDeflection L1,400.0 ===>> OK
SetDeflection AX,190.0 ===>> OK
SetZFocus 74.64 ===>> OK
SetZSymmetry -50.72 ===>> OK
SetExtractionLens 26.13 ===>> OK
SetIonRepeller -3.81 ===>> OK
SetElectronEnergy 75.08 ===>> OK
SetYSymmetry -2.81 ===>> OK
SetIonCounterVoltage 1590.0 ===>> OK
send trap current 200.0
GetParameter Trap Current Readback ===>> 198.482695477019
SetParameter Trap Current Set,200.0 ===>> OK
updating mftable name mftable
Using mftable located at /Users/jan/PychronDev/setupfiles/spectrometer/mftables/mftable.csv
============ MFtable ===========
Isotope  H2     H1     AX     L1     L2     CDD    
Ar40     5.8013 5.8793 5.9925 6.1412 6.2310 6.3694
Ar39     5.7005 5.7715 5.8849 6.0272 6.1161 6.2559
Ar36     5.3780 5.4405 5.5483 5.6861 5.7711 5.9070
================================
get initial guess parabolic
get initial guess parabolic
get initial guess parabolic
get initial guess parabolic
get initial guess parabolic
get initial guess parabolic
======== Configuration Finished ========
GetYSymmetry ===>> -2.81
GetZSymmetry ===>> -50.72
GetParameter Trap Current Readback ===>> 198.258926936459
GetHighVoltage ===>> 4500
start measurement
do measurement
L#=25351 analysis type=unknown
Measurement Started jan_unknown120_60.py
05:07:40 -- ******* Measurement Started jan_unknown120_60.py *******
state changed from extraction to measurement
setting spec, defl, and gains
GetExtractionLens ===>> 26.13
GetYSymmetry ===>> -2.81
GetZSymmetry ===>> -50.72
GetZFocus ===>> 74.64
GetDeflection H2 ===>> 0
GetDeflection H1 ===>> 0
GetDeflection AX ===>> 190
GetDeflection L1 ===>> 400
GetDeflection L2 ===>> 825
GetDeflection CDD ===>> 50
GetGain H2 ===>> 0.0113
GetGain H1 ===>> 0.1
GetGain AX ===>> 0.097049
GetGain L1 ===>> 0.010355
GetGain L2 ===>> 0.095649
GetGain CDD ===>> 0
pre measurement save
New frame /Users/jan/PychronDev/data/isotopes/3c/ab7974-46c2-4615-99f6-5bb7d84a3d2e.h5
flush and close file /Users/jan/PychronDev/data/isotopes/3c/ab7974-46c2-4615-99f6-5bb7d84a3d2e.h5
testing...
no interpolation path defined
executed snippet estimated_duration=226.132928, duration=0.000118017196655
unknown measurement script
activate_detectors ('H2', 'H1', 'AX', 'L1', 'L2', 'CDD') {}
activate detectors
*************** Set Analysis View Ar/Ar
create graphs
clearing graphs
clear isotope group
setting isotope det=H2, iso=PM41
setting isotope det=H1, iso=Ar40
setting isotope det=AX, iso=Ar39
setting isotope det=L1, iso=Ar38
setting isotope det=L2, iso=Ar37
setting isotope det=CDD, iso=Ar36
setting previous blanks
 - setting Ar40 blank 0.188+/-0.007
 - setting Ar36 blank 0.00429+/-0.00017
 - setting Ar37 blank 0.047+/-0.005
 - setting Ar38 blank 0.0098+/-0.0021
 - setting PM41 blank 0.02+/-0.06
 - setting Ar39 blank 0.013+/-0.009
load analysis view
position_magnet ('Ar40',) {'detector': 'H1'}
detector Detector(H1)
POSITION Ar40 H1
setting detector H2 to PM41 (40.9624)
setting detector H1 to Ar40 (39.9624)
setting detector AX to Ar39 (38.9624)
setting detector L1 to Ar38 (37.9624)
setting detector L2 to Ar37 (36.9624)
setting detector CDD to Ar36 (35.9624)
Mapping mass to dac mass func: "parabolic"
H1 map mass coeffs = [-0.00063987  0.15840543  0.57086999]
H1 map mass to dac 39.9624 >> 5.87926
GetDeflection H1 ===>> 0
GetHighVoltage ===>> 4500
positioning Ar40 (5.87926) on H1
setting magnet DAC
current  : 5.879260
requested: 5.879260
Delta Dac: 0.000000
Checking detector protection. dv=0.00000
Checking detector "CDD". Protection Threshold: 0.1 (V)
SetMagnetDAC 5.87926 ===>> OK
Magnet settling time: 0.500
equilibrate () {'delay': 3, 'inlet': 'R', 'outlet': 'O', 'eqtime': 12.0}
Equilibration Started
05:07:42 -- ******* Equilibration Started *******
checking ownership. requestor=129.138.12.150
check software interlocks O
interlocks []
actuate state mode=None-script, software_lock=False
doing actuation None-script close_channel True
Close O ===>> OK
GetIndicatorState O ===>> False
change switch state (True, True)
update switch state O False args=() kw={} ncanvase=2
05:07:42 -- CLOSE  VALVE-O (Jan Ion Pump)
waiting 3s before opening inlet value ('R',)
update labels <pychron.experiment.plot_panel.PlotPanel object at 0x19db1f0b0>
update labels "<pychron.graph.stacked_regression_graph.StackedRegressionGraph object at 0x1a9cbd290>"
setting label 0 H2 PM41
setting label 1 H1 Ar40
setting label 2 AX Ar39
setting label 3 L1 Ar38
setting label 4 L2 Ar37
setting label 5 CDD Ar36
update labels "<pychron.graph.stacked_graph.StackedGraph object at 0x1cb5a8cb0>"
setting label 0 H2 PM41
setting label 1 H1 Ar40
setting label 2 AX Ar39
setting label 3 L1 Ar38
setting label 4 L2 Ar37
setting label 5 CDD Ar36
checking ownership. requestor=129.138.12.150
check software interlocks R
interlocks []
actuate state mode=None-script, software_lock=False
doing actuation None-script open_channel True
Open R ===>> OK
GetIndicatorState R ===>> OK
change switch state (True, True)
update switch state R True args=() kw={} ncanvase=2
05:07:45 -- OPEN   VALVE-R (Jan Inlet)
equilibrating for 12.0sec
set_time_zero () {}
sniff (12.0,) {}
py_sniff
build tables- sniff [Detector(H2), Detector(H1), Detector(AX), Detector(L1), Detector(L2), Detector(CDD)]
add group /sniff/PM41 (Group) '' table H2
add group /sniff/Ar40 (Group) '' table H1
add group /sniff/Ar39 (Group) '' table AX
add group /sniff/Ar38 (Group) '' table L1
add group /sniff/Ar37 (Group) '' table L2
add group /sniff/Ar36 (Group) '' table CDD
flush and close file /Users/jan/PychronDev/data/isotopes/3c/ab7974-46c2-4615-99f6-5bb7d84a3d2e.h5
measuring sniff. ncounts=12.0
"sniff" increment series count="1" fit count="0" regressing="False"
starting measurement
GetData ===>> H2,-0.20821003115188,H1,-0.00440413627933438,AX,-0.0391907409896397,L1,-0.00976816029164136,L2,0....
GetData ===>> H2,0.202320843661966,H1,159.456709958722,AX,21.8088084225591,L1,0.126457202107889,L2,0.2772692020...
GetData ===>> H2,0.841265259119781,H1,749.017654146697,AX,97.4638920279459,L1,0.70716557491551,L2,0.39139244109...
GetData ===>> H2,0.0229725044729288,H1,1079.36225200763,AX,134.055640179964,L1,1.42655009080207,L2,0.3082152785...
GetData ===>> H2,0.0136234717984321,H1,1109.90350454237,AX,137.020052298399,L1,1.56048404073639,L2,0.3349588224...
GetData ===>> H2,0.0571288921347398,H1,1122.7142235392,AX,138.249518976709,L1,1.68532330339814,L2,0.22763049190...
GetData ===>> H2,0.0217315358671636,H1,1127.5049084765,AX,138.962635182484,L1,1.72934855670745,L2,0.33926268495...
GetData ===>> H2,-0.0344679242378474,H1,1129.71754828279,AX,138.842910135038,L1,1.75645093049868,L2,0.353499915...
GetData ===>> H2,-0.029462007071002,H1,1130.67862390049,AX,138.879766627197,L1,1.73223185373079,L2,0.3224250670...
GetData ===>> H2,-0.102619312193152,H1,1130.86792083279,AX,138.919917479835,L1,1.77954594922417,L2,0.2376524211...
GetData ===>> H2,-0.0575020757625418,H1,1130.82286086357,AX,139.195490109287,L1,1.76709569072267,L2,0.354367689...
Equilibration Finished
05:07:58 -- ******* Equilibration Finished *******
checking ownership. requestor=129.138.12.150
check software interlocks R
interlocks []
actuate state mode=None-script, software_lock=False
doing actuation None-script close_channel True
GetData ===>> H2,-0.0384794906668722,H1,1130.66014203327,AX,138.803259737536,L1,1.77376949486006,L2,0.367533705...
Close R ===>> OK
GetIndicatorState R ===>> False
change switch state (True, True)
update switch state R False args=() kw={} ncanvase=2
05:07:58 -- CLOSE  VALVE-R (Jan Inlet)
Post Equilibration Started jan_pump_extraction_line.py
05:07:58 -- ******* Post Equilibration Started jan_pump_extraction_line.py *******
testing...
no interpolation path defined
calculate duration
testing...
no interpolation path defined
executed snippet estimated_duration=4.0, duration=0.000133991241455
executed snippet estimated_duration=4.0, duration=0.00113201141357
Pump after analysis
doing GOSUB
testing...
no interpolation path defined
executed snippet estimated_duration=4.0, duration=0.000113010406494
Pump Microbone
close () {'description': 'Jan Inlet'}
closing name=--- desc=Jan Inlet
checking ownership. requestor=129.138.12.150
check software interlocks R
interlocks []
actuate state mode=None-script, software_lock=False
doing actuation None-script close_channel False
Close R ===>> OK
measurement finished
estimated time: 12.583 actual time: :12.691
flush and close file /Users/jan/PychronDev/data/isotopes/3c/ab7974-46c2-4615-99f6-5bb7d84a3d2e.h5
set_fits () {}
GetIndicatorState R ===>> False
using default fits file=/Users/jan/PychronDev/scripts/measurement/fits/nominal_linear.yaml
change switch state (True, True)
update switch state R False args=() kw={} ncanvase=2
set "Ar40" to "('Linear', 'SEM')"
No fit for "PM41". defaulting to linear. check the measurement script "jan_unknown120_60.py"
set "PM41" to "linear"
set "Ar36" to "('Linear', 'SEM')"
set "Ar37" to "('linear', 'SEM')"
set "Ar38" to "('linear', 'SEM')"
set "Ar39" to "('Linear', 'SEM')"
set_baseline_fits () {}
05:07:59 -- CLOSE  VALVE-R (Jan Inlet)
---------------------------------------- close None (Jan Inlet) result=[(True, True)]
using default fits file=/Users/jan/PychronDev/scripts/measurement/fits/nominal_linear.yaml
set "H1" to "('average', 'SEM')"
set "H2" to "('average', 'SEM')"
set "CDD" to "('average', 'SEM')"
set "L2" to "('average', 'SEM')"
set "L1" to "('average', 'SEM')"
set "AX" to "('average', 'SEM')"
multicollect () {'integration_time': 1, 'ncounts': 120}
build tables- signal [Detector(H2), Detector(H1), Detector(AX), Detector(L1), Detector(L2), Detector(CDD)]
add group /signal/PM41 (Group) '' table H2
add group /signal/Ar40 (Group) '' table H1
add group /signal/Ar39 (Group) '' table AX
add group /signal/Ar38 (Group) '' table L1
add group /signal/Ar37 (Group) '' table L2
add group /signal/Ar36 (Group) '' table CDD
flush and close file /Users/jan/PychronDev/data/isotopes/3c/ab7974-46c2-4615-99f6-5bb7d84a3d2e.h5
measuring signal. ncounts=120
action=close, ok=True, locked=[False]
is_closed ('F',) {}
is F () closed?
is closed True
open () {'description': 'CO2 Laser to Jan'}
opening name=--- desc=CO2 Laser to Jan
checking ownership. requestor=129.138.12.150
check software interlocks A
interlocks []
actuate state mode=None-script, software_lock=False
doing actuation None-script open_channel False
Open A ===>> OK
GetIndicatorState A ===>> OK
change switch state (True, True)
update switch state A True args=() kw={} ncanvase=2
05:07:59 -- OPEN   VALVE-A (CO2 Laser to Jan)
---------------------------------------- open None (CO2 Laser to Jan) result=[(True, True)], time=0.12 sec
"signal" increment series count="2" fit count="1" regressing="True"
starting measurement
GetData ===>> H2,-0.0997386543092254,H1,1130.72415652735,AX,139.039530754957,L1,1.8068406952607,L2,0.2659065596...
action=open, ok=True, locked=[False]
sleep (1,) {}
SLEEP 1.0
close () {'description': 'CO2 Laser to Roughing'}
closing name=--- desc=CO2 Laser to Roughing
checking ownership. requestor=129.138.12.150
check software interlocks G
interlocks []
actuate state mode=None-script, software_lock=True
VALVE-G(CO2 Laser to Roughing) software locked
change switch state (True, False)
---------------------------------------- close None (CO2 Laser to Roughing) result=[(True, False)]
action=close, ok=True, locked=[True]
open () {'description': 'Microbone to Turbo'}
opening name=--- desc=Microbone to Turbo
checking ownership. requestor=129.138.12.150
check software interlocks U
interlocks []
actuate state mode=None-script, software_lock=False
doing actuation None-script open_channel True
GetData ===>> H2,-0.080865146852057,H1,1130.52573140921,AX,139.10126360784,L1,1.82454569622704,L2,0.29472648958...
Open U ===>> OK
GetIndicatorState U ===>> OK
change switch state (True, True)
update switch state U True args=() kw={} ncanvase=2
05:08:01 -- OPEN   VALVE-U (Microbone to Turbo)
---------------------------------------- open None (Microbone to Turbo) result=[(True, True)], time=0.17 sec
action=open, ok=True, locked=[False]
open () {'description': 'Microbone to Getter NP-10'}
opening name=--- desc=Microbone to Getter NP-10
checking ownership. requestor=129.138.12.150
check software interlocks M
interlocks []
actuate state mode=None-script, software_lock=False
doing actuation None-script open_channel False
Open M ===>> OK
GetIndicatorState M ===>> OK
change switch state (True, True)
update switch state M True args=() kw={} ncanvase=2
05:08:01 -- OPEN   VALVE-M (Microbone to Getter NP-10)
---------------------------------------- open None (Microbone to Getter NP-10) result=[(True, True)], time=0.12 sec
action=open, ok=True, locked=[False]
open () {'description': 'Microbone to Getter D-50'}
opening name=--- desc=Microbone to Getter D-50
checking ownership. requestor=129.138.12.150
check software interlocks K
interlocks []
actuate state mode=None-script, software_lock=False
doing actuation None-script open_channel False
GetData ===>> H2,-0.00274862312881565,H1,1130.48274376311,AX,139.04941620617,L1,1.79992265332403,L2,0.282973848...
Open K ===>> OK
GetIndicatorState K ===>> OK
change switch state (True, True)
update switch state K True args=() kw={} ncanvase=2
05:08:02 -- OPEN   VALVE-K (Microbone to Getter D-50)
---------------------------------------- open None (Microbone to Getter D-50) result=[(True, True)], time=0.40 sec
action=open, ok=True, locked=[False]
open () {'description': 'Microbone to CO2 Laser'}
opening name=--- desc=Microbone to CO2 Laser
checking ownership. requestor=129.138.12.150
check software interlocks T
interlocks []
actuate state mode=None-script, software_lock=False
doing actuation None-script open_channel False
Open T ===>> OK
GetIndicatorState T ===>> OK
change switch state (True, True)
update switch state T True args=() kw={} ncanvase=2
05:08:02 -- OPEN   VALVE-T (Microbone to CO2 Laser)
---------------------------------------- open None (Microbone to CO2 Laser) result=[(True, True)], time=0.41 sec
action=open, ok=True, locked=[False]
open () {'description': 'Microbone to Inlet Pipette'}
opening name=--- desc=Microbone to Inlet Pipette
checking ownership. requestor=129.138.12.150
check software interlocks S
interlocks []
actuate state mode=None-script, software_lock=False
doing actuation None-script open_channel False
GetData ===>> H2,0.00258330456155724,H1,1130.09550738585,AX,138.900043264505,L1,1.76295222520179,L2,0.349800543...
Open S ===>> OK
GetIndicatorState S ===>> OK
change switch state (True, True)
update switch state S True args=() kw={} ncanvase=2
05:08:03 -- OPEN   VALVE-S (Microbone to Inlet Pipette)
---------------------------------------- open None (Microbone to Inlet Pipette) result=[(True, True)], time=0.41 sec
action=open, ok=True, locked=[False]
sleep (1,) {}
SLEEP 1.0
GetData ===>> H2,-0.124966671223235,H1,1129.42269369576,AX,138.836668795638,L1,1.78808872332627,L2,0.2986861993...
set_resource () {'name': 'CO2PumpTimeFlag', 'value': 30}
Set CO2PumpTimeFlag 30 ===>> OK
release ('JanCO2Flag',) {}
release JanCO2Flag
Set JanCO2Flag 0 ===>> OK
executed snippet estimated_duration=6.0, duration=5.88081693649
PumpMicrobone.py completed successfully
gosub finished
get_resource_value () {'name': 'JanMiniboneFlag'}
Read JanMiniboneFlag ===>> 0
Get Resource Value JanMiniboneFlag=0.0
get resource value 0.0
get_resource_value () {'name': 'JanMiniboneFlag'}
Read JanMiniboneFlag ===>> 0
Get Resource Value JanMiniboneFlag=0.0
executed snippet estimated_duration=4.0, duration=5.89525008202
jan_pump_extraction_line.py completed successfully
Post Equilibration Finished
05:08:04 -- ******* Post Equilibration Finished *******
GetData ===>> H2,-0.0947959751573182,H1,1128.93160040657,AX,138.880701067008,L1,1.78648875776695,L2,0.165741499...
GetData ===>> H2,-0.0929944096499661,H1,1128.79371175267,AX,138.658142975893,L1,1.7713086030146,L2,0.2645718798...
GetData ===>> H2,-0.116227120133109,H1,1128.50882143365,AX,138.621017078317,L1,1.74686766089132,L2,0.3437608274...
GetData ===>> H2,-0.108943908663011,H1,1127.58175803182,AX,138.634503807455,L1,1.76991195009,L2,0.2907897645790...
GetData ===>> H2,-0.102662624783489,H1,1127.3614479617,AX,138.59418590439,L1,1.77639026693574,L2,0.265450256772...
GetData ===>> H2,-0.208239672962246,H1,1127.11948316747,AX,138.472879083525,L1,1.7839005732101,L2,0.21823731232...
GetData ===>> H2,-0.172901416854831,H1,1126.72710019008,AX,138.629160628104,L1,1.80243353227276,L2,0.2665453873...
GetData ===>> H2,-0.202669690618449,H1,1126.38637213086,AX,138.43867207915,L1,1.83579265539816,L2,0.30213253534...
GetData ===>> H2,-0.278470921299189,H1,1125.43684587684,AX,138.658282039745,L1,1.80055293453779,L2,0.2344904919...
GetData ===>> H2,-0.0790969567131661,H1,1124.55821309027,AX,138.461859809626,L1,1.8009988607542,L2,0.2403920831...
GetData ===>> H2,-0.191232156672626,H1,1124.88848137444,AX,138.249638014422,L1,1.82499702810218,L2,0.3366597954...
GetData ===>> H2,-0.250459079907877,H1,1123.94595428819,AX,138.33635110606,L1,1.82389293308129,L2,0.25897819319...
GetData ===>> H2,-0.0700511769519004,H1,1123.91415120776,AX,138.241246064221,L1,1.77494987465693,L2,0.223784084...
GetData ===>> H2,-0.0899947791960498,H1,1123.14065562599,AX,138.107449079894,L1,1.77446021052476,L2,0.321146670...
GetData ===>> H2,-0.0815398320035267,H1,1122.84084354582,AX,138.02010452706,L1,1.77615650046829,L2,0.2759001375...
GetData ===>> H2,-0.0375184724317787,H1,1121.98079017728,AX,137.95047227901,L1,1.7529038297734,L2,0.33022137243...
GetData ===>> H2,-0.0880853880551284,H1,1121.44639379341,AX,137.912866556149,L1,1.74471427551506,L2,0.292763812...
GetData ===>> H2,-0.188883529059419,H1,1121.43977735233,AX,137.803091439641,L1,1.76470413537905,L2,0.2791174701...
GetData ===>> H2,-0.23931655251442,H1,1121.14828353344,AX,137.885316890468,L1,1.7996140641093,L2,0.300272411461...
05:08:25 -- collecting point 25
GetData ===>> H2,-0.158995515975096,H1,1121.14340075704,AX,137.893125468889,L1,1.75675886105117,L2,0.3928202703...
GetData ===>> H2,-0.112116759390219,H1,1121.07008469572,AX,137.784353689824,L1,1.75947972549448,L2,0.2295822888...
GetData ===>> H2,-0.113395908271987,H1,1120.10132545056,AX,137.575968123238,L1,1.73576763357521,L2,0.2774289275...
GetData ===>> H2,-0.0568672956489976,H1,1119.40650445947,AX,137.602648588913,L1,1.75211081403927,L2,0.313864701...
GetData ===>> H2,-0.102500201718353,H1,1118.69864095863,AX,137.526645052586,L1,1.74718184030374,L2,0.3050540298...
GetData ===>> H2,-0.0752791675151848,H1,1118.32228898464,AX,137.499108914315,L1,1.75200256141367,L2,0.345975726...
GetData ===>> H2,-0.088071835516935,H1,1117.80099527097,AX,137.648917353294,L1,1.73832536770284,L2,0.2105111711...
GetData ===>> H2,-0.118448829328378,H1,1117.72087492018,AX,137.321726834041,L1,1.75947972549448,L2,0.3090369919...
GetData ===>> H2,-0.182878965985175,H1,1117.39868640617,AX,137.285604858703,L1,1.77284251580244,L2,0.3119358708...
GetData ===>> H2,-0.184486968971653,H1,1116.64087870761,AX,137.185985954056,L1,1.73265014476957,L2,0.2759685903...
GetData ===>> H2,-0.14808504825607,H1,1116.07479405643,AX,137.403945449502,L1,1.79516271530329,L2,0.33482183267...
GetData ===>> H2,-0.112941116287093,H1,1115.59386531851,AX,137.191365936595,L1,1.78323207993229,L2,0.3118445662...
GetData ===>> H2,-0.150671287509611,H1,1115.3481007406,AX,137.258587753287,L1,1.75868623331699,L2,0.30511109115...
GetData ===>> H2,-0.111986806045119,H1,1115.42768599521,AX,137.1189288261,L1,1.70380060378138,L2,0.275614918275...
GetData ===>> H2,-0.0601601721099462,H1,1114.62559911944,AX,137.032512375663,L1,1.69827464685543,L2,0.319754150...
GetData ===>> H2,-0.152679449209831,H1,1114.56808266504,AX,136.981267546224,L1,1.73890556900222,L2,0.2651878836...
GetData ===>> H2,-0.197535277083962,H1,1114.21525137453,AX,137.229380208511,L1,1.77048755837112,L2,0.2310775519...
GetData ===>> H2,-0.137283996147802,H1,1113.81956606602,AX,137.10147192105,L1,1.79166173407065,L2,0.26408136121...
GetData ===>> H2,-0.116029553689121,H1,1113.69525528421,AX,136.91753555451,L1,1.77152399057308,L2,0.28708140349...
GetData ===>> H2,-0.119633923904206,H1,1112.76542630072,AX,136.866488585777,L1,1.73873737264927,L2,0.3273447700...
GetData ===>> H2,-0.192962980096896,H1,1112.26851044622,AX,136.897857694093,L1,1.75354167523215,L2,0.2387140308...
GetData ===>> H2,-0.141203995562228,H1,1112.25787272692,AX,136.932473321104,L1,1.78958702520682,L2,0.2466593547...
GetData ===>> H2,-0.0947986840633657,H1,1110.97878250494,AX,136.654669653368,L1,1.76947471684601,L2,0.268450487...
GetData ===>> H2,-0.187760275965673,H1,1110.87933201757,AX,136.81258570058,L1,1.75449525176179,L2,0.21655964819...
GetData ===>> H2,-0.155165765015913,H1,1111.00769678918,AX,136.529628033826,L1,1.72558304479748,L2,0.4432535597...
05:08:51 -- collecting point 50
GetData ===>> H2,-0.165278366931065,H1,1110.11844183206,AX,136.542731852174,L1,1.72627066516299,L2,0.3010598214...
GetData ===>> H2,-0.103626287212333,H1,1109.61128969652,AX,136.378481901632,L1,1.7262784792793,L2,0.26078468469...
GetData ===>> H2,-0.0545340389778673,H1,1109.24266381756,AX,136.512144734245,L1,1.70466310212134,L2,0.189766656...
GetData ===>> H2,-0.103572151040577,H1,1108.49571876917,AX,136.470987446225,L1,1.72519497512182,L2,0.1940110428...
GetData ===>> H2,-0.128589832729114,H1,1108.64103597114,AX,136.297108721577,L1,1.73378521445477,L2,0.2929349743...
GetData ===>> H2,-0.139811875029486,H1,1107.88201687596,AX,136.295551069886,L1,1.76345702835836,L2,0.2985150269...
GetData ===>> H2,-0.155669717997528,H1,1107.73698472893,AX,136.141328637989,L1,1.7523312353451,L2,0.27025295342...
GetData ===>> H2,-0.189502416807021,H1,1107.1603925228,AX,136.063638686087,L1,1.72469883898901,L2,0.28410340822...
GetData ===>> H2,-0.159832890500693,H1,1106.92036368231,AX,136.109126182176,L1,1.72220362506974,L2,0.2594234820...
GetData ===>> H2,-0.214123380994877,H1,1106.19116116719,AX,136.108337950977,L1,1.71691975644933,L2,0.1527047287...
GetData ===>> H2,-0.142240541329331,H1,1105.83051556606,AX,136.214211318352,L1,1.71379831568503,L2,0.3474942176...
GetData ===>> H2,-0.0952632519001154,H1,1105.29345495052,AX,136.174049916094,L1,1.71139631198255,L2,0.305521933...
GetData ===>> H2,-0.0771238468940926,H1,1104.3328463586,AX,135.969425174294,L1,1.71777938356253,L2,0.2316140261...
GetData ===>> H2,-0.247011601560666,H1,1103.87243723806,AX,136.058178709554,L1,1.71797606533094,L2,0.2740975658...
GetData ===>> H2,-0.10294821304231,H1,1103.9226453159,AX,136.262784741696,L1,1.68403785165038,L2,0.285027603745...
GetData ===>> H2,-0.0667417672312805,H1,1103.21104759589,AX,135.972459033528,L1,1.72062705567909,L2,0.362600520...
GetData ===>> H2,-0.201100490057181,H1,1103.39889730505,AX,136.021540426397,L1,1.71828607424472,L2,0.2672184424...
GetData ===>> H2,-0.246747919612033,H1,1103.24041323295,AX,135.795499624124,L1,1.73867739628067,L2,0.2209764189...
GetData ===>> H2,-0.234304978448697,H1,1102.70464790991,AX,135.643015850435,L1,1.70897921860383,L2,0.2268885912...
GetData ===>> H2,-0.230738758315701,H1,1101.90469097186,AX,135.706999153282,L1,1.71528404675743,L2,0.3453592029...
GetData ===>> H2,-0.111426365210144,H1,1101.11377643539,AX,135.614536487797,L1,1.70219246912884,L2,0.1864579909...
GetData ===>> H2,-0.101080254550931,H1,1100.6218458354,AX,135.761123582023,L1,1.69356080603008,L2,0.26481143640...
GetData ===>> H2,-0.0844792579961339,H1,1100.30506856545,AX,135.57016413187,L1,1.74094108025682,L2,0.2831792216...
GetData ===>> H2,-0.0976440333180205,H1,1100.25732463183,AX,135.54442363313,L1,1.73298374659816,L2,0.2171416916...
GetData ===>> H2,-0.142175675533179,H1,1100.03917548681,AX,135.628155584102,L1,1.69915570895637,L2,0.2730822081...
05:09:17 -- collecting point 75
GetData ===>> H2,-0.142225676283819,H1,1099.36185798344,AX,135.69672077967,L1,1.68944062745225,L2,0.32953645928...
GetData ===>> H2,-0.0385921471010935,H1,1098.52072551956,AX,135.335774862706,L1,1.70872673673553,L2,0.256717527...
GetData ===>> H2,-0.113247020044118,H1,1098.51538502155,AX,135.166470467788,L1,1.74266001952423,L2,0.3089000392...
GetData ===>> H2,-0.0687899170882191,H1,1097.9892196132,AX,135.320925589526,L1,1.69559285548987,L2,0.2889298609...
GetData ===>> H2,-0.111553617488401,H1,1097.3948831394,AX,135.191665540548,L1,1.72528352672073,L2,0.18722239661...
GetData ===>> H2,-0.124396053065533,H1,1097.38096337734,AX,135.047592123297,L1,1.7328026099677,L2,0.32322407355...
GetData ===>> H2,-0.130846852562399,H1,1097.07446249565,AX,135.079990700664,L1,1.6994420369085,L2,0.30606972651...
GetData ===>> H2,-0.144133648335426,H1,1096.5162149485,AX,135.168751002599,L1,1.68127139146823,L2,0.26385321385...
GetData ===>> H2,-0.129683313568477,H1,1095.8961563745,AX,134.929821370941,L1,1.71457305821824,L2,0.20598076979...
GetData ===>> H2,-0.114645138953652,H1,1095.68868230399,AX,134.968305462539,L1,1.72364283415537,L2,0.3076104105...
GetData ===>> H2,-0.124089097309217,H1,1095.18595044081,AX,135.000194397695,L1,1.7129181706508,L2,0.18820358295...
GetData ===>> H2,-0.0964875612926692,H1,1095.24694600457,AX,134.892897663962,L1,1.66720884573703,L2,0.386720732...
GetData ===>> H2,-0.118750526100234,H1,1094.80720723244,AX,134.909178427817,L1,1.67003159733741,L2,0.2503240151...
GetData ===>> H2,-0.262067002976435,H1,1093.98847084473,AX,134.844850313528,L1,1.72367668722832,L2,0.2958561883...
GetData ===>> H2,-0.230632427300858,H1,1093.50329900421,AX,134.703000337609,L1,1.7189295661935,L2,0.17322447266...
GetData ===>> H2,-0.179152161696999,H1,1092.97574422872,AX,134.621300495719,L1,1.7427382781183,L2,0.25031259849...
GetData ===>> H2,-0.114438071213421,H1,1092.79787062989,AX,134.580695673595,L1,1.71466551015533,L2,0.2389423355...
GetData ===>> H2,-0.23154091954094,H1,1092.35438987146,AX,134.547712854381,L1,1.70341756512623,L2,0.26697887993...
GetData ===>> H2,-0.2345942639195,H1,1091.86412190029,AX,134.510578303109,L1,1.68826650525953,L2,0.298594907394...
GetData ===>> H2,-0.131647637369845,H1,1091.82856853692,AX,134.409283663699,L1,1.68798437068661,L2,0.2811483243...
GetData ===>> H2,-0.0638479307683946,H1,1091.02061175272,AX,134.488415342137,L1,1.69695253638085,L2,0.350987980...
GetData ===>> H2,-0.0272734345678249,H1,1090.85243112406,AX,134.472353963942,L1,1.74088109180581,L2,0.256706110...
GetData ===>> H2,-0.181261289594683,H1,1090.39927781654,AX,134.457529467489,L1,1.72686325149624,L2,0.3234295334...
GetData ===>> H2,-0.134114565043708,H1,1089.90031822173,AX,134.243013374754,L1,1.68160823104776,L2,0.2692832684...
GetData ===>> H2,-0.0474295845744333,H1,1089.56798527151,AX,134.555717595237,L1,1.73062269002551,L2,0.237823647...
05:09:44 -- collecting point 100
GetData ===>> H2,-0.0240054167229644,H1,1089.24212639706,AX,134.157578561101,L1,1.74437931357559,L2,0.292661115...
GetData ===>> H2,-0.00446653667884507,H1,1088.14143384367,AX,134.093164316545,L1,1.69466524694139,L2,0.26929467...
GetData ===>> H2,-0.105419402116066,H1,1088.00545293897,AX,134.16167387206,L1,1.72213065485627,L2,0.28254028300...
GetData ===>> H2,-0.0293546939460847,H1,1087.30909019608,AX,134.100196153078,L1,1.7116150091682,L2,0.3269794934...
GetData ===>> H2,0.0344687551578788,H1,1087.25464851594,AX,133.988507225555,L1,1.69370649737365,L2,0.2684733037...
GetData ===>> H2,-0.0379419819824511,H1,1087.47309752295,AX,133.827465502791,L1,1.66659061390039,L2,0.253874645...
GetData ===>> H2,-0.114470552677263,H1,1086.84126773946,AX,133.854327697107,L1,1.68444855586904,L2,0.2593360080...
GetData ===>> H2,-0.110459742846425,H1,1086.09146057511,AX,133.866918415265,L1,1.73313100376755,L2,0.2460999641...
GetData ===>> H2,-0.240891517138987,H1,1085.78659850537,AX,133.876298442198,L1,1.80471139503493,L2,0.1805369062...
GetData ===>> H2,-0.192872671090244,H1,1085.93599770149,AX,133.698183505718,L1,1.76408969565867,L2,0.3597572018...
GetData ===>> H2,-0.102186177208314,H1,1085.28164466553,AX,133.640101475926,L1,1.69209229382955,L2,0.3346391799...
GetData ===>> H2,-0.0813149414004321,H1,1084.92547252125,AX,133.600876421599,L1,1.72011765087268,L2,0.383454098...
GetData ===>> H2,-0.18486330581485,H1,1084.55274595098,AX,133.51049511802,L1,1.69247208495517,L2,0.331762444936...
GetData ===>> H2,-0.0810074030754638,H1,1083.72692444658,AX,133.557749463819,L1,1.69431660099314,L2,0.190063300...
GetData ===>> H2,-0.151052083358143,H1,1083.44722872082,AX,133.475268569551,L1,1.69451043635872,L2,0.2943156933...
GetData ===>> H2,-0.0647696837633506,H1,1082.97643383922,AX,133.315146185363,L1,1.73392857262123,L2,0.353454243...
GetData ===>> H2,-0.144582218388154,H1,1082.25153465882,AX,133.537627427791,L1,1.73418010558133,L2,0.2397642370...
GetData ===>> H2,-0.0654162218299888,H1,1081.48258985233,AX,133.463202135138,L1,1.70312983097713,L2,0.268758501...
GetData ===>> H2,-0.0717868758971912,H1,1080.92499444205,AX,133.28639170992,L1,1.68993996021689,L2,0.3057045309...
GetData ===>> H2,-0.185290884823589,H1,1081.26963721335,AX,133.475503257786,L1,1.69245517616511,L2,0.2255874254...
GetData ===>> H2,-0.222247971094341,H1,1080.6441823539,AX,133.44511392413,L1,1.7018735240669,L2,0.1735324734190...
measurement finished
estimated time: 125.829 actual time: :126.375
flush and close file /Users/jan/PychronDev/data/isotopes/3c/ab7974-46c2-4615-99f6-5bb7d84a3d2e.h5
baselines () {'settling_time': 15.0, 'detector': 'H1', 'mass': 34.2, 'ncounts': 60}
%%%%%%%%%%%%%%%%%%%%%%%%%%%%%%%% Baseline
build tables- baseline [Detector(H2), Detector(H1), Detector(AX), Detector(L1), Detector(L2), Detector(CDD)]
add group baseline table H2
add group baseline table H1
add group baseline table AX
add group baseline table L1
add group baseline table L2
add group baseline table CDD
flush and close file /Users/jan/PychronDev/data/isotopes/3c/ab7974-46c2-4615-99f6-5bb7d84a3d2e.h5
detector Detector(H1)
POSITION 34.2 H1
Mapping mass to dac mass func: "parabolic"
H1 map mass coeffs = [-0.00063987  0.15840543  0.57086999]
H1 map mass to dac 34.2 >> 5.23991599104
GetDeflection H1 ===>> 0
GetHighVoltage ===>> 4500
positioning 34.2 (5.23991599104) on H1
setting magnet DAC
current  : 5.879260
requested: 5.239916
Delta Dac: 0.639344
Checking detector protection. dv=0.63934
Checking detector "CDD". Protection Threshold: 0.1 (V)
ProtectDetector CDD,On ===>> OK
GetDeflection CDD ===>> 2000
Protected = 2000
SetMagnetDAC 5.23991599104 ===>> OK
Magnet settling time: 0.500
GetMagnetMoving ===>> True
GetMagnetMoving ===>> True
GetMagnetMoving ===>> True
GetMagnetMoving ===>> True
GetMagnetMoving ===>> True
GetMagnetMoving ===>> True
GetMagnetMoving ===>> True
GetMagnetMoving ===>> True
GetMagnetMoving ===>> False
ProtectDetector CDD,Off ===>> OK
GetDeflection CDD ===>> 50
Delaying 15.0s for detectors to settle
Join finished
measuring baseline. ncounts=60
"baseline" increment series count="2" fit count="1" regressing="True"
starting measurement
GetData ===>> H2,-0.138818364158991,H1,-0.0927162914069466,AX,-0.14436836578951,L1,-0.0232627630600964,L2,0.106...
GetData ===>> H2,-0.123918712998499,H1,-0.104251802395194,AX,-0.155139155340463,L1,-0.0378416090707097,L2,0.003...
GetData ===>> H2,-0.136455215916517,H1,-0.0248586665201998,AX,-0.0711327816882914,L1,-0.0119872575519639,L2,0.0...
GetData ===>> H2,-0.180357232974381,H1,-0.0520215452150861,AX,0.0188883076327726,L1,-0.036568050792917,L2,-0.03...
GetData ===>> H2,-0.193115290669419,H1,0.0754621291380488,AX,-0.0418462139867544,L1,-0.0493035564823216,L2,-0.0...
GetData ===>> H2,-0.176985949672606,H1,-0.0104037699037328,AX,-0.051516625485814,L1,-0.0204337535860448,L2,-0.0...
GetData ===>> H2,-0.117091771179892,H1,0.0211490262697069,AX,-0.0184314899870002,L1,-0.0330035703974984,L2,-0.0...
GetData ===>> H2,-0.154788798942492,H1,-0.00822104222935032,AX,-0.130061800318111,L1,-0.0267823304787232,L2,-0....
GetData ===>> H2,-0.10983559142155,H1,0.0592642260069055,AX,-0.146513343641459,L1,-0.0513938649402999,L2,-0.013...
GetData ===>> H2,-0.199211498613537,H1,0.00795409517622154,AX,-0.0772649175153811,L1,-0.0482205410404371,L2,-0....
GetData ===>> H2,-0.177890275483499,H1,-0.08144166600601,AX,-0.0341463023397715,L1,-0.0378284310248271,L2,-0.02...
GetData ===>> H2,-0.286566646556585,H1,-0.129670224876466,AX,-0.0747379215873061,L1,-0.0252030514694235,L2,-0.0...
GetData ===>> H2,-0.21893259755358,H1,0.00400549822170433,AX,-0.121244998840949,L1,-0.0533354160636153,L2,-0.00...
GetData ===>> H2,-0.158263437880137,H1,0.0217933079441181,AX,-0.141829114650055,L1,-0.0108184261377373,L2,0.081...
GetData ===>> H2,-0.0775033176737783,H1,-0.0502093263011759,AX,0.019816554580426,L1,0.0197840096606049,L2,-0.06...
GetData ===>> H2,-0.0602849246481084,H1,0.0927327838742944,AX,-0.0178167631026411,L1,-0.0093808770785734,L2,-0....
GetData ===>> H2,-0.10500667243951,H1,0.0653157817472884,AX,-0.160019820115573,L1,-0.0759549067093491,L2,-0.057...
GetData ===>> H2,-0.132837888735298,H1,-0.0417081508626403,AX,-0.151985721494763,L1,-0.0692534667251055,L2,0.03...
GetData ===>> H2,-0.176661994500507,H1,0.00744112664830001,AX,-0.147522046602912,L1,-0.0579705735647583,L2,0.00...
GetData ===>> H2,-0.277427489845715,H1,0.0428779240153389,AX,-0.108707776378594,L1,-0.0269608524887908,L2,-0.06...
GetData ===>> H2,-0.268594070222702,H1,-0.0283289621241466,AX,-0.10695799855154,L1,-0.0246134543088,L2,-0.08876...
GetData ===>> H2,-0.122746237319951,H1,0.00107099231272403,AX,-0.10685370616413,L1,-0.0747685887285985,L2,-0.01...
GetData ===>> H2,-0.189866452615817,H1,0.0409924181966172,AX,-0.0803134536989026,L1,-0.0428863330496552,L2,0.01...
GetData ===>> H2,-0.257440931526692,H1,0.0292147772974484,AX,-0.0755261658920666,L1,-0.0486346137690985,L2,0.03...
05:10:49 -- collecting point 25
GetData ===>> H2,-0.155771046320599,H1,-0.0707856197390775,AX,-0.0312934695654651,L1,-0.02297510352007,L2,0.013...
GetData ===>> H2,-0.0995423423011241,H1,0.0158278954277559,AX,-0.108742539857649,L1,-0.0237337877926312,L2,-0.0...
GetData ===>> H2,-0.198728750699054,H1,0.0328421907761502,AX,-0.140275384916435,L1,-0.0407140107035214,L2,-0.04...
GetData ===>> H2,-0.277865286230044,H1,-0.00663465836911998,AX,-0.102658741890773,L1,-0.0260394531857345,L2,-0....
GetData ===>> H2,-0.223268926440826,H1,-0.00834031819507681,AX,-0.212092044660209,L1,0.00273553932687992,L2,0.0...
GetData ===>> H2,-0.141149935817625,H1,0.0541558995291737,AX,0.0296217034745087,L1,0.0124308800725443,L2,-0.031...
GetData ===>> H2,-0.211423020588689,H1,-0.0250256250776236,AX,-0.143092951128644,L1,0.0157771317656866,L2,-0.02...
GetData ===>> H2,-0.315152112762979,H1,-0.00631260744772249,AX,-0.0676666209218607,L1,0.0104959161738223,L2,-0....
GetData ===>> H2,-0.215829460787806,H1,-0.0253237646660186,AX,-0.0175035988575231,L1,0.0110216326272193,L2,-0.1...
GetData ===>> H2,-0.126053741125015,H1,-0.0591031912763772,AX,-0.151464003832799,L1,-0.00134648646041839,L2,-0....
GetData ===>> H2,-0.127612504200189,H1,-0.0711313034786219,AX,-0.0433188686506567,L1,0.00981900661998966,L2,-0....
GetData ===>> H2,-0.207737099032645,H1,0.0534278648711474,AX,-0.0594238497466135,L1,-0.0299940441144189,L2,-0.0...
GetData ===>> H2,-0.156843719948645,H1,-0.0355196040555892,AX,-0.000881250504727854,L1,-0.0352164408803732,L2,-...
GetData ===>> H2,-0.0943422242831315,H1,0.0293698942628097,AX,-0.151533566349427,L1,-0.0143245132175135,L2,-0.0...
GetData ===>> H2,-0.154030775449323,H1,0.0191804135109887,AX,-0.216042971555535,L1,-0.00919142661187018,L2,-0.0...
GetData ===>> H2,-0.133884665720438,H1,0.0112705597907105,AX,-0.000939253864054856,L1,0.0149929982327564,L2,0.0...
GetData ===>> H2,-0.231625708422572,H1,0.0254562473709587,AX,-0.111998663988513,L1,-0.0306168612347864,L2,-0.01...
GetData ===>> H2,-0.294383778343858,H1,0.0523895295177603,AX,-0.0554239412370493,L1,-0.020722684674559,L2,-0.10...
GetData ===>> H2,-0.242330331269878,H1,0.007787081878541,AX,0.0507090198569323,L1,-0.0148837073609627,L2,0.0408...
GetData ===>> H2,-0.0973366453284543,H1,-0.0122644182088514,AX,-0.0530471061323929,L1,-0.0220881014818478,L2,-0...
GetData ===>> H2,-0.220038728277607,H1,-0.0405157823966327,AX,-0.123898233405882,L1,-0.0103580491206561,L2,-0.0...
GetData ===>> H2,-0.234513533835704,H1,0.00624818674810359,AX,-0.0780879157830666,L1,0.029104359496437,L2,-0.06...
GetData ===>> H2,-0.158579506917435,H1,-0.0332897255857166,AX,-0.0835009844425161,L1,-0.0161155830712493,L2,0.0...
GetData ===>> H2,-0.232910922266749,H1,0.000319486343225606,AX,-0.0230012247387588,L1,-0.0421978032041213,L2,0....
GetData ===>> H2,-0.215374351815926,H1,-0.000956868009871337,AX,0.036735405925661,L1,-0.0253432554635332,L2,-0....
05:11:15 -- collecting point 50
GetData ===>> H2,-0.236211435047799,H1,0.052377594691211,AX,0.00236699278303183,L1,-0.00794672032118741,L2,-0.1...
GetData ===>> H2,-0.270306211783372,H1,0.028522719918578,AX,-0.0267589169248501,L1,-0.0051149798305177,L2,0.068...
GetData ===>> H2,-0.253519633595564,H1,-0.0043206398349092,AX,-0.174811027852878,L1,-0.00619091915504675,L2,0.0...
GetData ===>> H2,-0.212027795745226,H1,-0.0131112402793175,AX,-0.0341115121998656,L1,-0.0279935820567595,L2,-0....
GetData ===>> H2,-0.172317285978245,H1,-0.0467517123378112,AX,-0.135092241318893,L1,-0.00859667286519772,L2,0.0...
GetData ===>> H2,-0.193471123309896,H1,-0.0273630156389036,AX,-0.122982933588006,L1,0.0232588874052857,L2,-0.04...
GetData ===>> H2,-0.121165164295721,H1,-0.0162837775763645,AX,0.0172754996104795,L1,0.0217892476455331,L2,0.033...
GetData ===>> H2,-0.0900164595819241,H1,0.00896811046533515,AX,-0.0811943817280037,L1,0.024458310660203,L2,-0.0...
GetData ===>> H2,-0.139478011016012,H1,-0.0229028455352996,AX,-0.112531684604603,L1,-0.00225484516815956,L2,-0....
GetData ===>> H2,-0.231606866503873,H1,0.0814015624831967,AX,-0.0364424240768111,L1,-0.0343457705286917,L2,-0.0...
GetData ===>> H2,-0.173459887953046,H1,0.0316966775841145,AX,-0.151498785097319,L1,-0.00466153952106546,L2,-0.0...
measurement finished
estimated time: 62.915 actual time: :63.241
flush and close file /Users/jan/PychronDev/data/isotopes/3c/ab7974-46c2-4615-99f6-5bb7d84a3d2e.h5
activate_detectors ('H1', 'AX', 'CDD') {'peak_center': True}
peak_center () {'detector': 'H1', 'integration_time': 0.262144, 'isotope': 'Ar40'}
peak center: mean=1082.6201744 threshold=3
peak center started
setup peak center. detector=['H1', 'AX', 'CDD'], isotope=Ar40
VersionedUnpickler [<apptools.sweet_pickle.versioned_unpickler.VersionedUnpickler object at 0x1b7535650>] using Updater [<apptools.sweet_pickle.updater.Updater object at 0x134a15590>]
VersionedUnpickler [<apptools.sweet_pickle.versioned_unpickler.VersionedUnpickler object at 0x1b7535650>] using Updater [<apptools.sweet_pickle.updater.Updater object at 0x134a15590>]
VersionedUnpickler [<apptools.sweet_pickle.versioned_unpickler.VersionedUnpickler object at 0x1a6b45410>] using Updater [<apptools.sweet_pickle.updater.Updater object at 0x134a15590>]
setting integration time = 0.524288
SetIntegrationTime 0.524288 ===>> OK
Mapping mass to dac mass func: "parabolic"
H1 map mass coeffs = [-0.00063987  0.15840543  0.57086999]
H1 map mass to dac 39.9624 >> 5.87926
GetDeflection H1 ===>> 0
GetHighVoltage ===>> 4500
do peak center. <pychron.spectrometer.jobs.peak_center.PeakCenter object at 0x134a156b0>
doing pc
starting peak center. center dac= 5.87926 step_width=0.001
width = 0.001
get scan parameters. half-width=0.015,window=0.015, i=0, scalar=1
Scan parameters center=5.87926 width=0.03000 (5.86426 - 5.89426)
GetData ===>> H2,-0.159676225133092,H1,-0.0590912697344013,AX,-0.0465423971444881,L1,-0.0431617317789016,L2,-0....
Moving to starting dac 5.86426
setting magnet DAC
current  : 5.239916
requested: 5.864260
Delta Dac: 0.624344
Checking detector protection. dv=0.62434
Checking detector "CDD". Protection Threshold: 0.1 (V)
ProtectDetector CDD,On ===>> OK
GetDeflection CDD ===>> 2000
Protected = 2000
SetMagnetDAC 5.86426 ===>> OK
Magnet settling time: 0.500
GetMagnetMoving ===>> True
GetMagnetMoving ===>> True
GetMagnetMoving ===>> True
GetMagnetMoving ===>> True
GetMagnetMoving ===>> True
GetMagnetMoving ===>> True
GetMagnetMoving ===>> True
GetMagnetMoving ===>> True
GetMagnetMoving ===>> False
ProtectDetector CDD,Off ===>> OK
GetDeflection CDD ===>> 50
Wait until signal near baseline. tol= -0.0443184523008. timeout= 10
GetData ===>> H2,5.90602604412863,H1,2.00309987633622,AX,-0.128648385272872,L1,0.0111168958031849,L2,-0.1686971...
GetData ===>> H2,91.347943795688,H1,31.2388684564812,AX,1.87911752919045,L1,0.00499510757969511,L2,-0.206795145...
GetData ===>> H2,93.5068139393478,H1,32.8944622925907,AX,2.92499166898936,L1,0.0225943456137294,L2,-0.098695260...
GetData ===>> H2,49.170373929468,H1,15.9036268343915,AX,1.44940616286638,L1,0.00345105444930739,L2,0.0604145851...
GetData ===>> H2,19.991496031616,H1,8.09755896538091,AX,0.572140642275962,L1,-0.0112308293342297,L2,-0.05398090...
GetData ===>> H2,6.62779677849098,H1,4.30070541080736,AX,0.204247250390433,L1,-0.00457036916230158,L2,-0.078149...
GetData ===>> H2,1.9403149529128,H1,2.59640808298072,AX,0.0408785357745394,L1,0.00570306120251963,L2,-0.0073328...
GetData ===>> H2,0.579473731590802,H1,1.64680303703271,AX,-0.0295191045625926,L1,-0.0121922386094619,L2,-0.0705...
GetData ===>> H2,0.398093657839082,H1,1.24989659746271,AX,-0.00163529148034446,L1,-0.0336262527755027,L2,-0.037...
GetData ===>> H2,0.358495459235009,H1,1.08541034597003,AX,0.0321282668894977,L1,-0.0207425811451195,L2,-0.05398...
GetData ===>> H2,0.251672295853188,H1,0.932848389211105,AX,-0.0129568044520614,L1,-0.0166552352789845,L2,-0.055...
GetData ===>> H2,0.299513293711663,H1,0.898998408918472,AX,0.0197585388868934,L1,-0.0741000271794044,L2,-0.0358...
GetData ===>> H2,0.391332281557853,H1,0.948077414390025,AX,0.0159063742011074,L1,-0.0688196899835605,L2,-0.0658...
GetData ===>> H2,0.35737372591178,H1,0.898232487457551,AX,0.0551226864975746,L1,-0.0400073658398581,L2,-0.04844...
GetData ===>> H2,0.277294054147872,H1,0.888467500219004,AX,0.00100967793999744,L1,-0.0443542409090866,L2,0.0670...
GetData ===>> H2,0.207138711629644,H1,0.804330341749116,AX,-0.00578821248305365,L1,-0.0244427602782815,L2,-0.06...
GetData ===>> H2,0.117272027566285,H1,0.830951184907281,AX,0.00885220271678238,L1,-0.00256441237258202,L2,-0.06...
GetData ===>> H2,0.129306585205675,H1,0.876765125177292,AX,-0.0693591429420897,L1,0.00522367667148421,L2,-0.020...
GetData ===>> H2,0.0801245310477495,H1,0.793837293438737,AX,0.0552385398199663,L1,-0.00115568471988329,L2,-0.00...
GetData ===>> H2,0.0936636071562989,H1,0.686406503840398,AX,0.0938253635877949,L1,-0.00288116896247575,L2,0.042...
GetData ===>> H2,0.0950891292018389,H1,0.855158797400768,AX,-0.00864179292588303,L1,-0.0117055516265892,L2,-0.0...
Peak center failed to move to a baseline position
_do_sweep sm= 5.86426, em= 5.89426, stm= 0.001
calculated step values: start=5.86426, end=5.89426, width=0.001, nsteps=31.0
setting magnet DAC
current  : 5.864260
requested: 5.864260
Delta Dac: 0.000000
Checking detector protection. dv=0.00000
Checking detector "CDD". Protection Threshold: 0.1 (V)
SetMagnetDAC 5.86426 ===>> OK
GetData ===>> H2,0.0950891292018389,H1,0.855158797400768,AX,-0.00864179292588303,L1,-0.0117055516265892,L2,-0.0...
setting magnet DAC
current  : 5.864260
requested: 5.865294
Delta Dac: 0.001034
Checking detector protection. dv=0.00103
Checking detector "CDD". Protection Threshold: 0.1 (V)
SetMagnetDAC 5.86529448276 ===>> OK
Magnet settling time: 1.049
GetData ===>> H2,0.0163171183171696,H1,1.92204310109558,AX,-0.0135135661992234,L1,-0.00288116896247575,L2,-0.02...
setting magnet DAC
current  : 5.865294
requested: 5.866329
Delta Dac: 0.001034
Checking detector protection. dv=0.00103
Checking detector "CDD". Protection Threshold: 0.1 (V)
SetMagnetDAC 5.86632896552 ===>> OK
Magnet settling time: 1.049
GetData ===>> H2,0.00655822154615537,H1,5.95151254979485,AX,0.570652670770782,L1,-0.00687816469238473,L2,-0.069...
setting magnet DAC
current  : 5.866329
requested: 5.867363
Delta Dac: 0.001034
Checking detector protection. dv=0.00103
Checking detector "CDD". Protection Threshold: 0.1 (V)
SetMagnetDAC 5.86736344828 ===>> OK
Magnet settling time: 1.049
GetData ===>> H2,0.0968699154014696,H1,22.1797783163505,AX,1.81178248176631,L1,0.0169607711862356,L2,-0.0713002...
setting magnet DAC
current  : 5.867363
requested: 5.868398
Delta Dac: 0.001034
Checking detector protection. dv=0.00103
Checking detector "CDD". Protection Threshold: 0.1 (V)
SetMagnetDAC 5.86839793103 ===>> OK
Magnet settling time: 1.049
GetData ===>> H2,0.00581018413007366,H1,77.9212622990676,AX,5.97149027634817,L1,0.0271332586628441,L2,-0.009609...
setting magnet DAC
current  : 5.868398
requested: 5.869432
Delta Dac: 0.001034
Checking detector protection. dv=0.00103
Checking detector "CDD". Protection Threshold: 0.1 (V)
SetMagnetDAC 5.86943241379 ===>> OK
Magnet settling time: 1.049
GetData ===>> H2,-0.0557856531260545,H1,218.814997824978,AX,18.5938769901819,L1,0.106737560756462,L2,0.09695065...
setting magnet DAC
current  : 5.869432
requested: 5.870467
Delta Dac: 0.001034
Checking detector protection. dv=0.00103
Checking detector "CDD". Protection Threshold: 0.1 (V)
SetMagnetDAC 5.87046689655 ===>> OK
Magnet settling time: 1.049
GetData ===>> H2,-0.107980858658132,H1,457.025252106605,AX,43.3409270374748,L1,0.216801163051319,L2,-0.07287043...
setting magnet DAC
current  : 5.870467
requested: 5.871501
Delta Dac: 0.001034
Checking detector protection. dv=0.00103
Checking detector "CDD". Protection Threshold: 0.1 (V)
SetMagnetDAC 5.87150137931 ===>> OK
Magnet settling time: 1.049
GetData ===>> H2,-0.0094581023677532,H1,714.219069336455,AX,74.5589354948121,L1,0.485836599971056,L2,0.01913171...
setting magnet DAC
current  : 5.871501
requested: 5.872536
Delta Dac: 0.001034
Checking detector protection. dv=0.00103
Checking detector "CDD". Protection Threshold: 0.1 (V)
SetMagnetDAC 5.87253586207 ===>> OK
Magnet settling time: 1.049
GetData ===>> H2,-0.0204325513395377,H1,896.994112926235,AX,100.72389966028,L1,0.8789952920889,L2,0.16369975328...
setting magnet DAC
current  : 5.872536
requested: 5.873570
Delta Dac: 0.001034
Checking detector protection. dv=0.00103
Checking detector "CDD". Protection Threshold: 0.1 (V)
SetMagnetDAC 5.87357034483 ===>> OK
Magnet settling time: 1.049
GetData ===>> H2,-0.0134369493577218,H1,988.263446870575,AX,116.796843256271,L1,1.12154614094635,L2,0.201325064...
setting magnet DAC
current  : 5.873570
requested: 5.874605
Delta Dac: 0.001034
Checking detector protection. dv=0.00103
Checking detector "CDD". Protection Threshold: 0.1 (V)
SetMagnetDAC 5.87460482759 ===>> OK
Magnet settling time: 1.049
GetData ===>> H2,-0.25308534368351,H1,1027.9000348502,AX,125.560498824683,L1,1.39385398637734,L2,0.185009059705...
setting magnet DAC
current  : 5.874605
requested: 5.875639
Delta Dac: 0.001034
Checking detector protection. dv=0.00103
Checking detector "CDD". Protection Threshold: 0.1 (V)
SetMagnetDAC 5.87563931034 ===>> OK
Magnet settling time: 1.049
GetData ===>> H2,-0.312663431827671,H1,1032.54497921984,AX,127.086874137925,L1,1.48041342383806,L2,0.2483717954...
setting magnet DAC
current  : 5.875639
requested: 5.876674
Delta Dac: 0.001034
Checking detector protection. dv=0.00103
Checking detector "CDD". Protection Threshold: 0.1 (V)
SetMagnetDAC 5.8766737931 ===>> OK
Magnet settling time: 1.049
GetData ===>> H2,-0.0453888336105157,H1,1033.96429740699,AX,127.090437918199,L1,1.54954156790311,L2,0.208126122...
setting magnet DAC
current  : 5.876674
requested: 5.877708
Delta Dac: 0.001034
Checking detector protection. dv=0.00103
Checking detector "CDD". Protection Threshold: 0.1 (V)
SetMagnetDAC 5.87770827586 ===>> OK
Magnet settling time: 1.049
GetData ===>> H2,-0.0160543552454307,H1,1033.73850594983,AX,127.678732440963,L1,1.60020227364903,L2,0.273950620...
setting magnet DAC
current  : 5.877708
requested: 5.878743
Delta Dac: 0.001034
Checking detector protection. dv=0.00103
Checking detector "CDD". Protection Threshold: 0.1 (V)
SetMagnetDAC 5.87874275862 ===>> OK
Magnet settling time: 1.049
GetData ===>> H2,0.00287563070415742,H1,1033.35810136375,AX,127.222046491288,L1,1.60885999787366,L2,0.225130880...
setting magnet DAC
current  : 5.878743
requested: 5.879777
Delta Dac: 0.001034
Checking detector protection. dv=0.00103
Checking detector "CDD". Protection Threshold: 0.1 (V)
SetMagnetDAC 5.87977724138 ===>> OK
Magnet settling time: 1.049
GetData ===>> H2,-0.0606364227203738,H1,1033.2403352677,AX,127.152989364107,L1,1.64147980932022,L2,0.2968855635...
setting magnet DAC
current  : 5.879777
requested: 5.880812
Delta Dac: 0.001034
Checking detector protection. dv=0.00103
Checking detector "CDD". Protection Threshold: 0.1 (V)
SetMagnetDAC 5.88081172414 ===>> OK
Magnet settling time: 1.049
GetData ===>> H2,-0.223772066103659,H1,1032.96167415143,AX,127.156784627594,L1,1.65188634931251,L2,0.0695302026...
setting magnet DAC
current  : 5.880812
requested: 5.881846
Delta Dac: 0.001034
Checking detector protection. dv=0.00103
Checking detector "CDD". Protection Threshold: 0.1 (V)
SetMagnetDAC 5.8818462069 ===>> OK
Magnet settling time: 1.049
GetData ===>> H2,-0.240673458214823,H1,1032.23715663569,AX,126.779083785422,L1,1.6650272211634,L2,0.31859446367...
setting magnet DAC
current  : 5.881846
requested: 5.882881
Delta Dac: 0.001034
Checking detector protection. dv=0.00103
Checking detector "CDD". Protection Threshold: 0.1 (V)
SetMagnetDAC 5.88288068966 ===>> OK
Magnet settling time: 1.049
GetData ===>> H2,-0.211841921746007,H1,1030.64830245227,AX,126.750062183858,L1,1.59297681347829,L2,0.2615507125...
setting magnet DAC
current  : 5.882881
requested: 5.883915
Delta Dac: 0.001034
Checking detector protection. dv=0.00103
Checking detector "CDD". Protection Threshold: 0.1 (V)
SetMagnetDAC 5.88391517241 ===>> OK
Magnet settling time: 1.049
GetData ===>> H2,-0.172510200892598,H1,1024.60701469978,AX,125.015970982724,L1,1.58221716062644,L2,0.3034296404...
setting magnet DAC
current  : 5.883915
requested: 5.884950
Delta Dac: 0.001034
Checking detector protection. dv=0.00103
Checking detector "CDD". Protection Threshold: 0.1 (V)
SetMagnetDAC 5.88494965517 ===>> OK
Magnet settling time: 1.049
GetData ===>> H2,-0.142588965543837,H1,1002.59734280558,AX,119.722952303899,L1,1.55370618179055,L2,0.1817690092...
setting magnet DAC
current  : 5.884950
requested: 5.885984
Delta Dac: 0.001034
Checking detector protection. dv=0.00103
Checking detector "CDD". Protection Threshold: 0.1 (V)
SetMagnetDAC 5.88598413793 ===>> OK
Magnet settling time: 1.049
GetData ===>> H2,-0.169846875234136,H1,928.251718193114,AX,104.901993141713,L1,1.35078657948715,L2,0.2021466428...
setting magnet DAC
current  : 5.885984
requested: 5.887019
Delta Dac: 0.001034
Checking detector protection. dv=0.00103
Checking detector "CDD". Protection Threshold: 0.1 (V)
SetMagnetDAC 5.88701862069 ===>> OK
Magnet settling time: 1.049
GetData ===>> H2,-0.205765661807478,H1,758.000094360967,AX,76.852507279255,L1,1.11335591996582,L2,0.13660226261...
setting magnet DAC
current  : 5.887019
requested: 5.888053
Delta Dac: 0.001034
Checking detector protection. dv=0.00103
Checking detector "CDD". Protection Threshold: 0.1 (V)
SetMagnetDAC 5.88805310345 ===>> OK
Magnet settling time: 1.049
GetData ===>> H2,-0.292300456079217,H1,506.487081329677,AX,44.536822556916,L1,0.783788969551416,L2,0.0013436501...
setting magnet DAC
current  : 5.888053
requested: 5.889088
Delta Dac: 0.001034
Checking detector protection. dv=0.00103
Checking detector "CDD". Protection Threshold: 0.1 (V)
SetMagnetDAC 5.88908758621 ===>> OK
Magnet settling time: 1.049
GetData ===>> H2,-0.325436756384321,H1,264.780334809662,AX,19.8004488923754,L1,0.510046168593996,L2,0.129669457...
setting magnet DAC
current  : 5.889088
requested: 5.890122
Delta Dac: 0.001034
Checking detector protection. dv=0.00103
Checking detector "CDD". Protection Threshold: 0.1 (V)
SetMagnetDAC 5.89012206897 ===>> OK
Magnet settling time: 1.049
GetData ===>> H2,-0.122220139091676,H1,106.411854395121,AX,6.59476675140525,L1,0.295880522821409,L2,-0.09507792...
setting magnet DAC
current  : 5.890122
requested: 5.891157
Delta Dac: 0.001034
Checking detector protection. dv=0.00103
Checking detector "CDD". Protection Threshold: 0.1 (V)
SetMagnetDAC 5.89115655172 ===>> OK
Magnet settling time: 1.049
GetData ===>> H2,-0.339745126424662,H1,17.1975228124374,AX,0.687061918443156,L1,0.131450272444216,L2,-0.0373186...
setting magnet DAC
current  : 5.891157
requested: 5.892191
Delta Dac: 0.001034
Checking detector protection. dv=0.00103
Checking detector "CDD". Protection Threshold: 0.1 (V)
SetMagnetDAC 5.89219103448 ===>> OK
Magnet settling time: 1.049
GetData ===>> H2,-0.138708277353197,H1,4.26946159825776,AX,0.162392344023843,L1,0.116147339978665,L2,0.00097926...
setting magnet DAC
current  : 5.892191
requested: 5.893226
Delta Dac: 0.001034
Checking detector protection. dv=0.00103
Checking detector "CDD". Protection Threshold: 0.1 (V)
SetMagnetDAC 5.89322551724 ===>> OK
Magnet settling time: 1.049
GetData ===>> H2,-0.113011501952193,H1,0.89636557833892,AX,-0.195103009619271,L1,0.0555374688024021,L2,-0.08351...
setting magnet DAC
current  : 5.893226
requested: 5.894260
Delta Dac: 0.001034
Checking detector protection. dv=0.00103
Checking detector "CDD". Protection Threshold: 0.1 (V)
SetMagnetDAC 5.89426 ===>> OK
Magnet settling time: 1.049
GetData ===>> H2,-0.241782553675812,H1,0.131084250337188,AX,-0.224505515603534,L1,0.0627982013117817,L2,-0.1022...
result of _do_sweep=True
result of _calculate_peak_center=([5.8717771031718602, 5.8793812770368321, 5.886985450901804], [762.93466211694181, 1033.9624874554297, 763.45906426339229], 5.8766820855504109, 1033.9624874554297)
Failed to find a valid peak. No peak greater than 1.0. max = 0.0199336706491
new center pos Detector(H1) (Ar40) @ 5.87938127704
GetHighVoltage ===>> 4500
GetDeflection H1 ===>> 0
dac uncorrected for HV and deflection 5.87938127704
update mftable H1 Ar40 5.87938127704 message=automated run peakcenter
get initial guess parabolic
get initial guess parabolic
get initial guess parabolic
get initial guess parabolic
get initial guess parabolic
get initial guess parabolic
dump mftable to /Users/jan/PychronDev/setupfiles/spectrometer/mftables/mftable.csv
add to repo msg=modified - automated run peakcenter
locally archiving mftable
setting magnet DAC
current  : 5.894260
requested: 5.879381
Delta Dac: 0.014879
Checking detector protection. dv=0.01488
Checking detector "CDD". Protection Threshold: 0.1 (V)
sweep finished
SetMagnetDAC 5.87938127704 ===>> OK
Magnet settling time: 0.500
setting integration time = 1.048576
SetIntegrationTime 1.048576 ===>> OK
Failed to find a valid peak. No peak greater than 1.0. max = 0.0199157709569
flush and close file /Users/jan/PychronDev/data/isotopes/3c/ab7974-46c2-4615-99f6-5bb7d84a3d2e.h5
finished measure script
executed snippet estimated_duration=226.132928, duration=273.162553072
jan_unknown120_60.py completed successfully
Measurement Finished
05:12:14 -- ******* Measurement Finished *******
Post Measurement Started jan_pump_ms.py
05:12:14 -- ******* Post Measurement Started jan_pump_ms.py *******
testing...
no interpolation path defined
executed snippet estimated_duration=0, duration=2.69412994385e-05
Pumping spectrometer
open () {'name': 'O'}
opening name=O desc=---
checking ownership. requestor=129.138.12.150
check software interlocks O
interlocks []
actuate state mode=None-script, software_lock=False
doing actuation None-script open_channel True
Open O ===>> OK
GetIndicatorState O ===>> OK
change switch state (True, True)
update switch state O True args=() kw={} ncanvase=2
05:12:14 -- OPEN   VALVE-O (Jan Ion Pump)
---------------------------------------- open O () result=[(True, True)], time=0.08 sec
action=open, ok=True, locked=[False]
executed snippet estimated_duration=0, duration=0.334229946136
jan_pump_ms.py completed successfully
setting _ms_pumptime
Post Measurement Finished
05:12:14 -- ******* Post Measurement Finished *******
$$$$$$$$$$$$$$$$$$$$ state at run end measurement
state changed from measurement to success
post measurement save measured=True aborted=False
Set filtering
setting fod for Ar40= {'filter_outliers': True, 'std_devs': 2, 'iterations': 1}
setting fod for H1= {'filter_outliers': True, 'std_devs': 2, 'iterations': 1}
setting fod for PM41= {'filter_outliers': False, 'std_devs': 2, 'iterations': 1}
setting fod for H2= {'filter_outliers': True, 'std_devs': 2, 'iterations': 1}
setting fod for Ar36= {'filter_outliers': True, 'std_devs': 2, 'iterations': 1}
setting fod for CDD= {'filter_outliers': True, 'std_devs': 10, 'iterations': 1}
setting fod for Ar37= {'filter_outliers': True, 'std_devs': 2, 'iterations': 1}
setting fod for L2= {'filter_outliers': True, 'std_devs': 2, 'iterations': 1}
setting fod for Ar38= {'filter_outliers': True, 'std_devs': 2, 'iterations': 1}
setting fod for L1= {'filter_outliers': True, 'std_devs': 2, 'iterations': 1}
setting fod for Ar39= {'filter_outliers': True, 'std_devs': 2, 'iterations': 1}
setting fod for AX= {'filter_outliers': True, 'std_devs': 2, 'iterations': 1}
persistence save...
persistence save - db
post measurement save
7303856048 connecting to database sqlite:////Users/jan/PychronDev/.appdata/local_lab.db
connected to db sqlite:////Users/jan/PychronDev/.appdata/local_lab.db
create new session 7303856048
close session 7303856048
No database instance. Not saving post measurement to isotopedb database
$$$$$$$$$$$$$$$ auto_save_detector_ic=False
massspec enabled True
create new session 4979675504
MassSpec Database Version: 16.0
close session 4979675504
saving post measurement to secondary database
saving to massspec database 129.138.12.160/massspecdata
setting labnumber to 25351
setting aliquot to 4
setting step to 
setting uuid to 3cab7974-46c2-4615-99f6-5bb7d84a3d2e
setting irradpos to 25351
setting extract_device to Fusions CO2
setting tray to 
setting position to 220
setting power_requested to 5.0
setting extract_value to 5.0
setting duration to 30.0
setting duration_at_request to 30.0
setting first_stage_delay to 30.0
setting cleanup to 30.0
setting comment to Q:16
setting irradiation to NM-288
setting level to Q
setting irradiation_level to Q
setting sample to FC-2
setting material to Sanidine
setting project to Irradiation-NM-288
setting mass_spectrometer to Jan
no attribute chron_dosages
no attribute production_ratios
no attribute interference_corrections
no attribute production_name
no attribute j
Reference Isotope=Ar40
Reference Detector=H1
%%%%%%%%%%%%%%%%%%%% Comment: Q:16 %%%%%%%%%%%%%%%%%%%
adding isotope PM41 H2
add baseline dbdet= PM41. original det= H2
get baseline data PM41 H2
Get data baseline <pychron.processing.isotope.Baseline object at 0x1a28e0d90> len t=60
baseline PM41. v=-0.181466781364, e=0.00746622013918
get signal data PM41 H2
Get data signal PM41 0.05+/-0.06 len t=120
adding isotope Ar40 H1
add baseline dbdet= Ar40. original det= H1
get baseline data Ar40 H1
Get data baseline <pychron.processing.isotope.Baseline object at 0x196be6310> len t=60
baseline Ar40. v=-0.000492331932176, e=0.00527971948143
get signal data Ar40 H1
Get data signal Ar40 1136.49+/-0.07 len t=120
adding isotope Ar39 AX
add baseline dbdet= Ar39. original det= AX
get baseline data Ar39 AX
Get data baseline <pychron.processing.isotope.Baseline object at 0x196be6890> len t=60
baseline Ar39. v=-0.0782878613398, e=0.00768671503337
get signal data Ar39 AX
Get data signal Ar39 139.703+/-0.021 len t=120
adding isotope Ar38 L1
add baseline dbdet= Ar38. original det= L1
get baseline data Ar38 L1
Get data baseline <pychron.processing.isotope.Baseline object at 0x196be6450> len t=60
baseline Ar38. v=-0.0178100209472, e=0.00302340381795
get signal data Ar38 L1
Get data signal Ar38 1.814+/-0.005 len t=120
adding isotope Ar37 L2
add baseline dbdet= Ar37. original det= L2
get baseline data Ar37 L2
Get data baseline <pychron.processing.isotope.Baseline object at 0x196be6990> len t=60
baseline Ar37. v=-0.0293003313069, e=0.00593370115993
get signal data Ar37 L2
Get data signal Ar37 0.317+/-0.010 len t=120
adding isotope Ar36 CDD
add baseline dbdet= Ar36. original det= CDD
get baseline data Ar36 CDD
Get data baseline <pychron.processing.isotope.Baseline object at 0x196be6b90> len t=60
baseline Ar36. v=0.000280363195829, e=2.5043205961e-05
get signal data Ar36 CDD
Get data signal Ar36 0.01005+/-0.00028 len t=120
25351-04 added analysis time 0.632444858551s
analysis added to mass spec database
mass spec save time= 0.639
persistence save - dvc
================= post measurement started
create new session 4982376208
close session 4982376208
---------------- Experiment Queue saving disabled
DVC saving peakcenter
Failed to find a valid peak. No peak greater than 1.0. max = 0.0199157709569
Smart pull ahead: 0 behind: 0
Up-to-date with origin
add to repo msg=modified - ad8224ebc6dbfeb9f5997218dfa5fe690569839d.json
add to repo msg=modified - 51-04.json
add to repo msg=modified - 51-04.dat.json
add to repo msg=modified - 51-04.blan.json
add to repo msg=modified - 51-04.inte.json
add to repo msg=modified - 51-04.icfa.json
add to repo msg=modified - 51-04.base.json
not at valid file /Users/jan/PychronDev/data/.dvc/repositories/Load1788/253/tags/51-04.tags.json
add to repo msg=modified - 51-04.peak.json
add to repo msg=modified - 51-04.extr.json
not at valid file /Users/jan/PychronDev/data/.dvc/repositories/Load1788/253/monitor/51-04.moni.json
commit message=<COLLECTION>
add to repo msg=modified - 51-04.inte.json
add to repo msg=modified - 51-04.base.json
commit message=<ISOEVO> default collection fits
add to repo msg=modified - 51-04.blan.json
commit message=<BLANKS> preceding bc-02-J-346
add to repo msg=modified - 51-04.icfa.json
commit message=<ICFactor> default
push repository <pychron.git_archive.repo_manager.GitRepoManager object at 0x1a4673c50>
pushing to remote=origin, url=https://github.com
no changes to meta repo
create new session 4982376208
add association Load1788
get identifier "25351"
setting analysis irradiation position=<pychron.dvc.dvc_orm.IrradiationPositionTbl object at 0x1aab8a210>
close session 4982376208
================= post measurement finished
05:12:28 -- ******* Post Run Check *******
loading queue conditionals post_run_actions
loading system conditionals post_run_actions
loading conditionals from /Users/jan/PychronDev/setupfiles/spectrometer/default_conditionals.yaml
loading queue conditionals post_run_terminations
loading system conditionals post_run_terminations
loading conditionals from /Users/jan/PychronDev/setupfiles/spectrometer/default_conditionals.yaml
Checking default post run terminations n=1
GetDeflection CDD ===>> 50
testing CDD==2000
evaluate ot="CDD.deflection==2000" t="CDD==2000", ctx="{'CDD': 50.0}"
05:12:28 -- ******* Post Run Check Passed *******
05:12:28 -- Automated run 25351-04 success duration: 365.533 s
----------------- finish -----------------
----------------- stop -----------------
retroactive repository identifiers disabled
finish run. runs completed=131
update duration runid=25351-04, duration=365.533315897, md5=301e91d8
loading script "jan_unknown400_120.py"
loading script "jan_pump_ms.py"
loading script "jan_co2.py"
loading script "jan_pump_extraction_line.py"
testing...
no interpolation path defined
executed snippet estimated_duration=556.052928, duration=0.000213861465454
script duration name:unknown400_120 seconds:556.0
loading script "jan_unknown400_120.py"
loading script "jan_pump_ms.py"
loading script "jan_co2.py"
loading script "jan_pump_extraction_line.py"
testing...
no interpolation path defined
executed snippet estimated_duration=0, duration=2.88486480713e-05
loading script "jan_unknown400_120.py"
loading script "jan_pump_ms.py"
loading script "jan_co2.py"
loading script "jan_pump_extraction_line.py"
testing...
no interpolation path defined
calculate duration
testing...
no interpolation path defined
executed snippet estimated_duration=0, duration=5.69820404053e-05
calculate duration
testing...
no interpolation path defined
executed snippet estimated_duration=0, duration=9.48905944824e-05
executed snippet estimated_duration=0.0, duration=0.00282192230225
script duration name:co2 seconds:0.0
loading script "jan_unknown400_120.py"
loading script "jan_pump_ms.py"
loading script "jan_co2.py"
loading script "jan_pump_extraction_line.py"
testing...
no interpolation path defined
calculate duration
testing...
no interpolation path defined
executed snippet estimated_duration=4.0, duration=0.000176191329956
executed snippet estimated_duration=4.0, duration=0.00131583213806
Script duration 556.0
Run total estimated duration= 557.000
unknown400_120 in script context. using previous estimated duration
script duration name:unknown400_120 seconds:556.0
pump_ms in script context. using previous estimated duration
loading script "jan_unknown400_120.py"
loading script "jan_pump_ms.py"
loading script "jan_sniffair_x2.py"
loading script "jan_pump_extraction_line.py"
testing...
no interpolation path defined
calculate duration
testing...
no interpolation path defined
executed snippet estimated_duration=0, duration=4.79221343994e-05
calculate duration
testing...
no interpolation path defined
executed snippet estimated_duration=0, duration=0.000129222869873
calculate duration
testing...
no interpolation path defined
executed snippet estimated_duration=32.0, duration=0.000350952148438
calculate duration
testing...
no interpolation path defined
executed snippet estimated_duration=34.0, duration=0.000106811523438
calculate duration
testing...
no interpolation path defined
executed snippet estimated_duration=4.0, duration=9.10758972168e-05
calculate duration
testing...
no interpolation path defined
executed snippet estimated_duration=36.0, duration=0.000102043151855
calculate duration
testing...
no interpolation path defined
executed snippet estimated_duration=34.0, duration=9.29832458496e-05
calculate duration
testing...
no interpolation path defined
executed snippet estimated_duration=4.0, duration=6.31809234619e-05
calculate duration
testing...
no interpolation path defined
executed snippet estimated_duration=36.0, duration=0.000134944915771
calculate duration
testing...
no interpolation path defined
executed snippet estimated_duration=70.0, duration=0.000102043151855
executed snippet estimated_duration=250.0, duration=0.025759935379
script duration name:sniffair_x2 seconds:250.0
pump_extraction_line in script context. using previous estimated duration
Script duration 806.0
Run total estimated duration= 807.000
script duration name:unknown400_120 seconds:556.0
sniffair_x2 in script context. using previous estimated duration
script duration name:sniffair_x2 seconds:250.0
Script duration 806.0
Run total estimated duration= 807.000
loading script "jan_ic_peak_hop3.py"
loading script "jan_pump_ms.py"
loading script "jan_sniffair_x1.py"
loading script "jan_pump_extraction_line.py"
testing...
no interpolation path defined
executed snippet estimated_duration=133.8, duration=0.00965309143066
script duration name:ic_peak_hop3 seconds:134.0
loading script "jan_ic_peak_hop3.py"
loading script "jan_pump_ms.py"
loading script "jan_sniffair_x1.py"
loading script "jan_pump_extraction_line.py"
testing...
no interpolation path defined
calculate duration
testing...
no interpolation path defined
executed snippet estimated_duration=0, duration=4.38690185547e-05
calculate duration
testing...
no interpolation path defined
executed snippet estimated_duration=0, duration=9.79900360107e-05
calculate duration
testing...
no interpolation path defined
executed snippet estimated_duration=32.0, duration=8.20159912109e-05
calculate duration
testing...
no interpolation path defined
executed snippet estimated_duration=34.0, duration=9.58442687988e-05
calculate duration
testing...
no interpolation path defined
executed snippet estimated_duration=4.0, duration=5.91278076172e-05
calculate duration
testing...
no interpolation path defined
executed snippet estimated_duration=70.0, duration=9.20295715332e-05
executed snippet estimated_duration=140.0, duration=0.00629091262817
script duration name:sniffair_x1 seconds:140.0
Script duration 274.0
Run total estimated duration= 275.000
loading script "jan_unknown120_60.py"
loading script "jan_pump_ms.py"
loading script "jan_co2.py"
loading script "jan_pump_extraction_line.py"
testing...
no interpolation path defined
executed snippet estimated_duration=213.652928, duration=0.000142812728882
script duration name:unknown120_60 seconds:214.0
co2 in script context. using previous estimated duration
script duration name:co2 seconds:0.0
Script duration 214.0
Run total estimated duration= 215.000
unknown120_60 in script context. using previous estimated duration
script duration name:unknown120_60 seconds:214.0
script duration name:co2 seconds:0.0
Script duration 214.0
Run total estimated duration= 215.000
nruns=6 before=5.0, run_dur=2876.0, btw=225.0
write rem/ex queues
/Users/jan/PychronDev/experiments/rem/CurrentExperiment.rem.txt
/Users/jan/PychronDev/experiments/rem/CurrentExperiment.ex.txt
doing event level: 3
