do run
loading script "jan_unknown120_60.py"
loading script "jan_pump_ms.py"
loading script "jan_cocktail_x1.py"
loading script "jan_pump_extraction_line.py"
testing...
no interpolation path defined
executed snippet estimated_duration=213.652928, duration=0.000214099884033
script duration name:unknown120_60 seconds:214.0
loading script "jan_unknown120_60.py"
loading script "jan_pump_ms.py"
loading script "jan_cocktail_x1.py"
loading script "jan_pump_extraction_line.py"
testing...
no interpolation path defined
executed snippet estimated_duration=0, duration=1.90734863281e-05
loading script "jan_unknown120_60.py"
loading script "jan_pump_ms.py"
loading script "jan_cocktail_x1.py"
loading script "jan_pump_extraction_line.py"
testing...
no interpolation path defined
calculate duration
testing...
no interpolation path defined
executed snippet estimated_duration=0, duration=4.10079956055e-05
calculate duration
testing...
no interpolation path defined
executed snippet estimated_duration=0, duration=7.41481781006e-05
calculate duration
testing...
no interpolation path defined
executed snippet estimated_duration=32.0, duration=6.41345977783e-05
calculate duration
testing...
no interpolation path defined
executed snippet estimated_duration=34.0, duration=7.00950622559e-05
calculate duration
testing...
no interpolation path defined
executed snippet estimated_duration=4.0, duration=4.60147857666e-05
calculate duration
testing...
no interpolation path defined
executed snippet estimated_duration=38.0, duration=6.89029693604e-05
executed snippet estimated_duration=108.0, duration=0.0042040348053
script duration name:cocktail_x1 seconds:108.0
loading script "jan_unknown120_60.py"
loading script "jan_pump_ms.py"
loading script "jan_cocktail_x1.py"
loading script "jan_pump_extraction_line.py"
testing...
no interpolation path defined
calculate duration
testing...
no interpolation path defined
executed snippet estimated_duration=4.0, duration=0.000107049942017
executed snippet estimated_duration=4.0, duration=0.000998020172119
Script duration 322.0
Run total estimated duration= 323.000
run duration: 0:05:23
doing event level: 2
17:50:29 -- Setting default integration. t=1.048576
setting integration time = 1.048576
SetIntegrationTime 1.048576 ===>> OK
----------------- start -----------------
**************** Experiment Type: Ar/Ar, Ar/Ar
create new session 4994527152
close session 4994527152
$$$$$ Clearing conditionals
adding conditionals 
Add queue conditionals
add default conditionals
adding default conditionals from /Users/jan/PychronDev/setupfiles/spectrometer/default_conditionals.yaml
Start automated run c-02-J-1212
loading script "jan_unknown120_60.py"
loading script "jan_pump_ms.py"
loading script "jan_cocktail_x1.py"
loading script "jan_pump_extraction_line.py"
%%%%%%%%%%%%%%%%%% setting automated run c-02-J-1212
No value "sensitivity_multiplier" in metadata
$$$$$$$$$$$$$$$ auto_save_detector_ic=False
============================= Pre Extraction Check =============================
loading queue conditionals pre_run_terminations
loading system conditionals pre_run_terminations
loading conditionals from /Users/jan/PychronDev/setupfiles/spectrometer/default_conditionals.yaml
17:50:29 -- ******* Pre Extraction Check *******
Get a measurement from the spectrometer
GetData ===>> H2,-0.115616818176911,H1,-0.0432224383372535,AX,-0.00262133625030018,L1,-0.0333544036080475,L2,-0...
Pre Extraction Termination data. keys=H2,H1,AX,L1,L2,CDD, signals=-0.11562,-0.04322,-0.00262,-0.03335,-0.04322,0.00268
17:50:29 -- testing system defined conditionals
Checking default pre extraction terminations n=2
testing CDD
evaluate ot="CDD.inactive" t="CDD", ctx="{'CDD': False}"
GetDeflection CDD ===>> 50
testing CDD==2000
evaluate ot="CDD.deflection==2000" t="CDD==2000", ctx="{'CDD': 50.0}"
17:50:29 -- ******* Pre Extraction Check Passed *******
=================================================================================
17:50:29 -- stopping status monitor
stop 4978378800
Alive clients [4983567760]
17:50:29 -- starting status monitor
start 4978378800
Monitor already running
start extraction
do extraction
Analysis started at 17:50:29.885800
Extraction Started jan_cocktail_x1.py
17:50:29 -- ******* Extraction Started jan_cocktail_x1.py *******
state changed from not run to extraction
DO EXTRACTION <pychron.extraction_line.pyscript_runner.RemotePyScriptRunner object at 0x12b3c9890>
testing...
no interpolation path defined
calculate duration
testing...
no interpolation path defined
executed snippet estimated_duration=0, duration=4.91142272949e-05
calculate duration
testing...
no interpolation path defined
executed snippet estimated_duration=0, duration=0.000122785568237
calculate duration
testing...
no interpolation path defined
executed snippet estimated_duration=32.0, duration=8.39233398438e-05
calculate duration
testing...
no interpolation path defined
executed snippet estimated_duration=34.0, duration=9.79900360107e-05
calculate duration
testing...
no interpolation path defined
executed snippet estimated_duration=4.0, duration=5.10215759277e-05
calculate duration
testing...
no interpolation path defined
executed snippet estimated_duration=38.0, duration=7.79628753662e-05
executed snippet estimated_duration=108.0, duration=0.0063841342926
Jan Cocktail Pipette x1
doing GOSUB
testing...
no interpolation path defined
executed snippet estimated_duration=0, duration=3.19480895996e-05
Waiting for minibone access
wait ('FelixMiniboneFlag', 0) {}
waiting for FelixMiniboneFlag = 0
Read FelixMiniboneFlag ===>> 0
finished waiting
Minibone free
acquire ('JanMiniboneFlag',) {'clear': True}
acquire JanMiniboneFlag
Set JanMiniboneFlag 1 ===>> OK
JanMiniboneFlag acquired
set extraction state False (0.75, 'red', 1.5)
Minibone acquired
wait ('MinibonePumpTimeFlag', 0) {}
waiting for MinibonePumpTimeFlag = 0
Read MinibonePumpTimeFlag ===>> 0
finished waiting
executed snippet estimated_duration=0, duration=0.0149290561676
WaitForMiniboneAccess.py completed successfully
gosub finished
doing GOSUB
testing...
no interpolation path defined
executed snippet estimated_duration=0, duration=0.000133991241455
Prepare for Air Shot
close () {'description': 'Jan Inlet'}
closing name=--- desc=Jan Inlet
checking ownership. requestor=129.138.12.150
check software interlocks R
interlocks []
actuate state mode=None-script, software_lock=False
doing actuation None-script close_channel False
Close R ===>> OK
GetIndicatorState R ===>> False
change switch state (True, True)
update switch state R False args=() kw={} ncanvase=2
17:50:30 -- CLOSE  VALVE-R (Jan Inlet)
---------------------------------------- close None (Jan Inlet) result=[(True, True)]
action=close, ok=True, locked=[False]
open () {'description': 'Jan Ion Pump'}
opening name=--- desc=Jan Ion Pump
checking ownership. requestor=129.138.12.150
check software interlocks O
interlocks []
actuate state mode=None-script, software_lock=False
doing actuation None-script open_channel False
Open O ===>> OK
GetIndicatorState O ===>> OK
change switch state (True, True)
update switch state O True args=() kw={} ncanvase=2
17:50:30 -- OPEN   VALVE-O (Jan Ion Pump)
---------------------------------------- open None (Jan Ion Pump) result=[(True, True)], time=0.09 sec
action=open, ok=True, locked=[False]
close () {'description': 'Minibone to Bone'}
closing name=--- desc=Minibone to Bone
checking ownership. requestor=129.138.12.150
check software interlocks I
interlocks []
actuate state mode=None-script, software_lock=False
doing actuation None-script close_channel True
Close I ===>> OK
GetIndicatorState I ===>> False
change switch state (True, True)
update switch state I False args=() kw={} ncanvase=2
17:50:31 -- CLOSE  VALVE-I (Minibone to Bone)
---------------------------------------- close None (Minibone to Bone) result=[(True, True)]
action=close, ok=True, locked=[False]
close () {'description': 'Bone to Minibone'}
closing name=--- desc=Bone to Minibone
checking ownership. requestor=129.138.12.150
check software interlocks E
interlocks []
actuate state mode=None-script, software_lock=False
doing actuation None-script close_channel False
Close E ===>> OK
GetIndicatorState E ===>> False
change switch state (True, True)
update switch state E False args=() kw={} ncanvase=2
17:50:31 -- CLOSE  VALVE-E (Bone to Minibone)
---------------------------------------- close None (Bone to Minibone) result=[(True, True)]
action=close, ok=True, locked=[False]
close () {'description': 'Minibone to Turbo'}
closing name=--- desc=Minibone to Turbo
checking ownership. requestor=129.138.12.150
check software interlocks P
interlocks []
actuate state mode=None-script, software_lock=False
doing actuation None-script close_channel True
Close P ===>> OK
GetIndicatorState P ===>> False
change switch state (True, True)
update switch state P False args=() kw={} ncanvase=2
17:50:32 -- CLOSE  VALVE-P (Minibone to Turbo)
---------------------------------------- close None (Minibone to Turbo) result=[(True, True)]
action=close, ok=True, locked=[False]
close () {'description': 'Quad Inlet'}
closing name=--- desc=Quad Inlet
checking ownership. requestor=129.138.12.150
check software interlocks Q
interlocks []
actuate state mode=None-script, software_lock=False
doing actuation None-script close_channel True
Close Q ===>> OK
GetIndicatorState Q ===>> False
change switch state (True, True)
update switch state Q False args=() kw={} ncanvase=2
17:50:32 -- CLOSE  VALVE-Q (Quad Inlet)
---------------------------------------- close None (Quad Inlet) result=[(True, True)]
action=close, ok=True, locked=[False]
open () {'description': 'Microbone to Turbo'}
opening name=--- desc=Microbone to Turbo
checking ownership. requestor=129.138.12.150
check software interlocks U
interlocks []
actuate state mode=None-script, software_lock=False
doing actuation None-script open_channel False
Open U ===>> OK
GetIndicatorState U ===>> OK
change switch state (True, True)
update switch state U True args=() kw={} ncanvase=2
17:50:33 -- OPEN   VALVE-U (Microbone to Turbo)
---------------------------------------- open None (Microbone to Turbo) result=[(True, True)], time=0.13 sec
action=open, ok=True, locked=[False]
open () {'description': 'Microbone to Inlet Pipette'}
opening name=--- desc=Microbone to Inlet Pipette
checking ownership. requestor=129.138.12.150
check software interlocks S
interlocks []
actuate state mode=None-script, software_lock=False
doing actuation None-script open_channel False
Open S ===>> OK
GetIndicatorState S ===>> OK
change switch state (True, True)
update switch state S True args=() kw={} ncanvase=2
17:50:33 -- OPEN   VALVE-S (Microbone to Inlet Pipette)
---------------------------------------- open None (Microbone to Inlet Pipette) result=[(True, True)], time=0.40 sec
action=open, ok=True, locked=[False]
open () {'description': 'Microbone to Getter D-50'}
opening name=--- desc=Microbone to Getter D-50
checking ownership. requestor=129.138.12.150
check software interlocks K
interlocks []
actuate state mode=None-script, software_lock=False
doing actuation None-script open_channel False
Open K ===>> OK
GetIndicatorState K ===>> OK
change switch state (True, True)
update switch state K True args=() kw={} ncanvase=2
17:50:34 -- OPEN   VALVE-K (Microbone to Getter D-50)
---------------------------------------- open None (Microbone to Getter D-50) result=[(True, True)], time=0.40 sec
action=open, ok=True, locked=[False]
open () {'description': 'Microbone to Getter NP-10'}
opening name=--- desc=Microbone to Getter NP-10
checking ownership. requestor=129.138.12.150
check software interlocks M
interlocks []
actuate state mode=None-script, software_lock=False
doing actuation None-script open_channel False
Open M ===>> OK
GetIndicatorState M ===>> OK
change switch state (True, True)
update switch state M True args=() kw={} ncanvase=2
17:50:34 -- OPEN   VALVE-M (Microbone to Getter NP-10)
---------------------------------------- open None (Microbone to Getter NP-10) result=[(True, True)], time=0.15 sec
action=open, ok=True, locked=[False]
close () {'description': 'Microbone to CO2 Laser'}
closing name=--- desc=Microbone to CO2 Laser
checking ownership. requestor=129.138.12.150
check software interlocks T
interlocks []
actuate state mode=None-script, software_lock=False
doing actuation None-script close_channel True
Close T ===>> OK
GetIndicatorState T ===>> False
change switch state (True, True)
update switch state T False args=() kw={} ncanvase=2
17:50:35 -- CLOSE  VALVE-T (Microbone to CO2 Laser)
---------------------------------------- close None (Microbone to CO2 Laser) result=[(True, True)]
action=close, ok=True, locked=[False]
executed snippet estimated_duration=0, duration=5.75476813316
PrepareForAirShot.py completed successfully
gosub finished
doing GOSUB
testing...
no interpolation path defined
executed snippet estimated_duration=32.0, duration=0.000231981277466
Evacuate Pipette 1
open () {'description': 'Microbone to Turbo'}
opening name=--- desc=Microbone to Turbo
checking ownership. requestor=129.138.12.150
check software interlocks U
interlocks []
actuate state mode=None-script, software_lock=False
doing actuation None-script open_channel False
Open U ===>> OK
GetIndicatorState U ===>> OK
change switch state (True, True)
update switch state U True args=() kw={} ncanvase=2
17:50:35 -- OPEN   VALVE-U (Microbone to Turbo)
---------------------------------------- open None (Microbone to Turbo) result=[(True, True)], time=0.13 sec
action=open, ok=True, locked=[False]
open () {'description': 'Microbone to Minibone'}
opening name=--- desc=Microbone to Minibone
checking ownership. requestor=129.138.12.150
check software interlocks L
interlocks []
actuate state mode=None-script, software_lock=False
doing actuation None-script open_channel True
Open L ===>> OK
GetIndicatorState L ===>> OK
change switch state (True, True)
update switch state L True args=() kw={} ncanvase=2
17:50:36 -- OPEN   VALVE-L (Microbone to Minibone)
---------------------------------------- open None (Microbone to Minibone) result=[(True, True)], time=0.42 sec
action=open, ok=True, locked=[False]
close () {'description': 'Inner Pipette 1'}
closing name=--- desc=Inner Pipette 1
checking ownership. requestor=129.138.12.150
check software interlocks X
interlocks ['W']
actuate state mode=None-script, software_lock=False
doing actuation None-script close_channel False
Close X ===>> OK
GetIndicatorState X ===>> False
change switch state (True, True)
update switch state X False args=() kw={} ncanvase=2
17:50:36 -- CLOSE  VALVE-X (Inner Pipette 1)
---------------------------------------- close None (Inner Pipette 1) result=[(True, True)]
action=close, ok=True, locked=[False]
sleep (1,) {}
SLEEP 1.0
open () {'description': 'Outer Pipette 1'}
opening name=--- desc=Outer Pipette 1
checking ownership. requestor=129.138.12.150
check software interlocks W
interlocks ['X']
actuate state mode=None-script, software_lock=False
doing actuation None-script open_channel True
Open W ===>> OK
GetIndicatorState W ===>> OK
change switch state (True, True)
update switch state W True args=() kw={} ncanvase=2
17:50:38 -- OPEN   VALVE-W (Outer Pipette 1)
---------------------------------------- open None (Outer Pipette 1) result=[(True, True)], time=0.14 sec
action=open, ok=True, locked=[False]
sleep (15,) {}
SLEEP 15.0
block started
WaitControl setup for 15.0  
Join finished
block finished. duration 15.0619430542
executed snippet estimated_duration=48.0, duration=17.9149370193
EvacPipette1.py completed successfully
gosub finished
doing GOSUB
testing...
no interpolation path defined
executed snippet estimated_duration=34.0, duration=0.000102996826172
Fill Pipette 1
close () {'description': 'Outer Pipette 1'}
closing name=--- desc=Outer Pipette 1
checking ownership. requestor=129.138.12.150
check software interlocks W
interlocks ['X']
actuate state mode=None-script, software_lock=False
doing actuation None-script close_channel True
Close W ===>> OK
GetIndicatorState W ===>> False
change switch state (True, True)
update switch state W False args=() kw={} ncanvase=2
17:50:53 -- CLOSE  VALVE-W (Outer Pipette 1)
---------------------------------------- close None (Outer Pipette 1) result=[(True, True)]
action=close, ok=True, locked=[False]
sleep (1,) {}
SLEEP 1.0
filling cocktail pipette
open () {'description': 'Inner Pipette 1'}
opening name=--- desc=Inner Pipette 1
checking ownership. requestor=129.138.12.150
check software interlocks X
interlocks ['W']
actuate state mode=None-script, software_lock=False
doing actuation None-script open_channel True
Open X ===>> OK
GetIndicatorState X ===>> OK
change switch state (True, True)
update switch state X True args=() kw={} ncanvase=2
17:50:55 -- OPEN   VALVE-X (Inner Pipette 1)
---------------------------------------- open None (Inner Pipette 1) result=[(True, True)], time=0.11 sec
action=open, ok=True, locked=[False]
sleep (15,) {}
SLEEP 15.0
block started
WaitControl setup for 15.0  
Join finished
block finished. duration 15.0406680107
close () {'description': 'Inner Pipette 1'}
closing name=--- desc=Inner Pipette 1
checking ownership. requestor=129.138.12.150
check software interlocks X
interlocks ['W']
actuate state mode=None-script, software_lock=False
doing actuation None-script close_channel True
Close X ===>> OK
GetIndicatorState X ===>> False
change switch state (True, True)
update switch state X False args=() kw={} ncanvase=2
17:51:10 -- CLOSE  VALVE-X (Inner Pipette 1)
---------------------------------------- close None (Inner Pipette 1) result=[(True, True)]
action=close, ok=True, locked=[False]
sleep (1,) {}
SLEEP 1.0
executed snippet estimated_duration=51.0, duration=18.4128820896
FillPipette1.py completed successfully
gosub finished
doing GOSUB
testing...
no interpolation path defined
executed snippet estimated_duration=4.0, duration=0.000104904174805
Prepare for air expansion
close () {'description': 'Microbone to Turbo'}
closing name=--- desc=Microbone to Turbo
checking ownership. requestor=129.138.12.150
check software interlocks U
interlocks []
actuate state mode=None-script, software_lock=False
doing actuation None-script close_channel True
Close U ===>> OK
GetIndicatorState U ===>> False
change switch state (True, True)
update switch state U False args=() kw={} ncanvase=2
17:51:12 -- CLOSE  VALVE-U (Microbone to Turbo)
---------------------------------------- close None (Microbone to Turbo) result=[(True, True)]
action=close, ok=True, locked=[False]
open () {'description': 'Microbone to Getter NP-10'}
opening name=--- desc=Microbone to Getter NP-10
checking ownership. requestor=129.138.12.150
check software interlocks M
interlocks []
actuate state mode=None-script, software_lock=False
doing actuation None-script open_channel False
Open M ===>> OK
GetIndicatorState M ===>> OK
change switch state (True, True)
update switch state M True args=() kw={} ncanvase=2
17:51:12 -- OPEN   VALVE-M (Microbone to Getter NP-10)
---------------------------------------- open None (Microbone to Getter NP-10) result=[(True, True)], time=0.12 sec
action=open, ok=True, locked=[False]
sleep (2,) {}
SLEEP 2.0
block started
WaitControl setup for 2.0  
Join finished
block finished. duration 2.01665496826
open () {'description': 'Microbone to Minibone'}
opening name=--- desc=Microbone to Minibone
checking ownership. requestor=129.138.12.150
check software interlocks L
interlocks []
actuate state mode=None-script, software_lock=False
doing actuation None-script open_channel False
Open L ===>> OK
GetIndicatorState L ===>> OK
change switch state (True, True)
update switch state L True args=() kw={} ncanvase=2
17:51:15 -- OPEN   VALVE-L (Microbone to Minibone)
---------------------------------------- open None (Microbone to Minibone) result=[(True, True)], time=0.39 sec
action=open, ok=True, locked=[False]
executed snippet estimated_duration=6.0, duration=3.43246889114
PrepareForAirShotExpansion.py completed successfully
gosub finished
doing GOSUB
testing...
no interpolation path defined
executed snippet estimated_duration=38.0, duration=0.000133991241455
Expand Pipette 1
close () {'description': 'Minibone to Turbo'}
closing name=--- desc=Minibone to Turbo
checking ownership. requestor=129.138.12.150
check software interlocks P
interlocks []
actuate state mode=None-script, software_lock=False
doing actuation None-script close_channel False
Close P ===>> OK
GetIndicatorState P ===>> False
change switch state (True, True)
update switch state P False args=() kw={} ncanvase=2
17:51:15 -- CLOSE  VALVE-P (Minibone to Turbo)
---------------------------------------- close None (Minibone to Turbo) result=[(True, True)]
action=close, ok=True, locked=[False]
sleep (2,) {}
SLEEP 2.0
block started
WaitControl setup for 2.0  
Join finished
block finished. duration 2.02103209496
open () {'description': 'Outer Pipette 1'}
opening name=--- desc=Outer Pipette 1
checking ownership. requestor=129.138.12.150
check software interlocks W
interlocks ['X']
actuate state mode=None-script, software_lock=False
doing actuation None-script open_channel True
Open W ===>> OK
GetIndicatorState W ===>> OK
increment shot count 1671
saved current shot count 1671
change switch state (True, True)
update switch state W True args=() kw={} ncanvase=2
17:51:18 -- OPEN   VALVE-W (Outer Pipette 1)
---------------------------------------- open None (Outer Pipette 1) result=[(True, True)], time=0.24 sec
action=open, ok=True, locked=[False]
sleep (15,) {}
SLEEP 15.0
block started
WaitControl setup for 15.0  
Join finished
block finished. duration 15.0470311642
close () {'description': 'Microbone to Minibone'}
closing name=--- desc=Microbone to Minibone
checking ownership. requestor=129.138.12.150
check software interlocks L
interlocks []
actuate state mode=None-script, software_lock=False
doing actuation None-script close_channel True
Close L ===>> OK
GetIndicatorState L ===>> False
change switch state (True, True)
update switch state L False args=() kw={} ncanvase=2
17:51:34 -- CLOSE  VALVE-L (Microbone to Minibone)
---------------------------------------- close None (Microbone to Minibone) result=[(True, True)]
action=close, ok=True, locked=[False]
sleep (2,) {}
SLEEP 2.0
block started
WaitControl setup for 2.0  
Join finished
block finished. duration 2.0243999958
executed snippet estimated_duration=57.0, duration=20.9267048836
ExpandPipette1.py completed successfully
gosub finished
executed snippet estimated_duration=108.0, duration=66.4741868973
jan_cocktail_x1.py completed successfully
GetAchievedOutput ===>> No Response
Requested Output= 0.000
Achieved Output=  0.000
GetResponseBlob ===>> No Response
GetOutputBlob ===>> No Response
persistence save...
persistence save - db
AutomatedRunPersister post_extraction_save deprecated
persistence save - dvc
no extraction position for 
create new session 4983297808
close session 4983297808
Extraction Finished
17:51:36 -- ******* Extraction Finished *******
no overlap. not waiting for min ms pumptime
17:51:36 -- Sending spectrometer configuration
======== Sending configuration ========
SetDeflection CDD,50.0 ===>> OK
SetDeflection H2,0.0 ===>> OK
SetDeflection H1,0.0 ===>> OK
SetDeflection L2,825.0 ===>> OK
SetDeflection L1,400.0 ===>> OK
SetDeflection AX,190.0 ===>> OK
SetZFocus 74.64 ===>> OK
SetZSymmetry -50.72 ===>> OK
SetExtractionLens 26.13 ===>> OK
SetIonRepeller -3.81 ===>> OK
SetElectronEnergy 75.08 ===>> OK
SetYSymmetry -2.81 ===>> OK
SetIonCounterVoltage 1590.0 ===>> OK
send trap current 200.0
GetParameter Trap Current Readback ===>> 197.475737044497
SetParameter Trap Current Set,200.0 ===>> OK
updating mftable name mftable
Using mftable located at /Users/jan/PychronDev/setupfiles/spectrometer/mftables/mftable.csv
============ MFtable ===========
Isotope  H2     H1     AX     L1     L2     CDD    
Ar40     5.7982 5.8797 5.9931 6.1382 6.2315 6.3664
Ar39     5.6975 5.7720 5.8856 6.0242 6.1166 6.2529
Ar36     5.3750 5.4410 5.5489 5.6831 5.7716 5.9040
================================
get initial guess parabolic
get initial guess parabolic
get initial guess parabolic
get initial guess parabolic
get initial guess parabolic
get initial guess parabolic
======== Configuration Finished ========
GetYSymmetry ===>> -2.81
GetZSymmetry ===>> -50.72
GetParameter Trap Current Readback ===>> 198.147042666178
GetHighVoltage ===>> 4500
start measurement
do measurement
L#=c-02-J analysis type=cocktail
Measurement Started jan_unknown120_60.py
17:51:36 -- ******* Measurement Started jan_unknown120_60.py *******
state changed from extraction to measurement
setting spec, defl, and gains
GetExtractionLens ===>> 26.13
GetYSymmetry ===>> -2.81
GetZSymmetry ===>> -50.72
GetZFocus ===>> 74.64
GetDeflection H2 ===>> 0
GetDeflection H1 ===>> 0
GetDeflection AX ===>> 190
GetDeflection L1 ===>> 400
GetDeflection L2 ===>> 825
GetDeflection CDD ===>> 50
GetGain H2 ===>> 0.0113
GetGain H1 ===>> 0.1
GetGain AX ===>> 0.097049
GetGain L1 ===>> 0.010355
GetGain L2 ===>> 0.095649
GetGain CDD ===>> 0
pre measurement save
New frame /Users/jan/PychronDev/data/isotopes/24/3f7176-8e63-48ab-b0e4-37de5989aa95.h5
flush and close file /Users/jan/PychronDev/data/isotopes/24/3f7176-8e63-48ab-b0e4-37de5989aa95.h5
testing...
no interpolation path defined
executed snippet estimated_duration=224.052928, duration=0.000354051589966
unknown measurement script
activate_detectors ('H2', 'H1', 'AX', 'L1', 'L2', 'CDD') {}
activate detectors
*************** Set Analysis View Ar/Ar
 - No isotope= "Ar40". Required for age calculation
 - failed assembling isotopes
 - ca37 is zero. can't calculated k/ca
 - cl38 is zero. can't calculated k/cl
create graphs
clearing graphs
clear isotope group
setting isotope det=H2, iso=PM41
setting isotope det=H1, iso=Ar40
setting isotope det=AX, iso=Ar39
setting isotope det=L1, iso=Ar38
setting isotope det=L2, iso=Ar37
setting isotope det=CDD, iso=Ar36
setting previous blanks
 - setting Ar40 blank 0.219+/-0.007
 - setting Ar36 blank 0.00376+/-0.00016
 - setting Ar37 blank 0.037+/-0.005
 - setting Ar38 blank 0.0062+/-0.0022
 - setting PM41 blank 0.03+/-0.06
 - setting Ar39 blank 0.032+/-0.009
load analysis view
position_magnet ('Ar40',) {'detector': 'H1'}
detector Detector(H1)
POSITION Ar40 H1
setting detector H2 to PM41 (40.9624)
setting detector H1 to Ar40 (39.9624)
setting detector AX to Ar39 (38.9624)
setting detector L1 to Ar38 (37.9624)
setting detector L2 to Ar37 (36.9624)
setting detector CDD to Ar36 (35.9624)
Mapping mass to dac mass func: "parabolic"
H1 map mass coeffs = [-0.00063987  0.15840543  0.57132999]
H1 map mass to dac 39.9624 >> 5.87972
GetDeflection H1 ===>> 0
GetHighVoltage ===>> 4500
positioning Ar40 (5.87972) on H1
setting magnet DAC
current  : 5.879720
requested: 5.879720
Delta Dac: 0.000000
Checking detector protection. dv=0.00000
Checking detector "CDD". Protection Threshold: 0.1 (V)
SetMagnetDAC 5.87972 ===>> OK
equilibrate () {'delay': 3, 'inlet': 'R', 'outlet': 'O', 'eqtime': 10.0}
Equilibration Started
17:51:37 -- ******* Equilibration Started *******
checking ownership. requestor=129.138.12.150
check software interlocks O
interlocks []
actuate state mode=None-script, software_lock=False
doing actuation None-script close_channel True
Close O ===>> OK
update labels <pychron.experiment.plot_panel.PlotPanel object at 0x12ea58230>
update labels "<pychron.graph.stacked_regression_graph.StackedRegressionGraph object at 0x13b13fb30>"
setting label 0 H2 PM41
setting label 1 H1 Ar40
setting label 2 AX Ar39
setting label 3 L1 Ar38
setting label 4 L2 Ar37
setting label 5 CDD Ar36
update labels "<pychron.graph.stacked_graph.StackedGraph object at 0x13611e5f0>"
setting label 0 H2 PM41
setting label 1 H1 Ar40
setting label 2 AX Ar39
setting label 3 L1 Ar38
setting label 4 L2 Ar37
setting label 5 CDD Ar36
GetIndicatorState O ===>> False
change switch state (True, True)
update switch state O False args=() kw={} ncanvase=2
17:51:37 -- CLOSE  VALVE-O (Jan Ion Pump)
waiting 3s before opening inlet value ('R',)
checking ownership. requestor=129.138.12.150
check software interlocks R
interlocks []
actuate state mode=None-script, software_lock=False
doing actuation None-script open_channel True
Open R ===>> OK
GetIndicatorState R ===>> OK
change switch state (True, True)
update switch state R True args=() kw={} ncanvase=2
17:51:40 -- OPEN   VALVE-R (Jan Inlet)
set_time_zero () {}
equilibrating for 10.0sec
sniff (10.0,) {}
py_sniff
build tables- sniff [Detector(H2), Detector(H1), Detector(AX), Detector(L1), Detector(L2), Detector(CDD)]
add group /sniff/PM41 (Group) '' table H2
add group /sniff/Ar40 (Group) '' table H1
add group /sniff/Ar39 (Group) '' table AX
add group /sniff/Ar38 (Group) '' table L1
add group /sniff/Ar37 (Group) '' table L2
add group /sniff/Ar36 (Group) '' table CDD
flush and close file /Users/jan/PychronDev/data/isotopes/24/3f7176-8e63-48ab-b0e4-37de5989aa95.h5
measuring sniff. ncounts=10.0
"sniff" increment series count="1" fit count="0" regressing="False"
starting measurement
GetData ===>> H2,0.155904544973689,H1,96.3720655815245,AX,8.91632098425882,L1,0.0371477042847019,L2,0.194592949...
GetData ===>> H2,0.983204591492556,H1,639.870855351968,AX,55.3478407491666,L1,0.432992548998996,L2,0.2375839305...
GetData ===>> H2,0.335117112777759,H1,807.81230309056,AX,66.7244732618402,L1,0.694002362350139,L2,0.07711331573...
GetData ===>> H2,0.0177342940238051,H1,817.930866556228,AX,66.3221648200797,L1,0.779161715641525,L2,0.036627630...
GetData ===>> H2,0.0265219833154013,H1,810.802712385248,AX,65.3997122422605,L1,0.775248122291957,L2,-0.01283288...
GetData ===>> H2,0.0150253409310387,H1,806.032632292575,AX,65.07179167245,L1,0.806205461398629,L2,0.09158219352...
GetData ===>> H2,-0.0168868475371847,H1,803.550834541912,AX,64.7544308524162,L1,0.856014101708142,L2,0.05862462...
GetData ===>> H2,-0.0664799572667771,H1,802.48211983489,AX,64.6581447312639,L1,0.829146237514248,L2,0.011386920...
GetData ===>> H2,-0.0621845199155474,H1,802.451103354886,AX,64.6496436687978,L1,0.807324978168761,L2,-0.0135736...
GetData ===>> H2,-0.0704946189743488,H1,802.196270145652,AX,64.8039229282513,L1,0.80892146379644,L2,0.028714966...
Equilibration Finished
17:51:51 -- ******* Equilibration Finished *******
checking ownership. requestor=129.138.12.150
check software interlocks R
interlocks []
actuate state mode=None-script, software_lock=False
doing actuation None-script close_channel True
Close R ===>> OK
State checksums do not match. Local:-1090100498 Remote:1929370560
State checksum failed
GetIndicatorState R ===>> False
change switch state (True, True)
update switch state R False args=() kw={} ncanvase=2
17:51:51 -- CLOSE  VALVE-R (Jan Inlet)
Post Equilibration Started jan_pump_extraction_line.py
17:51:51 -- ******* Post Equilibration Started jan_pump_extraction_line.py *******
testing...
no interpolation path defined
calculate duration
testing...
no interpolation path defined
executed snippet estimated_duration=4.0, duration=0.000152111053467
executed snippet estimated_duration=4.0, duration=0.0187609195709
Pump after analysis
doing GOSUB
testing...
no interpolation path defined
executed snippet estimated_duration=4.0, duration=0.000121116638184
Pump Microbone
close () {'description': 'Jan Inlet'}
closing name=--- desc=Jan Inlet
checking ownership. requestor=129.138.12.150
check software interlocks R
interlocks []
actuate state mode=None-script, software_lock=False
doing actuation None-script close_channel False
measurement finished
estimated time: 10.486 actual time: :10.559
flush and close file /Users/jan/PychronDev/data/isotopes/24/3f7176-8e63-48ab-b0e4-37de5989aa95.h5
set_fits () {}
using default fits file=/Users/jan/PychronDev/scripts/measurement/fits/nominal_linear.yaml
set "Ar40" to "('Linear', 'SEM')"
No fit for "PM41". defaulting to linear. check the measurement script "jan_unknown120_60.py"
set "PM41" to "linear"
set "Ar36" to "('Linear', 'SEM')"
set "Ar37" to "('linear', 'SEM')"
set "Ar38" to "('linear', 'SEM')"
set "Ar39" to "('Linear', 'SEM')"
set_baseline_fits () {}
using default fits file=/Users/jan/PychronDev/scripts/measurement/fits/nominal_linear.yaml
set "H1" to "('average', 'SEM')"
set "H2" to "('average', 'SEM')"
set "CDD" to "('average', 'SEM')"
set "L2" to "('average', 'SEM')"
set "L1" to "('average', 'SEM')"
set "AX" to "('average', 'SEM')"
multicollect () {'integration_time': 1, 'ncounts': 120}
build tables- signal [Detector(H2), Detector(H1), Detector(AX), Detector(L1), Detector(L2), Detector(CDD)]
add group /signal/PM41 (Group) '' table H2
add group /signal/Ar40 (Group) '' table H1
add group /signal/Ar39 (Group) '' table AX
add group /signal/Ar38 (Group) '' table L1
add group /signal/Ar37 (Group) '' table L2
add group /signal/Ar36 (Group) '' table CDD
flush and close file /Users/jan/PychronDev/data/isotopes/24/3f7176-8e63-48ab-b0e4-37de5989aa95.h5
Close R ===>> OK
measuring signal. ncounts=120
GetIndicatorState R ===>> False
change switch state (True, True)
update switch state R False args=() kw={} ncanvase=2
17:51:52 -- CLOSE  VALVE-R (Jan Inlet)
---------------------------------------- close None (Jan Inlet) result=[(True, True)]
"signal" increment series count="2" fit count="1" regressing="True"
action=close, ok=True, locked=[False]
is_closed ('F',) {}
is F () closed?
is closed True
open () {'description': 'CO2 Laser to Jan'}
opening name=--- desc=CO2 Laser to Jan
checking ownership. requestor=129.138.12.150
check software interlocks A
interlocks []
actuate state mode=None-script, software_lock=False
doing actuation None-script open_channel False
Open A ===>> OK
GetIndicatorState A ===>> OK
change switch state (True, True)
update switch state A True args=() kw={} ncanvase=2
17:51:52 -- OPEN   VALVE-A (CO2 Laser to Jan)
---------------------------------------- open None (CO2 Laser to Jan) result=[(True, True)], time=0.10 sec
starting measurement
GetData ===>> H2,-0.0914499833403825,H1,801.568124076315,AX,64.6466295824027,L1,0.837608577581356,L2,0.08390045...
action=open, ok=True, locked=[False]
sleep (1,) {}
SLEEP 1.0
GetData ===>> H2,-0.0489770639358834,H1,801.727370279207,AX,64.5363004346817,L1,0.842561081923966,L2,0.04003689...
close () {'description': 'CO2 Laser to Roughing'}
closing name=--- desc=CO2 Laser to Roughing
checking ownership. requestor=129.138.12.150
check software interlocks G
interlocks []
actuate state mode=None-script, software_lock=True
VALVE-G(CO2 Laser to Roughing) software locked
change switch state (True, False)
---------------------------------------- close None (CO2 Laser to Roughing) result=[(True, False)]
action=close, ok=True, locked=[True]
open () {'description': 'Microbone to Turbo'}
opening name=--- desc=Microbone to Turbo
checking ownership. requestor=129.138.12.150
check software interlocks U
interlocks []
actuate state mode=None-script, software_lock=False
doing actuation None-script open_channel True
Open U ===>> OK
GetIndicatorState U ===>> OK
change switch state (True, True)
update switch state U True args=() kw={} ncanvase=2
17:51:54 -- OPEN   VALVE-U (Microbone to Turbo)
---------------------------------------- open None (Microbone to Turbo) result=[(True, True)], time=0.16 sec
action=open, ok=True, locked=[False]
open () {'description': 'Microbone to Getter NP-10'}
opening name=--- desc=Microbone to Getter NP-10
checking ownership. requestor=129.138.12.150
check software interlocks M
interlocks []
actuate state mode=None-script, software_lock=False
doing actuation None-script open_channel False
Open M ===>> OK
GetIndicatorState M ===>> OK
change switch state (True, True)
update switch state M True args=() kw={} ncanvase=2
17:51:54 -- OPEN   VALVE-M (Microbone to Getter NP-10)
---------------------------------------- open None (Microbone to Getter NP-10) result=[(True, True)], time=0.13 sec
GetData ===>> H2,0.00208160877179482,H1,801.274032074919,AX,64.6740406897891,L1,0.835598500529412,L2,0.10641173...
action=open, ok=True, locked=[False]
open () {'description': 'Microbone to Getter D-50'}
opening name=--- desc=Microbone to Getter D-50
checking ownership. requestor=129.138.12.150
check software interlocks K
interlocks []
actuate state mode=None-script, software_lock=False
doing actuation None-script open_channel False
Open K ===>> OK
GetIndicatorState K ===>> OK
change switch state (True, True)
update switch state K True args=() kw={} ncanvase=2
17:51:55 -- OPEN   VALVE-K (Microbone to Getter D-50)
---------------------------------------- open None (Microbone to Getter D-50) result=[(True, True)], time=0.39 sec
action=open, ok=True, locked=[False]
open () {'description': 'Microbone to CO2 Laser'}
opening name=--- desc=Microbone to CO2 Laser
checking ownership. requestor=129.138.12.150
check software interlocks T
interlocks []
actuate state mode=None-script, software_lock=False
doing actuation None-script open_channel True
GetData ===>> H2,-0.00962960172713945,H1,801.095127566787,AX,64.6386696398032,L1,0.825132174760934,L2,0.1138672...
Open T ===>> OK
GetIndicatorState T ===>> OK
change switch state (True, True)
update switch state T True args=() kw={} ncanvase=2
17:51:55 -- OPEN   VALVE-T (Microbone to CO2 Laser)
---------------------------------------- open None (Microbone to CO2 Laser) result=[(True, True)], time=0.40 sec
action=open, ok=True, locked=[False]
open () {'description': 'Microbone to Inlet Pipette'}
opening name=--- desc=Microbone to Inlet Pipette
checking ownership. requestor=129.138.12.150
check software interlocks S
interlocks []
actuate state mode=None-script, software_lock=False
doing actuation None-script open_channel False
Open S ===>> OK
GetIndicatorState S ===>> OK
change switch state (True, True)
update switch state S True args=() kw={} ncanvase=2
17:51:56 -- OPEN   VALVE-S (Microbone to Inlet Pipette)
---------------------------------------- open None (Microbone to Inlet Pipette) result=[(True, True)], time=0.41 sec
action=open, ok=True, locked=[False]
sleep (1,) {}
SLEEP 1.0
GetData ===>> H2,-0.0126947884352807,H1,800.634048238919,AX,64.7119733216322,L1,0.844584995880864,L2,0.03842916...
set_resource () {'name': 'CO2PumpTimeFlag', 'value': 30}
Set CO2PumpTimeFlag 30 ===>> OK
release ('JanCO2Flag',) {}
release JanCO2Flag
Set JanCO2Flag 0 ===>> OK
executed snippet estimated_duration=6.0, duration=6.04381299019
PumpMicrobone.py completed successfully
gosub finished
get_resource_value () {'name': 'JanMiniboneFlag'}
Read JanMiniboneFlag ===>> 1
Get Resource Value JanMiniboneFlag=1.0
get resource value 1.0
get_resource_value () {'name': 'JanMiniboneFlag'}
Read JanMiniboneFlag ===>> 1
Get Resource Value JanMiniboneFlag=1.0
doing GOSUB
testing...
no interpolation path defined
executed snippet estimated_duration=0, duration=3.31401824951e-05
Entering Pump minibone script
get_resource_value () {'name': 'JanMiniboneFlag'}
Read JanMiniboneFlag ===>> 1
Get Resource Value JanMiniboneFlag=1.0
get resource value 1.0
get_resource_value () {'name': 'JanMiniboneFlag'}
Read JanMiniboneFlag ===>> 1
Get Resource Value JanMiniboneFlag=1.0
Pump minibone
close () {'description': 'Bone to Minibone'}
closing name=--- desc=Bone to Minibone
checking ownership. requestor=129.138.12.150
check software interlocks E
interlocks []
actuate state mode=None-script, software_lock=False
doing actuation None-script close_channel False
Close E ===>> OK
GetData ===>> H2,-0.0534622084960744,H1,800.087439604457,AX,64.5427096558368,L1,0.834892753787701,L2,0.02935342...
GetIndicatorState E ===>> False
change switch state (True, True)
update switch state E False args=() kw={} ncanvase=2
17:51:57 -- CLOSE  VALVE-E (Bone to Minibone)
---------------------------------------- close None (Bone to Minibone) result=[(True, True)]
action=close, ok=True, locked=[False]
open () {'description': 'Minibone to Bone'}
opening name=--- desc=Minibone to Bone
checking ownership. requestor=129.138.12.150
check software interlocks I
interlocks []
actuate state mode=None-script, software_lock=False
doing actuation None-script open_channel True
Open I ===>> OK
GetIndicatorState I ===>> OK
change switch state (True, True)
update switch state I True args=() kw={} ncanvase=2
17:51:58 -- OPEN   VALVE-I (Minibone to Bone)
---------------------------------------- open None (Minibone to Bone) result=[(True, True)], time=0.40 sec
action=open, ok=True, locked=[False]
close () {'description': 'Microbone to Minibone'}
closing name=--- desc=Microbone to Minibone
checking ownership. requestor=129.138.12.150
check software interlocks L
interlocks []
actuate state mode=None-script, software_lock=False
doing actuation None-script close_channel False
GetData ===>> H2,-0.128711485991752,H1,799.750710516546,AX,64.5635611221015,L1,0.820230681532346,L2,-0.04215058...
Close L ===>> OK
GetIndicatorState L ===>> False
change switch state (True, True)
update switch state L False args=() kw={} ncanvase=2
17:51:59 -- CLOSE  VALVE-L (Microbone to Minibone)
---------------------------------------- close None (Microbone to Minibone) result=[(True, True)]
action=close, ok=True, locked=[False]
sleep () {'duration': 1.0}
SLEEP 1.0
GetData ===>> H2,-0.165125826602641,H1,799.371353440783,AX,64.5474202493533,L1,0.84705197356912,L2,-0.044303763...
open () {'description': 'Minibone to Turbo'}
opening name=--- desc=Minibone to Turbo
checking ownership. requestor=129.138.12.150
check software interlocks P
interlocks []
actuate state mode=None-script, software_lock=False
doing actuation None-script open_channel True
Open P ===>> OK
GetIndicatorState P ===>> OK
change switch state (True, True)
update switch state P True args=() kw={} ncanvase=2
17:52:00 -- OPEN   VALVE-P (Minibone to Turbo)
---------------------------------------- open None (Minibone to Turbo) result=[(True, True)], time=0.14 sec
action=open, ok=True, locked=[False]
open () {'description': 'Quad Inlet'}
opening name=--- desc=Quad Inlet
checking ownership. requestor=129.138.12.150
check software interlocks Q
interlocks []
actuate state mode=None-script, software_lock=False
doing actuation None-script open_channel True
Open Q ===>> OK
GetIndicatorState Q ===>> OK
change switch state (True, True)
update switch state Q True args=() kw={} ncanvase=2
GetData ===>> H2,-0.202714175090217,H1,798.688931531627,AX,64.3886299219114,L1,0.815695876389529,L2,0.014829479...
17:52:01 -- OPEN   VALVE-Q (Quad Inlet)
---------------------------------------- open None (Quad Inlet) result=[(True, True)], time=0.15 sec
action=open, ok=True, locked=[False]
set_resource () {'name': 'MinibonePumpTimeFlag', 'value': 30}
Set MinibonePumpTimeFlag 30 ===>> OK
sleep () {'duration': 15.0}
SLEEP 15.0
block started
WaitControl setup for 15.0  
GetData ===>> H2,-0.115619524688154,H1,799.04166398103,AX,64.2692655188761,L1,0.806372694874142,L2,0.0028836465...
GetData ===>> H2,-0.167882035110735,H1,798.709052291473,AX,64.2476754961659,L1,0.824697503897188,L2,-0.05070605...
GetData ===>> H2,-0.210745472362667,H1,798.198700079171,AX,64.3455371200714,L1,0.830482100587134,L2,0.024576470...
GetData ===>> H2,-0.186229613629078,H1,797.815840378495,AX,64.2580148004787,L1,0.838336997664337,L2,0.096471927...
GetData ===>> H2,-0.214652602981887,H1,797.827855571561,AX,64.2464718696199,L1,0.803678564145809,L2,0.007192181...
GetData ===>> H2,-0.164800490368978,H1,797.084656979863,AX,64.2640181485861,L1,0.846773112247644,L2,-0.00874159...
GetData ===>> H2,-0.125909074892725,H1,796.725851255735,AX,64.195590307521,L1,0.838069612889768,L2,-0.081686187...
GetData ===>> H2,-0.188783748782038,H1,796.496155360442,AX,64.1642505553627,L1,0.835241249340631,L2,-0.03922263...
GetData ===>> H2,-0.303680449988636,H1,796.326224016711,AX,64.3583770285083,L1,0.809956376101087,L2,-0.00670157...
GetData ===>> H2,-0.24360209569473,H1,796.14915944364,AX,64.1054781390813,L1,0.795147063317632,L2,0.12955543483...
GetData ===>> H2,-0.184578693799713,H1,795.813419096917,AX,64.2176498995712,L1,0.815356437863238,L2,0.072927100...
GetData ===>> H2,-0.113712627645712,H1,795.228935113123,AX,64.268277762338,L1,0.806362710711098,L2,0.1304220070...
GetData ===>> H2,-0.059530964558196,H1,795.27251899303,AX,64.0474067886826,L1,0.818712620187018,L2,0.0262295669...
GetData ===>> H2,-0.117198663997486,H1,795.220925463472,AX,64.1662244890386,L1,0.852743363498245,L2,-0.03202200...
Join finished
block finished. duration 15.0358428955
close () {'description': 'Outer Pipette 1'}
closing name=--- desc=Outer Pipette 1
checking ownership. requestor=129.138.12.150
check software interlocks W
interlocks ['X']
actuate state mode=None-script, software_lock=False
doing actuation None-script close_channel True
Close W ===>> OK
GetIndicatorState W ===>> False
change switch state (True, True)
update switch state W False args=() kw={} ncanvase=2
17:52:16 -- CLOSE  VALVE-W (Outer Pipette 1)
---------------------------------------- close None (Outer Pipette 1) result=[(True, True)]
action=close, ok=True, locked=[False]
close () {'description': 'Outer Pipette 2'}
closing name=--- desc=Outer Pipette 2
checking ownership. requestor=129.138.12.150
check software interlocks Y
interlocks ['Z']
actuate state mode=None-script, software_lock=False
doing actuation None-script close_channel False
GetData ===>> H2,-0.149242513893775,H1,794.630116212121,AX,64.0047204465172,L1,0.84392614965236,L2,0.0257621367...
Close Y ===>> OK
GetIndicatorState Y ===>> False
change switch state (True, True)
update switch state Y False args=() kw={} ncanvase=2
17:52:16 -- CLOSE  VALVE-Y (Outer Pipette 2)
---------------------------------------- close None (Outer Pipette 2) result=[(True, True)]
action=close, ok=True, locked=[False]
release ('JanMiniboneFlag',) {}
release JanMiniboneFlag
Set JanMiniboneFlag 0 ===>> OK
executed snippet estimated_duration=16.0, duration=19.3952248096
PumpMinibone.py completed successfully
gosub finished
executed snippet estimated_duration=4.0, duration=25.4556012154
jan_pump_extraction_line.py completed successfully
Post Equilibration Finished
17:52:17 -- ******* Post Equilibration Finished *******
17:52:17 -- collecting point 25
GetData ===>> H2,-0.0787039882363272,H1,794.583335495794,AX,64.0348568679676,L1,0.827546924690631,L2,0.02506669...
GetData ===>> H2,-0.0744102619101827,H1,794.132682733392,AX,64.027333666301,L1,0.794584293678017,L2,0.078361785...
GetData ===>> H2,-0.131711210769388,H1,793.468877369328,AX,64.0136450283032,L1,0.768195624520611,L2,-0.00420563...
GetData ===>> H2,-0.140864766400445,H1,792.907953344954,AX,64.0053523914632,L1,0.796892028411918,L2,-0.00404607...
GetData ===>> H2,-0.127042019048887,H1,792.247936532154,AX,64.0141537017724,L1,0.806386423113865,L2,0.155350718...
GetData ===>> H2,-0.136766184601011,H1,792.361333105808,AX,63.909060314947,L1,0.811575738375234,L2,0.0988541966...
GetData ===>> H2,-0.091497403060072,H1,792.099925179384,AX,63.9067946412444,L1,0.80124832664489,L2,0.0106003931...
GetData ===>> H2,-0.143428330625228,H1,791.410931466267,AX,63.9031264918051,L1,0.78560154652915,L2,-0.034414682...
GetData ===>> H2,-0.231978315675646,H1,791.169797396069,AX,63.8827069738848,L1,0.770089448989931,L2,0.029079801...
GetData ===>> H2,-0.246734466286265,H1,791.066466628725,AX,63.9950721095656,L1,0.765369231281352,L2,0.044438323...
GetData ===>> H2,-0.232396854274813,H1,790.878954494659,AX,63.9465947171163,L1,0.811090028266527,L2,0.023983642...
GetData ===>> H2,-0.154552344290806,H1,790.486037566333,AX,63.880826999278,L1,0.80553281043525,L2,0.00370430492...
GetData ===>> H2,-0.205849215676296,H1,790.127359402371,AX,63.7190438870486,L1,0.824427717253958,L2,0.037733631...
GetData ===>> H2,-0.105217775393329,H1,790.200488906538,AX,63.6649505770787,L1,0.86958604154213,L2,0.0071693846...
GetData ===>> H2,-0.10806592850611,H1,789.780287644484,AX,63.8076063111761,L1,0.826863542750321,L2,0.0415420216...
GetData ===>> H2,-0.176491914325331,H1,789.426291036834,AX,63.7481267505976,L1,0.797480577747103,L2,-0.06848668...
GetData ===>> H2,-0.0421124386775902,H1,789.370321662799,AX,63.7431392871403,L1,0.836572883807742,L2,-0.0281594...
GetData ===>> H2,-0.117769644029203,H1,788.78406011711,AX,63.6813778894739,L1,0.795638977443473,L2,-0.059522748...
GetData ===>> H2,-0.153188918119058,H1,788.153068725895,AX,63.7966722130771,L1,0.773757217371982,L2,0.060723102...
GetData ===>> H2,-0.108700407870235,H1,787.533846113227,AX,63.6205287797081,L1,0.78101835323896,L2,0.0211449603...
GetData ===>> H2,-0.118596296465103,H1,787.689591657006,AX,63.5687995700435,L1,0.785263690283737,L2,0.003613120...
GetData ===>> H2,-0.17209198957643,H1,787.287451246472,AX,63.6070790382498,L1,0.786380776882749,L2,0.0504136490...
GetData ===>> H2,-0.206490673205637,H1,787.174240370175,AX,63.5927536803118,L1,0.801986819658675,L2,-0.05694844...
GetData ===>> H2,-0.176671443324234,H1,787.026705474187,AX,63.4085745967886,L1,0.819685102923306,L2,-0.03163461...
GetData ===>> H2,-0.160794444282911,H1,786.962689217307,AX,63.639382319623,L1,0.845511451170404,L2,0.0794672149...
17:52:44 -- collecting point 50
GetData ===>> H2,-0.163963482854053,H1,786.214215893854,AX,63.66950752278,L1,0.776161886419974,L2,-0.0731334853...
GetData ===>> H2,-0.156050707792295,H1,786.165010360456,AX,63.479074175467,L1,0.806215445411774,L2,0.1110172299...
GetData ===>> H2,-0.0982818030206829,H1,785.597631732757,AX,63.4336848870791,L1,0.823362377664045,L2,0.10245620...
GetData ===>> H2,-0.147525856833309,H1,785.34078135644,AX,63.4332235394649,L1,0.809236046346342,L2,-0.080706822...
GetData ===>> H2,-0.160135410599047,H1,785.133954491724,AX,63.3651620832785,L1,0.784030794543784,L2,-0.00382953...
GetData ===>> H2,-0.0767958655206914,H1,785.047922055561,AX,63.3735083269036,L1,0.848831608465085,L2,0.06803390...
GetData ===>> H2,-0.100906979068785,H1,784.613368307494,AX,63.427118528018,L1,0.83122320934647,L2,0.07605248630...
GetData ===>> H2,-0.203475776030093,H1,784.14126611992,AX,63.4741361053368,L1,0.822830372872699,L2,0.0485092586...
GetData ===>> H2,-0.232269006508383,H1,783.839806412576,AX,63.267683013279,L1,0.798021773073501,L2,0.1009857505...
GetData ===>> H2,-0.178273579855455,H1,783.31399447131,AX,63.357246715686,L1,0.810886511188476,L2,0.02659439220...
GetData ===>> H2,-0.124748974315231,H1,782.686260569746,AX,63.2308167933762,L1,0.803421541108002,L2,0.023254013...
GetData ===>> H2,-0.0952023038492401,H1,782.94369852628,AX,63.3013159178989,L1,0.775268068949131,L2,0.008970363...
GetData ===>> H2,-0.0882276887307857,H1,782.552191265738,AX,63.3171208778908,L1,0.820083360024116,L2,0.05398305...
GetData ===>> H2,-0.0859270184925168,H1,782.339224778316,AX,63.2285274090756,L1,0.856570547897543,L2,0.05913783...
GetData ===>> H2,-0.120914931529932,H1,782.274987961355,AX,63.0605885049896,L1,0.800690749030369,L2,-0.02330533...
GetData ===>> H2,-0.164492694793346,H1,781.785002152979,AX,63.0522658915082,L1,0.780178464272057,L2,0.001515898...
GetData ===>> H2,-0.280945495478516,H1,781.669132274585,AX,63.1000591378093,L1,0.761705649136436,L2,0.088276920...
GetData ===>> H2,-0.278585061737284,H1,781.207128944913,AX,63.2446307866241,L1,0.781940564195288,L2,0.188785454...
GetData ===>> H2,-0.181871149705458,H1,780.595710568244,AX,63.1814580732555,L1,0.779647649348384,L2,0.061601282...
GetData ===>> H2,-0.00268877033038046,H1,780.605939568537,AX,63.0404278231091,L1,0.761095591937363,L2,-0.001253...
GetData ===>> H2,-0.0934387320325893,H1,780.124900699489,AX,62.9564554917978,L1,0.79781476879218,L2,-0.01612630...
GetData ===>> H2,-0.0930513055588552,H1,779.680727222449,AX,63.020976445986,L1,0.824908591806907,L2,0.003271178...
GetData ===>> H2,-0.191437065471406,H1,779.399660640051,AX,63.0420860084381,L1,0.783998384684359,L2,-0.03557681...
GetData ===>> H2,-0.152748370746269,H1,779.381327207771,AX,62.9304629659388,L1,0.767364692729863,L2,-0.05463607...
GetData ===>> H2,-0.215193918927087,H1,779.107072305128,AX,62.9834207950191,L1,0.804316158235357,L2,0.052318077...
17:53:10 -- collecting point 75
GetData ===>> H2,-0.207159044027507,H1,778.2275091665,AX,63.0231102737225,L1,0.802176441133223,L2,-0.0230432532...
GetData ===>> H2,-0.197257456122391,H1,777.92117753804,AX,62.9363426825607,L1,0.820038414891508,L2,-0.025219653...
GetData ===>> H2,-0.136393021156732,H1,778.027861983139,AX,62.8168667382575,L1,0.806757092388453,L2,0.090966720...
GetData ===>> H2,-0.171706142215837,H1,777.387807805588,AX,62.7663850928875,L1,0.806120597671223,L2,-0.03614648...
GetData ===>> H2,-0.206025754885343,H1,777.132733823132,AX,62.9365883162495,L1,0.799962325471766,L2,0.026206765...
GetData ===>> H2,-0.175961409750965,H1,776.840478498089,AX,62.9285287053037,L1,0.783519727682519,L2,-0.00111696...
GetData ===>> H2,-0.119394479835206,H1,776.632587674843,AX,62.8200263750363,L1,0.803041008873921,L2,0.005641998...
GetData ===>> H2,-0.0160336132351443,H1,776.121602510133,AX,62.7020532038397,L1,0.77078102961362,L2,0.051736481...
GetData ===>> H2,-0.111014816165298,H1,775.963749657056,AX,62.8503382869178,L1,0.768853440450939,L2,0.078817631...
GetData ===>> H2,-0.076999160874657,H1,775.593104586922,AX,62.8260697798125,L1,0.749460050792829,L2,0.096893664...
GetData ===>> H2,-0.130550994707581,H1,775.395509328149,AX,62.6688414546176,L1,0.788253660602622,L2,0.094009932...
GetData ===>> H2,-0.172004298148609,H1,775.274806461996,AX,62.7416394331872,L1,0.783949770083479,L2,0.038748427...
GetData ===>> H2,-0.0943652508832058,H1,774.901176222946,AX,62.7045528651219,L1,0.801351862222142,L2,0.01327917...
GetData ===>> H2,-0.157601555358457,H1,774.564313155671,AX,62.7422070112539,L1,0.83401189727551,L2,-0.006519228...
GetData ===>> H2,-0.140489034610694,H1,774.3726068214,AX,62.6534957994828,L1,0.800002237779122,L2,-0.0203882058...
GetData ===>> H2,-0.172846107832031,H1,773.996975576595,AX,62.465249211785,L1,0.820982303155479,L2,-0.065912632...
GetData ===>> H2,-0.166401432498701,H1,773.504113064382,AX,62.4123276917451,L1,0.758104337095448,L2,-0.01067899...
GetData ===>> H2,-0.170950598829144,H1,773.555468852245,AX,62.6883442685143,L1,0.763348000480197,L2,0.046011941...
GetData ===>> H2,-0.181494713384712,H1,773.249122728805,AX,62.5610377192755,L1,0.742871082909617,L2,0.001116975...
GetData ===>> H2,-0.220572219139843,H1,772.922660161063,AX,62.5091121360504,L1,0.80498623534584,L2,-0.016433985...
GetData ===>> H2,-0.187814216237124,H1,772.57508658355,AX,62.5137551584267,L1,0.796123971419404,L2,0.0362627675...
GetData ===>> H2,-0.216790784603513,H1,771.902997001693,AX,62.4508510948694,L1,0.800650834098384,L2,0.058681651...
GetData ===>> H2,-0.251895330588984,H1,771.410024674628,AX,62.5348424123909,L1,0.813222825391969,L2,0.021760570...
GetData ===>> H2,-0.205365403262202,H1,771.199515408874,AX,62.4167100650879,L1,0.787647617600248,L2,0.010999355...
GetData ===>> H2,-0.0561009007012442,H1,770.718571499578,AX,62.4603322267337,L1,0.805934648672621,L2,-0.0073170...
17:53:36 -- collecting point 100
GetData ===>> H2,-0.127751741483013,H1,770.625351153812,AX,62.5589682645488,L1,0.800072084683095,L2,0.009791074...
GetData ===>> H2,-0.107339412875362,H1,770.589823466806,AX,62.401510304811,L1,0.775564016655282,L2,-0.089987612...
GetData ===>> H2,-0.150264821091383,H1,770.349235104241,AX,62.1231584928061,L1,0.780749182666405,L2,0.067577679...
GetData ===>> H2,-0.190083520247811,H1,769.71668294597,AX,62.3361503708801,L1,0.760727084841516,L2,-0.017026559...
GetData ===>> H2,-0.185919410135569,H1,769.873004621604,AX,62.2981781458523,L1,0.769005441685435,L2,0.038965070...
GetData ===>> H2,-0.127156929501777,H1,769.630534153597,AX,62.2628036421951,L1,0.765051636789734,L2,0.089712990...
GetData ===>> H2,-0.139253627250779,H1,768.86729239945,AX,62.2359025209705,L1,0.785951881315876,L2,0.0982158795...
GetData ===>> H2,-0.107779115968405,H1,768.713700878412,AX,62.2361934630586,L1,0.798262451871748,L2,-0.01030291...
GetData ===>> H2,-0.0947932662506284,H1,769.119560385547,AX,62.1096040395035,L1,0.802913751999114,L2,-0.0015386...
GetData ===>> H2,-0.0846905422972685,H1,768.447452806687,AX,62.1293548537685,L1,0.749194918564708,L2,-0.0049692...
GetData ===>> H2,-0.169848224595139,H1,767.993141373278,AX,62.2340650072163,L1,0.773736027111693,L2,0.052774233...
GetData ===>> H2,-0.184531482583975,H1,767.572487159437,AX,62.3081753894147,L1,0.767956428989706,L2,0.098797203...
GetData ===>> H2,-0.119497292596479,H1,767.635616219566,AX,62.1887173727775,L1,0.791007483192884,L2,0.035145381...
GetData ===>> H2,-0.100364122365818,H1,766.798033162716,AX,62.0601387681167,L1,0.794735277684718,L2,-0.01177303...
GetData ===>> H2,-0.201634366225482,H1,766.486422569525,AX,61.9693028637363,L1,0.810634305326134,L2,0.044381309...
GetData ===>> H2,-0.298394967820609,H1,765.846804514696,AX,62.0785229313053,L1,0.824891105073025,L2,-0.11035932...
GetData ===>> H2,-0.150445774718384,H1,765.949083111337,AX,61.8967170860529,L1,0.784560585326114,L2,0.067874228...
GetData ===>> H2,-0.0292093441786045,H1,765.342879785752,AX,62.030913738365,L1,0.821414322702213,L2,-0.02606285...
GetData ===>> H2,-0.0273780500166766,H1,765.419071453463,AX,62.0362380124844,L1,0.819571496305293,L2,0.04410763...
GetData ===>> H2,-0.13407940427248,H1,765.168685686388,AX,61.9578496832341,L1,0.798640316276729,L2,0.1368303239...
GetData ===>> H2,-0.130849558011614,H1,764.586209221203,AX,61.8315667729544,L1,0.808717988845547,L2,-0.03341204...
measurement finished
estimated time: 125.829 actual time: :126.162
flush and close file /Users/jan/PychronDev/data/isotopes/24/3f7176-8e63-48ab-b0e4-37de5989aa95.h5
baselines () {'settling_time': 15.0, 'detector': 'H1', 'mass': 34.2, 'ncounts': 60}
%%%%%%%%%%%%%%%%%%%%%%%%%%%%%%%% Baseline
build tables- baseline [Detector(H2), Detector(H1), Detector(AX), Detector(L1), Detector(L2), Detector(CDD)]
add group baseline table H2
add group baseline table H1
add group baseline table AX
add group baseline table L1
add group baseline table L2
add group baseline table CDD
flush and close file /Users/jan/PychronDev/data/isotopes/24/3f7176-8e63-48ab-b0e4-37de5989aa95.h5
detector Detector(H1)
POSITION 34.2 H1
Mapping mass to dac mass func: "parabolic"
H1 map mass coeffs = [-0.00063987  0.15840543  0.57132999]
H1 map mass to dac 34.2 >> 5.24037599104
GetDeflection H1 ===>> 0
GetHighVoltage ===>> 4500
positioning 34.2 (5.24037599104) on H1
setting magnet DAC
current  : 5.879720
requested: 5.240376
Delta Dac: 0.639344
Checking detector protection. dv=0.63934
Checking detector "CDD". Protection Threshold: 0.1 (V)
ProtectDetector CDD,On ===>> OK
GetDeflection CDD ===>> 2000
Protected = 2000
SetMagnetDAC 5.24037599104 ===>> OK
Magnet settling time: 0.500
GetMagnetMoving ===>> True
GetMagnetMoving ===>> True
GetMagnetMoving ===>> True
GetMagnetMoving ===>> True
GetMagnetMoving ===>> True
GetMagnetMoving ===>> True
GetMagnetMoving ===>> True
GetMagnetMoving ===>> True
GetMagnetMoving ===>> False
ProtectDetector CDD,Off ===>> OK
GetDeflection CDD ===>> 50
Delaying 15.0s for detectors to settle
Join finished
measuring baseline. ncounts=60
"baseline" increment series count="2" fit count="1" regressing="True"
starting measurement
GetData ===>> H2,-0.181890038653432,H1,-0.113903429040962,AX,-0.0600730947489477,L1,-0.0212130093149401,L2,0.03...
GetData ===>> H2,-0.272656287390191,H1,-0.0568380728048322,AX,-0.062716404681505,L1,-0.0382704851329569,L2,-0.0...
GetData ===>> H2,-0.15879426674679,H1,-0.0809649096632057,AX,-0.0900727636894755,L1,-0.0678726423800478,L2,-0.1...
GetData ===>> H2,-0.0931881255071858,H1,-0.015711297078602,AX,-0.136077871546455,L1,-0.0577180495853954,L2,-0.0...
GetData ===>> H2,-0.106266465892947,H1,0.00685658432086917,AX,-0.144101689561428,L1,-0.0402277485525345,L2,-0.0...
GetData ===>> H2,-0.151119599017696,H1,0.0264227130179375,AX,-0.00346816672695279,L1,-0.010650582789419,L2,-0.0...
State checksums do not match. Local:-860229079 Remote:800219246
State checksum failed
GetData ===>> H2,-0.174417000512462,H1,0.000176342988678213,AX,-0.177859406279483,L1,-0.00031683418241878,L2,0....
set states for children of C. state=False
set states for children of B. state=False
handle state [('C', False), ('B', False)]
update switch state C False args=() kw={'refresh': True} ncanvase=2
update switch state B False args=() kw={'refresh': False} ncanvase=2
refresh_canvas_needed fired
GetData ===>> H2,-0.203646960687343,H1,-0.0308093745904124,AX,-0.0170860449632097,L1,-0.0241724322116478,L2,-0....
GetData ===>> H2,-0.308779068123185,H1,0.00178671752906214,AX,-0.0607107418741506,L1,-0.0385711666550351,L2,0.0...
GetData ===>> H2,-0.184504504658005,H1,-0.0453686333030444,AX,-0.0548094479693658,L1,-0.0537421013494154,L2,0.1...
GetData ===>> H2,-0.169359745409165,H1,-0.0542867727093775,AX,0.00211176974385454,L1,-0.0238188815115178,L2,-0....
GetData ===>> H2,-0.149115563105159,H1,-0.0518665540912842,AX,-0.19978636980488,L1,-0.0244097236780159,L2,-0.02...
GetData ===>> H2,-0.189669605076795,H1,-0.00546572785757855,AX,-0.0921589499931355,L1,-0.0532421153521931,L2,-0...
GetData ===>> H2,-0.262928980492648,H1,0.0118193379114341,AX,-0.0828750775539359,L1,-0.0101997896574594,L2,-0.0...
GetData ===>> H2,-0.224885026024877,H1,-0.0127295748808763,AX,0.054013758232794,L1,-0.0348341707135306,L2,-0.11...
GetData ===>> H2,-0.0559855978815301,H1,-0.0349710824084635,AX,-0.0697416952100813,L1,-0.049406466792315,L2,0.0...
GetData ===>> H2,-0.100641645865704,H1,0.0106263458355073,AX,-0.117966010733789,L1,-0.0168424029609512,L2,-0.01...
GetData ===>> H2,-0.113500128870057,H1,-0.0221872917234521,AX,-0.113875810581659,L1,-0.01641063509948,L2,-0.147...
GetData ===>> H2,-0.152114733200821,H1,-0.045154015877613,AX,-0.0347493294554533,L1,-0.0241185015521771,L2,-0.0...
GetData ===>> H2,-0.278881821468153,H1,-0.0583044448253965,AX,-0.0985447200350444,L1,-0.0155422458541771,L2,-0....
GetData ===>> H2,-0.285994448333203,H1,-0.0235826169182161,AX,-0.150687219017715,L1,-0.00404972261023764,L2,-0....
GetData ===>> H2,-0.225270162322925,H1,0.0306227708700259,AX,-0.151058221494337,L1,-0.00800308318146942,L2,-0.0...
GetData ===>> H2,-0.23506652334954,H1,-0.0356746204979384,AX,-0.194617985489609,L1,-0.0482229345734621,L2,-0.01...
GetData ===>> H2,-0.166634940566127,H1,0.00900389942788418,AX,-0.01928978140622,L1,-0.045568156039179,L2,-0.003...
17:54:42 -- collecting point 25
GetData ===>> H2,-0.253223834231888,H1,0.0611142683361933,AX,-0.0200436797874161,L1,-0.0455035133683495,L2,-0.1...
GetData ===>> H2,-0.145246934151947,H1,-0.0598780884569326,AX,-0.199600961665133,L1,-0.0425223161915533,L2,-0.0...
GetData ===>> H2,-0.167975156792631,H1,-0.0717988273202462,AX,-0.168180764632519,L1,-0.0474653528983019,L2,0.05...
GetData ===>> H2,-0.2030700445666,H1,-0.0624292460078777,AX,-0.0338331906329127,L1,-0.0560878604684667,L2,-0.12...
GetData ===>> H2,-0.112329284052231,H1,-0.0907498784455062,AX,0.00708873971517515,L1,-0.0333675745822941,L2,-0....
GetData ===>> H2,-0.141560783414712,H1,-0.00282962017232864,AX,-0.0794904742553114,L1,0.00513469489561408,L2,0....
GetData ===>> H2,-0.167539232759041,H1,0.0291670490487618,AX,-0.119425927215618,L1,-0.00962667774937295,L2,0.02...
GetData ===>> H2,-0.226741908437111,H1,0.0573903470097338,AX,-0.109449394570725,L1,-0.0133896760890402,L2,0.010...
GetData ===>> H2,-0.222742297403327,H1,-0.10611070658928,AX,-0.1217547962515,L1,-0.0150660392726838,L2,-0.01920...
GetData ===>> H2,-0.208637135186457,H1,0.0627375594373759,AX,-0.113991682641216,L1,-0.0275646886856465,L2,0.007...
GetData ===>> H2,-0.176667393829313,H1,0.0494894085005583,AX,-0.134489262608807,L1,-0.0526990401607224,L2,0.001...
GetData ===>> H2,-0.165101527953628,H1,0.0267687338511681,AX,-0.0331141895676371,L1,-0.0403379380966627,L2,-0.0...
GetData ===>> H2,-0.203655048087379,H1,-0.024965997053372,AX,-0.06817669915047,L1,-0.048747104568037,L2,-0.0485...
GetData ===>> H2,-0.242513366508423,H1,-0.055288225361516,AX,0.00522089598035677,L1,-0.0729383213618389,L2,-0.0...
GetData ===>> H2,-0.179712205173884,H1,-0.0315367915890484,AX,0.0913954707923754,L1,-0.0304563697434387,L2,-0.1...
GetData ===>> H2,-0.229350992575039,H1,0.0193713075987702,AX,0.00266862087398059,L1,-0.0279792060389309,L2,-0.0...
GetData ===>> H2,-0.261753662534721,H1,-0.0649564968361769,AX,-0.132077619030912,L1,-0.0387017386980572,L2,-0.0...
GetData ===>> H2,-0.243409658000418,H1,0.0256948799965741,AX,-0.109820201546779,L1,-0.018714382058993,L2,0.1320...
GetData ===>> H2,-0.182154480616275,H1,0.0558745597201817,AX,-0.161689159931637,L1,-0.0260598231335173,L2,-0.04...
GetData ===>> H2,-0.145237477087064,H1,0.0182498100459451,AX,-0.126690423945028,L1,-0.0370808481315159,L2,0.013...
GetData ===>> H2,-0.140456596750243,H1,0.0360282182622963,AX,-0.0171440386667681,L1,-0.0109898632396846,L2,-0.0...
GetData ===>> H2,-0.24924592432708,H1,-0.0741232059474182,AX,-0.0214586732908105,L1,-0.0289279791347997,L2,-0.0...
GetData ===>> H2,-0.319317926718313,H1,0.047961806515562,AX,-0.190967503686787,L1,0.00390608127808545,L2,-0.039...
GetData ===>> H2,-0.238085288019159,H1,0.0054966419103188,AX,-0.202636975451849,L1,0.0530456077024627,L2,-0.101...
GetData ===>> H2,-0.126339012123915,H1,-0.0232725463337189,AX,-0.000846448472504423,L1,0.0335416467696576,L2,-0...
17:55:08 -- collecting point 50
GetData ===>> H2,-0.0751463282103451,H1,-0.0631564332111754,AX,-0.0541021961978443,L1,-0.0259088448931346,L2,-0...
GetData ===>> H2,-0.240428473413213,H1,0.0223421437520301,AX,-0.172272571384301,L1,-0.0303162370181098,L2,-0.12...
GetData ===>> H2,-0.200678494348258,H1,-0.0397526591229046,AX,-0.0450813866688161,L1,-0.0407499404708756,L2,-0....
GetData ===>> H2,-0.15688424718877,H1,-0.037308240715883,AX,-0.057823906072302,L1,-0.0318025025841861,L2,0.0161...
GetData ===>> H2,-0.271371801317296,H1,0.001977578451018,AX,-0.0226880771744508,L1,-0.0546022668070455,L2,0.015...
GetData ===>> H2,-0.196989069200739,H1,0.0464222937203164,AX,0.00650866018412567,L1,-0.00478509803175396,L2,0.0...
GetData ===>> H2,-0.225092408739481,H1,-0.0488143722847443,AX,-0.040257577276661,L1,-0.0448403034280201,L2,0.05...
GetData ===>> H2,-0.192334845811336,H1,-0.00471426532022685,AX,-0.150803157443657,L1,-0.0144407625328577,L2,-0....
GetData ===>> H2,-0.216093361740222,H1,-0.0791532148431305,AX,-0.0586354749917467,L1,0.0202405296748227,L2,-0.0...
GetData ===>> H2,-0.150263470680325,H1,-0.0470259412551187,AX,-0.112612796181436,L1,-0.0261952223261111,L2,0.03...
GetData ===>> H2,-0.142168918658077,H1,-0.00352145605757563,AX,-0.129667899828695,L1,-0.0482037862933099,L2,0.0...
measurement finished
estimated time: 62.915 actual time: :63.077
flush and close file /Users/jan/PychronDev/data/isotopes/24/3f7176-8e63-48ab-b0e4-37de5989aa95.h5
activate_detectors ('H1', 'AX', 'CDD') {'peak_center': True}
peak_center () {'detector': 'H1', 'integration_time': 0.262144, 'isotope': 'Ar40'}
peak center: mean=766.080529288 threshold=3
peak center started
setup peak center. detector=['H1', 'AX', 'CDD'], isotope=Ar40
VersionedUnpickler [<apptools.sweet_pickle.versioned_unpickler.VersionedUnpickler object at 0x13c988530>] using Updater [<apptools.sweet_pickle.updater.Updater object at 0x133f348f0>]
VersionedUnpickler [<apptools.sweet_pickle.versioned_unpickler.VersionedUnpickler object at 0x13c988530>] using Updater [<apptools.sweet_pickle.updater.Updater object at 0x133f348f0>]
VersionedUnpickler [<apptools.sweet_pickle.versioned_unpickler.VersionedUnpickler object at 0x13a5cc3b0>] using Updater [<apptools.sweet_pickle.updater.Updater object at 0x133f348f0>]
setting integration time = 0.524288
SetIntegrationTime 0.524288 ===>> OK
Mapping mass to dac mass func: "parabolic"
H1 map mass coeffs = [-0.00063987  0.15840543  0.57132999]
H1 map mass to dac 39.9624 >> 5.87972
GetDeflection H1 ===>> 0
GetHighVoltage ===>> 4500
do peak center. <pychron.spectrometer.jobs.peak_center.PeakCenter object at 0x133f17350>
doing pc
starting peak center. center dac= 5.87972 step_width=0.001
width = 0.001
get scan parameters. half-width=0.015,window=0.015, i=0, scalar=1
Scan parameters center=5.87972 width=0.03000 (5.86472 - 5.89472)
GetData ===>> H2,-0.253680975435479,H1,0.025647153425923,AX,-0.0281622153800071,L1,0.00681786869622825,L2,-0.10...
Moving to starting dac 5.86472
setting magnet DAC
current  : 5.240376
requested: 5.864720
Delta Dac: 0.624344
Checking detector protection. dv=0.62434
Checking detector "CDD". Protection Threshold: 0.1 (V)
ProtectDetector CDD,On ===>> OK
GetDeflection CDD ===>> 2000
Protected = 2000
SetMagnetDAC 5.86472 ===>> OK
Magnet settling time: 0.500
GetMagnetMoving ===>> True
GetMagnetMoving ===>> True
GetMagnetMoving ===>> True
GetMagnetMoving ===>> True
GetMagnetMoving ===>> True
GetMagnetMoving ===>> True
GetMagnetMoving ===>> True
GetMagnetMoving ===>> True
GetMagnetMoving ===>> False
ProtectDetector CDD,Off ===>> OK
GetDeflection CDD ===>> 50
Wait until signal near baseline. tol= 0.0192353650694. timeout= 10
GetData ===>> H2,4.02719540041904,H1,1.0415853063152,AX,-0.110457522734712,L1,-0.00619691626491908,L2,0.0608931...
GetData ===>> H2,45.7514799374381,H1,18.2522321002545,AX,0.895313915807193,L1,-0.00782080215284427,L2,-0.027256...
GetData ===>> H2,40.9368756107549,H1,18.8125509665417,AX,1.18863365950258,L1,-0.0492401344871477,L2,-0.13573341...
GetData ===>> H2,20.8228656026599,H1,9.25326865511609,AX,0.583254646734031,L1,-0.0575557686752492,L2,-0.0072189...
GetData ===>> H2,8.30707611870679,H1,4.81434898000719,AX,0.153299863930086,L1,-0.0801955637823063,L2,-0.0687742...
GetData ===>> H2,2.69687186108758,H1,2.72493696441509,AX,0.0741012988613182,L1,-0.0502069772761168,L2,-0.038547...
GetData ===>> H2,0.649658203984444,H1,1.70702134047691,AX,0.0890040716982813,L1,-0.0068349883434906,L2,-0.01279...
GetData ===>> H2,0.144723449880085,H1,1.23388368287964,AX,0.107641541137526,L1,0.00968043559273281,L2,0.0328451...
GetData ===>> H2,0.07704015513537,H1,0.936392044541479,AX,-0.0460785866714041,L1,-0.0130025322093422,L2,0.02664...
GetData ===>> H2,0.132902458185759,H1,0.872218557504368,AX,-0.0952533772911797,L1,-0.0316667585509406,L2,-0.110...
GetData ===>> H2,0.156022324272292,H1,0.704068307383232,AX,-0.0693127728679994,L1,-0.0224000464995115,L2,-0.072...
GetData ===>> H2,0.115917427438147,H1,0.683439242646577,AX,0.0448709621511906,L1,0.0340944919212375,L2,0.103584...
GetData ===>> H2,0.0695658312739357,H1,0.745722253547165,AX,0.0211509250743552,L1,0.0191686995696273,L2,-0.1429...
GetData ===>> H2,0.0223956230374625,H1,0.650183199568199,AX,0.0430604229257407,L1,-0.00365622071634812,L2,0.051...
set states for children of V. state=False
handle state [('V', False)]
update switch state V False args=() kw={'refresh': False} ncanvase=2
refresh_canvas_needed fired
GetData ===>> H2,-0.0588589504494354,H1,0.609357925652687,AX,0.00752960247058192,L1,-0.0210946956191523,L2,-0.1...
GetData ===>> H2,-0.0877455994866485,H1,0.609286191098879,AX,-0.152604152773289,L1,-0.0231520433129265,L2,-0.07...
GetData ===>> H2,-0.140245048229037,H1,0.663723539861016,AX,-0.179379439109457,L1,-0.0328128338920432,L2,-0.126...
GetData ===>> H2,-0.206628123657332,H1,0.68937385269463,AX,0.00643905087270526,L1,-0.034747888288934,L2,-0.0068...
GetData ===>> H2,-0.21513063208242,H1,0.76109548583514,AX,-0.00330576145305299,L1,0.0101912068279387,L2,-0.0178...
GetData ===>> H2,-0.21513063208242,H1,0.76109548583514,AX,-0.00330576145305299,L1,0.0101912068279387,L2,-0.0178...
GetData ===>> H2,-0.140342271018104,H1,0.769717019289229,AX,-0.000707240219271429,L1,0.00796366668650103,L2,-0....
Peak center failed to move to a baseline position
_do_sweep sm= 5.86472, em= 5.89472, stm= 0.001
calculated step values: start=5.86472, end=5.89472, width=0.001, nsteps=31.0
setting magnet DAC
current  : 5.864720
requested: 5.864720
Delta Dac: 0.000000
Checking detector protection. dv=0.00000
Checking detector "CDD". Protection Threshold: 0.1 (V)
SetMagnetDAC 5.86472 ===>> OK
GetData ===>> H2,-0.118716703991174,H1,0.702871610151257,AX,-0.00256333389331307,L1,0.0204216740257606,L2,-0.03...
setting magnet DAC
current  : 5.864720
requested: 5.865754
Delta Dac: 0.001034
Checking detector protection. dv=0.00103
Checking detector "CDD". Protection Threshold: 0.1 (V)
SetMagnetDAC 5.86575448276 ===>> OK
Magnet settling time: 1.049
set states for children of H. state=True
handle state [('H', True)]
update switch state H True args=() kw={'refresh': False} ncanvase=2
refresh_canvas_needed fired
GetData ===>> H2,-0.180666280595942,H1,1.47919854440233,AX,-0.0798845779559893,L1,-0.0262121382866269,L2,-0.069...
setting magnet DAC
current  : 5.865754
requested: 5.866789
Delta Dac: 0.001034
Checking detector protection. dv=0.00103
Checking detector "CDD". Protection Threshold: 0.1 (V)
SetMagnetDAC 5.86678896552 ===>> OK
Magnet settling time: 1.049
GetData ===>> H2,-0.0827671686125509,H1,5.1598345310276,AX,0.293329955401231,L1,-0.0150112036269113,L2,-0.15329...
setting magnet DAC
current  : 5.866789
requested: 5.867823
Delta Dac: 0.001034
Checking detector protection. dv=0.00103
Checking detector "CDD". Protection Threshold: 0.1 (V)
SetMagnetDAC 5.86782344828 ===>> OK
Magnet settling time: 1.049
GetData ===>> H2,-0.0554332820790517,H1,19.3105220234602,AX,0.961389148319646,L1,-0.0506736131479349,L2,-0.0180...
setting magnet DAC
current  : 5.867823
requested: 5.868858
Delta Dac: 0.001034
Checking detector protection. dv=0.00103
Checking detector "CDD". Protection Threshold: 0.1 (V)
SetMagnetDAC 5.86885793103 ===>> OK
Magnet settling time: 1.049
GetData ===>> H2,-0.0875966574005859,H1,64.79500572587,AX,3.23858074393215,L1,0.0082897343640725,L2,-0.01136333...
setting magnet DAC
current  : 5.868858
requested: 5.869892
Delta Dac: 0.001034
Checking detector protection. dv=0.00103
Checking detector "CDD". Protection Threshold: 0.1 (V)
SetMagnetDAC 5.86989241379 ===>> OK
Magnet settling time: 1.049
GetData ===>> H2,-0.0898197537332965,H1,173.754685154742,AX,9.86836711541475,L1,0.0443251892061001,L2,0.1259752...
setting magnet DAC
current  : 5.869892
requested: 5.870927
Delta Dac: 0.001034
Checking detector protection. dv=0.00103
Checking detector "CDD". Protection Threshold: 0.1 (V)
SetMagnetDAC 5.87092689655 ===>> OK
Magnet settling time: 1.049
GetData ===>> H2,-0.164774841057028,H1,348.260494181785,AX,22.3148010878744,L1,0.138461969084331,L2,0.016990593...
setting magnet DAC
current  : 5.870927
requested: 5.871961
Delta Dac: 0.001034
Checking detector protection. dv=0.00103
Checking detector "CDD". Protection Threshold: 0.1 (V)
SetMagnetDAC 5.87196137931 ===>> OK
Magnet settling time: 1.049
GetData ===>> H2,-0.123107324049877,H1,527.260600553153,AX,36.6438435578808,L1,0.27313040651005,L2,-0.079424001...
setting magnet DAC
current  : 5.871961
requested: 5.872996
Delta Dac: 0.001034
Checking detector protection. dv=0.00103
Checking detector "CDD". Protection Threshold: 0.1 (V)
SetMagnetDAC 5.87299586207 ===>> OK
Magnet settling time: 1.049
GetData ===>> H2,-0.0549562085147373,H1,649.241642069484,AX,48.6601446588423,L1,0.396914657859954,L2,0.06599779...
setting magnet DAC
current  : 5.872996
requested: 5.874030
Delta Dac: 0.001034
Checking detector protection. dv=0.00103
Checking detector "CDD". Protection Threshold: 0.1 (V)
SetMagnetDAC 5.87403034483 ===>> OK
Magnet settling time: 1.049
GetData ===>> H2,-0.0365139317041236,H1,705.330437029768,AX,55.3742544171278,L1,0.554475249085324,L2,-0.0163955...
setting magnet DAC
current  : 5.874030
requested: 5.875065
Delta Dac: 0.001034
Checking detector protection. dv=0.00103
Checking detector "CDD". Protection Threshold: 0.1 (V)
SetMagnetDAC 5.87506482759 ===>> OK
Magnet settling time: 1.049
GetData ===>> H2,-0.179585074733132,H1,724.837731645362,AX,58.0690943249273,L1,0.659734066097977,L2,0.089883952...
setting magnet DAC
current  : 5.875065
requested: 5.876099
Delta Dac: 0.001034
Checking detector protection. dv=0.00103
Checking detector "CDD". Protection Threshold: 0.1 (V)
SetMagnetDAC 5.87609931034 ===>> OK
Magnet settling time: 1.049
GetData ===>> H2,-0.133937289699156,H1,729.762109431947,AX,58.851988098413,L1,0.665939734692677,L2,0.0051241908...
setting magnet DAC
current  : 5.876099
requested: 5.877134
Delta Dac: 0.001034
Checking detector protection. dv=0.00103
Checking detector "CDD". Protection Threshold: 0.1 (V)
SetMagnetDAC 5.8771337931 ===>> OK
Magnet settling time: 1.049
GetData ===>> H2,-0.133918374656933,H1,730.46098861752,AX,59.2223200382157,L1,0.69123813073151,L2,0.00455482273...
setting magnet DAC
current  : 5.877134
requested: 5.878168
Delta Dac: 0.001034
Checking detector protection. dv=0.00103
Checking detector "CDD". Protection Threshold: 0.1 (V)
SetMagnetDAC 5.87816827586 ===>> OK
Magnet settling time: 1.049
GetData ===>> H2,-0.203814099112913,H1,730.301057181721,AX,59.1653834545318,L1,0.737053351914621,L2,0.052621420...
setting magnet DAC
current  : 5.878168
requested: 5.879203
Delta Dac: 0.001034
Checking detector protection. dv=0.00103
Checking detector "CDD". Protection Threshold: 0.1 (V)
SetMagnetDAC 5.87920275862 ===>> OK
Magnet settling time: 1.049
GetData ===>> H2,-0.135547654805618,H1,730.31336617858,AX,59.2995856981705,L1,0.716066397696863,L2,-0.048700268...
setting magnet DAC
current  : 5.879203
requested: 5.880237
Delta Dac: 0.001034
Checking detector protection. dv=0.00103
Checking detector "CDD". Protection Threshold: 0.1 (V)
SetMagnetDAC 5.88023724138 ===>> OK
Magnet settling time: 1.049
GetData ===>> H2,-0.174045308768437,H1,730.083894638865,AX,59.1327517320331,L1,0.750531851066034,L2,-0.01131779...
setting magnet DAC
current  : 5.880237
requested: 5.881272
Delta Dac: 0.001034
Checking detector protection. dv=0.00103
Checking detector "CDD". Protection Threshold: 0.1 (V)
SetMagnetDAC 5.88127172414 ===>> OK
Magnet settling time: 1.049
GetData ===>> H2,-0.10391721857851,H1,729.912610266752,AX,59.1465110739157,L1,0.743619987491425,L2,0.0068778658...
setting magnet DAC
current  : 5.881272
requested: 5.882306
Delta Dac: 0.001034
Checking detector protection. dv=0.00103
Checking detector "CDD". Protection Threshold: 0.1 (V)
SetMagnetDAC 5.8823062069 ===>> OK
Magnet settling time: 1.049
GetData ===>> H2,-0.081875804860505,H1,729.869937569913,AX,59.0777897296282,L1,0.787424413075314,L2,0.095628459...
setting magnet DAC
current  : 5.882306
requested: 5.883341
Delta Dac: 0.001034
Checking detector protection. dv=0.00103
Checking detector "CDD". Protection Threshold: 0.1 (V)
SetMagnetDAC 5.88334068966 ===>> OK
Magnet settling time: 1.049
GetData ===>> H2,-0.143717545574477,H1,727.85167794547,AX,58.8542543079455,L1,0.750524381694043,L2,0.0875816876...
setting magnet DAC
current  : 5.883341
requested: 5.884375
Delta Dac: 0.001034
Checking detector protection. dv=0.00103
Checking detector "CDD". Protection Threshold: 0.1 (V)
SetMagnetDAC 5.88437517241 ===>> OK
Magnet settling time: 1.049
GetData ===>> H2,-0.131137520387338,H1,723.140630956582,AX,58.0704195005347,L1,0.741547568953245,L2,0.147253307...
setting magnet DAC
current  : 5.884375
requested: 5.885410
Delta Dac: 0.001034
Checking detector protection. dv=0.00103
Checking detector "CDD". Protection Threshold: 0.1 (V)
SetMagnetDAC 5.88540965517 ===>> OK
Magnet settling time: 1.049
GetData ===>> H2,-0.150448893169435,H1,706.53257039563,AX,55.5792761431418,L1,0.69786529897677,L2,0.04970484428...
setting magnet DAC
current  : 5.885410
requested: 5.886444
Delta Dac: 0.001034
Checking detector protection. dv=0.00103
Checking detector "CDD". Protection Threshold: 0.1 (V)
SetMagnetDAC 5.88644413793 ===>> OK
Magnet settling time: 1.049
GetData ===>> H2,-0.106169568592302,H1,654.208769514295,AX,48.4630084528019,L1,0.60179431227491,L2,0.1027411835...
setting magnet DAC
current  : 5.886444
requested: 5.887479
Delta Dac: 0.001034
Checking detector protection. dv=0.00103
Checking detector "CDD". Protection Threshold: 0.1 (V)
SetMagnetDAC 5.88747862069 ===>> OK
Magnet settling time: 1.049
set states for children of H. state=False
handle state [('H', False)]
update switch state H False args=() kw={'refresh': False} ncanvase=2
refresh_canvas_needed fired
GetData ===>> H2,-0.182944294146768,H1,532.165563417863,AX,35.2926266115822,L1,0.501469240005082,L2,-0.10665576...
setting magnet DAC
current  : 5.887479
requested: 5.888513
Delta Dac: 0.001034
Checking detector protection. dv=0.00103
Checking detector "CDD". Protection Threshold: 0.1 (V)
SetMagnetDAC 5.88851310345 ===>> OK
Magnet settling time: 1.049
GetData ===>> H2,-0.218143769960062,H1,351.68031310245,AX,20.2221642348993,L1,0.328762495913019,L2,-0.034085961...
set states for children of C. state=True
set states for children of B. state=True
setting magnet DAC
handle state [('C', True), ('B', True)]
current  : 5.888513
update switch state C True args=() kw={'refresh': True} ncanvase=2
requested: 5.889548
Delta Dac: 0.001034
Checking detector protection. dv=0.00103
Checking detector "CDD". Protection Threshold: 0.1 (V)
update switch state B True args=() kw={'refresh': False} ncanvase=2
refresh_canvas_needed fired
SetMagnetDAC 5.88954758621 ===>> OK
Magnet settling time: 1.049
GetData ===>> H2,-0.230110299935912,H1,182.124997212611,AX,8.88652400933227,L1,0.183756775018849,L2,-0.08213176...
setting magnet DAC
current  : 5.889548
requested: 5.890582
Delta Dac: 0.001034
Checking detector protection. dv=0.00103
Checking detector "CDD". Protection Threshold: 0.1 (V)
SetMagnetDAC 5.89058206897 ===>> OK
Magnet settling time: 1.049
GetData ===>> H2,-0.292429332552015,H1,71.0477503663523,AX,2.93563497723655,L1,0.143896049351733,L2,-0.02434185...
setting magnet DAC
current  : 5.890582
requested: 5.891617
Delta Dac: 0.001034
Checking detector protection. dv=0.00103
Checking detector "CDD". Protection Threshold: 0.1 (V)
SetMagnetDAC 5.89161655172 ===>> OK
Magnet settling time: 1.049
GetData ===>> H2,-0.139688701797158,H1,21.7290284694523,AX,0.594904783576025,L1,0.0864253955240575,L2,0.0245986...
setting magnet DAC
current  : 5.891617
requested: 5.892651
Delta Dac: 0.001034
Checking detector protection. dv=0.00103
Checking detector "CDD". Protection Threshold: 0.1 (V)
SetMagnetDAC 5.89265103448 ===>> OK
Magnet settling time: 1.049
GetData ===>> H2,-0.228066096814004,H1,2.72254232956606,AX,0.0647621543192135,L1,0.0494183623006564,L2,-0.03023...
setting magnet DAC
current  : 5.892651
requested: 5.893686
Delta Dac: 0.001034
Checking detector protection. dv=0.00103
Checking detector "CDD". Protection Threshold: 0.1 (V)
SetMagnetDAC 5.89368551724 ===>> OK
Magnet settling time: 1.049
GetData ===>> H2,-0.141230740679318,H1,0.411297138202138,AX,-0.0632612885922563,L1,0.0201312197196463,L2,-0.028...
setting magnet DAC
current  : 5.893686
requested: 5.894720
Delta Dac: 0.001034
Checking detector protection. dv=0.00103
Checking detector "CDD". Protection Threshold: 0.1 (V)
SetMagnetDAC 5.89472 ===>> OK
Magnet settling time: 1.049
GetData ===>> H2,-0.318132169788271,H1,0.0938484014035403,AX,-0.108557134492491,L1,0.00815067479914379,L2,-0.04...
result of _do_sweep=True
result of _calculate_peak_center=([5.8720847294589174, 5.8797500601202399, 5.8874153907815625], [541.80543416082912, 730.45618105932965, 539.62511809910984], 5.877164889779559, 730.45618105932965)
Failed to find a valid peak. No peak greater than 1.0. max = 0.0338966379372
new center pos Detector(H1) (Ar40) @ 5.87975006012
GetHighVoltage ===>> 4500
GetDeflection H1 ===>> 0
dac uncorrected for HV and deflection 5.87975006012
update mftable H1 Ar40 5.87975006012 message=automated run peakcenter
get initial guess parabolic
get initial guess parabolic
get initial guess parabolic
get initial guess parabolic
get initial guess parabolic
get initial guess parabolic
dump mftable to /Users/jan/PychronDev/setupfiles/spectrometer/mftables/mftable.csv
add to repo msg=modified - automated run peakcenter
sweep finished
locally archiving mftable
setting magnet DAC
current  : 5.894720
requested: 5.879750
Delta Dac: 0.014970
Checking detector protection. dv=0.01497
Checking detector "CDD". Protection Threshold: 0.1 (V)
SetMagnetDAC 5.87975006012 ===>> OK
Magnet settling time: 0.500
setting integration time = 1.048576
SetIntegrationTime 1.048576 ===>> OK
Failed to find a valid peak. No peak greater than 1.0. max = 0.0338966379372
flush and close file /Users/jan/PychronDev/data/isotopes/24/3f7176-8e63-48ab-b0e4-37de5989aa95.h5
finished measure script
executed snippet estimated_duration=224.052928, duration=269.377355099
jan_unknown120_60.py completed successfully
Measurement Finished
17:56:06 -- ******* Measurement Finished *******
Post Measurement Started jan_pump_ms.py
17:56:06 -- ******* Post Measurement Started jan_pump_ms.py *******
testing...
no interpolation path defined
executed snippet estimated_duration=0, duration=2.19345092773e-05
Pumping spectrometer
open () {'name': 'O'}
opening name=O desc=---
checking ownership. requestor=129.138.12.150
check software interlocks O
interlocks []
actuate state mode=None-script, software_lock=False
doing actuation None-script open_channel True
Open O ===>> OK
set states for children of O. state=True
handle state [('O', True)]
update switch state O True args=() kw={'refresh': False} ncanvase=2
refresh_canvas_needed fired
GetIndicatorState O ===>> OK
change switch state (True, True)
update switch state O True args=() kw={} ncanvase=2
17:56:06 -- OPEN   VALVE-O (Jan Ion Pump)
---------------------------------------- open O () result=[(True, True)], time=0.09 sec
action=open, ok=True, locked=[False]
executed snippet estimated_duration=0, duration=0.342191934586
jan_pump_ms.py completed successfully
setting _ms_pumptime
Post Measurement Finished
17:56:06 -- ******* Post Measurement Finished *******
$$$$$$$$$$$$$$$$$$$$ state at run end measurement
state changed from measurement to success
post measurement save measured=True aborted=False
Set filtering
setting fod for Ar40= {'filter_outliers': True, 'std_devs': 2, 'iterations': 1}
setting fod for H1= {'filter_outliers': True, 'std_devs': 2, 'iterations': 1}
setting fod for PM41= {'filter_outliers': False, 'std_devs': 2, 'iterations': 1}
setting fod for H2= {'filter_outliers': True, 'std_devs': 2, 'iterations': 1}
setting fod for Ar36= {'filter_outliers': True, 'std_devs': 2, 'iterations': 1}
setting fod for CDD= {'filter_outliers': True, 'std_devs': 10, 'iterations': 1}
setting fod for Ar37= {'filter_outliers': True, 'std_devs': 2, 'iterations': 1}
setting fod for L2= {'filter_outliers': True, 'std_devs': 2, 'iterations': 1}
setting fod for Ar38= {'filter_outliers': True, 'std_devs': 2, 'iterations': 1}
setting fod for L1= {'filter_outliers': True, 'std_devs': 2, 'iterations': 1}
setting fod for Ar39= {'filter_outliers': True, 'std_devs': 2, 'iterations': 1}
setting fod for AX= {'filter_outliers': True, 'std_devs': 2, 'iterations': 1}
persistence save...
persistence save - db
post measurement save
5164493808 connecting to database sqlite:////Users/jan/PychronDev/.appdata/local_lab.db
connected to db sqlite:////Users/jan/PychronDev/.appdata/local_lab.db
create new session 5164493808
close session 5164493808
No database instance. Not saving post measurement to isotopedb database
$$$$$$$$$$$$$$$ auto_save_detector_ic=False
massspec enabled True
create new session 4997603696
MassSpec Database Version: 16.0
close session 4997603696
saving post measurement to secondary database
saving to massspec database 129.138.12.160/massspecdata
setting labnumber to c-02-J
setting aliquot to 1212
setting step to 
setting uuid to 243f7176-8e63-48ab-b0e4-37de5989aa95
setting irradpos to c-02-J
setting extract_device to Fusions CO2
setting tray to 
setting position to 
setting power_requested to 0.0
setting extract_value to 0.0
setting duration to 0.0
setting duration_at_request to 0.0
setting first_stage_delay to 0.0
setting cleanup to 0.0
setting comment to 
setting irradiation to Cocktail-02
setting level to A
setting irradiation_level to A
setting sample to cocktail
setting material to Gas
setting project to REFERENCES
setting mass_spectrometer to Jan
no attribute chron_dosages
no attribute production_ratios
no attribute interference_corrections
no attribute production_name
no attribute j
Reference Isotope=Ar40
Reference Detector=H1
%%%%%%%%%%%%%%%%%%%% Comment:  %%%%%%%%%%%%%%%%%%%
adding isotope PM41 H2
add baseline dbdet= PM41. original det= H2
get baseline data PM41 H2
Get data baseline <pychron.processing.isotope.Baseline object at 0x13c000a10> len t=60
baseline PM41. v=-0.191171444801, e=0.00657871171392
get signal data PM41 H2
Get data signal PM41 0.06+/-0.06 len t=120
adding isotope Ar40 H1
add baseline dbdet= Ar40. original det= H1
get baseline data Ar40 H1
Get data baseline <pychron.processing.isotope.Baseline object at 0x13c000910> len t=60
baseline Ar40. v=-0.0137205030605, e=0.00545502294916
get signal data Ar40 H1
Get data signal Ar40 805.10+/-0.05 len t=120
adding isotope Ar39 AX
add baseline dbdet= Ar39. original det= AX
get baseline data Ar39 AX
Get data baseline <pychron.processing.isotope.Baseline object at 0x13c000c10> len t=60
baseline Ar39. v=-0.0882337108024, e=0.00822273853063
get signal data Ar39 AX
Get data signal Ar39 64.948+/-0.016 len t=120
adding isotope Ar38 L1
add baseline dbdet= Ar38. original det= L1
get baseline data Ar38 L1
Get data baseline <pychron.processing.isotope.Baseline object at 0x13c000dd0> len t=60
baseline Ar38. v=-0.0309553400634, e=0.00240079502309
get signal data Ar38 L1
Get data signal Ar38 0.859+/-0.004 len t=120
adding isotope Ar37 L2
add baseline dbdet= Ar37. original det= L2
get baseline data Ar37 L2
Get data baseline <pychron.processing.isotope.Baseline object at 0x13c000f90> len t=60
baseline Ar37. v=-0.0331435821823, e=0.00743852948382
get signal data Ar37 L2
Get data signal Ar37 0.058+/-0.011 len t=120
adding isotope Ar36 CDD
add baseline dbdet= Ar36. original det= CDD
get baseline data Ar36 CDD
Get data baseline <pychron.processing.isotope.Baseline object at 0x13c011190> len t=60
baseline Ar36. v=0.000188562856744, e=2.34355147258e-05
get signal data Ar36 CDD
Get data signal Ar36 0.0283+/-0.0004 len t=120
4416-1212 added analysis time 0.523369789124s
analysis added to mass spec database
mass spec save time= 0.532
persistence save - dvc
================= post measurement started
create new session 4983297808
close session 4983297808
---------------- Experiment Queue saving disabled
DVC saving peakcenter
Failed to find a valid peak. No peak greater than 1.0. max = 0.0338966379372
Smart pull ahead: 0 behind: 0
Up-to-date with origin
add to repo msg=modified - ad8224ebc6dbfeb9f5997218dfa5fe690569839d.json
add to repo msg=modified - -J-1212.json
add to repo msg=modified - -J-1212.dat.json
add to repo msg=modified - -J-1212.blan.json
add to repo msg=modified - -J-1212.inte.json
add to repo msg=modified - -J-1212.icfa.json
add to repo msg=modified - -J-1212.base.json
not at valid file /Users/jan/PychronDev/data/.dvc/repositories/Load1788/c-02/tags/-J-1212.tags.json
add to repo msg=modified - -J-1212.peak.json
add to repo msg=modified - -J-1212.extr.json
not at valid file /Users/jan/PychronDev/data/.dvc/repositories/Load1788/c-02/monitor/-J-1212.moni.json
commit message=<COLLECTION>
add to repo msg=modified - -J-1212.inte.json
add to repo msg=modified - -J-1212.base.json
commit message=<ISOEVO> default collection fits
add to repo msg=modified - -J-1212.blan.json
commit message=<BLANKS> preceding bc-02-J-331
add to repo msg=modified - -J-1212.icfa.json
commit message=<ICFactor> default
push repository <pychron.git_archive.repo_manager.GitRepoManager object at 0x12ea58110>
pushing to remote=origin, url=https://github.com
no changes to meta repo
create new session 4983297808
add association Load1788
get identifier "c-02-J"
setting analysis irradiation position=<pychron.dvc.dvc_orm.IrradiationPositionTbl object at 0x131303450>
close session 4983297808
================= post measurement finished
17:56:19 -- ******* Post Run Check *******
loading queue conditionals post_run_actions
loading system conditionals post_run_actions
loading conditionals from /Users/jan/PychronDev/setupfiles/spectrometer/default_conditionals.yaml
loading queue conditionals post_run_terminations
loading system conditionals post_run_terminations
loading conditionals from /Users/jan/PychronDev/setupfiles/spectrometer/default_conditionals.yaml
Checking default post run terminations n=1
GetDeflection CDD ===>> 50
testing CDD==2000
evaluate ot="CDD.deflection==2000" t="CDD==2000", ctx="{'CDD': 50.0}"
17:56:19 -- ******* Post Run Check Passed *******
17:56:19 -- Automated run c-02-J-1212 success duration: 349.850 s
----------------- finish -----------------
----------------- stop -----------------
retroactive repository identifiers disabled
finish run. runs completed=2
update duration runid=c-02-J-1212, duration=349.850028038, md5=c594f137
loading script "jan_unknown120_60.py"
loading script "jan_pump_ms.py"
loading script "jan_cocktail_x1.py"
loading script "jan_pump_extraction_line.py"
testing...
no interpolation path defined
executed snippet estimated_duration=213.652928, duration=0.000159978866577
script duration name:unknown120_60 seconds:214.0
loading script "jan_unknown120_60.py"
loading script "jan_pump_ms.py"
loading script "jan_cocktail_x1.py"
loading script "jan_pump_extraction_line.py"
testing...
no interpolation path defined
executed snippet estimated_duration=0, duration=1.71661376953e-05
loading script "jan_unknown120_60.py"
loading script "jan_pump_ms.py"
loading script "jan_cocktail_x1.py"
loading script "jan_pump_extraction_line.py"
testing...
no interpolation path defined
calculate duration
testing...
no interpolation path defined
executed snippet estimated_duration=0, duration=8.32080841064e-05
calculate duration
testing...
no interpolation path defined
executed snippet estimated_duration=0, duration=0.000140190124512
calculate duration
testing...
no interpolation path defined
executed snippet estimated_duration=32.0, duration=0.000110864639282
calculate duration
testing...
no interpolation path defined
executed snippet estimated_duration=34.0, duration=0.00011682510376
calculate duration
testing...
no interpolation path defined
executed snippet estimated_duration=4.0, duration=7.91549682617e-05
calculate duration
testing...
no interpolation path defined
executed snippet estimated_duration=38.0, duration=0.000109910964966
executed snippet estimated_duration=108.0, duration=0.00902485847473
script duration name:cocktail_x1 seconds:108.0
loading script "jan_unknown120_60.py"
loading script "jan_pump_ms.py"
loading script "jan_cocktail_x1.py"
loading script "jan_pump_extraction_line.py"
testing...
no interpolation path defined
calculate duration
testing...
no interpolation path defined
executed snippet estimated_duration=4.0, duration=0.000127077102661
executed snippet estimated_duration=4.0, duration=0.000956058502197
Script duration 322.0
Run total estimated duration= 323.000
loading script "jan_ic_peak_hop3.py"
loading script "jan_pump_ms.py"
loading script "jan_air_x1.py"
loading script "jan_pump_extraction_line.py"
testing...
no interpolation path defined
executed snippet estimated_duration=133.8, duration=0.00715494155884
script duration name:ic_peak_hop3 seconds:134.0
pump_ms in script context. using previous estimated duration
loading script "jan_ic_peak_hop3.py"
loading script "jan_pump_ms.py"
loading script "jan_air_x1.py"
loading script "jan_pump_extraction_line.py"
testing...
no interpolation path defined
calculate duration
testing...
no interpolation path defined
executed snippet estimated_duration=0, duration=3.38554382324e-05
calculate duration
testing...
no interpolation path defined
executed snippet estimated_duration=0, duration=7.20024108887e-05
calculate duration
testing...
no interpolation path defined
executed snippet estimated_duration=32.0, duration=6.50882720947e-05
calculate duration
testing...
no interpolation path defined
executed snippet estimated_duration=34.0, duration=9.79900360107e-05
calculate duration
testing...
no interpolation path defined
executed snippet estimated_duration=4.0, duration=4.88758087158e-05
calculate duration
testing...
no interpolation path defined
executed snippet estimated_duration=36.0, duration=6.69956207275e-05
executed snippet estimated_duration=106.0, duration=0.00446105003357
script duration name:air_x1 seconds:106.0
pump_extraction_line in script context. using previous estimated duration
Script duration 240.0
Run total estimated duration= 241.000
loading script "jan_unknown400_120.py"
loading script "jan_pump_ms.py"
loading script "jan_sniffair_x2.py"
loading script "jan_pump_extraction_line.py"
testing...
no interpolation path defined
executed snippet estimated_duration=556.052928, duration=0.000115871429443
script duration name:unknown400_120 seconds:556.0
loading script "jan_unknown400_120.py"
loading script "jan_pump_ms.py"
loading script "jan_sniffair_x2.py"
loading script "jan_pump_extraction_line.py"
testing...
no interpolation path defined
calculate duration
testing...
no interpolation path defined
executed snippet estimated_duration=0, duration=3.69548797607e-05
calculate duration
testing...
no interpolation path defined
executed snippet estimated_duration=0, duration=0.000118017196655
calculate duration
testing...
no interpolation path defined
executed snippet estimated_duration=32.0, duration=6.79492950439e-05
calculate duration
testing...
no interpolation path defined
executed snippet estimated_duration=34.0, duration=7.29560852051e-05
calculate duration
testing...
no interpolation path defined
executed snippet estimated_duration=4.0, duration=4.6968460083e-05
calculate duration
testing...
no interpolation path defined
executed snippet estimated_duration=36.0, duration=6.50882720947e-05
calculate duration
testing...
no interpolation path defined
executed snippet estimated_duration=34.0, duration=8.29696655273e-05
calculate duration
testing...
no interpolation path defined
executed snippet estimated_duration=4.0, duration=5.10215759277e-05
calculate duration
testing...
no interpolation path defined
executed snippet estimated_duration=36.0, duration=8.98838043213e-05
calculate duration
testing...
no interpolation path defined
executed snippet estimated_duration=70.0, duration=0.00010085105896
executed snippet estimated_duration=250.0, duration=0.00936508178711
script duration name:sniffair_x2 seconds:250.0
Script duration 806.0
Run total estimated duration= 807.000
unknown400_120 in script context. using previous estimated duration
script duration name:unknown400_120 seconds:556.0
sniffair_x2 in script context. using previous estimated duration
script duration name:sniffair_x2 seconds:250.0
Script duration 806.0
Run total estimated duration= 807.000
script duration name:unknown400_120 seconds:556.0
script duration name:sniffair_x2 seconds:250.0
Script duration 806.0
Run total estimated duration= 807.000
script duration name:unknown400_120 seconds:556.0
loading script "jan_unknown400_120.py"
loading script "jan_pump_ms.py"
loading script "jan_co2.py"
loading script "jan_pump_extraction_line.py"
testing...
no interpolation path defined
calculate duration
testing...
no interpolation path defined
executed snippet estimated_duration=0, duration=4.00543212891e-05
calculate duration
testing...
no interpolation path defined
executed snippet estimated_duration=0, duration=9.10758972168e-05
executed snippet estimated_duration=0.0, duration=0.00190901756287
script duration name:co2 seconds:0.0
Script duration 556.0
Run total estimated duration= 557.000
nruns=6 before=5.0, run_dur=3542.0, btw=150.0
write rem/ex queues
/Users/jan/PychronDev/experiments/rem/Load1788.rem.txt
/Users/jan/PychronDev/experiments/rem/Load1788.ex.txt
doing event level: 3
